#
# A fatal error has been detected by the Java Runtime Environment:
#
#  EXCEPTION_ACCESS_VIOLATION (0xc0000005) at pc=0x00007ffb9515fdb5, pid=23592, tid=21332
#
# JRE version: OpenJDK Runtime Environment (20.0.1+9) (build 20.0.1+9-29)
# Java VM: OpenJDK 64-Bit Server VM (20.0.1+9-29, mixed mode, sharing, tiered, compressed oops, compressed class ptrs, g1 gc, windows-amd64)
# Problematic frame:
# C  [ig12icd64.dll+0x2afdb5]
#
# No core dump will be written. Minidumps are not enabled by default on client versions of Windows
#
# If you would like to submit a bug report, please visit:
#   https://bugreport.java.com/bugreport/crash.jsp
#

---------------  S U M M A R Y ------------

Command Line: -javaagent:C:\Program Files\JetBrains\IntelliJ IDEA Community Edition 2023.1.2\lib\idea_rt.jar=52814:C:\Program Files\JetBrains\IntelliJ IDEA Community Edition 2023.1.2\bin -Dfile.encoding=UTF-8 -Dsun.stdout.encoding=UTF-8 -Dsun.stderr.encoding=UTF-8 metastasis.metastasis

Host: 11th Gen Intel(R) Core(TM) i7-1165G7 @ 2.80GHz, 8 cores, 15G,  Windows 10 , 64 bit Build 19041 (10.0.19041.5072)
Time: Wed Dec 11 12:13:50 2024 Eastern Standard Time elapsed time: 18.928134 seconds (0d 0h 0m 18s)

---------------  T H R E A D  ---------------

Current thread (0x000001ebcc8d9700):  VMThread "VM Thread" [stack: 0x000000ceabe00000,0x000000ceabf00000] [id=21332]

Stack: [0x000000ceabe00000,0x000000ceabf00000],  sp=0x000000ceabefe2f0,  free space=1016k
Native frames: (J=compiled Java code, j=interpreted, Vv=VM code, C=native code)
C  [ig12icd64.dll+0x2afdb5]


siginfo: EXCEPTION_ACCESS_VIOLATION (0xc0000005), reading address 0x00000000000353a8


Registers:
RAX=0x000001ebd84e6590, RBX=0x000001ebd84e64c0, RCX=0x0000000000000000, RDX=0x000001ebd84e6590
RSP=0x000000ceabefe2f0, RBP=0x000000ceabefe3f0, RSI=0x0000000000000000, RDI=0x000001ebd11d8260
R8 =0x0000000000000000, R9 =0x0000000000000000, R10=0x0000000000000000, R11=0x0000000000000246
R12=0x0000000000000000, R13=0x000001ebd84e64c0, R14=0x000001ebd84e69d8, R15=0x000001ebd854bb10
RIP=0x00007ffb9515fdb5, EFLAGS=0x0000000000010206


Register to memory mapping:

RIP=0x00007ffb9515fdb5 ig12icd64.dll
RAX=0x000001ebd84e6590 points into unknown readable memory: 0x0000000001d88fd9 | d9 8f d8 01 00 00 00 00
RBX=0x000001ebd84e64c0 points into unknown readable memory: 0x000001ebd16e8a00 | 00 8a 6e d1 eb 01 00 00
RCX=0x0 is NULL
RDX=0x000001ebd84e6590 points into unknown readable memory: 0x0000000001d88fd9 | d9 8f d8 01 00 00 00 00
RSP=0x000000ceabefe2f0 points into unknown readable memory: 0x000001ebd17a7e60 | 60 7e 7a d1 eb 01 00 00
RBP=0x000000ceabefe3f0 points into unknown readable memory: 0x6661207061000a7d | 7d 0a 00 61 70 20 61 66
RSI=0x0 is NULL
RDI=0x000001ebd11d8260 points into unknown readable memory: 0x00007ffc97b31b00 | 00 1b b3 97 fc 7f 00 00
R8 =0x0 is NULL
R9 =0x0 is NULL
R10=0x0 is NULL
R11=0x0000000000000246 is an unknown value
R12=0x0 is NULL
R13=0x000001ebd84e64c0 points into unknown readable memory: 0x000001ebd16e8a00 | 00 8a 6e d1 eb 01 00 00
R14=0x000001ebd84e69d8 points into unknown readable memory: 0x000001ebd854bb10 | 10 bb 54 d8 eb 01 00 00
R15=0x000001ebd854bb10 points into unknown readable memory: 0x000001ebd16e8a00 | 00 8a 6e d1 eb 01 00 00


Top of Stack: (sp=0x000000ceabefe2f0)
0x000000ceabefe2f0:   000001ebd17a7e60 0000000000000000
0x000000ceabefe300:   0000000000000000 0000000000000000
0x000000ceabefe310:   00000016ab000000 0000000000000000
0x000000ceabefe320:   000001ebad81c5e0 000000ceabefec40
0x000000ceabefe330:   000001ebd17a7e60 00007ffb964fcb9f
0x000000ceabefe340:   00007ffb967bf401 000000ceabefe350
0x000000ceabefe350:   000000000000003e 0000000000000013
0x000000ceabefe360:   207373616c632020 00007ffb964fcbd7
0x000000ceabefe370:   3832206465737520 00007ffb964fe3fc
0x000000ceabefe380:   000000ceabefec40 0000000000000002
0x000000ceabefe390:   000000ceabeff378 000001ebab48e3e0
0x000000ceabefe3a0:   000001ebab48e3e0 00007ffb964fcc73
0x000000ceabefe3b0:   000001ebad81c5e0 000000ceabefec40
0x000000ceabefe3c0:   0000000000000000 343032282073726f
0x000000ceabefe3d0:   7830002000294b01 000000ceabefe3e0
0x000000ceabefe3e0:   0000000000000002 0000000000000029
0x000000ceabefe3f0:   6661207061000a7d 6920434720726574
0x000000ceabefe400:   6f697461636f766e 66282034313d736e
0x000000ceabefe410:   0a3a2930206c6c75 000001ebab390000
0x000000ceabefe420:   0000000000000010 0000000000000002
0x000000ceabefe430:   000005ce9b472960 00007ffc98d747b1
0x000000ceabefe440:   0000000000000000 0000000000000000
0x000000ceabefe450:   0000000000000000 0000000000000000
0x000000ceabefe460:   0000000000000000 0000000000000000
0x000000ceabefe470:   0000000000000000 0000000000000000
0x000000ceabefe480:   0000000000000000 0000000000000000
0x000000ceabefe490:   0000000000000000 0000000000000000
0x000000ceabefe4a0:   0000000000000000 0000000000000000
0x000000ceabefe4b0:   0000000000000000 0000000000000000
0x000000ceabefe4c0:   404e000000000000 0000000000000000
0x000000ceabefe4d0:   0000000000000000 0000000000000000
0x000000ceabefe4e0:   000001ebd8274c58 0000000001d89e98 

Instructions: (pc=0x00007ffb9515fdb5)
0x00007ffb9515fcb5:   48 8b cb ff 15 42 74 7f 00 90 4c 8b bf 80 02 00
0x00007ffb9515fcc5:   00 48 8b 05 73 d3 b1 00 8b 80 1c 0a 00 00 89 44
0x00007ffb9515fcd5:   24 24 c6 44 24 20 00 48 c7 87 80 02 00 00 00 00
0x00007ffb9515fce5:   00 00 c7 87 88 02 00 00 00 00 00 00 48 c7 87 a0
0x00007ffb9515fcf5:   02 00 00 00 00 00 00 48 c7 87 90 02 00 00 00 00
0x00007ffb9515fd05:   00 00 48 85 f6 75 3d 8b 35 3e 67 c1 00 65 48 8b
0x00007ffb9515fd15:   04 25 58 00 00 00 b9 30 00 00 00 48 8b 04 f0 80
0x00007ffb9515fd25:   3c 01 00 0f 84 7e 29 6c 00 65 48 8b 04 25 58 00
0x00007ffb9515fd35:   00 00 b9 08 00 00 00 48 8b 04 f0 48 8b 34 01 48
0x00007ffb9515fd45:   89 74 24 28 48 3b 35 10 8b c1 00 0f 84 37 11 00
0x00007ffb9515fd55:   00 4d 85 ff 0f 84 37 01 00 00 90 49 8b df 4d 8b
0x00007ffb9515fd65:   ef 4d 8d b7 18 05 00 00 4d 8b 3e 45 84 e4 0f 85
0x00007ffb9515fd75:   b4 0f 00 00 8b 8f d0 01 00 00 48 8b 05 ba d2 b1
0x00007ffb9515fd85:   00 83 b8 54 03 00 00 02 75 33 48 8d 93 d0 00 00
0x00007ffb9515fd95:   00 83 f9 10 0f 83 73 01 00 00 8b c1 48 c1 e0 06
0x00007ffb9515fda5:   48 03 c2 48 85 c0 0f 84 d5 01 00 00 4c 8b 40 08
0x00007ffb9515fdb5:   4c 3b 86 a8 53 03 00 0f 87 8e 0f 00 00 48 83 bb
0x00007ffb9515fdc5:   70 05 00 00 00 0f 85 0f 29 6c 00 44 8b 87 d0 01
0x00007ffb9515fdd5:   00 00 48 8b 87 e8 01 00 00 48 8b 10 8b 8f d0 01
0x00007ffb9515fde5:   00 00 48 8d b3 d0 00 00 00 83 f9 10 0f 83 54 01
0x00007ffb9515fdf5:   00 00 8b c1 48 c1 e0 06 48 03 c6 48 85 c0 0f 84
0x00007ffb9515fe05:   85 01 00 00 48 39 50 08 0f 86 7b 01 00 00 48 8b
0x00007ffb9515fe15:   87 80 02 00 00 49 89 06 48 89 9f 80 02 00 00 ff
0x00007ffb9515fe25:   87 88 02 00 00 48 8b 4b 08 48 8b 01 ba 01 00 00
0x00007ffb9515fe35:   00 48 8b 80 e0 02 00 00 ff 15 9d 77 7f 00 0f b7
0x00007ffb9515fe45:   c8 48 2b c1 48 05 00 00 01 00 48 01 87 90 02 00
0x00007ffb9515fe55:   00 48 8b 4b 08 48 8b 01 ba 01 00 00 00 48 8b 80
0x00007ffb9515fe65:   e0 02 00 00 ff 15 71 77 7f 00 48 01 87 a0 02 00
0x00007ffb9515fe75:   00 48 8b 74 24 28 0f b6 54 24 20 4d 85 ff 0f 85
0x00007ffb9515fe85:   d7 fe ff ff 84 d2 0f 85 5c 10 00 00 48 8b 5c 24
0x00007ffb9515fe95:   40 48 8b cf 80 7c 24 22 00 0f 85 36 10 00 00 e8
0x00007ffb9515fea5:   a7 f0 ff ff 90 48 8b cb ff 15 7d 73 7f 00 48 8b 


Stack slot to memory mapping:
stack at sp + 0 slots: 0x000001ebd17a7e60 points into unknown readable memory: 0xffffffffffffffff | ff ff ff ff ff ff ff ff
stack at sp + 1 slots: 0x0 is NULL
stack at sp + 2 slots: 0x0 is NULL
stack at sp + 3 slots: 0x0 is NULL
stack at sp + 4 slots: 0x00000016ab000000 is an unknown value
stack at sp + 5 slots: 0x0 is NULL
stack at sp + 6 slots: 0x000001ebad81c5e0 points into unknown readable memory: 0x00007ffb967be3e8 | e8 e3 7b 96 fb 7f 00 00
stack at sp + 7 slots: 0x000000ceabefec40 points into unknown readable memory: 0x000001ebab390324 | 24 03 39 ab eb 01 00 00

VM_Operation (0x000000ceac8ff060): Exit, mode: safepoint, requested by thread 0x000001ebd1127f80


---------------  P R O C E S S  ---------------

Threads class SMR info:
_java_thread_list=0x000001ebd844b210, length=13, elements={
0x000001ebad806090, 0x000001ebcc8f5bd0, 0x000001ebcc8f6ac0, 0x000001ebcc8fb260,
0x000001ebcc8fce00, 0x000001ebcc8fd830, 0x000001ebcc902770, 0x000001ebcc9058f0,
0x000001ebd1008090, 0x000001ebd1127a30, 0x000001ebd1128f70, 0x000001ebd1125fa0,
0x000001ebd1127f80
}

Java Threads: ( => current thread )
  0x000001ebad806090 JavaThread "main" [_thread_blocked, id=23208, stack(0x000000ceab800000,0x000000ceab900000)]
  0x000001ebcc8f5bd0 JavaThread "Reference Handler" daemon [_thread_blocked, id=5828, stack(0x000000ceabf00000,0x000000ceac000000)]
  0x000001ebcc8f6ac0 JavaThread "Finalizer" daemon [_thread_blocked, id=26472, stack(0x000000ceac000000,0x000000ceac100000)]
  0x000001ebcc8fb260 JavaThread "Signal Dispatcher" daemon [_thread_blocked, id=20992, stack(0x000000ceac100000,0x000000ceac200000)]
  0x000001ebcc8fce00 JavaThread "Attach Listener" daemon [_thread_blocked, id=22628, stack(0x000000ceac200000,0x000000ceac300000)]
  0x000001ebcc8fd830 JavaThread "Service Thread" daemon [_thread_blocked, id=17468, stack(0x000000ceac300000,0x000000ceac400000)]
  0x000001ebcc902770 JavaThread "Monitor Deflation Thread" daemon [_thread_blocked, id=18536, stack(0x000000ceac400000,0x000000ceac500000)]
  0x000001ebcc9058f0 JavaThread "C2 CompilerThread0" daemon [_thread_blocked, id=2820, stack(0x000000ceac500000,0x000000ceac600000)]
  0x000001ebd1008090 JavaThread "C1 CompilerThread0" daemon [_thread_blocked, id=15952, stack(0x000000ceac600000,0x000000ceac700000)]
  0x000001ebd1127a30 JavaThread "Common-Cleaner" daemon [_thread_blocked, id=25732, stack(0x000000ceac700000,0x000000ceac800000)]
  0x000001ebd1128f70 JavaThread "Monitor Ctrl-Break" daemon [_thread_in_native, id=6920, stack(0x000000ceac900000,0x000000ceaca00000)]
  0x000001ebd1125fa0 JavaThread "Notification Thread" daemon [_thread_blocked, id=10900, stack(0x000000ceaca00000,0x000000ceacb00000)]
  0x000001ebd1127f80 JavaThread "SIGINT handler" daemon [_thread_blocked, id=9056, stack(0x000000ceac800000,0x000000ceac900000)]

Other Threads:
=>0x000001ebcc8d9700 VMThread "VM Thread" [stack: 0x000000ceabe00000,0x000000ceabf00000] [id=21332]
  0x000001ebad874d60 WorkerThread "GC Thread#0" [stack: 0x000000ceab900000,0x000000ceaba00000] [id=15992]
  0x000001ebd83f4e40 WorkerThread "GC Thread#1" [stack: 0x000000cead200000,0x000000cead300000] [id=12452]
  0x000001ebd89c59c0 WorkerThread "GC Thread#2" [stack: 0x000000cead300000,0x000000cead400000] [id=8356]
  0x000001ebd89c5420 WorkerThread "GC Thread#3" [stack: 0x000000cead400000,0x000000cead500000] [id=6304]
  0x000001ebd89c4bb0 WorkerThread "GC Thread#4" [stack: 0x000000cead500000,0x000000cead600000] [id=19044]
  0x000001ebd89c4340 WorkerThread "GC Thread#5" [stack: 0x000000cead600000,0x000000cead700000] [id=22544]
  0x000001ebd89c56f0 WorkerThread "GC Thread#6" [stack: 0x000000cead700000,0x000000cead800000] [id=28932]
  0x000001ebd89c3da0 WorkerThread "GC Thread#7" [stack: 0x000000cead800000,0x000000cead900000] [id=27752]
  0x000001ebad885a20 ConcurrentGCThread "G1 Main Marker" terminated
  0x000001ebad886450 WorkerThread "G1 Conc#0" [stack: 0x000000ceabb00000,0x000000ceabc00000] [id=26996]
  0x000001ebad8be470 ConcurrentGCThread "G1 Refine#0" terminated
  0x000001ebcc799010 ConcurrentGCThread "G1 Service" terminated

Threads with active compile tasks:

VM state: at safepoint (shutting down)

VM Mutex/Monitor currently owned by a thread:  ([mutex/lock_event])
[0x000001ebad8009c0] Threads_lock - owner thread: 0x000001ebcc8d9700
[0x000001ebad801ce0] Heap_lock - owner thread: 0x000001ebd1127f80

Heap address: 0x0000000703e00000, size: 4034 MB, Compressed Oops mode: Zero based, Oop shift amount: 3

CDS archive(s) mapped at: [0x0000000800000000-0x0000000800c60000-0x0000000800c60000), size 12976128, SharedBaseAddress: 0x0000000800000000, ArchiveRelocationMode: 0.
Compressed class space mapped at: 0x0000000801000000-0x0000000841000000, reserved size: 1073741824
Narrow klass base: 0x0000000800000000, Narrow klass shift: 0, Narrow klass range: 0x100000000

GC Precious Log:
 CardTable entry size: 512
 Card Set container configuration: InlinePtr #cards 4 size 8 Array Of Cards #cards 16 size 48 Howl #buckets 8 coarsen threshold 3686 Howl Bitmap #cards 512 size 80 coarsen threshold 460 Card regions per heap region 1 cards per card region 4096
 CPUs: 8 total, 8 available
 Memory: 16129M
 Large Page Support: Disabled
 NUMA Support: Disabled
 Compressed Oops: Enabled (Zero based)
 Heap Region Size: 2M
 Heap Min Capacity: 8M
 Heap Initial Capacity: 254M
 Heap Max Capacity: 4034M
 Pre-touch: Disabled
 Parallel Workers: 8
 Concurrent Workers: 2
 Concurrent Refinement Workers: 8
 Periodic GC: Disabled

Heap:
 garbage-first heap   total 260096K, used 107758K [0x0000000703e00000, 0x0000000800000000)
  region size 2048K, 51 young (104448K), 1 survivors (2048K)
 Metaspace       used 4362K, committed 4544K, reserved 1114112K
  class space    used 282K, committed 384K, reserved 1048576K

Heap Regions: E=young(eden), S=young(survivor), O=old, HS=humongous(starts), HC=humongous(continues), CS=collection set, F=free, OA=open archive, CA=closed archive, TAMS=top-at-mark-start, PB=parsable bottom
|   0|0x0000000703e00000, 0x0000000704000000, 0x0000000704000000|100%| O|  |TAMS 0x0000000703e00000| PB 0x0000000703e00000| Untracked 
|   1|0x0000000704000000, 0x0000000704200000, 0x0000000704200000|100%| O|  |TAMS 0x0000000704000000| PB 0x0000000704000000| Untracked 
|   2|0x0000000704200000, 0x0000000704400000, 0x0000000704400000|100%| O|  |TAMS 0x0000000704200000| PB 0x0000000704200000| Untracked 
|   3|0x0000000704400000, 0x0000000704468a00, 0x0000000704600000| 20%| O|  |TAMS 0x0000000704400000| PB 0x0000000704400000| Untracked 
|   4|0x0000000704600000, 0x0000000704600000, 0x0000000704800000|  0%| F|  |TAMS 0x0000000704600000| PB 0x0000000704600000| Untracked 
|   5|0x0000000704800000, 0x0000000704800000, 0x0000000704a00000|  0%| F|  |TAMS 0x0000000704800000| PB 0x0000000704800000| Untracked 
|   6|0x0000000704a00000, 0x0000000704a00000, 0x0000000704c00000|  0%| F|  |TAMS 0x0000000704a00000| PB 0x0000000704a00000| Untracked 
|   7|0x0000000704c00000, 0x0000000704c00000, 0x0000000704e00000|  0%| F|  |TAMS 0x0000000704c00000| PB 0x0000000704c00000| Untracked 
|   8|0x0000000704e00000, 0x0000000704e00000, 0x0000000705000000|  0%| F|  |TAMS 0x0000000704e00000| PB 0x0000000704e00000| Untracked 
|   9|0x0000000705000000, 0x0000000705000000, 0x0000000705200000|  0%| F|  |TAMS 0x0000000705000000| PB 0x0000000705000000| Untracked 
|  10|0x0000000705200000, 0x0000000705200000, 0x0000000705400000|  0%| F|  |TAMS 0x0000000705200000| PB 0x0000000705200000| Untracked 
|  11|0x0000000705400000, 0x0000000705400000, 0x0000000705600000|  0%| F|  |TAMS 0x0000000705400000| PB 0x0000000705400000| Untracked 
|  12|0x0000000705600000, 0x0000000705600000, 0x0000000705800000|  0%| F|  |TAMS 0x0000000705600000| PB 0x0000000705600000| Untracked 
|  13|0x0000000705800000, 0x0000000705800000, 0x0000000705a00000|  0%| F|  |TAMS 0x0000000705800000| PB 0x0000000705800000| Untracked 
|  14|0x0000000705a00000, 0x0000000705a00000, 0x0000000705c00000|  0%| F|  |TAMS 0x0000000705a00000| PB 0x0000000705a00000| Untracked 
|  15|0x0000000705c00000, 0x0000000705c00000, 0x0000000705e00000|  0%| F|  |TAMS 0x0000000705c00000| PB 0x0000000705c00000| Untracked 
|  16|0x0000000705e00000, 0x0000000705e00000, 0x0000000706000000|  0%| F|  |TAMS 0x0000000705e00000| PB 0x0000000705e00000| Untracked 
|  17|0x0000000706000000, 0x0000000706000000, 0x0000000706200000|  0%| F|  |TAMS 0x0000000706000000| PB 0x0000000706000000| Untracked 
|  18|0x0000000706200000, 0x0000000706200000, 0x0000000706400000|  0%| F|  |TAMS 0x0000000706200000| PB 0x0000000706200000| Untracked 
|  19|0x0000000706400000, 0x0000000706400000, 0x0000000706600000|  0%| F|  |TAMS 0x0000000706400000| PB 0x0000000706400000| Untracked 
|  20|0x0000000706600000, 0x0000000706600000, 0x0000000706800000|  0%| F|  |TAMS 0x0000000706600000| PB 0x0000000706600000| Untracked 
|  21|0x0000000706800000, 0x0000000706800000, 0x0000000706a00000|  0%| F|  |TAMS 0x0000000706800000| PB 0x0000000706800000| Untracked 
|  22|0x0000000706a00000, 0x0000000706a00000, 0x0000000706c00000|  0%| F|  |TAMS 0x0000000706a00000| PB 0x0000000706a00000| Untracked 
|  23|0x0000000706c00000, 0x0000000706c00000, 0x0000000706e00000|  0%| F|  |TAMS 0x0000000706c00000| PB 0x0000000706c00000| Untracked 
|  24|0x0000000706e00000, 0x0000000706e00000, 0x0000000707000000|  0%| F|  |TAMS 0x0000000706e00000| PB 0x0000000706e00000| Untracked 
|  25|0x0000000707000000, 0x0000000707000000, 0x0000000707200000|  0%| F|  |TAMS 0x0000000707000000| PB 0x0000000707000000| Untracked 
|  26|0x0000000707200000, 0x0000000707200000, 0x0000000707400000|  0%| F|  |TAMS 0x0000000707200000| PB 0x0000000707200000| Untracked 
|  27|0x0000000707400000, 0x0000000707400000, 0x0000000707600000|  0%| F|  |TAMS 0x0000000707400000| PB 0x0000000707400000| Untracked 
|  28|0x0000000707600000, 0x0000000707600000, 0x0000000707800000|  0%| F|  |TAMS 0x0000000707600000| PB 0x0000000707600000| Untracked 
|  29|0x0000000707800000, 0x0000000707800000, 0x0000000707a00000|  0%| F|  |TAMS 0x0000000707800000| PB 0x0000000707800000| Untracked 
|  30|0x0000000707a00000, 0x0000000707a00000, 0x0000000707c00000|  0%| F|  |TAMS 0x0000000707a00000| PB 0x0000000707a00000| Untracked 
|  31|0x0000000707c00000, 0x0000000707c00000, 0x0000000707e00000|  0%| F|  |TAMS 0x0000000707c00000| PB 0x0000000707c00000| Untracked 
|  32|0x0000000707e00000, 0x0000000707e00000, 0x0000000708000000|  0%| F|  |TAMS 0x0000000707e00000| PB 0x0000000707e00000| Untracked 
|  33|0x0000000708000000, 0x0000000708000000, 0x0000000708200000|  0%| F|  |TAMS 0x0000000708000000| PB 0x0000000708000000| Untracked 
|  34|0x0000000708200000, 0x0000000708200000, 0x0000000708400000|  0%| F|  |TAMS 0x0000000708200000| PB 0x0000000708200000| Untracked 
|  35|0x0000000708400000, 0x0000000708400000, 0x0000000708600000|  0%| F|  |TAMS 0x0000000708400000| PB 0x0000000708400000| Untracked 
|  36|0x0000000708600000, 0x0000000708600000, 0x0000000708800000|  0%| F|  |TAMS 0x0000000708600000| PB 0x0000000708600000| Untracked 
|  37|0x0000000708800000, 0x0000000708800000, 0x0000000708a00000|  0%| F|  |TAMS 0x0000000708800000| PB 0x0000000708800000| Untracked 
|  38|0x0000000708a00000, 0x0000000708a00000, 0x0000000708c00000|  0%| F|  |TAMS 0x0000000708a00000| PB 0x0000000708a00000| Untracked 
|  39|0x0000000708c00000, 0x0000000708c00000, 0x0000000708e00000|  0%| F|  |TAMS 0x0000000708c00000| PB 0x0000000708c00000| Untracked 
|  40|0x0000000708e00000, 0x0000000708e00000, 0x0000000709000000|  0%| F|  |TAMS 0x0000000708e00000| PB 0x0000000708e00000| Untracked 
|  41|0x0000000709000000, 0x0000000709000000, 0x0000000709200000|  0%| F|  |TAMS 0x0000000709000000| PB 0x0000000709000000| Untracked 
|  42|0x0000000709200000, 0x0000000709200000, 0x0000000709400000|  0%| F|  |TAMS 0x0000000709200000| PB 0x0000000709200000| Untracked 
|  43|0x0000000709400000, 0x0000000709400000, 0x0000000709600000|  0%| F|  |TAMS 0x0000000709400000| PB 0x0000000709400000| Untracked 
|  44|0x0000000709600000, 0x0000000709600000, 0x0000000709800000|  0%| F|  |TAMS 0x0000000709600000| PB 0x0000000709600000| Untracked 
|  45|0x0000000709800000, 0x0000000709800000, 0x0000000709a00000|  0%| F|  |TAMS 0x0000000709800000| PB 0x0000000709800000| Untracked 
|  46|0x0000000709a00000, 0x0000000709a00000, 0x0000000709c00000|  0%| F|  |TAMS 0x0000000709a00000| PB 0x0000000709a00000| Untracked 
|  47|0x0000000709c00000, 0x0000000709c00000, 0x0000000709e00000|  0%| F|  |TAMS 0x0000000709c00000| PB 0x0000000709c00000| Untracked 
|  48|0x0000000709e00000, 0x0000000709e00000, 0x000000070a000000|  0%| F|  |TAMS 0x0000000709e00000| PB 0x0000000709e00000| Untracked 
|  49|0x000000070a000000, 0x000000070a000000, 0x000000070a200000|  0%| F|  |TAMS 0x000000070a000000| PB 0x000000070a000000| Untracked 
|  50|0x000000070a200000, 0x000000070a2d2ef8, 0x000000070a400000| 41%| S|CS|TAMS 0x000000070a200000| PB 0x000000070a200000| Complete 
|  51|0x000000070a400000, 0x000000070a400000, 0x000000070a600000|  0%| F|  |TAMS 0x000000070a400000| PB 0x000000070a400000| Untracked 
|  52|0x000000070a600000, 0x000000070a600000, 0x000000070a800000|  0%| F|  |TAMS 0x000000070a600000| PB 0x000000070a600000| Untracked 
|  53|0x000000070a800000, 0x000000070a800000, 0x000000070aa00000|  0%| F|  |TAMS 0x000000070a800000| PB 0x000000070a800000| Untracked 
|  54|0x000000070aa00000, 0x000000070aa00000, 0x000000070ac00000|  0%| F|  |TAMS 0x000000070aa00000| PB 0x000000070aa00000| Untracked 
|  55|0x000000070ac00000, 0x000000070ac00000, 0x000000070ae00000|  0%| F|  |TAMS 0x000000070ac00000| PB 0x000000070ac00000| Untracked 
|  56|0x000000070ae00000, 0x000000070ae00000, 0x000000070b000000|  0%| F|  |TAMS 0x000000070ae00000| PB 0x000000070ae00000| Untracked 
|  57|0x000000070b000000, 0x000000070b000000, 0x000000070b200000|  0%| F|  |TAMS 0x000000070b000000| PB 0x000000070b000000| Untracked 
|  58|0x000000070b200000, 0x000000070b200000, 0x000000070b400000|  0%| F|  |TAMS 0x000000070b200000| PB 0x000000070b200000| Untracked 
|  59|0x000000070b400000, 0x000000070b400000, 0x000000070b600000|  0%| F|  |TAMS 0x000000070b400000| PB 0x000000070b400000| Untracked 
|  60|0x000000070b600000, 0x000000070b600000, 0x000000070b800000|  0%| F|  |TAMS 0x000000070b600000| PB 0x000000070b600000| Untracked 
|  61|0x000000070b800000, 0x000000070b800000, 0x000000070ba00000|  0%| F|  |TAMS 0x000000070b800000| PB 0x000000070b800000| Untracked 
|  62|0x000000070ba00000, 0x000000070ba00000, 0x000000070bc00000|  0%| F|  |TAMS 0x000000070ba00000| PB 0x000000070ba00000| Untracked 
|  63|0x000000070bc00000, 0x000000070bc00000, 0x000000070be00000|  0%| F|  |TAMS 0x000000070bc00000| PB 0x000000070bc00000| Untracked 
|  64|0x000000070be00000, 0x000000070be00000, 0x000000070c000000|  0%| F|  |TAMS 0x000000070be00000| PB 0x000000070be00000| Untracked 
|  65|0x000000070c000000, 0x000000070c000000, 0x000000070c200000|  0%| F|  |TAMS 0x000000070c000000| PB 0x000000070c000000| Untracked 
|  66|0x000000070c200000, 0x000000070c200000, 0x000000070c400000|  0%| F|  |TAMS 0x000000070c200000| PB 0x000000070c200000| Untracked 
|  67|0x000000070c400000, 0x000000070c400000, 0x000000070c600000|  0%| F|  |TAMS 0x000000070c400000| PB 0x000000070c400000| Untracked 
|  68|0x000000070c600000, 0x000000070c600000, 0x000000070c800000|  0%| F|  |TAMS 0x000000070c600000| PB 0x000000070c600000| Untracked 
|  69|0x000000070c800000, 0x000000070c800000, 0x000000070ca00000|  0%| F|  |TAMS 0x000000070c800000| PB 0x000000070c800000| Untracked 
|  70|0x000000070ca00000, 0x000000070ca00000, 0x000000070cc00000|  0%| F|  |TAMS 0x000000070ca00000| PB 0x000000070ca00000| Untracked 
|  71|0x000000070cc00000, 0x000000070cc00000, 0x000000070ce00000|  0%| F|  |TAMS 0x000000070cc00000| PB 0x000000070cc00000| Untracked 
|  72|0x000000070ce00000, 0x000000070ce00000, 0x000000070d000000|  0%| F|  |TAMS 0x000000070ce00000| PB 0x000000070ce00000| Untracked 
|  73|0x000000070d000000, 0x000000070d000000, 0x000000070d200000|  0%| F|  |TAMS 0x000000070d000000| PB 0x000000070d000000| Untracked 
|  74|0x000000070d200000, 0x000000070d200000, 0x000000070d400000|  0%| F|  |TAMS 0x000000070d200000| PB 0x000000070d200000| Untracked 
|  75|0x000000070d400000, 0x000000070d400000, 0x000000070d600000|  0%| F|  |TAMS 0x000000070d400000| PB 0x000000070d400000| Untracked 
|  76|0x000000070d600000, 0x000000070d600000, 0x000000070d800000|  0%| F|  |TAMS 0x000000070d600000| PB 0x000000070d600000| Untracked 
|  77|0x000000070d800000, 0x000000070d800800, 0x000000070da00000|  0%| E|  |TAMS 0x000000070d800000| PB 0x000000070d800000| Complete 
|  78|0x000000070da00000, 0x000000070dc00000, 0x000000070dc00000|100%| E|CS|TAMS 0x000000070da00000| PB 0x000000070da00000| Complete 
|  79|0x000000070dc00000, 0x000000070de00000, 0x000000070de00000|100%| E|CS|TAMS 0x000000070dc00000| PB 0x000000070dc00000| Complete 
|  80|0x000000070de00000, 0x000000070e000000, 0x000000070e000000|100%| E|CS|TAMS 0x000000070de00000| PB 0x000000070de00000| Complete 
|  81|0x000000070e000000, 0x000000070e200000, 0x000000070e200000|100%| E|CS|TAMS 0x000000070e000000| PB 0x000000070e000000| Complete 
|  82|0x000000070e200000, 0x000000070e400000, 0x000000070e400000|100%| E|CS|TAMS 0x000000070e200000| PB 0x000000070e200000| Complete 
|  83|0x000000070e400000, 0x000000070e600000, 0x000000070e600000|100%| E|CS|TAMS 0x000000070e400000| PB 0x000000070e400000| Complete 
|  84|0x000000070e600000, 0x000000070e800000, 0x000000070e800000|100%| E|CS|TAMS 0x000000070e600000| PB 0x000000070e600000| Complete 
|  85|0x000000070e800000, 0x000000070ea00000, 0x000000070ea00000|100%| E|CS|TAMS 0x000000070e800000| PB 0x000000070e800000| Complete 
|  86|0x000000070ea00000, 0x000000070ec00000, 0x000000070ec00000|100%| E|CS|TAMS 0x000000070ea00000| PB 0x000000070ea00000| Complete 
|  87|0x000000070ec00000, 0x000000070ee00000, 0x000000070ee00000|100%| E|CS|TAMS 0x000000070ec00000| PB 0x000000070ec00000| Complete 
|  88|0x000000070ee00000, 0x000000070f000000, 0x000000070f000000|100%| E|CS|TAMS 0x000000070ee00000| PB 0x000000070ee00000| Complete 
|  89|0x000000070f000000, 0x000000070f200000, 0x000000070f200000|100%| E|CS|TAMS 0x000000070f000000| PB 0x000000070f000000| Complete 
|  90|0x000000070f200000, 0x000000070f400000, 0x000000070f400000|100%| E|CS|TAMS 0x000000070f200000| PB 0x000000070f200000| Complete 
|  91|0x000000070f400000, 0x000000070f600000, 0x000000070f600000|100%| E|CS|TAMS 0x000000070f400000| PB 0x000000070f400000| Complete 
|  92|0x000000070f600000, 0x000000070f800000, 0x000000070f800000|100%| E|CS|TAMS 0x000000070f600000| PB 0x000000070f600000| Complete 
|  93|0x000000070f800000, 0x000000070fa00000, 0x000000070fa00000|100%| E|CS|TAMS 0x000000070f800000| PB 0x000000070f800000| Complete 
|  94|0x000000070fa00000, 0x000000070fc00000, 0x000000070fc00000|100%| E|CS|TAMS 0x000000070fa00000| PB 0x000000070fa00000| Complete 
|  95|0x000000070fc00000, 0x000000070fe00000, 0x000000070fe00000|100%| E|CS|TAMS 0x000000070fc00000| PB 0x000000070fc00000| Complete 
|  96|0x000000070fe00000, 0x0000000710000000, 0x0000000710000000|100%| E|CS|TAMS 0x000000070fe00000| PB 0x000000070fe00000| Complete 
|  97|0x0000000710000000, 0x0000000710200000, 0x0000000710200000|100%| E|CS|TAMS 0x0000000710000000| PB 0x0000000710000000| Complete 
|  98|0x0000000710200000, 0x0000000710400000, 0x0000000710400000|100%| E|CS|TAMS 0x0000000710200000| PB 0x0000000710200000| Complete 
|  99|0x0000000710400000, 0x0000000710600000, 0x0000000710600000|100%| E|CS|TAMS 0x0000000710400000| PB 0x0000000710400000| Complete 
| 100|0x0000000710600000, 0x0000000710800000, 0x0000000710800000|100%| E|CS|TAMS 0x0000000710600000| PB 0x0000000710600000| Complete 
| 101|0x0000000710800000, 0x0000000710a00000, 0x0000000710a00000|100%| E|CS|TAMS 0x0000000710800000| PB 0x0000000710800000| Complete 
| 102|0x0000000710a00000, 0x0000000710c00000, 0x0000000710c00000|100%| E|CS|TAMS 0x0000000710a00000| PB 0x0000000710a00000| Complete 
| 103|0x0000000710c00000, 0x0000000710e00000, 0x0000000710e00000|100%| E|CS|TAMS 0x0000000710c00000| PB 0x0000000710c00000| Complete 
| 104|0x0000000710e00000, 0x0000000711000000, 0x0000000711000000|100%| E|CS|TAMS 0x0000000710e00000| PB 0x0000000710e00000| Complete 
| 105|0x0000000711000000, 0x0000000711200000, 0x0000000711200000|100%| E|CS|TAMS 0x0000000711000000| PB 0x0000000711000000| Complete 
| 106|0x0000000711200000, 0x0000000711400000, 0x0000000711400000|100%| E|CS|TAMS 0x0000000711200000| PB 0x0000000711200000| Complete 
| 107|0x0000000711400000, 0x0000000711600000, 0x0000000711600000|100%| E|CS|TAMS 0x0000000711400000| PB 0x0000000711400000| Complete 
| 108|0x0000000711600000, 0x0000000711800000, 0x0000000711800000|100%| E|CS|TAMS 0x0000000711600000| PB 0x0000000711600000| Complete 
| 109|0x0000000711800000, 0x0000000711a00000, 0x0000000711a00000|100%| E|CS|TAMS 0x0000000711800000| PB 0x0000000711800000| Complete 
| 110|0x0000000711a00000, 0x0000000711c00000, 0x0000000711c00000|100%| E|CS|TAMS 0x0000000711a00000| PB 0x0000000711a00000| Complete 
| 111|0x0000000711c00000, 0x0000000711e00000, 0x0000000711e00000|100%| E|CS|TAMS 0x0000000711c00000| PB 0x0000000711c00000| Complete 
| 112|0x0000000711e00000, 0x0000000712000000, 0x0000000712000000|100%| E|CS|TAMS 0x0000000711e00000| PB 0x0000000711e00000| Complete 
| 113|0x0000000712000000, 0x0000000712200000, 0x0000000712200000|100%| E|CS|TAMS 0x0000000712000000| PB 0x0000000712000000| Complete 
| 114|0x0000000712200000, 0x0000000712400000, 0x0000000712400000|100%| E|CS|TAMS 0x0000000712200000| PB 0x0000000712200000| Complete 
| 115|0x0000000712400000, 0x0000000712600000, 0x0000000712600000|100%| E|CS|TAMS 0x0000000712400000| PB 0x0000000712400000| Complete 
| 116|0x0000000712600000, 0x0000000712800000, 0x0000000712800000|100%| E|CS|TAMS 0x0000000712600000| PB 0x0000000712600000| Complete 
| 117|0x0000000712800000, 0x0000000712a00000, 0x0000000712a00000|100%| E|CS|TAMS 0x0000000712800000| PB 0x0000000712800000| Complete 
| 118|0x0000000712a00000, 0x0000000712c00000, 0x0000000712c00000|100%| E|CS|TAMS 0x0000000712a00000| PB 0x0000000712a00000| Complete 
| 119|0x0000000712c00000, 0x0000000712e00000, 0x0000000712e00000|100%| E|CS|TAMS 0x0000000712c00000| PB 0x0000000712c00000| Complete 
| 120|0x0000000712e00000, 0x0000000713000000, 0x0000000713000000|100%| E|CS|TAMS 0x0000000712e00000| PB 0x0000000712e00000| Complete 
| 121|0x0000000713000000, 0x0000000713200000, 0x0000000713200000|100%| E|CS|TAMS 0x0000000713000000| PB 0x0000000713000000| Complete 
| 122|0x0000000713200000, 0x0000000713400000, 0x0000000713400000|100%| E|CS|TAMS 0x0000000713200000| PB 0x0000000713200000| Complete 
| 123|0x0000000713400000, 0x0000000713600000, 0x0000000713600000|100%| E|CS|TAMS 0x0000000713400000| PB 0x0000000713400000| Complete 
| 124|0x0000000713600000, 0x0000000713800000, 0x0000000713800000|100%| E|CS|TAMS 0x0000000713600000| PB 0x0000000713600000| Complete 
| 125|0x0000000713800000, 0x0000000713a00000, 0x0000000713a00000|100%| E|CS|TAMS 0x0000000713800000| PB 0x0000000713800000| Complete 
| 126|0x0000000713a00000, 0x0000000713c00000, 0x0000000713c00000|100%| E|CS|TAMS 0x0000000713a00000| PB 0x0000000713a00000| Complete 

Card table byte_map: [0x000001ebc53d0000,0x000001ebc5bc0000] _byte_map_base: 0x000001ebc1bb1000

Marking Bits: (CMBitMap*) 0x000001ebad875390
 Bits: [0x000001ebc63b0000, 0x000001ebca2b8000)

Polling page: 0x000001ebacfc0000

Metaspace:

Usage:
  Non-class:      3.98 MB used.
      Class:    282.41 KB used.
       Both:      4.26 MB used.

Virtual space:
  Non-class space:       64.00 MB reserved,       4.06 MB (  6%) committed,  1 nodes.
      Class space:        1.00 GB reserved,     384.00 KB ( <1%) committed,  1 nodes.
             Both:        1.06 GB reserved,       4.44 MB ( <1%) committed. 

Chunk freelists:
   Non-Class:  1.89 MB
       Class:  3.58 MB
        Both:  5.46 MB

MaxMetaspaceSize: unlimited
CompressedClassSpaceSize: 1.00 GB
Initial GC threshold: 21.00 MB
Current GC threshold: 21.00 MB
CDS: on
MetaspaceReclaimPolicy: balanced
 - commit_granule_bytes: 65536.
 - commit_granule_words: 8192.
 - virtual_space_node_default_size: 8388608.
 - enlarge_chunks_in_place: 1.
 - new_chunks_are_fully_committed: 0.
 - uncommit_free_chunks: 1.
 - use_allocation_guard: 0.


Internal statistics:

num_allocs_failed_limit: 0.
num_arena_births: 150.
num_arena_deaths: 0.
num_vsnodes_births: 2.
num_vsnodes_deaths: 0.
num_space_committed: 69.
num_space_uncommitted: 0.
num_chunks_returned_to_freelist: 0.
num_chunks_taken_from_freelist: 256.
num_chunk_merges: 0.
num_chunk_splits: 167.
num_chunks_enlarged: 107.
num_inconsistent_stats: 0.

CodeHeap 'non-profiled nmethods': size=120000Kb used=659Kb max_used=659Kb free=119340Kb
 bounds [0x000001ebbd380000, 0x000001ebbd5f0000, 0x000001ebc48b0000]
CodeHeap 'profiled nmethods': size=120000Kb used=1655Kb max_used=1655Kb free=118344Kb
 bounds [0x000001ebb58b0000, 0x000001ebb5b20000, 0x000001ebbcde0000]
CodeHeap 'non-nmethods': size=5760Kb used=2477Kb max_used=2498Kb free=3282Kb
 bounds [0x000001ebbcde0000, 0x000001ebbd060000, 0x000001ebbd380000]
 total_blobs=2338 nmethods=1220 adapters=1029
 compilation: enabled
              stopped_count=0, restarted_count=0
 full_count=0

Compilation events (20 events):
Event: 12.921 Thread 0x000001ebd1008090 1205       3       java.lang.Long::<init> (10 bytes)
Event: 12.921 Thread 0x000001ebd1008090 nmethod 1205 0x000001ebb5a4c890 code [0x000001ebb5a4ca20, 0x000001ebb5a4cbf0]
Event: 12.921 Thread 0x000001ebd1008090 1209       3       java.lang.System$2::findBootstrapClassOrNull (5 bytes)
Event: 12.921 Thread 0x000001ebd1008090 nmethod 1209 0x000001ebb5a4cd10 code [0x000001ebb5a4cec0, 0x000001ebb5a4d0d0]
Event: 12.972 Thread 0x000001ebcc9058f0 1212       4       metastasis.tissueSiteGrid::StepCells (321 bytes)
Event: 13.022 Thread 0x000001ebcc9058f0 nmethod 1212 0x000001ebbd41cd90 code [0x000001ebbd41d200, 0x000001ebbd420a30]
Event: 13.389 Thread 0x000001ebcc9058f0 1213       4       metastasis.CellEx::Init (11 bytes)
Event: 13.390 Thread 0x000001ebcc9058f0 nmethod 1213 0x000001ebbd422b90 code [0x000001ebbd422d00, 0x000001ebbd422f50]
Event: 13.517 Thread 0x000001ebcc9058f0 1214       4       HAL.Rand::Int (18 bytes)
Event: 13.517 Thread 0x000001ebcc9058f0 nmethod 1214 0x000001ebbd423010 code [0x000001ebbd423180, 0x000001ebbd423310]
Event: 15.651 Thread 0x000001ebcc9058f0 1215       4       HAL.Interfaces.Grid2D::MapHood (136 bytes)
Event: 15.655 Thread 0x000001ebcc9058f0 nmethod 1215 0x000001ebbd423490 code [0x000001ebbd423600, 0x000001ebbd423a10]
Event: 18.291 Thread 0x000001ebd1008090 1217       3       org.lwjgl.glfw.GLFW::glfwSwapBuffers (21 bytes)
Event: 18.291 Thread 0x000001ebd1008090 nmethod 1217 0x000001ebb5a4d190 code [0x000001ebb5a4d340, 0x000001ebb5a4d5d8]
Event: 18.294 Thread 0x000001ebd1008090 1218       3       org.lwjgl.glfw.GLFW::glfwPollEvents (9 bytes)
Event: 18.294 Thread 0x000001ebd1008090 nmethod 1218 0x000001ebb5a4d710 code [0x000001ebb5a4d8a0, 0x000001ebb5a4d9b8]
Event: 18.303 Thread 0x000001ebd1008090 1219       3       org.lwjgl.glfw.GLFW::glfwMakeContextCurrent (10 bytes)
Event: 18.303 Thread 0x000001ebd1008090 nmethod 1219 0x000001ebb5a4da90 code [0x000001ebb5a4dc20, 0x000001ebb5a4dd40]
Event: 18.348 Thread 0x000001ebcc9058f0 1220       4       HAL.GridsAndAgents.InternalGridAgentList::ReturnIter (21 bytes)
Event: 18.353 Thread 0x000001ebcc9058f0 nmethod 1220 0x000001ebbd424010 code [0x000001ebbd4241a0, 0x000001ebbd424b10]

GC Heap History (20 events):
Event: 7.831 GC heap before
{Heap before GC invocations=4 (full 0):
 garbage-first heap   total 260096K, used 160585K [0x0000000703e00000, 0x0000000800000000)
  region size 2048K, 76 young (155648K), 1 survivors (2048K)
 Metaspace       used 4333K, committed 4544K, reserved 1114112K
  class space    used 278K, committed 384K, reserved 1048576K
}
Event: 7.832 GC heap after
{Heap after GC invocations=5 (full 0):
 garbage-first heap   total 260096K, used 7017K [0x0000000703e00000, 0x0000000800000000)
  region size 2048K, 1 young (2048K), 1 survivors (2048K)
 Metaspace       used 4333K, committed 4544K, reserved 1114112K
  class space    used 278K, committed 384K, reserved 1048576K
}
Event: 9.556 GC heap before
{Heap before GC invocations=5 (full 0):
 garbage-first heap   total 260096K, used 160617K [0x0000000703e00000, 0x0000000800000000)
  region size 2048K, 76 young (155648K), 1 survivors (2048K)
 Metaspace       used 4333K, committed 4544K, reserved 1114112K
  class space    used 278K, committed 384K, reserved 1048576K
}
Event: 9.557 GC heap after
{Heap after GC invocations=6 (full 0):
 garbage-first heap   total 260096K, used 7067K [0x0000000703e00000, 0x0000000800000000)
  region size 2048K, 1 young (2048K), 1 survivors (2048K)
 Metaspace       used 4333K, committed 4544K, reserved 1114112K
  class space    used 278K, committed 384K, reserved 1048576K
}
Event: 11.084 GC heap before
{Heap before GC invocations=6 (full 0):
 garbage-first heap   total 260096K, used 160667K [0x0000000703e00000, 0x0000000800000000)
  region size 2048K, 76 young (155648K), 1 survivors (2048K)
 Metaspace       used 4333K, committed 4544K, reserved 1114112K
  class space    used 278K, committed 384K, reserved 1048576K
}
Event: 11.085 GC heap after
{Heap after GC invocations=7 (full 0):
 garbage-first heap   total 260096K, used 7133K [0x0000000703e00000, 0x0000000800000000)
  region size 2048K, 1 young (2048K), 1 survivors (2048K)
 Metaspace       used 4333K, committed 4544K, reserved 1114112K
  class space    used 278K, committed 384K, reserved 1048576K
}
Event: 12.325 GC heap before
{Heap before GC invocations=7 (full 0):
 garbage-first heap   total 260096K, used 160733K [0x0000000703e00000, 0x0000000800000000)
  region size 2048K, 76 young (155648K), 1 survivors (2048K)
 Metaspace       used 4333K, committed 4544K, reserved 1114112K
  class space    used 278K, committed 384K, reserved 1048576K
}
Event: 12.326 GC heap after
{Heap after GC invocations=8 (full 0):
 garbage-first heap   total 260096K, used 7159K [0x0000000703e00000, 0x0000000800000000)
  region size 2048K, 1 young (2048K), 1 survivors (2048K)
 Metaspace       used 4333K, committed 4544K, reserved 1114112K
  class space    used 278K, committed 384K, reserved 1048576K
}
Event: 13.362 GC heap before
{Heap before GC invocations=8 (full 0):
 garbage-first heap   total 260096K, used 160759K [0x0000000703e00000, 0x0000000800000000)
  region size 2048K, 76 young (155648K), 1 survivors (2048K)
 Metaspace       used 4359K, committed 4544K, reserved 1114112K
  class space    used 281K, committed 384K, reserved 1048576K
}
Event: 13.363 GC heap after
{Heap after GC invocations=9 (full 0):
 garbage-first heap   total 260096K, used 7262K [0x0000000703e00000, 0x0000000800000000)
  region size 2048K, 1 young (2048K), 1 survivors (2048K)
 Metaspace       used 4359K, committed 4544K, reserved 1114112K
  class space    used 281K, committed 384K, reserved 1048576K
}
Event: 14.581 GC heap before
{Heap before GC invocations=9 (full 0):
 garbage-first heap   total 260096K, used 160862K [0x0000000703e00000, 0x0000000800000000)
  region size 2048K, 76 young (155648K), 1 survivors (2048K)
 Metaspace       used 4359K, committed 4544K, reserved 1114112K
  class space    used 281K, committed 384K, reserved 1048576K
}
Event: 14.582 GC heap after
{Heap after GC invocations=10 (full 0):
 garbage-first heap   total 260096K, used 7302K [0x0000000703e00000, 0x0000000800000000)
  region size 2048K, 1 young (2048K), 1 survivors (2048K)
 Metaspace       used 4359K, committed 4544K, reserved 1114112K
  class space    used 281K, committed 384K, reserved 1048576K
}
Event: 15.486 GC heap before
{Heap before GC invocations=10 (full 0):
 garbage-first heap   total 260096K, used 160902K [0x0000000703e00000, 0x0000000800000000)
  region size 2048K, 76 young (155648K), 1 survivors (2048K)
 Metaspace       used 4359K, committed 4544K, reserved 1114112K
  class space    used 281K, committed 384K, reserved 1048576K
}
Event: 15.487 GC heap after
{Heap after GC invocations=11 (full 0):
 garbage-first heap   total 260096K, used 7370K [0x0000000703e00000, 0x0000000800000000)
  region size 2048K, 1 young (2048K), 1 survivors (2048K)
 Metaspace       used 4359K, committed 4544K, reserved 1114112K
  class space    used 281K, committed 384K, reserved 1048576K
}
Event: 16.357 GC heap before
{Heap before GC invocations=11 (full 0):
 garbage-first heap   total 260096K, used 160970K [0x0000000703e00000, 0x0000000800000000)
  region size 2048K, 76 young (155648K), 1 survivors (2048K)
 Metaspace       used 4359K, committed 4544K, reserved 1114112K
  class space    used 281K, committed 384K, reserved 1048576K
}
Event: 16.359 GC heap after
{Heap after GC invocations=12 (full 0):
 garbage-first heap   total 260096K, used 7370K [0x0000000703e00000, 0x0000000800000000)
  region size 2048K, 1 young (2048K), 1 survivors (2048K)
 Metaspace       used 4359K, committed 4544K, reserved 1114112K
  class space    used 281K, committed 384K, reserved 1048576K
}
Event: 17.159 GC heap before
{Heap before GC invocations=12 (full 0):
 garbage-first heap   total 260096K, used 160970K [0x0000000703e00000, 0x0000000800000000)
  region size 2048K, 76 young (155648K), 1 survivors (2048K)
 Metaspace       used 4359K, committed 4544K, reserved 1114112K
  class space    used 281K, committed 384K, reserved 1048576K
}
Event: 17.161 GC heap after
{Heap after GC invocations=13 (full 0):
 garbage-first heap   total 260096K, used 7404K [0x0000000703e00000, 0x0000000800000000)
  region size 2048K, 1 young (2048K), 1 survivors (2048K)
 Metaspace       used 4359K, committed 4544K, reserved 1114112K
  class space    used 281K, committed 384K, reserved 1048576K
}
Event: 17.956 GC heap before
{Heap before GC invocations=13 (full 0):
 garbage-first heap   total 260096K, used 161004K [0x0000000703e00000, 0x0000000800000000)
  region size 2048K, 76 young (155648K), 1 survivors (2048K)
 Metaspace       used 4359K, committed 4544K, reserved 1114112K
  class space    used 281K, committed 384K, reserved 1048576K
}
Event: 17.957 GC heap after
{Heap after GC invocations=14 (full 0):
 garbage-first heap   total 260096K, used 7406K [0x0000000703e00000, 0x0000000800000000)
  region size 2048K, 1 young (2048K), 1 survivors (2048K)
 Metaspace       used 4359K, committed 4544K, reserved 1114112K
  class space    used 281K, committed 384K, reserved 1048576K
}

Dll operation events (12 events):
Event: 0.017 Loaded shared library C:\Users\4473331\.jdks\openjdk-20.0.1\bin\java.dll
Event: 0.030 Loaded shared library C:\Users\4473331\.jdks\openjdk-20.0.1\bin\jsvml.dll
Event: 0.120 Loaded shared library C:\Users\4473331\.jdks\openjdk-20.0.1\bin\zip.dll
Event: 0.123 Loaded shared library C:\Users\4473331\.jdks\openjdk-20.0.1\bin\instrument.dll
Event: 0.130 Loaded shared library C:\Users\4473331\.jdks\openjdk-20.0.1\bin\net.dll
Event: 0.133 Loaded shared library C:\Users\4473331\.jdks\openjdk-20.0.1\bin\nio.dll
Event: 0.136 Loaded shared library C:\Users\4473331\.jdks\openjdk-20.0.1\bin\zip.dll
Event: 0.188 Loaded shared library C:\Program Files\JetBrains\IntelliJ IDEA Community Edition 2023.1.2\bin\breakgen64.dll
Event: 0.198 Loaded shared library C:\Users\4473331\.jdks\openjdk-20.0.1\bin\extnet.dll
Event: 0.211 Loaded shared library C:\Users\4473331\.jdks\openjdk-20.0.1\bin\jimage.dll
Event: 0.270 Loaded shared library C:\Users\4473331\AppData\Local\Temp\1\lwjgl_4473331\3.3.2+13\x64\lwjgl.dll
Event: 0.467 Loaded shared library C:\Users\4473331\AppData\Local\Temp\1\lwjgl_4473331\3.3.2+13\x64\lwjgl_opengl.dll

Deoptimization events (20 events):
Event: 12.856 Thread 0x000001ebad806090 DEOPT PACKING pc=0x000001ebb5a476e7 sp=0x000000ceab8fef50
Event: 12.856 Thread 0x000001ebad806090 DEOPT UNPACKING pc=0x000001ebbce4e462 sp=0x000000ceab8fe4b0 mode 0
Event: 12.864 Thread 0x000001ebad806090 DEOPT PACKING pc=0x000001ebb5a476e7 sp=0x000000ceab8fef50
Event: 12.864 Thread 0x000001ebad806090 DEOPT UNPACKING pc=0x000001ebbce4e462 sp=0x000000ceab8fe4b0 mode 0
Event: 12.871 Thread 0x000001ebad806090 DEOPT PACKING pc=0x000001ebb5a476e7 sp=0x000000ceab8fef50
Event: 12.871 Thread 0x000001ebad806090 DEOPT UNPACKING pc=0x000001ebbce4e462 sp=0x000000ceab8fe4b0 mode 0
Event: 12.963 Thread 0x000001ebad806090 DEOPT PACKING pc=0x000001ebb5a473d4 sp=0x000000ceab8fef50
Event: 12.963 Thread 0x000001ebad806090 DEOPT UNPACKING pc=0x000001ebbce4e462 sp=0x000000ceab8fe4a8 mode 0
Event: 12.971 Thread 0x000001ebad806090 DEOPT PACKING pc=0x000001ebb5a476e7 sp=0x000000ceab8fef50
Event: 12.971 Thread 0x000001ebad806090 DEOPT UNPACKING pc=0x000001ebbce4e462 sp=0x000000ceab8fe4b0 mode 0
Event: 12.979 Thread 0x000001ebad806090 DEOPT PACKING pc=0x000001ebb5a476e7 sp=0x000000ceab8fef50
Event: 12.979 Thread 0x000001ebad806090 DEOPT UNPACKING pc=0x000001ebbce4e462 sp=0x000000ceab8fe4b0 mode 0
Event: 12.987 Thread 0x000001ebad806090 DEOPT PACKING pc=0x000001ebb5a476e7 sp=0x000000ceab8fef50
Event: 12.987 Thread 0x000001ebad806090 DEOPT UNPACKING pc=0x000001ebbce4e462 sp=0x000000ceab8fe4b0 mode 0
Event: 12.995 Thread 0x000001ebad806090 DEOPT PACKING pc=0x000001ebb5a476e7 sp=0x000000ceab8fef50
Event: 12.995 Thread 0x000001ebad806090 DEOPT UNPACKING pc=0x000001ebbce4e462 sp=0x000000ceab8fe4b0 mode 0
Event: 13.002 Thread 0x000001ebad806090 DEOPT PACKING pc=0x000001ebb5a476e7 sp=0x000000ceab8fef50
Event: 13.002 Thread 0x000001ebad806090 DEOPT UNPACKING pc=0x000001ebbce4e462 sp=0x000000ceab8fe4b0 mode 0
Event: 13.010 Thread 0x000001ebad806090 DEOPT PACKING pc=0x000001ebb5a476e7 sp=0x000000ceab8fef50
Event: 13.010 Thread 0x000001ebad806090 DEOPT UNPACKING pc=0x000001ebbce4e462 sp=0x000000ceab8fe4b0 mode 0

Classes loaded (20 events):
Event: 0.987 Loading class sun/util/cldr/CLDRTimeZoneNameProviderImpl
Event: 0.987 Loading class sun/util/locale/provider/TimeZoneNameProviderImpl
Event: 0.987 Loading class sun/util/locale/provider/TimeZoneNameProviderImpl done
Event: 0.987 Loading class sun/util/cldr/CLDRTimeZoneNameProviderImpl done
Event: 0.989 Loading class sun/util/locale/provider/BaseLocaleDataMetaInfo
Event: 0.989 Loading class sun/util/locale/provider/BaseLocaleDataMetaInfo done
Event: 0.991 Loading class sun/util/resources/cldr/TimeZoneNames
Event: 0.991 Loading class sun/util/resources/TimeZoneNamesBundle
Event: 0.992 Loading class sun/util/resources/OpenListResourceBundle
Event: 0.992 Loading class sun/util/resources/OpenListResourceBundle done
Event: 0.992 Loading class sun/util/resources/TimeZoneNamesBundle done
Event: 0.992 Loading class sun/util/resources/cldr/TimeZoneNames done
Event: 0.992 Loading class sun/util/resources/cldr/TimeZoneNames_en
Event: 0.993 Loading class sun/util/resources/cldr/TimeZoneNames_en done
Event: 0.993 Loading class sun/util/resources/cldr/TimeZoneNames_en_US
Event: 0.993 Loading class sun/util/resources/cldr/TimeZoneNames_en_US done
Event: 0.993 Loading class java/util/LinkedHashMap$LinkedKeySet
Event: 0.994 Loading class java/util/LinkedHashMap$LinkedKeySet done
Event: 18.412 Loading class jdk/internal/misc/Signal$1
Event: 18.412 Loading class jdk/internal/misc/Signal$1 done

Classes unloaded (0 events):
No events

Classes redefined (0 events):
No events

Internal exceptions (20 events):
Event: 0.280 Thread 0x000001ebad806090 Exception <a 'java/lang/NoSuchMethodError'{0x0000000713549b90}: 'int java.lang.invoke.DirectMethodHandle$Holder.invokeStaticInit(java.lang.Object, java.lang.Object, int, long)'> (0x0000000713549b90) 
thrown [s\open\src\hotspot\share\interpreter\linkResolver.cpp, line 773]
Event: 0.280 Thread 0x000001ebad806090 Exception <a 'java/lang/NoSuchMethodError'{0x000000071354f190}: 'java.lang.Object java.lang.invoke.DirectMethodHandle$Holder.newInvokeSpecial(java.lang.Object, java.lang.Object, int)'> (0x000000071354f190) 
thrown [s\open\src\hotspot\share\interpreter\linkResolver.cpp, line 773]
Event: 0.282 Thread 0x000001ebad806090 Exception <a 'java/lang/NoSuchMethodError'{0x00000007135601f0}: 'int java.lang.invoke.DirectMethodHandle$Holder.invokeStaticInit(java.lang.Object, java.lang.Object, long, long)'> (0x00000007135601f0) 
thrown [s\open\src\hotspot\share\interpreter\linkResolver.cpp, line 773]
Event: 0.282 Thread 0x000001ebad806090 Exception <a 'java/lang/NoSuchMethodError'{0x0000000713566038}: 'java.lang.Object java.lang.invoke.DirectMethodHandle$Holder.newInvokeSpecial(java.lang.Object, java.lang.Object, long)'> (0x0000000713566038) 
thrown [s\open\src\hotspot\share\interpreter\linkResolver.cpp, line 773]
Event: 0.282 Thread 0x000001ebad806090 Exception <a 'java/lang/NoSuchMethodError'{0x0000000713569df0}: 'java.lang.Object java.lang.invoke.Invokers$Holder.linkToTargetMethod(java.lang.Object, long, java.lang.Object)'> (0x0000000713569df0) 
thrown [s\open\src\hotspot\share\interpreter\linkResolver.cpp, line 773]
Event: 0.283 Thread 0x000001ebad806090 Exception <a 'java/lang/NoSuchMethodError'{0x0000000713570e28}: 'int java.lang.invoke.DirectMethodHandle$Holder.invokeStaticInit(java.lang.Object, java.lang.Object, java.lang.Object, long)'> (0x0000000713570e28) 
thrown [s\open\src\hotspot\share\interpreter\linkResolver.cpp, line 773]
Event: 0.301 Thread 0x000001ebad806090 Exception <a 'sun/nio/fs/WindowsException'{0x0000000713248a18}> (0x0000000713248a18) 
thrown [s\open\src\hotspot\share\prims\jni.cpp, line 519]
Event: 0.301 Thread 0x000001ebad806090 Exception <a 'sun/nio/fs/WindowsException'{0x0000000713248da8}> (0x0000000713248da8) 
thrown [s\open\src\hotspot\share\prims\jni.cpp, line 519]
Event: 0.310 Thread 0x000001ebad806090 Exception <a 'java/lang/NoSuchMethodError'{0x000000071326df98}: 'int java.lang.invoke.Invokers$Holder.invokeExact_MT(java.lang.Object, java.lang.Object)'> (0x000000071326df98) 
thrown [s\open\src\hotspot\share\interpreter\linkResolver.cpp, line 773]
Event: 0.461 Thread 0x000001ebad806090 Exception <a 'java/lang/NoSuchMethodError'{0x00000007132fd630}: 'void java.lang.System.load(java.lang.String, java.lang.Class)'> (0x00000007132fd630) 
thrown [s\open\src\hotspot\share\interpreter\linkResolver.cpp, line 773]
Event: 0.461 Thread 0x000001ebad806090 Exception <a 'java/lang/NoSuchMethodError'{0x0000000713300418}: 'void java.lang.System.loadLibrary(java.lang.String, java.lang.Class)'> (0x0000000713300418) 
thrown [s\open\src\hotspot\share\interpreter\linkResolver.cpp, line 773]
Event: 0.466 Thread 0x000001ebad806090 Exception <a 'sun/nio/fs/WindowsException'{0x0000000713311428}> (0x0000000713311428) 
thrown [s\open\src\hotspot\share\prims\jni.cpp, line 519]
Event: 0.466 Thread 0x000001ebad806090 Exception <a 'sun/nio/fs/WindowsException'{0x00000007133117e8}> (0x00000007133117e8) 
thrown [s\open\src\hotspot\share\prims\jni.cpp, line 519]
Event: 0.469 Thread 0x000001ebad806090 Exception <a 'sun/nio/fs/WindowsException'{0x0000000713321298}> (0x0000000713321298) 
thrown [s\open\src\hotspot\share\prims\jni.cpp, line 519]
Event: 0.469 Thread 0x000001ebad806090 Exception <a 'sun/nio/fs/WindowsException'{0x0000000713321598}> (0x0000000713321598) 
thrown [s\open\src\hotspot\share\prims\jni.cpp, line 519]
Event: 0.523 Thread 0x000001ebad806090 Exception <a 'java/lang/NoSuchMethodError'{0x0000000713133e18}: 'void java.lang.invoke.Invokers$Holder.invokeExact_MT(java.lang.Object, java.lang.Object, java.lang.Object, java.lang.Object)'> (0x0000000713133e18) 
thrown [s\open\src\hotspot\share\interpreter\linkResolver.cpp, line 773]
Event: 0.627 Thread 0x000001ebad806090 Exception <a 'java/lang/NoSuchMethodError'{0x0000000712a801b8}: 'java.lang.Object java.lang.invoke.DirectMethodHandle$Holder.newInvokeSpecial(java.lang.Object, java.lang.Object, int, int)'> (0x0000000712a801b8) 
thrown [s\open\src\hotspot\share\interpreter\linkResolver.cpp, line 773]
Event: 0.629 Thread 0x000001ebad806090 Exception <a 'java/lang/NoSuchMethodError'{0x0000000712aa3168}: 'java.lang.Object java.lang.invoke.DirectMethodHandle$Holder.invokeSpecial(java.lang.Object, java.lang.Object, double, double)'> (0x0000000712aa3168) 
thrown [s\open\src\hotspot\share\interpreter\linkResolver.cpp, line 773]
Event: 0.698 Thread 0x000001ebad806090 Exception <a 'java/lang/NoSuchMethodError'{0x00000007128f9830}: 'void java.lang.invoke.DirectMethodHandle$Holder.invokeStatic(java.lang.Object, java.lang.Object, double)'> (0x00000007128f9830) 
thrown [s\open\src\hotspot\share\interpreter\linkResolver.cpp, line 773]
Event: 0.994 Thread 0x000001ebcc8fce00 Exception <a 'java/lang/NoSuchMethodError'{0x0000000713bad7f0}: 'java.lang.Object java.lang.invoke.Invokers$Holder.invokeExact_MT(java.lang.Object, java.lang.Object, java.lang.Object, java.lang.Object, java.lang.Object, java.lang.Object)'> (0x0000000713bad7f0) 
thrown [s\open\src\hotspot\share\interpreter\linkResolver.cpp, line 773]

VM Operations (20 events):
Event: 7.832 Executing VM operation: G1CollectForAllocation done
Event: 9.556 Executing VM operation: G1CollectForAllocation
Event: 9.557 Executing VM operation: G1CollectForAllocation done
Event: 11.084 Executing VM operation: G1CollectForAllocation
Event: 11.085 Executing VM operation: G1CollectForAllocation done
Event: 12.324 Executing VM operation: G1CollectForAllocation
Event: 12.326 Executing VM operation: G1CollectForAllocation done
Event: 13.362 Executing VM operation: G1CollectForAllocation
Event: 13.364 Executing VM operation: G1CollectForAllocation done
Event: 14.581 Executing VM operation: G1CollectForAllocation
Event: 14.582 Executing VM operation: G1CollectForAllocation done
Event: 15.486 Executing VM operation: G1CollectForAllocation
Event: 15.487 Executing VM operation: G1CollectForAllocation done
Event: 16.357 Executing VM operation: G1CollectForAllocation
Event: 16.359 Executing VM operation: G1CollectForAllocation done
Event: 17.159 Executing VM operation: G1CollectForAllocation
Event: 17.161 Executing VM operation: G1CollectForAllocation done
Event: 17.956 Executing VM operation: G1CollectForAllocation
Event: 17.957 Executing VM operation: G1CollectForAllocation done
Event: 18.413 Executing VM operation: Exit

Events (19 events):
Event: 0.031 Thread 0x000001ebad806090 Thread added: 0x000001ebad806090
Event: 0.045 Thread 0x000001ebcc8f5bd0 Thread added: 0x000001ebcc8f5bd0
Event: 0.045 Thread 0x000001ebcc8f6ac0 Thread added: 0x000001ebcc8f6ac0
Event: 0.045 Thread 0x000001ebcc8fb260 Thread added: 0x000001ebcc8fb260
Event: 0.045 Thread 0x000001ebcc8fce00 Thread added: 0x000001ebcc8fce00
Event: 0.045 Thread 0x000001ebcc8fd830 Thread added: 0x000001ebcc8fd830
Event: 0.045 Thread 0x000001ebcc902770 Thread added: 0x000001ebcc902770
Event: 0.045 Thread 0x000001ebcc9058f0 Thread added: 0x000001ebcc9058f0
Event: 0.045 Thread 0x000001ebd1008090 Thread added: 0x000001ebd1008090
Event: 0.103 Thread 0x000001ebd1127a30 Thread added: 0x000001ebd1127a30
Event: 0.156 Thread 0x000001ebd14813c0 Thread added: 0x000001ebd14813c0
Event: 0.189 Thread 0x000001ebd1128f70 Thread added: 0x000001ebd1128f70
Event: 0.189 Thread 0x000001ebd1125fa0 Thread added: 0x000001ebd1125fa0
Event: 0.428 Thread 0x000001ebd14813c0 Thread exited: 0x000001ebd14813c0
Event: 0.474 Thread 0x000001ebd83dcfb0 Thread added: 0x000001ebd83dcfb0
Event: 0.738 Thread 0x000001ebd8463db0 Thread added: 0x000001ebd8463db0
Event: 1.417 Thread 0x000001ebd8463db0 Thread exited: 0x000001ebd8463db0
Event: 1.417 Thread 0x000001ebd83dcfb0 Thread exited: 0x000001ebd83dcfb0
Event: 18.412 Thread 0x000001ebd1127f80 Thread added: 0x000001ebd1127f80


Dynamic libraries:
0x00007ff606a30000 - 0x00007ff606a3e000 	C:\Users\4473331\.jdks\openjdk-20.0.1\bin\java.exe
0x00007ffc98d50000 - 0x00007ffc98f48000 	C:\WINDOWS\SYSTEM32\ntdll.dll
0x00007ffc96de0000 - 0x00007ffc96ea2000 	C:\WINDOWS\System32\KERNEL32.DLL
0x00007ffc96620000 - 0x00007ffc9691e000 	C:\WINDOWS\System32\KERNELBASE.dll
0x00007ffc96060000 - 0x00007ffc96180000 	C:\Windows\system32\hmpalert.dll
0x00007ffc96a50000 - 0x00007ffc96b50000 	C:\WINDOWS\System32\ucrtbase.dll
0x00007ffc8cf50000 - 0x00007ffc8cf6b000 	C:\Users\4473331\.jdks\openjdk-20.0.1\bin\VCRUNTIME140.dll
0x00007ffc8d040000 - 0x00007ffc8d057000 	C:\Users\4473331\.jdks\openjdk-20.0.1\bin\jli.dll
0x00007ffc98250000 - 0x00007ffc983ed000 	C:\WINDOWS\System32\USER32.dll
0x00007ffc965f0000 - 0x00007ffc96612000 	C:\WINDOWS\System32\win32u.dll
0x00007ffc98910000 - 0x00007ffc9893b000 	C:\WINDOWS\System32\GDI32.dll
0x00007ffc96c50000 - 0x00007ffc96d67000 	C:\WINDOWS\System32\gdi32full.dll
0x00007ffc963f0000 - 0x00007ffc9648d000 	C:\WINDOWS\System32\msvcp_win.dll
0x00007ffc80a60000 - 0x00007ffc80cfa000 	C:\WINDOWS\WinSxS\amd64_microsoft.windows.common-controls_6595b64144ccf1df_6.0.19041.4355_none_60b8b9eb71f62e16\COMCTL32.dll
0x00007ffc98870000 - 0x00007ffc9890e000 	C:\WINDOWS\System32\msvcrt.dll
0x00007ffc98ce0000 - 0x00007ffc98d0f000 	C:\WINDOWS\System32\IMM32.DLL
0x00007ffc8d070000 - 0x00007ffc8d07c000 	C:\Users\4473331\.jdks\openjdk-20.0.1\bin\vcruntime140_1.dll
0x00007ffc6e720000 - 0x00007ffc6e7ae000 	C:\Users\4473331\.jdks\openjdk-20.0.1\bin\msvcp140.dll
0x00007ffb95e40000 - 0x00007ffb96ad7000 	C:\Users\4473331\.jdks\openjdk-20.0.1\bin\server\jvm.dll
0x00007ffc97b80000 - 0x00007ffc97c31000 	C:\WINDOWS\System32\ADVAPI32.dll
0x00007ffc979b0000 - 0x00007ffc97a4f000 	C:\WINDOWS\System32\sechost.dll
0x00007ffc97a50000 - 0x00007ffc97b73000 	C:\WINDOWS\System32\RPCRT4.dll
0x00007ffc969d0000 - 0x00007ffc969f7000 	C:\WINDOWS\System32\bcrypt.dll
0x00007ffc7ffe0000 - 0x00007ffc80007000 	C:\WINDOWS\SYSTEM32\WINMM.dll
0x00007ffc7ffd0000 - 0x00007ffc7ffd9000 	C:\WINDOWS\SYSTEM32\WSOCK32.dll
0x00007ffc98420000 - 0x00007ffc9848b000 	C:\WINDOWS\System32\WS2_32.dll
0x00007ffc94f80000 - 0x00007ffc94f8a000 	C:\WINDOWS\SYSTEM32\VERSION.dll
0x00007ffc94ee0000 - 0x00007ffc94ef2000 	C:\WINDOWS\SYSTEM32\kernel.appcore.dll
0x00007ffc8cf20000 - 0x00007ffc8cf2a000 	C:\Users\4473331\.jdks\openjdk-20.0.1\bin\jimage.dll
0x00007ffc8bae0000 - 0x00007ffc8bcc4000 	C:\WINDOWS\SYSTEM32\DBGHELP.DLL
0x00007ffc8b950000 - 0x00007ffc8b984000 	C:\WINDOWS\SYSTEM32\dbgcore.DLL
0x00007ffc96bc0000 - 0x00007ffc96c42000 	C:\WINDOWS\System32\bcryptPrimitives.dll
0x00007ffc8cee0000 - 0x00007ffc8ceee000 	C:\Users\4473331\.jdks\openjdk-20.0.1\bin\instrument.dll
0x00007ffc8cef0000 - 0x00007ffc8cf16000 	C:\Users\4473331\.jdks\openjdk-20.0.1\bin\java.dll
0x00007ffc6e640000 - 0x00007ffc6e717000 	C:\Users\4473331\.jdks\openjdk-20.0.1\bin\jsvml.dll
0x00007ffc97240000 - 0x00007ffc979ad000 	C:\WINDOWS\System32\SHELL32.dll
0x00007ffc93dc0000 - 0x00007ffc94564000 	C:\WINDOWS\SYSTEM32\windows.storage.dll
0x00007ffc98490000 - 0x00007ffc987e3000 	C:\WINDOWS\System32\combase.dll
0x00007ffc95b50000 - 0x00007ffc95b7e000 	C:\WINDOWS\SYSTEM32\Wldp.dll
0x00007ffc96eb0000 - 0x00007ffc96f7d000 	C:\WINDOWS\System32\OLEAUT32.dll
0x00007ffc97130000 - 0x00007ffc971dd000 	C:\WINDOWS\System32\SHCORE.dll
0x00007ffc97c40000 - 0x00007ffc97c95000 	C:\WINDOWS\System32\shlwapi.dll
0x00007ffc96320000 - 0x00007ffc96344000 	C:\WINDOWS\SYSTEM32\profapi.dll
0x00007ffc6efb0000 - 0x00007ffc6efc8000 	C:\Users\4473331\.jdks\openjdk-20.0.1\bin\zip.dll
0x00007ffc8cec0000 - 0x00007ffc8ced3000 	C:\Users\4473331\.jdks\openjdk-20.0.1\bin\net.dll
0x00007ffc927d0000 - 0x00007ffc928dd000 	C:\WINDOWS\SYSTEM32\WINHTTP.dll
0x00007ffc95930000 - 0x00007ffc9599a000 	C:\WINDOWS\system32\mswsock.dll
0x00007ffc7b140000 - 0x00007ffc7b156000 	C:\Users\4473331\.jdks\openjdk-20.0.1\bin\nio.dll
0x00007ffc6ec00000 - 0x00007ffc6ec1a000 	C:\Program Files\JetBrains\IntelliJ IDEA Community Edition 2023.1.2\bin\breakgen64.dll
0x00007ffc782d0000 - 0x00007ffc782d7000 	C:\Users\4473331\.jdks\openjdk-20.0.1\bin\extnet.dll
0x00007ffc954c0000 - 0x00007ffc954f3000 	C:\WINDOWS\SYSTEM32\ntmarta.dll
0x00007ffc6dbf0000 - 0x00007ffc6dc6a000 	C:\Users\4473331\AppData\Local\Temp\1\lwjgl_4473331\3.3.2+13\x64\lwjgl.dll
0x00007ffc6db60000 - 0x00007ffc6dbe2000 	C:\Users\4473331\AppData\Local\Temp\1\lwjgl_4473331\3.3.2+13\x64\glfw.dll
0x00007ffc6e5f0000 - 0x00007ffc6e635000 	C:\WINDOWS\SYSTEM32\dinput8.dll
0x00007ffc6e9f0000 - 0x00007ffc6ea01000 	C:\WINDOWS\SYSTEM32\xinput1_4.dll
0x00007ffc96a00000 - 0x00007ffc96a4e000 	C:\WINDOWS\System32\cfgmgr32.dll
0x00007ffc96180000 - 0x00007ffc961b3000 	C:\WINDOWS\SYSTEM32\DEVOBJ.dll
0x00007ffc938c0000 - 0x00007ffc938ef000 	C:\WINDOWS\SYSTEM32\dwmapi.dll
0x00007ffc88080000 - 0x00007ffc881d2000 	C:\WINDOWS\SYSTEM32\inputhost.dll
0x00007ffc90d40000 - 0x00007ffc90e32000 	C:\WINDOWS\SYSTEM32\CoreMessaging.dll
0x00007ffc8fd80000 - 0x00007ffc900db000 	C:\WINDOWS\SYSTEM32\CoreUIComponents.dll
0x00007ffc917b0000 - 0x00007ffc91907000 	C:\WINDOWS\SYSTEM32\wintypes.dll
0x00007ffc92d40000 - 0x00007ffc92e36000 	C:\WINDOWS\SYSTEM32\PROPSYS.dll
0x00007ffc936d0000 - 0x00007ffc9376e000 	C:\WINDOWS\system32\uxtheme.dll
0x00007ffc97010000 - 0x00007ffc97125000 	C:\WINDOWS\System32\MSCTF.dll
0x00007ffc574e0000 - 0x00007ffc57608000 	C:\WINDOWS\SYSTEM32\opengl32.dll
0x00007ffc57470000 - 0x00007ffc5749c000 	C:\WINDOWS\SYSTEM32\GLU32.dll
0x00007ffc98a80000 - 0x00007ffc98b29000 	C:\WINDOWS\System32\clbcatq.dll
0x00007ffb94eb0000 - 0x00007ffb95e32000 	C:\WINDOWS\System32\DriverStore\FileRepository\iigd_dch.inf_amd64_47794f8eae14cddd\ig12icd64.dll
0x00007ffc97ca0000 - 0x00007ffc97dcb000 	C:\WINDOWS\System32\ole32.dll
0x00007ffc946b0000 - 0x00007ffc947a6000 	C:\WINDOWS\system32\dxgi.dll
0x00007ffc85190000 - 0x00007ffc853e7000 	C:\WINDOWS\System32\DriverStore\FileRepository\iigd_dch.inf_amd64_47794f8eae14cddd\igdgmm64.dll
0x00007ffc82550000 - 0x00007ffc85169000 	C:\WINDOWS\System32\DriverStore\FileRepository\iigd_dch.inf_amd64_47794f8eae14cddd\igc64.dll
0x00007ffc96010000 - 0x00007ffc9605b000 	C:\WINDOWS\SYSTEM32\powrprof.dll
0x00007ffc95e40000 - 0x00007ffc95e52000 	C:\WINDOWS\SYSTEM32\UMPDC.dll
0x00007ffba67c0000 - 0x00007ffba6bcb000 	C:\WINDOWS\System32\DriverStore\FileRepository\iigd_dch.inf_amd64_47794f8eae14cddd\igdml64.dll
0x00007ffc881e0000 - 0x00007ffc882d9000 	C:\WINDOWS\SYSTEM32\textinputframework.dll
0x00007ffc6db00000 - 0x00007ffc6db5e000 	C:\Users\4473331\AppData\Local\Temp\1\lwjgl_4473331\3.3.2+13\x64\lwjgl_opengl.dll

dbghelp: loaded successfully - version: 4.0.5 - missing functions: none
symbol engine: initialized successfully - sym options: 0x614 - pdb path: .;C:\Users\4473331\.jdks\openjdk-20.0.1\bin;C:\WINDOWS\SYSTEM32;C:\WINDOWS\WinSxS\amd64_microsoft.windows.common-controls_6595b64144ccf1df_6.0.19041.4355_none_60b8b9eb71f62e16;C:\Users\4473331\.jdks\openjdk-20.0.1\bin\server;C:\Program Files\JetBrains\IntelliJ IDEA Community Edition 2023.1.2\bin;C:\Users\4473331\AppData\Local\Temp\1\lwjgl_4473331\3.3.2+13\x64;C:\WINDOWS\System32\DriverStore\FileRepository\iigd_dch.inf_amd64_47794f8eae14cddd

VM Arguments:
jvm_args: -javaagent:C:\Program Files\JetBrains\IntelliJ IDEA Community Edition 2023.1.2\lib\idea_rt.jar=52814:C:\Program Files\JetBrains\IntelliJ IDEA Community Edition 2023.1.2\bin -Dfile.encoding=UTF-8 -Dsun.stdout.encoding=UTF-8 -Dsun.stderr.encoding=UTF-8 
java_command: metastasis.metastasis
java_class_path (initial): C:\Users\4473331\Documents\projects\000_grants\wgd_abm\out\production\wgd_abm;C:\Users\4473331\Documents\projects\000_grants\wgd_abm\HAL\lib\lwjgl-assimp-natives-macos-arm64.jar;C:\Users\4473331\Documents\projects\000_grants\wgd_abm\HAL\lib\lwjgl-opengl-natives-linux-arm32.jar;C:\Users\4473331\Documents\projects\000_grants\wgd_abm\HAL\lib\lwjgl-openal-natives-linux-arm64.jar;C:\Users\4473331\Documents\projects\000_grants\wgd_abm\HAL\lib\lwjgl-natives-linux.jar;C:\Users\4473331\Documents\projects\000_grants\wgd_abm\HAL\lib\lwjgl-opengl-natives-macos.jar;C:\Users\4473331\Documents\projects\000_grants\wgd_abm\HAL\lib\lwjgl-natives-windows.jar;C:\Users\4473331\Documents\projects\000_grants\wgd_abm\HAL\lib\lwjgl-assimp-javadoc.jar;C:\Users\4473331\Documents\projects\000_grants\wgd_abm\HAL\lib\lwjgl-opengl-natives-windows-arm64.jar;C:\Users\4473331\Documents\projects\000_grants\wgd_abm\HAL\lib\lwjgl-glfw-natives-windows-arm64.jar;C:\Users\4473331\Documents\projects\000_grants\wgd_abm\HAL\lib\lwjgl-opengl-javadoc.jar;C:\Users\4473331\Documents\projects\000_grants\wgd_abm\HAL\lib\lwjgl-stb-natives-macos.jar;C:\Users\4473331\Documents\projects\000_grants\wgd_abm\HAL\lib\lwjgl-stb-natives-windows-arm64.jar;C:\Users\4473331\Documents\projects\000_grants\wgd_abm\HAL\lib\lwjgl-natives-linux-arm32.jar;C:\Users\4473331\Documents\projects\000_grants\wgd_abm\HAL\lib\lwjgl-opengl-natives-windows-x86.jar;C:\Users\4473331\Documents\projects\000_grants\wgd_abm\HAL\lib\lwjgl-glfw-natives-macos.jar;C:\Users\4473331\Documents\projects\000_grants\wgd_abm\HAL\lib\lwjgl-openal-javadoc.jar;C:\Users\4473331\Documents\projects\000_grants\wgd_abm\HAL\lib\lwjgl-stb-sources.jar;C:\Users\4473331\Documents\projects\000_grants\wgd_abm\HAL\lib\lwjgl-glfw-natives-windows-x86.jar;C:\Users\4473331\Documents\projects\000_grants\wgd_abm\HAL\lib\lwjgl-glfw-javadoc.jar;C:\Users\4473331\Documents\projects\000_grants\wgd_abm\HAL\lib\lwjgl-javadoc.jar;C:\Users\4473331\Documents\projects\000_grants\wgd_abm\HAL\lib\lwjgl-sources.jar;C:\Users\4473331\Documents\projects\000_grants\wgd_abm\HAL\lib\lwjgl-openal-natives-linux-arm32.jar;C:\Users\4473331\Documents\projects\000_grants\wgd_abm\HAL\lib\lwjgl-openal-natives-macos-arm64.jar;C:\Users\4473331\Documents\projects\000_grants\wgd_abm\HAL\lib\lwjgl-assimp-natives-windows.jar;C:\Users\4473331\Documents\projects\000_grants\wgd_abm\HAL\lib\lwjgl-openal-natives-windows-x86.jar;C:\Users\4473331\Documents\projects\000_grants\wgd_abm\HAL\lib\lwjgl-stb-natives-linux.jar;C:\Users\4473331\Documents\projects\000_grants\wgd_abm\HAL\lib\lwjgl-natives-macos.jar;C:\Users\4473331\Documents\projects\000_grants\wgd_abm\HAL\lib\lwjgl-glfw-natives-linux.jar;C:\Users\4473331\Documents\projects\000_grants\wgd_abm\HAL\lib\lwjgl-stb-natives-macos-arm64.jar;C:\Users\4473331\Documents\projects\000_grants\wgd_abm\HAL\lib\lwjgl-openal-natives-windows-arm64.jar;C:\Users\4473331\Documents\projects\000_grants\wgd_abm\HAL\lib\lwjgl-opengl-natives-linux.jar;C:\Users\4473331\Documents\projects\000_grants\wgd_abm\HAL\lib\lwjgl-openal-natives-linux.jar;C:\Users\4473331\Documents\projects\000_grants\wgd_abm\HAL\lib\lwjgl-assimp-natives-linux-arm64.jar;C:\Users\4473331\Documents\projects\000_grants\wgd_abm\HAL\lib\lwjgl-stb-natives-linux-arm32.jar;C:\Users\4473331\Documents\projects\000_grants\wgd_abm\HAL\lib\lwjgl-glfw-natives-macos-arm64.jar;C:\Users\4473331\Documents\projects\000_grants\wgd_abm\HAL\lib\lwjgl-assimp-natives-windows-x86.jar;C:\Users\4473331\Documents\projects\000_grants\wgd_abm\HAL\lib\lwjgl-opengl-natives-windows.jar;C:\Users\4473331\Documents\projects\000_grants\wgd_abm\HAL\lib\lwjgl-glfw.jar;C:\Users\4473331\Documents\projects\000_grants\wgd_abm\HAL\lib\lwjgl-opengl-sources.jar;C:\Users\4473331\Documents\projects\000_grants\wgd_abm\HAL\lib\lwjgl-natives-windows-arm64.jar;C:\Users\4473331\Documents\projects\000_grants\wgd_abm\HAL\lib\lwjgl-openal-sources.jar;C:\Users\4473331\Documents\projects\000_grants\wgd_abm\HAL\lib\lwjgl-stb-natives-linux-arm64.jar;C:\Users\4473331\Documents\projects\000_grants\wgd_abm\HAL\lib\lwjgl-assimp-natives-linux-arm32.jar;C:\Users\4473331\Documents\projects\000_grants\wgd_abm\HAL\lib\lwjgl-glfw-sources.jar;C:\Users\4473331\Documents\projects\000_grants\wgd_abm\HAL\lib\lwjgl-openal-natives-windows.jar;C:\Users\4473331\Documents\projects\000_grants\wgd_abm\HAL\lib\lwjgl-natives-macos-arm64.jar;C:\Users\4473331\Documents\projects\000_grants\wgd_abm\HAL\lib\lwjgl-glfw-natives-windows.jar;C:\Users\4473331\Documents\projects\000_grants\wgd_abm\HAL\lib\lwjgl-stb-javadoc.jar;C:\Users\4473331\Documents\projects\000_grants\wgd_abm\HAL\lib\lwjgl-glfw-natives-linux-arm64.jar;C:\Users\4473331\Documents\projects\000_grants\wgd_abm\HAL\lib\lwjgl-assimp-natives-macos.jar;C:\Users\4473331\Documents\projects\000_grants\wgd_abm\HAL\lib\lwjgl.jar;C:\Users\4473331\Documents\projects\000_grants\wgd_abm\HAL\lib\lwjgl-opengl-natives-linux-arm64.jar;C:\Users\4473331\Documents\projects\000_grants\wgd_abm\HAL\lib\lwjgl-assimp.jar;C:\Users\4473331\Documents\projects\000_grants\wgd_abm\HAL\lib\lwjgl-stb-natives-windows-x86.jar;C:\Users\4473331\Documents\projects\000_grants\wgd_abm\HAL\lib\lwjgl-natives-windows-x86.jar;C:\Users\4473331\Documents\projects\000_grants\wgd_abm\HAL\lib\lwjgl-stb-natives-windows.jar;C:\Users\4473331\Documents\projects\000_grants\wgd_abm\HAL\lib\lwjgl-natives-linux-arm64.jar;C:\Users\4473331\Documents\projects\000_grants\wgd_abm\HAL\lib\lwjgl-openal-natives-macos.jar;C:\Users\4473331\Documents\projects\000_grants\wgd_abm\HAL\lib\lwjgl-openal.jar;C:\Users\4473331\Documents\projects\000_grants\wgd_abm\HAL\lib\lwjgl-assimp-natives-linux.jar;C:\Users\4473331\Documents\projects\000_grants\wgd_abm\HAL\lib\lwjgl-assimp-natives-windows-arm64.jar;C:\Users\4473331\Documents\projects\000_grants\wgd_abm\HAL\lib\lwjgl-assimp-sources.jar;C:\Users\4473331\Documents\projects\000_grants\wgd_abm\HAL\lib\lwjgl-glfw-natives-linux-arm32.jar;C:\Users\4473331\Documents\projects\000_grants\wgd_abm\HAL\lib\lwjgl-opengl-natives-macos-arm64.jar;C:\Users\4473331\Documents\projects\000_grants\wgd_abm\HAL\lib\lwjgl-opengl.jar;C:\Users\4473331\Documents\projects\000_grants\wgd_abm\HAL\lib\lwjgl-stb.jar
Launcher Type: SUN_STANDARD

[Global flags]
     intx CICompilerCount                          = 4                                         {product} {ergonomic}
     uint ConcGCThreads                            = 2                                         {product} {ergonomic}
     uint G1ConcRefinementThreads                  = 8                                         {product} {ergonomic}
   size_t G1HeapRegionSize                         = 2097152                                   {product} {ergonomic}
    uintx GCDrainStackTargetSize                   = 64                                        {product} {ergonomic}
   size_t InitialHeapSize                          = 266338304                                 {product} {ergonomic}
   size_t MarkStackSize                            = 4194304                                   {product} {ergonomic}
   size_t MaxHeapSize                              = 4229955584                                {product} {ergonomic}
   size_t MaxNewSize                               = 2537553920                                {product} {ergonomic}
   size_t MinHeapDeltaBytes                        = 2097152                                   {product} {ergonomic}
   size_t MinHeapSize                              = 8388608                                   {product} {ergonomic}
    uintx NonNMethodCodeHeapSize                   = 5839372                                {pd product} {ergonomic}
    uintx NonProfiledCodeHeapSize                  = 122909434                              {pd product} {ergonomic}
    uintx ProfiledCodeHeapSize                     = 122909434                              {pd product} {ergonomic}
    uintx ReservedCodeCacheSize                    = 251658240                              {pd product} {ergonomic}
     bool SegmentedCodeCache                       = true                                      {product} {ergonomic}
   size_t SoftMaxHeapSize                          = 4229955584                             {manageable} {ergonomic}
     bool UseCompressedClassPointers               = true                           {product lp64_product} {ergonomic}
     bool UseCompressedOops                        = true                           {product lp64_product} {ergonomic}
     bool UseG1GC                                  = true                                      {product} {ergonomic}
     bool UseLargePagesIndividualAllocation        = false                                  {pd product} {ergonomic}

Logging:
Log output configuration:
 #0: stdout all=off uptime,level,tags foldmultilines=false
 #1: stderr all=off uptime,level,tags foldmultilines=false

Environment Variables:
PATH=C:\Program Files (x86)\Common Files\Oracle\Java\java8path;C:\Program Files (x86)\Common Files\Oracle\Java\javapath;C:\WINDOWS\system32;C:\WINDOWS;C:\WINDOWS\System32\Wbem;C:\WINDOWS\System32\WindowsPowerShell\v1.0\;C:\WINDOWS\System32\OpenSSH\;C:\Program Files\Moffitt\Bgupdate;C:\Windows\CCM;C:\Program Files\MATLAB\R2022a\bin;;C:\Program Files\dotnet\;C:\Program Files\Amazon\AWSCLIV2\;C:\Program Files\Scripts;C:\Program Files;C:\Users\4473331\AppData\Local\Microsoft\WindowsApps;C:\Users\4473331\AppData\Local\Programs\Julia-1.6.2\bin;C:\Users\4473331\AppData\Local\Programs\Microsoft VS Code\bin;C:\Users\4473331\AppData\Local\Programs\Git\cmd;C:\Program Files\R\R-4.4.1\bin;C:\rtools40\mingw64\bin;C:\Users\4473331\AppData\Roaming\TinyTeX\bin\win32;C:\Gradle\gradle-4.2.1\bin;C:\Users\4473331\AppData\Roaming\Python\Python311\Scripts;C:\Program Files\JetBrains\PyCharm Community Edition 2023.1.2\bin;;C:\Users\4473331\AppData\Roaming\TinyTeX\bin\windows;C:\Program Files\OpenSSL-Win64\bin;
USERNAME=4473331
OS=Windows_NT
PROCESSOR_IDENTIFIER=Intel64 Family 6 Model 140 Stepping 1, GenuineIntel
TMP=C:\Users\4473331\AppData\Local\Temp\1
TEMP=C:\Users\4473331\AppData\Local\Temp\1




---------------  S Y S T E M  ---------------

OS:
 Windows 10 , 64 bit Build 19041 (10.0.19041.5072)
OS uptime: 2 days 1:01 hours
Hyper-V role detected

CPU: total 8 (initial active 8) (4 cores per cpu, 2 threads per core) family 6 model 140 stepping 1 microcode 0x6e, cx8, cmov, fxsr, ht, mmx, 3dnowpref, sse, sse2, sse3, ssse3, sse4.1, sse4.2, popcnt, lzcnt, tsc, tscinvbit, avx, avx2, aes, erms, clmul, bmi1, bmi2, adx, avx512f, avx512dq, avx512cd, avx512bw, avx512vl, sha, fma, vzeroupper, avx512_vpopcntdq, avx512_vpclmulqdq, avx512_vaes, avx512_vnni, clflush, clflushopt, clwb, avx512_vbmi2, avx512_vbmi, hv, rdtscp, rdpid, fsrm, gfni, avx512_bitalg, f16c, cet_ibt, cet_ss, avx512_ifma

Memory: 4k page, system-wide physical 16129M (2497M free)
TotalPageFile size 25345M (AvailPageFile size 3432M)
current process WorkingSet (physical memory assigned to process): 324M, peak: 333M
current process commit charge ("private bytes"): 419M, peak: 433M

vm_info: OpenJDK 64-Bit Server VM (20.0.1+9-29) for windows-amd64 JRE (20.0.1+9-29), built on 2023-03-07T13:56:11Z by "mach5one" with MS VC++ 17.1 (VS2022)

END.
