#
# A fatal error has been detected by the Java Runtime Environment:
#
#  EXCEPTION_ACCESS_VIOLATION (0xc0000005) at pc=0x00007ff82871fdb5, pid=18068, tid=30312
#
# JRE version: OpenJDK Runtime Environment (20.0.1+9) (build 20.0.1+9-29)
# Java VM: OpenJDK 64-Bit Server VM (20.0.1+9-29, mixed mode, sharing, tiered, compressed oops, compressed class ptrs, g1 gc, windows-amd64)
# Problematic frame:
# C  [ig12icd64.dll+0x2afdb5]
#
# No core dump will be written. Minidumps are not enabled by default on client versions of Windows
#
# If you would like to submit a bug report, please visit:
#   https://bugreport.java.com/bugreport/crash.jsp
#

---------------  S U M M A R Y ------------

Command Line: -javaagent:C:\Program Files\JetBrains\IntelliJ IDEA Community Edition 2023.1.2\lib\idea_rt.jar=56476:C:\Program Files\JetBrains\IntelliJ IDEA Community Edition 2023.1.2\bin -Dfile.encoding=UTF-8 -Dsun.stdout.encoding=UTF-8 -Dsun.stderr.encoding=UTF-8 Examples._3OffLatticeExample.ExampleOffLattice abm/parameters.csv abm/output -v -i

Host: 11th Gen Intel(R) Core(TM) i7-1165G7 @ 2.80GHz, 8 cores, 15G,  Windows 10 , 64 bit Build 19041 (10.0.19041.4842)
Time: Tue Oct 22 16:05:27 2024 Eastern Daylight Time elapsed time: 7.472614 seconds (0d 0h 0m 7s)

---------------  T H R E A D  ---------------

Current thread (0x000001a5cacdb380):  VMThread "VM Thread" [stack: 0x0000001337800000,0x0000001337900000] [id=30312]

Stack: [0x0000001337800000,0x0000001337900000],  sp=0x00000013378fe330,  free space=1016k
Native frames: (J=compiled Java code, j=interpreted, Vv=VM code, C=native code)
C  [ig12icd64.dll+0x2afdb5]


siginfo: EXCEPTION_ACCESS_VIOLATION (0xc0000005), reading address 0x00000000000353a8


Registers:
RAX=0x000001a5d64c7070, RBX=0x000001a5d64c6fa0, RCX=0x0000000000000000, RDX=0x000001a5d64c7070
RSP=0x00000013378fe330, RBP=0x00000013378fe430, RSI=0x0000000000000000, RDI=0x000001a5cf16de10
R8 =0x0000000000000000, R9 =0x0000000000000000, R10=0x0000000000000000, R11=0x0000000000000246
R12=0x0000000000000000, R13=0x000001a5d64c6fa0, R14=0x000001a5d64c74b8, R15=0x000001a5d64cc8a0
RIP=0x00007ff82871fdb5, EFLAGS=0x0000000000010202


Register to memory mapping:

RIP=0x00007ff82871fdb5 ig12icd64.dll
RAX=0x000001a5d64c7070 points into unknown readable memory: 0x000000000019794d | 4d 79 19 00 00 00 00 00
RBX=0x000001a5d64c6fa0 points into unknown readable memory: 0x000001a5cf7dbc10 | 10 bc 7d cf a5 01 00 00
RCX=0x0 is NULL
RDX=0x000001a5d64c7070 points into unknown readable memory: 0x000000000019794d | 4d 79 19 00 00 00 00 00
RSP=0x00000013378fe330 points into unknown readable memory: 0x000001a5cf6fbd00 | 00 bd 6f cf a5 01 00 00
RBP=0x00000013378fe430 points into unknown readable memory: 0x6661207061000a7d | 7d 0a 00 61 70 20 61 66
RSI=0x0 is NULL
RDI=0x000001a5cf16de10 points into unknown readable memory: 0x000001a5cf16de00 | 00 de 16 cf a5 01 00 00
R8 =0x0 is NULL
R9 =0x0 is NULL
R10=0x0 is NULL
R11=0x0000000000000246 is an unknown value
R12=0x0 is NULL
R13=0x000001a5d64c6fa0 points into unknown readable memory: 0x000001a5cf7dbc10 | 10 bc 7d cf a5 01 00 00
R14=0x000001a5d64c74b8 points into unknown readable memory: 0x000001a5d64cc8a0 | a0 c8 4c d6 a5 01 00 00
R15=0x000001a5d64cc8a0 points into unknown readable memory: 0x000001a5cf7dbc10 | 10 bc 7d cf a5 01 00 00


Top of Stack: (sp=0x00000013378fe330)
0x00000013378fe330:   000001a5cf6fbd00 0000000000000000
0x00000013378fe340:   0000000000000000 0000000000000000
0x00000013378fe350:   00000016a9000000 0000000000000000
0x00000013378fe360:   000001a5ab7f1a70 00000013378fec80
0x00000013378fe370:   000001a5cf6fbd00 00007ff829abcb9f
0x00000013378fe380:   00007ff829d7f401 00000013378fe390
0x00000013378fe390:   000000000000003e 0000000000000013
0x00000013378fe3a0:   207373616c632020 00007ff829abcbd7
0x00000013378fe3b0:   3034206465737520 00007ff829abe3fc
0x00000013378fe3c0:   00000013378fec80 0000000000000002
0x00000013378fe3d0:   00000013378ff3b8 000001a5a93e9bf0
0x00000013378fe3e0:   000001a5a93e9bf0 00007ff829abcc73
0x00000013378fe3f0:   000001a5ab7f1a70 00000013378fec80
0x00000013378fe400:   0000000000000000 393034282073726f
0x00000013378fe410:   7830002000294b01 00000013378fe420
0x00000013378fe420:   0000000000000002 0000000000000029
0x00000013378fe430:   6661207061000a7d 6920434720726574
0x00000013378fe440:   6f697461636f766e 75662820323d736e
0x00000013378fe450:   000a3a2930206c6c 000001a5a92f0000
0x00000013378fe460:   0000000000000010 0000000000000010
0x00000013378fe470:   0000cebbadbdd268 00007ff8c63547b1
0x00000013378fe480:   0000000000000000 0000000000000000
0x00000013378fe490:   0000000000000000 0000000000000000
0x00000013378fe4a0:   0000000000000000 0000000000000000
0x00000013378fe4b0:   0000000000000000 0000000000000000
0x00000013378fe4c0:   0000000000000000 0000000000000000
0x00000013378fe4d0:   0000000000000000 0000000000000000
0x00000013378fe4e0:   0000000000000000 0000000000000000
0x00000013378fe4f0:   0000000000000000 0000000000000000
0x00000013378fe500:   404e000000000000 0000000000000000
0x00000013378fe510:   0000000000000000 0000000000000000
0x00000013378fe520:   000001a5cf892558 000000000019848c 

Instructions: (pc=0x00007ff82871fdb5)
0x00007ff82871fcb5:   48 8b cb ff 15 42 74 7f 00 90 4c 8b bf 80 02 00
0x00007ff82871fcc5:   00 48 8b 05 73 d3 b1 00 8b 80 1c 0a 00 00 89 44
0x00007ff82871fcd5:   24 24 c6 44 24 20 00 48 c7 87 80 02 00 00 00 00
0x00007ff82871fce5:   00 00 c7 87 88 02 00 00 00 00 00 00 48 c7 87 a0
0x00007ff82871fcf5:   02 00 00 00 00 00 00 48 c7 87 90 02 00 00 00 00
0x00007ff82871fd05:   00 00 48 85 f6 75 3d 8b 35 3e 67 c1 00 65 48 8b
0x00007ff82871fd15:   04 25 58 00 00 00 b9 30 00 00 00 48 8b 04 f0 80
0x00007ff82871fd25:   3c 01 00 0f 84 7e 29 6c 00 65 48 8b 04 25 58 00
0x00007ff82871fd35:   00 00 b9 08 00 00 00 48 8b 04 f0 48 8b 34 01 48
0x00007ff82871fd45:   89 74 24 28 48 3b 35 10 8b c1 00 0f 84 37 11 00
0x00007ff82871fd55:   00 4d 85 ff 0f 84 37 01 00 00 90 49 8b df 4d 8b
0x00007ff82871fd65:   ef 4d 8d b7 18 05 00 00 4d 8b 3e 45 84 e4 0f 85
0x00007ff82871fd75:   b4 0f 00 00 8b 8f d0 01 00 00 48 8b 05 ba d2 b1
0x00007ff82871fd85:   00 83 b8 54 03 00 00 02 75 33 48 8d 93 d0 00 00
0x00007ff82871fd95:   00 83 f9 10 0f 83 73 01 00 00 8b c1 48 c1 e0 06
0x00007ff82871fda5:   48 03 c2 48 85 c0 0f 84 d5 01 00 00 4c 8b 40 08
0x00007ff82871fdb5:   4c 3b 86 a8 53 03 00 0f 87 8e 0f 00 00 48 83 bb
0x00007ff82871fdc5:   70 05 00 00 00 0f 85 0f 29 6c 00 44 8b 87 d0 01
0x00007ff82871fdd5:   00 00 48 8b 87 e8 01 00 00 48 8b 10 8b 8f d0 01
0x00007ff82871fde5:   00 00 48 8d b3 d0 00 00 00 83 f9 10 0f 83 54 01
0x00007ff82871fdf5:   00 00 8b c1 48 c1 e0 06 48 03 c6 48 85 c0 0f 84
0x00007ff82871fe05:   85 01 00 00 48 39 50 08 0f 86 7b 01 00 00 48 8b
0x00007ff82871fe15:   87 80 02 00 00 49 89 06 48 89 9f 80 02 00 00 ff
0x00007ff82871fe25:   87 88 02 00 00 48 8b 4b 08 48 8b 01 ba 01 00 00
0x00007ff82871fe35:   00 48 8b 80 e0 02 00 00 ff 15 9d 77 7f 00 0f b7
0x00007ff82871fe45:   c8 48 2b c1 48 05 00 00 01 00 48 01 87 90 02 00
0x00007ff82871fe55:   00 48 8b 4b 08 48 8b 01 ba 01 00 00 00 48 8b 80
0x00007ff82871fe65:   e0 02 00 00 ff 15 71 77 7f 00 48 01 87 a0 02 00
0x00007ff82871fe75:   00 48 8b 74 24 28 0f b6 54 24 20 4d 85 ff 0f 85
0x00007ff82871fe85:   d7 fe ff ff 84 d2 0f 85 5c 10 00 00 48 8b 5c 24
0x00007ff82871fe95:   40 48 8b cf 80 7c 24 22 00 0f 85 36 10 00 00 e8
0x00007ff82871fea5:   a7 f0 ff ff 90 48 8b cb ff 15 7d 73 7f 00 48 8b 


Stack slot to memory mapping:
stack at sp + 0 slots: 0x000001a5cf6fbd00 points into unknown readable memory: 0xffffffffffffffff | ff ff ff ff ff ff ff ff
stack at sp + 1 slots: 0x0 is NULL
stack at sp + 2 slots: 0x0 is NULL
stack at sp + 3 slots: 0x0 is NULL
stack at sp + 4 slots: 0x00000016a9000000 is an unknown value
stack at sp + 5 slots: 0x0 is NULL
stack at sp + 6 slots: 0x000001a5ab7f1a70 points into unknown readable memory: 0x00007ff829d7e3e8 | e8 e3 d7 29 f8 7f 00 00
stack at sp + 7 slots: 0x00000013378fec80 points into unknown readable memory: 0x000001a5a92f0328 | 28 03 2f a9 a5 01 00 00

VM_Operation (0x00000013382fee90): Exit, mode: safepoint, requested by thread 0x000001a5d65697c0


---------------  P R O C E S S  ---------------

Threads class SMR info:
_java_thread_list=0x000001a5d64b0df0, length=14, elements={
0x000001a5ab7dc130, 0x000001a5cacfa780, 0x000001a5cacfb580, 0x000001a5cacfc680,
0x000001a5cad00350, 0x000001a5cad02d90, 0x000001a5cad037c0, 0x000001a5cad11a40,
0x000001a5cad144c0, 0x000001a5cf0dd4f0, 0x000001a5cf350ad0, 0x000001a5cf17aec0,
0x000001a5d6503f60, 0x000001a5d65697c0
}

Java Threads: ( => current thread )
  0x000001a5ab7dc130 JavaThread "main" [_thread_blocked, id=27292, stack(0x0000001337200000,0x0000001337300000)]
  0x000001a5cacfa780 JavaThread "Reference Handler" daemon [_thread_blocked, id=20820, stack(0x0000001337900000,0x0000001337a00000)]
  0x000001a5cacfb580 JavaThread "Finalizer" daemon [_thread_blocked, id=16352, stack(0x0000001337a00000,0x0000001337b00000)]
  0x000001a5cacfc680 JavaThread "Signal Dispatcher" daemon [_thread_blocked, id=29432, stack(0x0000001337b00000,0x0000001337c00000)]
  0x000001a5cad00350 JavaThread "Attach Listener" daemon [_thread_blocked, id=5420, stack(0x0000001337c00000,0x0000001337d00000)]
  0x000001a5cad02d90 JavaThread "Service Thread" daemon [_thread_blocked, id=21292, stack(0x0000001337d00000,0x0000001337e00000)]
  0x000001a5cad037c0 JavaThread "Monitor Deflation Thread" daemon [_thread_blocked, id=16380, stack(0x0000001337e00000,0x0000001337f00000)]
  0x000001a5cad11a40 JavaThread "C2 CompilerThread0" daemon [_thread_blocked, id=4320, stack(0x0000001337f00000,0x0000001338000000)]
  0x000001a5cad144c0 JavaThread "C1 CompilerThread0" daemon [_thread_blocked, id=22252, stack(0x0000001338000000,0x0000001338100000)]
  0x000001a5cf0dd4f0 JavaThread "Common-Cleaner" daemon [_thread_blocked, id=14724, stack(0x0000001338100000,0x0000001338200000)]
  0x000001a5cf350ad0 JavaThread "Monitor Ctrl-Break" daemon [_thread_in_native, id=28236, stack(0x0000001338300000,0x0000001338400000)]
  0x000001a5cf17aec0 JavaThread "Notification Thread" daemon [_thread_blocked, id=9636, stack(0x0000001338400000,0x0000001338500000)]
  0x000001a5d6503f60 JavaThread "Java2D Disposer" daemon [_thread_blocked, id=28032, stack(0x0000001339200000,0x0000001339300000)]
  0x000001a5d65697c0 JavaThread "SIGINT handler" daemon [_thread_blocked, id=26416, stack(0x0000001338200000,0x0000001338300000)]

Other Threads:
=>0x000001a5cacdb380 VMThread "VM Thread" [stack: 0x0000001337800000,0x0000001337900000] [id=30312]
  0x000001a5ab849df0 WorkerThread "GC Thread#0" [stack: 0x0000001337300000,0x0000001337400000] [id=31436]
  0x000001a5d656d600 WorkerThread "GC Thread#1" [stack: 0x0000001338b00000,0x0000001338c00000] [id=23044]
  0x000001a5d64770c0 WorkerThread "GC Thread#2" [stack: 0x0000001338c00000,0x0000001338d00000] [id=8420]
  0x000001a5d659af60 WorkerThread "GC Thread#3" [stack: 0x0000001338d00000,0x0000001338e00000] [id=16276]
  0x000001a5d659ac90 WorkerThread "GC Thread#4" [stack: 0x0000001338e00000,0x0000001338f00000] [id=16376]
  0x000001a5d659a6f0 WorkerThread "GC Thread#5" [stack: 0x0000001338f00000,0x0000001339000000] [id=18468]
  0x000001a5d659b230 WorkerThread "GC Thread#6" [stack: 0x0000001339000000,0x0000001339100000] [id=24452]
  0x000001a5d659b7d0 WorkerThread "GC Thread#7" [stack: 0x0000001339100000,0x0000001339200000] [id=18924]
  0x000001a5a93edee0 ConcurrentGCThread "G1 Main Marker" terminated
  0x000001a5a93eeab0 WorkerThread "G1 Conc#0" [stack: 0x0000001337500000,0x0000001337600000] [id=19772]
  0x000001a5cab9c580 ConcurrentGCThread "G1 Refine#0" terminated
  0x000001a5cab9cec0 ConcurrentGCThread "G1 Service" terminated

Threads with active compile tasks:

VM state: at safepoint (shutting down)

VM Mutex/Monitor currently owned by a thread:  ([mutex/lock_event])
[0x000001a5ab7d7900] Threads_lock - owner thread: 0x000001a5cacdb380
[0x000001a5ab7d6940] Heap_lock - owner thread: 0x000001a5d65697c0

Heap address: 0x0000000703e00000, size: 4034 MB, Compressed Oops mode: Zero based, Oop shift amount: 3

CDS archive(s) mapped at: [0x0000000800000000-0x0000000800c60000-0x0000000800c60000), size 12976128, SharedBaseAddress: 0x0000000800000000, ArchiveRelocationMode: 0.
Compressed class space mapped at: 0x0000000801000000-0x0000000841000000, reserved size: 1073741824
Narrow klass base: 0x0000000800000000, Narrow klass shift: 0, Narrow klass range: 0x100000000

GC Precious Log:
 CardTable entry size: 512
 Card Set container configuration: InlinePtr #cards 4 size 8 Array Of Cards #cards 16 size 48 Howl #buckets 8 coarsen threshold 3686 Howl Bitmap #cards 512 size 80 coarsen threshold 460 Card regions per heap region 1 cards per card region 4096
 CPUs: 8 total, 8 available
 Memory: 16129M
 Large Page Support: Disabled
 NUMA Support: Disabled
 Compressed Oops: Enabled (Zero based)
 Heap Region Size: 2M
 Heap Min Capacity: 8M
 Heap Initial Capacity: 254M
 Heap Max Capacity: 4034M
 Pre-touch: Disabled
 Parallel Workers: 8
 Concurrent Workers: 2
 Concurrent Refinement Workers: 8
 Periodic GC: Disabled

Heap:
 garbage-first heap   total 260096K, used 99486K [0x0000000703e00000, 0x0000000800000000)
  region size 2048K, 50 young (102400K), 2 survivors (4096K)
 Metaspace       used 5562K, committed 5760K, reserved 1114112K
  class space    used 406K, committed 512K, reserved 1048576K

Heap Regions: E=young(eden), S=young(survivor), O=old, HS=humongous(starts), HC=humongous(continues), CS=collection set, F=free, OA=open archive, CA=closed archive, TAMS=top-at-mark-start, PB=parsable bottom
|   0|0x0000000703e00000, 0x0000000703e00000, 0x0000000704000000|  0%| F|  |TAMS 0x0000000703e00000| PB 0x0000000703e00000| Untracked 
|   1|0x0000000704000000, 0x0000000704000000, 0x0000000704200000|  0%| F|  |TAMS 0x0000000704000000| PB 0x0000000704000000| Untracked 
|   2|0x0000000704200000, 0x0000000704200000, 0x0000000704400000|  0%| F|  |TAMS 0x0000000704200000| PB 0x0000000704200000| Untracked 
|   3|0x0000000704400000, 0x0000000704400000, 0x0000000704600000|  0%| F|  |TAMS 0x0000000704400000| PB 0x0000000704400000| Untracked 
|   4|0x0000000704600000, 0x0000000704600000, 0x0000000704800000|  0%| F|  |TAMS 0x0000000704600000| PB 0x0000000704600000| Untracked 
|   5|0x0000000704800000, 0x0000000704800000, 0x0000000704a00000|  0%| F|  |TAMS 0x0000000704800000| PB 0x0000000704800000| Untracked 
|   6|0x0000000704a00000, 0x0000000704a00000, 0x0000000704c00000|  0%| F|  |TAMS 0x0000000704a00000| PB 0x0000000704a00000| Untracked 
|   7|0x0000000704c00000, 0x0000000704c00000, 0x0000000704e00000|  0%| F|  |TAMS 0x0000000704c00000| PB 0x0000000704c00000| Untracked 
|   8|0x0000000704e00000, 0x0000000704e00000, 0x0000000705000000|  0%| F|  |TAMS 0x0000000704e00000| PB 0x0000000704e00000| Untracked 
|   9|0x0000000705000000, 0x0000000705000000, 0x0000000705200000|  0%| F|  |TAMS 0x0000000705000000| PB 0x0000000705000000| Untracked 
|  10|0x0000000705200000, 0x0000000705200000, 0x0000000705400000|  0%| F|  |TAMS 0x0000000705200000| PB 0x0000000705200000| Untracked 
|  11|0x0000000705400000, 0x0000000705400000, 0x0000000705600000|  0%| F|  |TAMS 0x0000000705400000| PB 0x0000000705400000| Untracked 
|  12|0x0000000705600000, 0x0000000705600000, 0x0000000705800000|  0%| F|  |TAMS 0x0000000705600000| PB 0x0000000705600000| Untracked 
|  13|0x0000000705800000, 0x0000000705800000, 0x0000000705a00000|  0%| F|  |TAMS 0x0000000705800000| PB 0x0000000705800000| Untracked 
|  14|0x0000000705a00000, 0x0000000705a00000, 0x0000000705c00000|  0%| F|  |TAMS 0x0000000705a00000| PB 0x0000000705a00000| Untracked 
|  15|0x0000000705c00000, 0x0000000705c00000, 0x0000000705e00000|  0%| F|  |TAMS 0x0000000705c00000| PB 0x0000000705c00000| Untracked 
|  16|0x0000000705e00000, 0x0000000705e00000, 0x0000000706000000|  0%| F|  |TAMS 0x0000000705e00000| PB 0x0000000705e00000| Untracked 
|  17|0x0000000706000000, 0x0000000706000000, 0x0000000706200000|  0%| F|  |TAMS 0x0000000706000000| PB 0x0000000706000000| Untracked 
|  18|0x0000000706200000, 0x0000000706200000, 0x0000000706400000|  0%| F|  |TAMS 0x0000000706200000| PB 0x0000000706200000| Untracked 
|  19|0x0000000706400000, 0x0000000706400000, 0x0000000706600000|  0%| F|  |TAMS 0x0000000706400000| PB 0x0000000706400000| Untracked 
|  20|0x0000000706600000, 0x0000000706600000, 0x0000000706800000|  0%| F|  |TAMS 0x0000000706600000| PB 0x0000000706600000| Untracked 
|  21|0x0000000706800000, 0x0000000706800000, 0x0000000706a00000|  0%| F|  |TAMS 0x0000000706800000| PB 0x0000000706800000| Untracked 
|  22|0x0000000706a00000, 0x0000000706a00000, 0x0000000706c00000|  0%| F|  |TAMS 0x0000000706a00000| PB 0x0000000706a00000| Untracked 
|  23|0x0000000706c00000, 0x0000000706c00000, 0x0000000706e00000|  0%| F|  |TAMS 0x0000000706c00000| PB 0x0000000706c00000| Untracked 
|  24|0x0000000706e00000, 0x0000000706e00000, 0x0000000707000000|  0%| F|  |TAMS 0x0000000706e00000| PB 0x0000000706e00000| Untracked 
|  25|0x0000000707000000, 0x0000000707000000, 0x0000000707200000|  0%| F|  |TAMS 0x0000000707000000| PB 0x0000000707000000| Untracked 
|  26|0x0000000707200000, 0x0000000707200000, 0x0000000707400000|  0%| F|  |TAMS 0x0000000707200000| PB 0x0000000707200000| Untracked 
|  27|0x0000000707400000, 0x0000000707400000, 0x0000000707600000|  0%| F|  |TAMS 0x0000000707400000| PB 0x0000000707400000| Untracked 
|  28|0x0000000707600000, 0x0000000707600000, 0x0000000707800000|  0%| F|  |TAMS 0x0000000707600000| PB 0x0000000707600000| Untracked 
|  29|0x0000000707800000, 0x0000000707800000, 0x0000000707a00000|  0%| F|  |TAMS 0x0000000707800000| PB 0x0000000707800000| Untracked 
|  30|0x0000000707a00000, 0x0000000707a00000, 0x0000000707c00000|  0%| F|  |TAMS 0x0000000707a00000| PB 0x0000000707a00000| Untracked 
|  31|0x0000000707c00000, 0x0000000707c00000, 0x0000000707e00000|  0%| F|  |TAMS 0x0000000707c00000| PB 0x0000000707c00000| Untracked 
|  32|0x0000000707e00000, 0x0000000707e00000, 0x0000000708000000|  0%| F|  |TAMS 0x0000000707e00000| PB 0x0000000707e00000| Untracked 
|  33|0x0000000708000000, 0x0000000708000000, 0x0000000708200000|  0%| F|  |TAMS 0x0000000708000000| PB 0x0000000708000000| Untracked 
|  34|0x0000000708200000, 0x0000000708200000, 0x0000000708400000|  0%| F|  |TAMS 0x0000000708200000| PB 0x0000000708200000| Untracked 
|  35|0x0000000708400000, 0x0000000708400000, 0x0000000708600000|  0%| F|  |TAMS 0x0000000708400000| PB 0x0000000708400000| Untracked 
|  36|0x0000000708600000, 0x0000000708600000, 0x0000000708800000|  0%| F|  |TAMS 0x0000000708600000| PB 0x0000000708600000| Untracked 
|  37|0x0000000708800000, 0x0000000708800000, 0x0000000708a00000|  0%| F|  |TAMS 0x0000000708800000| PB 0x0000000708800000| Untracked 
|  38|0x0000000708a00000, 0x0000000708a00000, 0x0000000708c00000|  0%| F|  |TAMS 0x0000000708a00000| PB 0x0000000708a00000| Untracked 
|  39|0x0000000708c00000, 0x0000000708c00000, 0x0000000708e00000|  0%| F|  |TAMS 0x0000000708c00000| PB 0x0000000708c00000| Untracked 
|  40|0x0000000708e00000, 0x0000000708e00000, 0x0000000709000000|  0%| F|  |TAMS 0x0000000708e00000| PB 0x0000000708e00000| Untracked 
|  41|0x0000000709000000, 0x0000000709000000, 0x0000000709200000|  0%| F|  |TAMS 0x0000000709000000| PB 0x0000000709000000| Untracked 
|  42|0x0000000709200000, 0x0000000709200000, 0x0000000709400000|  0%| F|  |TAMS 0x0000000709200000| PB 0x0000000709200000| Untracked 
|  43|0x0000000709400000, 0x0000000709400000, 0x0000000709600000|  0%| F|  |TAMS 0x0000000709400000| PB 0x0000000709400000| Untracked 
|  44|0x0000000709600000, 0x0000000709600000, 0x0000000709800000|  0%| F|  |TAMS 0x0000000709600000| PB 0x0000000709600000| Untracked 
|  45|0x0000000709800000, 0x0000000709800000, 0x0000000709a00000|  0%| F|  |TAMS 0x0000000709800000| PB 0x0000000709800000| Untracked 
|  46|0x0000000709a00000, 0x0000000709a00000, 0x0000000709c00000|  0%| F|  |TAMS 0x0000000709a00000| PB 0x0000000709a00000| Untracked 
|  47|0x0000000709c00000, 0x0000000709c00000, 0x0000000709e00000|  0%| F|  |TAMS 0x0000000709c00000| PB 0x0000000709c00000| Untracked 
|  48|0x0000000709e00000, 0x0000000709e00000, 0x000000070a000000|  0%| F|  |TAMS 0x0000000709e00000| PB 0x0000000709e00000| Untracked 
|  49|0x000000070a000000, 0x000000070a000000, 0x000000070a200000|  0%| F|  |TAMS 0x000000070a000000| PB 0x000000070a000000| Untracked 
|  50|0x000000070a200000, 0x000000070a200000, 0x000000070a400000|  0%| F|  |TAMS 0x000000070a200000| PB 0x000000070a200000| Untracked 
|  51|0x000000070a400000, 0x000000070a400000, 0x000000070a600000|  0%| F|  |TAMS 0x000000070a400000| PB 0x000000070a400000| Untracked 
|  52|0x000000070a600000, 0x000000070a600000, 0x000000070a800000|  0%| F|  |TAMS 0x000000070a600000| PB 0x000000070a600000| Untracked 
|  53|0x000000070a800000, 0x000000070a800000, 0x000000070aa00000|  0%| F|  |TAMS 0x000000070a800000| PB 0x000000070a800000| Untracked 
|  54|0x000000070aa00000, 0x000000070aa00000, 0x000000070ac00000|  0%| F|  |TAMS 0x000000070aa00000| PB 0x000000070aa00000| Untracked 
|  55|0x000000070ac00000, 0x000000070ac00000, 0x000000070ae00000|  0%| F|  |TAMS 0x000000070ac00000| PB 0x000000070ac00000| Untracked 
|  56|0x000000070ae00000, 0x000000070ae00000, 0x000000070b000000|  0%| F|  |TAMS 0x000000070ae00000| PB 0x000000070ae00000| Untracked 
|  57|0x000000070b000000, 0x000000070b000000, 0x000000070b200000|  0%| F|  |TAMS 0x000000070b000000| PB 0x000000070b000000| Untracked 
|  58|0x000000070b200000, 0x000000070b200000, 0x000000070b400000|  0%| F|  |TAMS 0x000000070b200000| PB 0x000000070b200000| Untracked 
|  59|0x000000070b400000, 0x000000070b400000, 0x000000070b600000|  0%| F|  |TAMS 0x000000070b400000| PB 0x000000070b400000| Untracked 
|  60|0x000000070b600000, 0x000000070b600000, 0x000000070b800000|  0%| F|  |TAMS 0x000000070b600000| PB 0x000000070b600000| Untracked 
|  61|0x000000070b800000, 0x000000070b800000, 0x000000070ba00000|  0%| F|  |TAMS 0x000000070b800000| PB 0x000000070b800000| Untracked 
|  62|0x000000070ba00000, 0x000000070ba00000, 0x000000070bc00000|  0%| F|  |TAMS 0x000000070ba00000| PB 0x000000070ba00000| Untracked 
|  63|0x000000070bc00000, 0x000000070bc00000, 0x000000070be00000|  0%| F|  |TAMS 0x000000070bc00000| PB 0x000000070bc00000| Untracked 
|  64|0x000000070be00000, 0x000000070be00000, 0x000000070c000000|  0%| F|  |TAMS 0x000000070be00000| PB 0x000000070be00000| Untracked 
|  65|0x000000070c000000, 0x000000070c000000, 0x000000070c200000|  0%| F|  |TAMS 0x000000070c000000| PB 0x000000070c000000| Untracked 
|  66|0x000000070c200000, 0x000000070c200000, 0x000000070c400000|  0%| F|  |TAMS 0x000000070c200000| PB 0x000000070c200000| Untracked 
|  67|0x000000070c400000, 0x000000070c400000, 0x000000070c600000|  0%| F|  |TAMS 0x000000070c400000| PB 0x000000070c400000| Untracked 
|  68|0x000000070c600000, 0x000000070c600000, 0x000000070c800000|  0%| F|  |TAMS 0x000000070c600000| PB 0x000000070c600000| Untracked 
|  69|0x000000070c800000, 0x000000070c800000, 0x000000070ca00000|  0%| F|  |TAMS 0x000000070c800000| PB 0x000000070c800000| Untracked 
|  70|0x000000070ca00000, 0x000000070ca00000, 0x000000070cc00000|  0%| F|  |TAMS 0x000000070ca00000| PB 0x000000070ca00000| Untracked 
|  71|0x000000070cc00000, 0x000000070cc00000, 0x000000070ce00000|  0%| F|  |TAMS 0x000000070cc00000| PB 0x000000070cc00000| Untracked 
|  72|0x000000070ce00000, 0x000000070ce00000, 0x000000070d000000|  0%| F|  |TAMS 0x000000070ce00000| PB 0x000000070ce00000| Untracked 
|  73|0x000000070d000000, 0x000000070d000000, 0x000000070d200000|  0%| F|  |TAMS 0x000000070d000000| PB 0x000000070d000000| Untracked 
|  74|0x000000070d200000, 0x000000070d200000, 0x000000070d400000|  0%| F|  |TAMS 0x000000070d200000| PB 0x000000070d200000| Untracked 
|  75|0x000000070d400000, 0x000000070d400000, 0x000000070d600000|  0%| F|  |TAMS 0x000000070d400000| PB 0x000000070d400000| Untracked 
|  76|0x000000070d600000, 0x000000070d600000, 0x000000070d800000|  0%| F|  |TAMS 0x000000070d600000| PB 0x000000070d600000| Untracked 
|  77|0x000000070d800000, 0x000000070da00000, 0x000000070da00000|100%| E|  |TAMS 0x000000070d800000| PB 0x000000070d800000| Complete 
|  78|0x000000070da00000, 0x000000070dc00000, 0x000000070dc00000|100%| E|CS|TAMS 0x000000070da00000| PB 0x000000070da00000| Complete 
|  79|0x000000070dc00000, 0x000000070de00000, 0x000000070de00000|100%| E|CS|TAMS 0x000000070dc00000| PB 0x000000070dc00000| Complete 
|  80|0x000000070de00000, 0x000000070e000000, 0x000000070e000000|100%| E|CS|TAMS 0x000000070de00000| PB 0x000000070de00000| Complete 
|  81|0x000000070e000000, 0x000000070e200000, 0x000000070e200000|100%| E|CS|TAMS 0x000000070e000000| PB 0x000000070e000000| Complete 
|  82|0x000000070e200000, 0x000000070e400000, 0x000000070e400000|100%| E|CS|TAMS 0x000000070e200000| PB 0x000000070e200000| Complete 
|  83|0x000000070e400000, 0x000000070e600000, 0x000000070e600000|100%| E|CS|TAMS 0x000000070e400000| PB 0x000000070e400000| Complete 
|  84|0x000000070e600000, 0x000000070e800000, 0x000000070e800000|100%| E|CS|TAMS 0x000000070e600000| PB 0x000000070e600000| Complete 
|  85|0x000000070e800000, 0x000000070ea00000, 0x000000070ea00000|100%| E|CS|TAMS 0x000000070e800000| PB 0x000000070e800000| Complete 
|  86|0x000000070ea00000, 0x000000070ec00000, 0x000000070ec00000|100%| E|CS|TAMS 0x000000070ea00000| PB 0x000000070ea00000| Complete 
|  87|0x000000070ec00000, 0x000000070ee00000, 0x000000070ee00000|100%| E|CS|TAMS 0x000000070ec00000| PB 0x000000070ec00000| Complete 
|  88|0x000000070ee00000, 0x000000070f000000, 0x000000070f000000|100%| E|CS|TAMS 0x000000070ee00000| PB 0x000000070ee00000| Complete 
|  89|0x000000070f000000, 0x000000070f200000, 0x000000070f200000|100%| E|CS|TAMS 0x000000070f000000| PB 0x000000070f000000| Complete 
|  90|0x000000070f200000, 0x000000070f400000, 0x000000070f400000|100%| E|CS|TAMS 0x000000070f200000| PB 0x000000070f200000| Complete 
|  91|0x000000070f400000, 0x000000070f600000, 0x000000070f600000|100%| E|CS|TAMS 0x000000070f400000| PB 0x000000070f400000| Complete 
|  92|0x000000070f600000, 0x000000070f800000, 0x000000070f800000|100%| E|CS|TAMS 0x000000070f600000| PB 0x000000070f600000| Complete 
|  93|0x000000070f800000, 0x000000070fa00000, 0x000000070fa00000|100%| E|CS|TAMS 0x000000070f800000| PB 0x000000070f800000| Complete 
|  94|0x000000070fa00000, 0x000000070fc00000, 0x000000070fc00000|100%| E|CS|TAMS 0x000000070fa00000| PB 0x000000070fa00000| Complete 
|  95|0x000000070fc00000, 0x000000070fe00000, 0x000000070fe00000|100%| E|CS|TAMS 0x000000070fc00000| PB 0x000000070fc00000| Complete 
|  96|0x000000070fe00000, 0x0000000710000000, 0x0000000710000000|100%| E|CS|TAMS 0x000000070fe00000| PB 0x000000070fe00000| Complete 
|  97|0x0000000710000000, 0x0000000710200000, 0x0000000710200000|100%| E|CS|TAMS 0x0000000710000000| PB 0x0000000710000000| Complete 
|  98|0x0000000710200000, 0x0000000710400000, 0x0000000710400000|100%| E|CS|TAMS 0x0000000710200000| PB 0x0000000710200000| Complete 
|  99|0x0000000710400000, 0x0000000710600000, 0x0000000710600000|100%| E|CS|TAMS 0x0000000710400000| PB 0x0000000710400000| Complete 
| 100|0x0000000710600000, 0x0000000710800000, 0x0000000710800000|100%| E|CS|TAMS 0x0000000710600000| PB 0x0000000710600000| Complete 
| 101|0x0000000710800000, 0x0000000710a00000, 0x0000000710a00000|100%| E|CS|TAMS 0x0000000710800000| PB 0x0000000710800000| Complete 
| 102|0x0000000710a00000, 0x0000000710c00000, 0x0000000710c00000|100%| E|CS|TAMS 0x0000000710a00000| PB 0x0000000710a00000| Complete 
| 103|0x0000000710c00000, 0x0000000710e00000, 0x0000000710e00000|100%| E|CS|TAMS 0x0000000710c00000| PB 0x0000000710c00000| Complete 
| 104|0x0000000710e00000, 0x0000000711000000, 0x0000000711000000|100%| E|CS|TAMS 0x0000000710e00000| PB 0x0000000710e00000| Complete 
| 105|0x0000000711000000, 0x0000000711127960, 0x0000000711200000| 57%| S|CS|TAMS 0x0000000711000000| PB 0x0000000711000000| Complete 
| 106|0x0000000711200000, 0x0000000711400000, 0x0000000711400000|100%| S|CS|TAMS 0x0000000711200000| PB 0x0000000711200000| Complete 
| 107|0x0000000711400000, 0x0000000711600000, 0x0000000711600000|100%| E|CS|TAMS 0x0000000711400000| PB 0x0000000711400000| Complete 
| 108|0x0000000711600000, 0x0000000711800000, 0x0000000711800000|100%| E|CS|TAMS 0x0000000711600000| PB 0x0000000711600000| Complete 
| 109|0x0000000711800000, 0x0000000711a00000, 0x0000000711a00000|100%| E|CS|TAMS 0x0000000711800000| PB 0x0000000711800000| Complete 
| 110|0x0000000711a00000, 0x0000000711c00000, 0x0000000711c00000|100%| E|CS|TAMS 0x0000000711a00000| PB 0x0000000711a00000| Complete 
| 111|0x0000000711c00000, 0x0000000711e00000, 0x0000000711e00000|100%| E|CS|TAMS 0x0000000711c00000| PB 0x0000000711c00000| Complete 
| 112|0x0000000711e00000, 0x0000000712000000, 0x0000000712000000|100%| E|CS|TAMS 0x0000000711e00000| PB 0x0000000711e00000| Complete 
| 113|0x0000000712000000, 0x0000000712200000, 0x0000000712200000|100%| E|CS|TAMS 0x0000000712000000| PB 0x0000000712000000| Complete 
| 114|0x0000000712200000, 0x0000000712400000, 0x0000000712400000|100%| E|CS|TAMS 0x0000000712200000| PB 0x0000000712200000| Complete 
| 115|0x0000000712400000, 0x0000000712600000, 0x0000000712600000|100%| E|CS|TAMS 0x0000000712400000| PB 0x0000000712400000| Complete 
| 116|0x0000000712600000, 0x0000000712800000, 0x0000000712800000|100%| E|CS|TAMS 0x0000000712600000| PB 0x0000000712600000| Complete 
| 117|0x0000000712800000, 0x0000000712a00000, 0x0000000712a00000|100%| E|CS|TAMS 0x0000000712800000| PB 0x0000000712800000| Complete 
| 118|0x0000000712a00000, 0x0000000712c00000, 0x0000000712c00000|100%| E|CS|TAMS 0x0000000712a00000| PB 0x0000000712a00000| Complete 
| 119|0x0000000712c00000, 0x0000000712e00000, 0x0000000712e00000|100%| E|CS|TAMS 0x0000000712c00000| PB 0x0000000712c00000| Complete 
| 120|0x0000000712e00000, 0x0000000713000000, 0x0000000713000000|100%| E|CS|TAMS 0x0000000712e00000| PB 0x0000000712e00000| Complete 
| 121|0x0000000713000000, 0x0000000713200000, 0x0000000713200000|100%| E|CS|TAMS 0x0000000713000000| PB 0x0000000713000000| Complete 
| 122|0x0000000713200000, 0x0000000713400000, 0x0000000713400000|100%| E|CS|TAMS 0x0000000713200000| PB 0x0000000713200000| Complete 
| 123|0x0000000713400000, 0x0000000713600000, 0x0000000713600000|100%| E|CS|TAMS 0x0000000713400000| PB 0x0000000713400000| Complete 
| 124|0x0000000713600000, 0x0000000713800000, 0x0000000713800000|100%| E|CS|TAMS 0x0000000713600000| PB 0x0000000713600000| Complete 
| 125|0x0000000713800000, 0x0000000713a00000, 0x0000000713a00000|100%| E|CS|TAMS 0x0000000713800000| PB 0x0000000713800000| Complete 
| 126|0x0000000713a00000, 0x0000000713c00000, 0x0000000713c00000|100%| E|CS|TAMS 0x0000000713a00000| PB 0x0000000713a00000| Complete 

Card table byte_map: [0x000001a5c33b0000,0x000001a5c3ba0000] _byte_map_base: 0x000001a5bfb91000

Marking Bits: (CMBitMap*) 0x000001a5ab84a420
 Bits: [0x000001a5c4390000, 0x000001a5c8298000)

Polling page: 0x000001a5a9510000

Metaspace:

Usage:
  Non-class:      5.04 MB used.
      Class:    406.27 KB used.
       Both:      5.43 MB used.

Virtual space:
  Non-class space:       64.00 MB reserved,       5.12 MB (  8%) committed,  1 nodes.
      Class space:        1.00 GB reserved,     512.00 KB ( <1%) committed,  1 nodes.
             Both:        1.06 GB reserved,       5.62 MB ( <1%) committed. 

Chunk freelists:
   Non-Class:  1.77 MB
       Class:  3.52 MB
        Both:  5.29 MB

MaxMetaspaceSize: unlimited
CompressedClassSpaceSize: 1.00 GB
Initial GC threshold: 21.00 MB
Current GC threshold: 21.00 MB
CDS: on
MetaspaceReclaimPolicy: balanced
 - commit_granule_bytes: 65536.
 - commit_granule_words: 8192.
 - virtual_space_node_default_size: 8388608.
 - enlarge_chunks_in_place: 1.
 - new_chunks_are_fully_committed: 0.
 - uncommit_free_chunks: 1.
 - use_allocation_guard: 0.


Internal statistics:

num_allocs_failed_limit: 0.
num_arena_births: 206.
num_arena_deaths: 0.
num_vsnodes_births: 2.
num_vsnodes_deaths: 0.
num_space_committed: 88.
num_space_uncommitted: 0.
num_chunks_returned_to_freelist: 0.
num_chunks_taken_from_freelist: 329.
num_chunk_merges: 0.
num_chunk_splits: 206.
num_chunks_enlarged: 121.
num_inconsistent_stats: 0.

CodeHeap 'non-profiled nmethods': size=120000Kb used=649Kb max_used=649Kb free=119350Kb
 bounds [0x000001a5bb350000, 0x000001a5bb5c0000, 0x000001a5c2880000]
CodeHeap 'profiled nmethods': size=120000Kb used=1796Kb max_used=1796Kb free=118204Kb
 bounds [0x000001a5b3880000, 0x000001a5b3af0000, 0x000001a5badb0000]
CodeHeap 'non-nmethods': size=5760Kb used=2525Kb max_used=2551Kb free=3234Kb
 bounds [0x000001a5badb0000, 0x000001a5bb040000, 0x000001a5bb350000]
 total_blobs=2437 nmethods=1289 adapters=1059
 compilation: enabled
              stopped_count=0, restarted_count=0
 full_count=0

Compilation events (20 events):
Event: 5.139 Thread 0x000001a5cad144c0 1279       3       Examples._3OffLatticeExample.ExampleOffLattice::calcFront (114 bytes)
Event: 5.139 Thread 0x000001a5cad144c0 nmethod 1279 0x000001a5b3a3ef10 code [0x000001a5b3a3f120, 0x000001a5b3a3fb20]
Event: 5.471 Thread 0x000001a5cad11a40 1280 %     4       Examples._3OffLatticeExample.ExampleOffLattice::calcFront @ 7 (114 bytes)
Event: 5.481 Thread 0x000001a5cad11a40 nmethod 1280% 0x000001a5bb3ee810 code [0x000001a5bb3ee9c0, 0x000001a5bb3eef88]
Event: 5.506 Thread 0x000001a5cad144c0 1283       3       HAL.Gui.OpenGL2DWindow::IsClosed (17 bytes)
Event: 5.506 Thread 0x000001a5cad144c0 nmethod 1283 0x000001a5b3a3fd10 code [0x000001a5b3a3fea0, 0x000001a5b3a40048]
Event: 5.506 Thread 0x000001a5cad144c0 1284       3       org.lwjgl.glfw.GLFW::glfwWindowShouldClose (29 bytes)
Event: 5.506 Thread 0x000001a5cad144c0 nmethod 1284 0x000001a5b3a40110 code [0x000001a5b3a402c0, 0x000001a5b3a405b0]
Event: 5.539 Thread 0x000001a5cad11a40 1285       4       Examples._3OffLatticeExample.ExampleOffLattice::calcFront (114 bytes)
Event: 5.566 Thread 0x000001a5cad11a40 nmethod 1285 0x000001a5bb3efb10 code [0x000001a5bb3efd00, 0x000001a5bb3f0838]
Event: 5.724 Thread 0x000001a5cad11a40 1286       4       HAL.Tools.Internal.ADIequations$$Lambda$53/0x00000008010249e0::<init> (50 bytes)
Event: 5.726 Thread 0x000001a5cad11a40 nmethod 1286 0x000001a5bb3f0e10 code [0x000001a5bb3f0f80, 0x000001a5bb3f1230]
Event: 5.850 Thread 0x000001a5cad144c0 1287       3       org.lwjgl.glfw.GLFW::glfwSwapBuffers (21 bytes)
Event: 5.851 Thread 0x000001a5cad144c0 nmethod 1287 0x000001a5b3a40710 code [0x000001a5b3a408c0, 0x000001a5b3a40b58]
Event: 5.854 Thread 0x000001a5cad144c0 1288       3       org.lwjgl.glfw.GLFW::glfwPollEvents (9 bytes)
Event: 5.854 Thread 0x000001a5cad144c0 nmethod 1288 0x000001a5b3a40c90 code [0x000001a5b3a40e20, 0x000001a5b3a40f38]
Event: 6.207 Thread 0x000001a5cad11a40 1289       4       HAL.GridsAndAgents.AgentGrid2D::GetAgentsRad (186 bytes)
Event: 6.214 Thread 0x000001a5cad11a40 nmethod 1289 0x000001a5bb3f1290 code [0x000001a5bb3f1420, 0x000001a5bb3f1908]
Event: 6.871 Thread 0x000001a5cad11a40 1290       4       HAL.GridsAndAgents.AgentPT2D::AddSQ (83 bytes)
Event: 6.878 Thread 0x000001a5cad11a40 nmethod 1290 0x000001a5bb3f1d10 code [0x000001a5bb3f1ec0, 0x000001a5bb3f2478]

GC Heap History (4 events):
Event: 1.030 GC heap before
{Heap before GC invocations=0 (full 0):
 garbage-first heap   total 260096K, used 24576K [0x0000000703e00000, 0x0000000800000000)
  region size 2048K, 11 young (22528K), 0 survivors (0K)
 Metaspace       used 4825K, committed 5120K, reserved 1114112K
  class space    used 324K, committed 448K, reserved 1048576K
}
Event: 1.033 GC heap after
{Heap after GC invocations=1 (full 0):
 garbage-first heap   total 260096K, used 7253K [0x0000000703e00000, 0x0000000800000000)
  region size 2048K, 2 young (4096K), 2 survivors (4096K)
 Metaspace       used 4825K, committed 5120K, reserved 1114112K
  class space    used 324K, committed 448K, reserved 1048576K
}
Event: 3.258 GC heap before
{Heap before GC invocations=1 (full 0):
 garbage-first heap   total 260096K, used 44117K [0x0000000703e00000, 0x0000000800000000)
  region size 2048K, 20 young (40960K), 2 survivors (4096K)
 Metaspace       used 5555K, committed 5760K, reserved 1114112K
  class space    used 405K, committed 512K, reserved 1048576K
}
Event: 3.261 GC heap after
{Heap after GC invocations=2 (full 0):
 garbage-first heap   total 260096K, used 3230K [0x0000000703e00000, 0x0000000800000000)
  region size 2048K, 2 young (4096K), 2 survivors (4096K)
 Metaspace       used 5555K, committed 5760K, reserved 1114112K
  class space    used 405K, committed 512K, reserved 1048576K
}

Dll operation events (14 events):
Event: 0.023 Loaded shared library C:\Users\4473331\.jdks\openjdk-20.0.1\bin\java.dll
Event: 0.037 Loaded shared library C:\Users\4473331\.jdks\openjdk-20.0.1\bin\jsvml.dll
Event: 0.141 Loaded shared library C:\Users\4473331\.jdks\openjdk-20.0.1\bin\zip.dll
Event: 0.143 Loaded shared library C:\Users\4473331\.jdks\openjdk-20.0.1\bin\instrument.dll
Event: 0.151 Loaded shared library C:\Users\4473331\.jdks\openjdk-20.0.1\bin\net.dll
Event: 0.155 Loaded shared library C:\Users\4473331\.jdks\openjdk-20.0.1\bin\nio.dll
Event: 0.158 Loaded shared library C:\Users\4473331\.jdks\openjdk-20.0.1\bin\zip.dll
Event: 0.232 Loaded shared library C:\Program Files\JetBrains\IntelliJ IDEA Community Edition 2023.1.2\bin\breakgen64.dll
Event: 0.243 Loaded shared library C:\Users\4473331\.jdks\openjdk-20.0.1\bin\extnet.dll
Event: 0.250 Loaded shared library C:\Users\4473331\.jdks\openjdk-20.0.1\bin\jimage.dll
Event: 0.346 Loaded shared library C:\Users\4473331\AppData\Local\Temp\1\lwjgl_4473331\3.3.2+13\x64\lwjgl.dll
Event: 0.730 Loaded shared library C:\Users\4473331\AppData\Local\Temp\1\lwjgl_4473331\3.3.2+13\x64\lwjgl_opengl.dll
Event: 0.948 Loaded shared library C:\Users\4473331\.jdks\openjdk-20.0.1\bin\awt.dll
Event: 1.080 Loaded shared library C:\Users\4473331\.jdks\openjdk-20.0.1\bin\javajpeg.dll

Deoptimization events (20 events):
Event: 2.490 Thread 0x000001a5ab7dc130 DEOPT PACKING pc=0x000001a5bb3bc924 sp=0x00000013372ff2d0
Event: 2.490 Thread 0x000001a5ab7dc130 DEOPT UNPACKING pc=0x000001a5badcd2a2 sp=0x00000013372ff0a8 mode 2
Event: 2.508 Thread 0x000001a5ab7dc130 Uncommon trap: trap_request=0xffffff45 fr.pc=0x000001a5bb3bba44 relative=0x0000000000000344
Event: 2.508 Thread 0x000001a5ab7dc130 Uncommon trap: reason=unstable_if action=reinterpret pc=0x000001a5bb3bba44 method=HAL.Interfaces.Grid2D.In(II)Z @ 1 c2
Event: 2.508 Thread 0x000001a5ab7dc130 DEOPT PACKING pc=0x000001a5bb3bba44 sp=0x00000013372ff1c0
Event: 2.508 Thread 0x000001a5ab7dc130 DEOPT UNPACKING pc=0x000001a5badcd2a2 sp=0x00000013372ff058 mode 2
Event: 2.623 Thread 0x000001a5ab7dc130 DEOPT PACKING pc=0x000001a5b3a1e678 sp=0x00000013372ff330
Event: 2.623 Thread 0x000001a5ab7dc130 DEOPT UNPACKING pc=0x000001a5bae1e462 sp=0x00000013372fe7e8 mode 0
Event: 2.674 Thread 0x000001a5ab7dc130 DEOPT PACKING pc=0x000001a5b3a1e678 sp=0x00000013372ff330
Event: 2.674 Thread 0x000001a5ab7dc130 DEOPT UNPACKING pc=0x000001a5bae1e462 sp=0x00000013372fe7e8 mode 0
Event: 2.724 Thread 0x000001a5ab7dc130 DEOPT PACKING pc=0x000001a5b3a1e678 sp=0x00000013372ff330
Event: 2.724 Thread 0x000001a5ab7dc130 DEOPT UNPACKING pc=0x000001a5bae1e462 sp=0x00000013372fe7e8 mode 0
Event: 2.742 Thread 0x000001a5ab7dc130 DEOPT PACKING pc=0x000001a5b3a34621 sp=0x00000013372ff2d0
Event: 2.742 Thread 0x000001a5ab7dc130 DEOPT UNPACKING pc=0x000001a5bae1e462 sp=0x00000013372fe788 mode 0
Event: 2.775 Thread 0x000001a5ab7dc130 DEOPT PACKING pc=0x000001a5b3a1e678 sp=0x00000013372ff330
Event: 2.775 Thread 0x000001a5ab7dc130 DEOPT UNPACKING pc=0x000001a5bae1e462 sp=0x00000013372fe7e8 mode 0
Event: 2.842 Thread 0x000001a5ab7dc130 DEOPT PACKING pc=0x000001a5b3a2f594 sp=0x00000013372ff2e0
Event: 2.842 Thread 0x000001a5ab7dc130 DEOPT UNPACKING pc=0x000001a5bae1e462 sp=0x00000013372fe7f8 mode 0
Event: 5.539 Thread 0x000001a5ab7dc130 DEOPT PACKING pc=0x000001a5b3a3fa74 sp=0x00000013372ff330
Event: 5.539 Thread 0x000001a5ab7dc130 DEOPT UNPACKING pc=0x000001a5bae1e462 sp=0x00000013372fe7e8 mode 0

Classes loaded (20 events):
Event: 1.085 Loading class sun/java2d/DisposerTarget
Event: 1.085 Loading class sun/java2d/DisposerTarget done
Event: 1.086 Loading class javax/imageio/ImageIO$CacheInfo
Event: 1.086 Loading class javax/imageio/ImageIO$CacheInfo done
Event: 1.086 Loading class javax/imageio/stream/FileImageOutputStream
Event: 1.086 Loading class javax/imageio/stream/ImageOutputStreamImpl
Event: 1.086 Loading class javax/imageio/stream/ImageInputStreamImpl
Event: 1.087 Loading class javax/imageio/stream/ImageInputStreamImpl done
Event: 1.087 Loading class javax/imageio/stream/ImageOutputStreamImpl done
Event: 1.087 Loading class javax/imageio/stream/FileImageOutputStream done
Event: 1.087 Loading class java/lang/Throwable$WrappedPrintStream
Event: 1.087 Loading class java/lang/Throwable$PrintStreamOrWriter
Event: 1.087 Loading class java/lang/Throwable$PrintStreamOrWriter done
Event: 1.087 Loading class java/lang/Throwable$WrappedPrintStream done
Event: 1.088 Loading class java/lang/StackTraceElement$HashedModules
Event: 1.088 Loading class java/lang/StackTraceElement$HashedModules done
Event: 1.088 Loading class javax/imageio/IIOException
Event: 1.088 Loading class javax/imageio/IIOException done
Event: 6.912 Loading class jdk/internal/misc/Signal$1
Event: 6.912 Loading class jdk/internal/misc/Signal$1 done

Classes unloaded (0 events):
No events

Classes redefined (0 events):
No events

Internal exceptions (20 events):
Event: 0.364 Thread 0x000001a5ab7dc130 Exception <a 'java/lang/NoSuchMethodError'{0x00000007135b59e8}: 'java.lang.Object java.lang.invoke.DirectMethodHandle$Holder.newInvokeSpecial(java.lang.Object, java.lang.Object, long)'> (0x00000007135b59e8) 
thrown [s\open\src\hotspot\share\interpreter\linkResolver.cpp, line 773]
Event: 0.364 Thread 0x000001a5ab7dc130 Exception <a 'java/lang/NoSuchMethodError'{0x00000007135b97a0}: 'java.lang.Object java.lang.invoke.Invokers$Holder.linkToTargetMethod(java.lang.Object, long, java.lang.Object)'> (0x00000007135b97a0) 
thrown [s\open\src\hotspot\share\interpreter\linkResolver.cpp, line 773]
Event: 0.365 Thread 0x000001a5ab7dc130 Exception <a 'java/lang/NoSuchMethodError'{0x00000007135c07d8}: 'int java.lang.invoke.DirectMethodHandle$Holder.invokeStaticInit(java.lang.Object, java.lang.Object, java.lang.Object, long)'> (0x00000007135c07d8) 
thrown [s\open\src\hotspot\share\interpreter\linkResolver.cpp, line 773]
Event: 0.393 Thread 0x000001a5ab7dc130 Exception <a 'sun/nio/fs/WindowsException'{0x0000000713297d20}> (0x0000000713297d20) 
thrown [s\open\src\hotspot\share\prims\jni.cpp, line 519]
Event: 0.393 Thread 0x000001a5ab7dc130 Exception <a 'sun/nio/fs/WindowsException'{0x00000007132980b0}> (0x00000007132980b0) 
thrown [s\open\src\hotspot\share\prims\jni.cpp, line 519]
Event: 0.406 Thread 0x000001a5ab7dc130 Exception <a 'java/lang/NoSuchMethodError'{0x00000007132bd3d8}: 'int java.lang.invoke.Invokers$Holder.invokeExact_MT(java.lang.Object, java.lang.Object)'> (0x00000007132bd3d8) 
thrown [s\open\src\hotspot\share\interpreter\linkResolver.cpp, line 773]
Event: 0.716 Thread 0x000001a5ab7dc130 Exception <a 'java/lang/NoSuchMethodError'{0x000000071333a148}: 'void java.lang.System.load(java.lang.String, java.lang.Class)'> (0x000000071333a148) 
thrown [s\open\src\hotspot\share\interpreter\linkResolver.cpp, line 773]
Event: 0.717 Thread 0x000001a5ab7dc130 Exception <a 'java/lang/NoSuchMethodError'{0x000000071333cf30}: 'void java.lang.System.loadLibrary(java.lang.String, java.lang.Class)'> (0x000000071333cf30) 
thrown [s\open\src\hotspot\share\interpreter\linkResolver.cpp, line 773]
Event: 0.726 Thread 0x000001a5ab7dc130 Exception <a 'sun/nio/fs/WindowsException'{0x000000071334df40}> (0x000000071334df40) 
thrown [s\open\src\hotspot\share\prims\jni.cpp, line 519]
Event: 0.726 Thread 0x000001a5ab7dc130 Exception <a 'sun/nio/fs/WindowsException'{0x000000071334e300}> (0x000000071334e300) 
thrown [s\open\src\hotspot\share\prims\jni.cpp, line 519]
Event: 0.734 Thread 0x000001a5ab7dc130 Exception <a 'sun/nio/fs/WindowsException'{0x000000071335e4d8}> (0x000000071335e4d8) 
thrown [s\open\src\hotspot\share\prims\jni.cpp, line 519]
Event: 0.735 Thread 0x000001a5ab7dc130 Exception <a 'sun/nio/fs/WindowsException'{0x000000071335e7d8}> (0x000000071335e7d8) 
thrown [s\open\src\hotspot\share\prims\jni.cpp, line 519]
Event: 0.796 Thread 0x000001a5ab7dc130 Exception <a 'java/lang/NoSuchMethodError'{0x000000071309e7b8}: 'void java.lang.invoke.Invokers$Holder.invokeExact_MT(java.lang.Object, java.lang.Object, java.lang.Object, java.lang.Object)'> (0x000000071309e7b8) 
thrown [s\open\src\hotspot\share\interpreter\linkResolver.cpp, line 773]
Event: 0.823 Thread 0x000001a5ab7dc130 Exception <a 'java/lang/NoSuchMethodError'{0x0000000713125830}: 'java.lang.Object java.lang.invoke.DirectMethodHandle$Holder.newInvokeSpecial(java.lang.Object, java.lang.Object, int, int)'> (0x0000000713125830) 
thrown [s\open\src\hotspot\share\interpreter\linkResolver.cpp, line 773]
Event: 0.826 Thread 0x000001a5ab7dc130 Exception <a 'java/lang/NoSuchMethodError'{0x00000007131487e0}: 'java.lang.Object java.lang.invoke.DirectMethodHandle$Holder.invokeSpecial(java.lang.Object, java.lang.Object, double, double)'> (0x00000007131487e0) 
thrown [s\open\src\hotspot\share\interpreter\linkResolver.cpp, line 773]
Event: 0.972 Thread 0x000001a5ab7dc130 Exception <a 'java/lang/ClassNotFoundException'{0x00000007131b9260}: sun/awt/resources/spi/awtProvider> (0x00000007131b9260) 
thrown [s\open\src\hotspot\share\classfile\systemDictionary.cpp, line 305]
Event: 0.975 Thread 0x000001a5cad00350 Exception <a 'java/lang/NoSuchMethodError'{0x0000000712e73798}: 'java.lang.Object java.lang.invoke.Invokers$Holder.invokeExact_MT(java.lang.Object, java.lang.Object, java.lang.Object, java.lang.Object, java.lang.Object, java.lang.Object)'> (0x0000000712e73798) 
thrown [s\open\src\hotspot\share\interpreter\linkResolver.cpp, line 773]
Event: 0.990 Thread 0x000001a5ab7dc130 Exception <a 'java/io/FileNotFoundException'{0x0000000712ee3498}> (0x0000000712ee3498) 
thrown [s\open\src\hotspot\share\prims\jni.cpp, line 519]
Event: 0.995 Thread 0x000001a5ab7dc130 Exception <a 'java/io/FileNotFoundException'{0x0000000712f0d100}> (0x0000000712f0d100) 
thrown [s\open\src\hotspot\share\prims\jni.cpp, line 519]
Event: 1.087 Thread 0x000001a5ab7dc130 Exception <a 'java/io/FileNotFoundException'{0x0000000712c48e60}> (0x0000000712c48e60) 
thrown [s\open\src\hotspot\share\prims\jni.cpp, line 519]

VM Operations (20 events):
Event: 0.257 Executing VM operation: HandshakeAllThreads done
Event: 0.333 Executing VM operation: HandshakeAllThreads
Event: 0.333 Executing VM operation: HandshakeAllThreads done
Event: 0.343 Executing VM operation: HandshakeAllThreads
Event: 0.343 Executing VM operation: HandshakeAllThreads done
Event: 1.029 Executing VM operation: G1CollectForAllocation
Event: 1.033 Executing VM operation: G1CollectForAllocation done
Event: 1.051 Executing VM operation: HandshakeAllThreads
Event: 1.051 Executing VM operation: HandshakeAllThreads done
Event: 1.056 Executing VM operation: HandshakeAllThreads
Event: 1.056 Executing VM operation: HandshakeAllThreads done
Event: 2.068 Executing VM operation: Cleanup
Event: 2.069 Executing VM operation: Cleanup done
Event: 3.258 Executing VM operation: G1CollectForAllocation
Event: 3.261 Executing VM operation: G1CollectForAllocation done
Event: 4.264 Executing VM operation: Cleanup
Event: 4.264 Executing VM operation: Cleanup done
Event: 5.267 Executing VM operation: Cleanup
Event: 5.268 Executing VM operation: Cleanup done
Event: 6.913 Executing VM operation: Exit

Events (20 events):
Event: 0.054 Thread 0x000001a5cad00350 Thread added: 0x000001a5cad00350
Event: 0.054 Thread 0x000001a5cad02d90 Thread added: 0x000001a5cad02d90
Event: 0.054 Thread 0x000001a5cad037c0 Thread added: 0x000001a5cad037c0
Event: 0.054 Thread 0x000001a5cad11a40 Thread added: 0x000001a5cad11a40
Event: 0.054 Thread 0x000001a5cad144c0 Thread added: 0x000001a5cad144c0
Event: 0.122 Thread 0x000001a5cf0dd4f0 Thread added: 0x000001a5cf0dd4f0
Event: 0.192 Thread 0x000001a5cf1d8f70 Thread added: 0x000001a5cf1d8f70
Event: 0.233 Thread 0x000001a5cf350ad0 Thread added: 0x000001a5cf350ad0
Event: 0.233 Thread 0x000001a5cf17aec0 Thread added: 0x000001a5cf17aec0
Event: 0.955 Thread 0x000001a5cf1d8f70 Thread exited: 0x000001a5cf1d8f70
Event: 1.003 Thread 0x000001a5d6566dd0 Thread added: 0x000001a5d6566dd0
Event: 1.085 Thread 0x000001a5d6503f60 Thread added: 0x000001a5d6503f60
Event: 1.092 Thread 0x000001a5d6527150 Thread added: 0x000001a5d6527150
Event: 1.309 Thread 0x000001a5d6527150 Thread exited: 0x000001a5d6527150
Event: 1.510 Thread 0x000001a5d6566dd0 Thread exited: 0x000001a5d6566dd0
Event: 2.675 Thread 0x000001a5d65697c0 Thread added: 0x000001a5d65697c0
Event: 2.675 Thread 0x000001a5d6918800 Thread added: 0x000001a5d6918800
Event: 3.261 Thread 0x000001a5d6918800 Thread exited: 0x000001a5d6918800
Event: 3.342 Thread 0x000001a5d65697c0 Thread exited: 0x000001a5d65697c0
Event: 6.912 Thread 0x000001a5d65697c0 Thread added: 0x000001a5d65697c0


Dynamic libraries:
0x00007ff72fc60000 - 0x00007ff72fc6e000 	C:\Users\4473331\.jdks\openjdk-20.0.1\bin\java.exe
0x00007ff8c6330000 - 0x00007ff8c6528000 	C:\WINDOWS\SYSTEM32\ntdll.dll
0x00007ff8c4a20000 - 0x00007ff8c4ae1000 	C:\WINDOWS\System32\KERNEL32.dll
0x00007ff8c36d0000 - 0x00007ff8c37d1000 	C:\Windows\system32\hmpalert.dll
0x00007ff8c3b10000 - 0x00007ff8c3e0d000 	C:\WINDOWS\System32\KERNELBASE.dll
0x00007ff8c3a10000 - 0x00007ff8c3b10000 	C:\WINDOWS\System32\ucrtbase.dll
0x00007ff8abde0000 - 0x00007ff8abdfb000 	C:\Users\4473331\.jdks\openjdk-20.0.1\bin\VCRUNTIME140.dll
0x00007ff8bba40000 - 0x00007ff8bba57000 	C:\Users\4473331\.jdks\openjdk-20.0.1\bin\jli.dll
0x00007ff8c60f0000 - 0x00007ff8c628d000 	C:\WINDOWS\System32\USER32.dll
0x00007ff8c39e0000 - 0x00007ff8c3a02000 	C:\WINDOWS\System32\win32u.dll
0x00007ff8c4f60000 - 0x00007ff8c4f8b000 	C:\WINDOWS\System32\GDI32.dll
0x00007ff8c3e10000 - 0x00007ff8c3f27000 	C:\WINDOWS\System32\gdi32full.dll
0x00007ff8c4130000 - 0x00007ff8c41cd000 	C:\WINDOWS\System32\msvcp_win.dll
0x00007ff8aafa0000 - 0x00007ff8ab23a000 	C:\WINDOWS\WinSxS\amd64_microsoft.windows.common-controls_6595b64144ccf1df_6.0.19041.4355_none_60b8b9eb71f62e16\COMCTL32.dll
0x00007ff8c48d0000 - 0x00007ff8c496e000 	C:\WINDOWS\System32\msvcrt.dll
0x00007ff8c5630000 - 0x00007ff8c565f000 	C:\WINDOWS\System32\IMM32.DLL
0x00007ff8bc280000 - 0x00007ff8bc28c000 	C:\Users\4473331\.jdks\openjdk-20.0.1\bin\vcruntime140_1.dll
0x00007ff8a0730000 - 0x00007ff8a07be000 	C:\Users\4473331\.jdks\openjdk-20.0.1\bin\msvcp140.dll
0x00007ff829400000 - 0x00007ff82a097000 	C:\Users\4473331\.jdks\openjdk-20.0.1\bin\server\jvm.dll
0x00007ff8c5370000 - 0x00007ff8c5420000 	C:\WINDOWS\System32\ADVAPI32.dll
0x00007ff8c4970000 - 0x00007ff8c4a10000 	C:\WINDOWS\System32\sechost.dll
0x00007ff8c4720000 - 0x00007ff8c4843000 	C:\WINDOWS\System32\RPCRT4.dll
0x00007ff8c4100000 - 0x00007ff8c4127000 	C:\WINDOWS\System32\bcrypt.dll
0x00007ff8aaa60000 - 0x00007ff8aaa87000 	C:\WINDOWS\SYSTEM32\WINMM.dll
0x00007ff8a9a10000 - 0x00007ff8a9a19000 	C:\WINDOWS\SYSTEM32\WSOCK32.dll
0x00007ff8c2580000 - 0x00007ff8c258a000 	C:\WINDOWS\SYSTEM32\VERSION.dll
0x00007ff8c5fb0000 - 0x00007ff8c601b000 	C:\WINDOWS\System32\WS2_32.dll
0x00007ff8c24e0000 - 0x00007ff8c24f2000 	C:\WINDOWS\SYSTEM32\kernel.appcore.dll
0x00007ff8bb9e0000 - 0x00007ff8bb9ea000 	C:\Users\4473331\.jdks\openjdk-20.0.1\bin\jimage.dll
0x00007ff8bf1f0000 - 0x00007ff8bf3d4000 	C:\WINDOWS\SYSTEM32\DBGHELP.DLL
0x00007ff89ae40000 - 0x00007ff89ae74000 	C:\WINDOWS\SYSTEM32\dbgcore.DLL
0x00007ff8c42d0000 - 0x00007ff8c4352000 	C:\WINDOWS\System32\bcryptPrimitives.dll
0x00007ff8b98c0000 - 0x00007ff8b98ce000 	C:\Users\4473331\.jdks\openjdk-20.0.1\bin\instrument.dll
0x00007ff8992b0000 - 0x00007ff8992d6000 	C:\Users\4473331\.jdks\openjdk-20.0.1\bin\java.dll
0x00007ff88f640000 - 0x00007ff88f717000 	C:\Users\4473331\.jdks\openjdk-20.0.1\bin\jsvml.dll
0x00007ff8c5840000 - 0x00007ff8c5faf000 	C:\WINDOWS\System32\SHELL32.dll
0x00007ff8c1460000 - 0x00007ff8c1c03000 	C:\WINDOWS\SYSTEM32\windows.storage.dll
0x00007ff8c43c0000 - 0x00007ff8c4713000 	C:\WINDOWS\System32\combase.dll
0x00007ff8c3150000 - 0x00007ff8c317e000 	C:\WINDOWS\SYSTEM32\Wldp.dll
0x00007ff8c6020000 - 0x00007ff8c60ed000 	C:\WINDOWS\System32\OLEAUT32.dll
0x00007ff8c5790000 - 0x00007ff8c583d000 	C:\WINDOWS\System32\SHCORE.dll
0x00007ff8c5110000 - 0x00007ff8c5165000 	C:\WINDOWS\System32\shlwapi.dll
0x00007ff8c3910000 - 0x00007ff8c3934000 	C:\WINDOWS\SYSTEM32\profapi.dll
0x00007ff8a5f60000 - 0x00007ff8a5f78000 	C:\Users\4473331\.jdks\openjdk-20.0.1\bin\zip.dll
0x00007ff8a6ae0000 - 0x00007ff8a6af3000 	C:\Users\4473331\.jdks\openjdk-20.0.1\bin\net.dll
0x00007ff8be0b0000 - 0x00007ff8be1bd000 	C:\WINDOWS\SYSTEM32\WINHTTP.dll
0x00007ff8c2f30000 - 0x00007ff8c2f9a000 	C:\WINDOWS\system32\mswsock.dll
0x00007ff8a69d0000 - 0x00007ff8a69e6000 	C:\Users\4473331\.jdks\openjdk-20.0.1\bin\nio.dll
0x00007ff8a4ed0000 - 0x00007ff8a4eea000 	C:\Program Files\JetBrains\IntelliJ IDEA Community Edition 2023.1.2\bin\breakgen64.dll
0x00007ff8b97c0000 - 0x00007ff8b97c7000 	C:\Users\4473331\.jdks\openjdk-20.0.1\bin\extnet.dll
0x00007ff88fab0000 - 0x00007ff88fb2a000 	C:\Users\4473331\AppData\Local\Temp\1\lwjgl_4473331\3.3.2+13\x64\lwjgl.dll
0x00007ff883df0000 - 0x00007ff883e72000 	C:\Users\4473331\AppData\Local\Temp\1\lwjgl_4473331\3.3.2+13\x64\glfw.dll
0x00007ff899260000 - 0x00007ff8992a5000 	C:\WINDOWS\SYSTEM32\dinput8.dll
0x00007ff8a2220000 - 0x00007ff8a2231000 	C:\WINDOWS\SYSTEM32\xinput1_4.dll
0x00007ff8c4280000 - 0x00007ff8c42ce000 	C:\WINDOWS\System32\cfgmgr32.dll
0x00007ff8c35e0000 - 0x00007ff8c3613000 	C:\WINDOWS\SYSTEM32\DEVOBJ.dll
0x00007ff8c0dc0000 - 0x00007ff8c0def000 	C:\WINDOWS\SYSTEM32\dwmapi.dll
0x00007ff8b76f0000 - 0x00007ff8b7842000 	C:\WINDOWS\SYSTEM32\inputhost.dll
0x00007ff8bf900000 - 0x00007ff8bfa57000 	C:\WINDOWS\SYSTEM32\wintypes.dll
0x00007ff8c0420000 - 0x00007ff8c0516000 	C:\WINDOWS\SYSTEM32\PROPSYS.dll
0x00007ff8bd140000 - 0x00007ff8bd49b000 	C:\WINDOWS\SYSTEM32\CoreUIComponents.dll
0x00007ff8bda70000 - 0x00007ff8bdb62000 	C:\WINDOWS\SYSTEM32\CoreMessaging.dll
0x00007ff8c2ac0000 - 0x00007ff8c2af3000 	C:\WINDOWS\SYSTEM32\ntmarta.dll
0x00007ff8c0c80000 - 0x00007ff8c0d1e000 	C:\WINDOWS\system32\uxtheme.dll
0x00007ff8c51a0000 - 0x00007ff8c52b5000 	C:\WINDOWS\System32\MSCTF.dll
0x00007ff885eb0000 - 0x00007ff885fd8000 	C:\WINDOWS\SYSTEM32\opengl32.dll
0x00007ff88b890000 - 0x00007ff88b8bc000 	C:\WINDOWS\SYSTEM32\GLU32.dll
0x00007ff8c52c0000 - 0x00007ff8c5369000 	C:\WINDOWS\System32\clbcatq.dll
0x00007ff828470000 - 0x00007ff8293f2000 	C:\WINDOWS\System32\DriverStore\FileRepository\iigd_dch.inf_amd64_47794f8eae14cddd\ig12icd64.dll
0x00007ff8c5660000 - 0x00007ff8c578b000 	C:\WINDOWS\System32\ole32.dll
0x00007ff8c1d80000 - 0x00007ff8c1e76000 	C:\WINDOWS\system32\dxgi.dll
0x00007ff8afd10000 - 0x00007ff8aff67000 	C:\WINDOWS\System32\DriverStore\FileRepository\iigd_dch.inf_amd64_47794f8eae14cddd\igdgmm64.dll
0x00007ff8ad0f0000 - 0x00007ff8afd09000 	C:\WINDOWS\System32\DriverStore\FileRepository\iigd_dch.inf_amd64_47794f8eae14cddd\igc64.dll
0x00007ff8c3680000 - 0x00007ff8c36cb000 	C:\WINDOWS\SYSTEM32\powrprof.dll
0x00007ff8c3660000 - 0x00007ff8c3672000 	C:\WINDOWS\SYSTEM32\UMPDC.dll
0x00007ff828060000 - 0x00007ff82846b000 	C:\WINDOWS\System32\DriverStore\FileRepository\iigd_dch.inf_amd64_47794f8eae14cddd\igdml64.dll
0x00007ff8b8030000 - 0x00007ff8b8129000 	C:\WINDOWS\SYSTEM32\textinputframework.dll
0x00007ff883d90000 - 0x00007ff883dee000 	C:\Users\4473331\AppData\Local\Temp\1\lwjgl_4473331\3.3.2+13\x64\lwjgl_opengl.dll
0x00007ff8524d0000 - 0x00007ff852660000 	C:\Users\4473331\.jdks\openjdk-20.0.1\bin\awt.dll
0x00007ff8bddf0000 - 0x00007ff8bde84000 	C:\WINDOWS\SYSTEM32\apphelp.dll
0x00007ff88fa80000 - 0x00007ff88faae000 	C:\Users\4473331\.jdks\openjdk-20.0.1\bin\javajpeg.dll

dbghelp: loaded successfully - version: 4.0.5 - missing functions: none
symbol engine: initialized successfully - sym options: 0x614 - pdb path: .;C:\Users\4473331\.jdks\openjdk-20.0.1\bin;C:\WINDOWS\SYSTEM32;C:\WINDOWS\WinSxS\amd64_microsoft.windows.common-controls_6595b64144ccf1df_6.0.19041.4355_none_60b8b9eb71f62e16;C:\Users\4473331\.jdks\openjdk-20.0.1\bin\server;C:\Program Files\JetBrains\IntelliJ IDEA Community Edition 2023.1.2\bin;C:\Users\4473331\AppData\Local\Temp\1\lwjgl_4473331\3.3.2+13\x64;C:\WINDOWS\System32\DriverStore\FileRepository\iigd_dch.inf_amd64_47794f8eae14cddd

VM Arguments:
jvm_args: -javaagent:C:\Program Files\JetBrains\IntelliJ IDEA Community Edition 2023.1.2\lib\idea_rt.jar=56476:C:\Program Files\JetBrains\IntelliJ IDEA Community Edition 2023.1.2\bin -Dfile.encoding=UTF-8 -Dsun.stdout.encoding=UTF-8 -Dsun.stderr.encoding=UTF-8 
java_command: Examples._3OffLatticeExample.ExampleOffLattice abm/parameters.csv abm/output -v -i
java_class_path (initial): C:\Users\4473331\Documents\projects\000_grants\wgd_abm\out\production\wgd_abm;C:\Users\4473331\Documents\projects\000_grants\wgd_abm\HAL\lib\lwjgl-assimp-natives-macos-arm64.jar;C:\Users\4473331\Documents\projects\000_grants\wgd_abm\HAL\lib\lwjgl-opengl-natives-linux-arm32.jar;C:\Users\4473331\Documents\projects\000_grants\wgd_abm\HAL\lib\lwjgl-openal-natives-linux-arm64.jar;C:\Users\4473331\Documents\projects\000_grants\wgd_abm\HAL\lib\lwjgl-natives-linux.jar;C:\Users\4473331\Documents\projects\000_grants\wgd_abm\HAL\lib\lwjgl-opengl-natives-macos.jar;C:\Users\4473331\Documents\projects\000_grants\wgd_abm\HAL\lib\lwjgl-natives-windows.jar;C:\Users\4473331\Documents\projects\000_grants\wgd_abm\HAL\lib\lwjgl-assimp-javadoc.jar;C:\Users\4473331\Documents\projects\000_grants\wgd_abm\HAL\lib\lwjgl-opengl-natives-windows-arm64.jar;C:\Users\4473331\Documents\projects\000_grants\wgd_abm\HAL\lib\lwjgl-glfw-natives-windows-arm64.jar;C:\Users\4473331\Documents\projects\000_grants\wgd_abm\HAL\lib\lwjgl-opengl-javadoc.jar;C:\Users\4473331\Documents\projects\000_grants\wgd_abm\HAL\lib\lwjgl-stb-natives-macos.jar;C:\Users\4473331\Documents\projects\000_grants\wgd_abm\HAL\lib\lwjgl-stb-natives-windows-arm64.jar;C:\Users\4473331\Documents\projects\000_grants\wgd_abm\HAL\lib\lwjgl-natives-linux-arm32.jar;C:\Users\4473331\Documents\projects\000_grants\wgd_abm\HAL\lib\lwjgl-opengl-natives-windows-x86.jar;C:\Users\4473331\Documents\projects\000_grants\wgd_abm\HAL\lib\lwjgl-glfw-natives-macos.jar;C:\Users\4473331\Documents\projects\000_grants\wgd_abm\HAL\lib\lwjgl-openal-javadoc.jar;C:\Users\4473331\Documents\projects\000_grants\wgd_abm\HAL\lib\lwjgl-stb-sources.jar;C:\Users\4473331\Documents\projects\000_grants\wgd_abm\HAL\lib\lwjgl-glfw-natives-windows-x86.jar;C:\Users\4473331\Documents\projects\000_grants\wgd_abm\HAL\lib\lwjgl-glfw-javadoc.jar;C:\Users\4473331\Documents\projects\000_grants\wgd_abm\HAL\lib\lwjgl-javadoc.jar;C:\Users\4473331\Documents\projects\000_grants\wgd_abm\HAL\lib\lwjgl-sources.jar;C:\Users\4473331\Documents\projects\000_grants\wgd_abm\HAL\lib\lwjgl-openal-natives-linux-arm32.jar;C:\Users\4473331\Documents\projects\000_grants\wgd_abm\HAL\lib\lwjgl-openal-natives-macos-arm64.jar;C:\Users\4473331\Documents\projects\000_grants\wgd_abm\HAL\lib\lwjgl-assimp-natives-windows.jar;C:\Users\4473331\Documents\projects\000_grants\wgd_abm\HAL\lib\lwjgl-openal-natives-windows-x86.jar;C:\Users\4473331\Documents\projects\000_grants\wgd_abm\HAL\lib\lwjgl-stb-natives-linux.jar;C:\Users\4473331\Documents\projects\000_grants\wgd_abm\HAL\lib\lwjgl-natives-macos.jar;C:\Users\4473331\Documents\projects\000_grants\wgd_abm\HAL\lib\lwjgl-glfw-natives-linux.jar;C:\Users\4473331\Documents\projects\000_grants\wgd_abm\HAL\lib\lwjgl-stb-natives-macos-arm64.jar;C:\Users\4473331\Documents\projects\000_grants\wgd_abm\HAL\lib\lwjgl-openal-natives-windows-arm64.jar;C:\Users\4473331\Documents\projects\000_grants\wgd_abm\HAL\lib\lwjgl-opengl-natives-linux.jar;C:\Users\4473331\Documents\projects\000_grants\wgd_abm\HAL\lib\lwjgl-openal-natives-linux.jar;C:\Users\4473331\Documents\projects\000_grants\wgd_abm\HAL\lib\lwjgl-assimp-natives-linux-arm64.jar;C:\Users\4473331\Documents\projects\000_grants\wgd_abm\HAL\lib\lwjgl-stb-natives-linux-arm32.jar;C:\Users\4473331\Documents\projects\000_grants\wgd_abm\HAL\lib\lwjgl-glfw-natives-macos-arm64.jar;C:\Users\4473331\Documents\projects\000_grants\wgd_abm\HAL\lib\lwjgl-assimp-natives-windows-x86.jar;C:\Users\4473331\Documents\projects\000_grants\wgd_abm\HAL\lib\lwjgl-opengl-natives-windows.jar;C:\Users\4473331\Documents\projects\000_grants\wgd_abm\HAL\lib\lwjgl-glfw.jar;C:\Users\4473331\Documents\projects\000_grants\wgd_abm\HAL\lib\lwjgl-opengl-sources.jar;C:\Users\4473331\Documents\projects\000_grants\wgd_abm\HAL\lib\lwjgl-natives-windows-arm64.jar;C:\Users\4473331\Documents\projects\000_grants\wgd_abm\HAL\lib\lwjgl-openal-sources.jar;C:\Users\4473331\Documents\projects\000_grants\wgd_abm\HAL\lib\lwjgl-stb-natives-linux-arm64.jar;C:\Users\4473331\Documents\projects\000_grants\wgd_abm\HAL\lib\lwjgl-assimp-natives-linux-arm32.jar;C:\Users\4473331\Documents\projects\000_grants\wgd_abm\HAL\lib\lwjgl-glfw-sources.jar;C:\Users\4473331\Documents\projects\000_grants\wgd_abm\HAL\lib\lwjgl-openal-natives-windows.jar;C:\Users\4473331\Documents\projects\000_grants\wgd_abm\HAL\lib\lwjgl-natives-macos-arm64.jar;C:\Users\4473331\Documents\projects\000_grants\wgd_abm\HAL\lib\lwjgl-glfw-natives-windows.jar;C:\Users\4473331\Documents\projects\000_grants\wgd_abm\HAL\lib\lwjgl-stb-javadoc.jar;C:\Users\4473331\Documents\projects\000_grants\wgd_abm\HAL\lib\lwjgl-glfw-natives-linux-arm64.jar;C:\Users\4473331\Documents\projects\000_grants\wgd_abm\HAL\lib\lwjgl-assimp-natives-macos.jar;C:\Users\4473331\Documents\projects\000_grants\wgd_abm\HAL\lib\lwjgl.jar;C:\Users\4473331\Documents\projects\000_grants\wgd_abm\HAL\lib\lwjgl-opengl-natives-linux-arm64.jar;C:\Users\4473331\Documents\projects\000_grants\wgd_abm\HAL\lib\lwjgl-assimp.jar;C:\Users\4473331\Documents\projects\000_grants\wgd_abm\HAL\lib\lwjgl-stb-natives-windows-x86.jar;C:\Users\4473331\Documents\projects\000_grants\wgd_abm\HAL\lib\lwjgl-natives-windows-x86.jar;C:\Users\4473331\Documents\projects\000_grants\wgd_abm\HAL\lib\lwjgl-stb-natives-windows.jar;C:\Users\4473331\Documents\projects\000_grants\wgd_abm\HAL\lib\lwjgl-natives-linux-arm64.jar;C:\Users\4473331\Documents\projects\000_grants\wgd_abm\HAL\lib\lwjgl-openal-natives-macos.jar;C:\Users\4473331\Documents\projects\000_grants\wgd_abm\HAL\lib\lwjgl-openal.jar;C:\Users\4473331\Documents\projects\000_grants\wgd_abm\HAL\lib\lwjgl-assimp-natives-linux.jar;C:\Users\4473331\Documents\projects\000_grants\wgd_abm\HAL\lib\lwjgl-assimp-natives-windows-arm64.jar;C:\Users\4473331\Documents\projects\000_grants\wgd_abm\HAL\lib\lwjgl-assimp-sources.jar;C:\Users\4473331\Documents\projects\000_grants\wgd_abm\HAL\lib\lwjgl-glfw-natives-linux-arm32.jar;C:\Users\4473331\Documents\projects\000_grants\wgd_abm\HAL\lib\lwjgl-opengl-natives-macos-arm64.jar;C:\Users\4473331\Documents\projects\000_grants\wgd_abm\HAL\lib\lwjgl-opengl.jar;C:\Users\4473331\Documents\projects\000_grants\wgd_abm\HAL\lib\lwjgl-stb.jar
Launcher Type: SUN_STANDARD

[Global flags]
     intx CICompilerCount                          = 4                                         {product} {ergonomic}
     uint ConcGCThreads                            = 2                                         {product} {ergonomic}
     uint G1ConcRefinementThreads                  = 8                                         {product} {ergonomic}
   size_t G1HeapRegionSize                         = 2097152                                   {product} {ergonomic}
    uintx GCDrainStackTargetSize                   = 64                                        {product} {ergonomic}
   size_t InitialHeapSize                          = 266338304                                 {product} {ergonomic}
   size_t MarkStackSize                            = 4194304                                   {product} {ergonomic}
   size_t MaxHeapSize                              = 4229955584                                {product} {ergonomic}
   size_t MaxNewSize                               = 2537553920                                {product} {ergonomic}
   size_t MinHeapDeltaBytes                        = 2097152                                   {product} {ergonomic}
   size_t MinHeapSize                              = 8388608                                   {product} {ergonomic}
    uintx NonNMethodCodeHeapSize                   = 5839372                                {pd product} {ergonomic}
    uintx NonProfiledCodeHeapSize                  = 122909434                              {pd product} {ergonomic}
    uintx ProfiledCodeHeapSize                     = 122909434                              {pd product} {ergonomic}
    uintx ReservedCodeCacheSize                    = 251658240                              {pd product} {ergonomic}
     bool SegmentedCodeCache                       = true                                      {product} {ergonomic}
   size_t SoftMaxHeapSize                          = 4229955584                             {manageable} {ergonomic}
     bool UseCompressedClassPointers               = true                           {product lp64_product} {ergonomic}
     bool UseCompressedOops                        = true                           {product lp64_product} {ergonomic}
     bool UseG1GC                                  = true                                      {product} {ergonomic}
     bool UseLargePagesIndividualAllocation        = false                                  {pd product} {ergonomic}

Logging:
Log output configuration:
 #0: stdout all=off uptime,level,tags foldmultilines=false
 #1: stderr all=off uptime,level,tags foldmultilines=false

Environment Variables:
PATH=C:\Program Files (x86)\Common Files\Oracle\Java\java8path;C:\Program Files (x86)\Common Files\Oracle\Java\javapath;C:\WINDOWS\system32;C:\WINDOWS;C:\WINDOWS\System32\Wbem;C:\WINDOWS\System32\WindowsPowerShell\v1.0\;C:\WINDOWS\System32\OpenSSH\;C:\Program Files\Moffitt\Bgupdate;C:\Windows\CCM;C:\Program Files\MATLAB\R2022a\bin;;C:\Program Files\dotnet\;C:\Program Files\Amazon\AWSCLIV2\;C:\Program Files\Scripts;C:\Program Files;C:\Users\4473331\AppData\Local\Microsoft\WindowsApps;C:\Users\4473331\AppData\Local\Programs\Julia-1.6.2\bin;C:\Users\4473331\AppData\Local\Programs\Microsoft VS Code\bin;C:\Users\4473331\AppData\Local\Programs\Git\cmd;C:\Program Files\R\R-4.4.1\bin;C:\rtools40\mingw64\bin;C:\Users\4473331\AppData\Roaming\TinyTeX\bin\win32;C:\Gradle\gradle-4.2.1\bin;C:\Users\4473331\AppData\Roaming\Python\Python311\Scripts;C:\Program Files\JetBrains\PyCharm Community Edition 2023.1.2\bin;;C:\Users\4473331\AppData\Roaming\TinyTeX\bin\windows;C:\Program Files\OpenSSL-Win64\bin;
USERNAME=4473331
OS=Windows_NT
PROCESSOR_IDENTIFIER=Intel64 Family 6 Model 140 Stepping 1, GenuineIntel
TMP=C:\Users\4473331\AppData\Local\Temp\1
TEMP=C:\Users\4473331\AppData\Local\Temp\1




---------------  S Y S T E M  ---------------

OS:
 Windows 10 , 64 bit Build 19041 (10.0.19041.4842)
OS uptime: 14 days 0:33 hours
Hyper-V role detected

CPU: total 8 (initial active 8) (4 cores per cpu, 2 threads per core) family 6 model 140 stepping 1 microcode 0x6e, cx8, cmov, fxsr, ht, mmx, 3dnowpref, sse, sse2, sse3, ssse3, sse4.1, sse4.2, popcnt, lzcnt, tsc, tscinvbit, avx, avx2, aes, erms, clmul, bmi1, bmi2, adx, avx512f, avx512dq, avx512cd, avx512bw, avx512vl, sha, fma, vzeroupper, avx512_vpopcntdq, avx512_vpclmulqdq, avx512_vaes, avx512_vnni, clflush, clflushopt, clwb, avx512_vbmi2, avx512_vbmi, hv, rdtscp, rdpid, fsrm, gfni, avx512_bitalg, f16c, cet_ibt, cet_ss, avx512_ifma

Memory: 4k page, system-wide physical 16129M (732M free)
TotalPageFile size 32258M (AvailPageFile size 4736M)
current process WorkingSet (physical memory assigned to process): 241M, peak: 245M
current process commit charge ("private bytes"): 396M, peak: 407M

vm_info: OpenJDK 64-Bit Server VM (20.0.1+9-29) for windows-amd64 JRE (20.0.1+9-29), built on 2023-03-07T13:56:11Z by "mach5one" with MS VC++ 17.1 (VS2022)

END.
