#
# A fatal error has been detected by the Java Runtime Environment:
#
#  EXCEPTION_ACCESS_VIOLATION (0xc0000005) at pc=0x00007ffb9376fdb5, pid=11148, tid=20936
#
# JRE version: OpenJDK Runtime Environment (20.0.1+9) (build 20.0.1+9-29)
# Java VM: OpenJDK 64-Bit Server VM (20.0.1+9-29, mixed mode, sharing, tiered, compressed oops, compressed class ptrs, g1 gc, windows-amd64)
# Problematic frame:
# C  [ig12icd64.dll+0x2afdb5]
#
# No core dump will be written. Minidumps are not enabled by default on client versions of Windows
#
# If you would like to submit a bug report, please visit:
#   https://bugreport.java.com/bugreport/crash.jsp
#

---------------  S U M M A R Y ------------

Command Line: -javaagent:C:\Program Files\JetBrains\IntelliJ IDEA Community Edition 2023.1.2\lib\idea_rt.jar=57951:C:\Program Files\JetBrains\IntelliJ IDEA Community Edition 2023.1.2\bin -Dfile.encoding=UTF-8 -Dsun.stdout.encoding=UTF-8 -Dsun.stderr.encoding=UTF-8 metastasis.metastasis

Host: 11th Gen Intel(R) Core(TM) i7-1165G7 @ 2.80GHz, 8 cores, 15G,  Windows 10 , 64 bit Build 19041 (10.0.19041.5072)
Time: Tue Dec 10 12:57:59 2024 Eastern Standard Time elapsed time: 112.261557 seconds (0d 0h 1m 52s)

---------------  T H R E A D  ---------------

Current thread (0x0000015d7dfbb640):  VMThread "VM Thread" [stack: 0x0000001a1be00000,0x0000001a1bf00000] [id=20936]

Stack: [0x0000001a1be00000,0x0000001a1bf00000],  sp=0x0000001a1befe680,  free space=1017k
Native frames: (J=compiled Java code, j=interpreted, Vv=VM code, C=native code)
C  [ig12icd64.dll+0x2afdb5]


siginfo: EXCEPTION_ACCESS_VIOLATION (0xc0000005), reading address 0x00000000000353a8


Registers:
RAX=0x0000015d0a6239e0, RBX=0x0000015d0a623910, RCX=0x0000000000000000, RDX=0x0000015d0a6239e0
RSP=0x0000001a1befe680, RBP=0x0000001a1befe780, RSI=0x0000000000000000, RDI=0x0000015d7e278440
R8 =0x0000000000000000, R9 =0x0000000000000000, R10=0x0000000000000000, R11=0x0000000000000246
R12=0x0000000000000000, R13=0x0000015d0a623910, R14=0x0000015d0a623e28, R15=0x0000015d0a621220
RIP=0x00007ffb9376fdb5, EFLAGS=0x0000000000010202


Register to memory mapping:

RIP=0x00007ffb9376fdb5 ig12icd64.dll
RAX=0x0000015d0a6239e0 points into unknown readable memory: 0x0000000007970127 | 27 01 97 07 00 00 00 00
RBX=0x0000015d0a623910 points into unknown readable memory: 0x0000015d5c9923f0 | f0 23 99 5c 5d 01 00 00
RCX=0x0 is NULL
RDX=0x0000015d0a6239e0 points into unknown readable memory: 0x0000000007970127 | 27 01 97 07 00 00 00 00
RSP=0x0000001a1befe680 points into unknown readable memory: 0x0000015d7e8c17d0 | d0 17 8c 7e 5d 01 00 00
RBP=0x0000001a1befe780 points into unknown readable memory: 0x9ae8023f80e800d9 | d9 00 e8 80 3f 02 e8 9a
RSI=0x0 is NULL
RDI=0x0000015d7e278440 points into unknown readable memory: 0x0000000000000000 | 00 00 00 00 00 00 00 00
R8 =0x0 is NULL
R9 =0x0 is NULL
R10=0x0 is NULL
R11=0x0000000000000246 is an unknown value
R12=0x0 is NULL
R13=0x0000015d0a623910 points into unknown readable memory: 0x0000015d5c9923f0 | f0 23 99 5c 5d 01 00 00
R14=0x0000015d0a623e28 points into unknown readable memory: 0x0000015d0a621220 | 20 12 62 0a 5d 01 00 00
R15=0x0000015d0a621220 points into unknown readable memory: 0x0000015d5c9923f0 | f0 23 99 5c 5d 01 00 00


Top of Stack: (sp=0x0000001a1befe680)
0x0000001a1befe680:   0000015d7e8c17d0 0000000000000000
0x0000001a1befe690:   0000000000000000 0000000000000000
0x0000001a1befe6a0:   0000001638000000 0000000000000000
0x0000001a1befe6b0:   74cb02aa27cb00ce efcc005649cc00da
0x0000001a1befe6c0:   0000015d7e8c17d0 17d0022bf4cf0169
0x0000001a1befe6d0:   39d100f48dd00056 d2d1007b9ad10148
0x0000001a1befe6e0:   3dd5006182d300a7 ecd6010fd6d6032a
0x0000001a1befe6f0:   3dd700def6d602c6 07d9011fd1d802eb
0x0000001a1befe700:   38da032073d90124 19db000effda01c8
0x0000001a1befe710:   b2db01d826db02ec 0bdc0139fbdb02cc
0x0000001a1befe720:   1bdd027edcdc019a 3ee001801fdf0119
0x0000001a1befe730:   61e002e442e001e7 65e10316fde002c3
0x0000001a1befe740:   83e1008c7ee102de 1be202f5d9e102ac
0x0000001a1befe750:   2fe202dd2be20056 69e4005e2ae40114
0x0000001a1befe760:   cee501274ce500c9 62e60d2b3ee6029a
0x0000001a1befe770:   fbe600816ce602ff a4e7011d68e70339
0x0000001a1befe780:   9ae8023f80e800d9 b4e800fa9ee800fd
0x0000001a1befe790:   8ce90195e0e80294 5fec02cc94ea010a
0x0000001a1befe7a0:   b9ec03138aec00ce 35ef02f771ee0122
0x0000001a1befe7b0:   e0f0008b79ef032a 7df102d45cf100b6
0x0000001a1befe7c0:   00001039ad2e12da 28f300db08f300fa
0x0000001a1befe7d0:   0000000000000000 0000000000000000
0x0000001a1befe7e0:   0000000000000000 0000000000000000
0x0000001a1befe7f0:   0000000000000000 0000000000000000
0x0000001a1befe800:   0000000000000000 0000000000000000
0x0000001a1befe810:   0000000000000000 0000000000000000
0x0000001a1befe820:   0000000000000000 0000000000000000
0x0000001a1befe830:   0000000000000000 0000000000000000
0x0000001a1befe840:   0000000000000000 0000000000000000
0x0000001a1befe850:   404e000000000000 0000000000000000
0x0000001a1befe860:   0000000000000000 0000000000000000
0x0000001a1befe870:   0000015d7eb842d8 00000000079701bc 

Instructions: (pc=0x00007ffb9376fdb5)
0x00007ffb9376fcb5:   48 8b cb ff 15 42 74 7f 00 90 4c 8b bf 80 02 00
0x00007ffb9376fcc5:   00 48 8b 05 73 d3 b1 00 8b 80 1c 0a 00 00 89 44
0x00007ffb9376fcd5:   24 24 c6 44 24 20 00 48 c7 87 80 02 00 00 00 00
0x00007ffb9376fce5:   00 00 c7 87 88 02 00 00 00 00 00 00 48 c7 87 a0
0x00007ffb9376fcf5:   02 00 00 00 00 00 00 48 c7 87 90 02 00 00 00 00
0x00007ffb9376fd05:   00 00 48 85 f6 75 3d 8b 35 3e 67 c1 00 65 48 8b
0x00007ffb9376fd15:   04 25 58 00 00 00 b9 30 00 00 00 48 8b 04 f0 80
0x00007ffb9376fd25:   3c 01 00 0f 84 7e 29 6c 00 65 48 8b 04 25 58 00
0x00007ffb9376fd35:   00 00 b9 08 00 00 00 48 8b 04 f0 48 8b 34 01 48
0x00007ffb9376fd45:   89 74 24 28 48 3b 35 10 8b c1 00 0f 84 37 11 00
0x00007ffb9376fd55:   00 4d 85 ff 0f 84 37 01 00 00 90 49 8b df 4d 8b
0x00007ffb9376fd65:   ef 4d 8d b7 18 05 00 00 4d 8b 3e 45 84 e4 0f 85
0x00007ffb9376fd75:   b4 0f 00 00 8b 8f d0 01 00 00 48 8b 05 ba d2 b1
0x00007ffb9376fd85:   00 83 b8 54 03 00 00 02 75 33 48 8d 93 d0 00 00
0x00007ffb9376fd95:   00 83 f9 10 0f 83 73 01 00 00 8b c1 48 c1 e0 06
0x00007ffb9376fda5:   48 03 c2 48 85 c0 0f 84 d5 01 00 00 4c 8b 40 08
0x00007ffb9376fdb5:   4c 3b 86 a8 53 03 00 0f 87 8e 0f 00 00 48 83 bb
0x00007ffb9376fdc5:   70 05 00 00 00 0f 85 0f 29 6c 00 44 8b 87 d0 01
0x00007ffb9376fdd5:   00 00 48 8b 87 e8 01 00 00 48 8b 10 8b 8f d0 01
0x00007ffb9376fde5:   00 00 48 8d b3 d0 00 00 00 83 f9 10 0f 83 54 01
0x00007ffb9376fdf5:   00 00 8b c1 48 c1 e0 06 48 03 c6 48 85 c0 0f 84
0x00007ffb9376fe05:   85 01 00 00 48 39 50 08 0f 86 7b 01 00 00 48 8b
0x00007ffb9376fe15:   87 80 02 00 00 49 89 06 48 89 9f 80 02 00 00 ff
0x00007ffb9376fe25:   87 88 02 00 00 48 8b 4b 08 48 8b 01 ba 01 00 00
0x00007ffb9376fe35:   00 48 8b 80 e0 02 00 00 ff 15 9d 77 7f 00 0f b7
0x00007ffb9376fe45:   c8 48 2b c1 48 05 00 00 01 00 48 01 87 90 02 00
0x00007ffb9376fe55:   00 48 8b 4b 08 48 8b 01 ba 01 00 00 00 48 8b 80
0x00007ffb9376fe65:   e0 02 00 00 ff 15 71 77 7f 00 48 01 87 a0 02 00
0x00007ffb9376fe75:   00 48 8b 74 24 28 0f b6 54 24 20 4d 85 ff 0f 85
0x00007ffb9376fe85:   d7 fe ff ff 84 d2 0f 85 5c 10 00 00 48 8b 5c 24
0x00007ffb9376fe95:   40 48 8b cf 80 7c 24 22 00 0f 85 36 10 00 00 e8
0x00007ffb9376fea5:   a7 f0 ff ff 90 48 8b cb ff 15 7d 73 7f 00 48 8b 


Stack slot to memory mapping:
stack at sp + 0 slots: 0x0000015d7e8c17d0 points into unknown readable memory: 0xffffffffffffffff | ff ff ff ff ff ff ff ff
stack at sp + 1 slots: 0x0 is NULL
stack at sp + 2 slots: 0x0 is NULL
stack at sp + 3 slots: 0x0 is NULL
stack at sp + 4 slots: 0x0000001638000000 is an unknown value
stack at sp + 5 slots: 0x0 is NULL
stack at sp + 6 slots: 0x74cb02aa27cb00ce is an unknown value
stack at sp + 7 slots: 0xefcc005649cc00da is an unknown value

VM_Operation (0x0000001a1b5ff3d0): Exit, mode: safepoint, requested by thread 0x0000015d7e913c90


---------------  P R O C E S S  ---------------

Threads class SMR info:
_java_thread_list=0x0000015d09fb9e70, length=13, elements={
0x0000015d5c905110, 0x0000015d7dfd7b80, 0x0000015d7dfd8a70, 0x0000015d7dfdacb0,
0x0000015d7dfdf070, 0x0000015d7dfe0050, 0x0000015d7dfe2b50, 0x0000015d7dfe9010,
0x0000015d7dff1b40, 0x0000015d7dfa6ca0, 0x0000015d7e426260, 0x0000015d7e5ac1e0,
0x0000015d7e913c90
}

Java Threads: ( => current thread )
  0x0000015d5c905110 JavaThread "main" [_thread_blocked, id=17280, stack(0x0000001a1b800000,0x0000001a1b900000)]
  0x0000015d7dfd7b80 JavaThread "Reference Handler" daemon [_thread_blocked, id=29008, stack(0x0000001a1bf00000,0x0000001a1c000000)]
  0x0000015d7dfd8a70 JavaThread "Finalizer" daemon [_thread_blocked, id=24648, stack(0x0000001a1c000000,0x0000001a1c100000)]
  0x0000015d7dfdacb0 JavaThread "Signal Dispatcher" daemon [_thread_blocked, id=8288, stack(0x0000001a1c100000,0x0000001a1c200000)]
  0x0000015d7dfdf070 JavaThread "Attach Listener" daemon [_thread_blocked, id=12052, stack(0x0000001a1c200000,0x0000001a1c300000)]
  0x0000015d7dfe0050 JavaThread "Service Thread" daemon [_thread_blocked, id=4080, stack(0x0000001a1c300000,0x0000001a1c400000)]
  0x0000015d7dfe2b50 JavaThread "Monitor Deflation Thread" daemon [_thread_blocked, id=28016, stack(0x0000001a1c400000,0x0000001a1c500000)]
  0x0000015d7dfe9010 JavaThread "C2 CompilerThread0" daemon [_thread_blocked, id=14772, stack(0x0000001a1c500000,0x0000001a1c600000)]
  0x0000015d7dff1b40 JavaThread "C1 CompilerThread0" daemon [_thread_blocked, id=1908, stack(0x0000001a1c600000,0x0000001a1c700000)]
  0x0000015d7dfa6ca0 JavaThread "Common-Cleaner" daemon [_thread_blocked, id=24020, stack(0x0000001a1c700000,0x0000001a1c800000)]
  0x0000015d7e426260 JavaThread "Monitor Ctrl-Break" daemon [_thread_in_native, id=25512, stack(0x0000001a1c900000,0x0000001a1ca00000)]
  0x0000015d7e5ac1e0 JavaThread "Notification Thread" daemon [_thread_blocked, id=21256, stack(0x0000001a1ca00000,0x0000001a1cb00000)]
  0x0000015d7e913c90 JavaThread "SIGINT handler" daemon [_thread_blocked, id=27172, stack(0x0000001a1b500000,0x0000001a1b600000)]

Other Threads:
=>0x0000015d7dfbb640 VMThread "VM Thread" [stack: 0x0000001a1be00000,0x0000001a1bf00000] [id=20936]
  0x0000015d5c973de0 WorkerThread "GC Thread#0" [stack: 0x0000001a1b900000,0x0000001a1ba00000] [id=7144]
  0x0000015d0a32c9b0 WorkerThread "GC Thread#1" [stack: 0x0000001a1d100000,0x0000001a1d200000] [id=23556]
  0x0000015d0a1b2b60 WorkerThread "GC Thread#2" [stack: 0x0000001a1d200000,0x0000001a1d300000] [id=14864]
  0x0000015d0a0c94d0 WorkerThread "GC Thread#3" [stack: 0x0000001a1d300000,0x0000001a1d400000] [id=25792]
  0x0000015d0a0c9d40 WorkerThread "GC Thread#4" [stack: 0x0000001a1d400000,0x0000001a1d500000] [id=27180]
  0x0000015d0a0c8c60 WorkerThread "GC Thread#5" [stack: 0x0000001a1d500000,0x0000001a1d600000] [id=25940]
  0x0000015d0a0c86c0 WorkerThread "GC Thread#6" [stack: 0x0000001a1d600000,0x0000001a1d700000] [id=16220]
  0x0000015d0a0ca010 WorkerThread "GC Thread#7" [stack: 0x0000001a1d700000,0x0000001a1d800000] [id=15068]
  0x0000015d5c984aa0 ConcurrentGCThread "G1 Main Marker" terminated
  0x0000015d5c985c70 WorkerThread "G1 Conc#0" [stack: 0x0000001a1bb00000,0x0000001a1bc00000] [id=16900]
  0x0000015d7de7a170 ConcurrentGCThread "G1 Refine#0" terminated
  0x0000015d7de7ac10 ConcurrentGCThread "G1 Service" terminated

Threads with active compile tasks:

VM state: at safepoint (shutting down)

VM Mutex/Monitor currently owned by a thread:  ([mutex/lock_event])
[0x0000015d5c8ff920] Threads_lock - owner thread: 0x0000015d7dfbb640
[0x0000015d5c9006a0] Heap_lock - owner thread: 0x0000015d7e913c90

Heap address: 0x0000000703e00000, size: 4034 MB, Compressed Oops mode: Zero based, Oop shift amount: 3

CDS archive(s) mapped at: [0x0000000800000000-0x0000000800c60000-0x0000000800c60000), size 12976128, SharedBaseAddress: 0x0000000800000000, ArchiveRelocationMode: 0.
Compressed class space mapped at: 0x0000000801000000-0x0000000841000000, reserved size: 1073741824
Narrow klass base: 0x0000000800000000, Narrow klass shift: 0, Narrow klass range: 0x100000000

GC Precious Log:
 CardTable entry size: 512
 Card Set container configuration: InlinePtr #cards 4 size 8 Array Of Cards #cards 16 size 48 Howl #buckets 8 coarsen threshold 3686 Howl Bitmap #cards 512 size 80 coarsen threshold 460 Card regions per heap region 1 cards per card region 4096
 CPUs: 8 total, 8 available
 Memory: 16129M
 Large Page Support: Disabled
 NUMA Support: Disabled
 Compressed Oops: Enabled (Zero based)
 Heap Region Size: 2M
 Heap Min Capacity: 8M
 Heap Initial Capacity: 254M
 Heap Max Capacity: 4034M
 Pre-touch: Disabled
 Parallel Workers: 8
 Concurrent Workers: 2
 Concurrent Refinement Workers: 8
 Periodic GC: Disabled

Heap:
 garbage-first heap   total 260096K, used 25611K [0x0000000703e00000, 0x0000000800000000)
  region size 2048K, 11 young (22528K), 1 survivors (2048K)
 Metaspace       used 4191K, committed 4480K, reserved 1114112K
  class space    used 263K, committed 384K, reserved 1048576K

Heap Regions: E=young(eden), S=young(survivor), O=old, HS=humongous(starts), HC=humongous(continues), CS=collection set, F=free, OA=open archive, CA=closed archive, TAMS=top-at-mark-start, PB=parsable bottom
|   0|0x0000000703e00000, 0x0000000704000000, 0x0000000704000000|100%| O|  |TAMS 0x0000000703e00000| PB 0x0000000703e00000| Untracked 
|   1|0x0000000704000000, 0x0000000704200000, 0x0000000704200000|100%| O|  |TAMS 0x0000000704000000| PB 0x0000000704000000| Untracked 
|   2|0x0000000704200000, 0x0000000704400000, 0x0000000704400000|100%| O|  |TAMS 0x0000000704200000| PB 0x0000000704200000| Untracked 
|   3|0x0000000704400000, 0x00000007044e6600, 0x0000000704600000| 44%| O|  |TAMS 0x0000000704400000| PB 0x0000000704400000| Untracked 
|   4|0x0000000704600000, 0x0000000704600000, 0x0000000704800000|  0%| F|  |TAMS 0x0000000704600000| PB 0x0000000704600000| Untracked 
|   5|0x0000000704800000, 0x0000000704800000, 0x0000000704a00000|  0%| F|  |TAMS 0x0000000704800000| PB 0x0000000704800000| Untracked 
|   6|0x0000000704a00000, 0x0000000704a00000, 0x0000000704c00000|  0%| F|  |TAMS 0x0000000704a00000| PB 0x0000000704a00000| Untracked 
|   7|0x0000000704c00000, 0x0000000704c00000, 0x0000000704e00000|  0%| F|  |TAMS 0x0000000704c00000| PB 0x0000000704c00000| Untracked 
|   8|0x0000000704e00000, 0x0000000704e00000, 0x0000000705000000|  0%| F|  |TAMS 0x0000000704e00000| PB 0x0000000704e00000| Untracked 
|   9|0x0000000705000000, 0x0000000705000000, 0x0000000705200000|  0%| F|  |TAMS 0x0000000705000000| PB 0x0000000705000000| Untracked 
|  10|0x0000000705200000, 0x0000000705200000, 0x0000000705400000|  0%| F|  |TAMS 0x0000000705200000| PB 0x0000000705200000| Untracked 
|  11|0x0000000705400000, 0x0000000705400000, 0x0000000705600000|  0%| F|  |TAMS 0x0000000705400000| PB 0x0000000705400000| Untracked 
|  12|0x0000000705600000, 0x0000000705600000, 0x0000000705800000|  0%| F|  |TAMS 0x0000000705600000| PB 0x0000000705600000| Untracked 
|  13|0x0000000705800000, 0x0000000705800000, 0x0000000705a00000|  0%| F|  |TAMS 0x0000000705800000| PB 0x0000000705800000| Untracked 
|  14|0x0000000705a00000, 0x0000000705a00000, 0x0000000705c00000|  0%| F|  |TAMS 0x0000000705a00000| PB 0x0000000705a00000| Untracked 
|  15|0x0000000705c00000, 0x0000000705c00000, 0x0000000705e00000|  0%| F|  |TAMS 0x0000000705c00000| PB 0x0000000705c00000| Untracked 
|  16|0x0000000705e00000, 0x0000000705e00000, 0x0000000706000000|  0%| F|  |TAMS 0x0000000705e00000| PB 0x0000000705e00000| Untracked 
|  17|0x0000000706000000, 0x0000000706000000, 0x0000000706200000|  0%| F|  |TAMS 0x0000000706000000| PB 0x0000000706000000| Untracked 
|  18|0x0000000706200000, 0x0000000706200000, 0x0000000706400000|  0%| F|  |TAMS 0x0000000706200000| PB 0x0000000706200000| Untracked 
|  19|0x0000000706400000, 0x0000000706400000, 0x0000000706600000|  0%| F|  |TAMS 0x0000000706400000| PB 0x0000000706400000| Untracked 
|  20|0x0000000706600000, 0x0000000706600000, 0x0000000706800000|  0%| F|  |TAMS 0x0000000706600000| PB 0x0000000706600000| Untracked 
|  21|0x0000000706800000, 0x0000000706800000, 0x0000000706a00000|  0%| F|  |TAMS 0x0000000706800000| PB 0x0000000706800000| Untracked 
|  22|0x0000000706a00000, 0x0000000706a00000, 0x0000000706c00000|  0%| F|  |TAMS 0x0000000706a00000| PB 0x0000000706a00000| Untracked 
|  23|0x0000000706c00000, 0x0000000706c00000, 0x0000000706e00000|  0%| F|  |TAMS 0x0000000706c00000| PB 0x0000000706c00000| Untracked 
|  24|0x0000000706e00000, 0x0000000706e00000, 0x0000000707000000|  0%| F|  |TAMS 0x0000000706e00000| PB 0x0000000706e00000| Untracked 
|  25|0x0000000707000000, 0x0000000707000000, 0x0000000707200000|  0%| F|  |TAMS 0x0000000707000000| PB 0x0000000707000000| Untracked 
|  26|0x0000000707200000, 0x0000000707200000, 0x0000000707400000|  0%| F|  |TAMS 0x0000000707200000| PB 0x0000000707200000| Untracked 
|  27|0x0000000707400000, 0x0000000707400000, 0x0000000707600000|  0%| F|  |TAMS 0x0000000707400000| PB 0x0000000707400000| Untracked 
|  28|0x0000000707600000, 0x0000000707600000, 0x0000000707800000|  0%| F|  |TAMS 0x0000000707600000| PB 0x0000000707600000| Untracked 
|  29|0x0000000707800000, 0x0000000707800000, 0x0000000707a00000|  0%| F|  |TAMS 0x0000000707800000| PB 0x0000000707800000| Untracked 
|  30|0x0000000707a00000, 0x0000000707a00000, 0x0000000707c00000|  0%| F|  |TAMS 0x0000000707a00000| PB 0x0000000707a00000| Untracked 
|  31|0x0000000707c00000, 0x0000000707c00000, 0x0000000707e00000|  0%| F|  |TAMS 0x0000000707c00000| PB 0x0000000707c00000| Untracked 
|  32|0x0000000707e00000, 0x0000000707e00000, 0x0000000708000000|  0%| F|  |TAMS 0x0000000707e00000| PB 0x0000000707e00000| Untracked 
|  33|0x0000000708000000, 0x0000000708000000, 0x0000000708200000|  0%| F|  |TAMS 0x0000000708000000| PB 0x0000000708000000| Untracked 
|  34|0x0000000708200000, 0x0000000708200000, 0x0000000708400000|  0%| F|  |TAMS 0x0000000708200000| PB 0x0000000708200000| Untracked 
|  35|0x0000000708400000, 0x0000000708400000, 0x0000000708600000|  0%| F|  |TAMS 0x0000000708400000| PB 0x0000000708400000| Untracked 
|  36|0x0000000708600000, 0x0000000708600000, 0x0000000708800000|  0%| F|  |TAMS 0x0000000708600000| PB 0x0000000708600000| Untracked 
|  37|0x0000000708800000, 0x0000000708800000, 0x0000000708a00000|  0%| F|  |TAMS 0x0000000708800000| PB 0x0000000708800000| Untracked 
|  38|0x0000000708a00000, 0x0000000708a00000, 0x0000000708c00000|  0%| F|  |TAMS 0x0000000708a00000| PB 0x0000000708a00000| Untracked 
|  39|0x0000000708c00000, 0x0000000708c00000, 0x0000000708e00000|  0%| F|  |TAMS 0x0000000708c00000| PB 0x0000000708c00000| Untracked 
|  40|0x0000000708e00000, 0x0000000708e00000, 0x0000000709000000|  0%| F|  |TAMS 0x0000000708e00000| PB 0x0000000708e00000| Untracked 
|  41|0x0000000709000000, 0x0000000709000000, 0x0000000709200000|  0%| F|  |TAMS 0x0000000709000000| PB 0x0000000709000000| Untracked 
|  42|0x0000000709200000, 0x0000000709200000, 0x0000000709400000|  0%| F|  |TAMS 0x0000000709200000| PB 0x0000000709200000| Untracked 
|  43|0x0000000709400000, 0x0000000709400000, 0x0000000709600000|  0%| F|  |TAMS 0x0000000709400000| PB 0x0000000709400000| Untracked 
|  44|0x0000000709600000, 0x0000000709600000, 0x0000000709800000|  0%| F|  |TAMS 0x0000000709600000| PB 0x0000000709600000| Untracked 
|  45|0x0000000709800000, 0x0000000709800000, 0x0000000709a00000|  0%| F|  |TAMS 0x0000000709800000| PB 0x0000000709800000| Untracked 
|  46|0x0000000709a00000, 0x0000000709a00000, 0x0000000709c00000|  0%| F|  |TAMS 0x0000000709a00000| PB 0x0000000709a00000| Untracked 
|  47|0x0000000709c00000, 0x0000000709c00000, 0x0000000709e00000|  0%| F|  |TAMS 0x0000000709c00000| PB 0x0000000709c00000| Untracked 
|  48|0x0000000709e00000, 0x0000000709e00000, 0x000000070a000000|  0%| F|  |TAMS 0x0000000709e00000| PB 0x0000000709e00000| Untracked 
|  49|0x000000070a000000, 0x000000070a000000, 0x000000070a200000|  0%| F|  |TAMS 0x000000070a000000| PB 0x000000070a000000| Untracked 
|  50|0x000000070a200000, 0x000000070a21c880, 0x000000070a400000|  5%| S|CS|TAMS 0x000000070a200000| PB 0x000000070a200000| Complete 
|  51|0x000000070a400000, 0x000000070a400000, 0x000000070a600000|  0%| F|  |TAMS 0x000000070a400000| PB 0x000000070a400000| Untracked 
|  52|0x000000070a600000, 0x000000070a600000, 0x000000070a800000|  0%| F|  |TAMS 0x000000070a600000| PB 0x000000070a600000| Untracked 
|  53|0x000000070a800000, 0x000000070a800000, 0x000000070aa00000|  0%| F|  |TAMS 0x000000070a800000| PB 0x000000070a800000| Untracked 
|  54|0x000000070aa00000, 0x000000070aa00000, 0x000000070ac00000|  0%| F|  |TAMS 0x000000070aa00000| PB 0x000000070aa00000| Untracked 
|  55|0x000000070ac00000, 0x000000070ac00000, 0x000000070ae00000|  0%| F|  |TAMS 0x000000070ac00000| PB 0x000000070ac00000| Untracked 
|  56|0x000000070ae00000, 0x000000070ae00000, 0x000000070b000000|  0%| F|  |TAMS 0x000000070ae00000| PB 0x000000070ae00000| Untracked 
|  57|0x000000070b000000, 0x000000070b000000, 0x000000070b200000|  0%| F|  |TAMS 0x000000070b000000| PB 0x000000070b000000| Untracked 
|  58|0x000000070b200000, 0x000000070b200000, 0x000000070b400000|  0%| F|  |TAMS 0x000000070b200000| PB 0x000000070b200000| Untracked 
|  59|0x000000070b400000, 0x000000070b400000, 0x000000070b600000|  0%| F|  |TAMS 0x000000070b400000| PB 0x000000070b400000| Untracked 
|  60|0x000000070b600000, 0x000000070b600000, 0x000000070b800000|  0%| F|  |TAMS 0x000000070b600000| PB 0x000000070b600000| Untracked 
|  61|0x000000070b800000, 0x000000070b800000, 0x000000070ba00000|  0%| F|  |TAMS 0x000000070b800000| PB 0x000000070b800000| Untracked 
|  62|0x000000070ba00000, 0x000000070ba00000, 0x000000070bc00000|  0%| F|  |TAMS 0x000000070ba00000| PB 0x000000070ba00000| Untracked 
|  63|0x000000070bc00000, 0x000000070bc00000, 0x000000070be00000|  0%| F|  |TAMS 0x000000070bc00000| PB 0x000000070bc00000| Untracked 
|  64|0x000000070be00000, 0x000000070be00000, 0x000000070c000000|  0%| F|  |TAMS 0x000000070be00000| PB 0x000000070be00000| Untracked 
|  65|0x000000070c000000, 0x000000070c000000, 0x000000070c200000|  0%| F|  |TAMS 0x000000070c000000| PB 0x000000070c000000| Untracked 
|  66|0x000000070c200000, 0x000000070c200000, 0x000000070c400000|  0%| F|  |TAMS 0x000000070c200000| PB 0x000000070c200000| Untracked 
|  67|0x000000070c400000, 0x000000070c400000, 0x000000070c600000|  0%| F|  |TAMS 0x000000070c400000| PB 0x000000070c400000| Untracked 
|  68|0x000000070c600000, 0x000000070c600000, 0x000000070c800000|  0%| F|  |TAMS 0x000000070c600000| PB 0x000000070c600000| Untracked 
|  69|0x000000070c800000, 0x000000070c800000, 0x000000070ca00000|  0%| F|  |TAMS 0x000000070c800000| PB 0x000000070c800000| Untracked 
|  70|0x000000070ca00000, 0x000000070ca00000, 0x000000070cc00000|  0%| F|  |TAMS 0x000000070ca00000| PB 0x000000070ca00000| Untracked 
|  71|0x000000070cc00000, 0x000000070cc00000, 0x000000070ce00000|  0%| F|  |TAMS 0x000000070cc00000| PB 0x000000070cc00000| Untracked 
|  72|0x000000070ce00000, 0x000000070ce00000, 0x000000070d000000|  0%| F|  |TAMS 0x000000070ce00000| PB 0x000000070ce00000| Untracked 
|  73|0x000000070d000000, 0x000000070d000000, 0x000000070d200000|  0%| F|  |TAMS 0x000000070d000000| PB 0x000000070d000000| Untracked 
|  74|0x000000070d200000, 0x000000070d200000, 0x000000070d400000|  0%| F|  |TAMS 0x000000070d200000| PB 0x000000070d200000| Untracked 
|  75|0x000000070d400000, 0x000000070d400000, 0x000000070d600000|  0%| F|  |TAMS 0x000000070d400000| PB 0x000000070d400000| Untracked 
|  76|0x000000070d600000, 0x000000070d600000, 0x000000070d800000|  0%| F|  |TAMS 0x000000070d600000| PB 0x000000070d600000| Untracked 
|  77|0x000000070d800000, 0x000000070d800000, 0x000000070da00000|  0%| F|  |TAMS 0x000000070d800000| PB 0x000000070d800000| Untracked 
|  78|0x000000070da00000, 0x000000070da00000, 0x000000070dc00000|  0%| F|  |TAMS 0x000000070da00000| PB 0x000000070da00000| Untracked 
|  79|0x000000070dc00000, 0x000000070dc00000, 0x000000070de00000|  0%| F|  |TAMS 0x000000070dc00000| PB 0x000000070dc00000| Untracked 
|  80|0x000000070de00000, 0x000000070de00000, 0x000000070e000000|  0%| F|  |TAMS 0x000000070de00000| PB 0x000000070de00000| Untracked 
|  81|0x000000070e000000, 0x000000070e000000, 0x000000070e200000|  0%| F|  |TAMS 0x000000070e000000| PB 0x000000070e000000| Untracked 
|  82|0x000000070e200000, 0x000000070e200000, 0x000000070e400000|  0%| F|  |TAMS 0x000000070e200000| PB 0x000000070e200000| Untracked 
|  83|0x000000070e400000, 0x000000070e400000, 0x000000070e600000|  0%| F|  |TAMS 0x000000070e400000| PB 0x000000070e400000| Untracked 
|  84|0x000000070e600000, 0x000000070e600000, 0x000000070e800000|  0%| F|  |TAMS 0x000000070e600000| PB 0x000000070e600000| Untracked 
|  85|0x000000070e800000, 0x000000070e800000, 0x000000070ea00000|  0%| F|  |TAMS 0x000000070e800000| PB 0x000000070e800000| Untracked 
|  86|0x000000070ea00000, 0x000000070ea00000, 0x000000070ec00000|  0%| F|  |TAMS 0x000000070ea00000| PB 0x000000070ea00000| Untracked 
|  87|0x000000070ec00000, 0x000000070ec00000, 0x000000070ee00000|  0%| F|  |TAMS 0x000000070ec00000| PB 0x000000070ec00000| Untracked 
|  88|0x000000070ee00000, 0x000000070ee00000, 0x000000070f000000|  0%| F|  |TAMS 0x000000070ee00000| PB 0x000000070ee00000| Untracked 
|  89|0x000000070f000000, 0x000000070f000000, 0x000000070f200000|  0%| F|  |TAMS 0x000000070f000000| PB 0x000000070f000000| Untracked 
|  90|0x000000070f200000, 0x000000070f200000, 0x000000070f400000|  0%| F|  |TAMS 0x000000070f200000| PB 0x000000070f200000| Untracked 
|  91|0x000000070f400000, 0x000000070f400000, 0x000000070f600000|  0%| F|  |TAMS 0x000000070f400000| PB 0x000000070f400000| Untracked 
|  92|0x000000070f600000, 0x000000070f600000, 0x000000070f800000|  0%| F|  |TAMS 0x000000070f600000| PB 0x000000070f600000| Untracked 
|  93|0x000000070f800000, 0x000000070f800000, 0x000000070fa00000|  0%| F|  |TAMS 0x000000070f800000| PB 0x000000070f800000| Untracked 
|  94|0x000000070fa00000, 0x000000070fa00000, 0x000000070fc00000|  0%| F|  |TAMS 0x000000070fa00000| PB 0x000000070fa00000| Untracked 
|  95|0x000000070fc00000, 0x000000070fc00000, 0x000000070fe00000|  0%| F|  |TAMS 0x000000070fc00000| PB 0x000000070fc00000| Untracked 
|  96|0x000000070fe00000, 0x000000070fe00000, 0x0000000710000000|  0%| F|  |TAMS 0x000000070fe00000| PB 0x000000070fe00000| Untracked 
|  97|0x0000000710000000, 0x0000000710000000, 0x0000000710200000|  0%| F|  |TAMS 0x0000000710000000| PB 0x0000000710000000| Untracked 
|  98|0x0000000710200000, 0x0000000710200000, 0x0000000710400000|  0%| F|  |TAMS 0x0000000710200000| PB 0x0000000710200000| Untracked 
|  99|0x0000000710400000, 0x0000000710400000, 0x0000000710600000|  0%| F|  |TAMS 0x0000000710400000| PB 0x0000000710400000| Untracked 
| 100|0x0000000710600000, 0x0000000710600000, 0x0000000710800000|  0%| F|  |TAMS 0x0000000710600000| PB 0x0000000710600000| Untracked 
| 101|0x0000000710800000, 0x0000000710800000, 0x0000000710a00000|  0%| F|  |TAMS 0x0000000710800000| PB 0x0000000710800000| Untracked 
| 102|0x0000000710a00000, 0x0000000710a00000, 0x0000000710c00000|  0%| F|  |TAMS 0x0000000710a00000| PB 0x0000000710a00000| Untracked 
| 103|0x0000000710c00000, 0x0000000710c00000, 0x0000000710e00000|  0%| F|  |TAMS 0x0000000710c00000| PB 0x0000000710c00000| Untracked 
| 104|0x0000000710e00000, 0x0000000710e00000, 0x0000000711000000|  0%| F|  |TAMS 0x0000000710e00000| PB 0x0000000710e00000| Untracked 
| 105|0x0000000711000000, 0x0000000711000000, 0x0000000711200000|  0%| F|  |TAMS 0x0000000711000000| PB 0x0000000711000000| Untracked 
| 106|0x0000000711200000, 0x0000000711200000, 0x0000000711400000|  0%| F|  |TAMS 0x0000000711200000| PB 0x0000000711200000| Untracked 
| 107|0x0000000711400000, 0x0000000711400000, 0x0000000711600000|  0%| F|  |TAMS 0x0000000711400000| PB 0x0000000711400000| Untracked 
| 108|0x0000000711600000, 0x0000000711600000, 0x0000000711800000|  0%| F|  |TAMS 0x0000000711600000| PB 0x0000000711600000| Untracked 
| 109|0x0000000711800000, 0x0000000711800000, 0x0000000711a00000|  0%| F|  |TAMS 0x0000000711800000| PB 0x0000000711800000| Untracked 
| 110|0x0000000711a00000, 0x0000000711a00000, 0x0000000711c00000|  0%| F|  |TAMS 0x0000000711a00000| PB 0x0000000711a00000| Untracked 
| 111|0x0000000711c00000, 0x0000000711c00000, 0x0000000711e00000|  0%| F|  |TAMS 0x0000000711c00000| PB 0x0000000711c00000| Untracked 
| 112|0x0000000711e00000, 0x0000000711e00000, 0x0000000712000000|  0%| F|  |TAMS 0x0000000711e00000| PB 0x0000000711e00000| Untracked 
| 113|0x0000000712000000, 0x0000000712000000, 0x0000000712200000|  0%| F|  |TAMS 0x0000000712000000| PB 0x0000000712000000| Untracked 
| 114|0x0000000712200000, 0x0000000712200000, 0x0000000712400000|  0%| F|  |TAMS 0x0000000712200000| PB 0x0000000712200000| Untracked 
| 115|0x0000000712400000, 0x0000000712400000, 0x0000000712600000|  0%| F|  |TAMS 0x0000000712400000| PB 0x0000000712400000| Untracked 
| 116|0x0000000712600000, 0x0000000712600000, 0x0000000712800000|  0%| F|  |TAMS 0x0000000712600000| PB 0x0000000712600000| Untracked 
| 117|0x0000000712800000, 0x0000000712800800, 0x0000000712a00000|  0%| E|  |TAMS 0x0000000712800000| PB 0x0000000712800000| Complete 
| 118|0x0000000712a00000, 0x0000000712c00000, 0x0000000712c00000|100%| E|CS|TAMS 0x0000000712a00000| PB 0x0000000712a00000| Complete 
| 119|0x0000000712c00000, 0x0000000712e00000, 0x0000000712e00000|100%| E|CS|TAMS 0x0000000712c00000| PB 0x0000000712c00000| Complete 
| 120|0x0000000712e00000, 0x0000000713000000, 0x0000000713000000|100%| E|CS|TAMS 0x0000000712e00000| PB 0x0000000712e00000| Complete 
| 121|0x0000000713000000, 0x0000000713200000, 0x0000000713200000|100%| E|CS|TAMS 0x0000000713000000| PB 0x0000000713000000| Complete 
| 122|0x0000000713200000, 0x0000000713400000, 0x0000000713400000|100%| E|CS|TAMS 0x0000000713200000| PB 0x0000000713200000| Complete 
| 123|0x0000000713400000, 0x0000000713600000, 0x0000000713600000|100%| E|CS|TAMS 0x0000000713400000| PB 0x0000000713400000| Complete 
| 124|0x0000000713600000, 0x0000000713800000, 0x0000000713800000|100%| E|CS|TAMS 0x0000000713600000| PB 0x0000000713600000| Complete 
| 125|0x0000000713800000, 0x0000000713a00000, 0x0000000713a00000|100%| E|CS|TAMS 0x0000000713800000| PB 0x0000000713800000| Complete 
| 126|0x0000000713a00000, 0x0000000713c00000, 0x0000000713c00000|100%| E|CS|TAMS 0x0000000713a00000| PB 0x0000000713a00000| Complete 

Card table byte_map: [0x0000015d76620000,0x0000015d76e10000] _byte_map_base: 0x0000015d72e01000

Marking Bits: (CMBitMap*) 0x0000015d5c974410
 Bits: [0x0000015d77600000, 0x0000015d7b508000)

Polling page: 0x0000015d5c9c0000

Metaspace:

Usage:
  Non-class:      3.84 MB used.
      Class:    263.89 KB used.
       Both:      4.09 MB used.

Virtual space:
  Non-class space:       64.00 MB reserved,       4.00 MB (  6%) committed,  1 nodes.
      Class space:        1.00 GB reserved,     384.00 KB ( <1%) committed,  1 nodes.
             Both:        1.06 GB reserved,       4.38 MB ( <1%) committed. 

Chunk freelists:
   Non-Class:  1.92 MB
       Class:  3.59 MB
        Both:  5.51 MB

MaxMetaspaceSize: unlimited
CompressedClassSpaceSize: 1.00 GB
Initial GC threshold: 21.00 MB
Current GC threshold: 21.00 MB
CDS: on
MetaspaceReclaimPolicy: balanced
 - commit_granule_bytes: 65536.
 - commit_granule_words: 8192.
 - virtual_space_node_default_size: 8388608.
 - enlarge_chunks_in_place: 1.
 - new_chunks_are_fully_committed: 0.
 - uncommit_free_chunks: 1.
 - use_allocation_guard: 0.


Internal statistics:

num_allocs_failed_limit: 0.
num_arena_births: 134.
num_arena_deaths: 0.
num_vsnodes_births: 2.
num_vsnodes_deaths: 0.
num_space_committed: 68.
num_space_uncommitted: 0.
num_chunks_returned_to_freelist: 0.
num_chunks_taken_from_freelist: 240.
num_chunk_merges: 0.
num_chunk_splits: 152.
num_chunks_enlarged: 100.
num_inconsistent_stats: 0.

CodeHeap 'non-profiled nmethods': size=120000Kb used=660Kb max_used=660Kb free=119339Kb
 bounds [0x0000015d6dea0000, 0x0000015d6e110000, 0x0000015d753d0000]
CodeHeap 'profiled nmethods': size=120000Kb used=1690Kb max_used=1690Kb free=118309Kb
 bounds [0x0000015d663d0000, 0x0000015d66640000, 0x0000015d6d900000]
CodeHeap 'non-nmethods': size=5760Kb used=2471Kb max_used=2495Kb free=3288Kb
 bounds [0x0000015d6d900000, 0x0000015d6db80000, 0x0000015d6dea0000]
 total_blobs=2328 nmethods=1215 adapters=1024
 compilation: enabled
              stopped_count=0, restarted_count=0
 full_count=0

Compilation events (20 events):
Event: 48.674 Thread 0x0000015d7dff1b40 1208       3       java.lang.reflect.Field::getOverrideFieldAccessor (18 bytes)
Event: 48.674 Thread 0x0000015d7dff1b40 nmethod 1208 0x0000015d66571e90 code [0x0000015d66572020, 0x0000015d665721b0]
Event: 52.973 Thread 0x0000015d7dff1b40 1210       3       HAL.Interfaces.Grid2D::MapHood (136 bytes)
Event: 52.973 Thread 0x0000015d7dff1b40 nmethod 1210 0x0000015d66572290 code [0x0000015d665724e0, 0x0000015d66573150]
Event: 52.973 Thread 0x0000015d7dff1b40 1209       3       HAL.GridsAndAgents.Agent2DBase::MapHood (20 bytes)
Event: 52.974 Thread 0x0000015d7dff1b40 nmethod 1209 0x0000015d66573510 code [0x0000015d665736c0, 0x0000015d66573ab8]
Event: 53.161 Thread 0x0000015d7dfe9010 1211       4       HAL.GridsAndAgents.InternalGridAgentList::RemoveAgent (25 bytes)
Event: 53.165 Thread 0x0000015d7dfe9010 nmethod 1211 0x0000015d6df3f090 code [0x0000015d6df3f240, 0x0000015d6df3f9a0]
Event: 53.819 Thread 0x0000015d7dfe9010 1212       4       HAL.GridsAndAgents.AgentSQ2D::Setup (41 bytes)
Event: 53.823 Thread 0x0000015d7dfe9010 nmethod 1212 0x0000015d6df3fc90 code [0x0000015d6df3fe40, 0x0000015d6df40438]
Event: 59.852 Thread 0x0000015d7dff1b40 1213       3       HAL.GridsAndAgents.AgentSQ2D::GetCountOnSquare (16 bytes)
Event: 59.852 Thread 0x0000015d7dff1b40 nmethod 1213 0x0000015d66573c10 code [0x0000015d66573da0, 0x0000015d66574070]
Event: 59.852 Thread 0x0000015d7dff1b40 1214       3       HAL.GridsAndAgents.AgentGrid2D::GetAgent (7 bytes)
Event: 59.852 Thread 0x0000015d7dff1b40 nmethod 1214 0x0000015d66574190 code [0x0000015d66574320, 0x0000015d66574460]
Event: 66.954 Thread 0x0000015d7dff1b40 1215       3       HAL.GridsAndAgents.AgentGrid2D::PopAt (18 bytes)
Event: 66.954 Thread 0x0000015d7dff1b40 nmethod 1215 0x0000015d66574590 code [0x0000015d66574740, 0x0000015d665749a8]
Event: 101.721 Thread 0x0000015d7dff1b40 1216       3       metastasis.tissueSiteGrid::StepCells (193 bytes)
Event: 101.722 Thread 0x0000015d7dff1b40 nmethod 1216 0x0000015d66574b10 code [0x0000015d66574ea0, 0x0000015d66576400]
Event: 103.720 Thread 0x0000015d7dfe9010 1217       4       metastasis.tissueSiteGrid::StepCells (193 bytes)
Event: 103.766 Thread 0x0000015d7dfe9010 nmethod 1217 0x0000015d6df40790 code [0x0000015d6df40b80, 0x0000015d6df43830]

GC Heap History (20 events):
Event: 82.655 GC heap before
{Heap before GC invocations=25 (full 0):
 garbage-first heap   total 260096K, used 160635K [0x0000000703e00000, 0x0000000800000000)
  region size 2048K, 76 young (155648K), 1 survivors (2048K)
 Metaspace       used 4188K, committed 4480K, reserved 1114112K
  class space    used 262K, committed 384K, reserved 1048576K
}
Event: 82.657 GC heap after
{Heap after GC invocations=26 (full 0):
 garbage-first heap   total 260096K, used 7050K [0x0000000703e00000, 0x0000000800000000)
  region size 2048K, 1 young (2048K), 1 survivors (2048K)
 Metaspace       used 4188K, committed 4480K, reserved 1114112K
  class space    used 262K, committed 384K, reserved 1048576K
}
Event: 85.676 GC heap before
{Heap before GC invocations=26 (full 0):
 garbage-first heap   total 260096K, used 160650K [0x0000000703e00000, 0x0000000800000000)
  region size 2048K, 76 young (155648K), 1 survivors (2048K)
 Metaspace       used 4188K, committed 4480K, reserved 1114112K
  class space    used 262K, committed 384K, reserved 1048576K
}
Event: 85.678 GC heap after
{Heap after GC invocations=27 (full 0):
 garbage-first heap   total 260096K, used 7066K [0x0000000703e00000, 0x0000000800000000)
  region size 2048K, 1 young (2048K), 1 survivors (2048K)
 Metaspace       used 4188K, committed 4480K, reserved 1114112K
  class space    used 262K, committed 384K, reserved 1048576K
}
Event: 89.184 GC heap before
{Heap before GC invocations=27 (full 0):
 garbage-first heap   total 260096K, used 160666K [0x0000000703e00000, 0x0000000800000000)
  region size 2048K, 76 young (155648K), 1 survivors (2048K)
 Metaspace       used 4188K, committed 4480K, reserved 1114112K
  class space    used 262K, committed 384K, reserved 1048576K
}
Event: 89.185 GC heap after
{Heap after GC invocations=28 (full 0):
 garbage-first heap   total 260096K, used 7078K [0x0000000703e00000, 0x0000000800000000)
  region size 2048K, 1 young (2048K), 1 survivors (2048K)
 Metaspace       used 4188K, committed 4480K, reserved 1114112K
  class space    used 262K, committed 384K, reserved 1048576K
}
Event: 92.633 GC heap before
{Heap before GC invocations=28 (full 0):
 garbage-first heap   total 260096K, used 160678K [0x0000000703e00000, 0x0000000800000000)
  region size 2048K, 76 young (155648K), 1 survivors (2048K)
 Metaspace       used 4188K, committed 4480K, reserved 1114112K
  class space    used 262K, committed 384K, reserved 1048576K
}
Event: 92.636 GC heap after
{Heap after GC invocations=29 (full 0):
 garbage-first heap   total 260096K, used 7094K [0x0000000703e00000, 0x0000000800000000)
  region size 2048K, 1 young (2048K), 1 survivors (2048K)
 Metaspace       used 4188K, committed 4480K, reserved 1114112K
  class space    used 262K, committed 384K, reserved 1048576K
}
Event: 95.772 GC heap before
{Heap before GC invocations=29 (full 0):
 garbage-first heap   total 260096K, used 160694K [0x0000000703e00000, 0x0000000800000000)
  region size 2048K, 76 young (155648K), 1 survivors (2048K)
 Metaspace       used 4188K, committed 4480K, reserved 1114112K
  class space    used 262K, committed 384K, reserved 1048576K
}
Event: 95.774 GC heap after
{Heap after GC invocations=30 (full 0):
 garbage-first heap   total 260096K, used 7116K [0x0000000703e00000, 0x0000000800000000)
  region size 2048K, 1 young (2048K), 1 survivors (2048K)
 Metaspace       used 4188K, committed 4480K, reserved 1114112K
  class space    used 262K, committed 384K, reserved 1048576K
}
Event: 98.905 GC heap before
{Heap before GC invocations=30 (full 0):
 garbage-first heap   total 260096K, used 160716K [0x0000000703e00000, 0x0000000800000000)
  region size 2048K, 76 young (155648K), 1 survivors (2048K)
 Metaspace       used 4188K, committed 4480K, reserved 1114112K
  class space    used 262K, committed 384K, reserved 1048576K
}
Event: 98.907 GC heap after
{Heap after GC invocations=31 (full 0):
 garbage-first heap   total 260096K, used 7129K [0x0000000703e00000, 0x0000000800000000)
  region size 2048K, 1 young (2048K), 1 survivors (2048K)
 Metaspace       used 4188K, committed 4480K, reserved 1114112K
  class space    used 262K, committed 384K, reserved 1048576K
}
Event: 101.881 GC heap before
{Heap before GC invocations=31 (full 0):
 garbage-first heap   total 260096K, used 160729K [0x0000000703e00000, 0x0000000800000000)
  region size 2048K, 76 young (155648K), 1 survivors (2048K)
 Metaspace       used 4188K, committed 4480K, reserved 1114112K
  class space    used 262K, committed 384K, reserved 1048576K
}
Event: 101.882 GC heap after
{Heap after GC invocations=32 (full 0):
 garbage-first heap   total 260096K, used 7138K [0x0000000703e00000, 0x0000000800000000)
  region size 2048K, 1 young (2048K), 1 survivors (2048K)
 Metaspace       used 4188K, committed 4480K, reserved 1114112K
  class space    used 262K, committed 384K, reserved 1048576K
}
Event: 104.858 GC heap before
{Heap before GC invocations=32 (full 0):
 garbage-first heap   total 260096K, used 160738K [0x0000000703e00000, 0x0000000800000000)
  region size 2048K, 76 young (155648K), 1 survivors (2048K)
 Metaspace       used 4188K, committed 4480K, reserved 1114112K
  class space    used 262K, committed 384K, reserved 1048576K
}
Event: 104.861 GC heap after
{Heap after GC invocations=33 (full 0):
 garbage-first heap   total 260096K, used 7158K [0x0000000703e00000, 0x0000000800000000)
  region size 2048K, 1 young (2048K), 1 survivors (2048K)
 Metaspace       used 4188K, committed 4480K, reserved 1114112K
  class space    used 262K, committed 384K, reserved 1048576K
}
Event: 107.973 GC heap before
{Heap before GC invocations=33 (full 0):
 garbage-first heap   total 260096K, used 160758K [0x0000000703e00000, 0x0000000800000000)
  region size 2048K, 76 young (155648K), 1 survivors (2048K)
 Metaspace       used 4188K, committed 4480K, reserved 1114112K
  class space    used 262K, committed 384K, reserved 1048576K
}
Event: 107.975 GC heap after
{Heap after GC invocations=34 (full 0):
 garbage-first heap   total 260096K, used 7173K [0x0000000703e00000, 0x0000000800000000)
  region size 2048K, 1 young (2048K), 1 survivors (2048K)
 Metaspace       used 4188K, committed 4480K, reserved 1114112K
  class space    used 262K, committed 384K, reserved 1048576K
}
Event: 111.384 GC heap before
{Heap before GC invocations=34 (full 0):
 garbage-first heap   total 260096K, used 160773K [0x0000000703e00000, 0x0000000800000000)
  region size 2048K, 76 young (155648K), 1 survivors (2048K)
 Metaspace       used 4188K, committed 4480K, reserved 1114112K
  class space    used 262K, committed 384K, reserved 1048576K
}
Event: 111.385 GC heap after
{Heap after GC invocations=35 (full 0):
 garbage-first heap   total 260096K, used 7179K [0x0000000703e00000, 0x0000000800000000)
  region size 2048K, 1 young (2048K), 1 survivors (2048K)
 Metaspace       used 4188K, committed 4480K, reserved 1114112K
  class space    used 262K, committed 384K, reserved 1048576K
}

Dll operation events (12 events):
Event: 0.014 Loaded shared library C:\Users\4473331\.jdks\openjdk-20.0.1\bin\java.dll
Event: 0.027 Loaded shared library C:\Users\4473331\.jdks\openjdk-20.0.1\bin\jsvml.dll
Event: 0.105 Loaded shared library C:\Users\4473331\.jdks\openjdk-20.0.1\bin\zip.dll
Event: 0.108 Loaded shared library C:\Users\4473331\.jdks\openjdk-20.0.1\bin\instrument.dll
Event: 0.115 Loaded shared library C:\Users\4473331\.jdks\openjdk-20.0.1\bin\net.dll
Event: 0.118 Loaded shared library C:\Users\4473331\.jdks\openjdk-20.0.1\bin\nio.dll
Event: 0.121 Loaded shared library C:\Users\4473331\.jdks\openjdk-20.0.1\bin\zip.dll
Event: 0.169 Loaded shared library C:\Program Files\JetBrains\IntelliJ IDEA Community Edition 2023.1.2\bin\breakgen64.dll
Event: 0.178 Loaded shared library C:\Users\4473331\.jdks\openjdk-20.0.1\bin\extnet.dll
Event: 0.181 Loaded shared library C:\Users\4473331\.jdks\openjdk-20.0.1\bin\jimage.dll
Event: 0.238 Loaded shared library C:\Users\4473331\AppData\Local\Temp\1\lwjgl_4473331\3.3.2+13\x64\lwjgl.dll
Event: 0.437 Loaded shared library C:\Users\4473331\AppData\Local\Temp\1\lwjgl_4473331\3.3.2+13\x64\lwjgl_opengl.dll

Deoptimization events (20 events):
Event: 14.750 Thread 0x0000015d5c905110 DEOPT PACKING pc=0x0000015d6656b7be sp=0x0000001a1b8fedd0
Event: 14.750 Thread 0x0000015d5c905110 DEOPT UNPACKING pc=0x0000015d6d96e462 sp=0x0000001a1b8fe3d0 mode 0
Event: 17.045 Thread 0x0000015d5c905110 DEOPT PACKING pc=0x0000015d665697d0 sp=0x0000001a1b8feea0
Event: 17.045 Thread 0x0000015d5c905110 DEOPT UNPACKING pc=0x0000015d6d96e462 sp=0x0000001a1b8fe378 mode 0
Event: 17.231 Thread 0x0000015d5c905110 DEOPT PACKING pc=0x0000015d6656dcce sp=0x0000001a1b8fef40
Event: 17.231 Thread 0x0000015d5c905110 DEOPT UNPACKING pc=0x0000015d6d96e462 sp=0x0000001a1b8fe4a0 mode 0
Event: 101.721 Thread 0x0000015d5c905110 Uncommon trap: trap_request=0xffffff45 fr.pc=0x0000015d6df3ab20 relative=0x00000000000017a0
Event: 101.721 Thread 0x0000015d5c905110 Uncommon trap: reason=unstable_if action=reinterpret pc=0x0000015d6df3ab20 method=metastasis.tissueSiteGrid.StepCells(ILmetastasis/CTCs;)V @ 44 c2
Event: 101.721 Thread 0x0000015d5c905110 DEOPT PACKING pc=0x0000015d6df3ab20 sp=0x0000001a1b8fefe0
Event: 101.721 Thread 0x0000015d5c905110 DEOPT UNPACKING pc=0x0000015d6d91d2a2 sp=0x0000001a1b8fefa8 mode 2
Event: 102.094 Thread 0x0000015d5c905110 DEOPT PACKING pc=0x0000015d665761fc sp=0x0000001a1b8fef40
Event: 102.094 Thread 0x0000015d5c905110 DEOPT UNPACKING pc=0x0000015d6d96e462 sp=0x0000001a1b8fe4a0 mode 0
Event: 102.506 Thread 0x0000015d5c905110 DEOPT PACKING pc=0x0000015d665761fc sp=0x0000001a1b8fef40
Event: 102.506 Thread 0x0000015d5c905110 DEOPT UNPACKING pc=0x0000015d6d96e462 sp=0x0000001a1b8fe4a0 mode 0
Event: 102.928 Thread 0x0000015d5c905110 DEOPT PACKING pc=0x0000015d665761fc sp=0x0000001a1b8fef40
Event: 102.929 Thread 0x0000015d5c905110 DEOPT UNPACKING pc=0x0000015d6d96e462 sp=0x0000001a1b8fe4a0 mode 0
Event: 103.332 Thread 0x0000015d5c905110 DEOPT PACKING pc=0x0000015d665761fc sp=0x0000001a1b8fef40
Event: 103.332 Thread 0x0000015d5c905110 DEOPT UNPACKING pc=0x0000015d6d96e462 sp=0x0000001a1b8fe4a0 mode 0
Event: 103.720 Thread 0x0000015d5c905110 DEOPT PACKING pc=0x0000015d665761fc sp=0x0000001a1b8fef40
Event: 103.720 Thread 0x0000015d5c905110 DEOPT UNPACKING pc=0x0000015d6d96e462 sp=0x0000001a1b8fe4a0 mode 0

Classes loaded (20 events):
Event: 0.995 Loading class sun/util/cldr/CLDRTimeZoneNameProviderImpl
Event: 0.995 Loading class sun/util/locale/provider/TimeZoneNameProviderImpl
Event: 0.995 Loading class sun/util/locale/provider/TimeZoneNameProviderImpl done
Event: 0.995 Loading class sun/util/cldr/CLDRTimeZoneNameProviderImpl done
Event: 0.997 Loading class sun/util/locale/provider/BaseLocaleDataMetaInfo
Event: 0.997 Loading class sun/util/locale/provider/BaseLocaleDataMetaInfo done
Event: 0.999 Loading class sun/util/resources/cldr/TimeZoneNames
Event: 0.999 Loading class sun/util/resources/TimeZoneNamesBundle
Event: 0.999 Loading class sun/util/resources/OpenListResourceBundle
Event: 0.999 Loading class sun/util/resources/OpenListResourceBundle done
Event: 0.999 Loading class sun/util/resources/TimeZoneNamesBundle done
Event: 0.999 Loading class sun/util/resources/cldr/TimeZoneNames done
Event: 0.999 Loading class sun/util/resources/cldr/TimeZoneNames_en
Event: 1.000 Loading class sun/util/resources/cldr/TimeZoneNames_en done
Event: 1.000 Loading class sun/util/resources/cldr/TimeZoneNames_en_US
Event: 1.000 Loading class sun/util/resources/cldr/TimeZoneNames_en_US done
Event: 1.001 Loading class java/util/LinkedHashMap$LinkedKeySet
Event: 1.001 Loading class java/util/LinkedHashMap$LinkedKeySet done
Event: 111.738 Loading class jdk/internal/misc/Signal$1
Event: 111.738 Loading class jdk/internal/misc/Signal$1 done

Classes unloaded (0 events):
No events

Classes redefined (0 events):
No events

Internal exceptions (20 events):
Event: 0.247 Thread 0x0000015d5c905110 Exception <a 'java/lang/NoSuchMethodError'{0x0000000713537840}: 'int java.lang.invoke.DirectMethodHandle$Holder.invokeStaticInit(java.lang.Object, java.lang.Object, int, long)'> (0x0000000713537840) 
thrown [s\open\src\hotspot\share\interpreter\linkResolver.cpp, line 773]
Event: 0.248 Thread 0x0000015d5c905110 Exception <a 'java/lang/NoSuchMethodError'{0x000000071353ce78}: 'java.lang.Object java.lang.invoke.DirectMethodHandle$Holder.newInvokeSpecial(java.lang.Object, java.lang.Object, int)'> (0x000000071353ce78) 
thrown [s\open\src\hotspot\share\interpreter\linkResolver.cpp, line 773]
Event: 0.250 Thread 0x0000015d5c905110 Exception <a 'java/lang/NoSuchMethodError'{0x000000071354dc80}: 'int java.lang.invoke.DirectMethodHandle$Holder.invokeStaticInit(java.lang.Object, java.lang.Object, long, long)'> (0x000000071354dc80) 
thrown [s\open\src\hotspot\share\interpreter\linkResolver.cpp, line 773]
Event: 0.251 Thread 0x0000015d5c905110 Exception <a 'java/lang/NoSuchMethodError'{0x0000000713553ac8}: 'java.lang.Object java.lang.invoke.DirectMethodHandle$Holder.newInvokeSpecial(java.lang.Object, java.lang.Object, long)'> (0x0000000713553ac8) 
thrown [s\open\src\hotspot\share\interpreter\linkResolver.cpp, line 773]
Event: 0.251 Thread 0x0000015d5c905110 Exception <a 'java/lang/NoSuchMethodError'{0x0000000713557880}: 'java.lang.Object java.lang.invoke.Invokers$Holder.linkToTargetMethod(java.lang.Object, long, java.lang.Object)'> (0x0000000713557880) 
thrown [s\open\src\hotspot\share\interpreter\linkResolver.cpp, line 773]
Event: 0.252 Thread 0x0000015d5c905110 Exception <a 'java/lang/NoSuchMethodError'{0x000000071355e8b8}: 'int java.lang.invoke.DirectMethodHandle$Holder.invokeStaticInit(java.lang.Object, java.lang.Object, java.lang.Object, long)'> (0x000000071355e8b8) 
thrown [s\open\src\hotspot\share\interpreter\linkResolver.cpp, line 773]
Event: 0.273 Thread 0x0000015d5c905110 Exception <a 'sun/nio/fs/WindowsException'{0x0000000713234f50}> (0x0000000713234f50) 
thrown [s\open\src\hotspot\share\prims\jni.cpp, line 519]
Event: 0.273 Thread 0x0000015d5c905110 Exception <a 'sun/nio/fs/WindowsException'{0x00000007132352e0}> (0x00000007132352e0) 
thrown [s\open\src\hotspot\share\prims\jni.cpp, line 519]
Event: 0.281 Thread 0x0000015d5c905110 Exception <a 'java/lang/NoSuchMethodError'{0x000000071325a6b0}: 'int java.lang.invoke.Invokers$Holder.invokeExact_MT(java.lang.Object, java.lang.Object)'> (0x000000071325a6b0) 
thrown [s\open\src\hotspot\share\interpreter\linkResolver.cpp, line 773]
Event: 0.426 Thread 0x0000015d5c905110 Exception <a 'java/lang/NoSuchMethodError'{0x00000007132d6de8}: 'void java.lang.System.load(java.lang.String, java.lang.Class)'> (0x00000007132d6de8) 
thrown [s\open\src\hotspot\share\interpreter\linkResolver.cpp, line 773]
Event: 0.427 Thread 0x0000015d5c905110 Exception <a 'java/lang/NoSuchMethodError'{0x00000007132d9bd0}: 'void java.lang.System.loadLibrary(java.lang.String, java.lang.Class)'> (0x00000007132d9bd0) 
thrown [s\open\src\hotspot\share\interpreter\linkResolver.cpp, line 773]
Event: 0.433 Thread 0x0000015d5c905110 Exception <a 'sun/nio/fs/WindowsException'{0x00000007132ea7a8}> (0x00000007132ea7a8) 
thrown [s\open\src\hotspot\share\prims\jni.cpp, line 519]
Event: 0.433 Thread 0x0000015d5c905110 Exception <a 'sun/nio/fs/WindowsException'{0x00000007132eab68}> (0x00000007132eab68) 
thrown [s\open\src\hotspot\share\prims\jni.cpp, line 519]
Event: 0.439 Thread 0x0000015d5c905110 Exception <a 'sun/nio/fs/WindowsException'{0x00000007132fbc60}> (0x00000007132fbc60) 
thrown [s\open\src\hotspot\share\prims\jni.cpp, line 519]
Event: 0.439 Thread 0x0000015d5c905110 Exception <a 'sun/nio/fs/WindowsException'{0x00000007132fbf60}> (0x00000007132fbf60) 
thrown [s\open\src\hotspot\share\prims\jni.cpp, line 519]
Event: 0.553 Thread 0x0000015d5c905110 Exception <a 'java/lang/NoSuchMethodError'{0x00000007130f89b0}: 'void java.lang.invoke.Invokers$Holder.invokeExact_MT(java.lang.Object, java.lang.Object, java.lang.Object, java.lang.Object)'> (0x00000007130f89b0) 
thrown [s\open\src\hotspot\share\interpreter\linkResolver.cpp, line 773]
Event: 0.665 Thread 0x0000015d5c905110 Exception <a 'java/lang/NoSuchMethodError'{0x0000000712a0de28}: 'void java.lang.invoke.DirectMethodHandle$Holder.invokeStatic(java.lang.Object, java.lang.Object, double)'> (0x0000000712a0de28) 
thrown [s\open\src\hotspot\share\interpreter\linkResolver.cpp, line 773]
Event: 0.681 Thread 0x0000015d5c905110 Exception <a 'java/lang/NoSuchMethodError'{0x0000000712a8daa8}: 'java.lang.Object java.lang.invoke.DirectMethodHandle$Holder.newInvokeSpecial(java.lang.Object, java.lang.Object, int, int)'> (0x0000000712a8daa8) 
thrown [s\open\src\hotspot\share\interpreter\linkResolver.cpp, line 773]
Event: 0.686 Thread 0x0000015d5c905110 Exception <a 'java/lang/NoSuchMethodError'{0x0000000712ab0a58}: 'java.lang.Object java.lang.invoke.DirectMethodHandle$Holder.invokeSpecial(java.lang.Object, java.lang.Object, double, double)'> (0x0000000712ab0a58) 
thrown [s\open\src\hotspot\share\interpreter\linkResolver.cpp, line 773]
Event: 1.002 Thread 0x0000015d7dfdf070 Exception <a 'java/lang/NoSuchMethodError'{0x00000007138f9608}: 'java.lang.Object java.lang.invoke.Invokers$Holder.invokeExact_MT(java.lang.Object, java.lang.Object, java.lang.Object, java.lang.Object, java.lang.Object, java.lang.Object)'> (0x00000007138f9608) 
thrown [s\open\src\hotspot\share\interpreter\linkResolver.cpp, line 773]

VM Operations (20 events):
Event: 82.657 Executing VM operation: G1CollectForAllocation done
Event: 85.675 Executing VM operation: G1CollectForAllocation
Event: 85.678 Executing VM operation: G1CollectForAllocation done
Event: 89.184 Executing VM operation: G1CollectForAllocation
Event: 89.185 Executing VM operation: G1CollectForAllocation done
Event: 92.633 Executing VM operation: G1CollectForAllocation
Event: 92.636 Executing VM operation: G1CollectForAllocation done
Event: 95.772 Executing VM operation: G1CollectForAllocation
Event: 95.774 Executing VM operation: G1CollectForAllocation done
Event: 98.905 Executing VM operation: G1CollectForAllocation
Event: 98.907 Executing VM operation: G1CollectForAllocation done
Event: 101.881 Executing VM operation: G1CollectForAllocation
Event: 101.882 Executing VM operation: G1CollectForAllocation done
Event: 104.858 Executing VM operation: G1CollectForAllocation
Event: 104.861 Executing VM operation: G1CollectForAllocation done
Event: 107.973 Executing VM operation: G1CollectForAllocation
Event: 107.975 Executing VM operation: G1CollectForAllocation done
Event: 111.384 Executing VM operation: G1CollectForAllocation
Event: 111.385 Executing VM operation: G1CollectForAllocation done
Event: 111.739 Executing VM operation: Exit

Events (17 events):
Event: 0.027 Thread 0x0000015d5c905110 Thread added: 0x0000015d5c905110
Event: 0.041 Thread 0x0000015d7dfd7b80 Thread added: 0x0000015d7dfd7b80
Event: 0.042 Thread 0x0000015d7dfd8a70 Thread added: 0x0000015d7dfd8a70
Event: 0.042 Thread 0x0000015d7dfdacb0 Thread added: 0x0000015d7dfdacb0
Event: 0.042 Thread 0x0000015d7dfdf070 Thread added: 0x0000015d7dfdf070
Event: 0.042 Thread 0x0000015d7dfe0050 Thread added: 0x0000015d7dfe0050
Event: 0.042 Thread 0x0000015d7dfe2b50 Thread added: 0x0000015d7dfe2b50
Event: 0.042 Thread 0x0000015d7dfe9010 Thread added: 0x0000015d7dfe9010
Event: 0.043 Thread 0x0000015d7dff1b40 Thread added: 0x0000015d7dff1b40
Event: 0.091 Thread 0x0000015d7dfa6ca0 Thread added: 0x0000015d7dfa6ca0
Event: 0.143 Thread 0x0000015d7e51e830 Thread added: 0x0000015d7e51e830
Event: 0.170 Thread 0x0000015d7e426260 Thread added: 0x0000015d7e426260
Event: 0.170 Thread 0x0000015d7e5ac1e0 Thread added: 0x0000015d7e5ac1e0
Event: 0.393 Thread 0x0000015d7e51e830 Thread exited: 0x0000015d7e51e830
Event: 0.473 Thread 0x0000015d09b66910 Thread added: 0x0000015d09b66910
Event: 1.519 Thread 0x0000015d09b66910 Thread exited: 0x0000015d09b66910
Event: 111.738 Thread 0x0000015d7e913c90 Thread added: 0x0000015d7e913c90


Dynamic libraries:
0x00007ff606a30000 - 0x00007ff606a3e000 	C:\Users\4473331\.jdks\openjdk-20.0.1\bin\java.exe
0x00007ffc98d50000 - 0x00007ffc98f48000 	C:\WINDOWS\SYSTEM32\ntdll.dll
0x00007ffc96de0000 - 0x00007ffc96ea2000 	C:\WINDOWS\System32\KERNEL32.DLL
0x00007ffc96620000 - 0x00007ffc9691e000 	C:\WINDOWS\System32\KERNELBASE.dll
0x00007ffc96060000 - 0x00007ffc96180000 	C:\Windows\system32\hmpalert.dll
0x00007ffc96a50000 - 0x00007ffc96b50000 	C:\WINDOWS\System32\ucrtbase.dll
0x00007ffc8ced0000 - 0x00007ffc8cee7000 	C:\Users\4473331\.jdks\openjdk-20.0.1\bin\jli.dll
0x00007ffc98250000 - 0x00007ffc983ed000 	C:\WINDOWS\System32\USER32.dll
0x00007ffc965f0000 - 0x00007ffc96612000 	C:\WINDOWS\System32\win32u.dll
0x00007ffc8cef0000 - 0x00007ffc8cf0b000 	C:\Users\4473331\.jdks\openjdk-20.0.1\bin\VCRUNTIME140.dll
0x00007ffc98910000 - 0x00007ffc9893b000 	C:\WINDOWS\System32\GDI32.dll
0x00007ffc96c50000 - 0x00007ffc96d67000 	C:\WINDOWS\System32\gdi32full.dll
0x00007ffc963f0000 - 0x00007ffc9648d000 	C:\WINDOWS\System32\msvcp_win.dll
0x00007ffc80a60000 - 0x00007ffc80cfa000 	C:\WINDOWS\WinSxS\amd64_microsoft.windows.common-controls_6595b64144ccf1df_6.0.19041.4355_none_60b8b9eb71f62e16\COMCTL32.dll
0x00007ffc98870000 - 0x00007ffc9890e000 	C:\WINDOWS\System32\msvcrt.dll
0x00007ffc98ce0000 - 0x00007ffc98d0f000 	C:\WINDOWS\System32\IMM32.DLL
0x00007ffc8d070000 - 0x00007ffc8d07c000 	C:\Users\4473331\.jdks\openjdk-20.0.1\bin\vcruntime140_1.dll
0x00007ffc53ab0000 - 0x00007ffc53b3e000 	C:\Users\4473331\.jdks\openjdk-20.0.1\bin\msvcp140.dll
0x00007ffba63c0000 - 0x00007ffba7057000 	C:\Users\4473331\.jdks\openjdk-20.0.1\bin\server\jvm.dll
0x00007ffc97b80000 - 0x00007ffc97c31000 	C:\WINDOWS\System32\ADVAPI32.dll
0x00007ffc979b0000 - 0x00007ffc97a4f000 	C:\WINDOWS\System32\sechost.dll
0x00007ffc97a50000 - 0x00007ffc97b73000 	C:\WINDOWS\System32\RPCRT4.dll
0x00007ffc969d0000 - 0x00007ffc969f7000 	C:\WINDOWS\System32\bcrypt.dll
0x00007ffc7ffe0000 - 0x00007ffc80007000 	C:\WINDOWS\SYSTEM32\WINMM.dll
0x00007ffc7ffd0000 - 0x00007ffc7ffd9000 	C:\WINDOWS\SYSTEM32\WSOCK32.dll
0x00007ffc98420000 - 0x00007ffc9848b000 	C:\WINDOWS\System32\WS2_32.dll
0x00007ffc94f80000 - 0x00007ffc94f8a000 	C:\WINDOWS\SYSTEM32\VERSION.dll
0x00007ffc94ee0000 - 0x00007ffc94ef2000 	C:\WINDOWS\SYSTEM32\kernel.appcore.dll
0x00007ffc8cec0000 - 0x00007ffc8ceca000 	C:\Users\4473331\.jdks\openjdk-20.0.1\bin\jimage.dll
0x00007ffc8bae0000 - 0x00007ffc8bcc4000 	C:\WINDOWS\SYSTEM32\DBGHELP.DLL
0x00007ffc8b950000 - 0x00007ffc8b984000 	C:\WINDOWS\SYSTEM32\dbgcore.DLL
0x00007ffc96bc0000 - 0x00007ffc96c42000 	C:\WINDOWS\System32\bcryptPrimitives.dll
0x00007ffc8ceb0000 - 0x00007ffc8cebe000 	C:\Users\4473331\.jdks\openjdk-20.0.1\bin\instrument.dll
0x00007ffc8ce70000 - 0x00007ffc8ce96000 	C:\Users\4473331\.jdks\openjdk-20.0.1\bin\java.dll
0x00007ffc003b0000 - 0x00007ffc00487000 	C:\Users\4473331\.jdks\openjdk-20.0.1\bin\jsvml.dll
0x00007ffc97240000 - 0x00007ffc979ad000 	C:\WINDOWS\System32\SHELL32.dll
0x00007ffc93dc0000 - 0x00007ffc94564000 	C:\WINDOWS\SYSTEM32\windows.storage.dll
0x00007ffc98490000 - 0x00007ffc987e3000 	C:\WINDOWS\System32\combase.dll
0x00007ffc95b50000 - 0x00007ffc95b7e000 	C:\WINDOWS\SYSTEM32\Wldp.dll
0x00007ffc96eb0000 - 0x00007ffc96f7d000 	C:\WINDOWS\System32\OLEAUT32.dll
0x00007ffc97130000 - 0x00007ffc971dd000 	C:\WINDOWS\System32\SHCORE.dll
0x00007ffc97c40000 - 0x00007ffc97c95000 	C:\WINDOWS\System32\shlwapi.dll
0x00007ffc96320000 - 0x00007ffc96344000 	C:\WINDOWS\SYSTEM32\profapi.dll
0x00007ffc782d0000 - 0x00007ffc782e8000 	C:\Users\4473331\.jdks\openjdk-20.0.1\bin\zip.dll
0x00007ffc820c0000 - 0x00007ffc820d3000 	C:\Users\4473331\.jdks\openjdk-20.0.1\bin\net.dll
0x00007ffc927d0000 - 0x00007ffc928dd000 	C:\WINDOWS\SYSTEM32\WINHTTP.dll
0x00007ffc95930000 - 0x00007ffc9599a000 	C:\WINDOWS\system32\mswsock.dll
0x00007ffc7b140000 - 0x00007ffc7b156000 	C:\Users\4473331\.jdks\openjdk-20.0.1\bin\nio.dll
0x00007ffc68e80000 - 0x00007ffc68e9a000 	C:\Program Files\JetBrains\IntelliJ IDEA Community Edition 2023.1.2\bin\breakgen64.dll
0x00007ffc820b0000 - 0x00007ffc820b7000 	C:\Users\4473331\.jdks\openjdk-20.0.1\bin\extnet.dll
0x00007ffc539c0000 - 0x00007ffc53a3a000 	C:\Users\4473331\AppData\Local\Temp\1\lwjgl_4473331\3.3.2+13\x64\lwjgl.dll
0x00007ffc485c0000 - 0x00007ffc48642000 	C:\Users\4473331\AppData\Local\Temp\1\lwjgl_4473331\3.3.2+13\x64\glfw.dll
0x00007ffc53700000 - 0x00007ffc53745000 	C:\WINDOWS\SYSTEM32\dinput8.dll
0x00007ffc53220000 - 0x00007ffc53231000 	C:\WINDOWS\SYSTEM32\xinput1_4.dll
0x00007ffc96a00000 - 0x00007ffc96a4e000 	C:\WINDOWS\System32\cfgmgr32.dll
0x00007ffc96180000 - 0x00007ffc961b3000 	C:\WINDOWS\SYSTEM32\DEVOBJ.dll
0x00007ffc938c0000 - 0x00007ffc938ef000 	C:\WINDOWS\SYSTEM32\dwmapi.dll
0x00007ffc88080000 - 0x00007ffc881d2000 	C:\WINDOWS\SYSTEM32\inputhost.dll
0x00007ffc917b0000 - 0x00007ffc91907000 	C:\WINDOWS\SYSTEM32\wintypes.dll
0x00007ffc90d40000 - 0x00007ffc90e32000 	C:\WINDOWS\SYSTEM32\CoreMessaging.dll
0x00007ffc8fd80000 - 0x00007ffc900db000 	C:\WINDOWS\SYSTEM32\CoreUIComponents.dll
0x00007ffc92d40000 - 0x00007ffc92e36000 	C:\WINDOWS\SYSTEM32\PROPSYS.dll
0x00007ffc954c0000 - 0x00007ffc954f3000 	C:\WINDOWS\SYSTEM32\ntmarta.dll
0x00007ffc936d0000 - 0x00007ffc9376e000 	C:\WINDOWS\system32\uxtheme.dll
0x00007ffc97010000 - 0x00007ffc97125000 	C:\WINDOWS\System32\MSCTF.dll
0x00007ffc574e0000 - 0x00007ffc57608000 	C:\WINDOWS\SYSTEM32\opengl32.dll
0x00007ffc57470000 - 0x00007ffc5749c000 	C:\WINDOWS\SYSTEM32\GLU32.dll
0x00007ffc98a80000 - 0x00007ffc98b29000 	C:\WINDOWS\System32\clbcatq.dll
0x00007ffb934c0000 - 0x00007ffb94442000 	C:\WINDOWS\System32\DriverStore\FileRepository\iigd_dch.inf_amd64_47794f8eae14cddd\ig12icd64.dll
0x00007ffc97ca0000 - 0x00007ffc97dcb000 	C:\WINDOWS\System32\ole32.dll
0x00007ffc946b0000 - 0x00007ffc947a6000 	C:\WINDOWS\system32\dxgi.dll
0x00007ffc85190000 - 0x00007ffc853e7000 	C:\WINDOWS\System32\DriverStore\FileRepository\iigd_dch.inf_amd64_47794f8eae14cddd\igdgmm64.dll
0x00007ffc82550000 - 0x00007ffc85169000 	C:\WINDOWS\System32\DriverStore\FileRepository\iigd_dch.inf_amd64_47794f8eae14cddd\igc64.dll
0x00007ffc96010000 - 0x00007ffc9605b000 	C:\WINDOWS\SYSTEM32\powrprof.dll
0x00007ffc95e40000 - 0x00007ffc95e52000 	C:\WINDOWS\SYSTEM32\UMPDC.dll
0x00007ffba3d40000 - 0x00007ffba414b000 	C:\WINDOWS\System32\DriverStore\FileRepository\iigd_dch.inf_amd64_47794f8eae14cddd\igdml64.dll
0x00007ffc881e0000 - 0x00007ffc882d9000 	C:\WINDOWS\SYSTEM32\textinputframework.dll
0x00007ffc51220000 - 0x00007ffc5127e000 	C:\Users\4473331\AppData\Local\Temp\1\lwjgl_4473331\3.3.2+13\x64\lwjgl_opengl.dll

dbghelp: loaded successfully - version: 4.0.5 - missing functions: none
symbol engine: initialized successfully - sym options: 0x614 - pdb path: .;C:\Users\4473331\.jdks\openjdk-20.0.1\bin;C:\WINDOWS\SYSTEM32;C:\WINDOWS\WinSxS\amd64_microsoft.windows.common-controls_6595b64144ccf1df_6.0.19041.4355_none_60b8b9eb71f62e16;C:\Users\4473331\.jdks\openjdk-20.0.1\bin\server;C:\Program Files\JetBrains\IntelliJ IDEA Community Edition 2023.1.2\bin;C:\Users\4473331\AppData\Local\Temp\1\lwjgl_4473331\3.3.2+13\x64;C:\WINDOWS\System32\DriverStore\FileRepository\iigd_dch.inf_amd64_47794f8eae14cddd

VM Arguments:
jvm_args: -javaagent:C:\Program Files\JetBrains\IntelliJ IDEA Community Edition 2023.1.2\lib\idea_rt.jar=57951:C:\Program Files\JetBrains\IntelliJ IDEA Community Edition 2023.1.2\bin -Dfile.encoding=UTF-8 -Dsun.stdout.encoding=UTF-8 -Dsun.stderr.encoding=UTF-8 
java_command: metastasis.metastasis
java_class_path (initial): C:\Users\4473331\Documents\projects\000_grants\wgd_abm\out\production\wgd_abm;C:\Users\4473331\Documents\projects\000_grants\wgd_abm\HAL\lib\lwjgl-assimp-natives-macos-arm64.jar;C:\Users\4473331\Documents\projects\000_grants\wgd_abm\HAL\lib\lwjgl-opengl-natives-linux-arm32.jar;C:\Users\4473331\Documents\projects\000_grants\wgd_abm\HAL\lib\lwjgl-openal-natives-linux-arm64.jar;C:\Users\4473331\Documents\projects\000_grants\wgd_abm\HAL\lib\lwjgl-natives-linux.jar;C:\Users\4473331\Documents\projects\000_grants\wgd_abm\HAL\lib\lwjgl-opengl-natives-macos.jar;C:\Users\4473331\Documents\projects\000_grants\wgd_abm\HAL\lib\lwjgl-natives-windows.jar;C:\Users\4473331\Documents\projects\000_grants\wgd_abm\HAL\lib\lwjgl-assimp-javadoc.jar;C:\Users\4473331\Documents\projects\000_grants\wgd_abm\HAL\lib\lwjgl-opengl-natives-windows-arm64.jar;C:\Users\4473331\Documents\projects\000_grants\wgd_abm\HAL\lib\lwjgl-glfw-natives-windows-arm64.jar;C:\Users\4473331\Documents\projects\000_grants\wgd_abm\HAL\lib\lwjgl-opengl-javadoc.jar;C:\Users\4473331\Documents\projects\000_grants\wgd_abm\HAL\lib\lwjgl-stb-natives-macos.jar;C:\Users\4473331\Documents\projects\000_grants\wgd_abm\HAL\lib\lwjgl-stb-natives-windows-arm64.jar;C:\Users\4473331\Documents\projects\000_grants\wgd_abm\HAL\lib\lwjgl-natives-linux-arm32.jar;C:\Users\4473331\Documents\projects\000_grants\wgd_abm\HAL\lib\lwjgl-opengl-natives-windows-x86.jar;C:\Users\4473331\Documents\projects\000_grants\wgd_abm\HAL\lib\lwjgl-glfw-natives-macos.jar;C:\Users\4473331\Documents\projects\000_grants\wgd_abm\HAL\lib\lwjgl-openal-javadoc.jar;C:\Users\4473331\Documents\projects\000_grants\wgd_abm\HAL\lib\lwjgl-stb-sources.jar;C:\Users\4473331\Documents\projects\000_grants\wgd_abm\HAL\lib\lwjgl-glfw-natives-windows-x86.jar;C:\Users\4473331\Documents\projects\000_grants\wgd_abm\HAL\lib\lwjgl-glfw-javadoc.jar;C:\Users\4473331\Documents\projects\000_grants\wgd_abm\HAL\lib\lwjgl-javadoc.jar;C:\Users\4473331\Documents\projects\000_grants\wgd_abm\HAL\lib\lwjgl-sources.jar;C:\Users\4473331\Documents\projects\000_grants\wgd_abm\HAL\lib\lwjgl-openal-natives-linux-arm32.jar;C:\Users\4473331\Documents\projects\000_grants\wgd_abm\HAL\lib\lwjgl-openal-natives-macos-arm64.jar;C:\Users\4473331\Documents\projects\000_grants\wgd_abm\HAL\lib\lwjgl-assimp-natives-windows.jar;C:\Users\4473331\Documents\projects\000_grants\wgd_abm\HAL\lib\lwjgl-openal-natives-windows-x86.jar;C:\Users\4473331\Documents\projects\000_grants\wgd_abm\HAL\lib\lwjgl-stb-natives-linux.jar;C:\Users\4473331\Documents\projects\000_grants\wgd_abm\HAL\lib\lwjgl-natives-macos.jar;C:\Users\4473331\Documents\projects\000_grants\wgd_abm\HAL\lib\lwjgl-glfw-natives-linux.jar;C:\Users\4473331\Documents\projects\000_grants\wgd_abm\HAL\lib\lwjgl-stb-natives-macos-arm64.jar;C:\Users\4473331\Documents\projects\000_grants\wgd_abm\HAL\lib\lwjgl-openal-natives-windows-arm64.jar;C:\Users\4473331\Documents\projects\000_grants\wgd_abm\HAL\lib\lwjgl-opengl-natives-linux.jar;C:\Users\4473331\Documents\projects\000_grants\wgd_abm\HAL\lib\lwjgl-openal-natives-linux.jar;C:\Users\4473331\Documents\projects\000_grants\wgd_abm\HAL\lib\lwjgl-assimp-natives-linux-arm64.jar;C:\Users\4473331\Documents\projects\000_grants\wgd_abm\HAL\lib\lwjgl-stb-natives-linux-arm32.jar;C:\Users\4473331\Documents\projects\000_grants\wgd_abm\HAL\lib\lwjgl-glfw-natives-macos-arm64.jar;C:\Users\4473331\Documents\projects\000_grants\wgd_abm\HAL\lib\lwjgl-assimp-natives-windows-x86.jar;C:\Users\4473331\Documents\projects\000_grants\wgd_abm\HAL\lib\lwjgl-opengl-natives-windows.jar;C:\Users\4473331\Documents\projects\000_grants\wgd_abm\HAL\lib\lwjgl-glfw.jar;C:\Users\4473331\Documents\projects\000_grants\wgd_abm\HAL\lib\lwjgl-opengl-sources.jar;C:\Users\4473331\Documents\projects\000_grants\wgd_abm\HAL\lib\lwjgl-natives-windows-arm64.jar;C:\Users\4473331\Documents\projects\000_grants\wgd_abm\HAL\lib\lwjgl-openal-sources.jar;C:\Users\4473331\Documents\projects\000_grants\wgd_abm\HAL\lib\lwjgl-stb-natives-linux-arm64.jar;C:\Users\4473331\Documents\projects\000_grants\wgd_abm\HAL\lib\lwjgl-assimp-natives-linux-arm32.jar;C:\Users\4473331\Documents\projects\000_grants\wgd_abm\HAL\lib\lwjgl-glfw-sources.jar;C:\Users\4473331\Documents\projects\000_grants\wgd_abm\HAL\lib\lwjgl-openal-natives-windows.jar;C:\Users\4473331\Documents\projects\000_grants\wgd_abm\HAL\lib\lwjgl-natives-macos-arm64.jar;C:\Users\4473331\Documents\projects\000_grants\wgd_abm\HAL\lib\lwjgl-glfw-natives-windows.jar;C:\Users\4473331\Documents\projects\000_grants\wgd_abm\HAL\lib\lwjgl-stb-javadoc.jar;C:\Users\4473331\Documents\projects\000_grants\wgd_abm\HAL\lib\lwjgl-glfw-natives-linux-arm64.jar;C:\Users\4473331\Documents\projects\000_grants\wgd_abm\HAL\lib\lwjgl-assimp-natives-macos.jar;C:\Users\4473331\Documents\projects\000_grants\wgd_abm\HAL\lib\lwjgl.jar;C:\Users\4473331\Documents\projects\000_grants\wgd_abm\HAL\lib\lwjgl-opengl-natives-linux-arm64.jar;C:\Users\4473331\Documents\projects\000_grants\wgd_abm\HAL\lib\lwjgl-assimp.jar;C:\Users\4473331\Documents\projects\000_grants\wgd_abm\HAL\lib\lwjgl-stb-natives-windows-x86.jar;C:\Users\4473331\Documents\projects\000_grants\wgd_abm\HAL\lib\lwjgl-natives-windows-x86.jar;C:\Users\4473331\Documents\projects\000_grants\wgd_abm\HAL\lib\lwjgl-stb-natives-windows.jar;C:\Users\4473331\Documents\projects\000_grants\wgd_abm\HAL\lib\lwjgl-natives-linux-arm64.jar;C:\Users\4473331\Documents\projects\000_grants\wgd_abm\HAL\lib\lwjgl-openal-natives-macos.jar;C:\Users\4473331\Documents\projects\000_grants\wgd_abm\HAL\lib\lwjgl-openal.jar;C:\Users\4473331\Documents\projects\000_grants\wgd_abm\HAL\lib\lwjgl-assimp-natives-linux.jar;C:\Users\4473331\Documents\projects\000_grants\wgd_abm\HAL\lib\lwjgl-assimp-natives-windows-arm64.jar;C:\Users\4473331\Documents\projects\000_grants\wgd_abm\HAL\lib\lwjgl-assimp-sources.jar;C:\Users\4473331\Documents\projects\000_grants\wgd_abm\HAL\lib\lwjgl-glfw-natives-linux-arm32.jar;C:\Users\4473331\Documents\projects\000_grants\wgd_abm\HAL\lib\lwjgl-opengl-natives-macos-arm64.jar;C:\Users\4473331\Documents\projects\000_grants\wgd_abm\HAL\lib\lwjgl-opengl.jar;C:\Users\4473331\Documents\projects\000_grants\wgd_abm\HAL\lib\lwjgl-stb.jar
Launcher Type: SUN_STANDARD

[Global flags]
     intx CICompilerCount                          = 4                                         {product} {ergonomic}
     uint ConcGCThreads                            = 2                                         {product} {ergonomic}
     uint G1ConcRefinementThreads                  = 8                                         {product} {ergonomic}
   size_t G1HeapRegionSize                         = 2097152                                   {product} {ergonomic}
    uintx GCDrainStackTargetSize                   = 64                                        {product} {ergonomic}
   size_t InitialHeapSize                          = 266338304                                 {product} {ergonomic}
   size_t MarkStackSize                            = 4194304                                   {product} {ergonomic}
   size_t MaxHeapSize                              = 4229955584                                {product} {ergonomic}
   size_t MaxNewSize                               = 2537553920                                {product} {ergonomic}
   size_t MinHeapDeltaBytes                        = 2097152                                   {product} {ergonomic}
   size_t MinHeapSize                              = 8388608                                   {product} {ergonomic}
    uintx NonNMethodCodeHeapSize                   = 5839372                                {pd product} {ergonomic}
    uintx NonProfiledCodeHeapSize                  = 122909434                              {pd product} {ergonomic}
    uintx ProfiledCodeHeapSize                     = 122909434                              {pd product} {ergonomic}
    uintx ReservedCodeCacheSize                    = 251658240                              {pd product} {ergonomic}
     bool SegmentedCodeCache                       = true                                      {product} {ergonomic}
   size_t SoftMaxHeapSize                          = 4229955584                             {manageable} {ergonomic}
     bool UseCompressedClassPointers               = true                           {product lp64_product} {ergonomic}
     bool UseCompressedOops                        = true                           {product lp64_product} {ergonomic}
     bool UseG1GC                                  = true                                      {product} {ergonomic}
     bool UseLargePagesIndividualAllocation        = false                                  {pd product} {ergonomic}

Logging:
Log output configuration:
 #0: stdout all=off uptime,level,tags foldmultilines=false
 #1: stderr all=off uptime,level,tags foldmultilines=false

Environment Variables:
PATH=C:\Program Files (x86)\Common Files\Oracle\Java\java8path;C:\Program Files (x86)\Common Files\Oracle\Java\javapath;C:\WINDOWS\system32;C:\WINDOWS;C:\WINDOWS\System32\Wbem;C:\WINDOWS\System32\WindowsPowerShell\v1.0\;C:\WINDOWS\System32\OpenSSH\;C:\Program Files\Moffitt\Bgupdate;C:\Windows\CCM;C:\Program Files\MATLAB\R2022a\bin;;C:\Program Files\dotnet\;C:\Program Files\Amazon\AWSCLIV2\;C:\Program Files\Scripts;C:\Program Files;C:\Users\4473331\AppData\Local\Microsoft\WindowsApps;C:\Users\4473331\AppData\Local\Programs\Julia-1.6.2\bin;C:\Users\4473331\AppData\Local\Programs\Microsoft VS Code\bin;C:\Users\4473331\AppData\Local\Programs\Git\cmd;C:\Program Files\R\R-4.4.1\bin;C:\rtools40\mingw64\bin;C:\Users\4473331\AppData\Roaming\TinyTeX\bin\win32;C:\Gradle\gradle-4.2.1\bin;C:\Users\4473331\AppData\Roaming\Python\Python311\Scripts;C:\Program Files\JetBrains\PyCharm Community Edition 2023.1.2\bin;;C:\Users\4473331\AppData\Roaming\TinyTeX\bin\windows;C:\Program Files\OpenSSL-Win64\bin;
USERNAME=4473331
OS=Windows_NT
PROCESSOR_IDENTIFIER=Intel64 Family 6 Model 140 Stepping 1, GenuineIntel
TMP=C:\Users\4473331\AppData\Local\Temp\1
TEMP=C:\Users\4473331\AppData\Local\Temp\1




---------------  S Y S T E M  ---------------

OS:
 Windows 10 , 64 bit Build 19041 (10.0.19041.5072)
OS uptime: 1 days 1:45 hours
Hyper-V role detected

CPU: total 8 (initial active 8) (4 cores per cpu, 2 threads per core) family 6 model 140 stepping 1 microcode 0x6e, cx8, cmov, fxsr, ht, mmx, 3dnowpref, sse, sse2, sse3, ssse3, sse4.1, sse4.2, popcnt, lzcnt, tsc, tscinvbit, avx, avx2, aes, erms, clmul, bmi1, bmi2, adx, avx512f, avx512dq, avx512cd, avx512bw, avx512vl, sha, fma, vzeroupper, avx512_vpopcntdq, avx512_vpclmulqdq, avx512_vaes, avx512_vnni, clflush, clflushopt, clwb, avx512_vbmi2, avx512_vbmi, hv, rdtscp, rdpid, fsrm, gfni, avx512_bitalg, f16c, cet_ibt, cet_ss, avx512_ifma

Memory: 4k page, system-wide physical 16129M (2326M free)
TotalPageFile size 25345M (AvailPageFile size 5089M)
current process WorkingSet (physical memory assigned to process): 361M, peak: 368M
current process commit charge ("private bytes"): 440M, peak: 449M

vm_info: OpenJDK 64-Bit Server VM (20.0.1+9-29) for windows-amd64 JRE (20.0.1+9-29), built on 2023-03-07T13:56:11Z by "mach5one" with MS VC++ 17.1 (VS2022)

END.
