#
# A fatal error has been detected by the Java Runtime Environment:
#
#  EXCEPTION_ACCESS_VIOLATION (0xc0000005) at pc=0x00007ffb9e38fdb5, pid=26620, tid=27396
#
# JRE version: OpenJDK Runtime Environment (20.0.1+9) (build 20.0.1+9-29)
# Java VM: OpenJDK 64-Bit Server VM (20.0.1+9-29, mixed mode, sharing, tiered, compressed oops, compressed class ptrs, g1 gc, windows-amd64)
# Problematic frame:
# C  [ig12icd64.dll+0x2afdb5]
#
# No core dump will be written. Minidumps are not enabled by default on client versions of Windows
#
# If you would like to submit a bug report, please visit:
#   https://bugreport.java.com/bugreport/crash.jsp
#

---------------  S U M M A R Y ------------

Command Line: -agentlib:jdwp=transport=dt_socket,address=127.0.0.1:54984,suspend=y,server=n -javaagent:C:\Users\4473331\AppData\Local\JetBrains\IdeaIC2023.1\captureAgent\debugger-agent.jar -Dfile.encoding=UTF-8 -Dsun.stdout.encoding=UTF-8 -Dsun.stderr.encoding=UTF-8 metastasis.metastasis

Host: 11th Gen Intel(R) Core(TM) i7-1165G7 @ 2.80GHz, 8 cores, 15G,  Windows 10 , 64 bit Build 19041 (10.0.19041.5072)
Time: Tue Dec 10 10:31:00 2024 Eastern Standard Time elapsed time: 170.851299 seconds (0d 0h 2m 50s)

---------------  T H R E A D  ---------------

Current thread (0x000001eae42eea90):  VMThread "VM Thread" [stack: 0x0000005b11000000,0x0000005b11100000] [id=27396]

Stack: [0x0000005b11000000,0x0000005b11100000],  sp=0x0000005b110fe530,  free space=1017k
Native frames: (J=compiled Java code, j=interpreted, Vv=VM code, C=native code)
C  [ig12icd64.dll+0x2afdb5]


siginfo: EXCEPTION_ACCESS_VIOLATION (0xc0000005), reading address 0x00000000000353a8


Registers:
RAX=0x000001eaefa4fa80, RBX=0x000001eaefa4f9b0, RCX=0x0000000000000000, RDX=0x000001eaefa4fa80
RSP=0x0000005b110fe530, RBP=0x0000005b110fe630, RSI=0x0000000000000000, RDI=0x000001eae86577b0
R8 =0x0000000000000000, R9 =0x0000000000000000, R10=0x0000000000000000, R11=0x0000000000000246
R12=0x0000000000000000, R13=0x000001eaefa4f9b0, R14=0x000001eaefa4fec8, R15=0x000001eaefa54200
RIP=0x00007ffb9e38fdb5, EFLAGS=0x0000000000010202


Register to memory mapping:

RIP=0x00007ffb9e38fdb5 ig12icd64.dll
RAX=0x000001eaefa4fa80 points into unknown readable memory: 0x0000000006eb2eb3 | b3 2e eb 06 00 00 00 00
RBX=0x000001eaefa4f9b0 points into unknown readable memory: 0x000001eac4e71e30 | 30 1e e7 c4 ea 01 00 00
RCX=0x0 is NULL
RDX=0x000001eaefa4fa80 points into unknown readable memory: 0x0000000006eb2eb3 | b3 2e eb 06 00 00 00 00
RSP=0x0000005b110fe530 points into unknown readable memory: 0x000001eae8c4e6f0 | f0 e6 c4 e8 ea 01 00 00
RBP=0x0000005b110fe630 points into unknown readable memory: 0x9ae8023f80e800d9 | d9 00 e8 80 3f 02 e8 9a
RSI=0x0 is NULL
RDI=0x000001eae86577b0 points into unknown readable memory: 0x0000000000000000 | 00 00 00 00 00 00 00 00
R8 =0x0 is NULL
R9 =0x0 is NULL
R10=0x0 is NULL
R11=0x0000000000000246 is an unknown value
R12=0x0 is NULL
R13=0x000001eaefa4f9b0 points into unknown readable memory: 0x000001eac4e71e30 | 30 1e e7 c4 ea 01 00 00
R14=0x000001eaefa4fec8 points into unknown readable memory: 0x000001eaefa54200 | 00 42 a5 ef ea 01 00 00
R15=0x000001eaefa54200 points into unknown readable memory: 0x000001eac4e71e30 | 30 1e e7 c4 ea 01 00 00


Top of Stack: (sp=0x0000005b110fe530)
0x0000005b110fe530:   000001eae8c4e6f0 0000000000000000
0x0000005b110fe540:   0000000000000000 0000000000000000
0x0000005b110fe550:   0000001638000000 0000000000000000
0x0000005b110fe560:   74cb02aa27cb00ce efcc005649cc00da
0x0000005b110fe570:   000001eae8c4e6f0 17d0022bf4cf0169
0x0000005b110fe580:   39d100f48dd00056 d2d1007b9ad10148
0x0000005b110fe590:   3dd5006182d300a7 ecd6010fd6d6032a
0x0000005b110fe5a0:   3dd700def6d602c6 07d9011fd1d802eb
0x0000005b110fe5b0:   38da032073d90124 19db000effda01c8
0x0000005b110fe5c0:   b2db01d826db02ec 0bdc0139fbdb02cc
0x0000005b110fe5d0:   1bdd027edcdc019a 3ee001801fdf0119
0x0000005b110fe5e0:   61e002e442e001e7 65e10316fde002c3
0x0000005b110fe5f0:   83e1008c7ee102de 1be202f5d9e102ac
0x0000005b110fe600:   2fe202dd2be20056 69e4005e2ae40114
0x0000005b110fe610:   cee501274ce500c9 62e60d2b3ee6029a
0x0000005b110fe620:   fbe600816ce602ff a4e7011d68e70339
0x0000005b110fe630:   9ae8023f80e800d9 b4e800fa9ee800fd
0x0000005b110fe640:   8ce90195e0e80294 5fec02cc94ea010a
0x0000005b110fe650:   b9ec03138aec00ce 35ef02f771ee0122
0x0000005b110fe660:   e0f0008b79ef032a 7df102d45cf100b6
0x0000005b110fe670:   0000e694990888c1 28f300db08f300fa
0x0000005b110fe680:   0000000000000000 0000000000000000
0x0000005b110fe690:   0000000000000000 0000000000000000
0x0000005b110fe6a0:   0000000000000000 0000000000000000
0x0000005b110fe6b0:   0000000000000000 0000000000000000
0x0000005b110fe6c0:   0000000000000000 0000000000000000
0x0000005b110fe6d0:   0000000000000000 0000000000000000
0x0000005b110fe6e0:   0000000000000000 0000000000000000
0x0000005b110fe6f0:   0000000000000000 0000000000000000
0x0000005b110fe700:   404e000000000000 0000000000000000
0x0000005b110fe710:   0000000000000000 0000000000000000
0x0000005b110fe720:   000001eae8cf6e18 0000000006eb4963 

Instructions: (pc=0x00007ffb9e38fdb5)
0x00007ffb9e38fcb5:   48 8b cb ff 15 42 74 7f 00 90 4c 8b bf 80 02 00
0x00007ffb9e38fcc5:   00 48 8b 05 73 d3 b1 00 8b 80 1c 0a 00 00 89 44
0x00007ffb9e38fcd5:   24 24 c6 44 24 20 00 48 c7 87 80 02 00 00 00 00
0x00007ffb9e38fce5:   00 00 c7 87 88 02 00 00 00 00 00 00 48 c7 87 a0
0x00007ffb9e38fcf5:   02 00 00 00 00 00 00 48 c7 87 90 02 00 00 00 00
0x00007ffb9e38fd05:   00 00 48 85 f6 75 3d 8b 35 3e 67 c1 00 65 48 8b
0x00007ffb9e38fd15:   04 25 58 00 00 00 b9 30 00 00 00 48 8b 04 f0 80
0x00007ffb9e38fd25:   3c 01 00 0f 84 7e 29 6c 00 65 48 8b 04 25 58 00
0x00007ffb9e38fd35:   00 00 b9 08 00 00 00 48 8b 04 f0 48 8b 34 01 48
0x00007ffb9e38fd45:   89 74 24 28 48 3b 35 10 8b c1 00 0f 84 37 11 00
0x00007ffb9e38fd55:   00 4d 85 ff 0f 84 37 01 00 00 90 49 8b df 4d 8b
0x00007ffb9e38fd65:   ef 4d 8d b7 18 05 00 00 4d 8b 3e 45 84 e4 0f 85
0x00007ffb9e38fd75:   b4 0f 00 00 8b 8f d0 01 00 00 48 8b 05 ba d2 b1
0x00007ffb9e38fd85:   00 83 b8 54 03 00 00 02 75 33 48 8d 93 d0 00 00
0x00007ffb9e38fd95:   00 83 f9 10 0f 83 73 01 00 00 8b c1 48 c1 e0 06
0x00007ffb9e38fda5:   48 03 c2 48 85 c0 0f 84 d5 01 00 00 4c 8b 40 08
0x00007ffb9e38fdb5:   4c 3b 86 a8 53 03 00 0f 87 8e 0f 00 00 48 83 bb
0x00007ffb9e38fdc5:   70 05 00 00 00 0f 85 0f 29 6c 00 44 8b 87 d0 01
0x00007ffb9e38fdd5:   00 00 48 8b 87 e8 01 00 00 48 8b 10 8b 8f d0 01
0x00007ffb9e38fde5:   00 00 48 8d b3 d0 00 00 00 83 f9 10 0f 83 54 01
0x00007ffb9e38fdf5:   00 00 8b c1 48 c1 e0 06 48 03 c6 48 85 c0 0f 84
0x00007ffb9e38fe05:   85 01 00 00 48 39 50 08 0f 86 7b 01 00 00 48 8b
0x00007ffb9e38fe15:   87 80 02 00 00 49 89 06 48 89 9f 80 02 00 00 ff
0x00007ffb9e38fe25:   87 88 02 00 00 48 8b 4b 08 48 8b 01 ba 01 00 00
0x00007ffb9e38fe35:   00 48 8b 80 e0 02 00 00 ff 15 9d 77 7f 00 0f b7
0x00007ffb9e38fe45:   c8 48 2b c1 48 05 00 00 01 00 48 01 87 90 02 00
0x00007ffb9e38fe55:   00 48 8b 4b 08 48 8b 01 ba 01 00 00 00 48 8b 80
0x00007ffb9e38fe65:   e0 02 00 00 ff 15 71 77 7f 00 48 01 87 a0 02 00
0x00007ffb9e38fe75:   00 48 8b 74 24 28 0f b6 54 24 20 4d 85 ff 0f 85
0x00007ffb9e38fe85:   d7 fe ff ff 84 d2 0f 85 5c 10 00 00 48 8b 5c 24
0x00007ffb9e38fe95:   40 48 8b cf 80 7c 24 22 00 0f 85 36 10 00 00 e8
0x00007ffb9e38fea5:   a7 f0 ff ff 90 48 8b cb ff 15 7d 73 7f 00 48 8b 


Stack slot to memory mapping:
stack at sp + 0 slots: 0x000001eae8c4e6f0 points into unknown readable memory: 0xffffffffffffffff | ff ff ff ff ff ff ff ff
stack at sp + 1 slots: 0x0 is NULL
stack at sp + 2 slots: 0x0 is NULL
stack at sp + 3 slots: 0x0 is NULL
stack at sp + 4 slots: 0x0000001638000000 is an unknown value
stack at sp + 5 slots: 0x0 is NULL
stack at sp + 6 slots: 0x74cb02aa27cb00ce is an unknown value
stack at sp + 7 slots: 0xefcc005649cc00da is an unknown value

VM_Operation (0x0000005b107ff120): Exit, mode: safepoint, requested by thread 0x000001eae86517d0


---------------  P R O C E S S  ---------------

Threads class SMR info:
_java_thread_list=0x000001eaf019d080, length=12, elements={
0x000001eac4de6ca0, 0x000001eae430f1b0, 0x000001eae4310240, 0x000001eae4315080,
0x000001eae4315c50, 0x000001eae4316820, 0x000001eae43178c0, 0x000001eae43184d0,
0x000001eae85e5cd0, 0x000001eae86a34f0, 0x000001eae86b7d60, 0x000001eae86517d0
}

Java Threads: ( => current thread )
  0x000001eac4de6ca0 JavaThread "main" [_thread_blocked, id=9072, stack(0x0000005b10a00000,0x0000005b10b00000)]
  0x000001eae430f1b0 JavaThread "Reference Handler" daemon [_thread_blocked, id=11252, stack(0x0000005b11100000,0x0000005b11200000)]
  0x000001eae4310240 JavaThread "Finalizer" daemon [_thread_blocked, id=24872, stack(0x0000005b11200000,0x0000005b11300000)]
  0x000001eae4315080 JavaThread "Attach Listener" daemon [_thread_blocked, id=11888, stack(0x0000005b11400000,0x0000005b11500000)]
  0x000001eae4315c50 JavaThread "Service Thread" daemon [_thread_blocked, id=16204, stack(0x0000005b11500000,0x0000005b11600000)]
  0x000001eae4316820 JavaThread "Monitor Deflation Thread" daemon [_thread_blocked, id=14036, stack(0x0000005b11600000,0x0000005b11700000)]
  0x000001eae43178c0 JavaThread "C2 CompilerThread0" daemon [_thread_blocked, id=12168, stack(0x0000005b11700000,0x0000005b11800000)]
  0x000001eae43184d0 JavaThread "C1 CompilerThread0" daemon [_thread_blocked, id=27096, stack(0x0000005b11800000,0x0000005b11900000)]
  0x000001eae85e5cd0 JavaThread "Common-Cleaner" daemon [_thread_blocked, id=17384, stack(0x0000005b11900000,0x0000005b11a00000)]
  0x000001eae86a34f0 JavaThread "JDWP Event Helper Thread" daemon [_thread_blocked, id=24808, stack(0x0000005b11b00000,0x0000005b11c00000)]
  0x000001eae86b7d60 JavaThread "Notification Thread" daemon [_thread_blocked, id=25852, stack(0x0000005b11d00000,0x0000005b11e00000)]
  0x000001eae86517d0 JavaThread "SIGINT handler" daemon [_thread_blocked, id=25816, stack(0x0000005b10700000,0x0000005b10800000)]

Other Threads:
=>0x000001eae42eea90 VMThread "VM Thread" [stack: 0x0000005b11000000,0x0000005b11100000] [id=27396]
  0x000001eac4e547c0 WorkerThread "GC Thread#0" [stack: 0x0000005b10b00000,0x0000005b10c00000] [id=29024]
  0x000001eaefa0f9e0 WorkerThread "GC Thread#1" [stack: 0x0000005b12500000,0x0000005b12600000] [id=27204]
  0x000001eaefa443a0 WorkerThread "GC Thread#2" [stack: 0x0000005b12600000,0x0000005b12700000] [id=22488]
  0x000001eaefa44670 WorkerThread "GC Thread#3" [stack: 0x0000005b12700000,0x0000005b12800000] [id=3528]
  0x000001eaefa44940 WorkerThread "GC Thread#4" [stack: 0x0000005b12800000,0x0000005b12900000] [id=14852]
  0x000001eaefa44c10 WorkerThread "GC Thread#5" [stack: 0x0000005b12900000,0x0000005b12a00000] [id=25692]
  0x000001eaefd964c0 WorkerThread "GC Thread#6" [stack: 0x0000005b12a00000,0x0000005b12b00000] [id=27936]
  0x000001eaefd96a60 WorkerThread "GC Thread#7" [stack: 0x0000005b12b00000,0x0000005b12c00000] [id=6268]
  0x000001eac4e66490 ConcurrentGCThread "G1 Main Marker" terminated
  0x000001eac4e67660 WorkerThread "G1 Conc#0" [stack: 0x0000005b10d00000,0x0000005b10e00000] [id=29456]
  0x000001eac4e9e960 ConcurrentGCThread "G1 Refine#0" terminated
  0x000001eae41aa6c0 ConcurrentGCThread "G1 Service" terminated

Threads with active compile tasks:
C2 CompilerThread0   170908 1177       4       metastasis.metastasis::StepCells (165 bytes)

VM state: at safepoint (shutting down)

VM Mutex/Monitor currently owned by a thread:  ([mutex/lock_event])
[0x000001eac4de3590] Threads_lock - owner thread: 0x000001eae42eea90
[0x000001eac4de3620] Heap_lock - owner thread: 0x000001eae86517d0

Heap address: 0x0000000703e00000, size: 4034 MB, Compressed Oops mode: Zero based, Oop shift amount: 3

CDS archive(s) mapped at: [0x0000000800000000-0x0000000800c60000-0x0000000800c60000), size 12976128, SharedBaseAddress: 0x0000000800000000, ArchiveRelocationMode: 0.
Compressed class space mapped at: 0x0000000801000000-0x0000000841000000, reserved size: 1073741824
Narrow klass base: 0x0000000800000000, Narrow klass shift: 0, Narrow klass range: 0x100000000

GC Precious Log:
 CardTable entry size: 512
 Card Set container configuration: InlinePtr #cards 4 size 8 Array Of Cards #cards 16 size 48 Howl #buckets 8 coarsen threshold 3686 Howl Bitmap #cards 512 size 80 coarsen threshold 460 Card regions per heap region 1 cards per card region 4096
 CPUs: 8 total, 8 available
 Memory: 16129M
 Large Page Support: Disabled
 NUMA Support: Disabled
 Compressed Oops: Enabled (Zero based)
 Heap Region Size: 2M
 Heap Min Capacity: 8M
 Heap Initial Capacity: 254M
 Heap Max Capacity: 4034M
 Pre-touch: Disabled
 Parallel Workers: 8
 Concurrent Workers: 2
 Concurrent Refinement Workers: 8
 Periodic GC: Disabled

Heap:
 garbage-first heap   total 260096K, used 70066K [0x0000000703e00000, 0x0000000800000000)
  region size 2048K, 34 young (69632K), 1 survivors (2048K)
 Metaspace       used 3930K, committed 4160K, reserved 1114112K
  class space    used 236K, committed 320K, reserved 1048576K

Heap Regions: E=young(eden), S=young(survivor), O=old, HS=humongous(starts), HC=humongous(continues), CS=collection set, F=free, OA=open archive, CA=closed archive, TAMS=top-at-mark-start, PB=parsable bottom
|   0|0x0000000703e00000, 0x0000000704000000, 0x0000000704000000|100%| O|  |TAMS 0x0000000703e00000| PB 0x0000000703e00000| Untracked 
|   1|0x0000000704000000, 0x0000000704200000, 0x0000000704200000|100%| O|  |TAMS 0x0000000704000000| PB 0x0000000704000000| Untracked 
|   2|0x0000000704200000, 0x000000070424cc00, 0x0000000704400000| 14%| O|  |TAMS 0x0000000704200000| PB 0x0000000704200000| Untracked 
|   3|0x0000000704400000, 0x0000000704400000, 0x0000000704600000|  0%| F|  |TAMS 0x0000000704400000| PB 0x0000000704400000| Untracked 
|   4|0x0000000704600000, 0x0000000704600000, 0x0000000704800000|  0%| F|  |TAMS 0x0000000704600000| PB 0x0000000704600000| Untracked 
|   5|0x0000000704800000, 0x0000000704800000, 0x0000000704a00000|  0%| F|  |TAMS 0x0000000704800000| PB 0x0000000704800000| Untracked 
|   6|0x0000000704a00000, 0x0000000704a00000, 0x0000000704c00000|  0%| F|  |TAMS 0x0000000704a00000| PB 0x0000000704a00000| Untracked 
|   7|0x0000000704c00000, 0x0000000704c00000, 0x0000000704e00000|  0%| F|  |TAMS 0x0000000704c00000| PB 0x0000000704c00000| Untracked 
|   8|0x0000000704e00000, 0x0000000704e00000, 0x0000000705000000|  0%| F|  |TAMS 0x0000000704e00000| PB 0x0000000704e00000| Untracked 
|   9|0x0000000705000000, 0x0000000705000000, 0x0000000705200000|  0%| F|  |TAMS 0x0000000705000000| PB 0x0000000705000000| Untracked 
|  10|0x0000000705200000, 0x0000000705200000, 0x0000000705400000|  0%| F|  |TAMS 0x0000000705200000| PB 0x0000000705200000| Untracked 
|  11|0x0000000705400000, 0x0000000705400000, 0x0000000705600000|  0%| F|  |TAMS 0x0000000705400000| PB 0x0000000705400000| Untracked 
|  12|0x0000000705600000, 0x0000000705600000, 0x0000000705800000|  0%| F|  |TAMS 0x0000000705600000| PB 0x0000000705600000| Untracked 
|  13|0x0000000705800000, 0x0000000705800000, 0x0000000705a00000|  0%| F|  |TAMS 0x0000000705800000| PB 0x0000000705800000| Untracked 
|  14|0x0000000705a00000, 0x0000000705a00000, 0x0000000705c00000|  0%| F|  |TAMS 0x0000000705a00000| PB 0x0000000705a00000| Untracked 
|  15|0x0000000705c00000, 0x0000000705c00000, 0x0000000705e00000|  0%| F|  |TAMS 0x0000000705c00000| PB 0x0000000705c00000| Untracked 
|  16|0x0000000705e00000, 0x0000000705e00000, 0x0000000706000000|  0%| F|  |TAMS 0x0000000705e00000| PB 0x0000000705e00000| Untracked 
|  17|0x0000000706000000, 0x0000000706000000, 0x0000000706200000|  0%| F|  |TAMS 0x0000000706000000| PB 0x0000000706000000| Untracked 
|  18|0x0000000706200000, 0x0000000706200000, 0x0000000706400000|  0%| F|  |TAMS 0x0000000706200000| PB 0x0000000706200000| Untracked 
|  19|0x0000000706400000, 0x0000000706400000, 0x0000000706600000|  0%| F|  |TAMS 0x0000000706400000| PB 0x0000000706400000| Untracked 
|  20|0x0000000706600000, 0x0000000706600000, 0x0000000706800000|  0%| F|  |TAMS 0x0000000706600000| PB 0x0000000706600000| Untracked 
|  21|0x0000000706800000, 0x0000000706800000, 0x0000000706a00000|  0%| F|  |TAMS 0x0000000706800000| PB 0x0000000706800000| Untracked 
|  22|0x0000000706a00000, 0x0000000706a00000, 0x0000000706c00000|  0%| F|  |TAMS 0x0000000706a00000| PB 0x0000000706a00000| Untracked 
|  23|0x0000000706c00000, 0x0000000706c00000, 0x0000000706e00000|  0%| F|  |TAMS 0x0000000706c00000| PB 0x0000000706c00000| Untracked 
|  24|0x0000000706e00000, 0x0000000706e00000, 0x0000000707000000|  0%| F|  |TAMS 0x0000000706e00000| PB 0x0000000706e00000| Untracked 
|  25|0x0000000707000000, 0x0000000707000000, 0x0000000707200000|  0%| F|  |TAMS 0x0000000707000000| PB 0x0000000707000000| Untracked 
|  26|0x0000000707200000, 0x0000000707200000, 0x0000000707400000|  0%| F|  |TAMS 0x0000000707200000| PB 0x0000000707200000| Untracked 
|  27|0x0000000707400000, 0x0000000707400000, 0x0000000707600000|  0%| F|  |TAMS 0x0000000707400000| PB 0x0000000707400000| Untracked 
|  28|0x0000000707600000, 0x0000000707600000, 0x0000000707800000|  0%| F|  |TAMS 0x0000000707600000| PB 0x0000000707600000| Untracked 
|  29|0x0000000707800000, 0x0000000707800000, 0x0000000707a00000|  0%| F|  |TAMS 0x0000000707800000| PB 0x0000000707800000| Untracked 
|  30|0x0000000707a00000, 0x0000000707a00000, 0x0000000707c00000|  0%| F|  |TAMS 0x0000000707a00000| PB 0x0000000707a00000| Untracked 
|  31|0x0000000707c00000, 0x0000000707c00000, 0x0000000707e00000|  0%| F|  |TAMS 0x0000000707c00000| PB 0x0000000707c00000| Untracked 
|  32|0x0000000707e00000, 0x0000000707e00000, 0x0000000708000000|  0%| F|  |TAMS 0x0000000707e00000| PB 0x0000000707e00000| Untracked 
|  33|0x0000000708000000, 0x0000000708000000, 0x0000000708200000|  0%| F|  |TAMS 0x0000000708000000| PB 0x0000000708000000| Untracked 
|  34|0x0000000708200000, 0x0000000708200000, 0x0000000708400000|  0%| F|  |TAMS 0x0000000708200000| PB 0x0000000708200000| Untracked 
|  35|0x0000000708400000, 0x0000000708400000, 0x0000000708600000|  0%| F|  |TAMS 0x0000000708400000| PB 0x0000000708400000| Untracked 
|  36|0x0000000708600000, 0x0000000708600000, 0x0000000708800000|  0%| F|  |TAMS 0x0000000708600000| PB 0x0000000708600000| Untracked 
|  37|0x0000000708800000, 0x0000000708800000, 0x0000000708a00000|  0%| F|  |TAMS 0x0000000708800000| PB 0x0000000708800000| Untracked 
|  38|0x0000000708a00000, 0x0000000708a00000, 0x0000000708c00000|  0%| F|  |TAMS 0x0000000708a00000| PB 0x0000000708a00000| Untracked 
|  39|0x0000000708c00000, 0x0000000708c00000, 0x0000000708e00000|  0%| F|  |TAMS 0x0000000708c00000| PB 0x0000000708c00000| Untracked 
|  40|0x0000000708e00000, 0x0000000708e00000, 0x0000000709000000|  0%| F|  |TAMS 0x0000000708e00000| PB 0x0000000708e00000| Untracked 
|  41|0x0000000709000000, 0x0000000709000000, 0x0000000709200000|  0%| F|  |TAMS 0x0000000709000000| PB 0x0000000709000000| Untracked 
|  42|0x0000000709200000, 0x0000000709200000, 0x0000000709400000|  0%| F|  |TAMS 0x0000000709200000| PB 0x0000000709200000| Untracked 
|  43|0x0000000709400000, 0x0000000709400000, 0x0000000709600000|  0%| F|  |TAMS 0x0000000709400000| PB 0x0000000709400000| Untracked 
|  44|0x0000000709600000, 0x0000000709600000, 0x0000000709800000|  0%| F|  |TAMS 0x0000000709600000| PB 0x0000000709600000| Untracked 
|  45|0x0000000709800000, 0x0000000709800000, 0x0000000709a00000|  0%| F|  |TAMS 0x0000000709800000| PB 0x0000000709800000| Untracked 
|  46|0x0000000709a00000, 0x0000000709a00000, 0x0000000709c00000|  0%| F|  |TAMS 0x0000000709a00000| PB 0x0000000709a00000| Untracked 
|  47|0x0000000709c00000, 0x0000000709c00000, 0x0000000709e00000|  0%| F|  |TAMS 0x0000000709c00000| PB 0x0000000709c00000| Untracked 
|  48|0x0000000709e00000, 0x0000000709e00000, 0x000000070a000000|  0%| F|  |TAMS 0x0000000709e00000| PB 0x0000000709e00000| Untracked 
|  49|0x000000070a000000, 0x000000070a000000, 0x000000070a200000|  0%| F|  |TAMS 0x000000070a000000| PB 0x000000070a000000| Untracked 
|  50|0x000000070a200000, 0x000000070a21fe00, 0x000000070a400000|  6%| S|CS|TAMS 0x000000070a200000| PB 0x000000070a200000| Complete 
|  51|0x000000070a400000, 0x000000070a400000, 0x000000070a600000|  0%| F|  |TAMS 0x000000070a400000| PB 0x000000070a400000| Untracked 
|  52|0x000000070a600000, 0x000000070a600000, 0x000000070a800000|  0%| F|  |TAMS 0x000000070a600000| PB 0x000000070a600000| Untracked 
|  53|0x000000070a800000, 0x000000070a800000, 0x000000070aa00000|  0%| F|  |TAMS 0x000000070a800000| PB 0x000000070a800000| Untracked 
|  54|0x000000070aa00000, 0x000000070aa00000, 0x000000070ac00000|  0%| F|  |TAMS 0x000000070aa00000| PB 0x000000070aa00000| Untracked 
|  55|0x000000070ac00000, 0x000000070ac00000, 0x000000070ae00000|  0%| F|  |TAMS 0x000000070ac00000| PB 0x000000070ac00000| Untracked 
|  56|0x000000070ae00000, 0x000000070ae00000, 0x000000070b000000|  0%| F|  |TAMS 0x000000070ae00000| PB 0x000000070ae00000| Untracked 
|  57|0x000000070b000000, 0x000000070b000000, 0x000000070b200000|  0%| F|  |TAMS 0x000000070b000000| PB 0x000000070b000000| Untracked 
|  58|0x000000070b200000, 0x000000070b200000, 0x000000070b400000|  0%| F|  |TAMS 0x000000070b200000| PB 0x000000070b200000| Untracked 
|  59|0x000000070b400000, 0x000000070b400000, 0x000000070b600000|  0%| F|  |TAMS 0x000000070b400000| PB 0x000000070b400000| Untracked 
|  60|0x000000070b600000, 0x000000070b600000, 0x000000070b800000|  0%| F|  |TAMS 0x000000070b600000| PB 0x000000070b600000| Untracked 
|  61|0x000000070b800000, 0x000000070b800000, 0x000000070ba00000|  0%| F|  |TAMS 0x000000070b800000| PB 0x000000070b800000| Untracked 
|  62|0x000000070ba00000, 0x000000070ba00000, 0x000000070bc00000|  0%| F|  |TAMS 0x000000070ba00000| PB 0x000000070ba00000| Untracked 
|  63|0x000000070bc00000, 0x000000070bc00000, 0x000000070be00000|  0%| F|  |TAMS 0x000000070bc00000| PB 0x000000070bc00000| Untracked 
|  64|0x000000070be00000, 0x000000070be00000, 0x000000070c000000|  0%| F|  |TAMS 0x000000070be00000| PB 0x000000070be00000| Untracked 
|  65|0x000000070c000000, 0x000000070c000000, 0x000000070c200000|  0%| F|  |TAMS 0x000000070c000000| PB 0x000000070c000000| Untracked 
|  66|0x000000070c200000, 0x000000070c200000, 0x000000070c400000|  0%| F|  |TAMS 0x000000070c200000| PB 0x000000070c200000| Untracked 
|  67|0x000000070c400000, 0x000000070c400000, 0x000000070c600000|  0%| F|  |TAMS 0x000000070c400000| PB 0x000000070c400000| Untracked 
|  68|0x000000070c600000, 0x000000070c600000, 0x000000070c800000|  0%| F|  |TAMS 0x000000070c600000| PB 0x000000070c600000| Untracked 
|  69|0x000000070c800000, 0x000000070c800000, 0x000000070ca00000|  0%| F|  |TAMS 0x000000070c800000| PB 0x000000070c800000| Untracked 
|  70|0x000000070ca00000, 0x000000070ca00000, 0x000000070cc00000|  0%| F|  |TAMS 0x000000070ca00000| PB 0x000000070ca00000| Untracked 
|  71|0x000000070cc00000, 0x000000070cc00000, 0x000000070ce00000|  0%| F|  |TAMS 0x000000070cc00000| PB 0x000000070cc00000| Untracked 
|  72|0x000000070ce00000, 0x000000070ce00000, 0x000000070d000000|  0%| F|  |TAMS 0x000000070ce00000| PB 0x000000070ce00000| Untracked 
|  73|0x000000070d000000, 0x000000070d000000, 0x000000070d200000|  0%| F|  |TAMS 0x000000070d000000| PB 0x000000070d000000| Untracked 
|  74|0x000000070d200000, 0x000000070d200000, 0x000000070d400000|  0%| F|  |TAMS 0x000000070d200000| PB 0x000000070d200000| Untracked 
|  75|0x000000070d400000, 0x000000070d400000, 0x000000070d600000|  0%| F|  |TAMS 0x000000070d400000| PB 0x000000070d400000| Untracked 
|  76|0x000000070d600000, 0x000000070d600000, 0x000000070d800000|  0%| F|  |TAMS 0x000000070d600000| PB 0x000000070d600000| Untracked 
|  77|0x000000070d800000, 0x000000070d800000, 0x000000070da00000|  0%| F|  |TAMS 0x000000070d800000| PB 0x000000070d800000| Untracked 
|  78|0x000000070da00000, 0x000000070da00000, 0x000000070dc00000|  0%| F|  |TAMS 0x000000070da00000| PB 0x000000070da00000| Untracked 
|  79|0x000000070dc00000, 0x000000070dc00000, 0x000000070de00000|  0%| F|  |TAMS 0x000000070dc00000| PB 0x000000070dc00000| Untracked 
|  80|0x000000070de00000, 0x000000070de00000, 0x000000070e000000|  0%| F|  |TAMS 0x000000070de00000| PB 0x000000070de00000| Untracked 
|  81|0x000000070e000000, 0x000000070e000000, 0x000000070e200000|  0%| F|  |TAMS 0x000000070e000000| PB 0x000000070e000000| Untracked 
|  82|0x000000070e200000, 0x000000070e200000, 0x000000070e400000|  0%| F|  |TAMS 0x000000070e200000| PB 0x000000070e200000| Untracked 
|  83|0x000000070e400000, 0x000000070e400000, 0x000000070e600000|  0%| F|  |TAMS 0x000000070e400000| PB 0x000000070e400000| Untracked 
|  84|0x000000070e600000, 0x000000070e600000, 0x000000070e800000|  0%| F|  |TAMS 0x000000070e600000| PB 0x000000070e600000| Untracked 
|  85|0x000000070e800000, 0x000000070e800000, 0x000000070ea00000|  0%| F|  |TAMS 0x000000070e800000| PB 0x000000070e800000| Untracked 
|  86|0x000000070ea00000, 0x000000070ea00000, 0x000000070ec00000|  0%| F|  |TAMS 0x000000070ea00000| PB 0x000000070ea00000| Untracked 
|  87|0x000000070ec00000, 0x000000070ec00000, 0x000000070ee00000|  0%| F|  |TAMS 0x000000070ec00000| PB 0x000000070ec00000| Untracked 
|  88|0x000000070ee00000, 0x000000070ee00000, 0x000000070f000000|  0%| F|  |TAMS 0x000000070ee00000| PB 0x000000070ee00000| Untracked 
|  89|0x000000070f000000, 0x000000070f000000, 0x000000070f200000|  0%| F|  |TAMS 0x000000070f000000| PB 0x000000070f000000| Untracked 
|  90|0x000000070f200000, 0x000000070f200000, 0x000000070f400000|  0%| F|  |TAMS 0x000000070f200000| PB 0x000000070f200000| Untracked 
|  91|0x000000070f400000, 0x000000070f400000, 0x000000070f600000|  0%| F|  |TAMS 0x000000070f400000| PB 0x000000070f400000| Untracked 
|  92|0x000000070f600000, 0x000000070f600000, 0x000000070f800000|  0%| F|  |TAMS 0x000000070f600000| PB 0x000000070f600000| Untracked 
|  93|0x000000070f800000, 0x000000070f800000, 0x000000070fa00000|  0%| F|  |TAMS 0x000000070f800000| PB 0x000000070f800000| Untracked 
|  94|0x000000070fa00000, 0x000000070fb00800, 0x000000070fc00000| 50%| E|  |TAMS 0x000000070fa00000| PB 0x000000070fa00000| Complete 
|  95|0x000000070fc00000, 0x000000070fe00000, 0x000000070fe00000|100%| E|CS|TAMS 0x000000070fc00000| PB 0x000000070fc00000| Complete 
|  96|0x000000070fe00000, 0x0000000710000000, 0x0000000710000000|100%| E|CS|TAMS 0x000000070fe00000| PB 0x000000070fe00000| Complete 
|  97|0x0000000710000000, 0x0000000710200000, 0x0000000710200000|100%| E|CS|TAMS 0x0000000710000000| PB 0x0000000710000000| Complete 
|  98|0x0000000710200000, 0x0000000710400000, 0x0000000710400000|100%| E|CS|TAMS 0x0000000710200000| PB 0x0000000710200000| Complete 
|  99|0x0000000710400000, 0x0000000710600000, 0x0000000710600000|100%| E|CS|TAMS 0x0000000710400000| PB 0x0000000710400000| Complete 
| 100|0x0000000710600000, 0x0000000710800000, 0x0000000710800000|100%| E|CS|TAMS 0x0000000710600000| PB 0x0000000710600000| Complete 
| 101|0x0000000710800000, 0x0000000710a00000, 0x0000000710a00000|100%| E|CS|TAMS 0x0000000710800000| PB 0x0000000710800000| Complete 
| 102|0x0000000710a00000, 0x0000000710c00000, 0x0000000710c00000|100%| E|CS|TAMS 0x0000000710a00000| PB 0x0000000710a00000| Complete 
| 103|0x0000000710c00000, 0x0000000710e00000, 0x0000000710e00000|100%| E|CS|TAMS 0x0000000710c00000| PB 0x0000000710c00000| Complete 
| 104|0x0000000710e00000, 0x0000000711000000, 0x0000000711000000|100%| E|CS|TAMS 0x0000000710e00000| PB 0x0000000710e00000| Complete 
| 105|0x0000000711000000, 0x0000000711200000, 0x0000000711200000|100%| E|CS|TAMS 0x0000000711000000| PB 0x0000000711000000| Complete 
| 106|0x0000000711200000, 0x0000000711400000, 0x0000000711400000|100%| E|CS|TAMS 0x0000000711200000| PB 0x0000000711200000| Complete 
| 107|0x0000000711400000, 0x0000000711600000, 0x0000000711600000|100%| E|CS|TAMS 0x0000000711400000| PB 0x0000000711400000| Complete 
| 108|0x0000000711600000, 0x0000000711800000, 0x0000000711800000|100%| E|CS|TAMS 0x0000000711600000| PB 0x0000000711600000| Complete 
| 109|0x0000000711800000, 0x0000000711a00000, 0x0000000711a00000|100%| E|CS|TAMS 0x0000000711800000| PB 0x0000000711800000| Complete 
| 110|0x0000000711a00000, 0x0000000711c00000, 0x0000000711c00000|100%| E|CS|TAMS 0x0000000711a00000| PB 0x0000000711a00000| Complete 
| 111|0x0000000711c00000, 0x0000000711e00000, 0x0000000711e00000|100%| E|CS|TAMS 0x0000000711c00000| PB 0x0000000711c00000| Complete 
| 112|0x0000000711e00000, 0x0000000712000000, 0x0000000712000000|100%| E|CS|TAMS 0x0000000711e00000| PB 0x0000000711e00000| Complete 
| 113|0x0000000712000000, 0x0000000712200000, 0x0000000712200000|100%| E|CS|TAMS 0x0000000712000000| PB 0x0000000712000000| Complete 
| 114|0x0000000712200000, 0x0000000712400000, 0x0000000712400000|100%| E|CS|TAMS 0x0000000712200000| PB 0x0000000712200000| Complete 
| 115|0x0000000712400000, 0x0000000712600000, 0x0000000712600000|100%| E|CS|TAMS 0x0000000712400000| PB 0x0000000712400000| Complete 
| 116|0x0000000712600000, 0x0000000712800000, 0x0000000712800000|100%| E|CS|TAMS 0x0000000712600000| PB 0x0000000712600000| Complete 
| 117|0x0000000712800000, 0x0000000712a00000, 0x0000000712a00000|100%| E|CS|TAMS 0x0000000712800000| PB 0x0000000712800000| Complete 
| 118|0x0000000712a00000, 0x0000000712c00000, 0x0000000712c00000|100%| E|CS|TAMS 0x0000000712a00000| PB 0x0000000712a00000| Complete 
| 119|0x0000000712c00000, 0x0000000712e00000, 0x0000000712e00000|100%| E|CS|TAMS 0x0000000712c00000| PB 0x0000000712c00000| Complete 
| 120|0x0000000712e00000, 0x0000000713000000, 0x0000000713000000|100%| E|CS|TAMS 0x0000000712e00000| PB 0x0000000712e00000| Complete 
| 121|0x0000000713000000, 0x0000000713200000, 0x0000000713200000|100%| E|CS|TAMS 0x0000000713000000| PB 0x0000000713000000| Complete 
| 122|0x0000000713200000, 0x0000000713400000, 0x0000000713400000|100%| E|CS|TAMS 0x0000000713200000| PB 0x0000000713200000| Complete 
| 123|0x0000000713400000, 0x0000000713600000, 0x0000000713600000|100%| E|CS|TAMS 0x0000000713400000| PB 0x0000000713400000| Complete 
| 124|0x0000000713600000, 0x0000000713800000, 0x0000000713800000|100%| E|CS|TAMS 0x0000000713600000| PB 0x0000000713600000| Complete 
| 125|0x0000000713800000, 0x0000000713a00000, 0x0000000713a00000|100%| E|CS|TAMS 0x0000000713800000| PB 0x0000000713800000| Complete 
| 126|0x0000000713a00000, 0x0000000713c00000, 0x0000000713c00000|100%| E|CS|TAMS 0x0000000713a00000| PB 0x0000000713a00000| Complete 

Card table byte_map: [0x000001eadc9d0000,0x000001eadd1c0000] _byte_map_base: 0x000001ead91b1000

Marking Bits: (CMBitMap*) 0x000001eac4e54df0
 Bits: [0x000001eadd9b0000, 0x000001eae18b8000)

Polling page: 0x000001eac2b00000

Metaspace:

Usage:
  Non-class:      3.61 MB used.
      Class:    236.77 KB used.
       Both:      3.84 MB used.

Virtual space:
  Non-class space:       64.00 MB reserved,       3.75 MB (  6%) committed,  1 nodes.
      Class space:        1.00 GB reserved,     320.00 KB ( <1%) committed,  1 nodes.
             Both:        1.06 GB reserved,       4.06 MB ( <1%) committed. 

Chunk freelists:
   Non-Class:  1.92 MB
       Class:  3.59 MB
        Both:  5.51 MB

MaxMetaspaceSize: unlimited
CompressedClassSpaceSize: 1.00 GB
Initial GC threshold: 21.00 MB
Current GC threshold: 21.00 MB
CDS: on
MetaspaceReclaimPolicy: balanced
 - commit_granule_bytes: 65536.
 - commit_granule_words: 8192.
 - virtual_space_node_default_size: 8388608.
 - enlarge_chunks_in_place: 1.
 - new_chunks_are_fully_committed: 0.
 - uncommit_free_chunks: 1.
 - use_allocation_guard: 0.


Internal statistics:

num_allocs_failed_limit: 0.
num_arena_births: 134.
num_arena_deaths: 0.
num_vsnodes_births: 2.
num_vsnodes_deaths: 0.
num_space_committed: 63.
num_space_uncommitted: 0.
num_chunks_returned_to_freelist: 0.
num_chunks_taken_from_freelist: 234.
num_chunk_merges: 0.
num_chunk_splits: 156.
num_chunks_enlarged: 103.
num_inconsistent_stats: 0.

CodeHeap 'non-profiled nmethods': size=120000Kb used=653Kb max_used=653Kb free=119346Kb
 bounds [0x000001ead4960000, 0x000001ead4bd0000, 0x000001eadbe90000]
CodeHeap 'profiled nmethods': size=120000Kb used=1631Kb max_used=1631Kb free=118368Kb
 bounds [0x000001eacce90000, 0x000001eacd100000, 0x000001ead43c0000]
CodeHeap 'non-nmethods': size=5760Kb used=2512Kb max_used=2537Kb free=3247Kb
 bounds [0x000001ead43c0000, 0x000001ead4650000, 0x000001ead4960000]
 total_blobs=2273 nmethods=1176 adapters=1008
 compilation: enabled
              stopped_count=0, restarted_count=0
 full_count=0

Compilation events (20 events):
Event: 25.051 Thread 0x000001eae43178c0 nmethod 1165 0x000001ead49fe310 code [0x000001ead49fe480, 0x000001ead49fe658]
Event: 25.417 Thread 0x000001eae43184d0 1167       3       HAL.GridsAndAgents.AgentGrid2D::GetAgent (7 bytes)
Event: 25.417 Thread 0x000001eae43184d0 nmethod 1167 0x000001eacd026010 code [0x000001eacd0261a0, 0x000001eacd0262e0]
Event: 25.417 Thread 0x000001eae43184d0 1166       3       HAL.GridsAndAgents.AgentSQ2D::GetCountOnSquare (16 bytes)
Event: 25.417 Thread 0x000001eae43184d0 nmethod 1166 0x000001eacd026410 code [0x000001eacd0265a0, 0x000001eacd026870]
Event: 28.244 Thread 0x000001eae43184d0 1168       3       HAL.GridsAndAgents.AgentGrid2D::PopAt (18 bytes)
Event: 28.244 Thread 0x000001eae43184d0 nmethod 1168 0x000001eacd026990 code [0x000001eacd026b40, 0x000001eacd026db8]
Event: 79.433 Thread 0x000001eae43184d0 1170       3       jdk.internal.org.objectweb.asm.Handler::getExceptionTableSize (10 bytes)
Event: 79.433 Thread 0x000001eae43184d0 nmethod 1170 0x000001eacd026f10 code [0x000001eacd0270a0, 0x000001eacd0272b8]
Event: 79.433 Thread 0x000001eae43178c0 1172       4       java.lang.invoke.MethodType::parameterCount (6 bytes)
Event: 79.434 Thread 0x000001eae43184d0 1174       3       java.lang.invoke.MemberName::flagsMods (45 bytes)
Event: 79.434 Thread 0x000001eae43184d0 nmethod 1174 0x000001eacd027410 code [0x000001eacd0275a0, 0x000001eacd0276a8]
Event: 79.434 Thread 0x000001eae43184d0 1173       3       java.lang.invoke.MethodHandleNatives::refKindIsField (32 bytes)
Event: 79.434 Thread 0x000001eae43184d0 nmethod 1173 0x000001eacd027710 code [0x000001eacd0278a0, 0x000001eacd0279f8]
Event: 79.434 Thread 0x000001eae43184d0 1175       3       java.lang.invoke.MemberName::init (53 bytes)
Event: 79.434 Thread 0x000001eae43178c0 nmethod 1172 0x000001ead49fee10 code [0x000001ead49fef80, 0x000001ead49ff020]
Event: 79.434 Thread 0x000001eae43184d0 nmethod 1175 0x000001eacd027a90 code [0x000001eacd027c20, 0x000001eacd027e70]
Event: 170.726 Thread 0x000001eae43178c0 1176 %     4       metastasis.metastasis::StepCells @ 5 (165 bytes)
Event: 170.775 Thread 0x000001eae43178c0 nmethod 1176% 0x000001ead49ff110 code [0x000001ead49ff4e0, 0x000001ead4a01b48]
Event: 170.782 Thread 0x000001eae43178c0 1177       4       metastasis.metastasis::StepCells (165 bytes)

GC Heap History (20 events):
Event: 17.155 GC heap before
{Heap before GC invocations=7 (full 0):
 garbage-first heap   total 260096K, used 158038K [0x0000000703e00000, 0x0000000800000000)
  region size 2048K, 76 young (155648K), 1 survivors (2048K)
 Metaspace       used 3914K, committed 4160K, reserved 1114112K
  class space    used 233K, committed 320K, reserved 1048576K
}
Event: 17.156 GC heap after
{Heap after GC invocations=8 (full 0):
 garbage-first heap   total 260096K, used 4440K [0x0000000703e00000, 0x0000000800000000)
  region size 2048K, 1 young (2048K), 1 survivors (2048K)
 Metaspace       used 3914K, committed 4160K, reserved 1114112K
  class space    used 233K, committed 320K, reserved 1048576K
}
Event: 19.686 GC heap before
{Heap before GC invocations=8 (full 0):
 garbage-first heap   total 260096K, used 158040K [0x0000000703e00000, 0x0000000800000000)
  region size 2048K, 76 young (155648K), 1 survivors (2048K)
 Metaspace       used 3914K, committed 4160K, reserved 1114112K
  class space    used 233K, committed 320K, reserved 1048576K
}
Event: 19.687 GC heap after
{Heap after GC invocations=9 (full 0):
 garbage-first heap   total 260096K, used 4450K [0x0000000703e00000, 0x0000000800000000)
  region size 2048K, 1 young (2048K), 1 survivors (2048K)
 Metaspace       used 3914K, committed 4160K, reserved 1114112K
  class space    used 233K, committed 320K, reserved 1048576K
}
Event: 22.191 GC heap before
{Heap before GC invocations=9 (full 0):
 garbage-first heap   total 260096K, used 158050K [0x0000000703e00000, 0x0000000800000000)
  region size 2048K, 76 young (155648K), 1 survivors (2048K)
 Metaspace       used 3914K, committed 4160K, reserved 1114112K
  class space    used 233K, committed 320K, reserved 1048576K
}
Event: 22.192 GC heap after
{Heap after GC invocations=10 (full 0):
 garbage-first heap   total 260096K, used 4458K [0x0000000703e00000, 0x0000000800000000)
  region size 2048K, 1 young (2048K), 1 survivors (2048K)
 Metaspace       used 3914K, committed 4160K, reserved 1114112K
  class space    used 233K, committed 320K, reserved 1048576K
}
Event: 24.678 GC heap before
{Heap before GC invocations=10 (full 0):
 garbage-first heap   total 260096K, used 158058K [0x0000000703e00000, 0x0000000800000000)
  region size 2048K, 76 young (155648K), 1 survivors (2048K)
 Metaspace       used 3914K, committed 4160K, reserved 1114112K
  class space    used 233K, committed 320K, reserved 1048576K
}
Event: 24.678 GC heap after
{Heap after GC invocations=11 (full 0):
 garbage-first heap   total 260096K, used 4472K [0x0000000703e00000, 0x0000000800000000)
  region size 2048K, 1 young (2048K), 1 survivors (2048K)
 Metaspace       used 3914K, committed 4160K, reserved 1114112K
  class space    used 233K, committed 320K, reserved 1048576K
}
Event: 27.135 GC heap before
{Heap before GC invocations=11 (full 0):
 garbage-first heap   total 260096K, used 158072K [0x0000000703e00000, 0x0000000800000000)
  region size 2048K, 76 young (155648K), 1 survivors (2048K)
 Metaspace       used 3915K, committed 4160K, reserved 1114112K
  class space    used 233K, committed 320K, reserved 1048576K
}
Event: 27.136 GC heap after
{Heap after GC invocations=12 (full 0):
 garbage-first heap   total 260096K, used 4472K [0x0000000703e00000, 0x0000000800000000)
  region size 2048K, 1 young (2048K), 1 survivors (2048K)
 Metaspace       used 3915K, committed 4160K, reserved 1114112K
  class space    used 233K, committed 320K, reserved 1048576K
}
Event: 29.610 GC heap before
{Heap before GC invocations=12 (full 0):
 garbage-first heap   total 260096K, used 158072K [0x0000000703e00000, 0x0000000800000000)
  region size 2048K, 76 young (155648K), 1 survivors (2048K)
 Metaspace       used 3915K, committed 4160K, reserved 1114112K
  class space    used 233K, committed 320K, reserved 1048576K
}
Event: 29.611 GC heap after
{Heap after GC invocations=13 (full 0):
 garbage-first heap   total 260096K, used 4487K [0x0000000703e00000, 0x0000000800000000)
  region size 2048K, 1 young (2048K), 1 survivors (2048K)
 Metaspace       used 3915K, committed 4160K, reserved 1114112K
  class space    used 233K, committed 320K, reserved 1048576K
}
Event: 32.115 GC heap before
{Heap before GC invocations=13 (full 0):
 garbage-first heap   total 260096K, used 158087K [0x0000000703e00000, 0x0000000800000000)
  region size 2048K, 76 young (155648K), 1 survivors (2048K)
 Metaspace       used 3915K, committed 4160K, reserved 1114112K
  class space    used 233K, committed 320K, reserved 1048576K
}
Event: 32.116 GC heap after
{Heap after GC invocations=14 (full 0):
 garbage-first heap   total 260096K, used 4491K [0x0000000703e00000, 0x0000000800000000)
  region size 2048K, 1 young (2048K), 1 survivors (2048K)
 Metaspace       used 3915K, committed 4160K, reserved 1114112K
  class space    used 233K, committed 320K, reserved 1048576K
}
Event: 34.643 GC heap before
{Heap before GC invocations=14 (full 0):
 garbage-first heap   total 260096K, used 158091K [0x0000000703e00000, 0x0000000800000000)
  region size 2048K, 76 young (155648K), 1 survivors (2048K)
 Metaspace       used 3915K, committed 4160K, reserved 1114112K
  class space    used 233K, committed 320K, reserved 1048576K
}
Event: 34.644 GC heap after
{Heap after GC invocations=15 (full 0):
 garbage-first heap   total 260096K, used 4505K [0x0000000703e00000, 0x0000000800000000)
  region size 2048K, 1 young (2048K), 1 survivors (2048K)
 Metaspace       used 3915K, committed 4160K, reserved 1114112K
  class space    used 233K, committed 320K, reserved 1048576K
}
Event: 37.121 GC heap before
{Heap before GC invocations=15 (full 0):
 garbage-first heap   total 260096K, used 158105K [0x0000000703e00000, 0x0000000800000000)
  region size 2048K, 76 young (155648K), 1 survivors (2048K)
 Metaspace       used 3915K, committed 4160K, reserved 1114112K
  class space    used 233K, committed 320K, reserved 1048576K
}
Event: 37.122 GC heap after
{Heap after GC invocations=16 (full 0):
 garbage-first heap   total 260096K, used 4510K [0x0000000703e00000, 0x0000000800000000)
  region size 2048K, 1 young (2048K), 1 survivors (2048K)
 Metaspace       used 3915K, committed 4160K, reserved 1114112K
  class space    used 233K, committed 320K, reserved 1048576K
}
Event: 39.580 GC heap before
{Heap before GC invocations=16 (full 0):
 garbage-first heap   total 260096K, used 158110K [0x0000000703e00000, 0x0000000800000000)
  region size 2048K, 76 young (155648K), 1 survivors (2048K)
 Metaspace       used 3915K, committed 4160K, reserved 1114112K
  class space    used 233K, committed 320K, reserved 1048576K
}
Event: 39.581 GC heap after
{Heap after GC invocations=17 (full 0):
 garbage-first heap   total 260096K, used 4530K [0x0000000703e00000, 0x0000000800000000)
  region size 2048K, 1 young (2048K), 1 survivors (2048K)
 Metaspace       used 3915K, committed 4160K, reserved 1114112K
  class space    used 233K, committed 320K, reserved 1048576K
}

Dll operation events (10 events):
Event: 0.016 Loaded shared library C:\Users\4473331\.jdks\openjdk-20.0.1\bin\java.dll
Event: 0.018 Loaded shared library C:\Users\4473331\.jdks\openjdk-20.0.1\bin\zip.dll
Event: 0.030 Loaded shared library C:\Users\4473331\.jdks\openjdk-20.0.1\bin\jsvml.dll
Event: 0.139 Loaded shared library C:\Users\4473331\.jdks\openjdk-20.0.1\bin\instrument.dll
Event: 0.170 Loaded shared library C:\Users\4473331\.jdks\openjdk-20.0.1\bin\jimage.dll
Event: 0.192 Loaded shared library C:\Users\4473331\.jdks\openjdk-20.0.1\bin\net.dll
Event: 0.193 Loaded shared library C:\Users\4473331\.jdks\openjdk-20.0.1\bin\nio.dll
Event: 0.196 Loaded shared library C:\Users\4473331\.jdks\openjdk-20.0.1\bin\zip.dll
Event: 0.295 Loaded shared library C:\Users\4473331\AppData\Local\Temp\1\lwjgl_4473331\3.3.2+13\x64\lwjgl.dll
Event: 0.512 Loaded shared library C:\Users\4473331\AppData\Local\Temp\1\lwjgl_4473331\3.3.2+13\x64\lwjgl_opengl.dll

Deoptimization events (20 events):
Event: 1.119 Thread 0x000001eac4de6ca0 Uncommon trap: trap_request=0xffffffbe fr.pc=0x000001ead49ccc28 relative=0x0000000000003e48
Event: 1.119 Thread 0x000001eac4de6ca0 Uncommon trap: reason=profile_predicate action=maybe_recompile pc=0x000001ead49ccc28 method=HAL.Tools.TdmaSolver.TDMA(ILHAL/Interfaces/IntToDouble;LHAL/Interfaces/IntDoubleToVoid;LHAL/Interfaces/IntToDouble;LHAL/Interfaces/IntToDouble;LHAL/Interfaces/IntT
Event: 1.119 Thread 0x000001eac4de6ca0 DEOPT PACKING pc=0x000001ead49ccc28 sp=0x0000005b10aff0c0
Event: 1.119 Thread 0x000001eac4de6ca0 DEOPT UNPACKING pc=0x000001ead43dd2a2 sp=0x0000005b10aff0d0 mode 2
Event: 1.358 Thread 0x000001eac4de6ca0 Uncommon trap: trap_request=0xffffff45 fr.pc=0x000001ead49d2cd4 relative=0x0000000000001774
Event: 1.358 Thread 0x000001eac4de6ca0 Uncommon trap: reason=unstable_if action=reinterpret pc=0x000001ead49d2cd4 method=metastasis.CellEx.tryMove()V @ 225 c2
Event: 1.358 Thread 0x000001eac4de6ca0 DEOPT PACKING pc=0x000001ead49d2cd4 sp=0x0000005b10aff350
Event: 1.358 Thread 0x000001eac4de6ca0 DEOPT UNPACKING pc=0x000001ead43dd2a2 sp=0x0000005b10aff388 mode 2
Event: 1.667 Thread 0x000001eac4de6ca0 Uncommon trap: trap_request=0xffffff45 fr.pc=0x000001ead49e214c relative=0x0000000000001eec
Event: 1.667 Thread 0x000001eac4de6ca0 Uncommon trap: reason=unstable_if action=reinterpret pc=0x000001ead49e214c method=HAL.GridsAndAgents.AgentGrid2D.GetAgents(Ljava/util/ArrayList;II)V @ 10 c2
Event: 1.667 Thread 0x000001eac4de6ca0 DEOPT PACKING pc=0x000001ead49e214c sp=0x0000005b10aff350
Event: 1.667 Thread 0x000001eac4de6ca0 DEOPT UNPACKING pc=0x000001ead43dd2a2 sp=0x0000005b10aff308 mode 2
Event: 9.126 Thread 0x000001eac4de6ca0 DEOPT PACKING pc=0x000001eacd019762 sp=0x0000005b10aff350
Event: 9.126 Thread 0x000001eac4de6ca0 DEOPT UNPACKING pc=0x000001ead442e462 sp=0x0000005b10afe848 mode 0
Event: 10.822 Thread 0x000001eac4de6ca0 DEOPT PACKING pc=0x000001eacd0177be sp=0x0000005b10aff260
Event: 10.822 Thread 0x000001eac4de6ca0 DEOPT UNPACKING pc=0x000001ead442e462 sp=0x0000005b10afe860 mode 0
Event: 40.518 Thread 0x000001eac4de6ca0 Uncommon trap: trap_request=0xffffffec fr.pc=0x000001ead49fd00c relative=0x0000000000000aac
Event: 40.518 Thread 0x000001eac4de6ca0 Uncommon trap: reason=null_assert_or_unreached0 action=make_not_entrant pc=0x000001ead49fd00c method=HAL.GridsAndAgents.AgentSQ2D.Dispose()V @ 39 c2
Event: 40.518 Thread 0x000001eac4de6ca0 DEOPT PACKING pc=0x000001ead49fd00c sp=0x0000005b10aff3c0
Event: 40.518 Thread 0x000001eac4de6ca0 DEOPT UNPACKING pc=0x000001ead43dd2a2 sp=0x0000005b10aff3e0 mode 2

Classes loaded (20 events):
Event: 0.668 Loading class HAL/Interfaces/IntDoubleToVoid
Event: 0.668 Loading class HAL/Interfaces/IntDoubleToVoid done
Event: 0.670 Loading class HAL/Interfaces/IntToDouble
Event: 0.670 Loading class HAL/Interfaces/IntToDouble done
Event: 0.671 Loading class HAL/Interfaces/IntToDouble
Event: 0.671 Loading class HAL/Interfaces/IntToDouble done
Event: 0.672 Loading class HAL/Interfaces/IntToDouble
Event: 0.672 Loading class HAL/Interfaces/IntToDouble done
Event: 0.680 Loading class HAL/Interfaces/Coords2DDouble
Event: 0.680 Loading class HAL/Interfaces/Coords2DDouble done
Event: 0.680 Loading class HAL/Interfaces/Coords2DDouble
Event: 0.680 Loading class HAL/Interfaces/Coords2DDouble done
Event: 0.680 Loading class HAL/Interfaces/IntDoubleToVoid
Event: 0.680 Loading class HAL/Interfaces/IntDoubleToVoid done
Event: 40.507 Loading class HAL/GridsAndAgents/AgentListNode
Event: 40.507 Loading class HAL/GridsAndAgents/AgentListNode done
Event: 79.426 Loading class com/intellij/rt/debugger/BatchEvaluatorServer
Event: 79.426 Loading class com/intellij/rt/debugger/BatchEvaluatorServer done
Event: 170.798 Loading class jdk/internal/misc/Signal$1
Event: 170.798 Loading class jdk/internal/misc/Signal$1 done

Classes unloaded (0 events):
No events

Classes redefined (0 events):
No events

Internal exceptions (20 events):
Event: 0.313 Thread 0x000001eac4de6ca0 Exception <a 'java/lang/NoSuchMethodError'{0x00000007133dc950}: 'java.lang.Object java.lang.invoke.DirectMethodHandle$Holder.newInvokeSpecial(java.lang.Object, java.lang.Object, int)'> (0x00000007133dc950) 
thrown [s\open\src\hotspot\share\interpreter\linkResolver.cpp, line 773]
Event: 0.315 Thread 0x000001eac4de6ca0 Exception <a 'java/lang/NoSuchMethodError'{0x00000007133f2d68}: 'int java.lang.invoke.DirectMethodHandle$Holder.invokeStaticInit(java.lang.Object, java.lang.Object, long, long)'> (0x00000007133f2d68) 
thrown [s\open\src\hotspot\share\interpreter\linkResolver.cpp, line 773]
Event: 0.315 Thread 0x000001eac4de6ca0 Exception <a 'java/lang/NoSuchMethodError'{0x00000007133f8bb0}: 'java.lang.Object java.lang.invoke.DirectMethodHandle$Holder.newInvokeSpecial(java.lang.Object, java.lang.Object, long)'> (0x00000007133f8bb0) 
thrown [s\open\src\hotspot\share\interpreter\linkResolver.cpp, line 773]
Event: 0.315 Thread 0x000001eac4de6ca0 Exception <a 'java/lang/NoSuchMethodError'{0x00000007133fc968}: 'java.lang.Object java.lang.invoke.Invokers$Holder.linkToTargetMethod(java.lang.Object, long, java.lang.Object)'> (0x00000007133fc968) 
thrown [s\open\src\hotspot\share\interpreter\linkResolver.cpp, line 773]
Event: 0.316 Thread 0x000001eac4de6ca0 Exception <a 'java/lang/NoSuchMethodError'{0x0000000713003e40}: 'int java.lang.invoke.DirectMethodHandle$Holder.invokeStaticInit(java.lang.Object, java.lang.Object, java.lang.Object, long)'> (0x0000000713003e40) 
thrown [s\open\src\hotspot\share\interpreter\linkResolver.cpp, line 773]
Event: 0.338 Thread 0x000001eac4de6ca0 Exception <a 'sun/nio/fs/WindowsException'{0x0000000713106ef0}> (0x0000000713106ef0) 
thrown [s\open\src\hotspot\share\prims\jni.cpp, line 519]
Event: 0.339 Thread 0x000001eac4de6ca0 Exception <a 'sun/nio/fs/WindowsException'{0x0000000713107280}> (0x0000000713107280) 
thrown [s\open\src\hotspot\share\prims\jni.cpp, line 519]
Event: 0.348 Thread 0x000001eac4de6ca0 Exception <a 'java/lang/NoSuchMethodError'{0x0000000713131710}: 'int java.lang.invoke.Invokers$Holder.invokeExact_MT(java.lang.Object, java.lang.Object)'> (0x0000000713131710) 
thrown [s\open\src\hotspot\share\interpreter\linkResolver.cpp, line 773]
Event: 0.505 Thread 0x000001eac4de6ca0 Exception <a 'java/lang/NoSuchMethodError'{0x00000007131c20b0}: 'void java.lang.System.load(java.lang.String, java.lang.Class)'> (0x00000007131c20b0) 
thrown [s\open\src\hotspot\share\interpreter\linkResolver.cpp, line 773]
Event: 0.506 Thread 0x000001eac4de6ca0 Exception <a 'java/lang/NoSuchMethodError'{0x00000007131c4e98}: 'void java.lang.System.loadLibrary(java.lang.String, java.lang.Class)'> (0x00000007131c4e98) 
thrown [s\open\src\hotspot\share\interpreter\linkResolver.cpp, line 773]
Event: 0.510 Thread 0x000001eac4de6ca0 Exception <a 'sun/nio/fs/WindowsException'{0x00000007131daaa0}> (0x00000007131daaa0) 
thrown [s\open\src\hotspot\share\prims\jni.cpp, line 519]
Event: 0.510 Thread 0x000001eac4de6ca0 Exception <a 'sun/nio/fs/WindowsException'{0x00000007131dae60}> (0x00000007131dae60) 
thrown [s\open\src\hotspot\share\prims\jni.cpp, line 519]
Event: 0.515 Thread 0x000001eac4de6ca0 Exception <a 'sun/nio/fs/WindowsException'{0x00000007131eac48}> (0x00000007131eac48) 
thrown [s\open\src\hotspot\share\prims\jni.cpp, line 519]
Event: 0.515 Thread 0x000001eac4de6ca0 Exception <a 'sun/nio/fs/WindowsException'{0x00000007131eaf48}> (0x00000007131eaf48) 
thrown [s\open\src\hotspot\share\prims\jni.cpp, line 519]
Event: 0.564 Thread 0x000001eac4de6ca0 Exception <a 'java/lang/NoSuchMethodError'{0x0000000712c0cc68}: 'void java.lang.invoke.Invokers$Holder.invokeExact_MT(java.lang.Object, java.lang.Object, java.lang.Object, java.lang.Object)'> (0x0000000712c0cc68) 
thrown [s\open\src\hotspot\share\interpreter\linkResolver.cpp, line 773]
Event: 0.655 Thread 0x000001eac4de6ca0 Exception <a 'java/lang/NoSuchMethodError'{0x0000000712b9acf8}: 'void java.lang.invoke.DirectMethodHandle$Holder.invokeStatic(java.lang.Object, java.lang.Object, double)'> (0x0000000712b9acf8) 
thrown [s\open\src\hotspot\share\interpreter\linkResolver.cpp, line 773]
Event: 0.669 Thread 0x000001eac4de6ca0 Exception <a 'java/lang/NoSuchMethodError'{0x0000000712bda878}: 'java.lang.Object java.lang.invoke.DirectMethodHandle$Holder.newInvokeSpecial(java.lang.Object, java.lang.Object, int, int)'> (0x0000000712bda878) 
thrown [s\open\src\hotspot\share\interpreter\linkResolver.cpp, line 773]
Event: 0.672 Thread 0x000001eac4de6ca0 Exception <a 'java/lang/NoSuchMethodError'{0x0000000712bfd828}: 'java.lang.Object java.lang.invoke.DirectMethodHandle$Holder.invokeSpecial(java.lang.Object, java.lang.Object, double, double)'> (0x0000000712bfd828) 
thrown [s\open\src\hotspot\share\interpreter\linkResolver.cpp, line 773]
Event: 79.433 Thread 0x000001eac4de6ca0 Exception <a 'java/lang/NoSuchMethodError'{0x0000000710007da8}: 'java.lang.Object java.lang.invoke.DirectMethodHandle$Holder.invokeInterface(java.lang.Object, java.lang.Object)'> (0x0000000710007da8) 
thrown [s\open\src\hotspot\share\interpreter\linkResolver.cpp, line 773]
Event: 79.433 Thread 0x000001eac4de6ca0 Exception <a 'java/lang/IncompatibleClassChangeError'{0x000000071000b010}: Found class java.lang.Object, but interface was expected> (0x000000071000b010) 
thrown [s\open\src\hotspot\share\interpreter\linkResolver.cpp, line 840]

VM Operations (20 events):
Event: 130.442 Executing VM operation: get/set locals done
Event: 130.442 Executing VM operation: get/set locals
Event: 130.443 Executing VM operation: get/set locals done
Event: 146.964 Executing VM operation: get/set locals
Event: 146.964 Executing VM operation: get/set locals done
Event: 152.714 Executing VM operation: get/set locals
Event: 152.714 Executing VM operation: get/set locals done
Event: 152.714 Executing VM operation: get/set locals
Event: 152.714 Executing VM operation: get/set locals done
Event: 158.719 Executing VM operation: get/set locals
Event: 158.719 Executing VM operation: get/set locals done
Event: 158.720 Executing VM operation: get/set locals
Event: 158.720 Executing VM operation: get/set locals done
Event: 170.725 Executing VM operation: ChangeBreakpoints
Event: 170.725 Executing VM operation: ChangeBreakpoints done
Event: 170.725 Executing VM operation: ChangeBreakpoints
Event: 170.725 Executing VM operation: ChangeBreakpoints done
Event: 170.725 Executing VM operation: ChangeBreakpoints
Event: 170.725 Executing VM operation: ChangeBreakpoints done
Event: 170.799 Executing VM operation: Exit

Events (20 events):
Event: 0.045 Thread 0x000001eae4310240 Thread added: 0x000001eae4310240
Event: 0.045 Thread 0x000001eae43112d0 Thread added: 0x000001eae43112d0
Event: 0.045 Thread 0x000001eae4315080 Thread added: 0x000001eae4315080
Event: 0.045 Thread 0x000001eae4315c50 Thread added: 0x000001eae4315c50
Event: 0.045 Thread 0x000001eae4316820 Thread added: 0x000001eae4316820
Event: 0.045 Thread 0x000001eae43178c0 Thread added: 0x000001eae43178c0
Event: 0.045 Thread 0x000001eae43184d0 Thread added: 0x000001eae43184d0
Event: 0.106 Thread 0x000001eae85e5cd0 Thread added: 0x000001eae85e5cd0
Event: 0.129 Thread 0x000001eae86517d0 Thread added: 0x000001eae86517d0
Event: 0.129 Thread 0x000001eae86a34f0 Thread added: 0x000001eae86a34f0
Event: 0.129 Thread 0x000001eae86a7a60 Thread added: 0x000001eae86a7a60
Event: 0.150 Thread 0x000001eae86b7d60 Thread added: 0x000001eae86b7d60
Event: 0.221 Thread 0x000001eae88f7850 Thread added: 0x000001eae88f7850
Event: 0.501 Thread 0x000001eae88f7850 Thread exited: 0x000001eae88f7850
Event: 0.517 Thread 0x000001eaef8ee510 Thread added: 0x000001eaef8ee510
Event: 2.245 Thread 0x000001eaef8ee510 Thread exited: 0x000001eaef8ee510
Event: 170.725 Thread 0x000001eae86a7a60 Thread exited: 0x000001eae86a7a60
Event: 170.726 Thread 0x000001eae86517d0 Thread exited: 0x000001eae86517d0
Event: 170.799 Thread 0x000001eae86517d0 Thread added: 0x000001eae86517d0
Event: 170.799 Thread 0x000001eae43112d0 Thread exited: 0x000001eae43112d0


Dynamic libraries:
0x00007ff606a30000 - 0x00007ff606a3e000 	C:\Users\4473331\.jdks\openjdk-20.0.1\bin\java.exe
0x00007ffc98d50000 - 0x00007ffc98f48000 	C:\WINDOWS\SYSTEM32\ntdll.dll
0x00007ffc96de0000 - 0x00007ffc96ea2000 	C:\WINDOWS\System32\KERNEL32.DLL
0x00007ffc96620000 - 0x00007ffc9691e000 	C:\WINDOWS\System32\KERNELBASE.dll
0x00007ffc96060000 - 0x00007ffc96180000 	C:\Windows\system32\hmpalert.dll
0x00007ffc96a50000 - 0x00007ffc96b50000 	C:\WINDOWS\System32\ucrtbase.dll
0x00007ffc8cea0000 - 0x00007ffc8cebb000 	C:\Users\4473331\.jdks\openjdk-20.0.1\bin\VCRUNTIME140.dll
0x00007ffc8ce80000 - 0x00007ffc8ce97000 	C:\Users\4473331\.jdks\openjdk-20.0.1\bin\jli.dll
0x00007ffc98250000 - 0x00007ffc983ed000 	C:\WINDOWS\System32\USER32.dll
0x00007ffc965f0000 - 0x00007ffc96612000 	C:\WINDOWS\System32\win32u.dll
0x00007ffc98910000 - 0x00007ffc9893b000 	C:\WINDOWS\System32\GDI32.dll
0x00007ffc96c50000 - 0x00007ffc96d67000 	C:\WINDOWS\System32\gdi32full.dll
0x00007ffc963f0000 - 0x00007ffc9648d000 	C:\WINDOWS\System32\msvcp_win.dll
0x00007ffc80a60000 - 0x00007ffc80cfa000 	C:\WINDOWS\WinSxS\amd64_microsoft.windows.common-controls_6595b64144ccf1df_6.0.19041.4355_none_60b8b9eb71f62e16\COMCTL32.dll
0x00007ffc98870000 - 0x00007ffc9890e000 	C:\WINDOWS\System32\msvcrt.dll
0x00007ffc98ce0000 - 0x00007ffc98d0f000 	C:\WINDOWS\System32\IMM32.DLL
0x00007ffc8d070000 - 0x00007ffc8d07c000 	C:\Users\4473331\.jdks\openjdk-20.0.1\bin\vcruntime140_1.dll
0x00007ffc53ab0000 - 0x00007ffc53b3e000 	C:\Users\4473331\.jdks\openjdk-20.0.1\bin\msvcp140.dll
0x00007ffba63c0000 - 0x00007ffba7057000 	C:\Users\4473331\.jdks\openjdk-20.0.1\bin\server\jvm.dll
0x00007ffc97b80000 - 0x00007ffc97c31000 	C:\WINDOWS\System32\ADVAPI32.dll
0x00007ffc979b0000 - 0x00007ffc97a4f000 	C:\WINDOWS\System32\sechost.dll
0x00007ffc97a50000 - 0x00007ffc97b73000 	C:\WINDOWS\System32\RPCRT4.dll
0x00007ffc969d0000 - 0x00007ffc969f7000 	C:\WINDOWS\System32\bcrypt.dll
0x00007ffc94f80000 - 0x00007ffc94f8a000 	C:\WINDOWS\SYSTEM32\VERSION.dll
0x00007ffc7ffd0000 - 0x00007ffc7ffd9000 	C:\WINDOWS\SYSTEM32\WSOCK32.dll
0x00007ffc98420000 - 0x00007ffc9848b000 	C:\WINDOWS\System32\WS2_32.dll
0x00007ffc7ffe0000 - 0x00007ffc80007000 	C:\WINDOWS\SYSTEM32\WINMM.dll
0x00007ffc94ee0000 - 0x00007ffc94ef2000 	C:\WINDOWS\SYSTEM32\kernel.appcore.dll
0x00007ffc8ce70000 - 0x00007ffc8ce7a000 	C:\Users\4473331\.jdks\openjdk-20.0.1\bin\jimage.dll
0x00007ffc8bae0000 - 0x00007ffc8bcc4000 	C:\WINDOWS\SYSTEM32\DBGHELP.DLL
0x00007ffc8b950000 - 0x00007ffc8b984000 	C:\WINDOWS\SYSTEM32\dbgcore.DLL
0x00007ffc96bc0000 - 0x00007ffc96c42000 	C:\WINDOWS\System32\bcryptPrimitives.dll
0x00007ffc5efb0000 - 0x00007ffc5efec000 	C:\Users\4473331\.jdks\openjdk-20.0.1\bin\jdwp.dll
0x00007ffc8ce60000 - 0x00007ffc8ce6e000 	C:\Users\4473331\.jdks\openjdk-20.0.1\bin\instrument.dll
0x00007ffc68e90000 - 0x00007ffc68eb6000 	C:\Users\4473331\.jdks\openjdk-20.0.1\bin\java.dll
0x00007ffc782d0000 - 0x00007ffc782e8000 	C:\Users\4473331\.jdks\openjdk-20.0.1\bin\zip.dll
0x00007ffc003b0000 - 0x00007ffc00487000 	C:\Users\4473331\.jdks\openjdk-20.0.1\bin\jsvml.dll
0x00007ffc97240000 - 0x00007ffc979ad000 	C:\WINDOWS\System32\SHELL32.dll
0x00007ffc93dc0000 - 0x00007ffc94564000 	C:\WINDOWS\SYSTEM32\windows.storage.dll
0x00007ffc98490000 - 0x00007ffc987e3000 	C:\WINDOWS\System32\combase.dll
0x00007ffc95b50000 - 0x00007ffc95b7e000 	C:\WINDOWS\SYSTEM32\Wldp.dll
0x00007ffc96eb0000 - 0x00007ffc96f7d000 	C:\WINDOWS\System32\OLEAUT32.dll
0x00007ffc97130000 - 0x00007ffc971dd000 	C:\WINDOWS\System32\SHCORE.dll
0x00007ffc97c40000 - 0x00007ffc97c95000 	C:\WINDOWS\System32\shlwapi.dll
0x00007ffc96320000 - 0x00007ffc96344000 	C:\WINDOWS\SYSTEM32\profapi.dll
0x00007ffc7eb80000 - 0x00007ffc7eb8c000 	C:\Users\4473331\.jdks\openjdk-20.0.1\bin\dt_socket.dll
0x00007ffc95630000 - 0x00007ffc9566b000 	C:\WINDOWS\SYSTEM32\IPHLPAPI.DLL
0x00007ffc95930000 - 0x00007ffc9599a000 	C:\WINDOWS\system32\mswsock.dll
0x00007ffc820c0000 - 0x00007ffc820d3000 	C:\Users\4473331\.jdks\openjdk-20.0.1\bin\net.dll
0x00007ffc927d0000 - 0x00007ffc928dd000 	C:\WINDOWS\SYSTEM32\WINHTTP.dll
0x00007ffc7b140000 - 0x00007ffc7b156000 	C:\Users\4473331\.jdks\openjdk-20.0.1\bin\nio.dll
0x00007ffc53a30000 - 0x00007ffc53aaa000 	C:\Users\4473331\AppData\Local\Temp\1\lwjgl_4473331\3.3.2+13\x64\lwjgl.dll
0x00007ffc494b0000 - 0x00007ffc49532000 	C:\Users\4473331\AppData\Local\Temp\1\lwjgl_4473331\3.3.2+13\x64\glfw.dll
0x00007ffc4dc60000 - 0x00007ffc4dca5000 	C:\WINDOWS\SYSTEM32\dinput8.dll
0x00007ffc557f0000 - 0x00007ffc55801000 	C:\WINDOWS\SYSTEM32\xinput1_4.dll
0x00007ffc96a00000 - 0x00007ffc96a4e000 	C:\WINDOWS\System32\cfgmgr32.dll
0x00007ffc96180000 - 0x00007ffc961b3000 	C:\WINDOWS\SYSTEM32\DEVOBJ.dll
0x00007ffc938c0000 - 0x00007ffc938ef000 	C:\WINDOWS\SYSTEM32\dwmapi.dll
0x00007ffc88080000 - 0x00007ffc881d2000 	C:\WINDOWS\SYSTEM32\inputhost.dll
0x00007ffc917b0000 - 0x00007ffc91907000 	C:\WINDOWS\SYSTEM32\wintypes.dll
0x00007ffc90d40000 - 0x00007ffc90e32000 	C:\WINDOWS\SYSTEM32\CoreMessaging.dll
0x00007ffc8fd80000 - 0x00007ffc900db000 	C:\WINDOWS\SYSTEM32\CoreUIComponents.dll
0x00007ffc92d40000 - 0x00007ffc92e36000 	C:\WINDOWS\SYSTEM32\PROPSYS.dll
0x00007ffc954c0000 - 0x00007ffc954f3000 	C:\WINDOWS\SYSTEM32\ntmarta.dll
0x00007ffc936d0000 - 0x00007ffc9376e000 	C:\WINDOWS\system32\uxtheme.dll
0x00007ffc97010000 - 0x00007ffc97125000 	C:\WINDOWS\System32\MSCTF.dll
0x00007ffc574e0000 - 0x00007ffc57608000 	C:\WINDOWS\SYSTEM32\opengl32.dll
0x00007ffc57470000 - 0x00007ffc5749c000 	C:\WINDOWS\SYSTEM32\GLU32.dll
0x00007ffc98a80000 - 0x00007ffc98b29000 	C:\WINDOWS\System32\clbcatq.dll
0x00007ffb9e0e0000 - 0x00007ffb9f062000 	C:\WINDOWS\System32\DriverStore\FileRepository\iigd_dch.inf_amd64_47794f8eae14cddd\ig12icd64.dll
0x00007ffc97ca0000 - 0x00007ffc97dcb000 	C:\WINDOWS\System32\ole32.dll
0x00007ffc946b0000 - 0x00007ffc947a6000 	C:\WINDOWS\system32\dxgi.dll
0x00007ffc85190000 - 0x00007ffc853e7000 	C:\WINDOWS\System32\DriverStore\FileRepository\iigd_dch.inf_amd64_47794f8eae14cddd\igdgmm64.dll
0x00007ffc82550000 - 0x00007ffc85169000 	C:\WINDOWS\System32\DriverStore\FileRepository\iigd_dch.inf_amd64_47794f8eae14cddd\igc64.dll
0x00007ffc96010000 - 0x00007ffc9605b000 	C:\WINDOWS\SYSTEM32\powrprof.dll
0x00007ffc95e40000 - 0x00007ffc95e52000 	C:\WINDOWS\SYSTEM32\UMPDC.dll
0x00007ffba79a0000 - 0x00007ffba7dab000 	C:\WINDOWS\System32\DriverStore\FileRepository\iigd_dch.inf_amd64_47794f8eae14cddd\igdml64.dll
0x00007ffc881e0000 - 0x00007ffc882d9000 	C:\WINDOWS\SYSTEM32\textinputframework.dll
0x00007ffc4d0e0000 - 0x00007ffc4d13e000 	C:\Users\4473331\AppData\Local\Temp\1\lwjgl_4473331\3.3.2+13\x64\lwjgl_opengl.dll

dbghelp: loaded successfully - version: 4.0.5 - missing functions: none
symbol engine: initialized successfully - sym options: 0x614 - pdb path: .;C:\Users\4473331\.jdks\openjdk-20.0.1\bin;C:\WINDOWS\SYSTEM32;C:\WINDOWS\WinSxS\amd64_microsoft.windows.common-controls_6595b64144ccf1df_6.0.19041.4355_none_60b8b9eb71f62e16;C:\Users\4473331\.jdks\openjdk-20.0.1\bin\server;C:\Users\4473331\AppData\Local\Temp\1\lwjgl_4473331\3.3.2+13\x64;C:\WINDOWS\System32\DriverStore\FileRepository\iigd_dch.inf_amd64_47794f8eae14cddd

VM Arguments:
jvm_args: -agentlib:jdwp=transport=dt_socket,address=127.0.0.1:54984,suspend=y,server=n -javaagent:C:\Users\4473331\AppData\Local\JetBrains\IdeaIC2023.1\captureAgent\debugger-agent.jar -Dfile.encoding=UTF-8 -Dsun.stdout.encoding=UTF-8 -Dsun.stderr.encoding=UTF-8 
java_command: metastasis.metastasis
java_class_path (initial): C:\Users\4473331\Documents\projects\000_grants\wgd_abm\out\production\wgd_abm;C:\Users\4473331\Documents\projects\000_grants\wgd_abm\HAL\lib\lwjgl-assimp-natives-macos-arm64.jar;C:\Users\4473331\Documents\projects\000_grants\wgd_abm\HAL\lib\lwjgl-opengl-natives-linux-arm32.jar;C:\Users\4473331\Documents\projects\000_grants\wgd_abm\HAL\lib\lwjgl-openal-natives-linux-arm64.jar;C:\Users\4473331\Documents\projects\000_grants\wgd_abm\HAL\lib\lwjgl-natives-linux.jar;C:\Users\4473331\Documents\projects\000_grants\wgd_abm\HAL\lib\lwjgl-opengl-natives-macos.jar;C:\Users\4473331\Documents\projects\000_grants\wgd_abm\HAL\lib\lwjgl-natives-windows.jar;C:\Users\4473331\Documents\projects\000_grants\wgd_abm\HAL\lib\lwjgl-assimp-javadoc.jar;C:\Users\4473331\Documents\projects\000_grants\wgd_abm\HAL\lib\lwjgl-opengl-natives-windows-arm64.jar;C:\Users\4473331\Documents\projects\000_grants\wgd_abm\HAL\lib\lwjgl-glfw-natives-windows-arm64.jar;C:\Users\4473331\Documents\projects\000_grants\wgd_abm\HAL\lib\lwjgl-opengl-javadoc.jar;C:\Users\4473331\Documents\projects\000_grants\wgd_abm\HAL\lib\lwjgl-stb-natives-macos.jar;C:\Users\4473331\Documents\projects\000_grants\wgd_abm\HAL\lib\lwjgl-stb-natives-windows-arm64.jar;C:\Users\4473331\Documents\projects\000_grants\wgd_abm\HAL\lib\lwjgl-natives-linux-arm32.jar;C:\Users\4473331\Documents\projects\000_grants\wgd_abm\HAL\lib\lwjgl-opengl-natives-windows-x86.jar;C:\Users\4473331\Documents\projects\000_grants\wgd_abm\HAL\lib\lwjgl-glfw-natives-macos.jar;C:\Users\4473331\Documents\projects\000_grants\wgd_abm\HAL\lib\lwjgl-openal-javadoc.jar;C:\Users\4473331\Documents\projects\000_grants\wgd_abm\HAL\lib\lwjgl-stb-sources.jar;C:\Users\4473331\Documents\projects\000_grants\wgd_abm\HAL\lib\lwjgl-glfw-natives-windows-x86.jar;C:\Users\4473331\Documents\projects\000_grants\wgd_abm\HAL\lib\lwjgl-glfw-javadoc.jar;C:\Users\4473331\Documents\projects\000_grants\wgd_abm\HAL\lib\lwjgl-javadoc.jar;C:\Users\4473331\Documents\projects\000_grants\wgd_abm\HAL\lib\lwjgl-sources.jar;C:\Users\4473331\Documents\projects\000_grants\wgd_abm\HAL\lib\lwjgl-openal-natives-linux-arm32.jar;C:\Users\4473331\Documents\projects\000_grants\wgd_abm\HAL\lib\lwjgl-openal-natives-macos-arm64.jar;C:\Users\4473331\Documents\projects\000_grants\wgd_abm\HAL\lib\lwjgl-assimp-natives-windows.jar;C:\Users\4473331\Documents\projects\000_grants\wgd_abm\HAL\lib\lwjgl-openal-natives-windows-x86.jar;C:\Users\4473331\Documents\projects\000_grants\wgd_abm\HAL\lib\lwjgl-stb-natives-linux.jar;C:\Users\4473331\Documents\projects\000_grants\wgd_abm\HAL\lib\lwjgl-natives-macos.jar;C:\Users\4473331\Documents\projects\000_grants\wgd_abm\HAL\lib\lwjgl-glfw-natives-linux.jar;C:\Users\4473331\Documents\projects\000_grants\wgd_abm\HAL\lib\lwjgl-stb-natives-macos-arm64.jar;C:\Users\4473331\Documents\projects\000_grants\wgd_abm\HAL\lib\lwjgl-openal-natives-windows-arm64.jar;C:\Users\4473331\Documents\projects\000_grants\wgd_abm\HAL\lib\lwjgl-opengl-natives-linux.jar;C:\Users\4473331\Documents\projects\000_grants\wgd_abm\HAL\lib\lwjgl-openal-natives-linux.jar;C:\Users\4473331\Documents\projects\000_grants\wgd_abm\HAL\lib\lwjgl-assimp-natives-linux-arm64.jar;C:\Users\4473331\Documents\projects\000_grants\wgd_abm\HAL\lib\lwjgl-stb-natives-linux-arm32.jar;C:\Users\4473331\Documents\projects\000_grants\wgd_abm\HAL\lib\lwjgl-glfw-natives-macos-arm64.jar;C:\Users\4473331\Documents\projects\000_grants\wgd_abm\HAL\lib\lwjgl-assimp-natives-windows-x86.jar;C:\Users\4473331\Documents\projects\000_grants\wgd_abm\HAL\lib\lwjgl-opengl-natives-windows.jar;C:\Users\4473331\Documents\projects\000_grants\wgd_abm\HAL\lib\lwjgl-glfw.jar;C:\Users\4473331\Documents\projects\000_grants\wgd_abm\HAL\lib\lwjgl-opengl-sources.jar;C:\Users\4473331\Documents\projects\000_grants\wgd_abm\HAL\lib\lwjgl-natives-windows-arm64.jar;C:\Users\4473331\Documents\projects\000_grants\wgd_abm\HAL\lib\lwjgl-openal-sources.jar;C:\Users\4473331\Documents\projects\000_grants\wgd_abm\HAL\lib\lwjgl-stb-natives-linux-arm64.jar;C:\Users\4473331\Documents\projects\000_grants\wgd_abm\HAL\lib\lwjgl-assimp-natives-linux-arm32.jar;C:\Users\4473331\Documents\projects\000_grants\wgd_abm\HAL\lib\lwjgl-glfw-sources.jar;C:\Users\4473331\Documents\projects\000_grants\wgd_abm\HAL\lib\lwjgl-openal-natives-windows.jar;C:\Users\4473331\Documents\projects\000_grants\wgd_abm\HAL\lib\lwjgl-natives-macos-arm64.jar;C:\Users\4473331\Documents\projects\000_grants\wgd_abm\HAL\lib\lwjgl-glfw-natives-windows.jar;C:\Users\4473331\Documents\projects\000_grants\wgd_abm\HAL\lib\lwjgl-stb-javadoc.jar;C:\Users\4473331\Documents\projects\000_grants\wgd_abm\HAL\lib\lwjgl-glfw-natives-linux-arm64.jar;C:\Users\4473331\Documents\projects\000_grants\wgd_abm\HAL\lib\lwjgl-assimp-natives-macos.jar;C:\Users\4473331\Documents\projects\000_grants\wgd_abm\HAL\lib\lwjgl.jar;C:\Users\4473331\Documents\projects\000_grants\wgd_abm\HAL\lib\lwjgl-opengl-natives-linux-arm64.jar;C:\Users\4473331\Documents\projects\000_grants\wgd_abm\HAL\lib\lwjgl-assimp.jar;C:\Users\4473331\Documents\projects\000_grants\wgd_abm\HAL\lib\lwjgl-stb-natives-windows-x86.jar;C:\Users\4473331\Documents\projects\000_grants\wgd_abm\HAL\lib\lwjgl-natives-windows-x86.jar;C:\Users\4473331\Documents\projects\000_grants\wgd_abm\HAL\lib\lwjgl-stb-natives-windows.jar;C:\Users\4473331\Documents\projects\000_grants\wgd_abm\HAL\lib\lwjgl-natives-linux-arm64.jar;C:\Users\4473331\Documents\projects\000_grants\wgd_abm\HAL\lib\lwjgl-openal-natives-macos.jar;C:\Users\4473331\Documents\projects\000_grants\wgd_abm\HAL\lib\lwjgl-openal.jar;C:\Users\4473331\Documents\projects\000_grants\wgd_abm\HAL\lib\lwjgl-assimp-natives-linux.jar;C:\Users\4473331\Documents\projects\000_grants\wgd_abm\HAL\lib\lwjgl-assimp-natives-windows-arm64.jar;C:\Users\4473331\Documents\projects\000_grants\wgd_abm\HAL\lib\lwjgl-assimp-sources.jar;C:\Users\4473331\Documents\projects\000_grants\wgd_abm\HAL\lib\lwjgl-glfw-natives-linux-arm32.jar;C:\Users\4473331\Documents\projects\000_grants\wgd_abm\HAL\lib\lwjgl-opengl-natives-macos-arm64.jar;C:\Users\4473331\Documents\projects\000_grants\wgd_abm\HAL\lib\lwjgl-opengl.jar;C:\Users\4473331\Documents\projects\000_grants\wgd_abm\HAL\lib\lwjgl-stb.jar;C:\Program Files\JetBrains\IntelliJ IDEA Community Edition 2023.1.2\lib\idea_rt.jar
Launcher Type: SUN_STANDARD

[Global flags]
     intx CICompilerCount                          = 4                                         {product} {ergonomic}
     uint ConcGCThreads                            = 2                                         {product} {ergonomic}
     uint G1ConcRefinementThreads                  = 8                                         {product} {ergonomic}
   size_t G1HeapRegionSize                         = 2097152                                   {product} {ergonomic}
    uintx GCDrainStackTargetSize                   = 64                                        {product} {ergonomic}
   size_t InitialHeapSize                          = 266338304                                 {product} {ergonomic}
   size_t MarkStackSize                            = 4194304                                   {product} {ergonomic}
   size_t MaxHeapSize                              = 4229955584                                {product} {ergonomic}
   size_t MaxNewSize                               = 2537553920                                {product} {ergonomic}
   size_t MinHeapDeltaBytes                        = 2097152                                   {product} {ergonomic}
   size_t MinHeapSize                              = 8388608                                   {product} {ergonomic}
    uintx NonNMethodCodeHeapSize                   = 5839372                                {pd product} {ergonomic}
    uintx NonProfiledCodeHeapSize                  = 122909434                              {pd product} {ergonomic}
    uintx ProfiledCodeHeapSize                     = 122909434                              {pd product} {ergonomic}
    uintx ReservedCodeCacheSize                    = 251658240                              {pd product} {ergonomic}
     bool SegmentedCodeCache                       = true                                      {product} {ergonomic}
   size_t SoftMaxHeapSize                          = 4229955584                             {manageable} {ergonomic}
     bool UseCompressedClassPointers               = true                           {product lp64_product} {ergonomic}
     bool UseCompressedOops                        = true                           {product lp64_product} {ergonomic}
     bool UseG1GC                                  = true                                      {product} {ergonomic}
     bool UseLargePagesIndividualAllocation        = false                                  {pd product} {ergonomic}

Logging:
Log output configuration:
 #0: stdout all=off uptime,level,tags foldmultilines=false
 #1: stderr all=off uptime,level,tags foldmultilines=false

Environment Variables:
PATH=C:\Program Files (x86)\Common Files\Oracle\Java\java8path;C:\Program Files (x86)\Common Files\Oracle\Java\javapath;C:\WINDOWS\system32;C:\WINDOWS;C:\WINDOWS\System32\Wbem;C:\WINDOWS\System32\WindowsPowerShell\v1.0\;C:\WINDOWS\System32\OpenSSH\;C:\Program Files\Moffitt\Bgupdate;C:\Windows\CCM;C:\Program Files\MATLAB\R2022a\bin;;C:\Program Files\dotnet\;C:\Program Files\Amazon\AWSCLIV2\;C:\Program Files\Scripts;C:\Program Files;C:\Users\4473331\AppData\Local\Microsoft\WindowsApps;C:\Users\4473331\AppData\Local\Programs\Julia-1.6.2\bin;C:\Users\4473331\AppData\Local\Programs\Microsoft VS Code\bin;C:\Users\4473331\AppData\Local\Programs\Git\cmd;C:\Program Files\R\R-4.4.1\bin;C:\rtools40\mingw64\bin;C:\Users\4473331\AppData\Roaming\TinyTeX\bin\win32;C:\Gradle\gradle-4.2.1\bin;C:\Users\4473331\AppData\Roaming\Python\Python311\Scripts;C:\Program Files\JetBrains\PyCharm Community Edition 2023.1.2\bin;;C:\Users\4473331\AppData\Roaming\TinyTeX\bin\windows;C:\Program Files\OpenSSL-Win64\bin;
USERNAME=4473331
OS=Windows_NT
PROCESSOR_IDENTIFIER=Intel64 Family 6 Model 140 Stepping 1, GenuineIntel
TMP=C:\Users\4473331\AppData\Local\Temp\1
TEMP=C:\Users\4473331\AppData\Local\Temp\1




---------------  S Y S T E M  ---------------

OS:
 Windows 10 , 64 bit Build 19041 (10.0.19041.5072)
OS uptime: 0 days 23:18 hours
Hyper-V role detected

CPU: total 8 (initial active 8) (4 cores per cpu, 2 threads per core) family 6 model 140 stepping 1 microcode 0x6e, cx8, cmov, fxsr, ht, mmx, 3dnowpref, sse, sse2, sse3, ssse3, sse4.1, sse4.2, popcnt, lzcnt, tsc, tscinvbit, avx, avx2, aes, erms, clmul, bmi1, bmi2, adx, avx512f, avx512dq, avx512cd, avx512bw, avx512vl, sha, fma, vzeroupper, avx512_vpopcntdq, avx512_vpclmulqdq, avx512_vaes, avx512_vnni, clflush, clflushopt, clwb, avx512_vbmi2, avx512_vbmi, hv, rdtscp, rdpid, fsrm, gfni, avx512_bitalg, f16c, cet_ibt, cet_ss, avx512_ifma

Memory: 4k page, system-wide physical 16129M (2571M free)
TotalPageFile size 25345M (AvailPageFile size 7170M)
current process WorkingSet (physical memory assigned to process): 325M, peak: 330M
current process commit charge ("private bytes"): 423M, peak: 433M

vm_info: OpenJDK 64-Bit Server VM (20.0.1+9-29) for windows-amd64 JRE (20.0.1+9-29), built on 2023-03-07T13:56:11Z by "mach5one" with MS VC++ 17.1 (VS2022)

END.
