#
# A fatal error has been detected by the Java Runtime Environment:
#
#  EXCEPTION_ACCESS_VIOLATION (0xc0000005) at pc=0x00007ffb9b43fdb5, pid=23644, tid=16244
#
# JRE version: OpenJDK Runtime Environment (20.0.1+9) (build 20.0.1+9-29)
# Java VM: OpenJDK 64-Bit Server VM (20.0.1+9-29, mixed mode, sharing, tiered, compressed oops, compressed class ptrs, g1 gc, windows-amd64)
# Problematic frame:
# C  [ig12icd64.dll+0x2afdb5]
#
# No core dump will be written. Minidumps are not enabled by default on client versions of Windows
#
# If you would like to submit a bug report, please visit:
#   https://bugreport.java.com/bugreport/crash.jsp
#

---------------  S U M M A R Y ------------

Command Line: -javaagent:C:\Program Files\JetBrains\IntelliJ IDEA Community Edition 2023.1.2\lib\idea_rt.jar=60119:C:\Program Files\JetBrains\IntelliJ IDEA Community Edition 2023.1.2\bin -Dfile.encoding=UTF-8 -Dsun.stdout.encoding=UTF-8 -Dsun.stderr.encoding=UTF-8 metastasis.metastasis

Host: 11th Gen Intel(R) Core(TM) i7-1165G7 @ 2.80GHz, 8 cores, 15G,  Windows 10 , 64 bit Build 19041 (10.0.19041.5072)
Time: Tue Dec 10 14:57:32 2024 Eastern Standard Time elapsed time: 310.287761 seconds (0d 0h 5m 10s)

---------------  T H R E A D  ---------------

Current thread (0x000001afff77b930):  VMThread "VM Thread" [stack: 0x0000007ef8200000,0x0000007ef8300000] [id=16244]

Stack: [0x0000007ef8200000,0x0000007ef8300000],  sp=0x0000007ef82fe740,  free space=1017k
Native frames: (J=compiled Java code, j=interpreted, Vv=VM code, C=native code)
C  [ig12icd64.dll+0x2afdb5]


siginfo: EXCEPTION_ACCESS_VIOLATION (0xc0000005), reading address 0x00000000000353a8


Registers:
RAX=0x000001af91fa7550, RBX=0x000001af91fa7440, RCX=0x0000000000000001, RDX=0x000001af91fa7510
RSP=0x0000007ef82fe740, RBP=0x0000007ef82fe840, RSI=0x0000000000000000, RDI=0x000001af91443ab0
R8 =0x0000000000000000, R9 =0x0000000000000000, R10=0x0000000000000000, R11=0x0000000000000246
R12=0x0000000000000000, R13=0x000001af91fa7440, R14=0x000001af91fa7958, R15=0x000001af91fa2bf0
RIP=0x00007ffb9b43fdb5, EFLAGS=0x0000000000010206


Register to memory mapping:

RIP=0x00007ffb9b43fdb5 ig12icd64.dll
RAX=0x000001af91fa7550 points into unknown readable memory: 0x0000000012678469 | 69 84 67 12 00 00 00 00
RBX=0x000001af91fa7440 points into unknown readable memory: 0x000001af8a879e40 | 40 9e 87 8a af 01 00 00
RCX=0x0000000000000001 is an unknown value
RDX=0x000001af91fa7510 points into unknown readable memory: 0x0000000000000000 | 00 00 00 00 00 00 00 00
RSP=0x0000007ef82fe740 points into unknown readable memory: 0x000001af8a817210 | 10 72 81 8a af 01 00 00
RBP=0x0000007ef82fe840 points into unknown readable memory: 0x6661207061000a7d | 7d 0a 00 61 70 20 61 66
RSI=0x0 is NULL
RDI=0x000001af91443ab0 points into unknown readable memory: 0x0000000000000000 | 00 00 00 00 00 00 00 00
R8 =0x0 is NULL
R9 =0x0 is NULL
R10=0x0 is NULL
R11=0x0000000000000246 is an unknown value
R12=0x0 is NULL
R13=0x000001af91fa7440 points into unknown readable memory: 0x000001af8a879e40 | 40 9e 87 8a af 01 00 00
R14=0x000001af91fa7958 points into unknown readable memory: 0x000001af91fa2bf0 | f0 2b fa 91 af 01 00 00
R15=0x000001af91fa2bf0 points into unknown readable memory: 0x000001af8a879e40 | 40 9e 87 8a af 01 00 00


Top of Stack: (sp=0x0000007ef82fe740)
0x0000007ef82fe740:   000001af8a817210 0000000000000000
0x0000007ef82fe750:   0000000000000000 0000000000000000
0x0000007ef82fe760:   00000016e3000000 0000000000000000
0x0000007ef82fe770:   000001afe61cb660 0000007ef82ff090
0x0000007ef82fe780:   000001af8a817210 00007ffba6a7cb9f
0x0000007ef82fe790:   00007ffba6d3f401 0000007ef82fe7a0
0x0000007ef82fe7a0:   000000000000003f 0000000000000013
0x0000007ef82fe7b0:   207373616c632020 00007ffba6a7cbd7
0x0000007ef82fe7c0:   3039206465737520 00007ffba6a7e3fc
0x0000007ef82fe7d0:   0000007ef82ff090 0000000000000002
0x0000007ef82fe7e0:   0000007ef82ff7c8 000001afe3d5e680
0x0000007ef82fe7f0:   000001afe3d5e680 00007ffba6a7cc73
0x0000007ef82fe800:   000001afe61cb660 0000007ef82ff090
0x0000007ef82fe810:   0000000000000000 343032282073726f
0x0000007ef82fe820:   7830002000294b01 0000007ef82fe830
0x0000007ef82fe830:   0000000000000002 00007ffc98d50029
0x0000007ef82fe840:   6661207061000a7d 6920434720726574
0x0000007ef82fe850:   6f697461636f766e 20303535313d736e
0x0000007ef82fe860:   2930206c6c756628 0000000000000a3a
0x0000007ef82fe870:   000001afe3c6ea00 000001afe3c60150
0x0000007ef82fe880:   000041973cbf8bb1 000000000000034e
0x0000007ef82fe890:   0000000000000000 0000000000000000
0x0000007ef82fe8a0:   0000000000000000 0000000000000000
0x0000007ef82fe8b0:   0000000000000000 0000000000000000
0x0000007ef82fe8c0:   0000000000000000 0000000000000000
0x0000007ef82fe8d0:   0000000000000000 0000000000000000
0x0000007ef82fe8e0:   0000000000000000 0000000000000000
0x0000007ef82fe8f0:   0000000000000000 0000000000000000
0x0000007ef82fe900:   0000000000000000 0000000000000000
0x0000007ef82fe910:   404e000000000000 0000000000000000
0x0000007ef82fe920:   0000000000000000 0000000000000000
0x0000007ef82fe930:   000001af915a4c98 0000000012678469 

Instructions: (pc=0x00007ffb9b43fdb5)
0x00007ffb9b43fcb5:   48 8b cb ff 15 42 74 7f 00 90 4c 8b bf 80 02 00
0x00007ffb9b43fcc5:   00 48 8b 05 73 d3 b1 00 8b 80 1c 0a 00 00 89 44
0x00007ffb9b43fcd5:   24 24 c6 44 24 20 00 48 c7 87 80 02 00 00 00 00
0x00007ffb9b43fce5:   00 00 c7 87 88 02 00 00 00 00 00 00 48 c7 87 a0
0x00007ffb9b43fcf5:   02 00 00 00 00 00 00 48 c7 87 90 02 00 00 00 00
0x00007ffb9b43fd05:   00 00 48 85 f6 75 3d 8b 35 3e 67 c1 00 65 48 8b
0x00007ffb9b43fd15:   04 25 58 00 00 00 b9 30 00 00 00 48 8b 04 f0 80
0x00007ffb9b43fd25:   3c 01 00 0f 84 7e 29 6c 00 65 48 8b 04 25 58 00
0x00007ffb9b43fd35:   00 00 b9 08 00 00 00 48 8b 04 f0 48 8b 34 01 48
0x00007ffb9b43fd45:   89 74 24 28 48 3b 35 10 8b c1 00 0f 84 37 11 00
0x00007ffb9b43fd55:   00 4d 85 ff 0f 84 37 01 00 00 90 49 8b df 4d 8b
0x00007ffb9b43fd65:   ef 4d 8d b7 18 05 00 00 4d 8b 3e 45 84 e4 0f 85
0x00007ffb9b43fd75:   b4 0f 00 00 8b 8f d0 01 00 00 48 8b 05 ba d2 b1
0x00007ffb9b43fd85:   00 83 b8 54 03 00 00 02 75 33 48 8d 93 d0 00 00
0x00007ffb9b43fd95:   00 83 f9 10 0f 83 73 01 00 00 8b c1 48 c1 e0 06
0x00007ffb9b43fda5:   48 03 c2 48 85 c0 0f 84 d5 01 00 00 4c 8b 40 08
0x00007ffb9b43fdb5:   4c 3b 86 a8 53 03 00 0f 87 8e 0f 00 00 48 83 bb
0x00007ffb9b43fdc5:   70 05 00 00 00 0f 85 0f 29 6c 00 44 8b 87 d0 01
0x00007ffb9b43fdd5:   00 00 48 8b 87 e8 01 00 00 48 8b 10 8b 8f d0 01
0x00007ffb9b43fde5:   00 00 48 8d b3 d0 00 00 00 83 f9 10 0f 83 54 01
0x00007ffb9b43fdf5:   00 00 8b c1 48 c1 e0 06 48 03 c6 48 85 c0 0f 84
0x00007ffb9b43fe05:   85 01 00 00 48 39 50 08 0f 86 7b 01 00 00 48 8b
0x00007ffb9b43fe15:   87 80 02 00 00 49 89 06 48 89 9f 80 02 00 00 ff
0x00007ffb9b43fe25:   87 88 02 00 00 48 8b 4b 08 48 8b 01 ba 01 00 00
0x00007ffb9b43fe35:   00 48 8b 80 e0 02 00 00 ff 15 9d 77 7f 00 0f b7
0x00007ffb9b43fe45:   c8 48 2b c1 48 05 00 00 01 00 48 01 87 90 02 00
0x00007ffb9b43fe55:   00 48 8b 4b 08 48 8b 01 ba 01 00 00 00 48 8b 80
0x00007ffb9b43fe65:   e0 02 00 00 ff 15 71 77 7f 00 48 01 87 a0 02 00
0x00007ffb9b43fe75:   00 48 8b 74 24 28 0f b6 54 24 20 4d 85 ff 0f 85
0x00007ffb9b43fe85:   d7 fe ff ff 84 d2 0f 85 5c 10 00 00 48 8b 5c 24
0x00007ffb9b43fe95:   40 48 8b cf 80 7c 24 22 00 0f 85 36 10 00 00 e8
0x00007ffb9b43fea5:   a7 f0 ff ff 90 48 8b cb ff 15 7d 73 7f 00 48 8b 


Stack slot to memory mapping:
stack at sp + 0 slots: 0x000001af8a817210 points into unknown readable memory: 0xffffffffffffffff | ff ff ff ff ff ff ff ff
stack at sp + 1 slots: 0x0 is NULL
stack at sp + 2 slots: 0x0 is NULL
stack at sp + 3 slots: 0x0 is NULL
stack at sp + 4 slots: 0x00000016e3000000 is an unknown value
stack at sp + 5 slots: 0x0 is NULL
stack at sp + 6 slots: 0x000001afe61cb660 points into unknown readable memory: 0x00007ffba6d3e3e8 | e8 e3 d3 a6 fb 7f 00 00
stack at sp + 7 slots: 0x0000007ef82ff090 points into unknown readable memory: 0x000001afe3c60328 | 28 03 c6 e3 af 01 00 00

VM_Operation (0x0000007ef7bfed90): Exit, mode: safepoint, requested by thread 0x000001af91930bb0


---------------  P R O C E S S  ---------------

Threads class SMR info:
_java_thread_list=0x000001af8abbe820, length=15, elements={
0x000001afe61b5110, 0x000001afff797b20, 0x000001afff798920, 0x000001afff79c3e0,
0x000001afff79ed30, 0x000001afff7a8690, 0x000001afff7b33a0, 0x000001afff7b8140,
0x000001af8a1e03c0, 0x000001af8a47e900, 0x000001af8a47ee50, 0x000001af9192e130,
0x000001af9192ebd0, 0x000001af9192f670, 0x000001af91930bb0
}

Java Threads: ( => current thread )
  0x000001afe61b5110 JavaThread "main" [_thread_blocked, id=24220, stack(0x0000007ef7c00000,0x0000007ef7d00000)]
  0x000001afff797b20 JavaThread "Reference Handler" daemon [_thread_blocked, id=17456, stack(0x0000007ef8300000,0x0000007ef8400000)]
  0x000001afff798920 JavaThread "Finalizer" daemon [_thread_blocked, id=10900, stack(0x0000007ef8400000,0x0000007ef8500000)]
  0x000001afff79c3e0 JavaThread "Attach Listener" daemon [_thread_blocked, id=19800, stack(0x0000007ef8600000,0x0000007ef8700000)]
  0x000001afff79ed30 JavaThread "Service Thread" daemon [_thread_blocked, id=15136, stack(0x0000007ef8700000,0x0000007ef8800000)]
  0x000001afff7a8690 JavaThread "Monitor Deflation Thread" daemon [_thread_blocked, id=12512, stack(0x0000007ef8800000,0x0000007ef8900000)]
  0x000001afff7b33a0 JavaThread "C2 CompilerThread0" daemon [_thread_blocked, id=7768, stack(0x0000007ef8900000,0x0000007ef8a00000)]
  0x000001afff7b8140 JavaThread "C1 CompilerThread0" daemon [_thread_blocked, id=23368, stack(0x0000007ef8a00000,0x0000007ef8b00000)]
  0x000001af8a1e03c0 JavaThread "Common-Cleaner" daemon [_thread_blocked, id=20404, stack(0x0000007ef8b00000,0x0000007ef8c00000)]
  0x000001af8a47e900 JavaThread "Monitor Ctrl-Break" daemon [_thread_in_native, id=1400, stack(0x0000007ef8c00000,0x0000007ef8d00000)]
  0x000001af8a47ee50 JavaThread "Notification Thread" daemon [_thread_blocked, id=23288, stack(0x0000007ef8d00000,0x0000007ef8e00000)]
  0x000001af9192e130 JavaThread "Java2D Disposer" daemon [_thread_blocked, id=9656, stack(0x0000007ef9400000,0x0000007ef9500000)]
  0x000001af9192ebd0 JavaThread "AWT-Shutdown" [_thread_blocked, id=29424, stack(0x0000007ef9500000,0x0000007ef9600000)]
  0x000001af9192f670 JavaThread "AWT-EventQueue-0" [_thread_blocked, id=25576, stack(0x0000007ef9700000,0x0000007ef9800000)]
  0x000001af91930bb0 JavaThread "SIGINT handler" daemon [_thread_blocked, id=3240, stack(0x0000007ef7b00000,0x0000007ef7c00000)]

Other Threads:
=>0x000001afff77b930 VMThread "VM Thread" [stack: 0x0000007ef8200000,0x0000007ef8300000] [id=16244]
  0x000001afe6223de0 WorkerThread "GC Thread#0" [stack: 0x0000007ef7d00000,0x0000007ef7e00000] [id=28868]
  0x000001af91ab7270 WorkerThread "GC Thread#1" [stack: 0x0000007ef9900000,0x0000007ef9a00000] [id=11888]
  0x000001af91ae7df0 WorkerThread "GC Thread#2" [stack: 0x0000007ef9a00000,0x0000007ef9b00000] [id=28060]
  0x000001af91ae8930 WorkerThread "GC Thread#3" [stack: 0x0000007ef9b00000,0x0000007ef9c00000] [id=29164]
  0x000001af91ae72b0 WorkerThread "GC Thread#4" [stack: 0x0000007ef9c00000,0x0000007ef9d00000] [id=10104]
  0x000001af91ae8c00 WorkerThread "GC Thread#5" [stack: 0x0000007ef9d00000,0x0000007ef9e00000] [id=24832]
  0x000001af91ae6fe0 WorkerThread "GC Thread#6" [stack: 0x0000007ef9e00000,0x0000007ef9f00000] [id=26788]
  0x000001af91ae8660 WorkerThread "GC Thread#7" [stack: 0x0000007ef9f00000,0x0000007efa000000] [id=16912]
  0x000001afe6234aa0 ConcurrentGCThread "G1 Main Marker" terminated
  0x000001afe62354d0 WorkerThread "G1 Conc#0" [stack: 0x0000007ef7f00000,0x0000007ef8000000] [id=28388]
  0x000001afe626e910 ConcurrentGCThread "G1 Refine#0" terminated
  0x000001afff63e580 ConcurrentGCThread "G1 Service" terminated

Threads with active compile tasks:

VM state: at safepoint (shutting down)

VM Mutex/Monitor currently owned by a thread:  ([mutex/lock_event])
[0x000001afe61aff50] Threads_lock - owner thread: 0x000001afff77b930
[0x000001afe61b0b20] Heap_lock - owner thread: 0x000001af91930bb0

Heap address: 0x0000000703e00000, size: 4034 MB, Compressed Oops mode: Zero based, Oop shift amount: 3

CDS archive(s) mapped at: [0x0000000800000000-0x0000000800c60000-0x0000000800c60000), size 12976128, SharedBaseAddress: 0x0000000800000000, ArchiveRelocationMode: 0.
Compressed class space mapped at: 0x0000000801000000-0x0000000841000000, reserved size: 1073741824
Narrow klass base: 0x0000000800000000, Narrow klass shift: 0, Narrow klass range: 0x100000000

GC Precious Log:
 CardTable entry size: 512
 Card Set container configuration: InlinePtr #cards 4 size 8 Array Of Cards #cards 16 size 48 Howl #buckets 8 coarsen threshold 3686 Howl Bitmap #cards 512 size 80 coarsen threshold 460 Card regions per heap region 1 cards per card region 4096
 CPUs: 8 total, 8 available
 Memory: 16129M
 Large Page Support: Disabled
 NUMA Support: Disabled
 Compressed Oops: Enabled (Zero based)
 Heap Region Size: 2M
 Heap Min Capacity: 8M
 Heap Initial Capacity: 254M
 Heap Max Capacity: 4034M
 Pre-touch: Disabled
 Parallel Workers: 8
 Concurrent Workers: 2
 Concurrent Refinement Workers: 8
 Periodic GC: Disabled

Heap:
 garbage-first heap   total 313344K, used 82279K [0x0000000703e00000, 0x0000000800000000)
  region size 2048K, 31 young (63488K), 1 survivors (2048K)
 Metaspace       used 10470K, committed 10752K, reserved 1114112K
  class space    used 903K, committed 1088K, reserved 1048576K

Heap Regions: E=young(eden), S=young(survivor), O=old, HS=humongous(starts), HC=humongous(continues), CS=collection set, F=free, OA=open archive, CA=closed archive, TAMS=top-at-mark-start, PB=parsable bottom
|   0|0x0000000703e00000, 0x0000000704000000, 0x0000000704000000|100%|HS|  |TAMS 0x0000000703e00000| PB 0x0000000703e00000| Complete 
|   1|0x0000000704000000, 0x0000000704200000, 0x0000000704200000|100%|HC|  |TAMS 0x0000000704000000| PB 0x0000000704000000| Complete 
|   2|0x0000000704200000, 0x0000000704400000, 0x0000000704400000|100%|HS|  |TAMS 0x0000000704200000| PB 0x0000000704200000| Complete 
|   3|0x0000000704400000, 0x0000000704600000, 0x0000000704600000|100%|HC|  |TAMS 0x0000000704400000| PB 0x0000000704400000| Complete 
|   4|0x0000000704600000, 0x0000000704800000, 0x0000000704800000|100%| O|  |TAMS 0x0000000704600000| PB 0x0000000704600000| Untracked 
|   5|0x0000000704800000, 0x0000000704a00000, 0x0000000704a00000|100%| O|  |TAMS 0x0000000704800000| PB 0x0000000704800000| Untracked 
|   6|0x0000000704a00000, 0x0000000704c00000, 0x0000000704c00000|100%| O|  |TAMS 0x0000000704a00000| PB 0x0000000704a00000| Untracked 
|   7|0x0000000704c00000, 0x0000000704e00000, 0x0000000704e00000|100%| O|  |TAMS 0x0000000704c00000| PB 0x0000000704c00000| Untracked 
|   8|0x0000000704e00000, 0x0000000705000000, 0x0000000705000000|100%| O|  |TAMS 0x0000000704e00000| PB 0x0000000704e00000| Untracked 
|   9|0x0000000705000000, 0x0000000705200000, 0x0000000705200000|100%| O|  |TAMS 0x0000000705000000| PB 0x0000000705000000| Untracked 
|  10|0x0000000705200000, 0x0000000705400000, 0x0000000705400000|100%| O|  |TAMS 0x0000000705200000| PB 0x0000000705200000| Untracked 
|  11|0x0000000705400000, 0x0000000705600000, 0x0000000705600000|100%| O|  |TAMS 0x0000000705400000| PB 0x0000000705400000| Untracked 
|  12|0x0000000705600000, 0x0000000705650400, 0x0000000705800000| 15%| O|  |TAMS 0x0000000705600000| PB 0x0000000705600000| Untracked 
|  13|0x0000000705800000, 0x0000000705800000, 0x0000000705a00000|  0%| F|  |TAMS 0x0000000705800000| PB 0x0000000705800000| Untracked 
|  14|0x0000000705a00000, 0x0000000705a00000, 0x0000000705c00000|  0%| F|  |TAMS 0x0000000705a00000| PB 0x0000000705a00000| Untracked 
|  15|0x0000000705c00000, 0x0000000705c00000, 0x0000000705e00000|  0%| F|  |TAMS 0x0000000705c00000| PB 0x0000000705c00000| Untracked 
|  16|0x0000000705e00000, 0x0000000705e00000, 0x0000000706000000|  0%| F|  |TAMS 0x0000000705e00000| PB 0x0000000705e00000| Untracked 
|  17|0x0000000706000000, 0x0000000706000000, 0x0000000706200000|  0%| F|  |TAMS 0x0000000706000000| PB 0x0000000706000000| Untracked 
|  18|0x0000000706200000, 0x0000000706200000, 0x0000000706400000|  0%| F|  |TAMS 0x0000000706200000| PB 0x0000000706200000| Untracked 
|  19|0x0000000706400000, 0x0000000706400000, 0x0000000706600000|  0%| F|  |TAMS 0x0000000706400000| PB 0x0000000706400000| Untracked 
|  20|0x0000000706600000, 0x0000000706600000, 0x0000000706800000|  0%| F|  |TAMS 0x0000000706600000| PB 0x0000000706600000| Untracked 
|  21|0x0000000706800000, 0x0000000706800000, 0x0000000706a00000|  0%| F|  |TAMS 0x0000000706800000| PB 0x0000000706800000| Untracked 
|  22|0x0000000706a00000, 0x0000000706a00000, 0x0000000706c00000|  0%| F|  |TAMS 0x0000000706a00000| PB 0x0000000706a00000| Untracked 
|  23|0x0000000706c00000, 0x0000000706c00000, 0x0000000706e00000|  0%| F|  |TAMS 0x0000000706c00000| PB 0x0000000706c00000| Untracked 
|  24|0x0000000706e00000, 0x0000000706e00000, 0x0000000707000000|  0%| F|  |TAMS 0x0000000706e00000| PB 0x0000000706e00000| Untracked 
|  25|0x0000000707000000, 0x0000000707000000, 0x0000000707200000|  0%| F|  |TAMS 0x0000000707000000| PB 0x0000000707000000| Untracked 
|  26|0x0000000707200000, 0x0000000707200000, 0x0000000707400000|  0%| F|  |TAMS 0x0000000707200000| PB 0x0000000707200000| Untracked 
|  27|0x0000000707400000, 0x0000000707400000, 0x0000000707600000|  0%| F|  |TAMS 0x0000000707400000| PB 0x0000000707400000| Untracked 
|  28|0x0000000707600000, 0x0000000707600000, 0x0000000707800000|  0%| F|  |TAMS 0x0000000707600000| PB 0x0000000707600000| Untracked 
|  29|0x0000000707800000, 0x0000000707800000, 0x0000000707a00000|  0%| F|  |TAMS 0x0000000707800000| PB 0x0000000707800000| Untracked 
|  30|0x0000000707a00000, 0x0000000707a00000, 0x0000000707c00000|  0%| F|  |TAMS 0x0000000707a00000| PB 0x0000000707a00000| Untracked 
|  31|0x0000000707c00000, 0x0000000707c00000, 0x0000000707e00000|  0%| F|  |TAMS 0x0000000707c00000| PB 0x0000000707c00000| Untracked 
|  32|0x0000000707e00000, 0x0000000707e00000, 0x0000000708000000|  0%| F|  |TAMS 0x0000000707e00000| PB 0x0000000707e00000| Untracked 
|  33|0x0000000708000000, 0x0000000708000000, 0x0000000708200000|  0%| F|  |TAMS 0x0000000708000000| PB 0x0000000708000000| Untracked 
|  34|0x0000000708200000, 0x0000000708200000, 0x0000000708400000|  0%| F|  |TAMS 0x0000000708200000| PB 0x0000000708200000| Untracked 
|  35|0x0000000708400000, 0x0000000708400000, 0x0000000708600000|  0%| F|  |TAMS 0x0000000708400000| PB 0x0000000708400000| Untracked 
|  36|0x0000000708600000, 0x0000000708600000, 0x0000000708800000|  0%| F|  |TAMS 0x0000000708600000| PB 0x0000000708600000| Untracked 
|  37|0x0000000708800000, 0x0000000708800000, 0x0000000708a00000|  0%| F|  |TAMS 0x0000000708800000| PB 0x0000000708800000| Untracked 
|  38|0x0000000708a00000, 0x0000000708a00000, 0x0000000708c00000|  0%| F|  |TAMS 0x0000000708a00000| PB 0x0000000708a00000| Untracked 
|  39|0x0000000708c00000, 0x0000000708c00000, 0x0000000708e00000|  0%| F|  |TAMS 0x0000000708c00000| PB 0x0000000708c00000| Untracked 
|  40|0x0000000708e00000, 0x0000000708e00000, 0x0000000709000000|  0%| F|  |TAMS 0x0000000708e00000| PB 0x0000000708e00000| Untracked 
|  41|0x0000000709000000, 0x0000000709000000, 0x0000000709200000|  0%| F|  |TAMS 0x0000000709000000| PB 0x0000000709000000| Untracked 
|  42|0x0000000709200000, 0x0000000709200000, 0x0000000709400000|  0%| F|  |TAMS 0x0000000709200000| PB 0x0000000709200000| Untracked 
|  43|0x0000000709400000, 0x0000000709400000, 0x0000000709600000|  0%| F|  |TAMS 0x0000000709400000| PB 0x0000000709400000| Untracked 
|  44|0x0000000709600000, 0x0000000709600000, 0x0000000709800000|  0%| F|  |TAMS 0x0000000709600000| PB 0x0000000709600000| Untracked 
|  45|0x0000000709800000, 0x0000000709800000, 0x0000000709a00000|  0%| F|  |TAMS 0x0000000709800000| PB 0x0000000709800000| Untracked 
|  46|0x0000000709a00000, 0x0000000709a00000, 0x0000000709c00000|  0%| F|  |TAMS 0x0000000709a00000| PB 0x0000000709a00000| Untracked 
|  47|0x0000000709c00000, 0x0000000709c00000, 0x0000000709e00000|  0%| F|  |TAMS 0x0000000709c00000| PB 0x0000000709c00000| Untracked 
|  48|0x0000000709e00000, 0x0000000709e00000, 0x000000070a000000|  0%| F|  |TAMS 0x0000000709e00000| PB 0x0000000709e00000| Untracked 
|  49|0x000000070a000000, 0x000000070a000000, 0x000000070a200000|  0%| F|  |TAMS 0x000000070a000000| PB 0x000000070a000000| Untracked 
|  50|0x000000070a200000, 0x000000070a200000, 0x000000070a400000|  0%| F|  |TAMS 0x000000070a200000| PB 0x000000070a200000| Untracked 
|  51|0x000000070a400000, 0x000000070a400000, 0x000000070a600000|  0%| F|  |TAMS 0x000000070a400000| PB 0x000000070a400000| Untracked 
|  52|0x000000070a600000, 0x000000070a600000, 0x000000070a800000|  0%| F|  |TAMS 0x000000070a600000| PB 0x000000070a600000| Untracked 
|  53|0x000000070a800000, 0x000000070a800000, 0x000000070aa00000|  0%| F|  |TAMS 0x000000070a800000| PB 0x000000070a800000| Untracked 
|  54|0x000000070aa00000, 0x000000070aa00000, 0x000000070ac00000|  0%| F|  |TAMS 0x000000070aa00000| PB 0x000000070aa00000| Untracked 
|  55|0x000000070ac00000, 0x000000070ac00000, 0x000000070ae00000|  0%| F|  |TAMS 0x000000070ac00000| PB 0x000000070ac00000| Untracked 
|  56|0x000000070ae00000, 0x000000070ae00000, 0x000000070b000000|  0%| F|  |TAMS 0x000000070ae00000| PB 0x000000070ae00000| Untracked 
|  57|0x000000070b000000, 0x000000070b000000, 0x000000070b200000|  0%| F|  |TAMS 0x000000070b000000| PB 0x000000070b000000| Untracked 
|  58|0x000000070b200000, 0x000000070b200000, 0x000000070b400000|  0%| F|  |TAMS 0x000000070b200000| PB 0x000000070b200000| Untracked 
|  59|0x000000070b400000, 0x000000070b400000, 0x000000070b600000|  0%| F|  |TAMS 0x000000070b400000| PB 0x000000070b400000| Untracked 
|  60|0x000000070b600000, 0x000000070b600000, 0x000000070b800000|  0%| F|  |TAMS 0x000000070b600000| PB 0x000000070b600000| Untracked 
|  61|0x000000070b800000, 0x000000070b809980, 0x000000070ba00000|  1%| S|CS|TAMS 0x000000070b800000| PB 0x000000070b800000| Complete 
|  62|0x000000070ba00000, 0x000000070ba00000, 0x000000070bc00000|  0%| F|  |TAMS 0x000000070ba00000| PB 0x000000070ba00000| Untracked 
|  63|0x000000070bc00000, 0x000000070bc00000, 0x000000070be00000|  0%| F|  |TAMS 0x000000070bc00000| PB 0x000000070bc00000| Untracked 
|  64|0x000000070be00000, 0x000000070be00000, 0x000000070c000000|  0%| F|  |TAMS 0x000000070be00000| PB 0x000000070be00000| Untracked 
|  65|0x000000070c000000, 0x000000070c000000, 0x000000070c200000|  0%| F|  |TAMS 0x000000070c000000| PB 0x000000070c000000| Untracked 
|  66|0x000000070c200000, 0x000000070c200000, 0x000000070c400000|  0%| F|  |TAMS 0x000000070c200000| PB 0x000000070c200000| Untracked 
|  67|0x000000070c400000, 0x000000070c400000, 0x000000070c600000|  0%| F|  |TAMS 0x000000070c400000| PB 0x000000070c400000| Untracked 
|  68|0x000000070c600000, 0x000000070c600000, 0x000000070c800000|  0%| F|  |TAMS 0x000000070c600000| PB 0x000000070c600000| Untracked 
|  69|0x000000070c800000, 0x000000070c800000, 0x000000070ca00000|  0%| F|  |TAMS 0x000000070c800000| PB 0x000000070c800000| Untracked 
|  70|0x000000070ca00000, 0x000000070ca00000, 0x000000070cc00000|  0%| F|  |TAMS 0x000000070ca00000| PB 0x000000070ca00000| Untracked 
|  71|0x000000070cc00000, 0x000000070cc00000, 0x000000070ce00000|  0%| F|  |TAMS 0x000000070cc00000| PB 0x000000070cc00000| Untracked 
|  72|0x000000070ce00000, 0x000000070ce00000, 0x000000070d000000|  0%| F|  |TAMS 0x000000070ce00000| PB 0x000000070ce00000| Untracked 
|  73|0x000000070d000000, 0x000000070d000000, 0x000000070d200000|  0%| F|  |TAMS 0x000000070d000000| PB 0x000000070d000000| Untracked 
|  74|0x000000070d200000, 0x000000070d200000, 0x000000070d400000|  0%| F|  |TAMS 0x000000070d200000| PB 0x000000070d200000| Untracked 
|  75|0x000000070d400000, 0x000000070d400000, 0x000000070d600000|  0%| F|  |TAMS 0x000000070d400000| PB 0x000000070d400000| Untracked 
|  76|0x000000070d600000, 0x000000070d600000, 0x000000070d800000|  0%| F|  |TAMS 0x000000070d600000| PB 0x000000070d600000| Untracked 
|  77|0x000000070d800000, 0x000000070d800000, 0x000000070da00000|  0%| F|  |TAMS 0x000000070d800000| PB 0x000000070d800000| Untracked 
|  78|0x000000070da00000, 0x000000070da00000, 0x000000070dc00000|  0%| F|  |TAMS 0x000000070da00000| PB 0x000000070da00000| Untracked 
|  79|0x000000070dc00000, 0x000000070dc00000, 0x000000070de00000|  0%| F|  |TAMS 0x000000070dc00000| PB 0x000000070dc00000| Untracked 
|  80|0x000000070de00000, 0x000000070de00000, 0x000000070e000000|  0%| F|  |TAMS 0x000000070de00000| PB 0x000000070de00000| Untracked 
|  81|0x000000070e000000, 0x000000070e000000, 0x000000070e200000|  0%| F|  |TAMS 0x000000070e000000| PB 0x000000070e000000| Untracked 
|  82|0x000000070e200000, 0x000000070e200000, 0x000000070e400000|  0%| F|  |TAMS 0x000000070e200000| PB 0x000000070e200000| Untracked 
|  83|0x000000070e400000, 0x000000070e400000, 0x000000070e600000|  0%| F|  |TAMS 0x000000070e400000| PB 0x000000070e400000| Untracked 
|  84|0x000000070e600000, 0x000000070e600000, 0x000000070e800000|  0%| F|  |TAMS 0x000000070e600000| PB 0x000000070e600000| Untracked 
|  85|0x000000070e800000, 0x000000070e800000, 0x000000070ea00000|  0%| F|  |TAMS 0x000000070e800000| PB 0x000000070e800000| Untracked 
|  86|0x000000070ea00000, 0x000000070ea00000, 0x000000070ec00000|  0%| F|  |TAMS 0x000000070ea00000| PB 0x000000070ea00000| Untracked 
|  87|0x000000070ec00000, 0x000000070ec00000, 0x000000070ee00000|  0%| F|  |TAMS 0x000000070ec00000| PB 0x000000070ec00000| Untracked 
|  88|0x000000070ee00000, 0x000000070ee00000, 0x000000070f000000|  0%| F|  |TAMS 0x000000070ee00000| PB 0x000000070ee00000| Untracked 
|  89|0x000000070f000000, 0x000000070f000000, 0x000000070f200000|  0%| F|  |TAMS 0x000000070f000000| PB 0x000000070f000000| Untracked 
|  90|0x000000070f200000, 0x000000070f200000, 0x000000070f400000|  0%| F|  |TAMS 0x000000070f200000| PB 0x000000070f200000| Untracked 
|  91|0x000000070f400000, 0x000000070f400000, 0x000000070f600000|  0%| F|  |TAMS 0x000000070f400000| PB 0x000000070f400000| Untracked 
|  92|0x000000070f600000, 0x000000070f600000, 0x000000070f800000|  0%| F|  |TAMS 0x000000070f600000| PB 0x000000070f600000| Untracked 
|  93|0x000000070f800000, 0x000000070f800000, 0x000000070fa00000|  0%| F|  |TAMS 0x000000070f800000| PB 0x000000070f800000| Untracked 
|  94|0x000000070fa00000, 0x000000070fa00000, 0x000000070fc00000|  0%| F|  |TAMS 0x000000070fa00000| PB 0x000000070fa00000| Untracked 
|  95|0x000000070fc00000, 0x000000070fc00000, 0x000000070fe00000|  0%| F|  |TAMS 0x000000070fc00000| PB 0x000000070fc00000| Untracked 
|  96|0x000000070fe00000, 0x000000070fe00000, 0x0000000710000000|  0%| F|  |TAMS 0x000000070fe00000| PB 0x000000070fe00000| Untracked 
|  97|0x0000000710000000, 0x0000000710000000, 0x0000000710200000|  0%| F|  |TAMS 0x0000000710000000| PB 0x0000000710000000| Untracked 
|  98|0x0000000710200000, 0x0000000710200000, 0x0000000710400000|  0%| F|  |TAMS 0x0000000710200000| PB 0x0000000710200000| Untracked 
|  99|0x0000000710400000, 0x0000000710400000, 0x0000000710600000|  0%| F|  |TAMS 0x0000000710400000| PB 0x0000000710400000| Untracked 
| 100|0x0000000710600000, 0x0000000710600000, 0x0000000710800000|  0%| F|  |TAMS 0x0000000710600000| PB 0x0000000710600000| Untracked 
| 101|0x0000000710800000, 0x0000000710800000, 0x0000000710a00000|  0%| F|  |TAMS 0x0000000710800000| PB 0x0000000710800000| Untracked 
| 102|0x0000000710a00000, 0x0000000710a00000, 0x0000000710c00000|  0%| F|  |TAMS 0x0000000710a00000| PB 0x0000000710a00000| Untracked 
| 103|0x0000000710c00000, 0x0000000710c00000, 0x0000000710e00000|  0%| F|  |TAMS 0x0000000710c00000| PB 0x0000000710c00000| Untracked 
| 104|0x0000000710e00000, 0x0000000710e00000, 0x0000000711000000|  0%| F|  |TAMS 0x0000000710e00000| PB 0x0000000710e00000| Untracked 
| 105|0x0000000711000000, 0x0000000711000000, 0x0000000711200000|  0%| F|  |TAMS 0x0000000711000000| PB 0x0000000711000000| Untracked 
| 106|0x0000000711200000, 0x0000000711200000, 0x0000000711400000|  0%| F|  |TAMS 0x0000000711200000| PB 0x0000000711200000| Untracked 
| 107|0x0000000711400000, 0x0000000711400000, 0x0000000711600000|  0%| F|  |TAMS 0x0000000711400000| PB 0x0000000711400000| Untracked 
| 108|0x0000000711600000, 0x0000000711600000, 0x0000000711800000|  0%| F|  |TAMS 0x0000000711600000| PB 0x0000000711600000| Untracked 
| 109|0x0000000711800000, 0x0000000711800000, 0x0000000711a00000|  0%| F|  |TAMS 0x0000000711800000| PB 0x0000000711800000| Untracked 
| 110|0x0000000711a00000, 0x0000000711a00000, 0x0000000711c00000|  0%| F|  |TAMS 0x0000000711a00000| PB 0x0000000711a00000| Untracked 
| 111|0x0000000711c00000, 0x0000000711c00000, 0x0000000711e00000|  0%| F|  |TAMS 0x0000000711c00000| PB 0x0000000711c00000| Untracked 
| 112|0x0000000711e00000, 0x0000000711e00000, 0x0000000712000000|  0%| F|  |TAMS 0x0000000711e00000| PB 0x0000000711e00000| Untracked 
| 113|0x0000000712000000, 0x0000000712000000, 0x0000000712200000|  0%| F|  |TAMS 0x0000000712000000| PB 0x0000000712000000| Untracked 
| 114|0x0000000712200000, 0x0000000712200000, 0x0000000712400000|  0%| F|  |TAMS 0x0000000712200000| PB 0x0000000712200000| Untracked 
| 115|0x0000000712400000, 0x0000000712400000, 0x0000000712600000|  0%| F|  |TAMS 0x0000000712400000| PB 0x0000000712400000| Untracked 
| 116|0x0000000712600000, 0x0000000712600000, 0x0000000712800000|  0%| F|  |TAMS 0x0000000712600000| PB 0x0000000712600000| Untracked 
| 117|0x0000000712800000, 0x0000000712800000, 0x0000000712a00000|  0%| F|  |TAMS 0x0000000712800000| PB 0x0000000712800000| Untracked 
| 118|0x0000000712a00000, 0x0000000712a00000, 0x0000000712c00000|  0%| F|  |TAMS 0x0000000712a00000| PB 0x0000000712a00000| Untracked 
| 119|0x0000000712c00000, 0x0000000712c00000, 0x0000000712e00000|  0%| F|  |TAMS 0x0000000712c00000| PB 0x0000000712c00000| Untracked 
| 120|0x0000000712e00000, 0x0000000712e00000, 0x0000000713000000|  0%| F|  |TAMS 0x0000000712e00000| PB 0x0000000712e00000| Untracked 
| 121|0x0000000713000000, 0x0000000713000000, 0x0000000713200000|  0%| F|  |TAMS 0x0000000713000000| PB 0x0000000713000000| Untracked 
| 122|0x0000000713200000, 0x0000000713200000, 0x0000000713400000|  0%| F|  |TAMS 0x0000000713200000| PB 0x0000000713200000| Untracked 
| 123|0x0000000713400000, 0x00000007135007e0, 0x0000000713600000| 50%| E|  |TAMS 0x0000000713400000| PB 0x0000000713400000| Complete 
| 124|0x0000000713600000, 0x0000000713800000, 0x0000000713800000|100%| E|CS|TAMS 0x0000000713600000| PB 0x0000000713600000| Complete 
| 125|0x0000000713800000, 0x0000000713a00000, 0x0000000713a00000|100%| E|CS|TAMS 0x0000000713800000| PB 0x0000000713800000| Complete 
| 126|0x0000000713a00000, 0x0000000713c00000, 0x0000000713c00000|100%| E|CS|TAMS 0x0000000713a00000| PB 0x0000000713a00000| Complete 
| 127|0x0000000713c00000, 0x0000000713e00000, 0x0000000713e00000|100%| E|  |TAMS 0x0000000713c00000| PB 0x0000000713c00000| Complete 
| 128|0x0000000713e00000, 0x0000000714000000, 0x0000000714000000|100%| E|CS|TAMS 0x0000000713e00000| PB 0x0000000713e00000| Complete 
| 129|0x0000000714000000, 0x0000000714200000, 0x0000000714200000|100%| E|CS|TAMS 0x0000000714000000| PB 0x0000000714000000| Complete 
| 130|0x0000000714200000, 0x0000000714400000, 0x0000000714400000|100%| E|CS|TAMS 0x0000000714200000| PB 0x0000000714200000| Complete 
| 131|0x0000000714400000, 0x0000000714600000, 0x0000000714600000|100%| E|CS|TAMS 0x0000000714400000| PB 0x0000000714400000| Complete 
| 132|0x0000000714600000, 0x0000000714800000, 0x0000000714800000|100%| E|CS|TAMS 0x0000000714600000| PB 0x0000000714600000| Complete 
| 133|0x0000000714800000, 0x0000000714a00000, 0x0000000714a00000|100%| E|CS|TAMS 0x0000000714800000| PB 0x0000000714800000| Complete 
| 134|0x0000000714a00000, 0x0000000714c00000, 0x0000000714c00000|100%| E|CS|TAMS 0x0000000714a00000| PB 0x0000000714a00000| Complete 
| 135|0x0000000714c00000, 0x0000000714e00000, 0x0000000714e00000|100%| E|CS|TAMS 0x0000000714c00000| PB 0x0000000714c00000| Complete 
| 136|0x0000000714e00000, 0x0000000715000000, 0x0000000715000000|100%| E|CS|TAMS 0x0000000714e00000| PB 0x0000000714e00000| Complete 
| 137|0x0000000715000000, 0x0000000715200000, 0x0000000715200000|100%| E|CS|TAMS 0x0000000715000000| PB 0x0000000715000000| Complete 
| 138|0x0000000715200000, 0x0000000715400000, 0x0000000715400000|100%| E|CS|TAMS 0x0000000715200000| PB 0x0000000715200000| Complete 
| 139|0x0000000715400000, 0x0000000715600000, 0x0000000715600000|100%| E|CS|TAMS 0x0000000715400000| PB 0x0000000715400000| Complete 
| 140|0x0000000715600000, 0x0000000715800000, 0x0000000715800000|100%| E|CS|TAMS 0x0000000715600000| PB 0x0000000715600000| Complete 
| 141|0x0000000715800000, 0x0000000715a00000, 0x0000000715a00000|100%| E|CS|TAMS 0x0000000715800000| PB 0x0000000715800000| Complete 
| 142|0x0000000715a00000, 0x0000000715c00000, 0x0000000715c00000|100%| E|CS|TAMS 0x0000000715a00000| PB 0x0000000715a00000| Complete 
| 143|0x0000000715c00000, 0x0000000715e00000, 0x0000000715e00000|100%| E|CS|TAMS 0x0000000715c00000| PB 0x0000000715c00000| Complete 
| 144|0x0000000715e00000, 0x0000000716000000, 0x0000000716000000|100%| E|CS|TAMS 0x0000000715e00000| PB 0x0000000715e00000| Complete 
| 145|0x0000000716000000, 0x0000000716200000, 0x0000000716200000|100%| E|CS|TAMS 0x0000000716000000| PB 0x0000000716000000| Complete 
| 146|0x0000000716200000, 0x0000000716400000, 0x0000000716400000|100%| E|CS|TAMS 0x0000000716200000| PB 0x0000000716200000| Complete 
| 147|0x0000000716400000, 0x0000000716600000, 0x0000000716600000|100%| E|CS|TAMS 0x0000000716400000| PB 0x0000000716400000| Complete 
| 148|0x0000000716600000, 0x0000000716800000, 0x0000000716800000|100%| E|CS|TAMS 0x0000000716600000| PB 0x0000000716600000| Complete 
| 149|0x0000000716800000, 0x0000000716a00000, 0x0000000716a00000|100%| E|CS|TAMS 0x0000000716800000| PB 0x0000000716800000| Complete 
| 150|0x0000000716a00000, 0x0000000716c00000, 0x0000000716c00000|100%| E|CS|TAMS 0x0000000716a00000| PB 0x0000000716a00000| Complete 
| 151|0x0000000716c00000, 0x0000000716e00000, 0x0000000716e00000|100%| E|CS|TAMS 0x0000000716c00000| PB 0x0000000716c00000| Complete 
| 152|0x0000000716e00000, 0x0000000717000000, 0x0000000717000000|100%| E|CS|TAMS 0x0000000716e00000| PB 0x0000000716e00000| Complete 

Card table byte_map: [0x000001affdd80000,0x000001affe570000] _byte_map_base: 0x000001affa561000

Marking Bits: (CMBitMap*) 0x000001afe6224410
 Bits: [0x000001af80000000, 0x000001af83f08000)

Polling page: 0x000001afe4140000

Metaspace:

Usage:
  Non-class:      9.34 MB used.
      Class:    903.58 KB used.
       Both:     10.23 MB used.

Virtual space:
  Non-class space:       64.00 MB reserved,       9.44 MB ( 15%) committed,  1 nodes.
      Class space:        1.00 GB reserved,       1.06 MB ( <1%) committed,  1 nodes.
             Both:        1.06 GB reserved,      10.50 MB ( <1%) committed. 

Chunk freelists:
   Non-Class:  2.32 MB
       Class:  3.00 MB
        Both:  5.32 MB

MaxMetaspaceSize: unlimited
CompressedClassSpaceSize: 1.00 GB
Initial GC threshold: 21.00 MB
Current GC threshold: 21.00 MB
CDS: on
MetaspaceReclaimPolicy: balanced
 - commit_granule_bytes: 65536.
 - commit_granule_words: 8192.
 - virtual_space_node_default_size: 8388608.
 - enlarge_chunks_in_place: 1.
 - new_chunks_are_fully_committed: 0.
 - uncommit_free_chunks: 1.
 - use_allocation_guard: 0.


Internal statistics:

num_allocs_failed_limit: 0.
num_arena_births: 264.
num_arena_deaths: 0.
num_vsnodes_births: 2.
num_vsnodes_deaths: 0.
num_space_committed: 166.
num_space_uncommitted: 0.
num_chunks_returned_to_freelist: 0.
num_chunks_taken_from_freelist: 416.
num_chunk_merges: 0.
num_chunk_splits: 254.
num_chunks_enlarged: 138.
num_inconsistent_stats: 0.

CodeHeap 'non-profiled nmethods': size=120000Kb used=1902Kb max_used=1902Kb free=118097Kb
 bounds [0x000001aff5d30000, 0x000001aff5fa0000, 0x000001affd260000]
CodeHeap 'profiled nmethods': size=120000Kb used=3795Kb max_used=3795Kb free=116204Kb
 bounds [0x000001afee260000, 0x000001afee620000, 0x000001aff5790000]
CodeHeap 'non-nmethods': size=5760Kb used=2711Kb max_used=2788Kb free=3048Kb
 bounds [0x000001aff5790000, 0x000001aff5a60000, 0x000001aff5d30000]
 total_blobs=3757 nmethods=2481 adapters=1187
 compilation: enabled
              stopped_count=0, restarted_count=0
 full_count=0

Compilation events (20 events):
Event: 285.712 Thread 0x000001afff7b8140 2472       3       javax.swing.plaf.ComponentUI::contains (7 bytes)
Event: 285.712 Thread 0x000001afff7b8140 nmethod 2472 0x000001afee612a90 code [0x000001afee612c20, 0x000001afee612f28]
Event: 285.735 Thread 0x000001afff7b8140 2473       3       javax.swing.JComponent::contains (27 bytes)
Event: 285.735 Thread 0x000001afff7b8140 nmethod 2473 0x000001afee613010 code [0x000001afee6131c0, 0x000001afee613848]
Event: 286.476 Thread 0x000001afff7b8140 2474       1       java.util.Collections$EmptyList::isEmpty (2 bytes)
Event: 286.477 Thread 0x000001afff7b8140 nmethod 2474 0x000001aff5f0a490 code [0x000001aff5f0a600, 0x000001aff5f0a6c8]
Event: 290.175 Thread 0x000001afff7b8140 2475       3       java.awt.EventQueue::coalesceMouseEvent (44 bytes)
Event: 290.176 Thread 0x000001afff7b8140 nmethod 2475 0x000001afee613990 code [0x000001afee613b60, 0x000001afee613ff0]
Event: 295.398 Thread 0x000001afff7b8140 2476       3       sun.awt.AWTAccessor::getInputEventAccessor (19 bytes)
Event: 295.398 Thread 0x000001afff7b8140 nmethod 2476 0x000001afee614190 code [0x000001afee614380, 0x000001afee614808]
Event: 302.100 Thread 0x000001afff7b8140 2477       3       java.lang.Double::isInfinite (17 bytes)
Event: 302.100 Thread 0x000001afff7b8140 nmethod 2477 0x000001afee614a90 code [0x000001afee614c40, 0x000001afee614dd8]
Event: 308.224 Thread 0x000001afff7b33a0 2478       4       org.lwjgl.glfw.GLFW::glfwSwapBuffers (21 bytes)
Event: 308.225 Thread 0x000001afff7b33a0 nmethod 2478 0x000001aff5f0a790 code [0x000001aff5f0a900, 0x000001aff5f0a9c0]
Event: 308.225 Thread 0x000001afff7b33a0 2479       4       org.lwjgl.glfw.GLFW::glfwPollEvents (9 bytes)
Event: 308.225 Thread 0x000001afff7b33a0 nmethod 2479 0x000001aff5f0aa90 code [0x000001aff5f0ac00, 0x000001aff5f0ac98]
Event: 308.226 Thread 0x000001afff7b33a0 2480       4       org.lwjgl.glfw.GLFW::glfwMakeContextCurrent (10 bytes)
Event: 308.226 Thread 0x000001afff7b33a0 nmethod 2480 0x000001aff5f0ad90 code [0x000001aff5f0af00, 0x000001aff5f0af98]
Event: 308.341 Thread 0x000001afff7b33a0 2481       4       HAL.GridsAndAgents.InternalGridAgentList::ReturnIter (21 bytes)
Event: 308.346 Thread 0x000001afff7b33a0 nmethod 2481 0x000001aff5f0b090 code [0x000001aff5f0b240, 0x000001aff5f0b8c0]

GC Heap History (20 events):
Event: 307.983 GC heap before
{Heap before GC invocations=1540 (full 0):
 garbage-first heap   total 313344K, used 207158K [0x0000000703e00000, 0x0000000800000000)
  region size 2048K, 91 young (186368K), 1 survivors (2048K)
 Metaspace       used 10467K, committed 10752K, reserved 1114112K
  class space    used 903K, committed 1088K, reserved 1048576K
}
Event: 307.984 GC heap after
{Heap after GC invocations=1541 (full 0):
 garbage-first heap   total 313344K, used 24896K [0x0000000703e00000, 0x0000000800000000)
  region size 2048K, 1 young (2048K), 1 survivors (2048K)
 Metaspace       used 10467K, committed 10752K, reserved 1114112K
  class space    used 903K, committed 1088K, reserved 1048576K
}
Event: 308.166 GC heap before
{Heap before GC invocations=1541 (full 0):
 garbage-first heap   total 313344K, used 207168K [0x0000000703e00000, 0x0000000800000000)
  region size 2048K, 91 young (186368K), 1 survivors (2048K)
 Metaspace       used 10467K, committed 10752K, reserved 1114112K
  class space    used 903K, committed 1088K, reserved 1048576K
}
Event: 308.167 GC heap after
{Heap after GC invocations=1542 (full 0):
 garbage-first heap   total 313344K, used 24905K [0x0000000703e00000, 0x0000000800000000)
  region size 2048K, 1 young (2048K), 1 survivors (2048K)
 Metaspace       used 10467K, committed 10752K, reserved 1114112K
  class space    used 903K, committed 1088K, reserved 1048576K
}
Event: 308.354 GC heap before
{Heap before GC invocations=1542 (full 0):
 garbage-first heap   total 313344K, used 207177K [0x0000000703e00000, 0x0000000800000000)
  region size 2048K, 91 young (186368K), 1 survivors (2048K)
 Metaspace       used 10467K, committed 10752K, reserved 1114112K
  class space    used 903K, committed 1088K, reserved 1048576K
}
Event: 308.356 GC heap after
{Heap after GC invocations=1543 (full 0):
 garbage-first heap   total 313344K, used 24899K [0x0000000703e00000, 0x0000000800000000)
  region size 2048K, 1 young (2048K), 1 survivors (2048K)
 Metaspace       used 10467K, committed 10752K, reserved 1114112K
  class space    used 903K, committed 1088K, reserved 1048576K
}
Event: 308.566 GC heap before
{Heap before GC invocations=1543 (full 0):
 garbage-first heap   total 313344K, used 207171K [0x0000000703e00000, 0x0000000800000000)
  region size 2048K, 91 young (186368K), 1 survivors (2048K)
 Metaspace       used 10467K, committed 10752K, reserved 1114112K
  class space    used 903K, committed 1088K, reserved 1048576K
}
Event: 308.567 GC heap after
{Heap after GC invocations=1544 (full 0):
 garbage-first heap   total 313344K, used 24914K [0x0000000703e00000, 0x0000000800000000)
  region size 2048K, 1 young (2048K), 1 survivors (2048K)
 Metaspace       used 10467K, committed 10752K, reserved 1114112K
  class space    used 903K, committed 1088K, reserved 1048576K
}
Event: 308.770 GC heap before
{Heap before GC invocations=1544 (full 0):
 garbage-first heap   total 313344K, used 207186K [0x0000000703e00000, 0x0000000800000000)
  region size 2048K, 91 young (186368K), 1 survivors (2048K)
 Metaspace       used 10467K, committed 10752K, reserved 1114112K
  class space    used 903K, committed 1088K, reserved 1048576K
}
Event: 308.771 GC heap after
{Heap after GC invocations=1545 (full 0):
 garbage-first heap   total 313344K, used 27909K [0x0000000703e00000, 0x0000000800000000)
  region size 2048K, 2 young (4096K), 2 survivors (4096K)
 Metaspace       used 10467K, committed 10752K, reserved 1114112K
  class space    used 903K, committed 1088K, reserved 1048576K
}
Event: 308.991 GC heap before
{Heap before GC invocations=1545 (full 0):
 garbage-first heap   total 313344K, used 208133K [0x0000000703e00000, 0x0000000800000000)
  region size 2048K, 91 young (186368K), 2 survivors (4096K)
 Metaspace       used 10467K, committed 10752K, reserved 1114112K
  class space    used 903K, committed 1088K, reserved 1048576K
}
Event: 308.992 GC heap after
{Heap after GC invocations=1546 (full 0):
 garbage-first heap   total 313344K, used 27917K [0x0000000703e00000, 0x0000000800000000)
  region size 2048K, 2 young (4096K), 2 survivors (4096K)
 Metaspace       used 10467K, committed 10752K, reserved 1114112K
  class space    used 903K, committed 1088K, reserved 1048576K
}
Event: 309.182 GC heap before
{Heap before GC invocations=1546 (full 0):
 garbage-first heap   total 313344K, used 208141K [0x0000000703e00000, 0x0000000800000000)
  region size 2048K, 91 young (186368K), 2 survivors (4096K)
 Metaspace       used 10467K, committed 10752K, reserved 1114112K
  class space    used 903K, committed 1088K, reserved 1048576K
}
Event: 309.183 GC heap after
{Heap after GC invocations=1547 (full 0):
 garbage-first heap   total 313344K, used 24921K [0x0000000703e00000, 0x0000000800000000)
  region size 2048K, 1 young (2048K), 1 survivors (2048K)
 Metaspace       used 10467K, committed 10752K, reserved 1114112K
  class space    used 903K, committed 1088K, reserved 1048576K
}
Event: 309.388 GC heap before
{Heap before GC invocations=1547 (full 0):
 garbage-first heap   total 313344K, used 207193K [0x0000000703e00000, 0x0000000800000000)
  region size 2048K, 91 young (186368K), 1 survivors (2048K)
 Metaspace       used 10467K, committed 10752K, reserved 1114112K
  class space    used 903K, committed 1088K, reserved 1048576K
}
Event: 309.389 GC heap after
{Heap after GC invocations=1548 (full 0):
 garbage-first heap   total 313344K, used 27916K [0x0000000703e00000, 0x0000000800000000)
  region size 2048K, 2 young (4096K), 2 survivors (4096K)
 Metaspace       used 10467K, committed 10752K, reserved 1114112K
  class space    used 903K, committed 1088K, reserved 1048576K
}
Event: 309.599 GC heap before
{Heap before GC invocations=1548 (full 0):
 garbage-first heap   total 313344K, used 208140K [0x0000000703e00000, 0x0000000800000000)
  region size 2048K, 91 young (186368K), 2 survivors (4096K)
 Metaspace       used 10467K, committed 10752K, reserved 1114112K
  class space    used 903K, committed 1088K, reserved 1048576K
}
Event: 309.600 GC heap after
{Heap after GC invocations=1549 (full 0):
 garbage-first heap   total 313344K, used 24934K [0x0000000703e00000, 0x0000000800000000)
  region size 2048K, 1 young (2048K), 1 survivors (2048K)
 Metaspace       used 10467K, committed 10752K, reserved 1114112K
  class space    used 903K, committed 1088K, reserved 1048576K
}
Event: 309.741 GC heap before
{Heap before GC invocations=1549 (full 0):
 garbage-first heap   total 313344K, used 207206K [0x0000000703e00000, 0x0000000800000000)
  region size 2048K, 91 young (186368K), 1 survivors (2048K)
 Metaspace       used 10470K, committed 10752K, reserved 1114112K
  class space    used 903K, committed 1088K, reserved 1048576K
}
Event: 309.742 GC heap after
{Heap after GC invocations=1550 (full 0):
 garbage-first heap   total 313344K, used 24935K [0x0000000703e00000, 0x0000000800000000)
  region size 2048K, 1 young (2048K), 1 survivors (2048K)
 Metaspace       used 10470K, committed 10752K, reserved 1114112K
  class space    used 903K, committed 1088K, reserved 1048576K
}

Dll operation events (15 events):
Event: 0.015 Loaded shared library C:\Users\4473331\.jdks\openjdk-20.0.1\bin\java.dll
Event: 0.028 Loaded shared library C:\Users\4473331\.jdks\openjdk-20.0.1\bin\jsvml.dll
Event: 0.119 Loaded shared library C:\Users\4473331\.jdks\openjdk-20.0.1\bin\zip.dll
Event: 0.121 Loaded shared library C:\Users\4473331\.jdks\openjdk-20.0.1\bin\instrument.dll
Event: 0.128 Loaded shared library C:\Users\4473331\.jdks\openjdk-20.0.1\bin\net.dll
Event: 0.131 Loaded shared library C:\Users\4473331\.jdks\openjdk-20.0.1\bin\nio.dll
Event: 0.134 Loaded shared library C:\Users\4473331\.jdks\openjdk-20.0.1\bin\zip.dll
Event: 0.195 Loaded shared library C:\Program Files\JetBrains\IntelliJ IDEA Community Edition 2023.1.2\bin\breakgen64.dll
Event: 0.205 Loaded shared library C:\Users\4473331\.jdks\openjdk-20.0.1\bin\extnet.dll
Event: 0.212 Loaded shared library C:\Users\4473331\.jdks\openjdk-20.0.1\bin\jimage.dll
Event: 0.274 Loaded shared library C:\Users\4473331\AppData\Local\Temp\1\lwjgl_4473331\3.3.2+13\x64\lwjgl.dll
Event: 0.485 Loaded shared library C:\Users\4473331\AppData\Local\Temp\1\lwjgl_4473331\3.3.2+13\x64\lwjgl_opengl.dll
Event: 0.608 Loaded shared library C:\Users\4473331\.jdks\openjdk-20.0.1\bin\awt.dll
Event: 0.791 Loaded shared library C:\Users\4473331\.jdks\openjdk-20.0.1\bin\freetype.dll
Event: 0.793 Loaded shared library C:\Users\4473331\.jdks\openjdk-20.0.1\bin\fontmanager.dll

Deoptimization events (20 events):
Event: 190.791 Thread 0x000001afe61b5110 DEOPT PACKING pc=0x000001afee5ff9dc sp=0x0000007ef7cff230
Event: 190.791 Thread 0x000001afe61b5110 DEOPT UNPACKING pc=0x000001aff57fe462 sp=0x0000007ef7cfe708 mode 0
Event: 191.262 Thread 0x000001afe61b5110 DEOPT PACKING pc=0x000001afee5ff9dc sp=0x0000007ef7cff230
Event: 191.262 Thread 0x000001afe61b5110 DEOPT UNPACKING pc=0x000001aff57fe462 sp=0x0000007ef7cfe708 mode 0
Event: 249.128 Thread 0x000001af9192f670 DEOPT PACKING pc=0x000001afee5f5e6e sp=0x0000007ef97fee80
Event: 249.128 Thread 0x000001af9192f670 DEOPT UNPACKING pc=0x000001aff57fe462 sp=0x0000007ef97fe398 mode 0
Event: 250.615 Thread 0x000001af9192e130 DEOPT PACKING pc=0x000001afee5f7a9d sp=0x0000007ef94ff640
Event: 250.615 Thread 0x000001af9192e130 DEOPT UNPACKING pc=0x000001aff57fe462 sp=0x0000007ef94feb38 mode 0
Event: 281.083 Thread 0x000001af9192f670 Uncommon trap: trap_request=0xffffff45 fr.pc=0x000001aff5f08a20 relative=0x00000000000000a0
Event: 281.083 Thread 0x000001af9192f670 Uncommon trap: reason=unstable_if action=reinterpret pc=0x000001aff5f08a20 method=java.awt.Component.inside(II)Z @ 1 c2
Event: 281.083 Thread 0x000001af9192f670 DEOPT PACKING pc=0x000001aff5f08a20 sp=0x0000007ef97feac0
Event: 281.083 Thread 0x000001af9192f670 DEOPT UNPACKING pc=0x000001aff57ad2a2 sp=0x0000007ef97fe950 mode 2
Event: 309.668 Thread 0x000001af9192f670 Uncommon trap: trap_request=0xffffff45 fr.pc=0x000001aff5eba434 relative=0x0000000000000754
Event: 309.668 Thread 0x000001af9192f670 Uncommon trap: reason=unstable_if action=reinterpret pc=0x000001aff5eba434 method=sun.java2d.d3d.D3DScreenUpdateManager.createGraphics(Lsun/java2d/SurfaceData;Lsun/awt/windows/WComponentPeer;Ljava/awt/Color;Ljava/awt/Color;Ljava/awt/Font;)Ljava/awt/Graphi
Event: 309.668 Thread 0x000001af9192f670 DEOPT PACKING pc=0x000001aff5eba434 sp=0x0000007ef97fe5b0
Event: 309.668 Thread 0x000001af9192f670 DEOPT UNPACKING pc=0x000001aff57ad2a2 sp=0x0000007ef97fe4c0 mode 2
Event: 309.670 Thread 0x000001af9192f670 Uncommon trap: trap_request=0xffffff45 fr.pc=0x000001aff5ebb050 relative=0x00000000000002b0
Event: 309.670 Thread 0x000001af9192f670 Uncommon trap: reason=unstable_if action=reinterpret pc=0x000001aff5ebb050 method=sun.java2d.d3d.D3DScreenUpdateManager.createGraphics(Lsun/java2d/SurfaceData;Lsun/awt/windows/WComponentPeer;Ljava/awt/Color;Ljava/awt/Color;Ljava/awt/Font;)Ljava/awt/Graphi
Event: 309.670 Thread 0x000001af9192f670 DEOPT PACKING pc=0x000001aff5ebb050 sp=0x0000007ef97fe4d0
Event: 309.670 Thread 0x000001af9192f670 DEOPT UNPACKING pc=0x000001aff57ad2a2 sp=0x0000007ef97fe4b8 mode 2

Classes loaded (20 events):
Event: 1.143 Loading class java/util/stream/DoublePipeline done
Event: 1.143 Loading class java/util/stream/DoublePipeline$Head done
Event: 1.144 Loading class java/util/function/ObjDoubleConsumer
Event: 1.144 Loading class java/util/function/ObjDoubleConsumer done
Event: 1.145 Loading class java/util/stream/ReduceOps$16
Event: 1.146 Loading class java/util/stream/ReduceOps$16 done
Event: 1.146 Loading class java/util/stream/ReduceOps$13ReducingSink
Event: 1.146 Loading class java/util/stream/Sink$OfDouble
Event: 1.146 Loading class java/util/stream/Sink$OfDouble done
Event: 1.146 Loading class java/util/stream/ReduceOps$13ReducingSink done
Event: 8.698 Loading class java/security/DomainCombiner
Event: 8.698 Loading class java/security/DomainCombiner done
Event: 286.473 Loading class java/awt/Canvas
Event: 286.474 Loading class java/awt/Canvas done
Event: 286.474 Loading class java/awt/Scrollbar
Event: 286.474 Loading class java/awt/Adjustable
Event: 286.475 Loading class java/awt/Adjustable done
Event: 286.475 Loading class java/awt/Scrollbar done
Event: 309.665 Loading class jdk/internal/misc/Signal$1
Event: 309.665 Loading class jdk/internal/misc/Signal$1 done

Classes unloaded (0 events):
No events

Classes redefined (0 events):
No events

Internal exceptions (20 events):
Event: 0.477 Thread 0x000001afe61b5110 Exception <a 'java/lang/NoSuchMethodError'{0x00000007132e2160}: 'void java.lang.System.loadLibrary(java.lang.String, java.lang.Class)'> (0x00000007132e2160) 
thrown [s\open\src\hotspot\share\interpreter\linkResolver.cpp, line 773]
Event: 0.482 Thread 0x000001afe61b5110 Exception <a 'sun/nio/fs/WindowsException'{0x00000007132f2d38}> (0x00000007132f2d38) 
thrown [s\open\src\hotspot\share\prims\jni.cpp, line 519]
Event: 0.482 Thread 0x000001afe61b5110 Exception <a 'sun/nio/fs/WindowsException'{0x00000007132f30f8}> (0x00000007132f30f8) 
thrown [s\open\src\hotspot\share\prims\jni.cpp, line 519]
Event: 0.488 Thread 0x000001afe61b5110 Exception <a 'sun/nio/fs/WindowsException'{0x00000007133038a8}> (0x00000007133038a8) 
thrown [s\open\src\hotspot\share\prims\jni.cpp, line 519]
Event: 0.488 Thread 0x000001afe61b5110 Exception <a 'sun/nio/fs/WindowsException'{0x0000000713303ba8}> (0x0000000713303ba8) 
thrown [s\open\src\hotspot\share\prims\jni.cpp, line 519]
Event: 0.589 Thread 0x000001afe61b5110 Exception <a 'java/lang/NoSuchMethodError'{0x00000007130d9788}: 'void java.lang.invoke.Invokers$Holder.invokeExact_MT(java.lang.Object, java.lang.Object, java.lang.Object, java.lang.Object)'> (0x00000007130d9788) 
thrown [s\open\src\hotspot\share\interpreter\linkResolver.cpp, line 773]
Event: 0.613 Thread 0x000001afe61b5110 Exception <a 'java/lang/ClassNotFoundException'{0x00000007131d6540}: sun/awt/resources/spi/awtProvider> (0x00000007131d6540) 
thrown [s\open\src\hotspot\share\classfile\systemDictionary.cpp, line 305]
Event: 0.628 Thread 0x000001afe61b5110 Exception <a 'java/io/FileNotFoundException'{0x0000000712cb2e80}> (0x0000000712cb2e80) 
thrown [s\open\src\hotspot\share\prims\jni.cpp, line 519]
Event: 0.631 Thread 0x000001afe61b5110 Exception <a 'java/io/FileNotFoundException'{0x0000000712cdcae8}> (0x0000000712cdcae8) 
thrown [s\open\src\hotspot\share\prims\jni.cpp, line 519]
Event: 0.692 Thread 0x000001afe61b5110 Exception <a 'java/lang/NoSuchMethodError'{0x0000000712a1d5c8}: 'java.lang.Object java.lang.invoke.DirectMethodHandle$Holder.newInvokeSpecial(java.lang.Object, java.lang.Object, java.lang.Object, java.lang.Object, java.lang.Object)'> (0x0000000712a1d5c8) 
thrown [s\open\src\hotspot\share\interpreter\linkResolver.cpp, line 773]
Event: 0.698 Thread 0x000001afe61b5110 Exception <a 'java/lang/NoSuchMethodError'{0x0000000712a4dca8}: 'java.lang.Object java.lang.invoke.DirectMethodHandle$Holder.invokeStatic(java.lang.Object, int, java.lang.Object)'> (0x0000000712a4dca8) 
thrown [s\open\src\hotspot\share\interpreter\linkResolver.cpp, line 773]
Event: 0.724 Thread 0x000001afe61b5110 Exception <a 'java/lang/ClassNotFoundException'{0x0000000712b0f568}: com/sun/swing/internal/plaf/metal/resources/spi/metalProvider> (0x0000000712b0f568) 
thrown [s\open\src\hotspot\share\classfile\systemDictionary.cpp, line 305]
Event: 0.725 Thread 0x000001afe61b5110 Exception <a 'java/lang/ClassNotFoundException'{0x0000000712b13578}: com/sun/swing/internal/plaf/basic/resources/spi/basicProvider> (0x0000000712b13578) 
thrown [s\open\src\hotspot\share\classfile\systemDictionary.cpp, line 305]
Event: 0.746 Thread 0x000001afe61b5110 Implicit null exception at 0x000001aff5d6e546 to 0x000001aff5d6e5da
Event: 0.771 Thread 0x000001af9192f120 Exception <a 'java/lang/NoSuchMethodError'{0x0000000712dec870}: 'void java.lang.invoke.DirectMethodHandle$Holder.invokeVirtual(java.lang.Object, java.lang.Object)'> (0x0000000712dec870) 
thrown [s\open\src\hotspot\share\interpreter\linkResolver.cpp, line 773]
Event: 0.787 Thread 0x000001afe61b5110 Exception <a 'java/lang/NoSuchMethodError'{0x0000000712b75370}: 'void java.lang.invoke.DirectMethodHandle$Holder.invokeStaticInit(java.lang.Object)'> (0x0000000712b75370) 
thrown [s\open\src\hotspot\share\interpreter\linkResolver.cpp, line 773]
Event: 0.983 Thread 0x000001afe61b5110 Exception <a 'java/lang/NoSuchMethodError'{0x000000071330cc88}: 'java.lang.Object java.lang.invoke.DirectMethodHandle$Holder.newInvokeSpecial(java.lang.Object, java.lang.Object, int, int)'> (0x000000071330cc88) 
thrown [s\open\src\hotspot\share\interpreter\linkResolver.cpp, line 773]
Event: 0.988 Thread 0x000001afe61b5110 Exception <a 'java/lang/NoSuchMethodError'{0x00000007124dcc30}: 'java.lang.Object java.lang.invoke.DirectMethodHandle$Holder.invokeSpecial(java.lang.Object, java.lang.Object, double, double)'> (0x00000007124dcc30) 
thrown [s\open\src\hotspot\share\interpreter\linkResolver.cpp, line 773]
Event: 1.023 Thread 0x000001afff79c3e0 Exception <a 'java/lang/NoSuchMethodError'{0x0000000711d95138}: 'java.lang.Object java.lang.invoke.Invokers$Holder.invokeExact_MT(java.lang.Object, java.lang.Object, java.lang.Object, java.lang.Object, java.lang.Object, java.lang.Object)'> (0x0000000711d95138) 
thrown [s\open\src\hotspot\share\interpreter\linkResolver.cpp, line 773]
Event: 1.144 Thread 0x000001afe61b5110 Exception <a 'java/lang/NoSuchMethodError'{0x000000070f191ea0}: 'void java.lang.invoke.DirectMethodHandle$Holder.invokeStatic(java.lang.Object, java.lang.Object, double)'> (0x000000070f191ea0) 
thrown [s\open\src\hotspot\share\interpreter\linkResolver.cpp, line 773]

VM Operations (20 events):
Event: 307.984 Executing VM operation: G1CollectForAllocation done
Event: 308.166 Executing VM operation: G1CollectForAllocation
Event: 308.167 Executing VM operation: G1CollectForAllocation done
Event: 308.354 Executing VM operation: G1CollectForAllocation
Event: 308.356 Executing VM operation: G1CollectForAllocation done
Event: 308.566 Executing VM operation: G1CollectForAllocation
Event: 308.567 Executing VM operation: G1CollectForAllocation done
Event: 308.770 Executing VM operation: G1CollectForAllocation
Event: 308.771 Executing VM operation: G1CollectForAllocation done
Event: 308.991 Executing VM operation: G1CollectForAllocation
Event: 308.992 Executing VM operation: G1CollectForAllocation done
Event: 309.182 Executing VM operation: G1CollectForAllocation
Event: 309.183 Executing VM operation: G1CollectForAllocation done
Event: 309.388 Executing VM operation: G1CollectForAllocation
Event: 309.390 Executing VM operation: G1CollectForAllocation done
Event: 309.599 Executing VM operation: G1CollectForAllocation
Event: 309.600 Executing VM operation: G1CollectForAllocation done
Event: 309.741 Executing VM operation: G1CollectForAllocation
Event: 309.742 Executing VM operation: G1CollectForAllocation done
Event: 309.773 Executing VM operation: Exit

Events (20 events):
Event: 0.196 Thread 0x000001af8a47ee50 Thread added: 0x000001af8a47ee50
Event: 0.668 Thread 0x000001af9192e130 Thread added: 0x000001af9192e130
Event: 0.669 Thread 0x000001af9192ebd0 Thread added: 0x000001af9192ebd0
Event: 0.670 Thread 0x000001af9192f120 Thread added: 0x000001af9192f120
Event: 0.774 Thread 0x000001af9192f670 Thread added: 0x000001af9192f670
Event: 0.863 Thread 0x000001af91b4ac90 Thread added: 0x000001af91b4ac90
Event: 0.996 Thread 0x000001af91b6e6e0 Thread added: 0x000001af91b6e6e0
Event: 1.635 Thread 0x000001af91b6e6e0 Thread exited: 0x000001af91b6e6e0
Event: 1.635 Thread 0x000001af91b4ac90 Thread exited: 0x000001af91b4ac90
Event: 2.149 Thread 0x000001af91ab6640 Thread added: 0x000001af91ab6640
Event: 2.269 Thread 0x000001af91ab6640 Thread exited: 0x000001af91ab6640
Event: 19.657 Thread 0x000001af991a0890 Thread added: 0x000001af991a0890
Event: 20.220 Thread 0x000001af991a0890 Thread exited: 0x000001af991a0890
Event: 309.665 Thread 0x000001af91930bb0 Thread added: 0x000001af91930bb0
Event: 309.665 Thread 0x000001af9192fbc0 Thread added: 0x000001af9192fbc0
Event: 309.666 Thread 0x000001af9192dbe0 Thread added: 0x000001af9192dbe0
Event: 309.666 Thread 0x000001af9192fbc0 Thread exited: 0x000001af9192fbc0
Event: 309.677 Thread 0x000001af9192f120 Thread exited: 0x000001af9192f120
Event: 309.773 Thread 0x000001af9192dbe0 Thread exited: 0x000001af9192dbe0
Event: 309.773 Thread 0x000001afff79a730 Thread exited: 0x000001afff79a730


Dynamic libraries:
0x00007ff606a30000 - 0x00007ff606a3e000 	C:\Users\4473331\.jdks\openjdk-20.0.1\bin\java.exe
0x00007ffc98d50000 - 0x00007ffc98f48000 	C:\WINDOWS\SYSTEM32\ntdll.dll
0x00007ffc96de0000 - 0x00007ffc96ea2000 	C:\WINDOWS\System32\KERNEL32.DLL
0x00007ffc96620000 - 0x00007ffc9691e000 	C:\WINDOWS\System32\KERNELBASE.dll
0x00007ffc96060000 - 0x00007ffc96180000 	C:\Windows\system32\hmpalert.dll
0x00007ffc96a50000 - 0x00007ffc96b50000 	C:\WINDOWS\System32\ucrtbase.dll
0x00007ffc8cef0000 - 0x00007ffc8cf07000 	C:\Users\4473331\.jdks\openjdk-20.0.1\bin\jli.dll
0x00007ffc8ced0000 - 0x00007ffc8ceeb000 	C:\Users\4473331\.jdks\openjdk-20.0.1\bin\VCRUNTIME140.dll
0x00007ffc98250000 - 0x00007ffc983ed000 	C:\WINDOWS\System32\USER32.dll
0x00007ffc965f0000 - 0x00007ffc96612000 	C:\WINDOWS\System32\win32u.dll
0x00007ffc98910000 - 0x00007ffc9893b000 	C:\WINDOWS\System32\GDI32.dll
0x00007ffc96c50000 - 0x00007ffc96d67000 	C:\WINDOWS\System32\gdi32full.dll
0x00007ffc963f0000 - 0x00007ffc9648d000 	C:\WINDOWS\System32\msvcp_win.dll
0x00007ffc80a60000 - 0x00007ffc80cfa000 	C:\WINDOWS\WinSxS\amd64_microsoft.windows.common-controls_6595b64144ccf1df_6.0.19041.4355_none_60b8b9eb71f62e16\COMCTL32.dll
0x00007ffc98870000 - 0x00007ffc9890e000 	C:\WINDOWS\System32\msvcrt.dll
0x00007ffc98ce0000 - 0x00007ffc98d0f000 	C:\WINDOWS\System32\IMM32.DLL
0x00007ffc8d070000 - 0x00007ffc8d07c000 	C:\Users\4473331\.jdks\openjdk-20.0.1\bin\vcruntime140_1.dll
0x00007ffc53ab0000 - 0x00007ffc53b3e000 	C:\Users\4473331\.jdks\openjdk-20.0.1\bin\msvcp140.dll
0x00007ffba63c0000 - 0x00007ffba7057000 	C:\Users\4473331\.jdks\openjdk-20.0.1\bin\server\jvm.dll
0x00007ffc97b80000 - 0x00007ffc97c31000 	C:\WINDOWS\System32\ADVAPI32.dll
0x00007ffc979b0000 - 0x00007ffc97a4f000 	C:\WINDOWS\System32\sechost.dll
0x00007ffc97a50000 - 0x00007ffc97b73000 	C:\WINDOWS\System32\RPCRT4.dll
0x00007ffc969d0000 - 0x00007ffc969f7000 	C:\WINDOWS\System32\bcrypt.dll
0x00007ffc7ffd0000 - 0x00007ffc7ffd9000 	C:\WINDOWS\SYSTEM32\WSOCK32.dll
0x00007ffc98420000 - 0x00007ffc9848b000 	C:\WINDOWS\System32\WS2_32.dll
0x00007ffc7ffe0000 - 0x00007ffc80007000 	C:\WINDOWS\SYSTEM32\WINMM.dll
0x00007ffc94f80000 - 0x00007ffc94f8a000 	C:\WINDOWS\SYSTEM32\VERSION.dll
0x00007ffc94ee0000 - 0x00007ffc94ef2000 	C:\WINDOWS\SYSTEM32\kernel.appcore.dll
0x00007ffc8cec0000 - 0x00007ffc8ceca000 	C:\Users\4473331\.jdks\openjdk-20.0.1\bin\jimage.dll
0x00007ffc8bae0000 - 0x00007ffc8bcc4000 	C:\WINDOWS\SYSTEM32\DBGHELP.DLL
0x00007ffc8b950000 - 0x00007ffc8b984000 	C:\WINDOWS\SYSTEM32\dbgcore.DLL
0x00007ffc96bc0000 - 0x00007ffc96c42000 	C:\WINDOWS\System32\bcryptPrimitives.dll
0x00007ffc8ce60000 - 0x00007ffc8ce6e000 	C:\Users\4473331\.jdks\openjdk-20.0.1\bin\instrument.dll
0x00007ffc8ce70000 - 0x00007ffc8ce96000 	C:\Users\4473331\.jdks\openjdk-20.0.1\bin\java.dll
0x00007ffc003b0000 - 0x00007ffc00487000 	C:\Users\4473331\.jdks\openjdk-20.0.1\bin\jsvml.dll
0x00007ffc97240000 - 0x00007ffc979ad000 	C:\WINDOWS\System32\SHELL32.dll
0x00007ffc93dc0000 - 0x00007ffc94564000 	C:\WINDOWS\SYSTEM32\windows.storage.dll
0x00007ffc98490000 - 0x00007ffc987e3000 	C:\WINDOWS\System32\combase.dll
0x00007ffc95b50000 - 0x00007ffc95b7e000 	C:\WINDOWS\SYSTEM32\Wldp.dll
0x00007ffc96eb0000 - 0x00007ffc96f7d000 	C:\WINDOWS\System32\OLEAUT32.dll
0x00007ffc97130000 - 0x00007ffc971dd000 	C:\WINDOWS\System32\SHCORE.dll
0x00007ffc97c40000 - 0x00007ffc97c95000 	C:\WINDOWS\System32\shlwapi.dll
0x00007ffc96320000 - 0x00007ffc96344000 	C:\WINDOWS\SYSTEM32\profapi.dll
0x00007ffc782d0000 - 0x00007ffc782e8000 	C:\Users\4473331\.jdks\openjdk-20.0.1\bin\zip.dll
0x00007ffc820c0000 - 0x00007ffc820d3000 	C:\Users\4473331\.jdks\openjdk-20.0.1\bin\net.dll
0x00007ffc927d0000 - 0x00007ffc928dd000 	C:\WINDOWS\SYSTEM32\WINHTTP.dll
0x00007ffc95930000 - 0x00007ffc9599a000 	C:\WINDOWS\system32\mswsock.dll
0x00007ffc7b140000 - 0x00007ffc7b156000 	C:\Users\4473331\.jdks\openjdk-20.0.1\bin\nio.dll
0x00007ffc5fb70000 - 0x00007ffc5fb8a000 	C:\Program Files\JetBrains\IntelliJ IDEA Community Edition 2023.1.2\bin\breakgen64.dll
0x00007ffc820b0000 - 0x00007ffc820b7000 	C:\Users\4473331\.jdks\openjdk-20.0.1\bin\extnet.dll
0x00007ffc485d0000 - 0x00007ffc4864a000 	C:\Users\4473331\AppData\Local\Temp\1\lwjgl_4473331\3.3.2+13\x64\lwjgl.dll
0x00007ffc00320000 - 0x00007ffc003a2000 	C:\Users\4473331\AppData\Local\Temp\1\lwjgl_4473331\3.3.2+13\x64\glfw.dll
0x00007ffc5efa0000 - 0x00007ffc5efe5000 	C:\WINDOWS\SYSTEM32\dinput8.dll
0x00007ffc53700000 - 0x00007ffc53711000 	C:\WINDOWS\SYSTEM32\xinput1_4.dll
0x00007ffc96a00000 - 0x00007ffc96a4e000 	C:\WINDOWS\System32\cfgmgr32.dll
0x00007ffc96180000 - 0x00007ffc961b3000 	C:\WINDOWS\SYSTEM32\DEVOBJ.dll
0x00007ffc938c0000 - 0x00007ffc938ef000 	C:\WINDOWS\SYSTEM32\dwmapi.dll
0x00007ffc88080000 - 0x00007ffc881d2000 	C:\WINDOWS\SYSTEM32\inputhost.dll
0x00007ffc92d40000 - 0x00007ffc92e36000 	C:\WINDOWS\SYSTEM32\PROPSYS.dll
0x00007ffc917b0000 - 0x00007ffc91907000 	C:\WINDOWS\SYSTEM32\wintypes.dll
0x00007ffc8fd80000 - 0x00007ffc900db000 	C:\WINDOWS\SYSTEM32\CoreUIComponents.dll
0x00007ffc90d40000 - 0x00007ffc90e32000 	C:\WINDOWS\SYSTEM32\CoreMessaging.dll
0x00007ffc954c0000 - 0x00007ffc954f3000 	C:\WINDOWS\SYSTEM32\ntmarta.dll
0x00007ffc936d0000 - 0x00007ffc9376e000 	C:\WINDOWS\system32\uxtheme.dll
0x00007ffc97010000 - 0x00007ffc97125000 	C:\WINDOWS\System32\MSCTF.dll
0x00007ffc574e0000 - 0x00007ffc57608000 	C:\WINDOWS\SYSTEM32\opengl32.dll
0x00007ffc57470000 - 0x00007ffc5749c000 	C:\WINDOWS\SYSTEM32\GLU32.dll
0x00007ffc98a80000 - 0x00007ffc98b29000 	C:\WINDOWS\System32\clbcatq.dll
0x00007ffb9b190000 - 0x00007ffb9c112000 	C:\WINDOWS\System32\DriverStore\FileRepository\iigd_dch.inf_amd64_47794f8eae14cddd\ig12icd64.dll
0x00007ffc97ca0000 - 0x00007ffc97dcb000 	C:\WINDOWS\System32\ole32.dll
0x00007ffc946b0000 - 0x00007ffc947a6000 	C:\WINDOWS\system32\dxgi.dll
0x00007ffc85190000 - 0x00007ffc853e7000 	C:\WINDOWS\System32\DriverStore\FileRepository\iigd_dch.inf_amd64_47794f8eae14cddd\igdgmm64.dll
0x00007ffc82550000 - 0x00007ffc85169000 	C:\WINDOWS\System32\DriverStore\FileRepository\iigd_dch.inf_amd64_47794f8eae14cddd\igc64.dll
0x00007ffc96010000 - 0x00007ffc9605b000 	C:\WINDOWS\SYSTEM32\powrprof.dll
0x00007ffc95e40000 - 0x00007ffc95e52000 	C:\WINDOWS\SYSTEM32\UMPDC.dll
0x00007ffba3d40000 - 0x00007ffba414b000 	C:\WINDOWS\System32\DriverStore\FileRepository\iigd_dch.inf_amd64_47794f8eae14cddd\igdml64.dll
0x00007ffc881e0000 - 0x00007ffc882d9000 	C:\WINDOWS\SYSTEM32\textinputframework.dll
0x00007ffc49060000 - 0x00007ffc490be000 	C:\Users\4473331\AppData\Local\Temp\1\lwjgl_4473331\3.3.2+13\x64\lwjgl_opengl.dll
0x00007ffba6230000 - 0x00007ffba63c0000 	C:\Users\4473331\.jdks\openjdk-20.0.1\bin\awt.dll
0x00007ffc90e40000 - 0x00007ffc90ed4000 	C:\WINDOWS\SYSTEM32\apphelp.dll
0x00007ffbef680000 - 0x00007ffbef706000 	C:\Users\4473331\.jdks\openjdk-20.0.1\bin\freetype.dll
0x00007ffbd5de0000 - 0x00007ffbd5ea6000 	C:\Users\4473331\.jdks\openjdk-20.0.1\bin\fontmanager.dll

dbghelp: loaded successfully - version: 4.0.5 - missing functions: none
symbol engine: initialized successfully - sym options: 0x614 - pdb path: .;C:\Users\4473331\.jdks\openjdk-20.0.1\bin;C:\WINDOWS\SYSTEM32;C:\WINDOWS\WinSxS\amd64_microsoft.windows.common-controls_6595b64144ccf1df_6.0.19041.4355_none_60b8b9eb71f62e16;C:\Users\4473331\.jdks\openjdk-20.0.1\bin\server;C:\Program Files\JetBrains\IntelliJ IDEA Community Edition 2023.1.2\bin;C:\Users\4473331\AppData\Local\Temp\1\lwjgl_4473331\3.3.2+13\x64;C:\WINDOWS\System32\DriverStore\FileRepository\iigd_dch.inf_amd64_47794f8eae14cddd

VM Arguments:
jvm_args: -javaagent:C:\Program Files\JetBrains\IntelliJ IDEA Community Edition 2023.1.2\lib\idea_rt.jar=60119:C:\Program Files\JetBrains\IntelliJ IDEA Community Edition 2023.1.2\bin -Dfile.encoding=UTF-8 -Dsun.stdout.encoding=UTF-8 -Dsun.stderr.encoding=UTF-8 
java_command: metastasis.metastasis
java_class_path (initial): C:\Users\4473331\Documents\projects\000_grants\wgd_abm\out\production\wgd_abm;C:\Users\4473331\Documents\projects\000_grants\wgd_abm\HAL\lib\lwjgl-assimp-natives-macos-arm64.jar;C:\Users\4473331\Documents\projects\000_grants\wgd_abm\HAL\lib\lwjgl-opengl-natives-linux-arm32.jar;C:\Users\4473331\Documents\projects\000_grants\wgd_abm\HAL\lib\lwjgl-openal-natives-linux-arm64.jar;C:\Users\4473331\Documents\projects\000_grants\wgd_abm\HAL\lib\lwjgl-natives-linux.jar;C:\Users\4473331\Documents\projects\000_grants\wgd_abm\HAL\lib\lwjgl-opengl-natives-macos.jar;C:\Users\4473331\Documents\projects\000_grants\wgd_abm\HAL\lib\lwjgl-natives-windows.jar;C:\Users\4473331\Documents\projects\000_grants\wgd_abm\HAL\lib\lwjgl-assimp-javadoc.jar;C:\Users\4473331\Documents\projects\000_grants\wgd_abm\HAL\lib\lwjgl-opengl-natives-windows-arm64.jar;C:\Users\4473331\Documents\projects\000_grants\wgd_abm\HAL\lib\lwjgl-glfw-natives-windows-arm64.jar;C:\Users\4473331\Documents\projects\000_grants\wgd_abm\HAL\lib\lwjgl-opengl-javadoc.jar;C:\Users\4473331\Documents\projects\000_grants\wgd_abm\HAL\lib\lwjgl-stb-natives-macos.jar;C:\Users\4473331\Documents\projects\000_grants\wgd_abm\HAL\lib\lwjgl-stb-natives-windows-arm64.jar;C:\Users\4473331\Documents\projects\000_grants\wgd_abm\HAL\lib\lwjgl-natives-linux-arm32.jar;C:\Users\4473331\Documents\projects\000_grants\wgd_abm\HAL\lib\lwjgl-opengl-natives-windows-x86.jar;C:\Users\4473331\Documents\projects\000_grants\wgd_abm\HAL\lib\lwjgl-glfw-natives-macos.jar;C:\Users\4473331\Documents\projects\000_grants\wgd_abm\HAL\lib\lwjgl-openal-javadoc.jar;C:\Users\4473331\Documents\projects\000_grants\wgd_abm\HAL\lib\lwjgl-stb-sources.jar;C:\Users\4473331\Documents\projects\000_grants\wgd_abm\HAL\lib\lwjgl-glfw-natives-windows-x86.jar;C:\Users\4473331\Documents\projects\000_grants\wgd_abm\HAL\lib\lwjgl-glfw-javadoc.jar;C:\Users\4473331\Documents\projects\000_grants\wgd_abm\HAL\lib\lwjgl-javadoc.jar;C:\Users\4473331\Documents\projects\000_grants\wgd_abm\HAL\lib\lwjgl-sources.jar;C:\Users\4473331\Documents\projects\000_grants\wgd_abm\HAL\lib\lwjgl-openal-natives-linux-arm32.jar;C:\Users\4473331\Documents\projects\000_grants\wgd_abm\HAL\lib\lwjgl-openal-natives-macos-arm64.jar;C:\Users\4473331\Documents\projects\000_grants\wgd_abm\HAL\lib\lwjgl-assimp-natives-windows.jar;C:\Users\4473331\Documents\projects\000_grants\wgd_abm\HAL\lib\lwjgl-openal-natives-windows-x86.jar;C:\Users\4473331\Documents\projects\000_grants\wgd_abm\HAL\lib\lwjgl-stb-natives-linux.jar;C:\Users\4473331\Documents\projects\000_grants\wgd_abm\HAL\lib\lwjgl-natives-macos.jar;C:\Users\4473331\Documents\projects\000_grants\wgd_abm\HAL\lib\lwjgl-glfw-natives-linux.jar;C:\Users\4473331\Documents\projects\000_grants\wgd_abm\HAL\lib\lwjgl-stb-natives-macos-arm64.jar;C:\Users\4473331\Documents\projects\000_grants\wgd_abm\HAL\lib\lwjgl-openal-natives-windows-arm64.jar;C:\Users\4473331\Documents\projects\000_grants\wgd_abm\HAL\lib\lwjgl-opengl-natives-linux.jar;C:\Users\4473331\Documents\projects\000_grants\wgd_abm\HAL\lib\lwjgl-openal-natives-linux.jar;C:\Users\4473331\Documents\projects\000_grants\wgd_abm\HAL\lib\lwjgl-assimp-natives-linux-arm64.jar;C:\Users\4473331\Documents\projects\000_grants\wgd_abm\HAL\lib\lwjgl-stb-natives-linux-arm32.jar;C:\Users\4473331\Documents\projects\000_grants\wgd_abm\HAL\lib\lwjgl-glfw-natives-macos-arm64.jar;C:\Users\4473331\Documents\projects\000_grants\wgd_abm\HAL\lib\lwjgl-assimp-natives-windows-x86.jar;C:\Users\4473331\Documents\projects\000_grants\wgd_abm\HAL\lib\lwjgl-opengl-natives-windows.jar;C:\Users\4473331\Documents\projects\000_grants\wgd_abm\HAL\lib\lwjgl-glfw.jar;C:\Users\4473331\Documents\projects\000_grants\wgd_abm\HAL\lib\lwjgl-opengl-sources.jar;C:\Users\4473331\Documents\projects\000_grants\wgd_abm\HAL\lib\lwjgl-natives-windows-arm64.jar;C:\Users\4473331\Documents\projects\000_grants\wgd_abm\HAL\lib\lwjgl-openal-sources.jar;C:\Users\4473331\Documents\projects\000_grants\wgd_abm\HAL\lib\lwjgl-stb-natives-linux-arm64.jar;C:\Users\4473331\Documents\projects\000_grants\wgd_abm\HAL\lib\lwjgl-assimp-natives-linux-arm32.jar;C:\Users\4473331\Documents\projects\000_grants\wgd_abm\HAL\lib\lwjgl-glfw-sources.jar;C:\Users\4473331\Documents\projects\000_grants\wgd_abm\HAL\lib\lwjgl-openal-natives-windows.jar;C:\Users\4473331\Documents\projects\000_grants\wgd_abm\HAL\lib\lwjgl-natives-macos-arm64.jar;C:\Users\4473331\Documents\projects\000_grants\wgd_abm\HAL\lib\lwjgl-glfw-natives-windows.jar;C:\Users\4473331\Documents\projects\000_grants\wgd_abm\HAL\lib\lwjgl-stb-javadoc.jar;C:\Users\4473331\Documents\projects\000_grants\wgd_abm\HAL\lib\lwjgl-glfw-natives-linux-arm64.jar;C:\Users\4473331\Documents\projects\000_grants\wgd_abm\HAL\lib\lwjgl-assimp-natives-macos.jar;C:\Users\4473331\Documents\projects\000_grants\wgd_abm\HAL\lib\lwjgl.jar;C:\Users\4473331\Documents\projects\000_grants\wgd_abm\HAL\lib\lwjgl-opengl-natives-linux-arm64.jar;C:\Users\4473331\Documents\projects\000_grants\wgd_abm\HAL\lib\lwjgl-assimp.jar;C:\Users\4473331\Documents\projects\000_grants\wgd_abm\HAL\lib\lwjgl-stb-natives-windows-x86.jar;C:\Users\4473331\Documents\projects\000_grants\wgd_abm\HAL\lib\lwjgl-natives-windows-x86.jar;C:\Users\4473331\Documents\projects\000_grants\wgd_abm\HAL\lib\lwjgl-stb-natives-windows.jar;C:\Users\4473331\Documents\projects\000_grants\wgd_abm\HAL\lib\lwjgl-natives-linux-arm64.jar;C:\Users\4473331\Documents\projects\000_grants\wgd_abm\HAL\lib\lwjgl-openal-natives-macos.jar;C:\Users\4473331\Documents\projects\000_grants\wgd_abm\HAL\lib\lwjgl-openal.jar;C:\Users\4473331\Documents\projects\000_grants\wgd_abm\HAL\lib\lwjgl-assimp-natives-linux.jar;C:\Users\4473331\Documents\projects\000_grants\wgd_abm\HAL\lib\lwjgl-assimp-natives-windows-arm64.jar;C:\Users\4473331\Documents\projects\000_grants\wgd_abm\HAL\lib\lwjgl-assimp-sources.jar;C:\Users\4473331\Documents\projects\000_grants\wgd_abm\HAL\lib\lwjgl-glfw-natives-linux-arm32.jar;C:\Users\4473331\Documents\projects\000_grants\wgd_abm\HAL\lib\lwjgl-opengl-natives-macos-arm64.jar;C:\Users\4473331\Documents\projects\000_grants\wgd_abm\HAL\lib\lwjgl-opengl.jar;C:\Users\4473331\Documents\projects\000_grants\wgd_abm\HAL\lib\lwjgl-stb.jar
Launcher Type: SUN_STANDARD

[Global flags]
     intx CICompilerCount                          = 4                                         {product} {ergonomic}
     uint ConcGCThreads                            = 2                                         {product} {ergonomic}
     uint G1ConcRefinementThreads                  = 8                                         {product} {ergonomic}
   size_t G1HeapRegionSize                         = 2097152                                   {product} {ergonomic}
    uintx GCDrainStackTargetSize                   = 64                                        {product} {ergonomic}
   size_t InitialHeapSize                          = 266338304                                 {product} {ergonomic}
   size_t MarkStackSize                            = 4194304                                   {product} {ergonomic}
   size_t MaxHeapSize                              = 4229955584                                {product} {ergonomic}
   size_t MaxNewSize                               = 2537553920                                {product} {ergonomic}
   size_t MinHeapDeltaBytes                        = 2097152                                   {product} {ergonomic}
   size_t MinHeapSize                              = 8388608                                   {product} {ergonomic}
    uintx NonNMethodCodeHeapSize                   = 5839372                                {pd product} {ergonomic}
    uintx NonProfiledCodeHeapSize                  = 122909434                              {pd product} {ergonomic}
    uintx ProfiledCodeHeapSize                     = 122909434                              {pd product} {ergonomic}
    uintx ReservedCodeCacheSize                    = 251658240                              {pd product} {ergonomic}
     bool SegmentedCodeCache                       = true                                      {product} {ergonomic}
   size_t SoftMaxHeapSize                          = 4229955584                             {manageable} {ergonomic}
     bool UseCompressedClassPointers               = true                           {product lp64_product} {ergonomic}
     bool UseCompressedOops                        = true                           {product lp64_product} {ergonomic}
     bool UseG1GC                                  = true                                      {product} {ergonomic}
     bool UseLargePagesIndividualAllocation        = false                                  {pd product} {ergonomic}

Logging:
Log output configuration:
 #0: stdout all=off uptime,level,tags foldmultilines=false
 #1: stderr all=off uptime,level,tags foldmultilines=false

Environment Variables:
PATH=C:\Program Files (x86)\Common Files\Oracle\Java\java8path;C:\Program Files (x86)\Common Files\Oracle\Java\javapath;C:\WINDOWS\system32;C:\WINDOWS;C:\WINDOWS\System32\Wbem;C:\WINDOWS\System32\WindowsPowerShell\v1.0\;C:\WINDOWS\System32\OpenSSH\;C:\Program Files\Moffitt\Bgupdate;C:\Windows\CCM;C:\Program Files\MATLAB\R2022a\bin;;C:\Program Files\dotnet\;C:\Program Files\Amazon\AWSCLIV2\;C:\Program Files\Scripts;C:\Program Files;C:\Users\4473331\AppData\Local\Microsoft\WindowsApps;C:\Users\4473331\AppData\Local\Programs\Julia-1.6.2\bin;C:\Users\4473331\AppData\Local\Programs\Microsoft VS Code\bin;C:\Users\4473331\AppData\Local\Programs\Git\cmd;C:\Program Files\R\R-4.4.1\bin;C:\rtools40\mingw64\bin;C:\Users\4473331\AppData\Roaming\TinyTeX\bin\win32;C:\Gradle\gradle-4.2.1\bin;C:\Users\4473331\AppData\Roaming\Python\Python311\Scripts;C:\Program Files\JetBrains\PyCharm Community Edition 2023.1.2\bin;;C:\Users\4473331\AppData\Roaming\TinyTeX\bin\windows;C:\Program Files\OpenSSL-Win64\bin;
USERNAME=4473331
OS=Windows_NT
PROCESSOR_IDENTIFIER=Intel64 Family 6 Model 140 Stepping 1, GenuineIntel
TMP=C:\Users\4473331\AppData\Local\Temp\1
TEMP=C:\Users\4473331\AppData\Local\Temp\1




---------------  S Y S T E M  ---------------

OS:
 Windows 10 , 64 bit Build 19041 (10.0.19041.5072)
OS uptime: 1 days 3:45 hours
Hyper-V role detected

CPU: total 8 (initial active 8) (4 cores per cpu, 2 threads per core) family 6 model 140 stepping 1 microcode 0x6e, cx8, cmov, fxsr, ht, mmx, 3dnowpref, sse, sse2, sse3, ssse3, sse4.1, sse4.2, popcnt, lzcnt, tsc, tscinvbit, avx, avx2, aes, erms, clmul, bmi1, bmi2, adx, avx512f, avx512dq, avx512cd, avx512bw, avx512vl, sha, fma, vzeroupper, avx512_vpopcntdq, avx512_vpclmulqdq, avx512_vaes, avx512_vnni, clflush, clflushopt, clwb, avx512_vbmi2, avx512_vbmi, hv, rdtscp, rdpid, fsrm, gfni, avx512_bitalg, f16c, cet_ibt, cet_ss, avx512_ifma

Memory: 4k page, system-wide physical 16129M (2727M free)
TotalPageFile size 25345M (AvailPageFile size 5389M)
current process WorkingSet (physical memory assigned to process): 452M, peak: 461M
current process commit charge ("private bytes"): 505M, peak: 525M

vm_info: OpenJDK 64-Bit Server VM (20.0.1+9-29) for windows-amd64 JRE (20.0.1+9-29), built on 2023-03-07T13:56:11Z by "mach5one" with MS VC++ 17.1 (VS2022)

END.
