#
# A fatal error has been detected by the Java Runtime Environment:
#
#  EXCEPTION_ACCESS_VIOLATION (0xc0000005) at pc=0x00007ff9d9e8fdb5, pid=19136, tid=32380
#
# JRE version: OpenJDK Runtime Environment (20.0.1+9) (build 20.0.1+9-29)
# Java VM: OpenJDK 64-Bit Server VM (20.0.1+9-29, mixed mode, sharing, tiered, compressed oops, compressed class ptrs, g1 gc, windows-amd64)
# Problematic frame:
# C  [ig12icd64.dll+0x2afdb5]
#
# No core dump will be written. Minidumps are not enabled by default on client versions of Windows
#
# If you would like to submit a bug report, please visit:
#   https://bugreport.java.com/bugreport/crash.jsp
#

---------------  S U M M A R Y ------------

Command Line: -javaagent:C:\Program Files\JetBrains\IntelliJ IDEA Community Edition 2023.1.2\lib\idea_rt.jar=49922:C:\Program Files\JetBrains\IntelliJ IDEA Community Edition 2023.1.2\bin -Dfile.encoding=UTF-8 -Dsun.stdout.encoding=UTF-8 -Dsun.stderr.encoding=UTF-8 metastasis.metastasis

Host: 11th Gen Intel(R) Core(TM) i7-1165G7 @ 2.80GHz, 8 cores, 15G,  Windows 10 , 64 bit Build 19041 (10.0.19041.5072)
Time: Fri Dec  6 16:47:16 2024 Eastern Standard Time elapsed time: 12.361126 seconds (0d 0h 0m 12s)

---------------  T H R E A D  ---------------

Current thread (0x0000023df3d585f0):  VMThread "VM Thread" [stack: 0x0000004f03200000,0x0000004f03300000] [id=32380]

Stack: [0x0000004f03200000,0x0000004f03300000],  sp=0x0000004f032fe5a0,  free space=1017k
Native frames: (J=compiled Java code, j=interpreted, Vv=VM code, C=native code)
C  [ig12icd64.dll+0x2afdb5]


siginfo: EXCEPTION_ACCESS_VIOLATION (0xc0000005), reading address 0x00000000000353a8


Registers:
RAX=0x0000023e2a7a9b90, RBX=0x0000023e2a7a9ac0, RCX=0x0000000000000000, RDX=0x0000023e2a7a9b90
RSP=0x0000004f032fe5a0, RBP=0x0000004f032fe6a0, RSI=0x0000000000000000, RDI=0x0000023df8158c30
R8 =0x0000000000000000, R9 =0x0000000000000000, R10=0x0000000000000000, R11=0x0000000000000246
R12=0x0000000000000000, R13=0x0000023e2a7a9ac0, R14=0x0000023e2a7a9fd8, R15=0x0000023e2a7a6e40
RIP=0x00007ff9d9e8fdb5, EFLAGS=0x0000000000010206


Register to memory mapping:

RIP=0x00007ff9d9e8fdb5 ig12icd64.dll
RAX=0x0000023e2a7a9b90 points into unknown readable memory: 0x0000000000fc1012 | 12 10 fc 00 00 00 00 00
RBX=0x0000023e2a7a9ac0 points into unknown readable memory: 0x0000023df878ad30 | 30 ad 78 f8 3d 02 00 00
RCX=0x0 is NULL
RDX=0x0000023e2a7a9b90 points into unknown readable memory: 0x0000000000fc1012 | 12 10 fc 00 00 00 00 00
RSP=0x0000004f032fe5a0 points into unknown readable memory: 0x0000023df86e6070 | 70 60 6e f8 3d 02 00 00
RBP=0x0000004f032fe6a0 points into unknown readable memory: 0x6661207061000a7d | 7d 0a 00 61 70 20 61 66
RSI=0x0 is NULL
RDI=0x0000023df8158c30 points into unknown readable memory: 0x00007ffa76191b00 | 00 1b 19 76 fa 7f 00 00
R8 =0x0 is NULL
R9 =0x0 is NULL
R10=0x0 is NULL
R11=0x0000000000000246 is an unknown value
R12=0x0 is NULL
R13=0x0000023e2a7a9ac0 points into unknown readable memory: 0x0000023df878ad30 | 30 ad 78 f8 3d 02 00 00
R14=0x0000023e2a7a9fd8 points into unknown readable memory: 0x0000023e2a7a6e40 | 40 6e 7a 2a 3e 02 00 00
R15=0x0000023e2a7a6e40 points into unknown readable memory: 0x0000023df878ad30 | 30 ad 78 f8 3d 02 00 00


Top of Stack: (sp=0x0000004f032fe5a0)
0x0000004f032fe5a0:   0000023df86e6070 0000000000000000
0x0000004f032fe5b0:   0000000000000000 0000000000000000
0x0000004f032fe5c0:   00000016d2000000 0000000000000000
0x0000004f032fe5d0:   0000023dd48a1be0 0000004f032feef0
0x0000004f032fe5e0:   0000023df86e6070 00007ff9db8bcb9f
0x0000004f032fe5f0:   00007ff9dbb7f401 0000004f032fe600
0x0000004f032fe600:   000000000000003e 0000000000000013
0x0000004f032fe610:   207373616c632020 00007ff9db8bcbd7
0x0000004f032fe620:   3632206465737520 00007ff9db8be3fc
0x0000004f032fe630:   0000004f032feef0 0000000000000002
0x0000004f032fe640:   0000004f032ff628 0000023dd25f8f90
0x0000004f032fe650:   0000023dd25f8f90 00007ff9db8bcc73
0x0000004f032fe660:   0000023dd48a1be0 0000004f032feef0
0x0000004f032fe670:   0000000000000000 393034282073726f
0x0000004f032fe680:   7830002000294b01 0000004f032fe690
0x0000004f032fe690:   0000000000000002 0000000000000029
0x0000004f032fe6a0:   6661207061000a7d 6920434720726574
0x0000004f032fe6b0:   6f697461636f766e 75662820313d736e
0x0000004f032fe6c0:   000a3a2930206c6c 0000023dd2500000
0x0000004f032fe6d0:   0000000000000010 0000000000000010
0x0000004f032fe6e0:   0000a66e0e6fedaf 00007ffa766547b1
0x0000004f032fe6f0:   0000000000000000 0000000000000000
0x0000004f032fe700:   0000000000000000 0000000000000000
0x0000004f032fe710:   0000000000000000 0000000000000000
0x0000004f032fe720:   0000000000000000 0000000000000000
0x0000004f032fe730:   0000000000000000 0000000000000000
0x0000004f032fe740:   0000000000000000 0000000000000000
0x0000004f032fe750:   0000000000000000 0000000000000000
0x0000004f032fe760:   0000000000000000 0000000000000000
0x0000004f032fe770:   404e000000000000 0000000000000000
0x0000004f032fe780:   0000000000000000 0000000000000000
0x0000004f032fe790:   0000023df89bb398 0000000000fc2747 

Instructions: (pc=0x00007ff9d9e8fdb5)
0x00007ff9d9e8fcb5:   48 8b cb ff 15 42 74 7f 00 90 4c 8b bf 80 02 00
0x00007ff9d9e8fcc5:   00 48 8b 05 73 d3 b1 00 8b 80 1c 0a 00 00 89 44
0x00007ff9d9e8fcd5:   24 24 c6 44 24 20 00 48 c7 87 80 02 00 00 00 00
0x00007ff9d9e8fce5:   00 00 c7 87 88 02 00 00 00 00 00 00 48 c7 87 a0
0x00007ff9d9e8fcf5:   02 00 00 00 00 00 00 48 c7 87 90 02 00 00 00 00
0x00007ff9d9e8fd05:   00 00 48 85 f6 75 3d 8b 35 3e 67 c1 00 65 48 8b
0x00007ff9d9e8fd15:   04 25 58 00 00 00 b9 30 00 00 00 48 8b 04 f0 80
0x00007ff9d9e8fd25:   3c 01 00 0f 84 7e 29 6c 00 65 48 8b 04 25 58 00
0x00007ff9d9e8fd35:   00 00 b9 08 00 00 00 48 8b 04 f0 48 8b 34 01 48
0x00007ff9d9e8fd45:   89 74 24 28 48 3b 35 10 8b c1 00 0f 84 37 11 00
0x00007ff9d9e8fd55:   00 4d 85 ff 0f 84 37 01 00 00 90 49 8b df 4d 8b
0x00007ff9d9e8fd65:   ef 4d 8d b7 18 05 00 00 4d 8b 3e 45 84 e4 0f 85
0x00007ff9d9e8fd75:   b4 0f 00 00 8b 8f d0 01 00 00 48 8b 05 ba d2 b1
0x00007ff9d9e8fd85:   00 83 b8 54 03 00 00 02 75 33 48 8d 93 d0 00 00
0x00007ff9d9e8fd95:   00 83 f9 10 0f 83 73 01 00 00 8b c1 48 c1 e0 06
0x00007ff9d9e8fda5:   48 03 c2 48 85 c0 0f 84 d5 01 00 00 4c 8b 40 08
0x00007ff9d9e8fdb5:   4c 3b 86 a8 53 03 00 0f 87 8e 0f 00 00 48 83 bb
0x00007ff9d9e8fdc5:   70 05 00 00 00 0f 85 0f 29 6c 00 44 8b 87 d0 01
0x00007ff9d9e8fdd5:   00 00 48 8b 87 e8 01 00 00 48 8b 10 8b 8f d0 01
0x00007ff9d9e8fde5:   00 00 48 8d b3 d0 00 00 00 83 f9 10 0f 83 54 01
0x00007ff9d9e8fdf5:   00 00 8b c1 48 c1 e0 06 48 03 c6 48 85 c0 0f 84
0x00007ff9d9e8fe05:   85 01 00 00 48 39 50 08 0f 86 7b 01 00 00 48 8b
0x00007ff9d9e8fe15:   87 80 02 00 00 49 89 06 48 89 9f 80 02 00 00 ff
0x00007ff9d9e8fe25:   87 88 02 00 00 48 8b 4b 08 48 8b 01 ba 01 00 00
0x00007ff9d9e8fe35:   00 48 8b 80 e0 02 00 00 ff 15 9d 77 7f 00 0f b7
0x00007ff9d9e8fe45:   c8 48 2b c1 48 05 00 00 01 00 48 01 87 90 02 00
0x00007ff9d9e8fe55:   00 48 8b 4b 08 48 8b 01 ba 01 00 00 00 48 8b 80
0x00007ff9d9e8fe65:   e0 02 00 00 ff 15 71 77 7f 00 48 01 87 a0 02 00
0x00007ff9d9e8fe75:   00 48 8b 74 24 28 0f b6 54 24 20 4d 85 ff 0f 85
0x00007ff9d9e8fe85:   d7 fe ff ff 84 d2 0f 85 5c 10 00 00 48 8b 5c 24
0x00007ff9d9e8fe95:   40 48 8b cf 80 7c 24 22 00 0f 85 36 10 00 00 e8
0x00007ff9d9e8fea5:   a7 f0 ff ff 90 48 8b cb ff 15 7d 73 7f 00 48 8b 


Stack slot to memory mapping:
stack at sp + 0 slots: 0x0000023df86e6070 points into unknown readable memory: 0xffffffffffffffff | ff ff ff ff ff ff ff ff
stack at sp + 1 slots: 0x0 is NULL
stack at sp + 2 slots: 0x0 is NULL
stack at sp + 3 slots: 0x0 is NULL
stack at sp + 4 slots: 0x00000016d2000000 is an unknown value
stack at sp + 5 slots: 0x0 is NULL
stack at sp + 6 slots: 0x0000023dd48a1be0 points into unknown readable memory: 0x00007ff9dbb7e3e8 | e8 e3 b7 db f9 7f 00 00
stack at sp + 7 slots: 0x0000004f032feef0 points into unknown readable memory: 0x0000023dd2500328 | 28 03 50 d2 3d 02 00 00

VM_Operation (0x0000004f04bff200): Exit, mode: safepoint, requested by thread 0x0000023df3d82710


---------------  P R O C E S S  ---------------

Threads class SMR info:
_java_thread_list=0x0000023d80147220, length=13, elements={
0x0000023dd488b0c0, 0x0000023df3d76f70, 0x0000023df3d77d40, 0x0000023df3d7dcd0,
0x0000023df3d7e8a0, 0x0000023df3d83c50, 0x0000023df3d831b0, 0x0000023df3d93910,
0x0000023df3d97750, 0x0000023df3d83700, 0x0000023df3d841a0, 0x0000023df3d821c0,
0x0000023df3d82710
}

Java Threads: ( => current thread )
  0x0000023dd488b0c0 JavaThread "main" [_thread_blocked, id=18100, stack(0x0000004f02c00000,0x0000004f02d00000)]
  0x0000023df3d76f70 JavaThread "Reference Handler" daemon [_thread_blocked, id=23576, stack(0x0000004f03300000,0x0000004f03400000)]
  0x0000023df3d77d40 JavaThread "Finalizer" daemon [_thread_blocked, id=18532, stack(0x0000004f03400000,0x0000004f03500000)]
  0x0000023df3d7dcd0 JavaThread "Signal Dispatcher" daemon [_thread_blocked, id=23580, stack(0x0000004f03500000,0x0000004f03600000)]
  0x0000023df3d7e8a0 JavaThread "Attach Listener" daemon [_thread_blocked, id=19844, stack(0x0000004f03600000,0x0000004f03700000)]
  0x0000023df3d83c50 JavaThread "Service Thread" daemon [_thread_blocked, id=9584, stack(0x0000004f03700000,0x0000004f03800000)]
  0x0000023df3d831b0 JavaThread "Monitor Deflation Thread" daemon [_thread_blocked, id=28504, stack(0x0000004f03800000,0x0000004f03900000)]
  0x0000023df3d93910 JavaThread "C2 CompilerThread0" daemon [_thread_blocked, id=8076, stack(0x0000004f03900000,0x0000004f03a00000)]
  0x0000023df3d97750 JavaThread "C1 CompilerThread0" daemon [_thread_blocked, id=28696, stack(0x0000004f03a00000,0x0000004f03b00000)]
  0x0000023df3d83700 JavaThread "Common-Cleaner" daemon [_thread_blocked, id=32304, stack(0x0000004f03b00000,0x0000004f03c00000)]
  0x0000023df3d841a0 JavaThread "Monitor Ctrl-Break" daemon [_thread_in_native, id=26196, stack(0x0000004f03d00000,0x0000004f03e00000)]
  0x0000023df3d821c0 JavaThread "Notification Thread" daemon [_thread_blocked, id=22872, stack(0x0000004f03e00000,0x0000004f03f00000)]
  0x0000023df3d82710 JavaThread "SIGINT handler" daemon [_thread_blocked, id=20724, stack(0x0000004f04b00000,0x0000004f04c00000)]

Other Threads:
=>0x0000023df3d585f0 VMThread "VM Thread" [stack: 0x0000004f03200000,0x0000004f03300000] [id=32380]
  0x0000023dd48f9de0 WorkerThread "GC Thread#0" [stack: 0x0000004f02d00000,0x0000004f02e00000] [id=20540]
  0x0000023d801512f0 WorkerThread "GC Thread#1" [stack: 0x0000004f04400000,0x0000004f04500000] [id=1148]
  0x0000023d803d4340 WorkerThread "GC Thread#2" [stack: 0x0000004f04500000,0x0000004f04600000] [id=2020]
  0x0000023d803d59c0 WorkerThread "GC Thread#3" [stack: 0x0000004f04600000,0x0000004f04700000] [id=26612]
  0x0000023d803d5c90 WorkerThread "GC Thread#4" [stack: 0x0000004f04700000,0x0000004f04800000] [id=8008]
  0x0000023d803d56f0 WorkerThread "GC Thread#5" [stack: 0x0000004f04800000,0x0000004f04900000] [id=30260]
  0x0000023d803d5150 WorkerThread "GC Thread#6" [stack: 0x0000004f04900000,0x0000004f04a00000] [id=21396]
  0x0000023d803d5420 WorkerThread "GC Thread#7" [stack: 0x0000004f04a00000,0x0000004f04b00000] [id=29784]
  0x0000023dd25fde60 ConcurrentGCThread "G1 Main Marker" terminated
  0x0000023dd4906cf0 WorkerThread "G1 Conc#0" [stack: 0x0000004f02f00000,0x0000004f03000000] [id=20704]
  0x0000023dd493ec30 ConcurrentGCThread "G1 Refine#0" terminated
  0x0000023df3c1a750 ConcurrentGCThread "G1 Service" terminated

Threads with active compile tasks:

VM state: at safepoint (shutting down)

VM Mutex/Monitor currently owned by a thread:  ([mutex/lock_event])
[0x0000023dd4886260] Threads_lock - owner thread: 0x0000023df3d585f0
[0x0000023dd4886410] Heap_lock - owner thread: 0x0000023df3d82710

Heap address: 0x0000000703e00000, size: 4034 MB, Compressed Oops mode: Zero based, Oop shift amount: 3

CDS archive(s) mapped at: [0x0000000800000000-0x0000000800c60000-0x0000000800c60000), size 12976128, SharedBaseAddress: 0x0000000800000000, ArchiveRelocationMode: 0.
Compressed class space mapped at: 0x0000000801000000-0x0000000841000000, reserved size: 1073741824
Narrow klass base: 0x0000000800000000, Narrow klass shift: 0, Narrow klass range: 0x100000000

GC Precious Log:
 CardTable entry size: 512
 Card Set container configuration: InlinePtr #cards 4 size 8 Array Of Cards #cards 16 size 48 Howl #buckets 8 coarsen threshold 3686 Howl Bitmap #cards 512 size 80 coarsen threshold 460 Card regions per heap region 1 cards per card region 4096
 CPUs: 8 total, 8 available
 Memory: 16129M
 Large Page Support: Disabled
 NUMA Support: Disabled
 Compressed Oops: Enabled (Zero based)
 Heap Region Size: 2M
 Heap Min Capacity: 8M
 Heap Initial Capacity: 254M
 Heap Max Capacity: 4034M
 Pre-touch: Disabled
 Parallel Workers: 8
 Concurrent Workers: 2
 Concurrent Refinement Workers: 8
 Periodic GC: Disabled

Heap:
 garbage-first heap   total 260096K, used 33489K [0x0000000703e00000, 0x0000000800000000)
  region size 2048K, 17 young (34816K), 2 survivors (4096K)
 Metaspace       used 4119K, committed 4352K, reserved 1114112K
  class space    used 261K, committed 384K, reserved 1048576K

Heap Regions: E=young(eden), S=young(survivor), O=old, HS=humongous(starts), HC=humongous(continues), CS=collection set, F=free, OA=open archive, CA=closed archive, TAMS=top-at-mark-start, PB=parsable bottom
|   0|0x0000000703e00000, 0x0000000703eb4400, 0x0000000704000000| 35%| O|  |TAMS 0x0000000703e00000| PB 0x0000000703e00000| Untracked 
|   1|0x0000000704000000, 0x0000000704000000, 0x0000000704200000|  0%| F|  |TAMS 0x0000000704000000| PB 0x0000000704000000| Untracked 
|   2|0x0000000704200000, 0x0000000704200000, 0x0000000704400000|  0%| F|  |TAMS 0x0000000704200000| PB 0x0000000704200000| Untracked 
|   3|0x0000000704400000, 0x0000000704400000, 0x0000000704600000|  0%| F|  |TAMS 0x0000000704400000| PB 0x0000000704400000| Untracked 
|   4|0x0000000704600000, 0x0000000704600000, 0x0000000704800000|  0%| F|  |TAMS 0x0000000704600000| PB 0x0000000704600000| Untracked 
|   5|0x0000000704800000, 0x0000000704800000, 0x0000000704a00000|  0%| F|  |TAMS 0x0000000704800000| PB 0x0000000704800000| Untracked 
|   6|0x0000000704a00000, 0x0000000704a00000, 0x0000000704c00000|  0%| F|  |TAMS 0x0000000704a00000| PB 0x0000000704a00000| Untracked 
|   7|0x0000000704c00000, 0x0000000704c00000, 0x0000000704e00000|  0%| F|  |TAMS 0x0000000704c00000| PB 0x0000000704c00000| Untracked 
|   8|0x0000000704e00000, 0x0000000704e00000, 0x0000000705000000|  0%| F|  |TAMS 0x0000000704e00000| PB 0x0000000704e00000| Untracked 
|   9|0x0000000705000000, 0x0000000705000000, 0x0000000705200000|  0%| F|  |TAMS 0x0000000705000000| PB 0x0000000705000000| Untracked 
|  10|0x0000000705200000, 0x0000000705200000, 0x0000000705400000|  0%| F|  |TAMS 0x0000000705200000| PB 0x0000000705200000| Untracked 
|  11|0x0000000705400000, 0x0000000705400000, 0x0000000705600000|  0%| F|  |TAMS 0x0000000705400000| PB 0x0000000705400000| Untracked 
|  12|0x0000000705600000, 0x0000000705600000, 0x0000000705800000|  0%| F|  |TAMS 0x0000000705600000| PB 0x0000000705600000| Untracked 
|  13|0x0000000705800000, 0x0000000705800000, 0x0000000705a00000|  0%| F|  |TAMS 0x0000000705800000| PB 0x0000000705800000| Untracked 
|  14|0x0000000705a00000, 0x0000000705a00000, 0x0000000705c00000|  0%| F|  |TAMS 0x0000000705a00000| PB 0x0000000705a00000| Untracked 
|  15|0x0000000705c00000, 0x0000000705c00000, 0x0000000705e00000|  0%| F|  |TAMS 0x0000000705c00000| PB 0x0000000705c00000| Untracked 
|  16|0x0000000705e00000, 0x0000000705e00000, 0x0000000706000000|  0%| F|  |TAMS 0x0000000705e00000| PB 0x0000000705e00000| Untracked 
|  17|0x0000000706000000, 0x0000000706000000, 0x0000000706200000|  0%| F|  |TAMS 0x0000000706000000| PB 0x0000000706000000| Untracked 
|  18|0x0000000706200000, 0x0000000706200000, 0x0000000706400000|  0%| F|  |TAMS 0x0000000706200000| PB 0x0000000706200000| Untracked 
|  19|0x0000000706400000, 0x0000000706400000, 0x0000000706600000|  0%| F|  |TAMS 0x0000000706400000| PB 0x0000000706400000| Untracked 
|  20|0x0000000706600000, 0x0000000706600000, 0x0000000706800000|  0%| F|  |TAMS 0x0000000706600000| PB 0x0000000706600000| Untracked 
|  21|0x0000000706800000, 0x0000000706800000, 0x0000000706a00000|  0%| F|  |TAMS 0x0000000706800000| PB 0x0000000706800000| Untracked 
|  22|0x0000000706a00000, 0x0000000706a00000, 0x0000000706c00000|  0%| F|  |TAMS 0x0000000706a00000| PB 0x0000000706a00000| Untracked 
|  23|0x0000000706c00000, 0x0000000706c00000, 0x0000000706e00000|  0%| F|  |TAMS 0x0000000706c00000| PB 0x0000000706c00000| Untracked 
|  24|0x0000000706e00000, 0x0000000706e00000, 0x0000000707000000|  0%| F|  |TAMS 0x0000000706e00000| PB 0x0000000706e00000| Untracked 
|  25|0x0000000707000000, 0x0000000707000000, 0x0000000707200000|  0%| F|  |TAMS 0x0000000707000000| PB 0x0000000707000000| Untracked 
|  26|0x0000000707200000, 0x0000000707200000, 0x0000000707400000|  0%| F|  |TAMS 0x0000000707200000| PB 0x0000000707200000| Untracked 
|  27|0x0000000707400000, 0x0000000707400000, 0x0000000707600000|  0%| F|  |TAMS 0x0000000707400000| PB 0x0000000707400000| Untracked 
|  28|0x0000000707600000, 0x0000000707600000, 0x0000000707800000|  0%| F|  |TAMS 0x0000000707600000| PB 0x0000000707600000| Untracked 
|  29|0x0000000707800000, 0x0000000707800000, 0x0000000707a00000|  0%| F|  |TAMS 0x0000000707800000| PB 0x0000000707800000| Untracked 
|  30|0x0000000707a00000, 0x0000000707a00000, 0x0000000707c00000|  0%| F|  |TAMS 0x0000000707a00000| PB 0x0000000707a00000| Untracked 
|  31|0x0000000707c00000, 0x0000000707c00000, 0x0000000707e00000|  0%| F|  |TAMS 0x0000000707c00000| PB 0x0000000707c00000| Untracked 
|  32|0x0000000707e00000, 0x0000000707e00000, 0x0000000708000000|  0%| F|  |TAMS 0x0000000707e00000| PB 0x0000000707e00000| Untracked 
|  33|0x0000000708000000, 0x0000000708000000, 0x0000000708200000|  0%| F|  |TAMS 0x0000000708000000| PB 0x0000000708000000| Untracked 
|  34|0x0000000708200000, 0x0000000708200000, 0x0000000708400000|  0%| F|  |TAMS 0x0000000708200000| PB 0x0000000708200000| Untracked 
|  35|0x0000000708400000, 0x0000000708400000, 0x0000000708600000|  0%| F|  |TAMS 0x0000000708400000| PB 0x0000000708400000| Untracked 
|  36|0x0000000708600000, 0x0000000708600000, 0x0000000708800000|  0%| F|  |TAMS 0x0000000708600000| PB 0x0000000708600000| Untracked 
|  37|0x0000000708800000, 0x0000000708800000, 0x0000000708a00000|  0%| F|  |TAMS 0x0000000708800000| PB 0x0000000708800000| Untracked 
|  38|0x0000000708a00000, 0x0000000708a00000, 0x0000000708c00000|  0%| F|  |TAMS 0x0000000708a00000| PB 0x0000000708a00000| Untracked 
|  39|0x0000000708c00000, 0x0000000708c00000, 0x0000000708e00000|  0%| F|  |TAMS 0x0000000708c00000| PB 0x0000000708c00000| Untracked 
|  40|0x0000000708e00000, 0x0000000708e00000, 0x0000000709000000|  0%| F|  |TAMS 0x0000000708e00000| PB 0x0000000708e00000| Untracked 
|  41|0x0000000709000000, 0x0000000709000000, 0x0000000709200000|  0%| F|  |TAMS 0x0000000709000000| PB 0x0000000709000000| Untracked 
|  42|0x0000000709200000, 0x0000000709200000, 0x0000000709400000|  0%| F|  |TAMS 0x0000000709200000| PB 0x0000000709200000| Untracked 
|  43|0x0000000709400000, 0x0000000709400000, 0x0000000709600000|  0%| F|  |TAMS 0x0000000709400000| PB 0x0000000709400000| Untracked 
|  44|0x0000000709600000, 0x0000000709600000, 0x0000000709800000|  0%| F|  |TAMS 0x0000000709600000| PB 0x0000000709600000| Untracked 
|  45|0x0000000709800000, 0x0000000709800000, 0x0000000709a00000|  0%| F|  |TAMS 0x0000000709800000| PB 0x0000000709800000| Untracked 
|  46|0x0000000709a00000, 0x0000000709a00000, 0x0000000709c00000|  0%| F|  |TAMS 0x0000000709a00000| PB 0x0000000709a00000| Untracked 
|  47|0x0000000709c00000, 0x0000000709c00000, 0x0000000709e00000|  0%| F|  |TAMS 0x0000000709c00000| PB 0x0000000709c00000| Untracked 
|  48|0x0000000709e00000, 0x0000000709e00000, 0x000000070a000000|  0%| F|  |TAMS 0x0000000709e00000| PB 0x0000000709e00000| Untracked 
|  49|0x000000070a000000, 0x000000070a000000, 0x000000070a200000|  0%| F|  |TAMS 0x000000070a000000| PB 0x000000070a000000| Untracked 
|  50|0x000000070a200000, 0x000000070a200000, 0x000000070a400000|  0%| F|  |TAMS 0x000000070a200000| PB 0x000000070a200000| Untracked 
|  51|0x000000070a400000, 0x000000070a400000, 0x000000070a600000|  0%| F|  |TAMS 0x000000070a400000| PB 0x000000070a400000| Untracked 
|  52|0x000000070a600000, 0x000000070a600000, 0x000000070a800000|  0%| F|  |TAMS 0x000000070a600000| PB 0x000000070a600000| Untracked 
|  53|0x000000070a800000, 0x000000070a800000, 0x000000070aa00000|  0%| F|  |TAMS 0x000000070a800000| PB 0x000000070a800000| Untracked 
|  54|0x000000070aa00000, 0x000000070aa00000, 0x000000070ac00000|  0%| F|  |TAMS 0x000000070aa00000| PB 0x000000070aa00000| Untracked 
|  55|0x000000070ac00000, 0x000000070ac00000, 0x000000070ae00000|  0%| F|  |TAMS 0x000000070ac00000| PB 0x000000070ac00000| Untracked 
|  56|0x000000070ae00000, 0x000000070ae00000, 0x000000070b000000|  0%| F|  |TAMS 0x000000070ae00000| PB 0x000000070ae00000| Untracked 
|  57|0x000000070b000000, 0x000000070b000000, 0x000000070b200000|  0%| F|  |TAMS 0x000000070b000000| PB 0x000000070b000000| Untracked 
|  58|0x000000070b200000, 0x000000070b200000, 0x000000070b400000|  0%| F|  |TAMS 0x000000070b200000| PB 0x000000070b200000| Untracked 
|  59|0x000000070b400000, 0x000000070b400000, 0x000000070b600000|  0%| F|  |TAMS 0x000000070b400000| PB 0x000000070b400000| Untracked 
|  60|0x000000070b600000, 0x000000070b600000, 0x000000070b800000|  0%| F|  |TAMS 0x000000070b600000| PB 0x000000070b600000| Untracked 
|  61|0x000000070b800000, 0x000000070b800000, 0x000000070ba00000|  0%| F|  |TAMS 0x000000070b800000| PB 0x000000070b800000| Untracked 
|  62|0x000000070ba00000, 0x000000070ba00000, 0x000000070bc00000|  0%| F|  |TAMS 0x000000070ba00000| PB 0x000000070ba00000| Untracked 
|  63|0x000000070bc00000, 0x000000070bc00000, 0x000000070be00000|  0%| F|  |TAMS 0x000000070bc00000| PB 0x000000070bc00000| Untracked 
|  64|0x000000070be00000, 0x000000070be00000, 0x000000070c000000|  0%| F|  |TAMS 0x000000070be00000| PB 0x000000070be00000| Untracked 
|  65|0x000000070c000000, 0x000000070c000000, 0x000000070c200000|  0%| F|  |TAMS 0x000000070c000000| PB 0x000000070c000000| Untracked 
|  66|0x000000070c200000, 0x000000070c200000, 0x000000070c400000|  0%| F|  |TAMS 0x000000070c200000| PB 0x000000070c200000| Untracked 
|  67|0x000000070c400000, 0x000000070c400000, 0x000000070c600000|  0%| F|  |TAMS 0x000000070c400000| PB 0x000000070c400000| Untracked 
|  68|0x000000070c600000, 0x000000070c600000, 0x000000070c800000|  0%| F|  |TAMS 0x000000070c600000| PB 0x000000070c600000| Untracked 
|  69|0x000000070c800000, 0x000000070c800000, 0x000000070ca00000|  0%| F|  |TAMS 0x000000070c800000| PB 0x000000070c800000| Untracked 
|  70|0x000000070ca00000, 0x000000070ca00000, 0x000000070cc00000|  0%| F|  |TAMS 0x000000070ca00000| PB 0x000000070ca00000| Untracked 
|  71|0x000000070cc00000, 0x000000070cc00000, 0x000000070ce00000|  0%| F|  |TAMS 0x000000070cc00000| PB 0x000000070cc00000| Untracked 
|  72|0x000000070ce00000, 0x000000070ce00000, 0x000000070d000000|  0%| F|  |TAMS 0x000000070ce00000| PB 0x000000070ce00000| Untracked 
|  73|0x000000070d000000, 0x000000070d000000, 0x000000070d200000|  0%| F|  |TAMS 0x000000070d000000| PB 0x000000070d000000| Untracked 
|  74|0x000000070d200000, 0x000000070d200000, 0x000000070d400000|  0%| F|  |TAMS 0x000000070d200000| PB 0x000000070d200000| Untracked 
|  75|0x000000070d400000, 0x000000070d400000, 0x000000070d600000|  0%| F|  |TAMS 0x000000070d400000| PB 0x000000070d400000| Untracked 
|  76|0x000000070d600000, 0x000000070d600000, 0x000000070d800000|  0%| F|  |TAMS 0x000000070d600000| PB 0x000000070d600000| Untracked 
|  77|0x000000070d800000, 0x000000070d800000, 0x000000070da00000|  0%| F|  |TAMS 0x000000070d800000| PB 0x000000070d800000| Untracked 
|  78|0x000000070da00000, 0x000000070da00000, 0x000000070dc00000|  0%| F|  |TAMS 0x000000070da00000| PB 0x000000070da00000| Untracked 
|  79|0x000000070dc00000, 0x000000070dc00000, 0x000000070de00000|  0%| F|  |TAMS 0x000000070dc00000| PB 0x000000070dc00000| Untracked 
|  80|0x000000070de00000, 0x000000070de00000, 0x000000070e000000|  0%| F|  |TAMS 0x000000070de00000| PB 0x000000070de00000| Untracked 
|  81|0x000000070e000000, 0x000000070e000000, 0x000000070e200000|  0%| F|  |TAMS 0x000000070e000000| PB 0x000000070e000000| Untracked 
|  82|0x000000070e200000, 0x000000070e200000, 0x000000070e400000|  0%| F|  |TAMS 0x000000070e200000| PB 0x000000070e200000| Untracked 
|  83|0x000000070e400000, 0x000000070e400000, 0x000000070e600000|  0%| F|  |TAMS 0x000000070e400000| PB 0x000000070e400000| Untracked 
|  84|0x000000070e600000, 0x000000070e600000, 0x000000070e800000|  0%| F|  |TAMS 0x000000070e600000| PB 0x000000070e600000| Untracked 
|  85|0x000000070e800000, 0x000000070e800000, 0x000000070ea00000|  0%| F|  |TAMS 0x000000070e800000| PB 0x000000070e800000| Untracked 
|  86|0x000000070ea00000, 0x000000070ea00000, 0x000000070ec00000|  0%| F|  |TAMS 0x000000070ea00000| PB 0x000000070ea00000| Untracked 
|  87|0x000000070ec00000, 0x000000070ec00000, 0x000000070ee00000|  0%| F|  |TAMS 0x000000070ec00000| PB 0x000000070ec00000| Untracked 
|  88|0x000000070ee00000, 0x000000070ee00000, 0x000000070f000000|  0%| F|  |TAMS 0x000000070ee00000| PB 0x000000070ee00000| Untracked 
|  89|0x000000070f000000, 0x000000070f000000, 0x000000070f200000|  0%| F|  |TAMS 0x000000070f000000| PB 0x000000070f000000| Untracked 
|  90|0x000000070f200000, 0x000000070f200000, 0x000000070f400000|  0%| F|  |TAMS 0x000000070f200000| PB 0x000000070f200000| Untracked 
|  91|0x000000070f400000, 0x000000070f400000, 0x000000070f600000|  0%| F|  |TAMS 0x000000070f400000| PB 0x000000070f400000| Untracked 
|  92|0x000000070f600000, 0x000000070f600000, 0x000000070f800000|  0%| F|  |TAMS 0x000000070f600000| PB 0x000000070f600000| Untracked 
|  93|0x000000070f800000, 0x000000070f800000, 0x000000070fa00000|  0%| F|  |TAMS 0x000000070f800000| PB 0x000000070f800000| Untracked 
|  94|0x000000070fa00000, 0x000000070fa00000, 0x000000070fc00000|  0%| F|  |TAMS 0x000000070fa00000| PB 0x000000070fa00000| Untracked 
|  95|0x000000070fc00000, 0x000000070fc00000, 0x000000070fe00000|  0%| F|  |TAMS 0x000000070fc00000| PB 0x000000070fc00000| Untracked 
|  96|0x000000070fe00000, 0x000000070fe00000, 0x0000000710000000|  0%| F|  |TAMS 0x000000070fe00000| PB 0x000000070fe00000| Untracked 
|  97|0x0000000710000000, 0x0000000710000000, 0x0000000710200000|  0%| F|  |TAMS 0x0000000710000000| PB 0x0000000710000000| Untracked 
|  98|0x0000000710200000, 0x0000000710200000, 0x0000000710400000|  0%| F|  |TAMS 0x0000000710200000| PB 0x0000000710200000| Untracked 
|  99|0x0000000710400000, 0x0000000710400000, 0x0000000710600000|  0%| F|  |TAMS 0x0000000710400000| PB 0x0000000710400000| Untracked 
| 100|0x0000000710600000, 0x0000000710600000, 0x0000000710800000|  0%| F|  |TAMS 0x0000000710600000| PB 0x0000000710600000| Untracked 
| 101|0x0000000710800000, 0x0000000710800000, 0x0000000710a00000|  0%| F|  |TAMS 0x0000000710800000| PB 0x0000000710800000| Untracked 
| 102|0x0000000710a00000, 0x0000000710a00000, 0x0000000710c00000|  0%| F|  |TAMS 0x0000000710a00000| PB 0x0000000710a00000| Untracked 
| 103|0x0000000710c00000, 0x0000000710c00000, 0x0000000710e00000|  0%| F|  |TAMS 0x0000000710c00000| PB 0x0000000710c00000| Untracked 
| 104|0x0000000710e00000, 0x0000000710e00000, 0x0000000711000000|  0%| F|  |TAMS 0x0000000710e00000| PB 0x0000000710e00000| Untracked 
| 105|0x0000000711000000, 0x0000000711000000, 0x0000000711200000|  0%| F|  |TAMS 0x0000000711000000| PB 0x0000000711000000| Untracked 
| 106|0x0000000711200000, 0x0000000711200000, 0x0000000711400000|  0%| F|  |TAMS 0x0000000711200000| PB 0x0000000711200000| Untracked 
| 107|0x0000000711400000, 0x0000000711400000, 0x0000000711600000|  0%| F|  |TAMS 0x0000000711400000| PB 0x0000000711400000| Untracked 
| 108|0x0000000711600000, 0x0000000711600000, 0x0000000711800000|  0%| F|  |TAMS 0x0000000711600000| PB 0x0000000711600000| Untracked 
| 109|0x0000000711800000, 0x0000000711800000, 0x0000000711a00000|  0%| F|  |TAMS 0x0000000711800000| PB 0x0000000711800000| Untracked 
| 110|0x0000000711a00000, 0x0000000711b2f320, 0x0000000711c00000| 59%| E|  |TAMS 0x0000000711a00000| PB 0x0000000711a00000| Complete 
| 111|0x0000000711c00000, 0x0000000711e00000, 0x0000000711e00000|100%| E|CS|TAMS 0x0000000711c00000| PB 0x0000000711c00000| Complete 
| 112|0x0000000711e00000, 0x0000000712000000, 0x0000000712000000|100%| E|CS|TAMS 0x0000000711e00000| PB 0x0000000711e00000| Complete 
| 113|0x0000000712000000, 0x0000000712200000, 0x0000000712200000|100%| E|CS|TAMS 0x0000000712000000| PB 0x0000000712000000| Complete 
| 114|0x0000000712200000, 0x0000000712400000, 0x0000000712400000|100%| S|CS|TAMS 0x0000000712200000| PB 0x0000000712200000| Complete 
| 115|0x0000000712400000, 0x0000000712600000, 0x0000000712600000|100%| S|CS|TAMS 0x0000000712400000| PB 0x0000000712400000| Complete 
| 116|0x0000000712600000, 0x0000000712800000, 0x0000000712800000|100%| E|CS|TAMS 0x0000000712600000| PB 0x0000000712600000| Complete 
| 117|0x0000000712800000, 0x0000000712a00000, 0x0000000712a00000|100%| E|CS|TAMS 0x0000000712800000| PB 0x0000000712800000| Complete 
| 118|0x0000000712a00000, 0x0000000712c00000, 0x0000000712c00000|100%| E|CS|TAMS 0x0000000712a00000| PB 0x0000000712a00000| Complete 
| 119|0x0000000712c00000, 0x0000000712e00000, 0x0000000712e00000|100%| E|CS|TAMS 0x0000000712c00000| PB 0x0000000712c00000| Complete 
| 120|0x0000000712e00000, 0x0000000713000000, 0x0000000713000000|100%| E|CS|TAMS 0x0000000712e00000| PB 0x0000000712e00000| Complete 
| 121|0x0000000713000000, 0x0000000713200000, 0x0000000713200000|100%| E|CS|TAMS 0x0000000713000000| PB 0x0000000713000000| Complete 
| 122|0x0000000713200000, 0x0000000713400000, 0x0000000713400000|100%| E|CS|TAMS 0x0000000713200000| PB 0x0000000713200000| Complete 
| 123|0x0000000713400000, 0x0000000713600000, 0x0000000713600000|100%| E|CS|TAMS 0x0000000713400000| PB 0x0000000713400000| Complete 
| 124|0x0000000713600000, 0x0000000713800000, 0x0000000713800000|100%| E|CS|TAMS 0x0000000713600000| PB 0x0000000713600000| Complete 
| 125|0x0000000713800000, 0x0000000713a00000, 0x0000000713a00000|100%| E|CS|TAMS 0x0000000713800000| PB 0x0000000713800000| Complete 
| 126|0x0000000713a00000, 0x0000000713c00000, 0x0000000713c00000|100%| E|CS|TAMS 0x0000000713a00000| PB 0x0000000713a00000| Complete 

Card table byte_map: [0x0000023dec450000,0x0000023decc40000] _byte_map_base: 0x0000023de8c31000

Marking Bits: (CMBitMap*) 0x0000023dd48fa410
 Bits: [0x0000023ded430000, 0x0000023df1338000)

Polling page: 0x0000023dd2600000

Metaspace:

Usage:
  Non-class:      3.77 MB used.
      Class:    261.24 KB used.
       Both:      4.02 MB used.

Virtual space:
  Non-class space:       64.00 MB reserved,       3.88 MB (  6%) committed,  1 nodes.
      Class space:        1.00 GB reserved,     384.00 KB ( <1%) committed,  1 nodes.
             Both:        1.06 GB reserved,       4.25 MB ( <1%) committed. 

Chunk freelists:
   Non-Class:  1.94 MB
       Class:  3.59 MB
        Both:  5.53 MB

MaxMetaspaceSize: unlimited
CompressedClassSpaceSize: 1.00 GB
Initial GC threshold: 21.00 MB
Current GC threshold: 21.00 MB
CDS: on
MetaspaceReclaimPolicy: balanced
 - commit_granule_bytes: 65536.
 - commit_granule_words: 8192.
 - virtual_space_node_default_size: 8388608.
 - enlarge_chunks_in_place: 1.
 - new_chunks_are_fully_committed: 0.
 - uncommit_free_chunks: 1.
 - use_allocation_guard: 0.


Internal statistics:

num_allocs_failed_limit: 0.
num_arena_births: 134.
num_arena_deaths: 0.
num_vsnodes_births: 2.
num_vsnodes_deaths: 0.
num_space_committed: 66.
num_space_uncommitted: 0.
num_chunks_returned_to_freelist: 0.
num_chunks_taken_from_freelist: 242.
num_chunk_merges: 0.
num_chunk_splits: 153.
num_chunks_enlarged: 98.
num_inconsistent_stats: 0.

CodeHeap 'non-profiled nmethods': size=120000Kb used=630Kb max_used=630Kb free=119369Kb
 bounds [0x0000023de4400000, 0x0000023de4670000, 0x0000023deb930000]
CodeHeap 'profiled nmethods': size=120000Kb used=1568Kb max_used=1568Kb free=118431Kb
 bounds [0x0000023ddc930000, 0x0000023ddcba0000, 0x0000023de3e60000]
CodeHeap 'non-nmethods': size=5760Kb used=2469Kb max_used=2504Kb free=3291Kb
 bounds [0x0000023de3e60000, 0x0000023de40e0000, 0x0000023de4400000]
 total_blobs=2304 nmethods=1192 adapters=1023
 compilation: enabled
              stopped_count=0, restarted_count=0
 full_count=0

Compilation events (20 events):
Event: 5.064 Thread 0x0000023df3d97750 1182       3       metastasis.metastasis::StepCells (143 bytes)
Event: 5.065 Thread 0x0000023df3d97750 nmethod 1182 0x0000023ddcab1910 code [0x0000023ddcab1c20, 0x0000023ddcab2b58]
Event: 5.065 Thread 0x0000023df3d97750 1183       3       HAL.Tools.Internal.ADIequations::Diffusion2DADI (146 bytes)
Event: 5.066 Thread 0x0000023df3d97750 nmethod 1183 0x0000023ddcab3090 code [0x0000023ddcab33e0, 0x0000023ddcab4c58]
Event: 5.190 Thread 0x0000023df3d97750 1184       3       HAL.GridsAndAgents.InternalGridAgentList::ShuffleAgents (94 bytes)
Event: 5.191 Thread 0x0000023df3d97750 nmethod 1184 0x0000023ddcab5710 code [0x0000023ddcab5980, 0x0000023ddcab6868]
Event: 5.360 Thread 0x0000023df3d93910 1185       4       HAL.Tools.Internal.SplittableRN::nextInt (74 bytes)
Event: 5.361 Thread 0x0000023df3d93910 nmethod 1185 0x0000023de4494890 code [0x0000023de4494a00, 0x0000023de4494b50]
Event: 5.409 Thread 0x0000023df3d93910 1186       4       metastasis.CellEx::Divide (119 bytes)
Event: 5.443 Thread 0x0000023df3d93910 nmethod 1186 0x0000023de4494c10 code [0x0000023de4494f20, 0x0000023de4496990]
Event: 6.468 Thread 0x0000023df3d97750 1188       3       HAL.GridsAndAgents.InternalGridAgentList::ReturnIter (21 bytes)
Event: 6.468 Thread 0x0000023df3d97750 nmethod 1188 0x0000023ddcab6e90 code [0x0000023ddcab7060, 0x0000023ddcab7558]
Event: 8.225 Thread 0x0000023df3d97750 1189       3       HAL.GridsAndAgents.InternalGridAgentList::iterator (96 bytes)
Event: 8.225 Thread 0x0000023df3d97750 nmethod 1189 0x0000023ddcab7790 code [0x0000023ddcab7960, 0x0000023ddcab7f68]
Event: 9.314 Thread 0x0000023df3d93910 1190 %     4       metastasis.metastasis::drawAllCells @ 13 (236 bytes)
Event: 9.348 Thread 0x0000023df3d93910 nmethod 1190% 0x0000023de4498290 code [0x0000023de4498560, 0x0000023de4499ee8]
Event: 10.441 Thread 0x0000023df3d93910 1191 %     4       metastasis.metastasis::drawAllCells @ 141 (236 bytes)
Event: 10.476 Thread 0x0000023df3d93910 nmethod 1191% 0x0000023de449ad10 code [0x0000023de449af60, 0x0000023de449b9e8]
Event: 11.039 Thread 0x0000023df3d93910 1192 %     4       HAL.Tools.Internal.ADIequations::Diffusion2DADI @ 3 (146 bytes)
Event: 11.067 Thread 0x0000023df3d93910 nmethod 1192% 0x0000023de449c210 code [0x0000023de449c400, 0x0000023de449d118]

GC Heap History (2 events):
Event: 2.937 GC heap before
{Heap before GC invocations=0 (full 0):
 garbage-first heap   total 260096K, used 22528K [0x0000000703e00000, 0x0000000800000000)
  region size 2048K, 11 young (22528K), 0 survivors (0K)
 Metaspace       used 4106K, committed 4352K, reserved 1114112K
  class space    used 260K, committed 384K, reserved 1048576K
}
Event: 2.941 GC heap after
{Heap after GC invocations=1 (full 0):
 garbage-first heap   total 260096K, used 4817K [0x0000000703e00000, 0x0000000800000000)
  region size 2048K, 2 young (4096K), 2 survivors (4096K)
 Metaspace       used 4106K, committed 4352K, reserved 1114112K
  class space    used 260K, committed 384K, reserved 1048576K
}

Dll operation events (12 events):
Event: 0.017 Loaded shared library C:\Users\4473331\.jdks\openjdk-20.0.1\bin\java.dll
Event: 0.027 Loaded shared library C:\Users\4473331\.jdks\openjdk-20.0.1\bin\jsvml.dll
Event: 0.107 Loaded shared library C:\Users\4473331\.jdks\openjdk-20.0.1\bin\zip.dll
Event: 0.114 Loaded shared library C:\Users\4473331\.jdks\openjdk-20.0.1\bin\instrument.dll
Event: 0.120 Loaded shared library C:\Users\4473331\.jdks\openjdk-20.0.1\bin\net.dll
Event: 0.124 Loaded shared library C:\Users\4473331\.jdks\openjdk-20.0.1\bin\nio.dll
Event: 0.127 Loaded shared library C:\Users\4473331\.jdks\openjdk-20.0.1\bin\zip.dll
Event: 0.173 Loaded shared library C:\Program Files\JetBrains\IntelliJ IDEA Community Edition 2023.1.2\bin\breakgen64.dll
Event: 0.182 Loaded shared library C:\Users\4473331\.jdks\openjdk-20.0.1\bin\extnet.dll
Event: 0.183 Loaded shared library C:\Users\4473331\.jdks\openjdk-20.0.1\bin\jimage.dll
Event: 0.412 Loaded shared library C:\Users\4473331\AppData\Local\Temp\1\lwjgl_4473331\3.3.2+13\x64\lwjgl.dll
Event: 0.943 Loaded shared library C:\Users\4473331\AppData\Local\Temp\1\lwjgl_4473331\3.3.2+13\x64\lwjgl_opengl.dll

Deoptimization events (20 events):
Event: 1.482 Thread 0x0000023dd488b0c0 Uncommon trap: trap_request=0xffffffbe fr.pc=0x0000023de44531f4 relative=0x00000000000009d4
Event: 1.482 Thread 0x0000023dd488b0c0 Uncommon trap: reason=profile_predicate action=maybe_recompile pc=0x0000023de44531f4 method=HAL.Tools.TdmaSolver.TDMA(ILHAL/Interfaces/IntToDouble;LHAL/Interfaces/IntDoubleToVoid;LHAL/Interfaces/IntToDouble;LHAL/Interfaces/IntToDouble;LHAL/Interfaces/IntT
Event: 1.482 Thread 0x0000023dd488b0c0 DEOPT PACKING pc=0x0000023de44531f4 sp=0x0000004f02cff2b0
Event: 1.482 Thread 0x0000023dd488b0c0 DEOPT UNPACKING pc=0x0000023de3e7d2a2 sp=0x0000004f02cff248 mode 2
Event: 1.660 Thread 0x0000023dd488b0c0 Uncommon trap: trap_request=0xffffffbe fr.pc=0x0000023de4471a58 relative=0x00000000000039f8
Event: 1.660 Thread 0x0000023dd488b0c0 Uncommon trap: reason=profile_predicate action=maybe_recompile pc=0x0000023de4471a58 method=HAL.Tools.TdmaSolver.TDMA(ILHAL/Interfaces/IntToDouble;LHAL/Interfaces/IntDoubleToVoid;LHAL/Interfaces/IntToDouble;LHAL/Interfaces/IntToDouble;LHAL/Interfaces/IntT
Event: 1.660 Thread 0x0000023dd488b0c0 DEOPT PACKING pc=0x0000023de4471a58 sp=0x0000004f02cff280
Event: 1.660 Thread 0x0000023dd488b0c0 DEOPT UNPACKING pc=0x0000023de3e7d2a2 sp=0x0000004f02cff240 mode 2
Event: 1.660 Thread 0x0000023dd488b0c0 Uncommon trap: trap_request=0xffffffbe fr.pc=0x0000023de4471a58 relative=0x00000000000039f8
Event: 1.660 Thread 0x0000023dd488b0c0 Uncommon trap: reason=profile_predicate action=maybe_recompile pc=0x0000023de4471a58 method=HAL.Tools.TdmaSolver.TDMA(ILHAL/Interfaces/IntToDouble;LHAL/Interfaces/IntDoubleToVoid;LHAL/Interfaces/IntToDouble;LHAL/Interfaces/IntToDouble;LHAL/Interfaces/IntT
Event: 1.660 Thread 0x0000023dd488b0c0 DEOPT PACKING pc=0x0000023de4471a58 sp=0x0000004f02cff280
Event: 1.660 Thread 0x0000023dd488b0c0 DEOPT UNPACKING pc=0x0000023de3e7d2a2 sp=0x0000004f02cff240 mode 2
Event: 1.857 Thread 0x0000023dd488b0c0 Uncommon trap: trap_request=0xffffff45 fr.pc=0x0000023de447b1bc relative=0x00000000000013fc
Event: 1.857 Thread 0x0000023dd488b0c0 Uncommon trap: reason=unstable_if action=reinterpret pc=0x0000023de447b1bc method=metastasis.CellEx.tryMove()V @ 225 c2
Event: 1.857 Thread 0x0000023dd488b0c0 DEOPT PACKING pc=0x0000023de447b1bc sp=0x0000004f02cff530
Event: 1.857 Thread 0x0000023dd488b0c0 DEOPT UNPACKING pc=0x0000023de3e7d2a2 sp=0x0000004f02cff4e8 mode 2
Event: 2.371 Thread 0x0000023dd488b0c0 Uncommon trap: trap_request=0xffffff45 fr.pc=0x0000023de4487d14 relative=0x0000000000002014
Event: 2.371 Thread 0x0000023dd488b0c0 Uncommon trap: reason=unstable_if action=reinterpret pc=0x0000023de4487d14 method=HAL.GridsAndAgents.AgentGrid2D.GetAgents(Ljava/util/ArrayList;II)V @ 10 c2
Event: 2.371 Thread 0x0000023dd488b0c0 DEOPT PACKING pc=0x0000023de4487d14 sp=0x0000004f02cff530
Event: 2.371 Thread 0x0000023dd488b0c0 DEOPT UNPACKING pc=0x0000023de3e7d2a2 sp=0x0000004f02cff468 mode 2

Classes loaded (20 events):
Event: 1.097 Loading class java/util/AbstractList$Itr done
Event: 1.097 Loading class java/util/AbstractList$ListItr done
Event: 1.097 Loading class java/util/Spliterators$DoubleArraySpliterator
Event: 1.098 Loading class java/util/Spliterators$DoubleArraySpliterator done
Event: 1.098 Loading class java/util/stream/DoublePipeline$Head
Event: 1.098 Loading class java/util/stream/DoublePipeline
Event: 1.099 Loading class java/util/stream/DoubleStream
Event: 1.099 Loading class java/util/stream/DoubleStream done
Event: 1.099 Loading class java/util/stream/DoublePipeline done
Event: 1.099 Loading class java/util/stream/DoublePipeline$Head done
Event: 1.099 Loading class java/util/function/ObjDoubleConsumer
Event: 1.100 Loading class java/util/function/ObjDoubleConsumer done
Event: 1.100 Loading class java/util/stream/ReduceOps$16
Event: 1.101 Loading class java/util/stream/ReduceOps$16 done
Event: 1.101 Loading class java/util/stream/ReduceOps$13ReducingSink
Event: 1.101 Loading class java/util/stream/Sink$OfDouble
Event: 1.101 Loading class java/util/stream/Sink$OfDouble done
Event: 1.101 Loading class java/util/stream/ReduceOps$13ReducingSink done
Event: 11.729 Loading class jdk/internal/misc/Signal$1
Event: 11.735 Loading class jdk/internal/misc/Signal$1 done

Classes unloaded (0 events):
No events

Classes redefined (0 events):
No events

Internal exceptions (20 events):
Event: 0.437 Thread 0x0000023dd488b0c0 Exception <a 'sun/nio/fs/WindowsException'{0x000000071323e580}> (0x000000071323e580) 
thrown [s\open\src\hotspot\share\prims\jni.cpp, line 519]
Event: 0.437 Thread 0x0000023dd488b0c0 Exception <a 'sun/nio/fs/WindowsException'{0x000000071323eb60}> (0x000000071323eb60) 
thrown [s\open\src\hotspot\share\prims\jni.cpp, line 519]
Event: 0.438 Thread 0x0000023dd488b0c0 Exception <a 'sun/nio/fs/WindowsException'{0x0000000713245378}> (0x0000000713245378) 
thrown [s\open\src\hotspot\share\prims\jni.cpp, line 519]
Event: 0.445 Thread 0x0000023dd488b0c0 Exception <a 'sun/nio/fs/WindowsException'{0x00000007132480f0}> (0x00000007132480f0) 
thrown [s\open\src\hotspot\share\prims\jni.cpp, line 519]
Event: 0.445 Thread 0x0000023dd488b0c0 Exception <a 'sun/nio/fs/WindowsException'{0x0000000713248480}> (0x0000000713248480) 
thrown [s\open\src\hotspot\share\prims\jni.cpp, line 519]
Event: 0.504 Thread 0x0000023dd488b0c0 Exception <a 'java/lang/NoSuchMethodError'{0x000000071326d670}: 'int java.lang.invoke.Invokers$Holder.invokeExact_MT(java.lang.Object, java.lang.Object)'> (0x000000071326d670) 
thrown [s\open\src\hotspot\share\interpreter\linkResolver.cpp, line 773]
Event: 0.884 Thread 0x0000023dd488b0c0 Exception <a 'java/lang/NoSuchMethodError'{0x00000007132e9fe8}: 'void java.lang.System.load(java.lang.String, java.lang.Class)'> (0x00000007132e9fe8) 
thrown [s\open\src\hotspot\share\interpreter\linkResolver.cpp, line 773]
Event: 0.886 Thread 0x0000023dd488b0c0 Exception <a 'java/lang/NoSuchMethodError'{0x00000007132ecf08}: 'void java.lang.System.loadLibrary(java.lang.String, java.lang.Class)'> (0x00000007132ecf08) 
thrown [s\open\src\hotspot\share\interpreter\linkResolver.cpp, line 773]
Event: 0.887 Thread 0x0000023dd488b0c0 Exception <a 'sun/nio/fs/WindowsException'{0x00000007132f29c0}> (0x00000007132f29c0) 
thrown [s\open\src\hotspot\share\prims\jni.cpp, line 519]
Event: 0.887 Thread 0x0000023dd488b0c0 Exception <a 'sun/nio/fs/WindowsException'{0x00000007132f2fb0}> (0x00000007132f2fb0) 
thrown [s\open\src\hotspot\share\prims\jni.cpp, line 519]
Event: 0.887 Thread 0x0000023dd488b0c0 Exception <a 'sun/nio/fs/WindowsException'{0x00000007132f97f0}> (0x00000007132f97f0) 
thrown [s\open\src\hotspot\share\prims\jni.cpp, line 519]
Event: 0.893 Thread 0x0000023dd488b0c0 Exception <a 'sun/nio/fs/WindowsException'{0x00000007132fc5b8}> (0x00000007132fc5b8) 
thrown [s\open\src\hotspot\share\prims\jni.cpp, line 519]
Event: 0.893 Thread 0x0000023dd488b0c0 Exception <a 'sun/nio/fs/WindowsException'{0x00000007132fc978}> (0x00000007132fc978) 
thrown [s\open\src\hotspot\share\prims\jni.cpp, line 519]
Event: 0.946 Thread 0x0000023dd488b0c0 Exception <a 'sun/nio/fs/WindowsException'{0x000000071330c428}> (0x000000071330c428) 
thrown [s\open\src\hotspot\share\prims\jni.cpp, line 519]
Event: 0.946 Thread 0x0000023dd488b0c0 Exception <a 'sun/nio/fs/WindowsException'{0x000000071330c728}> (0x000000071330c728) 
thrown [s\open\src\hotspot\share\prims\jni.cpp, line 519]
Event: 0.998 Thread 0x0000023df3d7e8a0 Exception <a 'java/lang/NoSuchMethodError'{0x00000007131330c0}: 'java.lang.Object java.lang.invoke.Invokers$Holder.invokeExact_MT(java.lang.Object, java.lang.Object, java.lang.Object, java.lang.Object, java.lang.Object, java.lang.Object)'> (0x00000007131330c0) 
thrown [s\open\src\hotspot\share\interpreter\linkResolver.cpp, line 773]
Event: 1.005 Thread 0x0000023dd488b0c0 Exception <a 'java/lang/NoSuchMethodError'{0x000000071306e778}: 'void java.lang.invoke.Invokers$Holder.invokeExact_MT(java.lang.Object, java.lang.Object, java.lang.Object, java.lang.Object)'> (0x000000071306e778) 
thrown [s\open\src\hotspot\share\interpreter\linkResolver.cpp, line 773]
Event: 1.100 Thread 0x0000023dd488b0c0 Exception <a 'java/lang/NoSuchMethodError'{0x00000007131ca438}: 'void java.lang.invoke.DirectMethodHandle$Holder.invokeStatic(java.lang.Object, java.lang.Object, double)'> (0x00000007131ca438) 
thrown [s\open\src\hotspot\share\interpreter\linkResolver.cpp, line 773]
Event: 1.113 Thread 0x0000023dd488b0c0 Exception <a 'java/lang/NoSuchMethodError'{0x0000000712f8b148}: 'java.lang.Object java.lang.invoke.DirectMethodHandle$Holder.newInvokeSpecial(java.lang.Object, java.lang.Object, int, int)'> (0x0000000712f8b148) 
thrown [s\open\src\hotspot\share\interpreter\linkResolver.cpp, line 773]
Event: 1.115 Thread 0x0000023dd488b0c0 Exception <a 'java/lang/NoSuchMethodError'{0x0000000712fae240}: 'java.lang.Object java.lang.invoke.DirectMethodHandle$Holder.invokeSpecial(java.lang.Object, java.lang.Object, double, double)'> (0x0000000712fae240) 
thrown [s\open\src\hotspot\share\interpreter\linkResolver.cpp, line 773]

VM Operations (20 events):
Event: 0.189 Executing VM operation: HandshakeAllThreads done
Event: 0.224 Executing VM operation: HandshakeAllThreads
Event: 0.224 Executing VM operation: HandshakeAllThreads done
Event: 0.233 Executing VM operation: HandshakeAllThreads
Event: 0.233 Executing VM operation: HandshakeAllThreads done
Event: 1.123 Executing VM operation: HandshakeAllThreads
Event: 1.123 Executing VM operation: HandshakeAllThreads done
Event: 1.123 Executing VM operation: Cleanup
Event: 1.124 Executing VM operation: Cleanup done
Event: 2.124 Executing VM operation: Cleanup
Event: 2.124 Executing VM operation: Cleanup done
Event: 2.937 Executing VM operation: G1CollectForAllocation
Event: 2.941 Executing VM operation: G1CollectForAllocation done
Event: 3.956 Executing VM operation: Cleanup
Event: 3.956 Executing VM operation: Cleanup done
Event: 5.973 Executing VM operation: Cleanup
Event: 5.973 Executing VM operation: Cleanup done
Event: 6.979 Executing VM operation: Cleanup
Event: 6.979 Executing VM operation: Cleanup done
Event: 11.779 Executing VM operation: Exit

Events (19 events):
Event: 0.028 Thread 0x0000023dd488b0c0 Thread added: 0x0000023dd488b0c0
Event: 0.040 Thread 0x0000023df3d76f70 Thread added: 0x0000023df3d76f70
Event: 0.040 Thread 0x0000023df3d77d40 Thread added: 0x0000023df3d77d40
Event: 0.040 Thread 0x0000023df3d7dcd0 Thread added: 0x0000023df3d7dcd0
Event: 0.040 Thread 0x0000023df3d7e8a0 Thread added: 0x0000023df3d7e8a0
Event: 0.041 Thread 0x0000023df3d83c50 Thread added: 0x0000023df3d83c50
Event: 0.041 Thread 0x0000023df3d831b0 Thread added: 0x0000023df3d831b0
Event: 0.041 Thread 0x0000023df3d93910 Thread added: 0x0000023df3d93910
Event: 0.041 Thread 0x0000023df3d97750 Thread added: 0x0000023df3d97750
Event: 0.091 Thread 0x0000023df3d83700 Thread added: 0x0000023df3d83700
Event: 0.104 Thread 0x0000023df814b0a0 Thread added: 0x0000023df814b0a0
Event: 0.173 Thread 0x0000023df3d841a0 Thread added: 0x0000023df3d841a0
Event: 0.173 Thread 0x0000023df3d821c0 Thread added: 0x0000023df3d821c0
Event: 0.412 Thread 0x0000023df814b0a0 Thread exited: 0x0000023df814b0a0
Event: 1.119 Thread 0x0000023d800fbac0 Thread added: 0x0000023d800fbac0
Event: 1.119 Thread 0x0000023d80150b20 Thread added: 0x0000023d80150b20
Event: 1.441 Thread 0x0000023d80150b20 Thread exited: 0x0000023d80150b20
Event: 2.372 Thread 0x0000023d800fbac0 Thread exited: 0x0000023d800fbac0
Event: 11.744 Thread 0x0000023df3d82710 Thread added: 0x0000023df3d82710


Dynamic libraries:
0x00007ff6b0bf0000 - 0x00007ff6b0bfe000 	C:\Users\4473331\.jdks\openjdk-20.0.1\bin\java.exe
0x00007ffa76630000 - 0x00007ffa76828000 	C:\WINDOWS\SYSTEM32\ntdll.dll
0x00007ffa75e60000 - 0x00007ffa75f22000 	C:\WINDOWS\System32\KERNEL32.DLL
0x00007ffa73f00000 - 0x00007ffa741fe000 	C:\WINDOWS\System32\KERNELBASE.dll
0x00007ffa73940000 - 0x00007ffa73a60000 	C:\Windows\system32\hmpalert.dll
0x00007ffa74200000 - 0x00007ffa74300000 	C:\WINDOWS\System32\ucrtbase.dll
0x00007ffa6c910000 - 0x00007ffa6c92b000 	C:\Users\4473331\.jdks\openjdk-20.0.1\bin\VCRUNTIME140.dll
0x00007ffa6c950000 - 0x00007ffa6c967000 	C:\Users\4473331\.jdks\openjdk-20.0.1\bin\jli.dll
0x00007ffa74e70000 - 0x00007ffa7500d000 	C:\WINDOWS\System32\USER32.dll
0x00007ffa73e80000 - 0x00007ffa73ea2000 	C:\WINDOWS\System32\win32u.dll
0x00007ffa75dd0000 - 0x00007ffa75dfb000 	C:\WINDOWS\System32\GDI32.dll
0x00007ffa74490000 - 0x00007ffa745a7000 	C:\WINDOWS\System32\gdi32full.dll
0x00007ffa745b0000 - 0x00007ffa7464d000 	C:\WINDOWS\System32\msvcp_win.dll
0x00007ffa61980000 - 0x00007ffa61c1a000 	C:\WINDOWS\WinSxS\amd64_microsoft.windows.common-controls_6595b64144ccf1df_6.0.19041.4355_none_60b8b9eb71f62e16\COMCTL32.dll
0x00007ffa74dd0000 - 0x00007ffa74e6e000 	C:\WINDOWS\System32\msvcrt.dll
0x00007ffa76410000 - 0x00007ffa7643f000 	C:\WINDOWS\System32\IMM32.DLL
0x00007ffa6f320000 - 0x00007ffa6f32c000 	C:\Users\4473331\.jdks\openjdk-20.0.1\bin\vcruntime140_1.dll
0x00007ffa58ed0000 - 0x00007ffa58f5e000 	C:\Users\4473331\.jdks\openjdk-20.0.1\bin\msvcp140.dll
0x00007ff9db200000 - 0x00007ff9dbe97000 	C:\Users\4473331\.jdks\openjdk-20.0.1\bin\server\jvm.dll
0x00007ffa762f0000 - 0x00007ffa763a1000 	C:\WINDOWS\System32\ADVAPI32.dll
0x00007ffa75780000 - 0x00007ffa7581f000 	C:\WINDOWS\System32\sechost.dll
0x00007ffa760b0000 - 0x00007ffa761d3000 	C:\WINDOWS\System32\RPCRT4.dll
0x00007ffa74460000 - 0x00007ffa74487000 	C:\WINDOWS\System32\bcrypt.dll
0x00007ffa56730000 - 0x00007ffa56757000 	C:\WINDOWS\SYSTEM32\WINMM.dll
0x00007ffa563d0000 - 0x00007ffa563d9000 	C:\WINDOWS\SYSTEM32\WSOCK32.dll
0x00007ffa758f0000 - 0x00007ffa7595b000 	C:\WINDOWS\System32\WS2_32.dll
0x00007ffa72860000 - 0x00007ffa7286a000 	C:\WINDOWS\SYSTEM32\VERSION.dll
0x00007ffa727c0000 - 0x00007ffa727d2000 	C:\WINDOWS\SYSTEM32\kernel.appcore.dll
0x00007ffa6c980000 - 0x00007ffa6c98a000 	C:\Users\4473331\.jdks\openjdk-20.0.1\bin\jimage.dll
0x00007ffa706a0000 - 0x00007ffa70884000 	C:\WINDOWS\SYSTEM32\DBGHELP.DLL
0x00007ffa62cc0000 - 0x00007ffa62cf4000 	C:\WINDOWS\SYSTEM32\dbgcore.DLL
0x00007ffa73d80000 - 0x00007ffa73e02000 	C:\WINDOWS\System32\bcryptPrimitives.dll
0x00007ffa6c900000 - 0x00007ffa6c90e000 	C:\Users\4473331\.jdks\openjdk-20.0.1\bin\instrument.dll
0x00007ffa656a0000 - 0x00007ffa656c6000 	C:\Users\4473331\.jdks\openjdk-20.0.1\bin\java.dll
0x00007ffa4d130000 - 0x00007ffa4d207000 	C:\Users\4473331\.jdks\openjdk-20.0.1\bin\jsvml.dll
0x00007ffa75010000 - 0x00007ffa7577d000 	C:\WINDOWS\System32\SHELL32.dll
0x00007ffa71770000 - 0x00007ffa71f14000 	C:\WINDOWS\SYSTEM32\windows.storage.dll
0x00007ffa74780000 - 0x00007ffa74ad3000 	C:\WINDOWS\System32\combase.dll
0x00007ffa73490000 - 0x00007ffa734be000 	C:\WINDOWS\SYSTEM32\Wldp.dll
0x00007ffa74d00000 - 0x00007ffa74dcd000 	C:\WINDOWS\System32\OLEAUT32.dll
0x00007ffa761e0000 - 0x00007ffa7628d000 	C:\WINDOWS\System32\SHCORE.dll
0x00007ffa75e00000 - 0x00007ffa75e55000 	C:\WINDOWS\System32\shlwapi.dll
0x00007ffa73c00000 - 0x00007ffa73c24000 	C:\WINDOWS\SYSTEM32\profapi.dll
0x00007ffa64810000 - 0x00007ffa64828000 	C:\Users\4473331\.jdks\openjdk-20.0.1\bin\zip.dll
0x00007ffa6c8e0000 - 0x00007ffa6c8f3000 	C:\Users\4473331\.jdks\openjdk-20.0.1\bin\net.dll
0x00007ffa6e4a0000 - 0x00007ffa6e5ad000 	C:\WINDOWS\SYSTEM32\WINHTTP.dll
0x00007ffa73270000 - 0x00007ffa732da000 	C:\WINDOWS\system32\mswsock.dll
0x00007ffa68470000 - 0x00007ffa68486000 	C:\Users\4473331\.jdks\openjdk-20.0.1\bin\nio.dll
0x00007ffa62a40000 - 0x00007ffa62a5a000 	C:\Program Files\JetBrains\IntelliJ IDEA Community Edition 2023.1.2\bin\breakgen64.dll
0x00007ffa66950000 - 0x00007ffa66957000 	C:\Users\4473331\.jdks\openjdk-20.0.1\bin\extnet.dll
0x00007ffa46eb0000 - 0x00007ffa46f2a000 	C:\Users\4473331\AppData\Local\Temp\1\lwjgl_4473331\3.3.2+13\x64\lwjgl.dll
0x00007ffa46e20000 - 0x00007ffa46ea2000 	C:\Users\4473331\AppData\Local\Temp\1\lwjgl_4473331\3.3.2+13\x64\glfw.dll
0x00007ffa4cd30000 - 0x00007ffa4cd75000 	C:\WINDOWS\SYSTEM32\dinput8.dll
0x00007ffa598d0000 - 0x00007ffa598e1000 	C:\WINDOWS\SYSTEM32\xinput1_4.dll
0x00007ffa73eb0000 - 0x00007ffa73efe000 	C:\WINDOWS\System32\cfgmgr32.dll
0x00007ffa73a60000 - 0x00007ffa73a93000 	C:\WINDOWS\SYSTEM32\DEVOBJ.dll
0x00007ffa71080000 - 0x00007ffa710af000 	C:\WINDOWS\SYSTEM32\dwmapi.dll
0x00007ffa60360000 - 0x00007ffa604b2000 	C:\WINDOWS\SYSTEM32\inputhost.dll
0x00007ffa6f470000 - 0x00007ffa6f5c7000 	C:\WINDOWS\SYSTEM32\wintypes.dll
0x00007ffa6e390000 - 0x00007ffa6e482000 	C:\WINDOWS\SYSTEM32\CoreMessaging.dll
0x00007ffa6faf0000 - 0x00007ffa6fbe6000 	C:\WINDOWS\SYSTEM32\PROPSYS.dll
0x00007ffa6dd90000 - 0x00007ffa6e0eb000 	C:\WINDOWS\SYSTEM32\CoreUIComponents.dll
0x00007ffa72e00000 - 0x00007ffa72e33000 	C:\WINDOWS\SYSTEM32\ntmarta.dll
0x00007ffa70f20000 - 0x00007ffa70fbe000 	C:\WINDOWS\system32\uxtheme.dll
0x00007ffa74650000 - 0x00007ffa74765000 	C:\WINDOWS\System32\MSCTF.dll
0x00007ffa6bf70000 - 0x00007ffa6c098000 	C:\WINDOWS\SYSTEM32\opengl32.dll
0x00007ffa6c370000 - 0x00007ffa6c39c000 	C:\WINDOWS\SYSTEM32\GLU32.dll
0x00007ffa75820000 - 0x00007ffa758c9000 	C:\WINDOWS\System32\clbcatq.dll
0x00007ff9d9be0000 - 0x00007ff9dab62000 	C:\WINDOWS\System32\DriverStore\FileRepository\iigd_dch.inf_amd64_47794f8eae14cddd\ig12icd64.dll
0x00007ffa74ae0000 - 0x00007ffa74c0b000 	C:\WINDOWS\System32\ole32.dll
0x00007ffa72030000 - 0x00007ffa72126000 	C:\WINDOWS\system32\dxgi.dll
0x00007ffa62760000 - 0x00007ffa629b7000 	C:\WINDOWS\System32\DriverStore\FileRepository\iigd_dch.inf_amd64_47794f8eae14cddd\igdgmm64.dll
0x00007ffa5d040000 - 0x00007ffa5fc59000 	C:\WINDOWS\System32\DriverStore\FileRepository\iigd_dch.inf_amd64_47794f8eae14cddd\igc64.dll
0x00007ffa734e0000 - 0x00007ffa7352b000 	C:\WINDOWS\SYSTEM32\powrprof.dll
0x00007ffa734c0000 - 0x00007ffa734d2000 	C:\WINDOWS\SYSTEM32\UMPDC.dll
0x00007ff9dd1a0000 - 0x00007ff9dd5ab000 	C:\WINDOWS\System32\DriverStore\FileRepository\iigd_dch.inf_amd64_47794f8eae14cddd\igdml64.dll
0x00007ffa604c0000 - 0x00007ffa605b9000 	C:\WINDOWS\SYSTEM32\textinputframework.dll
0x00007ffa46b50000 - 0x00007ffa46bae000 	C:\Users\4473331\AppData\Local\Temp\1\lwjgl_4473331\3.3.2+13\x64\lwjgl_opengl.dll

dbghelp: loaded successfully - version: 4.0.5 - missing functions: none
symbol engine: initialized successfully - sym options: 0x614 - pdb path: .;C:\Users\4473331\.jdks\openjdk-20.0.1\bin;C:\WINDOWS\SYSTEM32;C:\WINDOWS\WinSxS\amd64_microsoft.windows.common-controls_6595b64144ccf1df_6.0.19041.4355_none_60b8b9eb71f62e16;C:\Users\4473331\.jdks\openjdk-20.0.1\bin\server;C:\Program Files\JetBrains\IntelliJ IDEA Community Edition 2023.1.2\bin;C:\Users\4473331\AppData\Local\Temp\1\lwjgl_4473331\3.3.2+13\x64;C:\WINDOWS\System32\DriverStore\FileRepository\iigd_dch.inf_amd64_47794f8eae14cddd

VM Arguments:
jvm_args: -javaagent:C:\Program Files\JetBrains\IntelliJ IDEA Community Edition 2023.1.2\lib\idea_rt.jar=49922:C:\Program Files\JetBrains\IntelliJ IDEA Community Edition 2023.1.2\bin -Dfile.encoding=UTF-8 -Dsun.stdout.encoding=UTF-8 -Dsun.stderr.encoding=UTF-8 
java_command: metastasis.metastasis
java_class_path (initial): C:\Users\4473331\Documents\projects\000_grants\wgd_abm\out\production\wgd_abm;C:\Users\4473331\Documents\projects\000_grants\wgd_abm\HAL\lib\lwjgl-assimp-natives-macos-arm64.jar;C:\Users\4473331\Documents\projects\000_grants\wgd_abm\HAL\lib\lwjgl-opengl-natives-linux-arm32.jar;C:\Users\4473331\Documents\projects\000_grants\wgd_abm\HAL\lib\lwjgl-openal-natives-linux-arm64.jar;C:\Users\4473331\Documents\projects\000_grants\wgd_abm\HAL\lib\lwjgl-natives-linux.jar;C:\Users\4473331\Documents\projects\000_grants\wgd_abm\HAL\lib\lwjgl-opengl-natives-macos.jar;C:\Users\4473331\Documents\projects\000_grants\wgd_abm\HAL\lib\lwjgl-natives-windows.jar;C:\Users\4473331\Documents\projects\000_grants\wgd_abm\HAL\lib\lwjgl-assimp-javadoc.jar;C:\Users\4473331\Documents\projects\000_grants\wgd_abm\HAL\lib\lwjgl-opengl-natives-windows-arm64.jar;C:\Users\4473331\Documents\projects\000_grants\wgd_abm\HAL\lib\lwjgl-glfw-natives-windows-arm64.jar;C:\Users\4473331\Documents\projects\000_grants\wgd_abm\HAL\lib\lwjgl-opengl-javadoc.jar;C:\Users\4473331\Documents\projects\000_grants\wgd_abm\HAL\lib\lwjgl-stb-natives-macos.jar;C:\Users\4473331\Documents\projects\000_grants\wgd_abm\HAL\lib\lwjgl-stb-natives-windows-arm64.jar;C:\Users\4473331\Documents\projects\000_grants\wgd_abm\HAL\lib\lwjgl-natives-linux-arm32.jar;C:\Users\4473331\Documents\projects\000_grants\wgd_abm\HAL\lib\lwjgl-opengl-natives-windows-x86.jar;C:\Users\4473331\Documents\projects\000_grants\wgd_abm\HAL\lib\lwjgl-glfw-natives-macos.jar;C:\Users\4473331\Documents\projects\000_grants\wgd_abm\HAL\lib\lwjgl-openal-javadoc.jar;C:\Users\4473331\Documents\projects\000_grants\wgd_abm\HAL\lib\lwjgl-stb-sources.jar;C:\Users\4473331\Documents\projects\000_grants\wgd_abm\HAL\lib\lwjgl-glfw-natives-windows-x86.jar;C:\Users\4473331\Documents\projects\000_grants\wgd_abm\HAL\lib\lwjgl-glfw-javadoc.jar;C:\Users\4473331\Documents\projects\000_grants\wgd_abm\HAL\lib\lwjgl-javadoc.jar;C:\Users\4473331\Documents\projects\000_grants\wgd_abm\HAL\lib\lwjgl-sources.jar;C:\Users\4473331\Documents\projects\000_grants\wgd_abm\HAL\lib\lwjgl-openal-natives-linux-arm32.jar;C:\Users\4473331\Documents\projects\000_grants\wgd_abm\HAL\lib\lwjgl-openal-natives-macos-arm64.jar;C:\Users\4473331\Documents\projects\000_grants\wgd_abm\HAL\lib\lwjgl-assimp-natives-windows.jar;C:\Users\4473331\Documents\projects\000_grants\wgd_abm\HAL\lib\lwjgl-openal-natives-windows-x86.jar;C:\Users\4473331\Documents\projects\000_grants\wgd_abm\HAL\lib\lwjgl-stb-natives-linux.jar;C:\Users\4473331\Documents\projects\000_grants\wgd_abm\HAL\lib\lwjgl-natives-macos.jar;C:\Users\4473331\Documents\projects\000_grants\wgd_abm\HAL\lib\lwjgl-glfw-natives-linux.jar;C:\Users\4473331\Documents\projects\000_grants\wgd_abm\HAL\lib\lwjgl-stb-natives-macos-arm64.jar;C:\Users\4473331\Documents\projects\000_grants\wgd_abm\HAL\lib\lwjgl-openal-natives-windows-arm64.jar;C:\Users\4473331\Documents\projects\000_grants\wgd_abm\HAL\lib\lwjgl-opengl-natives-linux.jar;C:\Users\4473331\Documents\projects\000_grants\wgd_abm\HAL\lib\lwjgl-openal-natives-linux.jar;C:\Users\4473331\Documents\projects\000_grants\wgd_abm\HAL\lib\lwjgl-assimp-natives-linux-arm64.jar;C:\Users\4473331\Documents\projects\000_grants\wgd_abm\HAL\lib\lwjgl-stb-natives-linux-arm32.jar;C:\Users\4473331\Documents\projects\000_grants\wgd_abm\HAL\lib\lwjgl-glfw-natives-macos-arm64.jar;C:\Users\4473331\Documents\projects\000_grants\wgd_abm\HAL\lib\lwjgl-assimp-natives-windows-x86.jar;C:\Users\4473331\Documents\projects\000_grants\wgd_abm\HAL\lib\lwjgl-opengl-natives-windows.jar;C:\Users\4473331\Documents\projects\000_grants\wgd_abm\HAL\lib\lwjgl-glfw.jar;C:\Users\4473331\Documents\projects\000_grants\wgd_abm\HAL\lib\lwjgl-opengl-sources.jar;C:\Users\4473331\Documents\projects\000_grants\wgd_abm\HAL\lib\lwjgl-natives-windows-arm64.jar;C:\Users\4473331\Documents\projects\000_grants\wgd_abm\HAL\lib\lwjgl-openal-sources.jar;C:\Users\4473331\Documents\projects\000_grants\wgd_abm\HAL\lib\lwjgl-stb-natives-linux-arm64.jar;C:\Users\4473331\Documents\projects\000_grants\wgd_abm\HAL\lib\lwjgl-assimp-natives-linux-arm32.jar;C:\Users\4473331\Documents\projects\000_grants\wgd_abm\HAL\lib\lwjgl-glfw-sources.jar;C:\Users\4473331\Documents\projects\000_grants\wgd_abm\HAL\lib\lwjgl-openal-natives-windows.jar;C:\Users\4473331\Documents\projects\000_grants\wgd_abm\HAL\lib\lwjgl-natives-macos-arm64.jar;C:\Users\4473331\Documents\projects\000_grants\wgd_abm\HAL\lib\lwjgl-glfw-natives-windows.jar;C:\Users\4473331\Documents\projects\000_grants\wgd_abm\HAL\lib\lwjgl-stb-javadoc.jar;C:\Users\4473331\Documents\projects\000_grants\wgd_abm\HAL\lib\lwjgl-glfw-natives-linux-arm64.jar;C:\Users\4473331\Documents\projects\000_grants\wgd_abm\HAL\lib\lwjgl-assimp-natives-macos.jar;C:\Users\4473331\Documents\projects\000_grants\wgd_abm\HAL\lib\lwjgl.jar;C:\Users\4473331\Documents\projects\000_grants\wgd_abm\HAL\lib\lwjgl-opengl-natives-linux-arm64.jar;C:\Users\4473331\Documents\projects\000_grants\wgd_abm\HAL\lib\lwjgl-assimp.jar;C:\Users\4473331\Documents\projects\000_grants\wgd_abm\HAL\lib\lwjgl-stb-natives-windows-x86.jar;C:\Users\4473331\Documents\projects\000_grants\wgd_abm\HAL\lib\lwjgl-natives-windows-x86.jar;C:\Users\4473331\Documents\projects\000_grants\wgd_abm\HAL\lib\lwjgl-stb-natives-windows.jar;C:\Users\4473331\Documents\projects\000_grants\wgd_abm\HAL\lib\lwjgl-natives-linux-arm64.jar;C:\Users\4473331\Documents\projects\000_grants\wgd_abm\HAL\lib\lwjgl-openal-natives-macos.jar;C:\Users\4473331\Documents\projects\000_grants\wgd_abm\HAL\lib\lwjgl-openal.jar;C:\Users\4473331\Documents\projects\000_grants\wgd_abm\HAL\lib\lwjgl-assimp-natives-linux.jar;C:\Users\4473331\Documents\projects\000_grants\wgd_abm\HAL\lib\lwjgl-assimp-natives-windows-arm64.jar;C:\Users\4473331\Documents\projects\000_grants\wgd_abm\HAL\lib\lwjgl-assimp-sources.jar;C:\Users\4473331\Documents\projects\000_grants\wgd_abm\HAL\lib\lwjgl-glfw-natives-linux-arm32.jar;C:\Users\4473331\Documents\projects\000_grants\wgd_abm\HAL\lib\lwjgl-opengl-natives-macos-arm64.jar;C:\Users\4473331\Documents\projects\000_grants\wgd_abm\HAL\lib\lwjgl-opengl.jar;C:\Users\4473331\Documents\projects\000_grants\wgd_abm\HAL\lib\lwjgl-stb.jar
Launcher Type: SUN_STANDARD

[Global flags]
     intx CICompilerCount                          = 4                                         {product} {ergonomic}
     uint ConcGCThreads                            = 2                                         {product} {ergonomic}
     uint G1ConcRefinementThreads                  = 8                                         {product} {ergonomic}
   size_t G1HeapRegionSize                         = 2097152                                   {product} {ergonomic}
    uintx GCDrainStackTargetSize                   = 64                                        {product} {ergonomic}
   size_t InitialHeapSize                          = 266338304                                 {product} {ergonomic}
   size_t MarkStackSize                            = 4194304                                   {product} {ergonomic}
   size_t MaxHeapSize                              = 4229955584                                {product} {ergonomic}
   size_t MaxNewSize                               = 2537553920                                {product} {ergonomic}
   size_t MinHeapDeltaBytes                        = 2097152                                   {product} {ergonomic}
   size_t MinHeapSize                              = 8388608                                   {product} {ergonomic}
    uintx NonNMethodCodeHeapSize                   = 5839372                                {pd product} {ergonomic}
    uintx NonProfiledCodeHeapSize                  = 122909434                              {pd product} {ergonomic}
    uintx ProfiledCodeHeapSize                     = 122909434                              {pd product} {ergonomic}
    uintx ReservedCodeCacheSize                    = 251658240                              {pd product} {ergonomic}
     bool SegmentedCodeCache                       = true                                      {product} {ergonomic}
   size_t SoftMaxHeapSize                          = 4229955584                             {manageable} {ergonomic}
     bool UseCompressedClassPointers               = true                           {product lp64_product} {ergonomic}
     bool UseCompressedOops                        = true                           {product lp64_product} {ergonomic}
     bool UseG1GC                                  = true                                      {product} {ergonomic}
     bool UseLargePagesIndividualAllocation        = false                                  {pd product} {ergonomic}

Logging:
Log output configuration:
 #0: stdout all=off uptime,level,tags foldmultilines=false
 #1: stderr all=off uptime,level,tags foldmultilines=false

Environment Variables:
PATH=C:\Program Files (x86)\Common Files\Oracle\Java\java8path;C:\Program Files (x86)\Common Files\Oracle\Java\javapath;C:\WINDOWS\system32;C:\WINDOWS;C:\WINDOWS\System32\Wbem;C:\WINDOWS\System32\WindowsPowerShell\v1.0\;C:\WINDOWS\System32\OpenSSH\;C:\Program Files\Moffitt\Bgupdate;C:\Windows\CCM;C:\Program Files\MATLAB\R2022a\bin;;C:\Program Files\dotnet\;C:\Program Files\Amazon\AWSCLIV2\;C:\Program Files\Scripts;C:\Program Files;C:\Users\4473331\AppData\Local\Microsoft\WindowsApps;C:\Users\4473331\AppData\Local\Programs\Julia-1.6.2\bin;C:\Users\4473331\AppData\Local\Programs\Microsoft VS Code\bin;C:\Users\4473331\AppData\Local\Programs\Git\cmd;C:\Program Files\R\R-4.4.1\bin;C:\rtools40\mingw64\bin;C:\Users\4473331\AppData\Roaming\TinyTeX\bin\win32;C:\Gradle\gradle-4.2.1\bin;C:\Users\4473331\AppData\Roaming\Python\Python311\Scripts;C:\Program Files\JetBrains\PyCharm Community Edition 2023.1.2\bin;;C:\Users\4473331\AppData\Roaming\TinyTeX\bin\windows;C:\Program Files\OpenSSL-Win64\bin;
USERNAME=4473331
OS=Windows_NT
PROCESSOR_IDENTIFIER=Intel64 Family 6 Model 140 Stepping 1, GenuineIntel
TMP=C:\Users\4473331\AppData\Local\Temp\1
TEMP=C:\Users\4473331\AppData\Local\Temp\1




---------------  S Y S T E M  ---------------

OS:
 Windows 10 , 64 bit Build 19041 (10.0.19041.5072)
OS uptime: 11 days 3:14 hours
Hyper-V role detected

CPU: total 8 (initial active 8) (4 cores per cpu, 2 threads per core) family 6 model 140 stepping 1 microcode 0x6e, cx8, cmov, fxsr, ht, mmx, 3dnowpref, sse, sse2, sse3, ssse3, sse4.1, sse4.2, popcnt, lzcnt, tsc, tscinvbit, avx, avx2, aes, erms, clmul, bmi1, bmi2, adx, avx512f, avx512dq, avx512cd, avx512bw, avx512vl, sha, fma, vzeroupper, avx512_vpopcntdq, avx512_vpclmulqdq, avx512_vaes, avx512_vnni, clflush, clflushopt, clwb, avx512_vbmi2, avx512_vbmi, hv, rdtscp, rdpid, fsrm, gfni, avx512_bitalg, f16c, cet_ibt, cet_ss, avx512_ifma

Memory: 4k page, system-wide physical 16129M (526M free)
TotalPageFile size 29441M (AvailPageFile size 5203M)
current process WorkingSet (physical memory assigned to process): 2259M, peak: 2669M
current process commit charge ("private bytes"): 2988M, peak: 2988M

vm_info: OpenJDK 64-Bit Server VM (20.0.1+9-29) for windows-amd64 JRE (20.0.1+9-29), built on 2023-03-07T13:56:11Z by "mach5one" with MS VC++ 17.1 (VS2022)

END.
