#
# A fatal error has been detected by the Java Runtime Environment:
#
#  EXCEPTION_ACCESS_VIOLATION (0xc0000005) at pc=0x00007ffb9b43fdb5, pid=25624, tid=27984
#
# JRE version: OpenJDK Runtime Environment (20.0.1+9) (build 20.0.1+9-29)
# Java VM: OpenJDK 64-Bit Server VM (20.0.1+9-29, mixed mode, sharing, tiered, compressed oops, compressed class ptrs, g1 gc, windows-amd64)
# Problematic frame:
# C  [ig12icd64.dll+0x2afdb5]
#
# No core dump will be written. Minidumps are not enabled by default on client versions of Windows
#
# If you would like to submit a bug report, please visit:
#   https://bugreport.java.com/bugreport/crash.jsp
#

---------------  S U M M A R Y ------------

Command Line: -javaagent:C:\Program Files\JetBrains\IntelliJ IDEA Community Edition 2023.1.2\lib\idea_rt.jar=59735:C:\Program Files\JetBrains\IntelliJ IDEA Community Edition 2023.1.2\bin -Dfile.encoding=UTF-8 -Dsun.stdout.encoding=UTF-8 -Dsun.stderr.encoding=UTF-8 metastasis.metastasis

Host: 11th Gen Intel(R) Core(TM) i7-1165G7 @ 2.80GHz, 8 cores, 15G,  Windows 10 , 64 bit Build 19041 (10.0.19041.5072)
Time: Tue Dec 10 14:51:30 2024 Eastern Standard Time elapsed time: 933.763613 seconds (0d 0h 15m 33s)

---------------  T H R E A D  ---------------

Current thread (0x00000224c27fb640):  VMThread "VM Thread" [stack: 0x0000007afba00000,0x0000007afbb00000] [id=27984]

Stack: [0x0000007afba00000,0x0000007afbb00000],  sp=0x0000007afbafe770,  free space=1017k
Native frames: (J=compiled Java code, j=interpreted, Vv=VM code, C=native code)
C  [ig12icd64.dll+0x2afdb5]


siginfo: EXCEPTION_ACCESS_VIOLATION (0xc0000005), reading address 0x00000000000353a8


Registers:
RAX=0x00000224ce3e5080, RBX=0x00000224ce3e4f70, RCX=0x0000000000000001, RDX=0x00000224ce3e5040
RSP=0x0000007afbafe770, RBP=0x0000007afbafe870, RSI=0x0000000000000000, RDI=0x00000224c6d635b0
R8 =0x0000000000000000, R9 =0x0000000000000000, R10=0x0000000000000000, R11=0x0000000000000246
R12=0x0000000000000000, R13=0x00000224ce3e4f70, R14=0x00000224ce3e5488, R15=0x00000224ce3e22f0
RIP=0x00007ffb9b43fdb5, EFLAGS=0x0000000000010202


Register to memory mapping:

RIP=0x00007ffb9b43fdb5 ig12icd64.dll
RAX=0x00000224ce3e5080 points into unknown readable memory: 0x000000003a94428c | 8c 42 94 3a 00 00 00 00
RBX=0x00000224ce3e4f70 points into unknown readable memory: 0x00000224a33ba010 | 10 a0 3b a3 24 02 00 00
RCX=0x0000000000000001 is an unknown value
RDX=0x00000224ce3e5040 points into unknown readable memory: 0x0000000000000000 | 00 00 00 00 00 00 00 00
RSP=0x0000007afbafe770 points into unknown readable memory: 0x00000224c7324190 | 90 41 32 c7 24 02 00 00
RBP=0x0000007afbafe870 points into unknown readable memory: 0x6661207061000a7d | 7d 0a 00 61 70 20 61 66
RSI=0x0 is NULL
RDI=0x00000224c6d635b0 points into unknown readable memory: 0x0000000000000000 | 00 00 00 00 00 00 00 00
R8 =0x0 is NULL
R9 =0x0 is NULL
R10=0x0 is NULL
R11=0x0000000000000246 is an unknown value
R12=0x0 is NULL
R13=0x00000224ce3e4f70 points into unknown readable memory: 0x00000224a33ba010 | 10 a0 3b a3 24 02 00 00
R14=0x00000224ce3e5488 points into unknown readable memory: 0x00000224ce3e22f0 | f0 22 3e ce 24 02 00 00
R15=0x00000224ce3e22f0 points into unknown readable memory: 0x00000224a33ba010 | 10 a0 3b a3 24 02 00 00


Top of Stack: (sp=0x0000007afbafe770)
0x0000007afbafe770:   00000224c7324190 0000000000000000
0x0000007afbafe780:   0000000000000000 0000000000000000
0x0000007afbafe790:   00000016a0000000 0000000000000000
0x0000007afbafe7a0:   00000224a3340340 0000007afbaff0c0
0x0000007afbafe7b0:   00000224c7324190 00007ffba6a7cb9f
0x0000007afbafe7c0:   00007ffba6d3f401 0000007afbafe7d0
0x0000007afbafe7d0:   000000000000003e 0000000000000013
0x0000007afbafe7e0:   207373616c632020 00007ffba6a7cbd7
0x0000007afbafe7f0:   3632206465737520 00007ffba6a7e3fc
0x0000007afbafe800:   0000007afbaff0c0 0000000000000002
0x0000007afbafe810:   0000007afbaff7f8 00000224a0ee9160
0x0000007afbafe820:   00000224a0ee9160 00007ffba6a7cc73
0x0000007afbafe830:   00000224a3340340 0000007afbaff0c0
0x0000007afbafe840:   0000000000000000 343032282073726f
0x0000007afbafe850:   7830002000294b01 0000007afbafe860
0x0000007afbafe860:   0000000000000002 0000007afbaf0029
0x0000007afbafe870:   6661207061000a7d 6920434720726574
0x0000007afbafe880:   6f697461636f766e 28203031353d736e
0x0000007afbafe890:   3a2930206c6c7566 000000000000000a
0x0000007afbafe8a0:   00000224a0ece944 00000224a0ec0150
0x0000007afbafe8b0:   0000ca25bf68e12f 0000000000000000
0x0000007afbafe8c0:   0000000000000000 0000000000000000
0x0000007afbafe8d0:   0000000000000000 0000000000000000
0x0000007afbafe8e0:   0000000000000000 0000000000000000
0x0000007afbafe8f0:   0000000000000000 0000000000000000
0x0000007afbafe900:   0000000000000000 0000000000000000
0x0000007afbafe910:   0000000000000000 0000000000000000
0x0000007afbafe920:   0000000000000000 0000000000000000
0x0000007afbafe930:   0000000000000000 0000000000000000
0x0000007afbafe940:   404e000000000000 0000000000000000
0x0000007afbafe950:   0000000000000000 0000000000000000
0x0000007afbafe960:   00000224cded08d8 000000003a944aab 

Instructions: (pc=0x00007ffb9b43fdb5)
0x00007ffb9b43fcb5:   48 8b cb ff 15 42 74 7f 00 90 4c 8b bf 80 02 00
0x00007ffb9b43fcc5:   00 48 8b 05 73 d3 b1 00 8b 80 1c 0a 00 00 89 44
0x00007ffb9b43fcd5:   24 24 c6 44 24 20 00 48 c7 87 80 02 00 00 00 00
0x00007ffb9b43fce5:   00 00 c7 87 88 02 00 00 00 00 00 00 48 c7 87 a0
0x00007ffb9b43fcf5:   02 00 00 00 00 00 00 48 c7 87 90 02 00 00 00 00
0x00007ffb9b43fd05:   00 00 48 85 f6 75 3d 8b 35 3e 67 c1 00 65 48 8b
0x00007ffb9b43fd15:   04 25 58 00 00 00 b9 30 00 00 00 48 8b 04 f0 80
0x00007ffb9b43fd25:   3c 01 00 0f 84 7e 29 6c 00 65 48 8b 04 25 58 00
0x00007ffb9b43fd35:   00 00 b9 08 00 00 00 48 8b 04 f0 48 8b 34 01 48
0x00007ffb9b43fd45:   89 74 24 28 48 3b 35 10 8b c1 00 0f 84 37 11 00
0x00007ffb9b43fd55:   00 4d 85 ff 0f 84 37 01 00 00 90 49 8b df 4d 8b
0x00007ffb9b43fd65:   ef 4d 8d b7 18 05 00 00 4d 8b 3e 45 84 e4 0f 85
0x00007ffb9b43fd75:   b4 0f 00 00 8b 8f d0 01 00 00 48 8b 05 ba d2 b1
0x00007ffb9b43fd85:   00 83 b8 54 03 00 00 02 75 33 48 8d 93 d0 00 00
0x00007ffb9b43fd95:   00 83 f9 10 0f 83 73 01 00 00 8b c1 48 c1 e0 06
0x00007ffb9b43fda5:   48 03 c2 48 85 c0 0f 84 d5 01 00 00 4c 8b 40 08
0x00007ffb9b43fdb5:   4c 3b 86 a8 53 03 00 0f 87 8e 0f 00 00 48 83 bb
0x00007ffb9b43fdc5:   70 05 00 00 00 0f 85 0f 29 6c 00 44 8b 87 d0 01
0x00007ffb9b43fdd5:   00 00 48 8b 87 e8 01 00 00 48 8b 10 8b 8f d0 01
0x00007ffb9b43fde5:   00 00 48 8d b3 d0 00 00 00 83 f9 10 0f 83 54 01
0x00007ffb9b43fdf5:   00 00 8b c1 48 c1 e0 06 48 03 c6 48 85 c0 0f 84
0x00007ffb9b43fe05:   85 01 00 00 48 39 50 08 0f 86 7b 01 00 00 48 8b
0x00007ffb9b43fe15:   87 80 02 00 00 49 89 06 48 89 9f 80 02 00 00 ff
0x00007ffb9b43fe25:   87 88 02 00 00 48 8b 4b 08 48 8b 01 ba 01 00 00
0x00007ffb9b43fe35:   00 48 8b 80 e0 02 00 00 ff 15 9d 77 7f 00 0f b7
0x00007ffb9b43fe45:   c8 48 2b c1 48 05 00 00 01 00 48 01 87 90 02 00
0x00007ffb9b43fe55:   00 48 8b 4b 08 48 8b 01 ba 01 00 00 00 48 8b 80
0x00007ffb9b43fe65:   e0 02 00 00 ff 15 71 77 7f 00 48 01 87 a0 02 00
0x00007ffb9b43fe75:   00 48 8b 74 24 28 0f b6 54 24 20 4d 85 ff 0f 85
0x00007ffb9b43fe85:   d7 fe ff ff 84 d2 0f 85 5c 10 00 00 48 8b 5c 24
0x00007ffb9b43fe95:   40 48 8b cf 80 7c 24 22 00 0f 85 36 10 00 00 e8
0x00007ffb9b43fea5:   a7 f0 ff ff 90 48 8b cb ff 15 7d 73 7f 00 48 8b 


Stack slot to memory mapping:
stack at sp + 0 slots: 0x00000224c7324190 points into unknown readable memory: 0xffffffffffffffff | ff ff ff ff ff ff ff ff
stack at sp + 1 slots: 0x0 is NULL
stack at sp + 2 slots: 0x0 is NULL
stack at sp + 3 slots: 0x0 is NULL
stack at sp + 4 slots: 0x00000016a0000000 is an unknown value
stack at sp + 5 slots: 0x0 is NULL
stack at sp + 6 slots: 0x00000224a3340340 points into unknown readable memory: 0x00007ffba6d3e3e8 | e8 e3 d3 a6 fb 7f 00 00
stack at sp + 7 slots: 0x0000007afbaff0c0 points into unknown readable memory: 0x00000224a0ec0328 | 28 03 ec a0 24 02 00 00

VM_Operation (0x0000007afb1fed90): Exit, mode: safepoint, requested by thread 0x00000224c71fd9c0


---------------  P R O C E S S  ---------------

Threads class SMR info:
_java_thread_list=0x00000224ce25f040, length=12, elements={
0x00000224a3329df0, 0x00000224c2817970, 0x00000224c2818770, 0x00000224c281d230,
0x00000224c281fb80, 0x00000224c28249d0, 0x00000224c282d650, 0x00000224c28330f0,
0x00000224c27e6f60, 0x00000224c711d6a0, 0x00000224c6eed9b0, 0x00000224c71fd9c0
}

Java Threads: ( => current thread )
  0x00000224a3329df0 JavaThread "main" [_thread_blocked, id=25688, stack(0x0000007afb400000,0x0000007afb500000)]
  0x00000224c2817970 JavaThread "Reference Handler" daemon [_thread_blocked, id=13716, stack(0x0000007afbb00000,0x0000007afbc00000)]
  0x00000224c2818770 JavaThread "Finalizer" daemon [_thread_blocked, id=24168, stack(0x0000007afbc00000,0x0000007afbd00000)]
  0x00000224c281d230 JavaThread "Attach Listener" daemon [_thread_blocked, id=24844, stack(0x0000007afbe00000,0x0000007afbf00000)]
  0x00000224c281fb80 JavaThread "Service Thread" daemon [_thread_blocked, id=1908, stack(0x0000007afbf00000,0x0000007afc000000)]
  0x00000224c28249d0 JavaThread "Monitor Deflation Thread" daemon [_thread_blocked, id=11648, stack(0x0000007afc000000,0x0000007afc100000)]
  0x00000224c282d650 JavaThread "C2 CompilerThread0" daemon [_thread_blocked, id=23620, stack(0x0000007afc100000,0x0000007afc200000)]
  0x00000224c28330f0 JavaThread "C1 CompilerThread0" daemon [_thread_blocked, id=6252, stack(0x0000007afc200000,0x0000007afc300000)]
  0x00000224c27e6f60 JavaThread "Common-Cleaner" daemon [_thread_blocked, id=23988, stack(0x0000007afc300000,0x0000007afc400000)]
  0x00000224c711d6a0 JavaThread "Monitor Ctrl-Break" daemon [_thread_in_native, id=27760, stack(0x0000007afc500000,0x0000007afc600000)]
  0x00000224c6eed9b0 JavaThread "Notification Thread" daemon [_thread_blocked, id=28812, stack(0x0000007afc600000,0x0000007afc700000)]
  0x00000224c71fd9c0 JavaThread "SIGINT handler" daemon [_thread_blocked, id=6792, stack(0x0000007afb100000,0x0000007afb200000)]

Other Threads:
=>0x00000224c27fb640 VMThread "VM Thread" [stack: 0x0000007afba00000,0x0000007afbb00000] [id=27984]
  0x00000224a3398ac0 WorkerThread "GC Thread#0" [stack: 0x0000007afb500000,0x0000007afb600000] [id=12248]
  0x00000224ce2e2270 WorkerThread "GC Thread#1" [stack: 0x0000007afcd00000,0x0000007afce00000] [id=4680]
  0x00000224ce2db3b0 WorkerThread "GC Thread#2" [stack: 0x0000007afce00000,0x0000007afcf00000] [id=15284]
  0x00000224ce2db680 WorkerThread "GC Thread#3" [stack: 0x0000007afcf00000,0x0000007afd000000] [id=28652]
  0x00000224ce2db0e0 WorkerThread "GC Thread#4" [stack: 0x0000007afd000000,0x0000007afd100000] [id=7604]
  0x00000224ce2db950 WorkerThread "GC Thread#5" [stack: 0x0000007afd100000,0x0000007afd200000] [id=2596]
  0x00000224ce2da870 WorkerThread "GC Thread#6" [stack: 0x0000007afd200000,0x0000007afd300000] [id=25784]
  0x00000224ce2dab40 WorkerThread "GC Thread#7" [stack: 0x0000007afd300000,0x0000007afd400000] [id=21632]
  0x00000224a0fbde80 ConcurrentGCThread "G1 Main Marker" terminated
  0x00000224a0fbe960 WorkerThread "G1 Conc#0" [stack: 0x0000007afb700000,0x0000007afb800000] [id=27740]
  0x00000224a33de5f0 ConcurrentGCThread "G1 Refine#0" terminated
  0x00000224c26be190 ConcurrentGCThread "G1 Service" terminated

Threads with active compile tasks:

VM state: at safepoint (shutting down)

VM Mutex/Monitor currently owned by a thread:  ([mutex/lock_event])
[0x00000224a33256e0] Threads_lock - owner thread: 0x00000224c27fb640
[0x00000224a3325ad0] Heap_lock - owner thread: 0x00000224c71fd9c0

Heap address: 0x0000000703e00000, size: 4034 MB, Compressed Oops mode: Zero based, Oop shift amount: 3

CDS archive(s) mapped at: [0x0000000800000000-0x0000000800c60000-0x0000000800c60000), size 12976128, SharedBaseAddress: 0x0000000800000000, ArchiveRelocationMode: 0.
Compressed class space mapped at: 0x0000000801000000-0x0000000841000000, reserved size: 1073741824
Narrow klass base: 0x0000000800000000, Narrow klass shift: 0, Narrow klass range: 0x100000000

GC Precious Log:
 CardTable entry size: 512
 Card Set container configuration: InlinePtr #cards 4 size 8 Array Of Cards #cards 16 size 48 Howl #buckets 8 coarsen threshold 3686 Howl Bitmap #cards 512 size 80 coarsen threshold 460 Card regions per heap region 1 cards per card region 4096
 CPUs: 8 total, 8 available
 Memory: 16129M
 Large Page Support: Disabled
 NUMA Support: Disabled
 Compressed Oops: Enabled (Zero based)
 Heap Region Size: 2M
 Heap Min Capacity: 8M
 Heap Initial Capacity: 254M
 Heap Max Capacity: 4034M
 Pre-touch: Disabled
 Parallel Workers: 8
 Concurrent Workers: 2
 Concurrent Refinement Workers: 8
 Periodic GC: Disabled

Heap:
 garbage-first heap   total 260096K, used 135649K [0x0000000703e00000, 0x0000000800000000)
  region size 2048K, 60 young (122880K), 1 survivors (2048K)
 Metaspace       used 4217K, committed 4480K, reserved 1114112K
  class space    used 263K, committed 384K, reserved 1048576K

Heap Regions: E=young(eden), S=young(survivor), O=old, HS=humongous(starts), HC=humongous(continues), CS=collection set, F=free, OA=open archive, CA=closed archive, TAMS=top-at-mark-start, PB=parsable bottom
|   0|0x0000000703e00000, 0x0000000704000000, 0x0000000704000000|100%| O|  |TAMS 0x0000000703e00000| PB 0x0000000703e00000| Untracked 
|   1|0x0000000704000000, 0x0000000704200000, 0x0000000704200000|100%| O|  |TAMS 0x0000000704000000| PB 0x0000000704000000| Untracked 
|   2|0x0000000704200000, 0x0000000704400000, 0x0000000704400000|100%| O|  |TAMS 0x0000000704200000| PB 0x0000000704200000| Untracked 
|   3|0x0000000704400000, 0x0000000704600000, 0x0000000704600000|100%| O|  |TAMS 0x0000000704400000| PB 0x0000000704400000| Untracked 
|   4|0x0000000704600000, 0x0000000704800000, 0x0000000704800000|100%| O|  |TAMS 0x0000000704600000| PB 0x0000000704600000| Untracked 
|   5|0x0000000704800000, 0x0000000704a00000, 0x0000000704a00000|100%| O|  |TAMS 0x0000000704800000| PB 0x0000000704800000| Untracked 
|   6|0x0000000704a00000, 0x0000000704c00000, 0x0000000704c00000|100%| O|  |TAMS 0x0000000704a00000| PB 0x0000000704a00000| Untracked 
|   7|0x0000000704c00000, 0x0000000704e00000, 0x0000000704e00000|100%| O|  |TAMS 0x0000000704c00000| PB 0x0000000704c00000| Untracked 
|   8|0x0000000704e00000, 0x0000000704e48e00, 0x0000000705000000| 14%| O|  |TAMS 0x0000000704e00000| PB 0x0000000704e00000| Untracked 
|   9|0x0000000705000000, 0x0000000705000000, 0x0000000705200000|  0%| F|  |TAMS 0x0000000705000000| PB 0x0000000705000000| Untracked 
|  10|0x0000000705200000, 0x0000000705200000, 0x0000000705400000|  0%| F|  |TAMS 0x0000000705200000| PB 0x0000000705200000| Untracked 
|  11|0x0000000705400000, 0x0000000705400000, 0x0000000705600000|  0%| F|  |TAMS 0x0000000705400000| PB 0x0000000705400000| Untracked 
|  12|0x0000000705600000, 0x0000000705600000, 0x0000000705800000|  0%| F|  |TAMS 0x0000000705600000| PB 0x0000000705600000| Untracked 
|  13|0x0000000705800000, 0x0000000705800000, 0x0000000705a00000|  0%| F|  |TAMS 0x0000000705800000| PB 0x0000000705800000| Untracked 
|  14|0x0000000705a00000, 0x0000000705a00000, 0x0000000705c00000|  0%| F|  |TAMS 0x0000000705a00000| PB 0x0000000705a00000| Untracked 
|  15|0x0000000705c00000, 0x0000000705c00000, 0x0000000705e00000|  0%| F|  |TAMS 0x0000000705c00000| PB 0x0000000705c00000| Untracked 
|  16|0x0000000705e00000, 0x0000000705e00000, 0x0000000706000000|  0%| F|  |TAMS 0x0000000705e00000| PB 0x0000000705e00000| Untracked 
|  17|0x0000000706000000, 0x0000000706000000, 0x0000000706200000|  0%| F|  |TAMS 0x0000000706000000| PB 0x0000000706000000| Untracked 
|  18|0x0000000706200000, 0x0000000706200000, 0x0000000706400000|  0%| F|  |TAMS 0x0000000706200000| PB 0x0000000706200000| Untracked 
|  19|0x0000000706400000, 0x0000000706400000, 0x0000000706600000|  0%| F|  |TAMS 0x0000000706400000| PB 0x0000000706400000| Untracked 
|  20|0x0000000706600000, 0x0000000706600000, 0x0000000706800000|  0%| F|  |TAMS 0x0000000706600000| PB 0x0000000706600000| Untracked 
|  21|0x0000000706800000, 0x0000000706800000, 0x0000000706a00000|  0%| F|  |TAMS 0x0000000706800000| PB 0x0000000706800000| Untracked 
|  22|0x0000000706a00000, 0x0000000706a00000, 0x0000000706c00000|  0%| F|  |TAMS 0x0000000706a00000| PB 0x0000000706a00000| Untracked 
|  23|0x0000000706c00000, 0x0000000706c00000, 0x0000000706e00000|  0%| F|  |TAMS 0x0000000706c00000| PB 0x0000000706c00000| Untracked 
|  24|0x0000000706e00000, 0x0000000706e00000, 0x0000000707000000|  0%| F|  |TAMS 0x0000000706e00000| PB 0x0000000706e00000| Untracked 
|  25|0x0000000707000000, 0x0000000707000000, 0x0000000707200000|  0%| F|  |TAMS 0x0000000707000000| PB 0x0000000707000000| Untracked 
|  26|0x0000000707200000, 0x0000000707200000, 0x0000000707400000|  0%| F|  |TAMS 0x0000000707200000| PB 0x0000000707200000| Untracked 
|  27|0x0000000707400000, 0x0000000707400000, 0x0000000707600000|  0%| F|  |TAMS 0x0000000707400000| PB 0x0000000707400000| Untracked 
|  28|0x0000000707600000, 0x0000000707600000, 0x0000000707800000|  0%| F|  |TAMS 0x0000000707600000| PB 0x0000000707600000| Untracked 
|  29|0x0000000707800000, 0x0000000707800000, 0x0000000707a00000|  0%| F|  |TAMS 0x0000000707800000| PB 0x0000000707800000| Untracked 
|  30|0x0000000707a00000, 0x0000000707a00000, 0x0000000707c00000|  0%| F|  |TAMS 0x0000000707a00000| PB 0x0000000707a00000| Untracked 
|  31|0x0000000707c00000, 0x0000000707c00000, 0x0000000707e00000|  0%| F|  |TAMS 0x0000000707c00000| PB 0x0000000707c00000| Untracked 
|  32|0x0000000707e00000, 0x0000000707e00000, 0x0000000708000000|  0%| F|  |TAMS 0x0000000707e00000| PB 0x0000000707e00000| Untracked 
|  33|0x0000000708000000, 0x0000000708000000, 0x0000000708200000|  0%| F|  |TAMS 0x0000000708000000| PB 0x0000000708000000| Untracked 
|  34|0x0000000708200000, 0x0000000708200000, 0x0000000708400000|  0%| F|  |TAMS 0x0000000708200000| PB 0x0000000708200000| Untracked 
|  35|0x0000000708400000, 0x0000000708400000, 0x0000000708600000|  0%| F|  |TAMS 0x0000000708400000| PB 0x0000000708400000| Untracked 
|  36|0x0000000708600000, 0x0000000708600000, 0x0000000708800000|  0%| F|  |TAMS 0x0000000708600000| PB 0x0000000708600000| Untracked 
|  37|0x0000000708800000, 0x0000000708800000, 0x0000000708a00000|  0%| F|  |TAMS 0x0000000708800000| PB 0x0000000708800000| Untracked 
|  38|0x0000000708a00000, 0x0000000708a00000, 0x0000000708c00000|  0%| F|  |TAMS 0x0000000708a00000| PB 0x0000000708a00000| Untracked 
|  39|0x0000000708c00000, 0x0000000708c00000, 0x0000000708e00000|  0%| F|  |TAMS 0x0000000708c00000| PB 0x0000000708c00000| Untracked 
|  40|0x0000000708e00000, 0x0000000708e00000, 0x0000000709000000|  0%| F|  |TAMS 0x0000000708e00000| PB 0x0000000708e00000| Untracked 
|  41|0x0000000709000000, 0x0000000709000000, 0x0000000709200000|  0%| F|  |TAMS 0x0000000709000000| PB 0x0000000709000000| Untracked 
|  42|0x0000000709200000, 0x0000000709200000, 0x0000000709400000|  0%| F|  |TAMS 0x0000000709200000| PB 0x0000000709200000| Untracked 
|  43|0x0000000709400000, 0x0000000709400000, 0x0000000709600000|  0%| F|  |TAMS 0x0000000709400000| PB 0x0000000709400000| Untracked 
|  44|0x0000000709600000, 0x0000000709600000, 0x0000000709800000|  0%| F|  |TAMS 0x0000000709600000| PB 0x0000000709600000| Untracked 
|  45|0x0000000709800000, 0x0000000709800000, 0x0000000709a00000|  0%| F|  |TAMS 0x0000000709800000| PB 0x0000000709800000| Untracked 
|  46|0x0000000709a00000, 0x0000000709a00000, 0x0000000709c00000|  0%| F|  |TAMS 0x0000000709a00000| PB 0x0000000709a00000| Untracked 
|  47|0x0000000709c00000, 0x0000000709c00000, 0x0000000709e00000|  0%| F|  |TAMS 0x0000000709c00000| PB 0x0000000709c00000| Untracked 
|  48|0x0000000709e00000, 0x0000000709e00000, 0x000000070a000000|  0%| F|  |TAMS 0x0000000709e00000| PB 0x0000000709e00000| Untracked 
|  49|0x000000070a000000, 0x000000070a000000, 0x000000070a200000|  0%| F|  |TAMS 0x000000070a000000| PB 0x000000070a000000| Untracked 
|  50|0x000000070a200000, 0x000000070a200000, 0x000000070a400000|  0%| F|  |TAMS 0x000000070a200000| PB 0x000000070a200000| Untracked 
|  51|0x000000070a400000, 0x000000070a42f700, 0x000000070a600000|  9%| S|CS|TAMS 0x000000070a400000| PB 0x000000070a400000| Complete 
|  52|0x000000070a600000, 0x000000070a600000, 0x000000070a800000|  0%| F|  |TAMS 0x000000070a600000| PB 0x000000070a600000| Untracked 
|  53|0x000000070a800000, 0x000000070a800000, 0x000000070aa00000|  0%| F|  |TAMS 0x000000070a800000| PB 0x000000070a800000| Untracked 
|  54|0x000000070aa00000, 0x000000070aa00000, 0x000000070ac00000|  0%| F|  |TAMS 0x000000070aa00000| PB 0x000000070aa00000| Untracked 
|  55|0x000000070ac00000, 0x000000070ac00000, 0x000000070ae00000|  0%| F|  |TAMS 0x000000070ac00000| PB 0x000000070ac00000| Untracked 
|  56|0x000000070ae00000, 0x000000070ae00000, 0x000000070b000000|  0%| F|  |TAMS 0x000000070ae00000| PB 0x000000070ae00000| Untracked 
|  57|0x000000070b000000, 0x000000070b000000, 0x000000070b200000|  0%| F|  |TAMS 0x000000070b000000| PB 0x000000070b000000| Untracked 
|  58|0x000000070b200000, 0x000000070b200000, 0x000000070b400000|  0%| F|  |TAMS 0x000000070b200000| PB 0x000000070b200000| Untracked 
|  59|0x000000070b400000, 0x000000070b400000, 0x000000070b600000|  0%| F|  |TAMS 0x000000070b400000| PB 0x000000070b400000| Untracked 
|  60|0x000000070b600000, 0x000000070b600000, 0x000000070b800000|  0%| F|  |TAMS 0x000000070b600000| PB 0x000000070b600000| Untracked 
|  61|0x000000070b800000, 0x000000070b800000, 0x000000070ba00000|  0%| F|  |TAMS 0x000000070b800000| PB 0x000000070b800000| Untracked 
|  62|0x000000070ba00000, 0x000000070ba00000, 0x000000070bc00000|  0%| F|  |TAMS 0x000000070ba00000| PB 0x000000070ba00000| Untracked 
|  63|0x000000070bc00000, 0x000000070bc00000, 0x000000070be00000|  0%| F|  |TAMS 0x000000070bc00000| PB 0x000000070bc00000| Untracked 
|  64|0x000000070be00000, 0x000000070be00000, 0x000000070c000000|  0%| F|  |TAMS 0x000000070be00000| PB 0x000000070be00000| Untracked 
|  65|0x000000070c000000, 0x000000070c000000, 0x000000070c200000|  0%| F|  |TAMS 0x000000070c000000| PB 0x000000070c000000| Untracked 
|  66|0x000000070c200000, 0x000000070c200000, 0x000000070c400000|  0%| F|  |TAMS 0x000000070c200000| PB 0x000000070c200000| Untracked 
|  67|0x000000070c400000, 0x000000070c400000, 0x000000070c600000|  0%| F|  |TAMS 0x000000070c400000| PB 0x000000070c400000| Untracked 
|  68|0x000000070c600000, 0x000000070c600800, 0x000000070c800000|  0%| E|  |TAMS 0x000000070c600000| PB 0x000000070c600000| Complete 
|  69|0x000000070c800000, 0x000000070ca00000, 0x000000070ca00000|100%| E|CS|TAMS 0x000000070c800000| PB 0x000000070c800000| Complete 
|  70|0x000000070ca00000, 0x000000070cc00000, 0x000000070cc00000|100%| E|CS|TAMS 0x000000070ca00000| PB 0x000000070ca00000| Complete 
|  71|0x000000070cc00000, 0x000000070ce00000, 0x000000070ce00000|100%| E|CS|TAMS 0x000000070cc00000| PB 0x000000070cc00000| Complete 
|  72|0x000000070ce00000, 0x000000070d000000, 0x000000070d000000|100%| E|CS|TAMS 0x000000070ce00000| PB 0x000000070ce00000| Complete 
|  73|0x000000070d000000, 0x000000070d200000, 0x000000070d200000|100%| E|CS|TAMS 0x000000070d000000| PB 0x000000070d000000| Complete 
|  74|0x000000070d200000, 0x000000070d400000, 0x000000070d400000|100%| E|CS|TAMS 0x000000070d200000| PB 0x000000070d200000| Complete 
|  75|0x000000070d400000, 0x000000070d600000, 0x000000070d600000|100%| E|CS|TAMS 0x000000070d400000| PB 0x000000070d400000| Complete 
|  76|0x000000070d600000, 0x000000070d800000, 0x000000070d800000|100%| E|CS|TAMS 0x000000070d600000| PB 0x000000070d600000| Complete 
|  77|0x000000070d800000, 0x000000070da00000, 0x000000070da00000|100%| E|CS|TAMS 0x000000070d800000| PB 0x000000070d800000| Complete 
|  78|0x000000070da00000, 0x000000070dc00000, 0x000000070dc00000|100%| E|CS|TAMS 0x000000070da00000| PB 0x000000070da00000| Complete 
|  79|0x000000070dc00000, 0x000000070de00000, 0x000000070de00000|100%| E|CS|TAMS 0x000000070dc00000| PB 0x000000070dc00000| Complete 
|  80|0x000000070de00000, 0x000000070e000000, 0x000000070e000000|100%| E|CS|TAMS 0x000000070de00000| PB 0x000000070de00000| Complete 
|  81|0x000000070e000000, 0x000000070e200000, 0x000000070e200000|100%| E|CS|TAMS 0x000000070e000000| PB 0x000000070e000000| Complete 
|  82|0x000000070e200000, 0x000000070e400000, 0x000000070e400000|100%| E|CS|TAMS 0x000000070e200000| PB 0x000000070e200000| Complete 
|  83|0x000000070e400000, 0x000000070e600000, 0x000000070e600000|100%| E|CS|TAMS 0x000000070e400000| PB 0x000000070e400000| Complete 
|  84|0x000000070e600000, 0x000000070e800000, 0x000000070e800000|100%| E|CS|TAMS 0x000000070e600000| PB 0x000000070e600000| Complete 
|  85|0x000000070e800000, 0x000000070ea00000, 0x000000070ea00000|100%| E|CS|TAMS 0x000000070e800000| PB 0x000000070e800000| Complete 
|  86|0x000000070ea00000, 0x000000070ec00000, 0x000000070ec00000|100%| E|CS|TAMS 0x000000070ea00000| PB 0x000000070ea00000| Complete 
|  87|0x000000070ec00000, 0x000000070ee00000, 0x000000070ee00000|100%| E|CS|TAMS 0x000000070ec00000| PB 0x000000070ec00000| Complete 
|  88|0x000000070ee00000, 0x000000070f000000, 0x000000070f000000|100%| E|CS|TAMS 0x000000070ee00000| PB 0x000000070ee00000| Complete 
|  89|0x000000070f000000, 0x000000070f200000, 0x000000070f200000|100%| E|CS|TAMS 0x000000070f000000| PB 0x000000070f000000| Complete 
|  90|0x000000070f200000, 0x000000070f400000, 0x000000070f400000|100%| E|CS|TAMS 0x000000070f200000| PB 0x000000070f200000| Complete 
|  91|0x000000070f400000, 0x000000070f600000, 0x000000070f600000|100%| E|CS|TAMS 0x000000070f400000| PB 0x000000070f400000| Complete 
|  92|0x000000070f600000, 0x000000070f800000, 0x000000070f800000|100%| E|CS|TAMS 0x000000070f600000| PB 0x000000070f600000| Complete 
|  93|0x000000070f800000, 0x000000070fa00000, 0x000000070fa00000|100%| E|CS|TAMS 0x000000070f800000| PB 0x000000070f800000| Complete 
|  94|0x000000070fa00000, 0x000000070fc00000, 0x000000070fc00000|100%| E|CS|TAMS 0x000000070fa00000| PB 0x000000070fa00000| Complete 
|  95|0x000000070fc00000, 0x000000070fe00000, 0x000000070fe00000|100%| E|CS|TAMS 0x000000070fc00000| PB 0x000000070fc00000| Complete 
|  96|0x000000070fe00000, 0x0000000710000000, 0x0000000710000000|100%| E|CS|TAMS 0x000000070fe00000| PB 0x000000070fe00000| Complete 
|  97|0x0000000710000000, 0x0000000710200000, 0x0000000710200000|100%| E|CS|TAMS 0x0000000710000000| PB 0x0000000710000000| Complete 
|  98|0x0000000710200000, 0x0000000710400000, 0x0000000710400000|100%| E|CS|TAMS 0x0000000710200000| PB 0x0000000710200000| Complete 
|  99|0x0000000710400000, 0x0000000710600000, 0x0000000710600000|100%| E|CS|TAMS 0x0000000710400000| PB 0x0000000710400000| Complete 
| 100|0x0000000710600000, 0x0000000710800000, 0x0000000710800000|100%| E|CS|TAMS 0x0000000710600000| PB 0x0000000710600000| Complete 
| 101|0x0000000710800000, 0x0000000710a00000, 0x0000000710a00000|100%| E|CS|TAMS 0x0000000710800000| PB 0x0000000710800000| Complete 
| 102|0x0000000710a00000, 0x0000000710c00000, 0x0000000710c00000|100%| E|CS|TAMS 0x0000000710a00000| PB 0x0000000710a00000| Complete 
| 103|0x0000000710c00000, 0x0000000710e00000, 0x0000000710e00000|100%| E|CS|TAMS 0x0000000710c00000| PB 0x0000000710c00000| Complete 
| 104|0x0000000710e00000, 0x0000000711000000, 0x0000000711000000|100%| E|CS|TAMS 0x0000000710e00000| PB 0x0000000710e00000| Complete 
| 105|0x0000000711000000, 0x0000000711200000, 0x0000000711200000|100%| E|CS|TAMS 0x0000000711000000| PB 0x0000000711000000| Complete 
| 106|0x0000000711200000, 0x0000000711400000, 0x0000000711400000|100%| E|CS|TAMS 0x0000000711200000| PB 0x0000000711200000| Complete 
| 107|0x0000000711400000, 0x0000000711600000, 0x0000000711600000|100%| E|CS|TAMS 0x0000000711400000| PB 0x0000000711400000| Complete 
| 108|0x0000000711600000, 0x0000000711800000, 0x0000000711800000|100%| E|CS|TAMS 0x0000000711600000| PB 0x0000000711600000| Complete 
| 109|0x0000000711800000, 0x0000000711a00000, 0x0000000711a00000|100%| E|CS|TAMS 0x0000000711800000| PB 0x0000000711800000| Complete 
| 110|0x0000000711a00000, 0x0000000711c00000, 0x0000000711c00000|100%| E|CS|TAMS 0x0000000711a00000| PB 0x0000000711a00000| Complete 
| 111|0x0000000711c00000, 0x0000000711e00000, 0x0000000711e00000|100%| E|CS|TAMS 0x0000000711c00000| PB 0x0000000711c00000| Complete 
| 112|0x0000000711e00000, 0x0000000712000000, 0x0000000712000000|100%| E|CS|TAMS 0x0000000711e00000| PB 0x0000000711e00000| Complete 
| 113|0x0000000712000000, 0x0000000712200000, 0x0000000712200000|100%| E|CS|TAMS 0x0000000712000000| PB 0x0000000712000000| Complete 
| 114|0x0000000712200000, 0x0000000712400000, 0x0000000712400000|100%| E|CS|TAMS 0x0000000712200000| PB 0x0000000712200000| Complete 
| 115|0x0000000712400000, 0x0000000712600000, 0x0000000712600000|100%| E|CS|TAMS 0x0000000712400000| PB 0x0000000712400000| Complete 
| 116|0x0000000712600000, 0x0000000712800000, 0x0000000712800000|100%| E|CS|TAMS 0x0000000712600000| PB 0x0000000712600000| Complete 
| 117|0x0000000712800000, 0x0000000712a00000, 0x0000000712a00000|100%| E|CS|TAMS 0x0000000712800000| PB 0x0000000712800000| Complete 
| 118|0x0000000712a00000, 0x0000000712c00000, 0x0000000712c00000|100%| E|CS|TAMS 0x0000000712a00000| PB 0x0000000712a00000| Complete 
| 119|0x0000000712c00000, 0x0000000712e00000, 0x0000000712e00000|100%| E|CS|TAMS 0x0000000712c00000| PB 0x0000000712c00000| Complete 
| 120|0x0000000712e00000, 0x0000000713000000, 0x0000000713000000|100%| E|CS|TAMS 0x0000000712e00000| PB 0x0000000712e00000| Complete 
| 121|0x0000000713000000, 0x0000000713200000, 0x0000000713200000|100%| E|CS|TAMS 0x0000000713000000| PB 0x0000000713000000| Complete 
| 122|0x0000000713200000, 0x0000000713400000, 0x0000000713400000|100%| E|CS|TAMS 0x0000000713200000| PB 0x0000000713200000| Complete 
| 123|0x0000000713400000, 0x0000000713600000, 0x0000000713600000|100%| E|CS|TAMS 0x0000000713400000| PB 0x0000000713400000| Complete 
| 124|0x0000000713600000, 0x0000000713800000, 0x0000000713800000|100%| E|CS|TAMS 0x0000000713600000| PB 0x0000000713600000| Complete 
| 125|0x0000000713800000, 0x0000000713a00000, 0x0000000713a00000|100%| E|CS|TAMS 0x0000000713800000| PB 0x0000000713800000| Complete 
| 126|0x0000000713a00000, 0x0000000713c00000, 0x0000000713c00000|100%| E|CS|TAMS 0x0000000713a00000| PB 0x0000000713a00000| Complete 

Card table byte_map: [0x00000224baef0000,0x00000224bb6e0000] _byte_map_base: 0x00000224b76d1000

Marking Bits: (CMBitMap*) 0x00000224a339a010
 Bits: [0x00000224bbed0000, 0x00000224bfdd8000)

Polling page: 0x00000224a10b0000

Metaspace:

Usage:
  Non-class:      3.86 MB used.
      Class:    263.90 KB used.
       Both:      4.12 MB used.

Virtual space:
  Non-class space:       64.00 MB reserved,       4.00 MB (  6%) committed,  1 nodes.
      Class space:        1.00 GB reserved,     384.00 KB ( <1%) committed,  1 nodes.
             Both:        1.06 GB reserved,       4.38 MB ( <1%) committed. 

Chunk freelists:
   Non-Class:  1.92 MB
       Class:  3.59 MB
        Both:  5.51 MB

MaxMetaspaceSize: unlimited
CompressedClassSpaceSize: 1.00 GB
Initial GC threshold: 21.00 MB
Current GC threshold: 21.00 MB
CDS: on
MetaspaceReclaimPolicy: balanced
 - commit_granule_bytes: 65536.
 - commit_granule_words: 8192.
 - virtual_space_node_default_size: 8388608.
 - enlarge_chunks_in_place: 1.
 - new_chunks_are_fully_committed: 0.
 - uncommit_free_chunks: 1.
 - use_allocation_guard: 0.


Internal statistics:

num_allocs_failed_limit: 0.
num_arena_births: 134.
num_arena_deaths: 0.
num_vsnodes_births: 2.
num_vsnodes_deaths: 0.
num_space_committed: 68.
num_space_uncommitted: 0.
num_chunks_returned_to_freelist: 0.
num_chunks_taken_from_freelist: 238.
num_chunk_merges: 0.
num_chunk_splits: 156.
num_chunks_enlarged: 100.
num_inconsistent_stats: 0.

CodeHeap 'non-profiled nmethods': size=120000Kb used=749Kb max_used=749Kb free=119250Kb
 bounds [0x00000224b2ea0000, 0x00000224b3110000, 0x00000224ba3d0000]
CodeHeap 'profiled nmethods': size=120000Kb used=1797Kb max_used=1797Kb free=118202Kb
 bounds [0x00000224ab3d0000, 0x00000224ab640000, 0x00000224b2900000]
CodeHeap 'non-nmethods': size=5760Kb used=2470Kb max_used=2494Kb free=3290Kb
 bounds [0x00000224b2900000, 0x00000224b2b80000, 0x00000224b2ea0000]
 total_blobs=2391 nmethods=1278 adapters=1024
 compilation: enabled
              stopped_count=0, restarted_count=0
 full_count=0

Compilation events (20 events):
Event: 555.034 Thread 0x00000224c28330f0 1269       3       metastasis.CellEx::tryMove (406 bytes)
Event: 555.036 Thread 0x00000224c28330f0 nmethod 1269 0x00000224ab58be90 code [0x00000224ab58c240, 0x00000224ab58dc70]
Event: 555.036 Thread 0x00000224c282d650 1270       4       metastasis.CellEx::tryMove (406 bytes)
Event: 555.057 Thread 0x00000224c282d650 nmethod 1270 0x00000224b2f56590 code [0x00000224b2f567e0, 0x00000224b2f57760]
Event: 570.030 Thread 0x00000224c282d650 1271       4       HAL.Interfaces.Grid2D::MapHood (136 bytes)
Event: 570.033 Thread 0x00000224c282d650 nmethod 1271 0x00000224b2f58190 code [0x00000224b2f58320, 0x00000224b2f585e8]
Event: 576.973 Thread 0x00000224c282d650 1272       4       metastasis.CTCs::stepCTCs (49 bytes)
Event: 576.976 Thread 0x00000224c282d650 nmethod 1272 0x00000224b2f58810 code [0x00000224b2f589c0, 0x00000224b2f58c58]
Event: 581.834 Thread 0x00000224c282d650 1273       4       HAL.GridsAndAgents.Agent2DBase::MapHood (20 bytes)
Event: 581.837 Thread 0x00000224c282d650 nmethod 1273 0x00000224b2f58f10 code [0x00000224b2f590a0, 0x00000224b2f593b0]
Event: 642.557 Thread 0x00000224c28330f0 1274       3       metastasis.CellEx::tryMove (406 bytes)
Event: 642.558 Thread 0x00000224c28330f0 nmethod 1274 0x00000224ab58e510 code [0x00000224ab58e8c0, 0x00000224ab5902f0]
Event: 642.558 Thread 0x00000224c282d650 1275       4       metastasis.CellEx::tryMove (406 bytes)
Event: 642.577 Thread 0x00000224c282d650 nmethod 1275 0x00000224b2f59690 code [0x00000224b2f598e0, 0x00000224b2f5a738]
Event: 746.707 Thread 0x00000224c28330f0 1276       3       HAL.GridsAndAgents.AgentGrid2D::NewAgentPT (16 bytes)
Event: 746.708 Thread 0x00000224c28330f0 nmethod 1276 0x00000224ab590b90 code [0x00000224ab590d40, 0x00000224ab591148]
Event: 746.708 Thread 0x00000224c28330f0 1277       3       HAL.GridsAndAgents.AgentSQ2D::Setup (9 bytes)
Event: 746.708 Thread 0x00000224c28330f0 nmethod 1277 0x00000224ab591310 code [0x00000224ab5914a0, 0x00000224ab591698]
Event: 793.172 Thread 0x00000224c282d650 1278       4       java.util.ArrayList::remove (26 bytes)
Event: 793.174 Thread 0x00000224c282d650 nmethod 1278 0x00000224b2f5b110 code [0x00000224b2f5b280, 0x00000224b2f5b4e0]

GC Heap History (20 events):
Event: 920.539 GC heap before
{Heap before GC invocations=500 (full 0):
 garbage-first heap   total 260096K, used 170264K [0x0000000703e00000, 0x0000000800000000)
  region size 2048K, 76 young (155648K), 1 survivors (2048K)
 Metaspace       used 4214K, committed 4480K, reserved 1114112K
  class space    used 262K, committed 384K, reserved 1048576K
}
Event: 920.542 GC heap after
{Heap after GC invocations=501 (full 0):
 garbage-first heap   total 260096K, used 16674K [0x0000000703e00000, 0x0000000800000000)
  region size 2048K, 1 young (2048K), 1 survivors (2048K)
 Metaspace       used 4214K, committed 4480K, reserved 1114112K
  class space    used 262K, committed 384K, reserved 1048576K
}
Event: 921.400 GC heap before
{Heap before GC invocations=501 (full 0):
 garbage-first heap   total 260096K, used 170274K [0x0000000703e00000, 0x0000000800000000)
  region size 2048K, 76 young (155648K), 1 survivors (2048K)
 Metaspace       used 4214K, committed 4480K, reserved 1114112K
  class space    used 262K, committed 384K, reserved 1048576K
}
Event: 921.402 GC heap after
{Heap after GC invocations=502 (full 0):
 garbage-first heap   total 260096K, used 16693K [0x0000000703e00000, 0x0000000800000000)
  region size 2048K, 1 young (2048K), 1 survivors (2048K)
 Metaspace       used 4214K, committed 4480K, reserved 1114112K
  class space    used 262K, committed 384K, reserved 1048576K
}
Event: 925.173 GC heap before
{Heap before GC invocations=502 (full 0):
 garbage-first heap   total 260096K, used 170293K [0x0000000703e00000, 0x0000000800000000)
  region size 2048K, 76 young (155648K), 1 survivors (2048K)
 Metaspace       used 4214K, committed 4480K, reserved 1114112K
  class space    used 262K, committed 384K, reserved 1048576K
}
Event: 925.175 GC heap after
{Heap after GC invocations=503 (full 0):
 garbage-first heap   total 260096K, used 16703K [0x0000000703e00000, 0x0000000800000000)
  region size 2048K, 1 young (2048K), 1 survivors (2048K)
 Metaspace       used 4214K, committed 4480K, reserved 1114112K
  class space    used 262K, committed 384K, reserved 1048576K
}
Event: 926.062 GC heap before
{Heap before GC invocations=503 (full 0):
 garbage-first heap   total 260096K, used 170303K [0x0000000703e00000, 0x0000000800000000)
  region size 2048K, 76 young (155648K), 1 survivors (2048K)
 Metaspace       used 4214K, committed 4480K, reserved 1114112K
  class space    used 262K, committed 384K, reserved 1048576K
}
Event: 926.064 GC heap after
{Heap after GC invocations=504 (full 0):
 garbage-first heap   total 260096K, used 16722K [0x0000000703e00000, 0x0000000800000000)
  region size 2048K, 1 young (2048K), 1 survivors (2048K)
 Metaspace       used 4214K, committed 4480K, reserved 1114112K
  class space    used 262K, committed 384K, reserved 1048576K
}
Event: 926.959 GC heap before
{Heap before GC invocations=504 (full 0):
 garbage-first heap   total 260096K, used 170322K [0x0000000703e00000, 0x0000000800000000)
  region size 2048K, 76 young (155648K), 1 survivors (2048K)
 Metaspace       used 4214K, committed 4480K, reserved 1114112K
  class space    used 262K, committed 384K, reserved 1048576K
}
Event: 926.961 GC heap after
{Heap after GC invocations=505 (full 0):
 garbage-first heap   total 260096K, used 16741K [0x0000000703e00000, 0x0000000800000000)
  region size 2048K, 1 young (2048K), 1 survivors (2048K)
 Metaspace       used 4214K, committed 4480K, reserved 1114112K
  class space    used 262K, committed 384K, reserved 1048576K
}
Event: 928.546 GC heap before
{Heap before GC invocations=505 (full 0):
 garbage-first heap   total 260096K, used 170341K [0x0000000703e00000, 0x0000000800000000)
  region size 2048K, 76 young (155648K), 1 survivors (2048K)
 Metaspace       used 4214K, committed 4480K, reserved 1114112K
  class space    used 262K, committed 384K, reserved 1048576K
}
Event: 928.549 GC heap after
{Heap after GC invocations=506 (full 0):
 garbage-first heap   total 260096K, used 16759K [0x0000000703e00000, 0x0000000800000000)
  region size 2048K, 1 young (2048K), 1 survivors (2048K)
 Metaspace       used 4214K, committed 4480K, reserved 1114112K
  class space    used 262K, committed 384K, reserved 1048576K
}
Event: 929.453 GC heap before
{Heap before GC invocations=506 (full 0):
 garbage-first heap   total 260096K, used 170359K [0x0000000703e00000, 0x0000000800000000)
  region size 2048K, 76 young (155648K), 1 survivors (2048K)
 Metaspace       used 4214K, committed 4480K, reserved 1114112K
  class space    used 262K, committed 384K, reserved 1048576K
}
Event: 929.456 GC heap after
{Heap after GC invocations=507 (full 0):
 garbage-first heap   total 260096K, used 16785K [0x0000000703e00000, 0x0000000800000000)
  region size 2048K, 1 young (2048K), 1 survivors (2048K)
 Metaspace       used 4214K, committed 4480K, reserved 1114112K
  class space    used 262K, committed 384K, reserved 1048576K
}
Event: 930.564 GC heap before
{Heap before GC invocations=507 (full 0):
 garbage-first heap   total 260096K, used 170385K [0x0000000703e00000, 0x0000000800000000)
  region size 2048K, 76 young (155648K), 1 survivors (2048K)
 Metaspace       used 4214K, committed 4480K, reserved 1114112K
  class space    used 262K, committed 384K, reserved 1048576K
}
Event: 930.567 GC heap after
{Heap after GC invocations=508 (full 0):
 garbage-first heap   total 260096K, used 16800K [0x0000000703e00000, 0x0000000800000000)
  region size 2048K, 1 young (2048K), 1 survivors (2048K)
 Metaspace       used 4214K, committed 4480K, reserved 1114112K
  class space    used 262K, committed 384K, reserved 1048576K
}
Event: 931.483 GC heap before
{Heap before GC invocations=508 (full 0):
 garbage-first heap   total 260096K, used 170400K [0x0000000703e00000, 0x0000000800000000)
  region size 2048K, 76 young (155648K), 1 survivors (2048K)
 Metaspace       used 4214K, committed 4480K, reserved 1114112K
  class space    used 262K, committed 384K, reserved 1048576K
}
Event: 931.485 GC heap after
{Heap after GC invocations=509 (full 0):
 garbage-first heap   total 260096K, used 16846K [0x0000000703e00000, 0x0000000800000000)
  region size 2048K, 1 young (2048K), 1 survivors (2048K)
 Metaspace       used 4214K, committed 4480K, reserved 1114112K
  class space    used 262K, committed 384K, reserved 1048576K
}
Event: 932.474 GC heap before
{Heap before GC invocations=509 (full 0):
 garbage-first heap   total 260096K, used 170446K [0x0000000703e00000, 0x0000000800000000)
  region size 2048K, 76 young (155648K), 1 survivors (2048K)
 Metaspace       used 4214K, committed 4480K, reserved 1114112K
  class space    used 262K, committed 384K, reserved 1048576K
}
Event: 932.476 GC heap after
{Heap after GC invocations=510 (full 0):
 garbage-first heap   total 260096K, used 16865K [0x0000000703e00000, 0x0000000800000000)
  region size 2048K, 1 young (2048K), 1 survivors (2048K)
 Metaspace       used 4214K, committed 4480K, reserved 1114112K
  class space    used 262K, committed 384K, reserved 1048576K
}

Dll operation events (12 events):
Event: 0.045 Loaded shared library C:\Users\4473331\.jdks\openjdk-20.0.1\bin\java.dll
Event: 0.068 Loaded shared library C:\Users\4473331\.jdks\openjdk-20.0.1\bin\jsvml.dll
Event: 0.159 Loaded shared library C:\Users\4473331\.jdks\openjdk-20.0.1\bin\zip.dll
Event: 0.162 Loaded shared library C:\Users\4473331\.jdks\openjdk-20.0.1\bin\instrument.dll
Event: 0.169 Loaded shared library C:\Users\4473331\.jdks\openjdk-20.0.1\bin\net.dll
Event: 0.173 Loaded shared library C:\Users\4473331\.jdks\openjdk-20.0.1\bin\nio.dll
Event: 0.176 Loaded shared library C:\Users\4473331\.jdks\openjdk-20.0.1\bin\zip.dll
Event: 0.233 Loaded shared library C:\Program Files\JetBrains\IntelliJ IDEA Community Edition 2023.1.2\bin\breakgen64.dll
Event: 0.245 Loaded shared library C:\Users\4473331\.jdks\openjdk-20.0.1\bin\jimage.dll
Event: 0.254 Loaded shared library C:\Users\4473331\.jdks\openjdk-20.0.1\bin\extnet.dll
Event: 0.318 Loaded shared library C:\Users\4473331\AppData\Local\Temp\1\lwjgl_4473331\3.3.2+13\x64\lwjgl.dll
Event: 1.045 Loaded shared library C:\Users\4473331\AppData\Local\Temp\1\lwjgl_4473331\3.3.2+13\x64\lwjgl_opengl.dll

Deoptimization events (20 events):
Event: 541.826 Thread 0x00000224a3329df0 Uncommon trap: trap_request=0xffffff45 fr.pc=0x00000224b2f50b9c relative=0x000000000000165c
Event: 541.827 Thread 0x00000224a3329df0 Uncommon trap: reason=unstable_if action=reinterpret pc=0x00000224b2f50b9c method=HAL.Interfaces.Grid2D.In(II)Z @ 15 c2
Event: 541.827 Thread 0x00000224a3329df0 DEOPT PACKING pc=0x00000224b2f50b9c sp=0x0000007afb4ff650
Event: 541.827 Thread 0x00000224a3329df0 DEOPT UNPACKING pc=0x00000224b291d2a2 sp=0x0000007afb4ff590 mode 2
Event: 549.493 Thread 0x00000224a3329df0 Uncommon trap: trap_request=0xffffff45 fr.pc=0x00000224b2f47c68 relative=0x00000000000001c8
Event: 549.493 Thread 0x00000224a3329df0 Uncommon trap: reason=unstable_if action=reinterpret pc=0x00000224b2f47c68 method=HAL.Interfaces.Grid2D.MapHood([III)I @ 49 c2
Event: 549.493 Thread 0x00000224a3329df0 DEOPT PACKING pc=0x00000224b2f47c68 sp=0x0000007afb4ff6a0
Event: 549.493 Thread 0x00000224a3329df0 DEOPT UNPACKING pc=0x00000224b291d2a2 sp=0x0000007afb4ff5b0 mode 2
Event: 549.703 Thread 0x00000224a3329df0 Uncommon trap: trap_request=0xffffff45 fr.pc=0x00000224b2f42b18 relative=0x0000000000000318
Event: 549.703 Thread 0x00000224a3329df0 Uncommon trap: reason=unstable_if action=reinterpret pc=0x00000224b2f42b18 method=HAL.Interfaces.Grid2D.MapHood([III)I @ 85 c2
Event: 549.703 Thread 0x00000224a3329df0 DEOPT PACKING pc=0x00000224b2f42b18 sp=0x0000007afb4ff610
Event: 549.703 Thread 0x00000224a3329df0 DEOPT UNPACKING pc=0x00000224b291d2a2 sp=0x0000007afb4ff5a8 mode 2
Event: 555.034 Thread 0x00000224a3329df0 Uncommon trap: trap_request=0xffffff45 fr.pc=0x00000224b2f55518 relative=0x0000000000000d38
Event: 555.034 Thread 0x00000224a3329df0 Uncommon trap: reason=unstable_if action=reinterpret pc=0x00000224b2f55518 method=HAL.Interfaces.Grid2D.In(II)Z @ 1 c2
Event: 555.034 Thread 0x00000224a3329df0 DEOPT PACKING pc=0x00000224b2f55518 sp=0x0000007afb4ff650
Event: 555.034 Thread 0x00000224a3329df0 DEOPT UNPACKING pc=0x00000224b291d2a2 sp=0x0000007afb4ff590 mode 2
Event: 642.557 Thread 0x00000224a3329df0 Uncommon trap: trap_request=0xffffff45 fr.pc=0x00000224b2f574f4 relative=0x0000000000000d14
Event: 642.557 Thread 0x00000224a3329df0 Uncommon trap: reason=unstable_if action=reinterpret pc=0x00000224b2f574f4 method=HAL.Interfaces.Grid2D.In(II)Z @ 11 c2
Event: 642.557 Thread 0x00000224a3329df0 DEOPT PACKING pc=0x00000224b2f574f4 sp=0x0000007afb4ff650
Event: 642.557 Thread 0x00000224a3329df0 DEOPT UNPACKING pc=0x00000224b291d2a2 sp=0x0000007afb4ff588 mode 2

Classes loaded (20 events):
Event: 1.132 Loading class java/lang/invoke/MethodHandle$1
Event: 1.132 Loading class java/lang/invoke/MethodHandle$1 done
Event: 1.312 Loading class java/util/Spliterators$DoubleArraySpliterator
Event: 1.313 Loading class java/util/Spliterators$DoubleArraySpliterator done
Event: 1.313 Loading class java/util/stream/DoublePipeline$Head
Event: 1.314 Loading class java/util/stream/DoublePipeline
Event: 1.315 Loading class java/util/stream/DoubleStream
Event: 1.315 Loading class java/util/stream/DoubleStream done
Event: 1.315 Loading class java/util/stream/DoublePipeline done
Event: 1.315 Loading class java/util/stream/DoublePipeline$Head done
Event: 1.316 Loading class java/util/function/ObjDoubleConsumer
Event: 1.316 Loading class java/util/function/ObjDoubleConsumer done
Event: 1.317 Loading class java/util/stream/ReduceOps$16
Event: 1.317 Loading class java/util/stream/ReduceOps$16 done
Event: 1.317 Loading class java/util/stream/ReduceOps$13ReducingSink
Event: 1.318 Loading class java/util/stream/Sink$OfDouble
Event: 1.318 Loading class java/util/stream/Sink$OfDouble done
Event: 1.318 Loading class java/util/stream/ReduceOps$13ReducingSink done
Event: 933.241 Loading class jdk/internal/misc/Signal$1
Event: 933.242 Loading class jdk/internal/misc/Signal$1 done

Classes unloaded (0 events):
No events

Classes redefined (0 events):
No events

Internal exceptions (20 events):
Event: 0.327 Thread 0x00000224a3329df0 Exception <a 'java/lang/NoSuchMethodError'{0x0000000713537918}: 'int java.lang.invoke.DirectMethodHandle$Holder.invokeStaticInit(java.lang.Object, java.lang.Object, int, long)'> (0x0000000713537918) 
thrown [s\open\src\hotspot\share\interpreter\linkResolver.cpp, line 773]
Event: 0.327 Thread 0x00000224a3329df0 Exception <a 'java/lang/NoSuchMethodError'{0x000000071353cf50}: 'java.lang.Object java.lang.invoke.DirectMethodHandle$Holder.newInvokeSpecial(java.lang.Object, java.lang.Object, int)'> (0x000000071353cf50) 
thrown [s\open\src\hotspot\share\interpreter\linkResolver.cpp, line 773]
Event: 0.329 Thread 0x00000224a3329df0 Exception <a 'java/lang/NoSuchMethodError'{0x000000071354dd58}: 'int java.lang.invoke.DirectMethodHandle$Holder.invokeStaticInit(java.lang.Object, java.lang.Object, long, long)'> (0x000000071354dd58) 
thrown [s\open\src\hotspot\share\interpreter\linkResolver.cpp, line 773]
Event: 0.329 Thread 0x00000224a3329df0 Exception <a 'java/lang/NoSuchMethodError'{0x0000000713553ba0}: 'java.lang.Object java.lang.invoke.DirectMethodHandle$Holder.newInvokeSpecial(java.lang.Object, java.lang.Object, long)'> (0x0000000713553ba0) 
thrown [s\open\src\hotspot\share\interpreter\linkResolver.cpp, line 773]
Event: 0.330 Thread 0x00000224a3329df0 Exception <a 'java/lang/NoSuchMethodError'{0x0000000713557958}: 'java.lang.Object java.lang.invoke.Invokers$Holder.linkToTargetMethod(java.lang.Object, long, java.lang.Object)'> (0x0000000713557958) 
thrown [s\open\src\hotspot\share\interpreter\linkResolver.cpp, line 773]
Event: 0.330 Thread 0x00000224a3329df0 Exception <a 'java/lang/NoSuchMethodError'{0x000000071355e990}: 'int java.lang.invoke.DirectMethodHandle$Holder.invokeStaticInit(java.lang.Object, java.lang.Object, java.lang.Object, long)'> (0x000000071355e990) 
thrown [s\open\src\hotspot\share\interpreter\linkResolver.cpp, line 773]
Event: 0.351 Thread 0x00000224a3329df0 Exception <a 'sun/nio/fs/WindowsException'{0x0000000713234fd8}> (0x0000000713234fd8) 
thrown [s\open\src\hotspot\share\prims\jni.cpp, line 519]
Event: 0.351 Thread 0x00000224a3329df0 Exception <a 'sun/nio/fs/WindowsException'{0x0000000713235368}> (0x0000000713235368) 
thrown [s\open\src\hotspot\share\prims\jni.cpp, line 519]
Event: 0.370 Thread 0x00000224a3329df0 Exception <a 'java/lang/NoSuchMethodError'{0x000000071325a738}: 'int java.lang.invoke.Invokers$Holder.invokeExact_MT(java.lang.Object, java.lang.Object)'> (0x000000071325a738) 
thrown [s\open\src\hotspot\share\interpreter\linkResolver.cpp, line 773]
Event: 0.973 Thread 0x00000224c281d230 Exception <a 'java/lang/NoSuchMethodError'{0x0000000713363288}: 'java.lang.Object java.lang.invoke.Invokers$Holder.invokeExact_MT(java.lang.Object, java.lang.Object, java.lang.Object, java.lang.Object, java.lang.Object, java.lang.Object)'> (0x0000000713363288) 
thrown [s\open\src\hotspot\share\interpreter\linkResolver.cpp, line 773]
Event: 1.025 Thread 0x00000224a3329df0 Exception <a 'java/lang/NoSuchMethodError'{0x00000007132d6e78}: 'void java.lang.System.load(java.lang.String, java.lang.Class)'> (0x00000007132d6e78) 
thrown [s\open\src\hotspot\share\interpreter\linkResolver.cpp, line 773]
Event: 1.026 Thread 0x00000224a3329df0 Exception <a 'java/lang/NoSuchMethodError'{0x00000007132d9c60}: 'void java.lang.System.loadLibrary(java.lang.String, java.lang.Class)'> (0x00000007132d9c60) 
thrown [s\open\src\hotspot\share\interpreter\linkResolver.cpp, line 773]
Event: 1.031 Thread 0x00000224a3329df0 Exception <a 'sun/nio/fs/WindowsException'{0x00000007132ea838}> (0x00000007132ea838) 
thrown [s\open\src\hotspot\share\prims\jni.cpp, line 519]
Event: 1.031 Thread 0x00000224a3329df0 Exception <a 'sun/nio/fs/WindowsException'{0x00000007132eabf8}> (0x00000007132eabf8) 
thrown [s\open\src\hotspot\share\prims\jni.cpp, line 519]
Event: 1.048 Thread 0x00000224a3329df0 Exception <a 'sun/nio/fs/WindowsException'{0x00000007133dd1a8}> (0x00000007133dd1a8) 
thrown [s\open\src\hotspot\share\prims\jni.cpp, line 519]
Event: 1.048 Thread 0x00000224a3329df0 Exception <a 'sun/nio/fs/WindowsException'{0x00000007133dd4a8}> (0x00000007133dd4a8) 
thrown [s\open\src\hotspot\share\prims\jni.cpp, line 519]
Event: 1.131 Thread 0x00000224a3329df0 Exception <a 'java/lang/NoSuchMethodError'{0x000000071318bc00}: 'void java.lang.invoke.Invokers$Holder.invokeExact_MT(java.lang.Object, java.lang.Object, java.lang.Object, java.lang.Object)'> (0x000000071318bc00) 
thrown [s\open\src\hotspot\share\interpreter\linkResolver.cpp, line 773]
Event: 1.229 Thread 0x00000224a3329df0 Exception <a 'java/lang/NoSuchMethodError'{0x0000000712b56ef8}: 'java.lang.Object java.lang.invoke.DirectMethodHandle$Holder.newInvokeSpecial(java.lang.Object, java.lang.Object, int, int)'> (0x0000000712b56ef8) 
thrown [s\open\src\hotspot\share\interpreter\linkResolver.cpp, line 773]
Event: 1.232 Thread 0x00000224a3329df0 Exception <a 'java/lang/NoSuchMethodError'{0x0000000712b79ea8}: 'java.lang.Object java.lang.invoke.DirectMethodHandle$Holder.invokeSpecial(java.lang.Object, java.lang.Object, double, double)'> (0x0000000712b79ea8) 
thrown [s\open\src\hotspot\share\interpreter\linkResolver.cpp, line 773]
Event: 1.316 Thread 0x00000224a3329df0 Exception <a 'java/lang/NoSuchMethodError'{0x00000007129d0580}: 'void java.lang.invoke.DirectMethodHandle$Holder.invokeStatic(java.lang.Object, java.lang.Object, double)'> (0x00000007129d0580) 
thrown [s\open\src\hotspot\share\interpreter\linkResolver.cpp, line 773]

VM Operations (20 events):
Event: 920.542 Executing VM operation: G1CollectForAllocation done
Event: 921.400 Executing VM operation: G1CollectForAllocation
Event: 921.402 Executing VM operation: G1CollectForAllocation done
Event: 925.172 Executing VM operation: G1CollectForAllocation
Event: 925.175 Executing VM operation: G1CollectForAllocation done
Event: 926.062 Executing VM operation: G1CollectForAllocation
Event: 926.064 Executing VM operation: G1CollectForAllocation done
Event: 926.959 Executing VM operation: G1CollectForAllocation
Event: 926.961 Executing VM operation: G1CollectForAllocation done
Event: 928.545 Executing VM operation: G1CollectForAllocation
Event: 928.549 Executing VM operation: G1CollectForAllocation done
Event: 929.453 Executing VM operation: G1CollectForAllocation
Event: 929.456 Executing VM operation: G1CollectForAllocation done
Event: 930.564 Executing VM operation: G1CollectForAllocation
Event: 930.567 Executing VM operation: G1CollectForAllocation done
Event: 931.482 Executing VM operation: G1CollectForAllocation
Event: 931.485 Executing VM operation: G1CollectForAllocation done
Event: 932.474 Executing VM operation: G1CollectForAllocation
Event: 932.476 Executing VM operation: G1CollectForAllocation done
Event: 933.242 Executing VM operation: Exit

Events (20 events):
Event: 0.084 Thread 0x00000224c2818770 Thread added: 0x00000224c2818770
Event: 0.084 Thread 0x00000224c2819570 Thread added: 0x00000224c2819570
Event: 0.084 Thread 0x00000224c281d230 Thread added: 0x00000224c281d230
Event: 0.084 Thread 0x00000224c281fb80 Thread added: 0x00000224c281fb80
Event: 0.084 Thread 0x00000224c28249d0 Thread added: 0x00000224c28249d0
Event: 0.084 Thread 0x00000224c282d650 Thread added: 0x00000224c282d650
Event: 0.084 Thread 0x00000224c28330f0 Thread added: 0x00000224c28330f0
Event: 0.132 Thread 0x00000224c27e6f60 Thread added: 0x00000224c27e6f60
Event: 0.196 Thread 0x00000224c28357e0 Thread added: 0x00000224c28357e0
Event: 0.234 Thread 0x00000224c711d6a0 Thread added: 0x00000224c711d6a0
Event: 0.234 Thread 0x00000224c6eed9b0 Thread added: 0x00000224c6eed9b0
Event: 0.959 Thread 0x00000224c28357e0 Thread exited: 0x00000224c28357e0
Event: 1.049 Thread 0x00000224c77d1260 Thread added: 0x00000224c77d1260
Event: 2.391 Thread 0x00000224c77d1260 Thread exited: 0x00000224c77d1260
Event: 464.404 Thread 0x00000224ce359550 Thread added: 0x00000224ce359550
Event: 464.419 Thread 0x00000224ce357f10 Thread added: 0x00000224ce357f10
Event: 464.798 Thread 0x00000224ce357f10 Thread exited: 0x00000224ce357f10
Event: 469.815 Thread 0x00000224ce359550 Thread exited: 0x00000224ce359550
Event: 933.242 Thread 0x00000224c71fd9c0 Thread added: 0x00000224c71fd9c0
Event: 933.242 Thread 0x00000224c2819570 Thread exited: 0x00000224c2819570


Dynamic libraries:
0x00007ff606a30000 - 0x00007ff606a3e000 	C:\Users\4473331\.jdks\openjdk-20.0.1\bin\java.exe
0x00007ffc98d50000 - 0x00007ffc98f48000 	C:\WINDOWS\SYSTEM32\ntdll.dll
0x00007ffc96de0000 - 0x00007ffc96ea2000 	C:\WINDOWS\System32\KERNEL32.DLL
0x00007ffc96620000 - 0x00007ffc9691e000 	C:\WINDOWS\System32\KERNELBASE.dll
0x00007ffc96060000 - 0x00007ffc96180000 	C:\Windows\system32\hmpalert.dll
0x00007ffc96a50000 - 0x00007ffc96b50000 	C:\WINDOWS\System32\ucrtbase.dll
0x00007ffc8cef0000 - 0x00007ffc8cf07000 	C:\Users\4473331\.jdks\openjdk-20.0.1\bin\jli.dll
0x00007ffc98250000 - 0x00007ffc983ed000 	C:\WINDOWS\System32\USER32.dll
0x00007ffc965f0000 - 0x00007ffc96612000 	C:\WINDOWS\System32\win32u.dll
0x00007ffc8ced0000 - 0x00007ffc8ceeb000 	C:\Users\4473331\.jdks\openjdk-20.0.1\bin\VCRUNTIME140.dll
0x00007ffc98910000 - 0x00007ffc9893b000 	C:\WINDOWS\System32\GDI32.dll
0x00007ffc96c50000 - 0x00007ffc96d67000 	C:\WINDOWS\System32\gdi32full.dll
0x00007ffc963f0000 - 0x00007ffc9648d000 	C:\WINDOWS\System32\msvcp_win.dll
0x00007ffc80a60000 - 0x00007ffc80cfa000 	C:\WINDOWS\WinSxS\amd64_microsoft.windows.common-controls_6595b64144ccf1df_6.0.19041.4355_none_60b8b9eb71f62e16\COMCTL32.dll
0x00007ffc98870000 - 0x00007ffc9890e000 	C:\WINDOWS\System32\msvcrt.dll
0x00007ffc98ce0000 - 0x00007ffc98d0f000 	C:\WINDOWS\System32\IMM32.DLL
0x00007ffc8d070000 - 0x00007ffc8d07c000 	C:\Users\4473331\.jdks\openjdk-20.0.1\bin\vcruntime140_1.dll
0x00007ffc53ab0000 - 0x00007ffc53b3e000 	C:\Users\4473331\.jdks\openjdk-20.0.1\bin\msvcp140.dll
0x00007ffba63c0000 - 0x00007ffba7057000 	C:\Users\4473331\.jdks\openjdk-20.0.1\bin\server\jvm.dll
0x00007ffc97b80000 - 0x00007ffc97c31000 	C:\WINDOWS\System32\ADVAPI32.dll
0x00007ffc979b0000 - 0x00007ffc97a4f000 	C:\WINDOWS\System32\sechost.dll
0x00007ffc97a50000 - 0x00007ffc97b73000 	C:\WINDOWS\System32\RPCRT4.dll
0x00007ffc969d0000 - 0x00007ffc969f7000 	C:\WINDOWS\System32\bcrypt.dll
0x00007ffc7ffe0000 - 0x00007ffc80007000 	C:\WINDOWS\SYSTEM32\WINMM.dll
0x00007ffc7ffd0000 - 0x00007ffc7ffd9000 	C:\WINDOWS\SYSTEM32\WSOCK32.dll
0x00007ffc98420000 - 0x00007ffc9848b000 	C:\WINDOWS\System32\WS2_32.dll
0x00007ffc94f80000 - 0x00007ffc94f8a000 	C:\WINDOWS\SYSTEM32\VERSION.dll
0x00007ffc94ee0000 - 0x00007ffc94ef2000 	C:\WINDOWS\SYSTEM32\kernel.appcore.dll
0x00007ffc8cec0000 - 0x00007ffc8ceca000 	C:\Users\4473331\.jdks\openjdk-20.0.1\bin\jimage.dll
0x00007ffc8bae0000 - 0x00007ffc8bcc4000 	C:\WINDOWS\SYSTEM32\DBGHELP.DLL
0x00007ffc8b950000 - 0x00007ffc8b984000 	C:\WINDOWS\SYSTEM32\dbgcore.DLL
0x00007ffc96bc0000 - 0x00007ffc96c42000 	C:\WINDOWS\System32\bcryptPrimitives.dll
0x00007ffc8ce90000 - 0x00007ffc8ce9e000 	C:\Users\4473331\.jdks\openjdk-20.0.1\bin\instrument.dll
0x00007ffc8ce60000 - 0x00007ffc8ce86000 	C:\Users\4473331\.jdks\openjdk-20.0.1\bin\java.dll
0x00007ffc003b0000 - 0x00007ffc00487000 	C:\Users\4473331\.jdks\openjdk-20.0.1\bin\jsvml.dll
0x00007ffc97240000 - 0x00007ffc979ad000 	C:\WINDOWS\System32\SHELL32.dll
0x00007ffc93dc0000 - 0x00007ffc94564000 	C:\WINDOWS\SYSTEM32\windows.storage.dll
0x00007ffc98490000 - 0x00007ffc987e3000 	C:\WINDOWS\System32\combase.dll
0x00007ffc95b50000 - 0x00007ffc95b7e000 	C:\WINDOWS\SYSTEM32\Wldp.dll
0x00007ffc96eb0000 - 0x00007ffc96f7d000 	C:\WINDOWS\System32\OLEAUT32.dll
0x00007ffc97130000 - 0x00007ffc971dd000 	C:\WINDOWS\System32\SHCORE.dll
0x00007ffc97c40000 - 0x00007ffc97c95000 	C:\WINDOWS\System32\shlwapi.dll
0x00007ffc96320000 - 0x00007ffc96344000 	C:\WINDOWS\SYSTEM32\profapi.dll
0x00007ffc782d0000 - 0x00007ffc782e8000 	C:\Users\4473331\.jdks\openjdk-20.0.1\bin\zip.dll
0x00007ffc820c0000 - 0x00007ffc820d3000 	C:\Users\4473331\.jdks\openjdk-20.0.1\bin\net.dll
0x00007ffc927d0000 - 0x00007ffc928dd000 	C:\WINDOWS\SYSTEM32\WINHTTP.dll
0x00007ffc95930000 - 0x00007ffc9599a000 	C:\WINDOWS\system32\mswsock.dll
0x00007ffc7b140000 - 0x00007ffc7b156000 	C:\Users\4473331\.jdks\openjdk-20.0.1\bin\nio.dll
0x00007ffc5fb70000 - 0x00007ffc5fb8a000 	C:\Program Files\JetBrains\IntelliJ IDEA Community Edition 2023.1.2\bin\breakgen64.dll
0x00007ffc820b0000 - 0x00007ffc820b7000 	C:\Users\4473331\.jdks\openjdk-20.0.1\bin\extnet.dll
0x00007ffc485d0000 - 0x00007ffc4864a000 	C:\Users\4473331\AppData\Local\Temp\1\lwjgl_4473331\3.3.2+13\x64\lwjgl.dll
0x00007ffc00320000 - 0x00007ffc003a2000 	C:\Users\4473331\AppData\Local\Temp\1\lwjgl_4473331\3.3.2+13\x64\glfw.dll
0x00007ffc5efa0000 - 0x00007ffc5efe5000 	C:\WINDOWS\SYSTEM32\dinput8.dll
0x00007ffc53220000 - 0x00007ffc53231000 	C:\WINDOWS\SYSTEM32\xinput1_4.dll
0x00007ffc96a00000 - 0x00007ffc96a4e000 	C:\WINDOWS\System32\cfgmgr32.dll
0x00007ffc96180000 - 0x00007ffc961b3000 	C:\WINDOWS\SYSTEM32\DEVOBJ.dll
0x00007ffc938c0000 - 0x00007ffc938ef000 	C:\WINDOWS\SYSTEM32\dwmapi.dll
0x00007ffc88080000 - 0x00007ffc881d2000 	C:\WINDOWS\SYSTEM32\inputhost.dll
0x00007ffc917b0000 - 0x00007ffc91907000 	C:\WINDOWS\SYSTEM32\wintypes.dll
0x00007ffc90d40000 - 0x00007ffc90e32000 	C:\WINDOWS\SYSTEM32\CoreMessaging.dll
0x00007ffc8fd80000 - 0x00007ffc900db000 	C:\WINDOWS\SYSTEM32\CoreUIComponents.dll
0x00007ffc92d40000 - 0x00007ffc92e36000 	C:\WINDOWS\SYSTEM32\PROPSYS.dll
0x00007ffc954c0000 - 0x00007ffc954f3000 	C:\WINDOWS\SYSTEM32\ntmarta.dll
0x00007ffc936d0000 - 0x00007ffc9376e000 	C:\WINDOWS\system32\uxtheme.dll
0x00007ffc97010000 - 0x00007ffc97125000 	C:\WINDOWS\System32\MSCTF.dll
0x00007ffc574e0000 - 0x00007ffc57608000 	C:\WINDOWS\SYSTEM32\opengl32.dll
0x00007ffc57470000 - 0x00007ffc5749c000 	C:\WINDOWS\SYSTEM32\GLU32.dll
0x00007ffc98a80000 - 0x00007ffc98b29000 	C:\WINDOWS\System32\clbcatq.dll
0x00007ffb9b190000 - 0x00007ffb9c112000 	C:\WINDOWS\System32\DriverStore\FileRepository\iigd_dch.inf_amd64_47794f8eae14cddd\ig12icd64.dll
0x00007ffc97ca0000 - 0x00007ffc97dcb000 	C:\WINDOWS\System32\ole32.dll
0x00007ffc946b0000 - 0x00007ffc947a6000 	C:\WINDOWS\system32\dxgi.dll
0x00007ffc85190000 - 0x00007ffc853e7000 	C:\WINDOWS\System32\DriverStore\FileRepository\iigd_dch.inf_amd64_47794f8eae14cddd\igdgmm64.dll
0x00007ffc82550000 - 0x00007ffc85169000 	C:\WINDOWS\System32\DriverStore\FileRepository\iigd_dch.inf_amd64_47794f8eae14cddd\igc64.dll
0x00007ffc96010000 - 0x00007ffc9605b000 	C:\WINDOWS\SYSTEM32\powrprof.dll
0x00007ffc95e40000 - 0x00007ffc95e52000 	C:\WINDOWS\SYSTEM32\UMPDC.dll
0x00007ffba3a80000 - 0x00007ffba3e8b000 	C:\WINDOWS\System32\DriverStore\FileRepository\iigd_dch.inf_amd64_47794f8eae14cddd\igdml64.dll
0x00007ffc881e0000 - 0x00007ffc882d9000 	C:\WINDOWS\SYSTEM32\textinputframework.dll
0x00007ffc49060000 - 0x00007ffc490be000 	C:\Users\4473331\AppData\Local\Temp\1\lwjgl_4473331\3.3.2+13\x64\lwjgl_opengl.dll

dbghelp: loaded successfully - version: 4.0.5 - missing functions: none
symbol engine: initialized successfully - sym options: 0x614 - pdb path: .;C:\Users\4473331\.jdks\openjdk-20.0.1\bin;C:\WINDOWS\SYSTEM32;C:\WINDOWS\WinSxS\amd64_microsoft.windows.common-controls_6595b64144ccf1df_6.0.19041.4355_none_60b8b9eb71f62e16;C:\Users\4473331\.jdks\openjdk-20.0.1\bin\server;C:\Program Files\JetBrains\IntelliJ IDEA Community Edition 2023.1.2\bin;C:\Users\4473331\AppData\Local\Temp\1\lwjgl_4473331\3.3.2+13\x64;C:\WINDOWS\System32\DriverStore\FileRepository\iigd_dch.inf_amd64_47794f8eae14cddd

VM Arguments:
jvm_args: -javaagent:C:\Program Files\JetBrains\IntelliJ IDEA Community Edition 2023.1.2\lib\idea_rt.jar=59735:C:\Program Files\JetBrains\IntelliJ IDEA Community Edition 2023.1.2\bin -Dfile.encoding=UTF-8 -Dsun.stdout.encoding=UTF-8 -Dsun.stderr.encoding=UTF-8 
java_command: metastasis.metastasis
java_class_path (initial): C:\Users\4473331\Documents\projects\000_grants\wgd_abm\out\production\wgd_abm;C:\Users\4473331\Documents\projects\000_grants\wgd_abm\HAL\lib\lwjgl-assimp-natives-macos-arm64.jar;C:\Users\4473331\Documents\projects\000_grants\wgd_abm\HAL\lib\lwjgl-opengl-natives-linux-arm32.jar;C:\Users\4473331\Documents\projects\000_grants\wgd_abm\HAL\lib\lwjgl-openal-natives-linux-arm64.jar;C:\Users\4473331\Documents\projects\000_grants\wgd_abm\HAL\lib\lwjgl-natives-linux.jar;C:\Users\4473331\Documents\projects\000_grants\wgd_abm\HAL\lib\lwjgl-opengl-natives-macos.jar;C:\Users\4473331\Documents\projects\000_grants\wgd_abm\HAL\lib\lwjgl-natives-windows.jar;C:\Users\4473331\Documents\projects\000_grants\wgd_abm\HAL\lib\lwjgl-assimp-javadoc.jar;C:\Users\4473331\Documents\projects\000_grants\wgd_abm\HAL\lib\lwjgl-opengl-natives-windows-arm64.jar;C:\Users\4473331\Documents\projects\000_grants\wgd_abm\HAL\lib\lwjgl-glfw-natives-windows-arm64.jar;C:\Users\4473331\Documents\projects\000_grants\wgd_abm\HAL\lib\lwjgl-opengl-javadoc.jar;C:\Users\4473331\Documents\projects\000_grants\wgd_abm\HAL\lib\lwjgl-stb-natives-macos.jar;C:\Users\4473331\Documents\projects\000_grants\wgd_abm\HAL\lib\lwjgl-stb-natives-windows-arm64.jar;C:\Users\4473331\Documents\projects\000_grants\wgd_abm\HAL\lib\lwjgl-natives-linux-arm32.jar;C:\Users\4473331\Documents\projects\000_grants\wgd_abm\HAL\lib\lwjgl-opengl-natives-windows-x86.jar;C:\Users\4473331\Documents\projects\000_grants\wgd_abm\HAL\lib\lwjgl-glfw-natives-macos.jar;C:\Users\4473331\Documents\projects\000_grants\wgd_abm\HAL\lib\lwjgl-openal-javadoc.jar;C:\Users\4473331\Documents\projects\000_grants\wgd_abm\HAL\lib\lwjgl-stb-sources.jar;C:\Users\4473331\Documents\projects\000_grants\wgd_abm\HAL\lib\lwjgl-glfw-natives-windows-x86.jar;C:\Users\4473331\Documents\projects\000_grants\wgd_abm\HAL\lib\lwjgl-glfw-javadoc.jar;C:\Users\4473331\Documents\projects\000_grants\wgd_abm\HAL\lib\lwjgl-javadoc.jar;C:\Users\4473331\Documents\projects\000_grants\wgd_abm\HAL\lib\lwjgl-sources.jar;C:\Users\4473331\Documents\projects\000_grants\wgd_abm\HAL\lib\lwjgl-openal-natives-linux-arm32.jar;C:\Users\4473331\Documents\projects\000_grants\wgd_abm\HAL\lib\lwjgl-openal-natives-macos-arm64.jar;C:\Users\4473331\Documents\projects\000_grants\wgd_abm\HAL\lib\lwjgl-assimp-natives-windows.jar;C:\Users\4473331\Documents\projects\000_grants\wgd_abm\HAL\lib\lwjgl-openal-natives-windows-x86.jar;C:\Users\4473331\Documents\projects\000_grants\wgd_abm\HAL\lib\lwjgl-stb-natives-linux.jar;C:\Users\4473331\Documents\projects\000_grants\wgd_abm\HAL\lib\lwjgl-natives-macos.jar;C:\Users\4473331\Documents\projects\000_grants\wgd_abm\HAL\lib\lwjgl-glfw-natives-linux.jar;C:\Users\4473331\Documents\projects\000_grants\wgd_abm\HAL\lib\lwjgl-stb-natives-macos-arm64.jar;C:\Users\4473331\Documents\projects\000_grants\wgd_abm\HAL\lib\lwjgl-openal-natives-windows-arm64.jar;C:\Users\4473331\Documents\projects\000_grants\wgd_abm\HAL\lib\lwjgl-opengl-natives-linux.jar;C:\Users\4473331\Documents\projects\000_grants\wgd_abm\HAL\lib\lwjgl-openal-natives-linux.jar;C:\Users\4473331\Documents\projects\000_grants\wgd_abm\HAL\lib\lwjgl-assimp-natives-linux-arm64.jar;C:\Users\4473331\Documents\projects\000_grants\wgd_abm\HAL\lib\lwjgl-stb-natives-linux-arm32.jar;C:\Users\4473331\Documents\projects\000_grants\wgd_abm\HAL\lib\lwjgl-glfw-natives-macos-arm64.jar;C:\Users\4473331\Documents\projects\000_grants\wgd_abm\HAL\lib\lwjgl-assimp-natives-windows-x86.jar;C:\Users\4473331\Documents\projects\000_grants\wgd_abm\HAL\lib\lwjgl-opengl-natives-windows.jar;C:\Users\4473331\Documents\projects\000_grants\wgd_abm\HAL\lib\lwjgl-glfw.jar;C:\Users\4473331\Documents\projects\000_grants\wgd_abm\HAL\lib\lwjgl-opengl-sources.jar;C:\Users\4473331\Documents\projects\000_grants\wgd_abm\HAL\lib\lwjgl-natives-windows-arm64.jar;C:\Users\4473331\Documents\projects\000_grants\wgd_abm\HAL\lib\lwjgl-openal-sources.jar;C:\Users\4473331\Documents\projects\000_grants\wgd_abm\HAL\lib\lwjgl-stb-natives-linux-arm64.jar;C:\Users\4473331\Documents\projects\000_grants\wgd_abm\HAL\lib\lwjgl-assimp-natives-linux-arm32.jar;C:\Users\4473331\Documents\projects\000_grants\wgd_abm\HAL\lib\lwjgl-glfw-sources.jar;C:\Users\4473331\Documents\projects\000_grants\wgd_abm\HAL\lib\lwjgl-openal-natives-windows.jar;C:\Users\4473331\Documents\projects\000_grants\wgd_abm\HAL\lib\lwjgl-natives-macos-arm64.jar;C:\Users\4473331\Documents\projects\000_grants\wgd_abm\HAL\lib\lwjgl-glfw-natives-windows.jar;C:\Users\4473331\Documents\projects\000_grants\wgd_abm\HAL\lib\lwjgl-stb-javadoc.jar;C:\Users\4473331\Documents\projects\000_grants\wgd_abm\HAL\lib\lwjgl-glfw-natives-linux-arm64.jar;C:\Users\4473331\Documents\projects\000_grants\wgd_abm\HAL\lib\lwjgl-assimp-natives-macos.jar;C:\Users\4473331\Documents\projects\000_grants\wgd_abm\HAL\lib\lwjgl.jar;C:\Users\4473331\Documents\projects\000_grants\wgd_abm\HAL\lib\lwjgl-opengl-natives-linux-arm64.jar;C:\Users\4473331\Documents\projects\000_grants\wgd_abm\HAL\lib\lwjgl-assimp.jar;C:\Users\4473331\Documents\projects\000_grants\wgd_abm\HAL\lib\lwjgl-stb-natives-windows-x86.jar;C:\Users\4473331\Documents\projects\000_grants\wgd_abm\HAL\lib\lwjgl-natives-windows-x86.jar;C:\Users\4473331\Documents\projects\000_grants\wgd_abm\HAL\lib\lwjgl-stb-natives-windows.jar;C:\Users\4473331\Documents\projects\000_grants\wgd_abm\HAL\lib\lwjgl-natives-linux-arm64.jar;C:\Users\4473331\Documents\projects\000_grants\wgd_abm\HAL\lib\lwjgl-openal-natives-macos.jar;C:\Users\4473331\Documents\projects\000_grants\wgd_abm\HAL\lib\lwjgl-openal.jar;C:\Users\4473331\Documents\projects\000_grants\wgd_abm\HAL\lib\lwjgl-assimp-natives-linux.jar;C:\Users\4473331\Documents\projects\000_grants\wgd_abm\HAL\lib\lwjgl-assimp-natives-windows-arm64.jar;C:\Users\4473331\Documents\projects\000_grants\wgd_abm\HAL\lib\lwjgl-assimp-sources.jar;C:\Users\4473331\Documents\projects\000_grants\wgd_abm\HAL\lib\lwjgl-glfw-natives-linux-arm32.jar;C:\Users\4473331\Documents\projects\000_grants\wgd_abm\HAL\lib\lwjgl-opengl-natives-macos-arm64.jar;C:\Users\4473331\Documents\projects\000_grants\wgd_abm\HAL\lib\lwjgl-opengl.jar;C:\Users\4473331\Documents\projects\000_grants\wgd_abm\HAL\lib\lwjgl-stb.jar
Launcher Type: SUN_STANDARD

[Global flags]
     intx CICompilerCount                          = 4                                         {product} {ergonomic}
     uint ConcGCThreads                            = 2                                         {product} {ergonomic}
     uint G1ConcRefinementThreads                  = 8                                         {product} {ergonomic}
   size_t G1HeapRegionSize                         = 2097152                                   {product} {ergonomic}
    uintx GCDrainStackTargetSize                   = 64                                        {product} {ergonomic}
   size_t InitialHeapSize                          = 266338304                                 {product} {ergonomic}
   size_t MarkStackSize                            = 4194304                                   {product} {ergonomic}
   size_t MaxHeapSize                              = 4229955584                                {product} {ergonomic}
   size_t MaxNewSize                               = 2537553920                                {product} {ergonomic}
   size_t MinHeapDeltaBytes                        = 2097152                                   {product} {ergonomic}
   size_t MinHeapSize                              = 8388608                                   {product} {ergonomic}
    uintx NonNMethodCodeHeapSize                   = 5839372                                {pd product} {ergonomic}
    uintx NonProfiledCodeHeapSize                  = 122909434                              {pd product} {ergonomic}
    uintx ProfiledCodeHeapSize                     = 122909434                              {pd product} {ergonomic}
    uintx ReservedCodeCacheSize                    = 251658240                              {pd product} {ergonomic}
     bool SegmentedCodeCache                       = true                                      {product} {ergonomic}
   size_t SoftMaxHeapSize                          = 4229955584                             {manageable} {ergonomic}
     bool UseCompressedClassPointers               = true                           {product lp64_product} {ergonomic}
     bool UseCompressedOops                        = true                           {product lp64_product} {ergonomic}
     bool UseG1GC                                  = true                                      {product} {ergonomic}
     bool UseLargePagesIndividualAllocation        = false                                  {pd product} {ergonomic}

Logging:
Log output configuration:
 #0: stdout all=off uptime,level,tags foldmultilines=false
 #1: stderr all=off uptime,level,tags foldmultilines=false

Environment Variables:
PATH=C:\Program Files (x86)\Common Files\Oracle\Java\java8path;C:\Program Files (x86)\Common Files\Oracle\Java\javapath;C:\WINDOWS\system32;C:\WINDOWS;C:\WINDOWS\System32\Wbem;C:\WINDOWS\System32\WindowsPowerShell\v1.0\;C:\WINDOWS\System32\OpenSSH\;C:\Program Files\Moffitt\Bgupdate;C:\Windows\CCM;C:\Program Files\MATLAB\R2022a\bin;;C:\Program Files\dotnet\;C:\Program Files\Amazon\AWSCLIV2\;C:\Program Files\Scripts;C:\Program Files;C:\Users\4473331\AppData\Local\Microsoft\WindowsApps;C:\Users\4473331\AppData\Local\Programs\Julia-1.6.2\bin;C:\Users\4473331\AppData\Local\Programs\Microsoft VS Code\bin;C:\Users\4473331\AppData\Local\Programs\Git\cmd;C:\Program Files\R\R-4.4.1\bin;C:\rtools40\mingw64\bin;C:\Users\4473331\AppData\Roaming\TinyTeX\bin\win32;C:\Gradle\gradle-4.2.1\bin;C:\Users\4473331\AppData\Roaming\Python\Python311\Scripts;C:\Program Files\JetBrains\PyCharm Community Edition 2023.1.2\bin;;C:\Users\4473331\AppData\Roaming\TinyTeX\bin\windows;C:\Program Files\OpenSSL-Win64\bin;
USERNAME=4473331
OS=Windows_NT
PROCESSOR_IDENTIFIER=Intel64 Family 6 Model 140 Stepping 1, GenuineIntel
TMP=C:\Users\4473331\AppData\Local\Temp\1
TEMP=C:\Users\4473331\AppData\Local\Temp\1




---------------  S Y S T E M  ---------------

OS:
 Windows 10 , 64 bit Build 19041 (10.0.19041.5072)
OS uptime: 1 days 3:39 hours
Hyper-V role detected

CPU: total 8 (initial active 8) (4 cores per cpu, 2 threads per core) family 6 model 140 stepping 1 microcode 0x6e, cx8, cmov, fxsr, ht, mmx, 3dnowpref, sse, sse2, sse3, ssse3, sse4.1, sse4.2, popcnt, lzcnt, tsc, tscinvbit, avx, avx2, aes, erms, clmul, bmi1, bmi2, adx, avx512f, avx512dq, avx512cd, avx512bw, avx512vl, sha, fma, vzeroupper, avx512_vpopcntdq, avx512_vpclmulqdq, avx512_vaes, avx512_vnni, clflush, clflushopt, clwb, avx512_vbmi2, avx512_vbmi, hv, rdtscp, rdpid, fsrm, gfni, avx512_bitalg, f16c, cet_ibt, cet_ss, avx512_ifma

Memory: 4k page, system-wide physical 16129M (2484M free)
TotalPageFile size 25345M (AvailPageFile size 5416M)
current process WorkingSet (physical memory assigned to process): 372M, peak: 376M
current process commit charge ("private bytes"): 439M, peak: 454M

vm_info: OpenJDK 64-Bit Server VM (20.0.1+9-29) for windows-amd64 JRE (20.0.1+9-29), built on 2023-03-07T13:56:11Z by "mach5one" with MS VC++ 17.1 (VS2022)

END.
