#
# A fatal error has been detected by the Java Runtime Environment:
#
#  EXCEPTION_ACCESS_VIOLATION (0xc0000005) at pc=0x00007ffb9376fdb5, pid=14892, tid=5384
#
# JRE version: OpenJDK Runtime Environment (20.0.1+9) (build 20.0.1+9-29)
# Java VM: OpenJDK 64-Bit Server VM (20.0.1+9-29, mixed mode, sharing, tiered, compressed oops, compressed class ptrs, g1 gc, windows-amd64)
# Problematic frame:
# C  [ig12icd64.dll+0x2afdb5]
#
# No core dump will be written. Minidumps are not enabled by default on client versions of Windows
#
# If you would like to submit a bug report, please visit:
#   https://bugreport.java.com/bugreport/crash.jsp
#

---------------  S U M M A R Y ------------

Command Line: -javaagent:C:\Program Files\JetBrains\IntelliJ IDEA Community Edition 2023.1.2\lib\idea_rt.jar=57892:C:\Program Files\JetBrains\IntelliJ IDEA Community Edition 2023.1.2\bin -Dfile.encoding=UTF-8 -Dsun.stdout.encoding=UTF-8 -Dsun.stderr.encoding=UTF-8 metastasis.metastasis

Host: 11th Gen Intel(R) Core(TM) i7-1165G7 @ 2.80GHz, 8 cores, 15G,  Windows 10 , 64 bit Build 19041 (10.0.19041.5072)
Time: Tue Dec 10 12:56:01 2024 Eastern Standard Time elapsed time: 170.758467 seconds (0d 0h 2m 50s)

---------------  T H R E A D  ---------------

Current thread (0x000001fbb1d48820):  VMThread "VM Thread" [stack: 0x0000001515000000,0x0000001515100000] [id=5384]

Stack: [0x0000001515000000,0x0000001515100000],  sp=0x00000015150fe310,  free space=1016k
Native frames: (J=compiled Java code, j=interpreted, Vv=VM code, C=native code)
C  [ig12icd64.dll+0x2afdb5]


siginfo: EXCEPTION_ACCESS_VIOLATION (0xc0000005), reading address 0x00000000000353a8


Registers:
RAX=0x000001fbbd7ac220, RBX=0x000001fbbd7ac150, RCX=0x0000000000000000, RDX=0x000001fbbd7ac220
RSP=0x00000015150fe310, RBP=0x00000015150fe410, RSI=0x0000000000000000, RDI=0x000001fbb61306f0
R8 =0x0000000000000000, R9 =0x0000000000000000, R10=0x0000000000000000, R11=0x0000000000000246
R12=0x0000000000000000, R13=0x000001fbbd7ac150, R14=0x000001fbbd7ac668, R15=0x000001fbbd8153b0
RIP=0x00007ffb9376fdb5, EFLAGS=0x0000000000010202


Register to memory mapping:

RIP=0x00007ffb9376fdb5 ig12icd64.dll
RAX=0x000001fbbd7ac220 points into unknown readable memory: 0x0000000009954a75 | 75 4a 95 09 00 00 00 00
RBX=0x000001fbbd7ac150 points into unknown readable memory: 0x000001fbb6712ab0 | b0 2a 71 b6 fb 01 00 00
RCX=0x0 is NULL
RDX=0x000001fbbd7ac220 points into unknown readable memory: 0x0000000009954a75 | 75 4a 95 09 00 00 00 00
RSP=0x00000015150fe310 points into unknown readable memory: 0x000001fbb66b3ed0 | d0 3e 6b b6 fb 01 00 00
RBP=0x00000015150fe410 points into unknown readable memory: 0x9ae8023f80e800d9 | d9 00 e8 80 3f 02 e8 9a
RSI=0x0 is NULL
RDI=0x000001fbb61306f0 points into unknown readable memory: 0x00007ffb93f79300 | 00 93 f7 93 fb 7f 00 00
R8 =0x0 is NULL
R9 =0x0 is NULL
R10=0x0 is NULL
R11=0x0000000000000246 is an unknown value
R12=0x0 is NULL
R13=0x000001fbbd7ac150 points into unknown readable memory: 0x000001fbb6712ab0 | b0 2a 71 b6 fb 01 00 00
R14=0x000001fbbd7ac668 points into unknown readable memory: 0x000001fbbd8153b0 | b0 53 81 bd fb 01 00 00
R15=0x000001fbbd8153b0 points into unknown readable memory: 0x000001fbb6712ab0 | b0 2a 71 b6 fb 01 00 00


Top of Stack: (sp=0x00000015150fe310)
0x00000015150fe310:   000001fbb66b3ed0 0000000000000000
0x00000015150fe320:   0000000000000000 0000000000000000
0x00000015150fe330:   0000001638000000 0000000000000000
0x00000015150fe340:   74cb02aa27cb00ce efcc005649cc00da
0x00000015150fe350:   000001fbb66b3ed0 17d0022bf4cf0169
0x00000015150fe360:   39d100f48dd00056 d2d1007b9ad10148
0x00000015150fe370:   3dd5006182d300a7 ecd6010fd6d6032a
0x00000015150fe380:   3dd700def6d602c6 07d9011fd1d802eb
0x00000015150fe390:   38da032073d90124 19db000effda01c8
0x00000015150fe3a0:   b2db01d826db02ec 0bdc0139fbdb02cc
0x00000015150fe3b0:   1bdd027edcdc019a 3ee001801fdf0119
0x00000015150fe3c0:   61e002e442e001e7 65e10316fde002c3
0x00000015150fe3d0:   83e1008c7ee102de 1be202f5d9e102ac
0x00000015150fe3e0:   2fe202dd2be20056 69e4005e2ae40114
0x00000015150fe3f0:   cee501274ce500c9 62e60d2b3ee6029a
0x00000015150fe400:   fbe600816ce602ff a4e7011d68e70339
0x00000015150fe410:   9ae8023f80e800d9 b4e800fa9ee800fd
0x00000015150fe420:   8ce90195e0e80294 5fec02cc94ea010a
0x00000015150fe430:   b9ec03138aec00ce 35ef02f771ee0122
0x00000015150fe440:   e0f0008b79ef032a 7df102d45cf100b6
0x00000015150fe450:   00003cca1a836ba8 28f300db08f300fa
0x00000015150fe460:   0000000000000000 0000000000000000
0x00000015150fe470:   0000000000000000 0000000000000000
0x00000015150fe480:   0000000000000000 0000000000000000
0x00000015150fe490:   0000000000000000 0000000000000000
0x00000015150fe4a0:   0000000000000000 0000000000000000
0x00000015150fe4b0:   0000000000000000 0000000000000000
0x00000015150fe4c0:   0000000000000000 0000000000000000
0x00000015150fe4d0:   0000000000000000 0000000000000000
0x00000015150fe4e0:   404e000000000000 0000000000000000
0x00000015150fe4f0:   0000000000000000 0000000000000000
0x00000015150fe500:   000001fbb69d27d8 0000000009954edb 

Instructions: (pc=0x00007ffb9376fdb5)
0x00007ffb9376fcb5:   48 8b cb ff 15 42 74 7f 00 90 4c 8b bf 80 02 00
0x00007ffb9376fcc5:   00 48 8b 05 73 d3 b1 00 8b 80 1c 0a 00 00 89 44
0x00007ffb9376fcd5:   24 24 c6 44 24 20 00 48 c7 87 80 02 00 00 00 00
0x00007ffb9376fce5:   00 00 c7 87 88 02 00 00 00 00 00 00 48 c7 87 a0
0x00007ffb9376fcf5:   02 00 00 00 00 00 00 48 c7 87 90 02 00 00 00 00
0x00007ffb9376fd05:   00 00 48 85 f6 75 3d 8b 35 3e 67 c1 00 65 48 8b
0x00007ffb9376fd15:   04 25 58 00 00 00 b9 30 00 00 00 48 8b 04 f0 80
0x00007ffb9376fd25:   3c 01 00 0f 84 7e 29 6c 00 65 48 8b 04 25 58 00
0x00007ffb9376fd35:   00 00 b9 08 00 00 00 48 8b 04 f0 48 8b 34 01 48
0x00007ffb9376fd45:   89 74 24 28 48 3b 35 10 8b c1 00 0f 84 37 11 00
0x00007ffb9376fd55:   00 4d 85 ff 0f 84 37 01 00 00 90 49 8b df 4d 8b
0x00007ffb9376fd65:   ef 4d 8d b7 18 05 00 00 4d 8b 3e 45 84 e4 0f 85
0x00007ffb9376fd75:   b4 0f 00 00 8b 8f d0 01 00 00 48 8b 05 ba d2 b1
0x00007ffb9376fd85:   00 83 b8 54 03 00 00 02 75 33 48 8d 93 d0 00 00
0x00007ffb9376fd95:   00 83 f9 10 0f 83 73 01 00 00 8b c1 48 c1 e0 06
0x00007ffb9376fda5:   48 03 c2 48 85 c0 0f 84 d5 01 00 00 4c 8b 40 08
0x00007ffb9376fdb5:   4c 3b 86 a8 53 03 00 0f 87 8e 0f 00 00 48 83 bb
0x00007ffb9376fdc5:   70 05 00 00 00 0f 85 0f 29 6c 00 44 8b 87 d0 01
0x00007ffb9376fdd5:   00 00 48 8b 87 e8 01 00 00 48 8b 10 8b 8f d0 01
0x00007ffb9376fde5:   00 00 48 8d b3 d0 00 00 00 83 f9 10 0f 83 54 01
0x00007ffb9376fdf5:   00 00 8b c1 48 c1 e0 06 48 03 c6 48 85 c0 0f 84
0x00007ffb9376fe05:   85 01 00 00 48 39 50 08 0f 86 7b 01 00 00 48 8b
0x00007ffb9376fe15:   87 80 02 00 00 49 89 06 48 89 9f 80 02 00 00 ff
0x00007ffb9376fe25:   87 88 02 00 00 48 8b 4b 08 48 8b 01 ba 01 00 00
0x00007ffb9376fe35:   00 48 8b 80 e0 02 00 00 ff 15 9d 77 7f 00 0f b7
0x00007ffb9376fe45:   c8 48 2b c1 48 05 00 00 01 00 48 01 87 90 02 00
0x00007ffb9376fe55:   00 48 8b 4b 08 48 8b 01 ba 01 00 00 00 48 8b 80
0x00007ffb9376fe65:   e0 02 00 00 ff 15 71 77 7f 00 48 01 87 a0 02 00
0x00007ffb9376fe75:   00 48 8b 74 24 28 0f b6 54 24 20 4d 85 ff 0f 85
0x00007ffb9376fe85:   d7 fe ff ff 84 d2 0f 85 5c 10 00 00 48 8b 5c 24
0x00007ffb9376fe95:   40 48 8b cf 80 7c 24 22 00 0f 85 36 10 00 00 e8
0x00007ffb9376fea5:   a7 f0 ff ff 90 48 8b cb ff 15 7d 73 7f 00 48 8b 


Stack slot to memory mapping:
stack at sp + 0 slots: 0x000001fbb66b3ed0 points into unknown readable memory: 0xffffffffffffffff | ff ff ff ff ff ff ff ff
stack at sp + 1 slots: 0x0 is NULL
stack at sp + 2 slots: 0x0 is NULL
stack at sp + 3 slots: 0x0 is NULL
stack at sp + 4 slots: 0x0000001638000000 is an unknown value
stack at sp + 5 slots: 0x0 is NULL
stack at sp + 6 slots: 0x74cb02aa27cb00ce is an unknown value
stack at sp + 7 slots: 0xefcc005649cc00da is an unknown value

VM_Operation (0x00000015147ff100): Exit, mode: safepoint, requested by thread 0x000001fbb6612510


---------------  P R O C E S S  ---------------

Threads class SMR info:
_java_thread_list=0x000001fb902cbaa0, length=12, elements={
0x000001fb92855110, 0x000001fbb1d65500, 0x000001fbb1d66300, 0x000001fbb1d6b410,
0x000001fbb1d6be40, 0x000001fbb1d6f020, 0x000001fbb1d76a40, 0x000001fbb1d7b8d0,
0x000001fbb6116c20, 0x000001fbb6419220, 0x000001fbb63a9ba0, 0x000001fbb6612510
}

Java Threads: ( => current thread )
  0x000001fb92855110 JavaThread "main" [_thread_blocked, id=27164, stack(0x0000001514a00000,0x0000001514b00000)]
  0x000001fbb1d65500 JavaThread "Reference Handler" daemon [_thread_blocked, id=25504, stack(0x0000001515100000,0x0000001515200000)]
  0x000001fbb1d66300 JavaThread "Finalizer" daemon [_thread_blocked, id=3784, stack(0x0000001515200000,0x0000001515300000)]
  0x000001fbb1d6b410 JavaThread "Attach Listener" daemon [_thread_blocked, id=26096, stack(0x0000001515400000,0x0000001515500000)]
  0x000001fbb1d6be40 JavaThread "Service Thread" daemon [_thread_blocked, id=24092, stack(0x0000001515500000,0x0000001515600000)]
  0x000001fbb1d6f020 JavaThread "Monitor Deflation Thread" daemon [_thread_blocked, id=2768, stack(0x0000001515600000,0x0000001515700000)]
  0x000001fbb1d76a40 JavaThread "C2 CompilerThread0" daemon [_thread_blocked, id=23996, stack(0x0000001515700000,0x0000001515800000)]
  0x000001fbb1d7b8d0 JavaThread "C1 CompilerThread0" daemon [_thread_blocked, id=11220, stack(0x0000001515800000,0x0000001515900000)]
  0x000001fbb6116c20 JavaThread "Common-Cleaner" daemon [_thread_blocked, id=22028, stack(0x0000001515900000,0x0000001515a00000)]
  0x000001fbb6419220 JavaThread "Monitor Ctrl-Break" daemon [_thread_in_native, id=25484, stack(0x0000001515a00000,0x0000001515b00000)]
  0x000001fbb63a9ba0 JavaThread "Notification Thread" daemon [_thread_blocked, id=26396, stack(0x0000001515b00000,0x0000001515c00000)]
  0x000001fbb6612510 JavaThread "SIGINT handler" daemon [_thread_blocked, id=21356, stack(0x0000001514700000,0x0000001514800000)]

Other Threads:
=>0x000001fbb1d48820 VMThread "VM Thread" [stack: 0x0000001515000000,0x0000001515100000] [id=5384]
  0x000001fb928c3de0 WorkerThread "GC Thread#0" [stack: 0x0000001514b00000,0x0000001514c00000] [id=19964]
  0x000001fbbdb11310 WorkerThread "GC Thread#1" [stack: 0x0000001516300000,0x0000001516400000] [id=1224]
  0x000001fbbdb115e0 WorkerThread "GC Thread#2" [stack: 0x0000001516400000,0x0000001516500000] [id=18392]
  0x000001fbbd9f00a0 WorkerThread "GC Thread#3" [stack: 0x0000001516500000,0x0000001516600000] [id=18808]
  0x000001fbbd9f0370 WorkerThread "GC Thread#4" [stack: 0x0000001516600000,0x0000001516700000] [id=25784]
  0x000001fbbd9efb00 WorkerThread "GC Thread#5" [stack: 0x0000001516700000,0x0000001516800000] [id=27772]
  0x000001fbbd9f0910 WorkerThread "GC Thread#6" [stack: 0x0000001516800000,0x0000001516900000] [id=9212]
  0x000001fbbd9ef560 WorkerThread "GC Thread#7" [stack: 0x0000001516900000,0x0000001516a00000] [id=27116]
  0x000001fb928d4aa0 ConcurrentGCThread "G1 Main Marker" terminated
  0x000001fb928d54d0 WorkerThread "G1 Conc#0" [stack: 0x0000001514d00000,0x0000001514e00000] [id=21560]
  0x000001fb9290e520 ConcurrentGCThread "G1 Refine#0" terminated
  0x000001fbb1c0b170 ConcurrentGCThread "G1 Service" terminated

Threads with active compile tasks:

VM state: at safepoint (shutting down)

VM Mutex/Monitor currently owned by a thread:  ([mutex/lock_event])
[0x000001fb92850850] Threads_lock - owner thread: 0x000001fbb1d48820
[0x000001fb92850100] Heap_lock - owner thread: 0x000001fbb6612510

Heap address: 0x0000000703e00000, size: 4034 MB, Compressed Oops mode: Zero based, Oop shift amount: 3

CDS archive(s) mapped at: [0x0000000800000000-0x0000000800c60000-0x0000000800c60000), size 12976128, SharedBaseAddress: 0x0000000800000000, ArchiveRelocationMode: 0.
Compressed class space mapped at: 0x0000000801000000-0x0000000841000000, reserved size: 1073741824
Narrow klass base: 0x0000000800000000, Narrow klass shift: 0, Narrow klass range: 0x100000000

GC Precious Log:
 CardTable entry size: 512
 Card Set container configuration: InlinePtr #cards 4 size 8 Array Of Cards #cards 16 size 48 Howl #buckets 8 coarsen threshold 3686 Howl Bitmap #cards 512 size 80 coarsen threshold 460 Card regions per heap region 1 cards per card region 4096
 CPUs: 8 total, 8 available
 Memory: 16129M
 Large Page Support: Disabled
 NUMA Support: Disabled
 Compressed Oops: Enabled (Zero based)
 Heap Region Size: 2M
 Heap Min Capacity: 8M
 Heap Initial Capacity: 254M
 Heap Max Capacity: 4034M
 Pre-touch: Disabled
 Parallel Workers: 8
 Concurrent Workers: 2
 Concurrent Refinement Workers: 8
 Periodic GC: Disabled

Heap:
 garbage-first heap   total 260096K, used 95396K [0x0000000703e00000, 0x0000000800000000)
  region size 2048K, 45 young (92160K), 1 survivors (2048K)
 Metaspace       used 4226K, committed 4480K, reserved 1114112K
  class space    used 265K, committed 384K, reserved 1048576K

Heap Regions: E=young(eden), S=young(survivor), O=old, HS=humongous(starts), HC=humongous(continues), CS=collection set, F=free, OA=open archive, CA=closed archive, TAMS=top-at-mark-start, PB=parsable bottom
|   0|0x0000000703e00000, 0x0000000704000000, 0x0000000704000000|100%| O|  |TAMS 0x0000000703e00000| PB 0x0000000703e00000| Untracked 
|   1|0x0000000704000000, 0x0000000704200000, 0x0000000704200000|100%| O|  |TAMS 0x0000000704000000| PB 0x0000000704000000| Untracked 
|   2|0x0000000704200000, 0x0000000704400000, 0x0000000704400000|100%| O|  |TAMS 0x0000000704200000| PB 0x0000000704200000| Untracked 
|   3|0x0000000704400000, 0x0000000704507a00, 0x0000000704600000| 51%| O|  |TAMS 0x0000000704400000| PB 0x0000000704400000| Untracked 
|   4|0x0000000704600000, 0x0000000704600000, 0x0000000704800000|  0%| F|  |TAMS 0x0000000704600000| PB 0x0000000704600000| Untracked 
|   5|0x0000000704800000, 0x0000000704800000, 0x0000000704a00000|  0%| F|  |TAMS 0x0000000704800000| PB 0x0000000704800000| Untracked 
|   6|0x0000000704a00000, 0x0000000704a00000, 0x0000000704c00000|  0%| F|  |TAMS 0x0000000704a00000| PB 0x0000000704a00000| Untracked 
|   7|0x0000000704c00000, 0x0000000704c00000, 0x0000000704e00000|  0%| F|  |TAMS 0x0000000704c00000| PB 0x0000000704c00000| Untracked 
|   8|0x0000000704e00000, 0x0000000704e00000, 0x0000000705000000|  0%| F|  |TAMS 0x0000000704e00000| PB 0x0000000704e00000| Untracked 
|   9|0x0000000705000000, 0x0000000705000000, 0x0000000705200000|  0%| F|  |TAMS 0x0000000705000000| PB 0x0000000705000000| Untracked 
|  10|0x0000000705200000, 0x0000000705200000, 0x0000000705400000|  0%| F|  |TAMS 0x0000000705200000| PB 0x0000000705200000| Untracked 
|  11|0x0000000705400000, 0x0000000705400000, 0x0000000705600000|  0%| F|  |TAMS 0x0000000705400000| PB 0x0000000705400000| Untracked 
|  12|0x0000000705600000, 0x0000000705600000, 0x0000000705800000|  0%| F|  |TAMS 0x0000000705600000| PB 0x0000000705600000| Untracked 
|  13|0x0000000705800000, 0x0000000705800000, 0x0000000705a00000|  0%| F|  |TAMS 0x0000000705800000| PB 0x0000000705800000| Untracked 
|  14|0x0000000705a00000, 0x0000000705a00000, 0x0000000705c00000|  0%| F|  |TAMS 0x0000000705a00000| PB 0x0000000705a00000| Untracked 
|  15|0x0000000705c00000, 0x0000000705c00000, 0x0000000705e00000|  0%| F|  |TAMS 0x0000000705c00000| PB 0x0000000705c00000| Untracked 
|  16|0x0000000705e00000, 0x0000000705e00000, 0x0000000706000000|  0%| F|  |TAMS 0x0000000705e00000| PB 0x0000000705e00000| Untracked 
|  17|0x0000000706000000, 0x0000000706000000, 0x0000000706200000|  0%| F|  |TAMS 0x0000000706000000| PB 0x0000000706000000| Untracked 
|  18|0x0000000706200000, 0x0000000706200000, 0x0000000706400000|  0%| F|  |TAMS 0x0000000706200000| PB 0x0000000706200000| Untracked 
|  19|0x0000000706400000, 0x0000000706400000, 0x0000000706600000|  0%| F|  |TAMS 0x0000000706400000| PB 0x0000000706400000| Untracked 
|  20|0x0000000706600000, 0x0000000706600000, 0x0000000706800000|  0%| F|  |TAMS 0x0000000706600000| PB 0x0000000706600000| Untracked 
|  21|0x0000000706800000, 0x0000000706800000, 0x0000000706a00000|  0%| F|  |TAMS 0x0000000706800000| PB 0x0000000706800000| Untracked 
|  22|0x0000000706a00000, 0x0000000706a00000, 0x0000000706c00000|  0%| F|  |TAMS 0x0000000706a00000| PB 0x0000000706a00000| Untracked 
|  23|0x0000000706c00000, 0x0000000706c00000, 0x0000000706e00000|  0%| F|  |TAMS 0x0000000706c00000| PB 0x0000000706c00000| Untracked 
|  24|0x0000000706e00000, 0x0000000706e00000, 0x0000000707000000|  0%| F|  |TAMS 0x0000000706e00000| PB 0x0000000706e00000| Untracked 
|  25|0x0000000707000000, 0x0000000707000000, 0x0000000707200000|  0%| F|  |TAMS 0x0000000707000000| PB 0x0000000707000000| Untracked 
|  26|0x0000000707200000, 0x0000000707200000, 0x0000000707400000|  0%| F|  |TAMS 0x0000000707200000| PB 0x0000000707200000| Untracked 
|  27|0x0000000707400000, 0x0000000707400000, 0x0000000707600000|  0%| F|  |TAMS 0x0000000707400000| PB 0x0000000707400000| Untracked 
|  28|0x0000000707600000, 0x0000000707600000, 0x0000000707800000|  0%| F|  |TAMS 0x0000000707600000| PB 0x0000000707600000| Untracked 
|  29|0x0000000707800000, 0x0000000707800000, 0x0000000707a00000|  0%| F|  |TAMS 0x0000000707800000| PB 0x0000000707800000| Untracked 
|  30|0x0000000707a00000, 0x0000000707a00000, 0x0000000707c00000|  0%| F|  |TAMS 0x0000000707a00000| PB 0x0000000707a00000| Untracked 
|  31|0x0000000707c00000, 0x0000000707c00000, 0x0000000707e00000|  0%| F|  |TAMS 0x0000000707c00000| PB 0x0000000707c00000| Untracked 
|  32|0x0000000707e00000, 0x0000000707e00000, 0x0000000708000000|  0%| F|  |TAMS 0x0000000707e00000| PB 0x0000000707e00000| Untracked 
|  33|0x0000000708000000, 0x0000000708000000, 0x0000000708200000|  0%| F|  |TAMS 0x0000000708000000| PB 0x0000000708000000| Untracked 
|  34|0x0000000708200000, 0x0000000708200000, 0x0000000708400000|  0%| F|  |TAMS 0x0000000708200000| PB 0x0000000708200000| Untracked 
|  35|0x0000000708400000, 0x0000000708400000, 0x0000000708600000|  0%| F|  |TAMS 0x0000000708400000| PB 0x0000000708400000| Untracked 
|  36|0x0000000708600000, 0x0000000708600000, 0x0000000708800000|  0%| F|  |TAMS 0x0000000708600000| PB 0x0000000708600000| Untracked 
|  37|0x0000000708800000, 0x0000000708800000, 0x0000000708a00000|  0%| F|  |TAMS 0x0000000708800000| PB 0x0000000708800000| Untracked 
|  38|0x0000000708a00000, 0x0000000708a00000, 0x0000000708c00000|  0%| F|  |TAMS 0x0000000708a00000| PB 0x0000000708a00000| Untracked 
|  39|0x0000000708c00000, 0x0000000708c00000, 0x0000000708e00000|  0%| F|  |TAMS 0x0000000708c00000| PB 0x0000000708c00000| Untracked 
|  40|0x0000000708e00000, 0x0000000708e00000, 0x0000000709000000|  0%| F|  |TAMS 0x0000000708e00000| PB 0x0000000708e00000| Untracked 
|  41|0x0000000709000000, 0x0000000709000000, 0x0000000709200000|  0%| F|  |TAMS 0x0000000709000000| PB 0x0000000709000000| Untracked 
|  42|0x0000000709200000, 0x0000000709200000, 0x0000000709400000|  0%| F|  |TAMS 0x0000000709200000| PB 0x0000000709200000| Untracked 
|  43|0x0000000709400000, 0x0000000709400000, 0x0000000709600000|  0%| F|  |TAMS 0x0000000709400000| PB 0x0000000709400000| Untracked 
|  44|0x0000000709600000, 0x0000000709600000, 0x0000000709800000|  0%| F|  |TAMS 0x0000000709600000| PB 0x0000000709600000| Untracked 
|  45|0x0000000709800000, 0x0000000709800000, 0x0000000709a00000|  0%| F|  |TAMS 0x0000000709800000| PB 0x0000000709800000| Untracked 
|  46|0x0000000709a00000, 0x0000000709a00000, 0x0000000709c00000|  0%| F|  |TAMS 0x0000000709a00000| PB 0x0000000709a00000| Untracked 
|  47|0x0000000709c00000, 0x0000000709c00000, 0x0000000709e00000|  0%| F|  |TAMS 0x0000000709c00000| PB 0x0000000709c00000| Untracked 
|  48|0x0000000709e00000, 0x0000000709e00000, 0x000000070a000000|  0%| F|  |TAMS 0x0000000709e00000| PB 0x0000000709e00000| Untracked 
|  49|0x000000070a000000, 0x000000070a000000, 0x000000070a200000|  0%| F|  |TAMS 0x000000070a000000| PB 0x000000070a000000| Untracked 
|  50|0x000000070a200000, 0x000000070a200000, 0x000000070a400000|  0%| F|  |TAMS 0x000000070a200000| PB 0x000000070a200000| Untracked 
|  51|0x000000070a400000, 0x000000070a421820, 0x000000070a600000|  6%| S|CS|TAMS 0x000000070a400000| PB 0x000000070a400000| Complete 
|  52|0x000000070a600000, 0x000000070a600000, 0x000000070a800000|  0%| F|  |TAMS 0x000000070a600000| PB 0x000000070a600000| Untracked 
|  53|0x000000070a800000, 0x000000070a800000, 0x000000070aa00000|  0%| F|  |TAMS 0x000000070a800000| PB 0x000000070a800000| Untracked 
|  54|0x000000070aa00000, 0x000000070aa00000, 0x000000070ac00000|  0%| F|  |TAMS 0x000000070aa00000| PB 0x000000070aa00000| Untracked 
|  55|0x000000070ac00000, 0x000000070ac00000, 0x000000070ae00000|  0%| F|  |TAMS 0x000000070ac00000| PB 0x000000070ac00000| Untracked 
|  56|0x000000070ae00000, 0x000000070ae00000, 0x000000070b000000|  0%| F|  |TAMS 0x000000070ae00000| PB 0x000000070ae00000| Untracked 
|  57|0x000000070b000000, 0x000000070b000000, 0x000000070b200000|  0%| F|  |TAMS 0x000000070b000000| PB 0x000000070b000000| Untracked 
|  58|0x000000070b200000, 0x000000070b200000, 0x000000070b400000|  0%| F|  |TAMS 0x000000070b200000| PB 0x000000070b200000| Untracked 
|  59|0x000000070b400000, 0x000000070b400000, 0x000000070b600000|  0%| F|  |TAMS 0x000000070b400000| PB 0x000000070b400000| Untracked 
|  60|0x000000070b600000, 0x000000070b600000, 0x000000070b800000|  0%| F|  |TAMS 0x000000070b600000| PB 0x000000070b600000| Untracked 
|  61|0x000000070b800000, 0x000000070b800000, 0x000000070ba00000|  0%| F|  |TAMS 0x000000070b800000| PB 0x000000070b800000| Untracked 
|  62|0x000000070ba00000, 0x000000070ba00000, 0x000000070bc00000|  0%| F|  |TAMS 0x000000070ba00000| PB 0x000000070ba00000| Untracked 
|  63|0x000000070bc00000, 0x000000070bc00000, 0x000000070be00000|  0%| F|  |TAMS 0x000000070bc00000| PB 0x000000070bc00000| Untracked 
|  64|0x000000070be00000, 0x000000070be00000, 0x000000070c000000|  0%| F|  |TAMS 0x000000070be00000| PB 0x000000070be00000| Untracked 
|  65|0x000000070c000000, 0x000000070c000000, 0x000000070c200000|  0%| F|  |TAMS 0x000000070c000000| PB 0x000000070c000000| Untracked 
|  66|0x000000070c200000, 0x000000070c200000, 0x000000070c400000|  0%| F|  |TAMS 0x000000070c200000| PB 0x000000070c200000| Untracked 
|  67|0x000000070c400000, 0x000000070c400000, 0x000000070c600000|  0%| F|  |TAMS 0x000000070c400000| PB 0x000000070c400000| Untracked 
|  68|0x000000070c600000, 0x000000070c600000, 0x000000070c800000|  0%| F|  |TAMS 0x000000070c600000| PB 0x000000070c600000| Untracked 
|  69|0x000000070c800000, 0x000000070c800000, 0x000000070ca00000|  0%| F|  |TAMS 0x000000070c800000| PB 0x000000070c800000| Untracked 
|  70|0x000000070ca00000, 0x000000070ca00000, 0x000000070cc00000|  0%| F|  |TAMS 0x000000070ca00000| PB 0x000000070ca00000| Untracked 
|  71|0x000000070cc00000, 0x000000070cc00000, 0x000000070ce00000|  0%| F|  |TAMS 0x000000070cc00000| PB 0x000000070cc00000| Untracked 
|  72|0x000000070ce00000, 0x000000070ce00000, 0x000000070d000000|  0%| F|  |TAMS 0x000000070ce00000| PB 0x000000070ce00000| Untracked 
|  73|0x000000070d000000, 0x000000070d000000, 0x000000070d200000|  0%| F|  |TAMS 0x000000070d000000| PB 0x000000070d000000| Untracked 
|  74|0x000000070d200000, 0x000000070d200000, 0x000000070d400000|  0%| F|  |TAMS 0x000000070d200000| PB 0x000000070d200000| Untracked 
|  75|0x000000070d400000, 0x000000070d400000, 0x000000070d600000|  0%| F|  |TAMS 0x000000070d400000| PB 0x000000070d400000| Untracked 
|  76|0x000000070d600000, 0x000000070d600000, 0x000000070d800000|  0%| F|  |TAMS 0x000000070d600000| PB 0x000000070d600000| Untracked 
|  77|0x000000070d800000, 0x000000070d800000, 0x000000070da00000|  0%| F|  |TAMS 0x000000070d800000| PB 0x000000070d800000| Untracked 
|  78|0x000000070da00000, 0x000000070da00000, 0x000000070dc00000|  0%| F|  |TAMS 0x000000070da00000| PB 0x000000070da00000| Untracked 
|  79|0x000000070dc00000, 0x000000070dc00000, 0x000000070de00000|  0%| F|  |TAMS 0x000000070dc00000| PB 0x000000070dc00000| Untracked 
|  80|0x000000070de00000, 0x000000070de00000, 0x000000070e000000|  0%| F|  |TAMS 0x000000070de00000| PB 0x000000070de00000| Untracked 
|  81|0x000000070e000000, 0x000000070e000000, 0x000000070e200000|  0%| F|  |TAMS 0x000000070e000000| PB 0x000000070e000000| Untracked 
|  82|0x000000070e200000, 0x000000070e200000, 0x000000070e400000|  0%| F|  |TAMS 0x000000070e200000| PB 0x000000070e200000| Untracked 
|  83|0x000000070e400000, 0x000000070e500800, 0x000000070e600000| 50%| E|  |TAMS 0x000000070e400000| PB 0x000000070e400000| Complete 
|  84|0x000000070e600000, 0x000000070e800000, 0x000000070e800000|100%| E|CS|TAMS 0x000000070e600000| PB 0x000000070e600000| Complete 
|  85|0x000000070e800000, 0x000000070ea00000, 0x000000070ea00000|100%| E|CS|TAMS 0x000000070e800000| PB 0x000000070e800000| Complete 
|  86|0x000000070ea00000, 0x000000070ec00000, 0x000000070ec00000|100%| E|CS|TAMS 0x000000070ea00000| PB 0x000000070ea00000| Complete 
|  87|0x000000070ec00000, 0x000000070ee00000, 0x000000070ee00000|100%| E|CS|TAMS 0x000000070ec00000| PB 0x000000070ec00000| Complete 
|  88|0x000000070ee00000, 0x000000070f000000, 0x000000070f000000|100%| E|CS|TAMS 0x000000070ee00000| PB 0x000000070ee00000| Complete 
|  89|0x000000070f000000, 0x000000070f200000, 0x000000070f200000|100%| E|CS|TAMS 0x000000070f000000| PB 0x000000070f000000| Complete 
|  90|0x000000070f200000, 0x000000070f400000, 0x000000070f400000|100%| E|CS|TAMS 0x000000070f200000| PB 0x000000070f200000| Complete 
|  91|0x000000070f400000, 0x000000070f600000, 0x000000070f600000|100%| E|CS|TAMS 0x000000070f400000| PB 0x000000070f400000| Complete 
|  92|0x000000070f600000, 0x000000070f800000, 0x000000070f800000|100%| E|CS|TAMS 0x000000070f600000| PB 0x000000070f600000| Complete 
|  93|0x000000070f800000, 0x000000070fa00000, 0x000000070fa00000|100%| E|CS|TAMS 0x000000070f800000| PB 0x000000070f800000| Complete 
|  94|0x000000070fa00000, 0x000000070fc00000, 0x000000070fc00000|100%| E|CS|TAMS 0x000000070fa00000| PB 0x000000070fa00000| Complete 
|  95|0x000000070fc00000, 0x000000070fe00000, 0x000000070fe00000|100%| E|CS|TAMS 0x000000070fc00000| PB 0x000000070fc00000| Complete 
|  96|0x000000070fe00000, 0x0000000710000000, 0x0000000710000000|100%| E|CS|TAMS 0x000000070fe00000| PB 0x000000070fe00000| Complete 
|  97|0x0000000710000000, 0x0000000710200000, 0x0000000710200000|100%| E|CS|TAMS 0x0000000710000000| PB 0x0000000710000000| Complete 
|  98|0x0000000710200000, 0x0000000710400000, 0x0000000710400000|100%| E|CS|TAMS 0x0000000710200000| PB 0x0000000710200000| Complete 
|  99|0x0000000710400000, 0x0000000710600000, 0x0000000710600000|100%| E|CS|TAMS 0x0000000710400000| PB 0x0000000710400000| Complete 
| 100|0x0000000710600000, 0x0000000710800000, 0x0000000710800000|100%| E|CS|TAMS 0x0000000710600000| PB 0x0000000710600000| Complete 
| 101|0x0000000710800000, 0x0000000710a00000, 0x0000000710a00000|100%| E|CS|TAMS 0x0000000710800000| PB 0x0000000710800000| Complete 
| 102|0x0000000710a00000, 0x0000000710c00000, 0x0000000710c00000|100%| E|CS|TAMS 0x0000000710a00000| PB 0x0000000710a00000| Complete 
| 103|0x0000000710c00000, 0x0000000710e00000, 0x0000000710e00000|100%| E|CS|TAMS 0x0000000710c00000| PB 0x0000000710c00000| Complete 
| 104|0x0000000710e00000, 0x0000000711000000, 0x0000000711000000|100%| E|CS|TAMS 0x0000000710e00000| PB 0x0000000710e00000| Complete 
| 105|0x0000000711000000, 0x0000000711200000, 0x0000000711200000|100%| E|CS|TAMS 0x0000000711000000| PB 0x0000000711000000| Complete 
| 106|0x0000000711200000, 0x0000000711400000, 0x0000000711400000|100%| E|CS|TAMS 0x0000000711200000| PB 0x0000000711200000| Complete 
| 107|0x0000000711400000, 0x0000000711600000, 0x0000000711600000|100%| E|CS|TAMS 0x0000000711400000| PB 0x0000000711400000| Complete 
| 108|0x0000000711600000, 0x0000000711800000, 0x0000000711800000|100%| E|CS|TAMS 0x0000000711600000| PB 0x0000000711600000| Complete 
| 109|0x0000000711800000, 0x0000000711a00000, 0x0000000711a00000|100%| E|CS|TAMS 0x0000000711800000| PB 0x0000000711800000| Complete 
| 110|0x0000000711a00000, 0x0000000711c00000, 0x0000000711c00000|100%| E|CS|TAMS 0x0000000711a00000| PB 0x0000000711a00000| Complete 
| 111|0x0000000711c00000, 0x0000000711e00000, 0x0000000711e00000|100%| E|CS|TAMS 0x0000000711c00000| PB 0x0000000711c00000| Complete 
| 112|0x0000000711e00000, 0x0000000712000000, 0x0000000712000000|100%| E|CS|TAMS 0x0000000711e00000| PB 0x0000000711e00000| Complete 
| 113|0x0000000712000000, 0x0000000712200000, 0x0000000712200000|100%| E|CS|TAMS 0x0000000712000000| PB 0x0000000712000000| Complete 
| 114|0x0000000712200000, 0x0000000712400000, 0x0000000712400000|100%| E|CS|TAMS 0x0000000712200000| PB 0x0000000712200000| Complete 
| 115|0x0000000712400000, 0x0000000712600000, 0x0000000712600000|100%| E|CS|TAMS 0x0000000712400000| PB 0x0000000712400000| Complete 
| 116|0x0000000712600000, 0x0000000712800000, 0x0000000712800000|100%| E|CS|TAMS 0x0000000712600000| PB 0x0000000712600000| Complete 
| 117|0x0000000712800000, 0x0000000712a00000, 0x0000000712a00000|100%| E|CS|TAMS 0x0000000712800000| PB 0x0000000712800000| Complete 
| 118|0x0000000712a00000, 0x0000000712c00000, 0x0000000712c00000|100%| E|CS|TAMS 0x0000000712a00000| PB 0x0000000712a00000| Complete 
| 119|0x0000000712c00000, 0x0000000712e00000, 0x0000000712e00000|100%| E|CS|TAMS 0x0000000712c00000| PB 0x0000000712c00000| Complete 
| 120|0x0000000712e00000, 0x0000000713000000, 0x0000000713000000|100%| E|CS|TAMS 0x0000000712e00000| PB 0x0000000712e00000| Complete 
| 121|0x0000000713000000, 0x0000000713200000, 0x0000000713200000|100%| E|CS|TAMS 0x0000000713000000| PB 0x0000000713000000| Complete 
| 122|0x0000000713200000, 0x0000000713400000, 0x0000000713400000|100%| E|CS|TAMS 0x0000000713200000| PB 0x0000000713200000| Complete 
| 123|0x0000000713400000, 0x0000000713600000, 0x0000000713600000|100%| E|CS|TAMS 0x0000000713400000| PB 0x0000000713400000| Complete 
| 124|0x0000000713600000, 0x0000000713800000, 0x0000000713800000|100%| E|CS|TAMS 0x0000000713600000| PB 0x0000000713600000| Complete 
| 125|0x0000000713800000, 0x0000000713a00000, 0x0000000713a00000|100%| E|CS|TAMS 0x0000000713800000| PB 0x0000000713800000| Complete 
| 126|0x0000000713a00000, 0x0000000713c00000, 0x0000000713c00000|100%| E|CS|TAMS 0x0000000713a00000| PB 0x0000000713a00000| Complete 

Card table byte_map: [0x000001fbaa430000,0x000001fbaac20000] _byte_map_base: 0x000001fba6c11000

Marking Bits: (CMBitMap*) 0x000001fb928c4410
 Bits: [0x000001fbab410000, 0x000001fbaf318000)

Polling page: 0x000001fb90530000

Metaspace:

Usage:
  Non-class:      3.87 MB used.
      Class:    265.83 KB used.
       Both:      4.13 MB used.

Virtual space:
  Non-class space:       64.00 MB reserved,       4.00 MB (  6%) committed,  1 nodes.
      Class space:        1.00 GB reserved,     384.00 KB ( <1%) committed,  1 nodes.
             Both:        1.06 GB reserved,       4.38 MB ( <1%) committed. 

Chunk freelists:
   Non-Class:  1.92 MB
       Class:  3.59 MB
        Both:  5.51 MB

MaxMetaspaceSize: unlimited
CompressedClassSpaceSize: 1.00 GB
Initial GC threshold: 21.00 MB
Current GC threshold: 21.00 MB
CDS: on
MetaspaceReclaimPolicy: balanced
 - commit_granule_bytes: 65536.
 - commit_granule_words: 8192.
 - virtual_space_node_default_size: 8388608.
 - enlarge_chunks_in_place: 1.
 - new_chunks_are_fully_committed: 0.
 - uncommit_free_chunks: 1.
 - use_allocation_guard: 0.


Internal statistics:

num_allocs_failed_limit: 0.
num_arena_births: 134.
num_arena_deaths: 0.
num_vsnodes_births: 2.
num_vsnodes_deaths: 0.
num_space_committed: 68.
num_space_uncommitted: 0.
num_chunks_returned_to_freelist: 0.
num_chunks_taken_from_freelist: 240.
num_chunk_merges: 0.
num_chunk_splits: 152.
num_chunks_enlarged: 100.
num_inconsistent_stats: 0.

CodeHeap 'non-profiled nmethods': size=120000Kb used=670Kb max_used=670Kb free=119329Kb
 bounds [0x000001fba23d0000, 0x000001fba2640000, 0x000001fba9900000]
CodeHeap 'profiled nmethods': size=120000Kb used=1697Kb max_used=1697Kb free=118302Kb
 bounds [0x000001fb9a900000, 0x000001fb9ab70000, 0x000001fba1e30000]
CodeHeap 'non-nmethods': size=5760Kb used=2471Kb max_used=2493Kb free=3288Kb
 bounds [0x000001fba1e30000, 0x000001fba20b0000, 0x000001fba23d0000]
 total_blobs=2331 nmethods=1218 adapters=1024
 compilation: enabled
              stopped_count=0, restarted_count=0
 full_count=0

Compilation events (20 events):
Event: 61.519 Thread 0x000001fbb1d7b8d0 1210       3       HAL.GridsAndAgents.Agent2DBase::MapHood (20 bytes)
Event: 61.519 Thread 0x000001fbb1d7b8d0 nmethod 1210 0x000001fb9aaa3d10 code [0x000001fb9aaa3ec0, 0x000001fb9aaa42b8]
Event: 61.519 Thread 0x000001fbb1d7b8d0 1211       3       HAL.Interfaces.Grid2D::MapHood (136 bytes)
Event: 61.520 Thread 0x000001fbb1d7b8d0 nmethod 1211 0x000001fb9aaa4410 code [0x000001fb9aaa4660, 0x000001fb9aaa52d0]
Event: 61.520 Thread 0x000001fbb1d7b8d0 1212       3       HAL.GridsAndAgents.AgentGrid2D::PopAt (18 bytes)
Event: 61.520 Thread 0x000001fbb1d7b8d0 nmethod 1212 0x000001fb9aaa5690 code [0x000001fb9aaa5840, 0x000001fb9aaa5aa8]
Event: 61.773 Thread 0x000001fbb1d76a40 1213       4       HAL.GridsAndAgents.InternalGridAgentList::RemoveAgent (25 bytes)
Event: 61.778 Thread 0x000001fbb1d76a40 nmethod 1213 0x000001fba2471710 code [0x000001fba24718c0, 0x000001fba2472020]
Event: 62.668 Thread 0x000001fbb1d76a40 1214       4       HAL.GridsAndAgents.AgentSQ2D::Setup (41 bytes)
Event: 62.672 Thread 0x000001fbb1d76a40 nmethod 1214 0x000001fba2472310 code [0x000001fba24724c0, 0x000001fba2472ab8]
Event: 70.301 Thread 0x000001fbb1d7b8d0 1215       3       HAL.GridsAndAgents.AgentSQ2D::GetCountOnSquare (16 bytes)
Event: 70.301 Thread 0x000001fbb1d7b8d0 nmethod 1215 0x000001fb9aaa5c10 code [0x000001fb9aaa5da0, 0x000001fb9aaa6070]
Event: 70.301 Thread 0x000001fbb1d7b8d0 1216       3       HAL.GridsAndAgents.AgentGrid2D::GetAgent (7 bytes)
Event: 70.301 Thread 0x000001fbb1d7b8d0 nmethod 1216 0x000001fb9aaa6190 code [0x000001fb9aaa6320, 0x000001fb9aaa6460]
Event: 121.964 Thread 0x000001fbb1d7b8d0 1217       3       metastasis.tissueSiteGrid::StepCells (193 bytes)
Event: 121.965 Thread 0x000001fbb1d7b8d0 nmethod 1217 0x000001fb9aaa6590 code [0x000001fb9aaa6920, 0x000001fb9aaa7e80]
Event: 124.751 Thread 0x000001fbb1d76a40 1218       4       metastasis.tissueSiteGrid::StepCells (193 bytes)
Event: 124.800 Thread 0x000001fbb1d76a40 nmethod 1218 0x000001fba2472e10 code [0x000001fba2473200, 0x000001fba2475e58]
Event: 148.138 Thread 0x000001fbb1d76a40 1219       4       HAL.GridsAndAgents.AgentGrid2D::GetAgent (7 bytes)
Event: 148.139 Thread 0x000001fbb1d76a40 nmethod 1219 0x000001fba2477890 code [0x000001fba2477a00, 0x000001fba2477ac8]

GC Heap History (20 events):
Event: 134.455 GC heap before
{Heap before GC invocations=34 (full 0):
 garbage-first heap   total 260096K, used 160782K [0x0000000703e00000, 0x0000000800000000)
  region size 2048K, 76 young (155648K), 1 survivors (2048K)
 Metaspace       used 4223K, committed 4480K, reserved 1114112K
  class space    used 264K, committed 384K, reserved 1048576K
}
Event: 134.456 GC heap after
{Heap after GC invocations=35 (full 0):
 garbage-first heap   total 260096K, used 7200K [0x0000000703e00000, 0x0000000800000000)
  region size 2048K, 1 young (2048K), 1 survivors (2048K)
 Metaspace       used 4223K, committed 4480K, reserved 1114112K
  class space    used 264K, committed 384K, reserved 1048576K
}
Event: 138.501 GC heap before
{Heap before GC invocations=35 (full 0):
 garbage-first heap   total 260096K, used 160800K [0x0000000703e00000, 0x0000000800000000)
  region size 2048K, 76 young (155648K), 1 survivors (2048K)
 Metaspace       used 4223K, committed 4480K, reserved 1114112K
  class space    used 264K, committed 384K, reserved 1048576K
}
Event: 138.503 GC heap after
{Heap after GC invocations=36 (full 0):
 garbage-first heap   total 260096K, used 7211K [0x0000000703e00000, 0x0000000800000000)
  region size 2048K, 1 young (2048K), 1 survivors (2048K)
 Metaspace       used 4223K, committed 4480K, reserved 1114112K
  class space    used 264K, committed 384K, reserved 1048576K
}
Event: 142.319 GC heap before
{Heap before GC invocations=36 (full 0):
 garbage-first heap   total 260096K, used 160811K [0x0000000703e00000, 0x0000000800000000)
  region size 2048K, 76 young (155648K), 1 survivors (2048K)
 Metaspace       used 4223K, committed 4480K, reserved 1114112K
  class space    used 264K, committed 384K, reserved 1048576K
}
Event: 142.321 GC heap after
{Heap after GC invocations=37 (full 0):
 garbage-first heap   total 260096K, used 7230K [0x0000000703e00000, 0x0000000800000000)
  region size 2048K, 1 young (2048K), 1 survivors (2048K)
 Metaspace       used 4223K, committed 4480K, reserved 1114112K
  class space    used 264K, committed 384K, reserved 1048576K
}
Event: 145.782 GC heap before
{Heap before GC invocations=37 (full 0):
 garbage-first heap   total 260096K, used 160830K [0x0000000703e00000, 0x0000000800000000)
  region size 2048K, 76 young (155648K), 1 survivors (2048K)
 Metaspace       used 4223K, committed 4480K, reserved 1114112K
  class space    used 264K, committed 384K, reserved 1048576K
}
Event: 145.784 GC heap after
{Heap after GC invocations=38 (full 0):
 garbage-first heap   total 260096K, used 7245K [0x0000000703e00000, 0x0000000800000000)
  region size 2048K, 1 young (2048K), 1 survivors (2048K)
 Metaspace       used 4223K, committed 4480K, reserved 1114112K
  class space    used 264K, committed 384K, reserved 1048576K
}
Event: 149.466 GC heap before
{Heap before GC invocations=38 (full 0):
 garbage-first heap   total 260096K, used 160845K [0x0000000703e00000, 0x0000000800000000)
  region size 2048K, 76 young (155648K), 1 survivors (2048K)
 Metaspace       used 4223K, committed 4480K, reserved 1114112K
  class space    used 264K, committed 384K, reserved 1048576K
}
Event: 149.468 GC heap after
{Heap after GC invocations=39 (full 0):
 garbage-first heap   total 260096K, used 7249K [0x0000000703e00000, 0x0000000800000000)
  region size 2048K, 1 young (2048K), 1 survivors (2048K)
 Metaspace       used 4223K, committed 4480K, reserved 1114112K
  class space    used 264K, committed 384K, reserved 1048576K
}
Event: 153.230 GC heap before
{Heap before GC invocations=39 (full 0):
 garbage-first heap   total 260096K, used 160849K [0x0000000703e00000, 0x0000000800000000)
  region size 2048K, 76 young (155648K), 1 survivors (2048K)
 Metaspace       used 4223K, committed 4480K, reserved 1114112K
  class space    used 264K, committed 384K, reserved 1048576K
}
Event: 153.232 GC heap after
{Heap after GC invocations=40 (full 0):
 garbage-first heap   total 260096K, used 7267K [0x0000000703e00000, 0x0000000800000000)
  region size 2048K, 1 young (2048K), 1 survivors (2048K)
 Metaspace       used 4223K, committed 4480K, reserved 1114112K
  class space    used 264K, committed 384K, reserved 1048576K
}
Event: 156.900 GC heap before
{Heap before GC invocations=40 (full 0):
 garbage-first heap   total 260096K, used 160867K [0x0000000703e00000, 0x0000000800000000)
  region size 2048K, 76 young (155648K), 1 survivors (2048K)
 Metaspace       used 4223K, committed 4480K, reserved 1114112K
  class space    used 264K, committed 384K, reserved 1048576K
}
Event: 156.902 GC heap after
{Heap after GC invocations=41 (full 0):
 garbage-first heap   total 260096K, used 7282K [0x0000000703e00000, 0x0000000800000000)
  region size 2048K, 1 young (2048K), 1 survivors (2048K)
 Metaspace       used 4223K, committed 4480K, reserved 1114112K
  class space    used 264K, committed 384K, reserved 1048576K
}
Event: 160.400 GC heap before
{Heap before GC invocations=41 (full 0):
 garbage-first heap   total 260096K, used 160882K [0x0000000703e00000, 0x0000000800000000)
  region size 2048K, 76 young (155648K), 1 survivors (2048K)
 Metaspace       used 4223K, committed 4480K, reserved 1114112K
  class space    used 264K, committed 384K, reserved 1048576K
}
Event: 160.402 GC heap after
{Heap after GC invocations=42 (full 0):
 garbage-first heap   total 260096K, used 7302K [0x0000000703e00000, 0x0000000800000000)
  region size 2048K, 1 young (2048K), 1 survivors (2048K)
 Metaspace       used 4223K, committed 4480K, reserved 1114112K
  class space    used 264K, committed 384K, reserved 1048576K
}
Event: 164.179 GC heap before
{Heap before GC invocations=42 (full 0):
 garbage-first heap   total 260096K, used 160902K [0x0000000703e00000, 0x0000000800000000)
  region size 2048K, 76 young (155648K), 1 survivors (2048K)
 Metaspace       used 4223K, committed 4480K, reserved 1114112K
  class space    used 264K, committed 384K, reserved 1048576K
}
Event: 164.180 GC heap after
{Heap after GC invocations=43 (full 0):
 garbage-first heap   total 260096K, used 7321K [0x0000000703e00000, 0x0000000800000000)
  region size 2048K, 1 young (2048K), 1 survivors (2048K)
 Metaspace       used 4223K, committed 4480K, reserved 1114112K
  class space    used 264K, committed 384K, reserved 1048576K
}
Event: 167.960 GC heap before
{Heap before GC invocations=43 (full 0):
 garbage-first heap   total 260096K, used 160921K [0x0000000703e00000, 0x0000000800000000)
  region size 2048K, 76 young (155648K), 1 survivors (2048K)
 Metaspace       used 4223K, committed 4480K, reserved 1114112K
  class space    used 264K, committed 384K, reserved 1048576K
}
Event: 167.961 GC heap after
{Heap after GC invocations=44 (full 0):
 garbage-first heap   total 260096K, used 7332K [0x0000000703e00000, 0x0000000800000000)
  region size 2048K, 1 young (2048K), 1 survivors (2048K)
 Metaspace       used 4223K, committed 4480K, reserved 1114112K
  class space    used 264K, committed 384K, reserved 1048576K
}

Dll operation events (12 events):
Event: 0.013 Loaded shared library C:\Users\4473331\.jdks\openjdk-20.0.1\bin\java.dll
Event: 0.023 Loaded shared library C:\Users\4473331\.jdks\openjdk-20.0.1\bin\jsvml.dll
Event: 0.093 Loaded shared library C:\Users\4473331\.jdks\openjdk-20.0.1\bin\zip.dll
Event: 0.095 Loaded shared library C:\Users\4473331\.jdks\openjdk-20.0.1\bin\instrument.dll
Event: 0.101 Loaded shared library C:\Users\4473331\.jdks\openjdk-20.0.1\bin\net.dll
Event: 0.103 Loaded shared library C:\Users\4473331\.jdks\openjdk-20.0.1\bin\nio.dll
Event: 0.106 Loaded shared library C:\Users\4473331\.jdks\openjdk-20.0.1\bin\zip.dll
Event: 0.155 Loaded shared library C:\Program Files\JetBrains\IntelliJ IDEA Community Edition 2023.1.2\bin\breakgen64.dll
Event: 0.163 Loaded shared library C:\Users\4473331\.jdks\openjdk-20.0.1\bin\extnet.dll
Event: 0.165 Loaded shared library C:\Users\4473331\.jdks\openjdk-20.0.1\bin\jimage.dll
Event: 0.216 Loaded shared library C:\Users\4473331\AppData\Local\Temp\1\lwjgl_4473331\3.3.2+13\x64\lwjgl.dll
Event: 0.401 Loaded shared library C:\Users\4473331\AppData\Local\Temp\1\lwjgl_4473331\3.3.2+13\x64\lwjgl_opengl.dll

Deoptimization events (20 events):
Event: 15.820 Thread 0x000001fb92855110 DEOPT PACKING pc=0x000001fb9aa9c63e sp=0x0000001514afed80
Event: 15.820 Thread 0x000001fb92855110 DEOPT UNPACKING pc=0x000001fba1e9e462 sp=0x0000001514afe380 mode 0
Event: 17.747 Thread 0x000001fb92855110 DEOPT PACKING pc=0x000001fb9aa9a650 sp=0x0000001514afee30
Event: 17.747 Thread 0x000001fb92855110 DEOPT UNPACKING pc=0x000001fba1e9e462 sp=0x0000001514afe308 mode 0
Event: 17.971 Thread 0x000001fb92855110 DEOPT PACKING pc=0x000001fb9aa9eb4e sp=0x0000001514afeed0
Event: 17.971 Thread 0x000001fb92855110 DEOPT UNPACKING pc=0x000001fba1e9e462 sp=0x0000001514afe430 mode 0
Event: 121.963 Thread 0x000001fb92855110 Uncommon trap: trap_request=0xffffff45 fr.pc=0x000001fba246d1a0 relative=0x00000000000017a0
Event: 121.963 Thread 0x000001fb92855110 Uncommon trap: reason=unstable_if action=reinterpret pc=0x000001fba246d1a0 method=metastasis.tissueSiteGrid.StepCells(ILmetastasis/CTCs;)V @ 44 c2
Event: 121.963 Thread 0x000001fb92855110 DEOPT PACKING pc=0x000001fba246d1a0 sp=0x0000001514afef70
Event: 121.963 Thread 0x000001fb92855110 DEOPT UNPACKING pc=0x000001fba1e4d2a2 sp=0x0000001514afef38 mode 2
Event: 122.465 Thread 0x000001fb92855110 DEOPT PACKING pc=0x000001fb9aaa7c7c sp=0x0000001514afeed0
Event: 122.465 Thread 0x000001fb92855110 DEOPT UNPACKING pc=0x000001fba1e9e462 sp=0x0000001514afe430 mode 0
Event: 122.989 Thread 0x000001fb92855110 DEOPT PACKING pc=0x000001fb9aaa7c7c sp=0x0000001514afeed0
Event: 122.989 Thread 0x000001fb92855110 DEOPT UNPACKING pc=0x000001fba1e9e462 sp=0x0000001514afe430 mode 0
Event: 123.493 Thread 0x000001fb92855110 DEOPT PACKING pc=0x000001fb9aaa7c7c sp=0x0000001514afeed0
Event: 123.493 Thread 0x000001fb92855110 DEOPT UNPACKING pc=0x000001fba1e9e462 sp=0x0000001514afe430 mode 0
Event: 124.180 Thread 0x000001fb92855110 DEOPT PACKING pc=0x000001fb9aaa7c7c sp=0x0000001514afeed0
Event: 124.180 Thread 0x000001fb92855110 DEOPT UNPACKING pc=0x000001fba1e9e462 sp=0x0000001514afe430 mode 0
Event: 124.751 Thread 0x000001fb92855110 DEOPT PACKING pc=0x000001fb9aaa7c7c sp=0x0000001514afeed0
Event: 124.751 Thread 0x000001fb92855110 DEOPT UNPACKING pc=0x000001fba1e9e462 sp=0x0000001514afe430 mode 0

Classes loaded (20 events):
Event: 1.003 Loading class sun/util/cldr/CLDRTimeZoneNameProviderImpl
Event: 1.003 Loading class sun/util/locale/provider/TimeZoneNameProviderImpl
Event: 1.003 Loading class sun/util/locale/provider/TimeZoneNameProviderImpl done
Event: 1.003 Loading class sun/util/cldr/CLDRTimeZoneNameProviderImpl done
Event: 1.005 Loading class sun/util/locale/provider/BaseLocaleDataMetaInfo
Event: 1.005 Loading class sun/util/locale/provider/BaseLocaleDataMetaInfo done
Event: 1.006 Loading class sun/util/resources/cldr/TimeZoneNames
Event: 1.006 Loading class sun/util/resources/TimeZoneNamesBundle
Event: 1.006 Loading class sun/util/resources/OpenListResourceBundle
Event: 1.006 Loading class sun/util/resources/OpenListResourceBundle done
Event: 1.006 Loading class sun/util/resources/TimeZoneNamesBundle done
Event: 1.006 Loading class sun/util/resources/cldr/TimeZoneNames done
Event: 1.007 Loading class sun/util/resources/cldr/TimeZoneNames_en
Event: 1.007 Loading class sun/util/resources/cldr/TimeZoneNames_en done
Event: 1.007 Loading class sun/util/resources/cldr/TimeZoneNames_en_US
Event: 1.007 Loading class sun/util/resources/cldr/TimeZoneNames_en_US done
Event: 1.008 Loading class java/util/LinkedHashMap$LinkedKeySet
Event: 1.008 Loading class java/util/LinkedHashMap$LinkedKeySet done
Event: 170.238 Loading class jdk/internal/misc/Signal$1
Event: 170.238 Loading class jdk/internal/misc/Signal$1 done

Classes unloaded (0 events):
No events

Classes redefined (0 events):
No events

Internal exceptions (20 events):
Event: 0.223 Thread 0x000001fb92855110 Exception <a 'java/lang/NoSuchMethodError'{0x0000000713537860}: 'int java.lang.invoke.DirectMethodHandle$Holder.invokeStaticInit(java.lang.Object, java.lang.Object, int, long)'> (0x0000000713537860) 
thrown [s\open\src\hotspot\share\interpreter\linkResolver.cpp, line 773]
Event: 0.224 Thread 0x000001fb92855110 Exception <a 'java/lang/NoSuchMethodError'{0x000000071353ce98}: 'java.lang.Object java.lang.invoke.DirectMethodHandle$Holder.newInvokeSpecial(java.lang.Object, java.lang.Object, int)'> (0x000000071353ce98) 
thrown [s\open\src\hotspot\share\interpreter\linkResolver.cpp, line 773]
Event: 0.226 Thread 0x000001fb92855110 Exception <a 'java/lang/NoSuchMethodError'{0x000000071354dca0}: 'int java.lang.invoke.DirectMethodHandle$Holder.invokeStaticInit(java.lang.Object, java.lang.Object, long, long)'> (0x000000071354dca0) 
thrown [s\open\src\hotspot\share\interpreter\linkResolver.cpp, line 773]
Event: 0.227 Thread 0x000001fb92855110 Exception <a 'java/lang/NoSuchMethodError'{0x0000000713553ae8}: 'java.lang.Object java.lang.invoke.DirectMethodHandle$Holder.newInvokeSpecial(java.lang.Object, java.lang.Object, long)'> (0x0000000713553ae8) 
thrown [s\open\src\hotspot\share\interpreter\linkResolver.cpp, line 773]
Event: 0.227 Thread 0x000001fb92855110 Exception <a 'java/lang/NoSuchMethodError'{0x00000007135578a0}: 'java.lang.Object java.lang.invoke.Invokers$Holder.linkToTargetMethod(java.lang.Object, long, java.lang.Object)'> (0x00000007135578a0) 
thrown [s\open\src\hotspot\share\interpreter\linkResolver.cpp, line 773]
Event: 0.227 Thread 0x000001fb92855110 Exception <a 'java/lang/NoSuchMethodError'{0x000000071355e8d8}: 'int java.lang.invoke.DirectMethodHandle$Holder.invokeStaticInit(java.lang.Object, java.lang.Object, java.lang.Object, long)'> (0x000000071355e8d8) 
thrown [s\open\src\hotspot\share\interpreter\linkResolver.cpp, line 773]
Event: 0.244 Thread 0x000001fb92855110 Exception <a 'sun/nio/fs/WindowsException'{0x0000000713234f18}> (0x0000000713234f18) 
thrown [s\open\src\hotspot\share\prims\jni.cpp, line 519]
Event: 0.244 Thread 0x000001fb92855110 Exception <a 'sun/nio/fs/WindowsException'{0x00000007132352a8}> (0x00000007132352a8) 
thrown [s\open\src\hotspot\share\prims\jni.cpp, line 519]
Event: 0.252 Thread 0x000001fb92855110 Exception <a 'java/lang/NoSuchMethodError'{0x000000071325a678}: 'int java.lang.invoke.Invokers$Holder.invokeExact_MT(java.lang.Object, java.lang.Object)'> (0x000000071325a678) 
thrown [s\open\src\hotspot\share\interpreter\linkResolver.cpp, line 773]
Event: 0.392 Thread 0x000001fb92855110 Exception <a 'java/lang/NoSuchMethodError'{0x00000007132d6dc8}: 'void java.lang.System.load(java.lang.String, java.lang.Class)'> (0x00000007132d6dc8) 
thrown [s\open\src\hotspot\share\interpreter\linkResolver.cpp, line 773]
Event: 0.393 Thread 0x000001fb92855110 Exception <a 'java/lang/NoSuchMethodError'{0x00000007132d9bb0}: 'void java.lang.System.loadLibrary(java.lang.String, java.lang.Class)'> (0x00000007132d9bb0) 
thrown [s\open\src\hotspot\share\interpreter\linkResolver.cpp, line 773]
Event: 0.399 Thread 0x000001fb92855110 Exception <a 'sun/nio/fs/WindowsException'{0x00000007132eacf8}> (0x00000007132eacf8) 
thrown [s\open\src\hotspot\share\prims\jni.cpp, line 519]
Event: 0.399 Thread 0x000001fb92855110 Exception <a 'sun/nio/fs/WindowsException'{0x00000007132eb0b8}> (0x00000007132eb0b8) 
thrown [s\open\src\hotspot\share\prims\jni.cpp, line 519]
Event: 0.403 Thread 0x000001fb92855110 Exception <a 'sun/nio/fs/WindowsException'{0x00000007132fbca8}> (0x00000007132fbca8) 
thrown [s\open\src\hotspot\share\prims\jni.cpp, line 519]
Event: 0.403 Thread 0x000001fb92855110 Exception <a 'sun/nio/fs/WindowsException'{0x00000007132fbfa8}> (0x00000007132fbfa8) 
thrown [s\open\src\hotspot\share\prims\jni.cpp, line 519]
Event: 0.482 Thread 0x000001fb92855110 Exception <a 'java/lang/NoSuchMethodError'{0x00000007130f8ac0}: 'void java.lang.invoke.Invokers$Holder.invokeExact_MT(java.lang.Object, java.lang.Object, java.lang.Object, java.lang.Object)'> (0x00000007130f8ac0) 
thrown [s\open\src\hotspot\share\interpreter\linkResolver.cpp, line 773]
Event: 0.570 Thread 0x000001fb92855110 Exception <a 'java/lang/NoSuchMethodError'{0x0000000712a0dfb0}: 'void java.lang.invoke.DirectMethodHandle$Holder.invokeStatic(java.lang.Object, java.lang.Object, double)'> (0x0000000712a0dfb0) 
thrown [s\open\src\hotspot\share\interpreter\linkResolver.cpp, line 773]
Event: 0.582 Thread 0x000001fb92855110 Exception <a 'java/lang/NoSuchMethodError'{0x0000000712a8dc28}: 'java.lang.Object java.lang.invoke.DirectMethodHandle$Holder.newInvokeSpecial(java.lang.Object, java.lang.Object, int, int)'> (0x0000000712a8dc28) 
thrown [s\open\src\hotspot\share\interpreter\linkResolver.cpp, line 773]
Event: 0.584 Thread 0x000001fb92855110 Exception <a 'java/lang/NoSuchMethodError'{0x0000000712ab0bd8}: 'java.lang.Object java.lang.invoke.DirectMethodHandle$Holder.invokeSpecial(java.lang.Object, java.lang.Object, double, double)'> (0x0000000712ab0bd8) 
thrown [s\open\src\hotspot\share\interpreter\linkResolver.cpp, line 773]
Event: 1.009 Thread 0x000001fbb1d6b410 Exception <a 'java/lang/NoSuchMethodError'{0x000000071306f608}: 'java.lang.Object java.lang.invoke.Invokers$Holder.invokeExact_MT(java.lang.Object, java.lang.Object, java.lang.Object, java.lang.Object, java.lang.Object, java.lang.Object)'> (0x000000071306f608) 
thrown [s\open\src\hotspot\share\interpreter\linkResolver.cpp, line 773]

VM Operations (20 events):
Event: 134.456 Executing VM operation: G1CollectForAllocation done
Event: 138.501 Executing VM operation: G1CollectForAllocation
Event: 138.503 Executing VM operation: G1CollectForAllocation done
Event: 142.319 Executing VM operation: G1CollectForAllocation
Event: 142.321 Executing VM operation: G1CollectForAllocation done
Event: 145.782 Executing VM operation: G1CollectForAllocation
Event: 145.784 Executing VM operation: G1CollectForAllocation done
Event: 149.466 Executing VM operation: G1CollectForAllocation
Event: 149.468 Executing VM operation: G1CollectForAllocation done
Event: 153.230 Executing VM operation: G1CollectForAllocation
Event: 153.232 Executing VM operation: G1CollectForAllocation done
Event: 156.900 Executing VM operation: G1CollectForAllocation
Event: 156.902 Executing VM operation: G1CollectForAllocation done
Event: 160.399 Executing VM operation: G1CollectForAllocation
Event: 160.402 Executing VM operation: G1CollectForAllocation done
Event: 164.179 Executing VM operation: G1CollectForAllocation
Event: 164.180 Executing VM operation: G1CollectForAllocation done
Event: 167.959 Executing VM operation: G1CollectForAllocation
Event: 167.961 Executing VM operation: G1CollectForAllocation done
Event: 170.239 Executing VM operation: Exit

Events (18 events):
Event: 0.023 Thread 0x000001fb92855110 Thread added: 0x000001fb92855110
Event: 0.036 Thread 0x000001fbb1d65500 Thread added: 0x000001fbb1d65500
Event: 0.036 Thread 0x000001fbb1d66300 Thread added: 0x000001fbb1d66300
Event: 0.036 Thread 0x000001fbb1d69750 Thread added: 0x000001fbb1d69750
Event: 0.036 Thread 0x000001fbb1d6b410 Thread added: 0x000001fbb1d6b410
Event: 0.036 Thread 0x000001fbb1d6be40 Thread added: 0x000001fbb1d6be40
Event: 0.037 Thread 0x000001fbb1d6f020 Thread added: 0x000001fbb1d6f020
Event: 0.037 Thread 0x000001fbb1d76a40 Thread added: 0x000001fbb1d76a40
Event: 0.037 Thread 0x000001fbb1d7b8d0 Thread added: 0x000001fbb1d7b8d0
Event: 0.081 Thread 0x000001fbb6116c20 Thread added: 0x000001fbb6116c20
Event: 0.155 Thread 0x000001fbb6419220 Thread added: 0x000001fbb6419220
Event: 0.155 Thread 0x000001fbb63a9ba0 Thread added: 0x000001fbb63a9ba0
Event: 0.174 Thread 0x000001fbb63fea30 Thread added: 0x000001fbb63fea30
Event: 0.366 Thread 0x000001fbb63fea30 Thread exited: 0x000001fbb63fea30
Event: 0.424 Thread 0x000001fbbd33a1c0 Thread added: 0x000001fbbd33a1c0
Event: 1.190 Thread 0x000001fbbd33a1c0 Thread exited: 0x000001fbbd33a1c0
Event: 170.238 Thread 0x000001fbb6612510 Thread added: 0x000001fbb6612510
Event: 170.239 Thread 0x000001fbb1d69750 Thread exited: 0x000001fbb1d69750


Dynamic libraries:
0x00007ff606a30000 - 0x00007ff606a3e000 	C:\Users\4473331\.jdks\openjdk-20.0.1\bin\java.exe
0x00007ffc98d50000 - 0x00007ffc98f48000 	C:\WINDOWS\SYSTEM32\ntdll.dll
0x00007ffc96de0000 - 0x00007ffc96ea2000 	C:\WINDOWS\System32\KERNEL32.DLL
0x00007ffc96620000 - 0x00007ffc9691e000 	C:\WINDOWS\System32\KERNELBASE.dll
0x00007ffc96060000 - 0x00007ffc96180000 	C:\Windows\system32\hmpalert.dll
0x00007ffc96a50000 - 0x00007ffc96b50000 	C:\WINDOWS\System32\ucrtbase.dll
0x00007ffc8cee0000 - 0x00007ffc8cef7000 	C:\Users\4473331\.jdks\openjdk-20.0.1\bin\jli.dll
0x00007ffc8cec0000 - 0x00007ffc8cedb000 	C:\Users\4473331\.jdks\openjdk-20.0.1\bin\VCRUNTIME140.dll
0x00007ffc98250000 - 0x00007ffc983ed000 	C:\WINDOWS\System32\USER32.dll
0x00007ffc965f0000 - 0x00007ffc96612000 	C:\WINDOWS\System32\win32u.dll
0x00007ffc98910000 - 0x00007ffc9893b000 	C:\WINDOWS\System32\GDI32.dll
0x00007ffc96c50000 - 0x00007ffc96d67000 	C:\WINDOWS\System32\gdi32full.dll
0x00007ffc963f0000 - 0x00007ffc9648d000 	C:\WINDOWS\System32\msvcp_win.dll
0x00007ffc80a60000 - 0x00007ffc80cfa000 	C:\WINDOWS\WinSxS\amd64_microsoft.windows.common-controls_6595b64144ccf1df_6.0.19041.4355_none_60b8b9eb71f62e16\COMCTL32.dll
0x00007ffc98870000 - 0x00007ffc9890e000 	C:\WINDOWS\System32\msvcrt.dll
0x00007ffc98ce0000 - 0x00007ffc98d0f000 	C:\WINDOWS\System32\IMM32.DLL
0x00007ffc8d070000 - 0x00007ffc8d07c000 	C:\Users\4473331\.jdks\openjdk-20.0.1\bin\vcruntime140_1.dll
0x00007ffc53ab0000 - 0x00007ffc53b3e000 	C:\Users\4473331\.jdks\openjdk-20.0.1\bin\msvcp140.dll
0x00007ffba63c0000 - 0x00007ffba7057000 	C:\Users\4473331\.jdks\openjdk-20.0.1\bin\server\jvm.dll
0x00007ffc97b80000 - 0x00007ffc97c31000 	C:\WINDOWS\System32\ADVAPI32.dll
0x00007ffc979b0000 - 0x00007ffc97a4f000 	C:\WINDOWS\System32\sechost.dll
0x00007ffc97a50000 - 0x00007ffc97b73000 	C:\WINDOWS\System32\RPCRT4.dll
0x00007ffc969d0000 - 0x00007ffc969f7000 	C:\WINDOWS\System32\bcrypt.dll
0x00007ffc7ffe0000 - 0x00007ffc80007000 	C:\WINDOWS\SYSTEM32\WINMM.dll
0x00007ffc7ffd0000 - 0x00007ffc7ffd9000 	C:\WINDOWS\SYSTEM32\WSOCK32.dll
0x00007ffc98420000 - 0x00007ffc9848b000 	C:\WINDOWS\System32\WS2_32.dll
0x00007ffc94f80000 - 0x00007ffc94f8a000 	C:\WINDOWS\SYSTEM32\VERSION.dll
0x00007ffc94ee0000 - 0x00007ffc94ef2000 	C:\WINDOWS\SYSTEM32\kernel.appcore.dll
0x00007ffc8ceb0000 - 0x00007ffc8ceba000 	C:\Users\4473331\.jdks\openjdk-20.0.1\bin\jimage.dll
0x00007ffc8bae0000 - 0x00007ffc8bcc4000 	C:\WINDOWS\SYSTEM32\DBGHELP.DLL
0x00007ffc8b950000 - 0x00007ffc8b984000 	C:\WINDOWS\SYSTEM32\dbgcore.DLL
0x00007ffc96bc0000 - 0x00007ffc96c42000 	C:\WINDOWS\System32\bcryptPrimitives.dll
0x00007ffc8ce90000 - 0x00007ffc8ce9e000 	C:\Users\4473331\.jdks\openjdk-20.0.1\bin\instrument.dll
0x00007ffc8ce60000 - 0x00007ffc8ce86000 	C:\Users\4473331\.jdks\openjdk-20.0.1\bin\java.dll
0x00007ffc003b0000 - 0x00007ffc00487000 	C:\Users\4473331\.jdks\openjdk-20.0.1\bin\jsvml.dll
0x00007ffc97240000 - 0x00007ffc979ad000 	C:\WINDOWS\System32\SHELL32.dll
0x00007ffc93dc0000 - 0x00007ffc94564000 	C:\WINDOWS\SYSTEM32\windows.storage.dll
0x00007ffc98490000 - 0x00007ffc987e3000 	C:\WINDOWS\System32\combase.dll
0x00007ffc95b50000 - 0x00007ffc95b7e000 	C:\WINDOWS\SYSTEM32\Wldp.dll
0x00007ffc96eb0000 - 0x00007ffc96f7d000 	C:\WINDOWS\System32\OLEAUT32.dll
0x00007ffc97130000 - 0x00007ffc971dd000 	C:\WINDOWS\System32\SHCORE.dll
0x00007ffc97c40000 - 0x00007ffc97c95000 	C:\WINDOWS\System32\shlwapi.dll
0x00007ffc96320000 - 0x00007ffc96344000 	C:\WINDOWS\SYSTEM32\profapi.dll
0x00007ffc782d0000 - 0x00007ffc782e8000 	C:\Users\4473331\.jdks\openjdk-20.0.1\bin\zip.dll
0x00007ffc820c0000 - 0x00007ffc820d3000 	C:\Users\4473331\.jdks\openjdk-20.0.1\bin\net.dll
0x00007ffc927d0000 - 0x00007ffc928dd000 	C:\WINDOWS\SYSTEM32\WINHTTP.dll
0x00007ffc95930000 - 0x00007ffc9599a000 	C:\WINDOWS\system32\mswsock.dll
0x00007ffc7b140000 - 0x00007ffc7b156000 	C:\Users\4473331\.jdks\openjdk-20.0.1\bin\nio.dll
0x00007ffc68e80000 - 0x00007ffc68e9a000 	C:\Program Files\JetBrains\IntelliJ IDEA Community Edition 2023.1.2\bin\breakgen64.dll
0x00007ffc820b0000 - 0x00007ffc820b7000 	C:\Users\4473331\.jdks\openjdk-20.0.1\bin\extnet.dll
0x00007ffc03760000 - 0x00007ffc037da000 	C:\Users\4473331\AppData\Local\Temp\1\lwjgl_4473331\3.3.2+13\x64\lwjgl.dll
0x00007ffbef920000 - 0x00007ffbef9a2000 	C:\Users\4473331\AppData\Local\Temp\1\lwjgl_4473331\3.3.2+13\x64\glfw.dll
0x00007ffbf9c00000 - 0x00007ffbf9c45000 	C:\WINDOWS\SYSTEM32\dinput8.dll
0x00007ffc53220000 - 0x00007ffc53231000 	C:\WINDOWS\SYSTEM32\xinput1_4.dll
0x00007ffc96a00000 - 0x00007ffc96a4e000 	C:\WINDOWS\System32\cfgmgr32.dll
0x00007ffc96180000 - 0x00007ffc961b3000 	C:\WINDOWS\SYSTEM32\DEVOBJ.dll
0x00007ffc938c0000 - 0x00007ffc938ef000 	C:\WINDOWS\SYSTEM32\dwmapi.dll
0x00007ffc88080000 - 0x00007ffc881d2000 	C:\WINDOWS\SYSTEM32\inputhost.dll
0x00007ffc917b0000 - 0x00007ffc91907000 	C:\WINDOWS\SYSTEM32\wintypes.dll
0x00007ffc8fd80000 - 0x00007ffc900db000 	C:\WINDOWS\SYSTEM32\CoreUIComponents.dll
0x00007ffc90d40000 - 0x00007ffc90e32000 	C:\WINDOWS\SYSTEM32\CoreMessaging.dll
0x00007ffc92d40000 - 0x00007ffc92e36000 	C:\WINDOWS\SYSTEM32\PROPSYS.dll
0x00007ffc954c0000 - 0x00007ffc954f3000 	C:\WINDOWS\SYSTEM32\ntmarta.dll
0x00007ffc936d0000 - 0x00007ffc9376e000 	C:\WINDOWS\system32\uxtheme.dll
0x00007ffc97010000 - 0x00007ffc97125000 	C:\WINDOWS\System32\MSCTF.dll
0x00007ffc574e0000 - 0x00007ffc57608000 	C:\WINDOWS\SYSTEM32\opengl32.dll
0x00007ffc57470000 - 0x00007ffc5749c000 	C:\WINDOWS\SYSTEM32\GLU32.dll
0x00007ffc98a80000 - 0x00007ffc98b29000 	C:\WINDOWS\System32\clbcatq.dll
0x00007ffb934c0000 - 0x00007ffb94442000 	C:\WINDOWS\System32\DriverStore\FileRepository\iigd_dch.inf_amd64_47794f8eae14cddd\ig12icd64.dll
0x00007ffc97ca0000 - 0x00007ffc97dcb000 	C:\WINDOWS\System32\ole32.dll
0x00007ffc946b0000 - 0x00007ffc947a6000 	C:\WINDOWS\system32\dxgi.dll
0x00007ffc85190000 - 0x00007ffc853e7000 	C:\WINDOWS\System32\DriverStore\FileRepository\iigd_dch.inf_amd64_47794f8eae14cddd\igdgmm64.dll
0x00007ffc82550000 - 0x00007ffc85169000 	C:\WINDOWS\System32\DriverStore\FileRepository\iigd_dch.inf_amd64_47794f8eae14cddd\igc64.dll
0x00007ffc96010000 - 0x00007ffc9605b000 	C:\WINDOWS\SYSTEM32\powrprof.dll
0x00007ffc95e40000 - 0x00007ffc95e52000 	C:\WINDOWS\SYSTEM32\UMPDC.dll
0x00007ffba3d40000 - 0x00007ffba414b000 	C:\WINDOWS\System32\DriverStore\FileRepository\iigd_dch.inf_amd64_47794f8eae14cddd\igdml64.dll
0x00007ffc881e0000 - 0x00007ffc882d9000 	C:\WINDOWS\SYSTEM32\textinputframework.dll
0x00007ffbefe60000 - 0x00007ffbefebe000 	C:\Users\4473331\AppData\Local\Temp\1\lwjgl_4473331\3.3.2+13\x64\lwjgl_opengl.dll

dbghelp: loaded successfully - version: 4.0.5 - missing functions: none
symbol engine: initialized successfully - sym options: 0x614 - pdb path: .;C:\Users\4473331\.jdks\openjdk-20.0.1\bin;C:\WINDOWS\SYSTEM32;C:\WINDOWS\WinSxS\amd64_microsoft.windows.common-controls_6595b64144ccf1df_6.0.19041.4355_none_60b8b9eb71f62e16;C:\Users\4473331\.jdks\openjdk-20.0.1\bin\server;C:\Program Files\JetBrains\IntelliJ IDEA Community Edition 2023.1.2\bin;C:\Users\4473331\AppData\Local\Temp\1\lwjgl_4473331\3.3.2+13\x64;C:\WINDOWS\System32\DriverStore\FileRepository\iigd_dch.inf_amd64_47794f8eae14cddd

VM Arguments:
jvm_args: -javaagent:C:\Program Files\JetBrains\IntelliJ IDEA Community Edition 2023.1.2\lib\idea_rt.jar=57892:C:\Program Files\JetBrains\IntelliJ IDEA Community Edition 2023.1.2\bin -Dfile.encoding=UTF-8 -Dsun.stdout.encoding=UTF-8 -Dsun.stderr.encoding=UTF-8 
java_command: metastasis.metastasis
java_class_path (initial): C:\Users\4473331\Documents\projects\000_grants\wgd_abm\out\production\wgd_abm;C:\Users\4473331\Documents\projects\000_grants\wgd_abm\HAL\lib\lwjgl-assimp-natives-macos-arm64.jar;C:\Users\4473331\Documents\projects\000_grants\wgd_abm\HAL\lib\lwjgl-opengl-natives-linux-arm32.jar;C:\Users\4473331\Documents\projects\000_grants\wgd_abm\HAL\lib\lwjgl-openal-natives-linux-arm64.jar;C:\Users\4473331\Documents\projects\000_grants\wgd_abm\HAL\lib\lwjgl-natives-linux.jar;C:\Users\4473331\Documents\projects\000_grants\wgd_abm\HAL\lib\lwjgl-opengl-natives-macos.jar;C:\Users\4473331\Documents\projects\000_grants\wgd_abm\HAL\lib\lwjgl-natives-windows.jar;C:\Users\4473331\Documents\projects\000_grants\wgd_abm\HAL\lib\lwjgl-assimp-javadoc.jar;C:\Users\4473331\Documents\projects\000_grants\wgd_abm\HAL\lib\lwjgl-opengl-natives-windows-arm64.jar;C:\Users\4473331\Documents\projects\000_grants\wgd_abm\HAL\lib\lwjgl-glfw-natives-windows-arm64.jar;C:\Users\4473331\Documents\projects\000_grants\wgd_abm\HAL\lib\lwjgl-opengl-javadoc.jar;C:\Users\4473331\Documents\projects\000_grants\wgd_abm\HAL\lib\lwjgl-stb-natives-macos.jar;C:\Users\4473331\Documents\projects\000_grants\wgd_abm\HAL\lib\lwjgl-stb-natives-windows-arm64.jar;C:\Users\4473331\Documents\projects\000_grants\wgd_abm\HAL\lib\lwjgl-natives-linux-arm32.jar;C:\Users\4473331\Documents\projects\000_grants\wgd_abm\HAL\lib\lwjgl-opengl-natives-windows-x86.jar;C:\Users\4473331\Documents\projects\000_grants\wgd_abm\HAL\lib\lwjgl-glfw-natives-macos.jar;C:\Users\4473331\Documents\projects\000_grants\wgd_abm\HAL\lib\lwjgl-openal-javadoc.jar;C:\Users\4473331\Documents\projects\000_grants\wgd_abm\HAL\lib\lwjgl-stb-sources.jar;C:\Users\4473331\Documents\projects\000_grants\wgd_abm\HAL\lib\lwjgl-glfw-natives-windows-x86.jar;C:\Users\4473331\Documents\projects\000_grants\wgd_abm\HAL\lib\lwjgl-glfw-javadoc.jar;C:\Users\4473331\Documents\projects\000_grants\wgd_abm\HAL\lib\lwjgl-javadoc.jar;C:\Users\4473331\Documents\projects\000_grants\wgd_abm\HAL\lib\lwjgl-sources.jar;C:\Users\4473331\Documents\projects\000_grants\wgd_abm\HAL\lib\lwjgl-openal-natives-linux-arm32.jar;C:\Users\4473331\Documents\projects\000_grants\wgd_abm\HAL\lib\lwjgl-openal-natives-macos-arm64.jar;C:\Users\4473331\Documents\projects\000_grants\wgd_abm\HAL\lib\lwjgl-assimp-natives-windows.jar;C:\Users\4473331\Documents\projects\000_grants\wgd_abm\HAL\lib\lwjgl-openal-natives-windows-x86.jar;C:\Users\4473331\Documents\projects\000_grants\wgd_abm\HAL\lib\lwjgl-stb-natives-linux.jar;C:\Users\4473331\Documents\projects\000_grants\wgd_abm\HAL\lib\lwjgl-natives-macos.jar;C:\Users\4473331\Documents\projects\000_grants\wgd_abm\HAL\lib\lwjgl-glfw-natives-linux.jar;C:\Users\4473331\Documents\projects\000_grants\wgd_abm\HAL\lib\lwjgl-stb-natives-macos-arm64.jar;C:\Users\4473331\Documents\projects\000_grants\wgd_abm\HAL\lib\lwjgl-openal-natives-windows-arm64.jar;C:\Users\4473331\Documents\projects\000_grants\wgd_abm\HAL\lib\lwjgl-opengl-natives-linux.jar;C:\Users\4473331\Documents\projects\000_grants\wgd_abm\HAL\lib\lwjgl-openal-natives-linux.jar;C:\Users\4473331\Documents\projects\000_grants\wgd_abm\HAL\lib\lwjgl-assimp-natives-linux-arm64.jar;C:\Users\4473331\Documents\projects\000_grants\wgd_abm\HAL\lib\lwjgl-stb-natives-linux-arm32.jar;C:\Users\4473331\Documents\projects\000_grants\wgd_abm\HAL\lib\lwjgl-glfw-natives-macos-arm64.jar;C:\Users\4473331\Documents\projects\000_grants\wgd_abm\HAL\lib\lwjgl-assimp-natives-windows-x86.jar;C:\Users\4473331\Documents\projects\000_grants\wgd_abm\HAL\lib\lwjgl-opengl-natives-windows.jar;C:\Users\4473331\Documents\projects\000_grants\wgd_abm\HAL\lib\lwjgl-glfw.jar;C:\Users\4473331\Documents\projects\000_grants\wgd_abm\HAL\lib\lwjgl-opengl-sources.jar;C:\Users\4473331\Documents\projects\000_grants\wgd_abm\HAL\lib\lwjgl-natives-windows-arm64.jar;C:\Users\4473331\Documents\projects\000_grants\wgd_abm\HAL\lib\lwjgl-openal-sources.jar;C:\Users\4473331\Documents\projects\000_grants\wgd_abm\HAL\lib\lwjgl-stb-natives-linux-arm64.jar;C:\Users\4473331\Documents\projects\000_grants\wgd_abm\HAL\lib\lwjgl-assimp-natives-linux-arm32.jar;C:\Users\4473331\Documents\projects\000_grants\wgd_abm\HAL\lib\lwjgl-glfw-sources.jar;C:\Users\4473331\Documents\projects\000_grants\wgd_abm\HAL\lib\lwjgl-openal-natives-windows.jar;C:\Users\4473331\Documents\projects\000_grants\wgd_abm\HAL\lib\lwjgl-natives-macos-arm64.jar;C:\Users\4473331\Documents\projects\000_grants\wgd_abm\HAL\lib\lwjgl-glfw-natives-windows.jar;C:\Users\4473331\Documents\projects\000_grants\wgd_abm\HAL\lib\lwjgl-stb-javadoc.jar;C:\Users\4473331\Documents\projects\000_grants\wgd_abm\HAL\lib\lwjgl-glfw-natives-linux-arm64.jar;C:\Users\4473331\Documents\projects\000_grants\wgd_abm\HAL\lib\lwjgl-assimp-natives-macos.jar;C:\Users\4473331\Documents\projects\000_grants\wgd_abm\HAL\lib\lwjgl.jar;C:\Users\4473331\Documents\projects\000_grants\wgd_abm\HAL\lib\lwjgl-opengl-natives-linux-arm64.jar;C:\Users\4473331\Documents\projects\000_grants\wgd_abm\HAL\lib\lwjgl-assimp.jar;C:\Users\4473331\Documents\projects\000_grants\wgd_abm\HAL\lib\lwjgl-stb-natives-windows-x86.jar;C:\Users\4473331\Documents\projects\000_grants\wgd_abm\HAL\lib\lwjgl-natives-windows-x86.jar;C:\Users\4473331\Documents\projects\000_grants\wgd_abm\HAL\lib\lwjgl-stb-natives-windows.jar;C:\Users\4473331\Documents\projects\000_grants\wgd_abm\HAL\lib\lwjgl-natives-linux-arm64.jar;C:\Users\4473331\Documents\projects\000_grants\wgd_abm\HAL\lib\lwjgl-openal-natives-macos.jar;C:\Users\4473331\Documents\projects\000_grants\wgd_abm\HAL\lib\lwjgl-openal.jar;C:\Users\4473331\Documents\projects\000_grants\wgd_abm\HAL\lib\lwjgl-assimp-natives-linux.jar;C:\Users\4473331\Documents\projects\000_grants\wgd_abm\HAL\lib\lwjgl-assimp-natives-windows-arm64.jar;C:\Users\4473331\Documents\projects\000_grants\wgd_abm\HAL\lib\lwjgl-assimp-sources.jar;C:\Users\4473331\Documents\projects\000_grants\wgd_abm\HAL\lib\lwjgl-glfw-natives-linux-arm32.jar;C:\Users\4473331\Documents\projects\000_grants\wgd_abm\HAL\lib\lwjgl-opengl-natives-macos-arm64.jar;C:\Users\4473331\Documents\projects\000_grants\wgd_abm\HAL\lib\lwjgl-opengl.jar;C:\Users\4473331\Documents\projects\000_grants\wgd_abm\HAL\lib\lwjgl-stb.jar
Launcher Type: SUN_STANDARD

[Global flags]
     intx CICompilerCount                          = 4                                         {product} {ergonomic}
     uint ConcGCThreads                            = 2                                         {product} {ergonomic}
     uint G1ConcRefinementThreads                  = 8                                         {product} {ergonomic}
   size_t G1HeapRegionSize                         = 2097152                                   {product} {ergonomic}
    uintx GCDrainStackTargetSize                   = 64                                        {product} {ergonomic}
   size_t InitialHeapSize                          = 266338304                                 {product} {ergonomic}
   size_t MarkStackSize                            = 4194304                                   {product} {ergonomic}
   size_t MaxHeapSize                              = 4229955584                                {product} {ergonomic}
   size_t MaxNewSize                               = 2537553920                                {product} {ergonomic}
   size_t MinHeapDeltaBytes                        = 2097152                                   {product} {ergonomic}
   size_t MinHeapSize                              = 8388608                                   {product} {ergonomic}
    uintx NonNMethodCodeHeapSize                   = 5839372                                {pd product} {ergonomic}
    uintx NonProfiledCodeHeapSize                  = 122909434                              {pd product} {ergonomic}
    uintx ProfiledCodeHeapSize                     = 122909434                              {pd product} {ergonomic}
    uintx ReservedCodeCacheSize                    = 251658240                              {pd product} {ergonomic}
     bool SegmentedCodeCache                       = true                                      {product} {ergonomic}
   size_t SoftMaxHeapSize                          = 4229955584                             {manageable} {ergonomic}
     bool UseCompressedClassPointers               = true                           {product lp64_product} {ergonomic}
     bool UseCompressedOops                        = true                           {product lp64_product} {ergonomic}
     bool UseG1GC                                  = true                                      {product} {ergonomic}
     bool UseLargePagesIndividualAllocation        = false                                  {pd product} {ergonomic}

Logging:
Log output configuration:
 #0: stdout all=off uptime,level,tags foldmultilines=false
 #1: stderr all=off uptime,level,tags foldmultilines=false

Environment Variables:
PATH=C:\Program Files (x86)\Common Files\Oracle\Java\java8path;C:\Program Files (x86)\Common Files\Oracle\Java\javapath;C:\WINDOWS\system32;C:\WINDOWS;C:\WINDOWS\System32\Wbem;C:\WINDOWS\System32\WindowsPowerShell\v1.0\;C:\WINDOWS\System32\OpenSSH\;C:\Program Files\Moffitt\Bgupdate;C:\Windows\CCM;C:\Program Files\MATLAB\R2022a\bin;;C:\Program Files\dotnet\;C:\Program Files\Amazon\AWSCLIV2\;C:\Program Files\Scripts;C:\Program Files;C:\Users\4473331\AppData\Local\Microsoft\WindowsApps;C:\Users\4473331\AppData\Local\Programs\Julia-1.6.2\bin;C:\Users\4473331\AppData\Local\Programs\Microsoft VS Code\bin;C:\Users\4473331\AppData\Local\Programs\Git\cmd;C:\Program Files\R\R-4.4.1\bin;C:\rtools40\mingw64\bin;C:\Users\4473331\AppData\Roaming\TinyTeX\bin\win32;C:\Gradle\gradle-4.2.1\bin;C:\Users\4473331\AppData\Roaming\Python\Python311\Scripts;C:\Program Files\JetBrains\PyCharm Community Edition 2023.1.2\bin;;C:\Users\4473331\AppData\Roaming\TinyTeX\bin\windows;C:\Program Files\OpenSSL-Win64\bin;
USERNAME=4473331
OS=Windows_NT
PROCESSOR_IDENTIFIER=Intel64 Family 6 Model 140 Stepping 1, GenuineIntel
TMP=C:\Users\4473331\AppData\Local\Temp\1
TEMP=C:\Users\4473331\AppData\Local\Temp\1




---------------  S Y S T E M  ---------------

OS:
 Windows 10 , 64 bit Build 19041 (10.0.19041.5072)
OS uptime: 1 days 1:43 hours
Hyper-V role detected

CPU: total 8 (initial active 8) (4 cores per cpu, 2 threads per core) family 6 model 140 stepping 1 microcode 0x6e, cx8, cmov, fxsr, ht, mmx, 3dnowpref, sse, sse2, sse3, ssse3, sse4.1, sse4.2, popcnt, lzcnt, tsc, tscinvbit, avx, avx2, aes, erms, clmul, bmi1, bmi2, adx, avx512f, avx512dq, avx512cd, avx512bw, avx512vl, sha, fma, vzeroupper, avx512_vpopcntdq, avx512_vpclmulqdq, avx512_vaes, avx512_vnni, clflush, clflushopt, clwb, avx512_vbmi2, avx512_vbmi, hv, rdtscp, rdpid, fsrm, gfni, avx512_bitalg, f16c, cet_ibt, cet_ss, avx512_ifma

Memory: 4k page, system-wide physical 16129M (2520M free)
TotalPageFile size 25345M (AvailPageFile size 5184M)
current process WorkingSet (physical memory assigned to process): 360M, peak: 367M
current process commit charge ("private bytes"): 439M, peak: 453M

vm_info: OpenJDK 64-Bit Server VM (20.0.1+9-29) for windows-amd64 JRE (20.0.1+9-29), built on 2023-03-07T13:56:11Z by "mach5one" with MS VC++ 17.1 (VS2022)

END.
