#
# A fatal error has been detected by the Java Runtime Environment:
#
#  EXCEPTION_ACCESS_VIOLATION (0xc0000005) at pc=0x00007ffb9b43fdb5, pid=4212, tid=21848
#
# JRE version: OpenJDK Runtime Environment (20.0.1+9) (build 20.0.1+9-29)
# Java VM: OpenJDK 64-Bit Server VM (20.0.1+9-29, mixed mode, sharing, tiered, compressed oops, compressed class ptrs, g1 gc, windows-amd64)
# Problematic frame:
# C  [ig12icd64.dll+0x2afdb5]
#
# No core dump will be written. Minidumps are not enabled by default on client versions of Windows
#
# If you would like to submit a bug report, please visit:
#   https://bugreport.java.com/bugreport/crash.jsp
#

---------------  S U M M A R Y ------------

Command Line: -javaagent:C:\Program Files\JetBrains\IntelliJ IDEA Community Edition 2023.1.2\lib\idea_rt.jar=60322:C:\Program Files\JetBrains\IntelliJ IDEA Community Edition 2023.1.2\bin -Dfile.encoding=UTF-8 -Dsun.stdout.encoding=UTF-8 -Dsun.stderr.encoding=UTF-8 metastasis.metastasis

Host: 11th Gen Intel(R) Core(TM) i7-1165G7 @ 2.80GHz, 8 cores, 15G,  Windows 10 , 64 bit Build 19041 (10.0.19041.5072)
Time: Tue Dec 10 15:03:37 2024 Eastern Standard Time elapsed time: 50.692646 seconds (0d 0h 0m 50s)

---------------  T H R E A D  ---------------

Current thread (0x000001ab2923c970):  VMThread "VM Thread" [stack: 0x0000009d96a00000,0x0000009d96b00000] [id=21848]

Stack: [0x0000009d96a00000,0x0000009d96b00000],  sp=0x0000009d96afe060,  free space=1016k
Native frames: (J=compiled Java code, j=interpreted, Vv=VM code, C=native code)
C  [ig12icd64.dll+0x2afdb5]


siginfo: EXCEPTION_ACCESS_VIOLATION (0xc0000005), reading address 0x00000000000353a8


Registers:
RAX=0x000001ab34fb02a0, RBX=0x000001ab34fb0190, RCX=0x0000000000000001, RDX=0x000001ab34fb0260
RSP=0x0000009d96afe060, RBP=0x0000009d96afe160, RSI=0x0000000000000000, RDI=0x000001ab2d583ee0
R8 =0x0000000000000000, R9 =0x0000000000000000, R10=0x0000000000000000, R11=0x0000000000000246
R12=0x0000000000000000, R13=0x000001ab34fb0190, R14=0x000001ab34fb06a8, R15=0x000001ab34fac460
RIP=0x00007ffb9b43fdb5, EFLAGS=0x0000000000010206


Register to memory mapping:

RIP=0x00007ffb9b43fdb5 ig12icd64.dll
RAX=0x000001ab34fb02a0 points into unknown readable memory: 0x000000000190f8bd | bd f8 90 01 00 00 00 00
RBX=0x000001ab34fb0190 points into unknown readable memory: 0x000001ab09dfb6d0 | d0 b6 df 09 ab 01 00 00
RCX=0x0000000000000001 is an unknown value
RDX=0x000001ab34fb0260 points into unknown readable memory: 0x0000000000000000 | 00 00 00 00 00 00 00 00
RSP=0x0000009d96afe060 points into unknown readable memory: 0x000001ab2daed720 | 20 d7 ae 2d ab 01 00 00
RBP=0x0000009d96afe160 points into unknown readable memory: 0x9ae8023f80e800d9 | d9 00 e8 80 3f 02 e8 9a
RSI=0x0 is NULL
RDI=0x000001ab2d583ee0 points into unknown readable memory: 0x00007ffc97b31b00 | 00 1b b3 97 fc 7f 00 00
R8 =0x0 is NULL
R9 =0x0 is NULL
R10=0x0 is NULL
R11=0x0000000000000246 is an unknown value
R12=0x0 is NULL
R13=0x000001ab34fb0190 points into unknown readable memory: 0x000001ab09dfb6d0 | d0 b6 df 09 ab 01 00 00
R14=0x000001ab34fb06a8 points into unknown readable memory: 0x000001ab34fac460 | 60 c4 fa 34 ab 01 00 00
R15=0x000001ab34fac460 points into unknown readable memory: 0x000001ab09dfb6d0 | d0 b6 df 09 ab 01 00 00


Top of Stack: (sp=0x0000009d96afe060)
0x0000009d96afe060:   000001ab2daed720 0000000000000000
0x0000009d96afe070:   0000000000000000 0000000000000000
0x0000009d96afe080:   0000001638000000 0000000000000000
0x0000009d96afe090:   74cb02aa27cb00ce efcc005649cc00da
0x0000009d96afe0a0:   000001ab2daed720 17d0022bf4cf0169
0x0000009d96afe0b0:   39d100f48dd00056 d2d1007b9ad10148
0x0000009d96afe0c0:   3dd5006182d300a7 ecd6010fd6d6032a
0x0000009d96afe0d0:   3dd700def6d602c6 07d9011fd1d802eb
0x0000009d96afe0e0:   38da032073d90124 19db000effda01c8
0x0000009d96afe0f0:   b2db01d826db02ec 0bdc0139fbdb02cc
0x0000009d96afe100:   1bdd027edcdc019a 3ee001801fdf0119
0x0000009d96afe110:   61e002e442e001e7 65e10316fde002c3
0x0000009d96afe120:   83e1008c7ee102de 1be202f5d9e102ac
0x0000009d96afe130:   2fe202dd2be20056 69e4005e2ae40114
0x0000009d96afe140:   cee501274ce500c9 62e60d2b3ee6029a
0x0000009d96afe150:   fbe600816ce602ff a4e7011d68e70339
0x0000009d96afe160:   9ae8023f80e800d9 b4e800fa9ee800fd
0x0000009d96afe170:   8ce90195e0e80294 5fec02cc94ea010a
0x0000009d96afe180:   b9ec03138aec00ce 35ef02f771ee0122
0x0000009d96afe190:   e0f0008b79ef032a 7df102d45cf100b6
0x0000009d96afe1a0:   00009b0c6728c7d8 28f300db08f300fa
0x0000009d96afe1b0:   0000000000000000 0000000000000000
0x0000009d96afe1c0:   0000000000000000 0000000000000000
0x0000009d96afe1d0:   0000000000000000 0000000000000000
0x0000009d96afe1e0:   0000000000000000 0000000000000000
0x0000009d96afe1f0:   0000000000000000 0000000000000000
0x0000009d96afe200:   0000000000000000 0000000000000000
0x0000009d96afe210:   0000000000000000 0000000000000000
0x0000009d96afe220:   0000000000000000 0000000000000000
0x0000009d96afe230:   404e000000000000 0000000000000000
0x0000009d96afe240:   0000000000000000 0000000000000000
0x0000009d96afe250:   000001ab34940c18 000000000190fbf1 

Instructions: (pc=0x00007ffb9b43fdb5)
0x00007ffb9b43fcb5:   48 8b cb ff 15 42 74 7f 00 90 4c 8b bf 80 02 00
0x00007ffb9b43fcc5:   00 48 8b 05 73 d3 b1 00 8b 80 1c 0a 00 00 89 44
0x00007ffb9b43fcd5:   24 24 c6 44 24 20 00 48 c7 87 80 02 00 00 00 00
0x00007ffb9b43fce5:   00 00 c7 87 88 02 00 00 00 00 00 00 48 c7 87 a0
0x00007ffb9b43fcf5:   02 00 00 00 00 00 00 48 c7 87 90 02 00 00 00 00
0x00007ffb9b43fd05:   00 00 48 85 f6 75 3d 8b 35 3e 67 c1 00 65 48 8b
0x00007ffb9b43fd15:   04 25 58 00 00 00 b9 30 00 00 00 48 8b 04 f0 80
0x00007ffb9b43fd25:   3c 01 00 0f 84 7e 29 6c 00 65 48 8b 04 25 58 00
0x00007ffb9b43fd35:   00 00 b9 08 00 00 00 48 8b 04 f0 48 8b 34 01 48
0x00007ffb9b43fd45:   89 74 24 28 48 3b 35 10 8b c1 00 0f 84 37 11 00
0x00007ffb9b43fd55:   00 4d 85 ff 0f 84 37 01 00 00 90 49 8b df 4d 8b
0x00007ffb9b43fd65:   ef 4d 8d b7 18 05 00 00 4d 8b 3e 45 84 e4 0f 85
0x00007ffb9b43fd75:   b4 0f 00 00 8b 8f d0 01 00 00 48 8b 05 ba d2 b1
0x00007ffb9b43fd85:   00 83 b8 54 03 00 00 02 75 33 48 8d 93 d0 00 00
0x00007ffb9b43fd95:   00 83 f9 10 0f 83 73 01 00 00 8b c1 48 c1 e0 06
0x00007ffb9b43fda5:   48 03 c2 48 85 c0 0f 84 d5 01 00 00 4c 8b 40 08
0x00007ffb9b43fdb5:   4c 3b 86 a8 53 03 00 0f 87 8e 0f 00 00 48 83 bb
0x00007ffb9b43fdc5:   70 05 00 00 00 0f 85 0f 29 6c 00 44 8b 87 d0 01
0x00007ffb9b43fdd5:   00 00 48 8b 87 e8 01 00 00 48 8b 10 8b 8f d0 01
0x00007ffb9b43fde5:   00 00 48 8d b3 d0 00 00 00 83 f9 10 0f 83 54 01
0x00007ffb9b43fdf5:   00 00 8b c1 48 c1 e0 06 48 03 c6 48 85 c0 0f 84
0x00007ffb9b43fe05:   85 01 00 00 48 39 50 08 0f 86 7b 01 00 00 48 8b
0x00007ffb9b43fe15:   87 80 02 00 00 49 89 06 48 89 9f 80 02 00 00 ff
0x00007ffb9b43fe25:   87 88 02 00 00 48 8b 4b 08 48 8b 01 ba 01 00 00
0x00007ffb9b43fe35:   00 48 8b 80 e0 02 00 00 ff 15 9d 77 7f 00 0f b7
0x00007ffb9b43fe45:   c8 48 2b c1 48 05 00 00 01 00 48 01 87 90 02 00
0x00007ffb9b43fe55:   00 48 8b 4b 08 48 8b 01 ba 01 00 00 00 48 8b 80
0x00007ffb9b43fe65:   e0 02 00 00 ff 15 71 77 7f 00 48 01 87 a0 02 00
0x00007ffb9b43fe75:   00 48 8b 74 24 28 0f b6 54 24 20 4d 85 ff 0f 85
0x00007ffb9b43fe85:   d7 fe ff ff 84 d2 0f 85 5c 10 00 00 48 8b 5c 24
0x00007ffb9b43fe95:   40 48 8b cf 80 7c 24 22 00 0f 85 36 10 00 00 e8
0x00007ffb9b43fea5:   a7 f0 ff ff 90 48 8b cb ff 15 7d 73 7f 00 48 8b 


Stack slot to memory mapping:
stack at sp + 0 slots: 0x000001ab2daed720 points into unknown readable memory: 0xffffffffffffffff | ff ff ff ff ff ff ff ff
stack at sp + 1 slots: 0x0 is NULL
stack at sp + 2 slots: 0x0 is NULL
stack at sp + 3 slots: 0x0 is NULL
stack at sp + 4 slots: 0x0000001638000000 is an unknown value
stack at sp + 5 slots: 0x0 is NULL
stack at sp + 6 slots: 0x74cb02aa27cb00ce is an unknown value
stack at sp + 7 slots: 0xefcc005649cc00da is an unknown value

VM_Operation (0x0000009d980ff350): Exit, mode: safepoint, requested by thread 0x000001ab2db2c350


---------------  P R O C E S S  ---------------

Threads class SMR info:
_java_thread_list=0x000001ab3cd7a6f0, length=15, elements={
0x000001ab09d64f50, 0x000001ab2925c6b0, 0x000001ab2925d650, 0x000001ab292632c0,
0x000001ab292643b0, 0x000001ab29266040, 0x000001ab2926a350, 0x000001ab2926ae70,
0x000001ab29227e20, 0x000001ab2d61a420, 0x000001ab2d7f24f0, 0x000001ab34cd48b0,
0x000001ab34cd8560, 0x000001ab34d2f5c0, 0x000001ab2db2c350
}

Java Threads: ( => current thread )
  0x000001ab09d64f50 JavaThread "main" [_thread_blocked, id=28272, stack(0x0000009d96400000,0x0000009d96500000)]
  0x000001ab2925c6b0 JavaThread "Reference Handler" daemon [_thread_blocked, id=16864, stack(0x0000009d96b00000,0x0000009d96c00000)]
  0x000001ab2925d650 JavaThread "Finalizer" daemon [_thread_blocked, id=22304, stack(0x0000009d96c00000,0x0000009d96d00000)]
  0x000001ab292632c0 JavaThread "Attach Listener" daemon [_thread_blocked, id=13004, stack(0x0000009d96e00000,0x0000009d96f00000)]
  0x000001ab292643b0 JavaThread "Service Thread" daemon [_thread_blocked, id=26896, stack(0x0000009d96f00000,0x0000009d97000000)]
  0x000001ab29266040 JavaThread "Monitor Deflation Thread" daemon [_thread_blocked, id=26804, stack(0x0000009d97000000,0x0000009d97100000)]
  0x000001ab2926a350 JavaThread "C2 CompilerThread0" daemon [_thread_blocked, id=24716, stack(0x0000009d97100000,0x0000009d97200000)]
  0x000001ab2926ae70 JavaThread "C1 CompilerThread0" daemon [_thread_blocked, id=23704, stack(0x0000009d97200000,0x0000009d97300000)]
  0x000001ab29227e20 JavaThread "Common-Cleaner" daemon [_thread_blocked, id=28680, stack(0x0000009d97300000,0x0000009d97400000)]
  0x000001ab2d61a420 JavaThread "Monitor Ctrl-Break" daemon [_thread_in_native, id=7144, stack(0x0000009d97400000,0x0000009d97500000)]
  0x000001ab2d7f24f0 JavaThread "Notification Thread" daemon [_thread_blocked, id=10108, stack(0x0000009d97500000,0x0000009d97600000)]
  0x000001ab34cd48b0 JavaThread "Java2D Disposer" daemon [_thread_blocked, id=17384, stack(0x0000009d97700000,0x0000009d97800000)]
  0x000001ab34cd8560 JavaThread "AWT-Shutdown" [_thread_blocked, id=21120, stack(0x0000009d97d00000,0x0000009d97e00000)]
  0x000001ab34d2f5c0 JavaThread "AWT-EventQueue-0" [_thread_blocked, id=21476, stack(0x0000009d97f00000,0x0000009d98000000)]
  0x000001ab2db2c350 JavaThread "SIGINT handler" daemon [_thread_blocked, id=25672, stack(0x0000009d98000000,0x0000009d98100000)]

Other Threads:
=>0x000001ab2923c970 VMThread "VM Thread" [stack: 0x0000009d96a00000,0x0000009d96b00000] [id=21848]
  0x000001ab09dd3c20 WorkerThread "GC Thread#0" [stack: 0x0000009d96500000,0x0000009d96600000] [id=23824]
  0x000001ab34ed2c20 WorkerThread "GC Thread#1" [stack: 0x0000009d98100000,0x0000009d98200000] [id=19812]
  0x000001ab34fa95e0 WorkerThread "GC Thread#2" [stack: 0x0000009d98200000,0x0000009d98300000] [id=25120]
  0x000001ab34fa98b0 WorkerThread "GC Thread#3" [stack: 0x0000009d98300000,0x0000009d98400000] [id=10764]
  0x000001ab34faa3f0 WorkerThread "GC Thread#4" [stack: 0x0000009d98400000,0x0000009d98500000] [id=26464]
  0x000001ab34fa9310 WorkerThread "GC Thread#5" [stack: 0x0000009d98500000,0x0000009d98600000] [id=21168]
  0x000001ab34faac60 WorkerThread "GC Thread#6" [stack: 0x0000009d98600000,0x0000009d98700000] [id=18520]
  0x000001ab34faa120 WorkerThread "GC Thread#7" [stack: 0x0000009d98700000,0x0000009d98800000] [id=28012]
  0x000001ab09de48e0 ConcurrentGCThread "G1 Main Marker" terminated
  0x000001ab09de5310 WorkerThread "G1 Conc#0" [stack: 0x0000009d96700000,0x0000009d96800000] [id=15264]
  0x000001ab09e1e5d0 ConcurrentGCThread "G1 Refine#0" terminated
  0x000001ab290fc180 ConcurrentGCThread "G1 Service" terminated

Threads with active compile tasks:

VM state: at safepoint (shutting down)

VM Mutex/Monitor currently owned by a thread:  ([mutex/lock_event])
[0x000001ab09d60c30] Threads_lock - owner thread: 0x000001ab2923c970
[0x000001ab09d60960] Heap_lock - owner thread: 0x000001ab2db2c350

Heap address: 0x0000000703e00000, size: 4034 MB, Compressed Oops mode: Zero based, Oop shift amount: 3

CDS archive(s) mapped at: [0x0000000800000000-0x0000000800c60000-0x0000000800c60000), size 12976128, SharedBaseAddress: 0x0000000800000000, ArchiveRelocationMode: 0.
Compressed class space mapped at: 0x0000000801000000-0x0000000841000000, reserved size: 1073741824
Narrow klass base: 0x0000000800000000, Narrow klass shift: 0, Narrow klass range: 0x100000000

GC Precious Log:
 CardTable entry size: 512
 Card Set container configuration: InlinePtr #cards 4 size 8 Array Of Cards #cards 16 size 48 Howl #buckets 8 coarsen threshold 3686 Howl Bitmap #cards 512 size 80 coarsen threshold 460 Card regions per heap region 1 cards per card region 4096
 CPUs: 8 total, 8 available
 Memory: 16129M
 Large Page Support: Disabled
 NUMA Support: Disabled
 Compressed Oops: Enabled (Zero based)
 Heap Region Size: 2M
 Heap Min Capacity: 8M
 Heap Initial Capacity: 254M
 Heap Max Capacity: 4034M
 Pre-touch: Disabled
 Parallel Workers: 8
 Concurrent Workers: 2
 Concurrent Refinement Workers: 8
 Periodic GC: Disabled

Heap:
 garbage-first heap   total 313344K, used 25681K [0x0000000703e00000, 0x0000000800000000)
  region size 2048K, 5 young (10240K), 1 survivors (2048K)
 Metaspace       used 10346K, committed 10624K, reserved 1114112K
  class space    used 895K, committed 1024K, reserved 1048576K

Heap Regions: E=young(eden), S=young(survivor), O=old, HS=humongous(starts), HC=humongous(continues), CS=collection set, F=free, OA=open archive, CA=closed archive, TAMS=top-at-mark-start, PB=parsable bottom
|   0|0x0000000703e00000, 0x0000000704000000, 0x0000000704000000|100%|HS|  |TAMS 0x0000000703e00000| PB 0x0000000703e00000| Complete 
|   1|0x0000000704000000, 0x0000000704200000, 0x0000000704200000|100%|HC|  |TAMS 0x0000000704000000| PB 0x0000000704000000| Complete 
|   2|0x0000000704200000, 0x0000000704400000, 0x0000000704400000|100%|HS|  |TAMS 0x0000000704200000| PB 0x0000000704200000| Complete 
|   3|0x0000000704400000, 0x0000000704600000, 0x0000000704600000|100%|HC|  |TAMS 0x0000000704400000| PB 0x0000000704400000| Complete 
|   4|0x0000000704600000, 0x0000000704800000, 0x0000000704800000|100%| O|  |TAMS 0x0000000704600000| PB 0x0000000704600000| Untracked 
|   5|0x0000000704800000, 0x0000000704a00000, 0x0000000704a00000|100%| O|  |TAMS 0x0000000704800000| PB 0x0000000704800000| Untracked 
|   6|0x0000000704a00000, 0x0000000704c00000, 0x0000000704c00000|100%| O|  |TAMS 0x0000000704a00000| PB 0x0000000704a00000| Untracked 
|   7|0x0000000704c00000, 0x0000000704e00000, 0x0000000704e00000|100%| O|  |TAMS 0x0000000704c00000| PB 0x0000000704c00000| Untracked 
|   8|0x0000000704e00000, 0x0000000705000000, 0x0000000705000000|100%| O|  |TAMS 0x0000000704e00000| PB 0x0000000704e00000| Untracked 
|   9|0x0000000705000000, 0x00000007050f8800, 0x0000000705200000| 48%| O|  |TAMS 0x0000000705000000| PB 0x0000000705000000| Untracked 
|  10|0x0000000705200000, 0x0000000705200000, 0x0000000705400000|  0%| F|  |TAMS 0x0000000705200000| PB 0x0000000705200000| Untracked 
|  11|0x0000000705400000, 0x0000000705400000, 0x0000000705600000|  0%| F|  |TAMS 0x0000000705400000| PB 0x0000000705400000| Untracked 
|  12|0x0000000705600000, 0x0000000705600000, 0x0000000705800000|  0%| F|  |TAMS 0x0000000705600000| PB 0x0000000705600000| Untracked 
|  13|0x0000000705800000, 0x0000000705800000, 0x0000000705a00000|  0%| F|  |TAMS 0x0000000705800000| PB 0x0000000705800000| Untracked 
|  14|0x0000000705a00000, 0x0000000705a00000, 0x0000000705c00000|  0%| F|  |TAMS 0x0000000705a00000| PB 0x0000000705a00000| Untracked 
|  15|0x0000000705c00000, 0x0000000705c00000, 0x0000000705e00000|  0%| F|  |TAMS 0x0000000705c00000| PB 0x0000000705c00000| Untracked 
|  16|0x0000000705e00000, 0x0000000705e00000, 0x0000000706000000|  0%| F|  |TAMS 0x0000000705e00000| PB 0x0000000705e00000| Untracked 
|  17|0x0000000706000000, 0x0000000706000000, 0x0000000706200000|  0%| F|  |TAMS 0x0000000706000000| PB 0x0000000706000000| Untracked 
|  18|0x0000000706200000, 0x0000000706200000, 0x0000000706400000|  0%| F|  |TAMS 0x0000000706200000| PB 0x0000000706200000| Untracked 
|  19|0x0000000706400000, 0x0000000706400000, 0x0000000706600000|  0%| F|  |TAMS 0x0000000706400000| PB 0x0000000706400000| Untracked 
|  20|0x0000000706600000, 0x0000000706600000, 0x0000000706800000|  0%| F|  |TAMS 0x0000000706600000| PB 0x0000000706600000| Untracked 
|  21|0x0000000706800000, 0x0000000706800000, 0x0000000706a00000|  0%| F|  |TAMS 0x0000000706800000| PB 0x0000000706800000| Untracked 
|  22|0x0000000706a00000, 0x0000000706a00000, 0x0000000706c00000|  0%| F|  |TAMS 0x0000000706a00000| PB 0x0000000706a00000| Untracked 
|  23|0x0000000706c00000, 0x0000000706c00000, 0x0000000706e00000|  0%| F|  |TAMS 0x0000000706c00000| PB 0x0000000706c00000| Untracked 
|  24|0x0000000706e00000, 0x0000000706e00000, 0x0000000707000000|  0%| F|  |TAMS 0x0000000706e00000| PB 0x0000000706e00000| Untracked 
|  25|0x0000000707000000, 0x0000000707000000, 0x0000000707200000|  0%| F|  |TAMS 0x0000000707000000| PB 0x0000000707000000| Untracked 
|  26|0x0000000707200000, 0x0000000707200000, 0x0000000707400000|  0%| F|  |TAMS 0x0000000707200000| PB 0x0000000707200000| Untracked 
|  27|0x0000000707400000, 0x0000000707400000, 0x0000000707600000|  0%| F|  |TAMS 0x0000000707400000| PB 0x0000000707400000| Untracked 
|  28|0x0000000707600000, 0x0000000707600000, 0x0000000707800000|  0%| F|  |TAMS 0x0000000707600000| PB 0x0000000707600000| Untracked 
|  29|0x0000000707800000, 0x0000000707800000, 0x0000000707a00000|  0%| F|  |TAMS 0x0000000707800000| PB 0x0000000707800000| Untracked 
|  30|0x0000000707a00000, 0x0000000707a00000, 0x0000000707c00000|  0%| F|  |TAMS 0x0000000707a00000| PB 0x0000000707a00000| Untracked 
|  31|0x0000000707c00000, 0x0000000707c00000, 0x0000000707e00000|  0%| F|  |TAMS 0x0000000707c00000| PB 0x0000000707c00000| Untracked 
|  32|0x0000000707e00000, 0x0000000707e00000, 0x0000000708000000|  0%| F|  |TAMS 0x0000000707e00000| PB 0x0000000707e00000| Untracked 
|  33|0x0000000708000000, 0x0000000708000000, 0x0000000708200000|  0%| F|  |TAMS 0x0000000708000000| PB 0x0000000708000000| Untracked 
|  34|0x0000000708200000, 0x0000000708200000, 0x0000000708400000|  0%| F|  |TAMS 0x0000000708200000| PB 0x0000000708200000| Untracked 
|  35|0x0000000708400000, 0x0000000708400000, 0x0000000708600000|  0%| F|  |TAMS 0x0000000708400000| PB 0x0000000708400000| Untracked 
|  36|0x0000000708600000, 0x0000000708600000, 0x0000000708800000|  0%| F|  |TAMS 0x0000000708600000| PB 0x0000000708600000| Untracked 
|  37|0x0000000708800000, 0x0000000708800000, 0x0000000708a00000|  0%| F|  |TAMS 0x0000000708800000| PB 0x0000000708800000| Untracked 
|  38|0x0000000708a00000, 0x0000000708a00000, 0x0000000708c00000|  0%| F|  |TAMS 0x0000000708a00000| PB 0x0000000708a00000| Untracked 
|  39|0x0000000708c00000, 0x0000000708c00000, 0x0000000708e00000|  0%| F|  |TAMS 0x0000000708c00000| PB 0x0000000708c00000| Untracked 
|  40|0x0000000708e00000, 0x0000000708e00000, 0x0000000709000000|  0%| F|  |TAMS 0x0000000708e00000| PB 0x0000000708e00000| Untracked 
|  41|0x0000000709000000, 0x0000000709000000, 0x0000000709200000|  0%| F|  |TAMS 0x0000000709000000| PB 0x0000000709000000| Untracked 
|  42|0x0000000709200000, 0x0000000709200000, 0x0000000709400000|  0%| F|  |TAMS 0x0000000709200000| PB 0x0000000709200000| Untracked 
|  43|0x0000000709400000, 0x0000000709400000, 0x0000000709600000|  0%| F|  |TAMS 0x0000000709400000| PB 0x0000000709400000| Untracked 
|  44|0x0000000709600000, 0x0000000709600000, 0x0000000709800000|  0%| F|  |TAMS 0x0000000709600000| PB 0x0000000709600000| Untracked 
|  45|0x0000000709800000, 0x0000000709800000, 0x0000000709a00000|  0%| F|  |TAMS 0x0000000709800000| PB 0x0000000709800000| Untracked 
|  46|0x0000000709a00000, 0x0000000709a00000, 0x0000000709c00000|  0%| F|  |TAMS 0x0000000709a00000| PB 0x0000000709a00000| Untracked 
|  47|0x0000000709c00000, 0x0000000709c00000, 0x0000000709e00000|  0%| F|  |TAMS 0x0000000709c00000| PB 0x0000000709c00000| Untracked 
|  48|0x0000000709e00000, 0x0000000709e00000, 0x000000070a000000|  0%| F|  |TAMS 0x0000000709e00000| PB 0x0000000709e00000| Untracked 
|  49|0x000000070a000000, 0x000000070a000000, 0x000000070a200000|  0%| F|  |TAMS 0x000000070a000000| PB 0x000000070a000000| Untracked 
|  50|0x000000070a200000, 0x000000070a200000, 0x000000070a400000|  0%| F|  |TAMS 0x000000070a200000| PB 0x000000070a200000| Untracked 
|  51|0x000000070a400000, 0x000000070a400000, 0x000000070a600000|  0%| F|  |TAMS 0x000000070a400000| PB 0x000000070a400000| Untracked 
|  52|0x000000070a600000, 0x000000070a600000, 0x000000070a800000|  0%| F|  |TAMS 0x000000070a600000| PB 0x000000070a600000| Untracked 
|  53|0x000000070a800000, 0x000000070a800000, 0x000000070aa00000|  0%| F|  |TAMS 0x000000070a800000| PB 0x000000070a800000| Untracked 
|  54|0x000000070aa00000, 0x000000070aa00000, 0x000000070ac00000|  0%| F|  |TAMS 0x000000070aa00000| PB 0x000000070aa00000| Untracked 
|  55|0x000000070ac00000, 0x000000070ac00000, 0x000000070ae00000|  0%| F|  |TAMS 0x000000070ac00000| PB 0x000000070ac00000| Untracked 
|  56|0x000000070ae00000, 0x000000070ae00000, 0x000000070b000000|  0%| F|  |TAMS 0x000000070ae00000| PB 0x000000070ae00000| Untracked 
|  57|0x000000070b000000, 0x000000070b000000, 0x000000070b200000|  0%| F|  |TAMS 0x000000070b000000| PB 0x000000070b000000| Untracked 
|  58|0x000000070b200000, 0x000000070b200000, 0x000000070b400000|  0%| F|  |TAMS 0x000000070b200000| PB 0x000000070b200000| Untracked 
|  59|0x000000070b400000, 0x000000070b400000, 0x000000070b600000|  0%| F|  |TAMS 0x000000070b400000| PB 0x000000070b400000| Untracked 
|  60|0x000000070b600000, 0x000000070b600000, 0x000000070b800000|  0%| F|  |TAMS 0x000000070b600000| PB 0x000000070b600000| Untracked 
|  61|0x000000070b800000, 0x000000070b81bca8, 0x000000070ba00000|  5%| S|CS|TAMS 0x000000070b800000| PB 0x000000070b800000| Complete 
|  62|0x000000070ba00000, 0x000000070ba00000, 0x000000070bc00000|  0%| F|  |TAMS 0x000000070ba00000| PB 0x000000070ba00000| Untracked 
|  63|0x000000070bc00000, 0x000000070bc00000, 0x000000070be00000|  0%| F|  |TAMS 0x000000070bc00000| PB 0x000000070bc00000| Untracked 
|  64|0x000000070be00000, 0x000000070be00000, 0x000000070c000000|  0%| F|  |TAMS 0x000000070be00000| PB 0x000000070be00000| Untracked 
|  65|0x000000070c000000, 0x000000070c000000, 0x000000070c200000|  0%| F|  |TAMS 0x000000070c000000| PB 0x000000070c000000| Untracked 
|  66|0x000000070c200000, 0x000000070c200000, 0x000000070c400000|  0%| F|  |TAMS 0x000000070c200000| PB 0x000000070c200000| Untracked 
|  67|0x000000070c400000, 0x000000070c400000, 0x000000070c600000|  0%| F|  |TAMS 0x000000070c400000| PB 0x000000070c400000| Untracked 
|  68|0x000000070c600000, 0x000000070c600000, 0x000000070c800000|  0%| F|  |TAMS 0x000000070c600000| PB 0x000000070c600000| Untracked 
|  69|0x000000070c800000, 0x000000070c800000, 0x000000070ca00000|  0%| F|  |TAMS 0x000000070c800000| PB 0x000000070c800000| Untracked 
|  70|0x000000070ca00000, 0x000000070ca00000, 0x000000070cc00000|  0%| F|  |TAMS 0x000000070ca00000| PB 0x000000070ca00000| Untracked 
|  71|0x000000070cc00000, 0x000000070cc00000, 0x000000070ce00000|  0%| F|  |TAMS 0x000000070cc00000| PB 0x000000070cc00000| Untracked 
|  72|0x000000070ce00000, 0x000000070ce00000, 0x000000070d000000|  0%| F|  |TAMS 0x000000070ce00000| PB 0x000000070ce00000| Untracked 
|  73|0x000000070d000000, 0x000000070d000000, 0x000000070d200000|  0%| F|  |TAMS 0x000000070d000000| PB 0x000000070d000000| Untracked 
|  74|0x000000070d200000, 0x000000070d200000, 0x000000070d400000|  0%| F|  |TAMS 0x000000070d200000| PB 0x000000070d200000| Untracked 
|  75|0x000000070d400000, 0x000000070d400000, 0x000000070d600000|  0%| F|  |TAMS 0x000000070d400000| PB 0x000000070d400000| Untracked 
|  76|0x000000070d600000, 0x000000070d600000, 0x000000070d800000|  0%| F|  |TAMS 0x000000070d600000| PB 0x000000070d600000| Untracked 
|  77|0x000000070d800000, 0x000000070d800000, 0x000000070da00000|  0%| F|  |TAMS 0x000000070d800000| PB 0x000000070d800000| Untracked 
|  78|0x000000070da00000, 0x000000070da00000, 0x000000070dc00000|  0%| F|  |TAMS 0x000000070da00000| PB 0x000000070da00000| Untracked 
|  79|0x000000070dc00000, 0x000000070dc00000, 0x000000070de00000|  0%| F|  |TAMS 0x000000070dc00000| PB 0x000000070dc00000| Untracked 
|  80|0x000000070de00000, 0x000000070de00000, 0x000000070e000000|  0%| F|  |TAMS 0x000000070de00000| PB 0x000000070de00000| Untracked 
|  81|0x000000070e000000, 0x000000070e000000, 0x000000070e200000|  0%| F|  |TAMS 0x000000070e000000| PB 0x000000070e000000| Untracked 
|  82|0x000000070e200000, 0x000000070e200000, 0x000000070e400000|  0%| F|  |TAMS 0x000000070e200000| PB 0x000000070e200000| Untracked 
|  83|0x000000070e400000, 0x000000070e400000, 0x000000070e600000|  0%| F|  |TAMS 0x000000070e400000| PB 0x000000070e400000| Untracked 
|  84|0x000000070e600000, 0x000000070e600000, 0x000000070e800000|  0%| F|  |TAMS 0x000000070e600000| PB 0x000000070e600000| Untracked 
|  85|0x000000070e800000, 0x000000070e800000, 0x000000070ea00000|  0%| F|  |TAMS 0x000000070e800000| PB 0x000000070e800000| Untracked 
|  86|0x000000070ea00000, 0x000000070ea00000, 0x000000070ec00000|  0%| F|  |TAMS 0x000000070ea00000| PB 0x000000070ea00000| Untracked 
|  87|0x000000070ec00000, 0x000000070ec00000, 0x000000070ee00000|  0%| F|  |TAMS 0x000000070ec00000| PB 0x000000070ec00000| Untracked 
|  88|0x000000070ee00000, 0x000000070ee00000, 0x000000070f000000|  0%| F|  |TAMS 0x000000070ee00000| PB 0x000000070ee00000| Untracked 
|  89|0x000000070f000000, 0x000000070f000000, 0x000000070f200000|  0%| F|  |TAMS 0x000000070f000000| PB 0x000000070f000000| Untracked 
|  90|0x000000070f200000, 0x000000070f200000, 0x000000070f400000|  0%| F|  |TAMS 0x000000070f200000| PB 0x000000070f200000| Untracked 
|  91|0x000000070f400000, 0x000000070f400000, 0x000000070f600000|  0%| F|  |TAMS 0x000000070f400000| PB 0x000000070f400000| Untracked 
|  92|0x000000070f600000, 0x000000070f600000, 0x000000070f800000|  0%| F|  |TAMS 0x000000070f600000| PB 0x000000070f600000| Untracked 
|  93|0x000000070f800000, 0x000000070f800000, 0x000000070fa00000|  0%| F|  |TAMS 0x000000070f800000| PB 0x000000070f800000| Untracked 
|  94|0x000000070fa00000, 0x000000070fa00000, 0x000000070fc00000|  0%| F|  |TAMS 0x000000070fa00000| PB 0x000000070fa00000| Untracked 
|  95|0x000000070fc00000, 0x000000070fc00000, 0x000000070fe00000|  0%| F|  |TAMS 0x000000070fc00000| PB 0x000000070fc00000| Untracked 
|  96|0x000000070fe00000, 0x000000070fe00000, 0x0000000710000000|  0%| F|  |TAMS 0x000000070fe00000| PB 0x000000070fe00000| Untracked 
|  97|0x0000000710000000, 0x0000000710000000, 0x0000000710200000|  0%| F|  |TAMS 0x0000000710000000| PB 0x0000000710000000| Untracked 
|  98|0x0000000710200000, 0x0000000710200000, 0x0000000710400000|  0%| F|  |TAMS 0x0000000710200000| PB 0x0000000710200000| Untracked 
|  99|0x0000000710400000, 0x0000000710400000, 0x0000000710600000|  0%| F|  |TAMS 0x0000000710400000| PB 0x0000000710400000| Untracked 
| 100|0x0000000710600000, 0x0000000710600000, 0x0000000710800000|  0%| F|  |TAMS 0x0000000710600000| PB 0x0000000710600000| Untracked 
| 101|0x0000000710800000, 0x0000000710800000, 0x0000000710a00000|  0%| F|  |TAMS 0x0000000710800000| PB 0x0000000710800000| Untracked 
| 102|0x0000000710a00000, 0x0000000710a00000, 0x0000000710c00000|  0%| F|  |TAMS 0x0000000710a00000| PB 0x0000000710a00000| Untracked 
| 103|0x0000000710c00000, 0x0000000710c00000, 0x0000000710e00000|  0%| F|  |TAMS 0x0000000710c00000| PB 0x0000000710c00000| Untracked 
| 104|0x0000000710e00000, 0x0000000710e00000, 0x0000000711000000|  0%| F|  |TAMS 0x0000000710e00000| PB 0x0000000710e00000| Untracked 
| 105|0x0000000711000000, 0x0000000711000000, 0x0000000711200000|  0%| F|  |TAMS 0x0000000711000000| PB 0x0000000711000000| Untracked 
| 106|0x0000000711200000, 0x0000000711200000, 0x0000000711400000|  0%| F|  |TAMS 0x0000000711200000| PB 0x0000000711200000| Untracked 
| 107|0x0000000711400000, 0x0000000711400000, 0x0000000711600000|  0%| F|  |TAMS 0x0000000711400000| PB 0x0000000711400000| Untracked 
| 108|0x0000000711600000, 0x0000000711600000, 0x0000000711800000|  0%| F|  |TAMS 0x0000000711600000| PB 0x0000000711600000| Untracked 
| 109|0x0000000711800000, 0x0000000711800000, 0x0000000711a00000|  0%| F|  |TAMS 0x0000000711800000| PB 0x0000000711800000| Untracked 
| 110|0x0000000711a00000, 0x0000000711a00000, 0x0000000711c00000|  0%| F|  |TAMS 0x0000000711a00000| PB 0x0000000711a00000| Untracked 
| 111|0x0000000711c00000, 0x0000000711c00000, 0x0000000711e00000|  0%| F|  |TAMS 0x0000000711c00000| PB 0x0000000711c00000| Untracked 
| 112|0x0000000711e00000, 0x0000000711e00000, 0x0000000712000000|  0%| F|  |TAMS 0x0000000711e00000| PB 0x0000000711e00000| Untracked 
| 113|0x0000000712000000, 0x0000000712000000, 0x0000000712200000|  0%| F|  |TAMS 0x0000000712000000| PB 0x0000000712000000| Untracked 
| 114|0x0000000712200000, 0x0000000712200000, 0x0000000712400000|  0%| F|  |TAMS 0x0000000712200000| PB 0x0000000712200000| Untracked 
| 115|0x0000000712400000, 0x0000000712400000, 0x0000000712600000|  0%| F|  |TAMS 0x0000000712400000| PB 0x0000000712400000| Untracked 
| 116|0x0000000712600000, 0x0000000712600000, 0x0000000712800000|  0%| F|  |TAMS 0x0000000712600000| PB 0x0000000712600000| Untracked 
| 117|0x0000000712800000, 0x0000000712800000, 0x0000000712a00000|  0%| F|  |TAMS 0x0000000712800000| PB 0x0000000712800000| Untracked 
| 118|0x0000000712a00000, 0x0000000712a00000, 0x0000000712c00000|  0%| F|  |TAMS 0x0000000712a00000| PB 0x0000000712a00000| Untracked 
| 119|0x0000000712c00000, 0x0000000712c00000, 0x0000000712e00000|  0%| F|  |TAMS 0x0000000712c00000| PB 0x0000000712c00000| Untracked 
| 120|0x0000000712e00000, 0x0000000712e00000, 0x0000000713000000|  0%| F|  |TAMS 0x0000000712e00000| PB 0x0000000712e00000| Untracked 
| 121|0x0000000713000000, 0x0000000713000000, 0x0000000713200000|  0%| F|  |TAMS 0x0000000713000000| PB 0x0000000713000000| Untracked 
| 122|0x0000000713200000, 0x0000000713200000, 0x0000000713400000|  0%| F|  |TAMS 0x0000000713200000| PB 0x0000000713200000| Untracked 
| 123|0x0000000713400000, 0x0000000713400000, 0x0000000713600000|  0%| F|  |TAMS 0x0000000713400000| PB 0x0000000713400000| Untracked 
| 124|0x0000000713600000, 0x0000000713600000, 0x0000000713800000|  0%| F|  |TAMS 0x0000000713600000| PB 0x0000000713600000| Untracked 
| 125|0x0000000713800000, 0x0000000713800000, 0x0000000713a00000|  0%| F|  |TAMS 0x0000000713800000| PB 0x0000000713800000| Untracked 
| 126|0x0000000713a00000, 0x0000000713a00000, 0x0000000713c00000|  0%| F|  |TAMS 0x0000000713a00000| PB 0x0000000713a00000| Untracked 
| 127|0x0000000713c00000, 0x0000000713c00000, 0x0000000713e00000|  0%| F|  |TAMS 0x0000000713c00000| PB 0x0000000713c00000| Untracked 
| 128|0x0000000713e00000, 0x0000000713e00000, 0x0000000714000000|  0%| F|  |TAMS 0x0000000713e00000| PB 0x0000000713e00000| Untracked 
| 129|0x0000000714000000, 0x0000000714000000, 0x0000000714200000|  0%| F|  |TAMS 0x0000000714000000| PB 0x0000000714000000| Untracked 
| 130|0x0000000714200000, 0x0000000714200000, 0x0000000714400000|  0%| F|  |TAMS 0x0000000714200000| PB 0x0000000714200000| Untracked 
| 131|0x0000000714400000, 0x0000000714400000, 0x0000000714600000|  0%| F|  |TAMS 0x0000000714400000| PB 0x0000000714400000| Untracked 
| 132|0x0000000714600000, 0x0000000714600000, 0x0000000714800000|  0%| F|  |TAMS 0x0000000714600000| PB 0x0000000714600000| Untracked 
| 133|0x0000000714800000, 0x0000000714800000, 0x0000000714a00000|  0%| F|  |TAMS 0x0000000714800000| PB 0x0000000714800000| Untracked 
| 134|0x0000000714a00000, 0x0000000714a00000, 0x0000000714c00000|  0%| F|  |TAMS 0x0000000714a00000| PB 0x0000000714a00000| Untracked 
| 135|0x0000000714c00000, 0x0000000714c00000, 0x0000000714e00000|  0%| F|  |TAMS 0x0000000714c00000| PB 0x0000000714c00000| Untracked 
| 136|0x0000000714e00000, 0x0000000714e00000, 0x0000000715000000|  0%| F|  |TAMS 0x0000000714e00000| PB 0x0000000714e00000| Untracked 
| 137|0x0000000715000000, 0x0000000715000000, 0x0000000715200000|  0%| F|  |TAMS 0x0000000715000000| PB 0x0000000715000000| Untracked 
| 138|0x0000000715200000, 0x0000000715200000, 0x0000000715400000|  0%| F|  |TAMS 0x0000000715200000| PB 0x0000000715200000| Untracked 
| 139|0x0000000715400000, 0x0000000715400000, 0x0000000715600000|  0%| F|  |TAMS 0x0000000715400000| PB 0x0000000715400000| Untracked 
| 140|0x0000000715600000, 0x0000000715600000, 0x0000000715800000|  0%| F|  |TAMS 0x0000000715600000| PB 0x0000000715600000| Untracked 
| 141|0x0000000715800000, 0x0000000715800000, 0x0000000715a00000|  0%| F|  |TAMS 0x0000000715800000| PB 0x0000000715800000| Untracked 
| 142|0x0000000715a00000, 0x0000000715a00000, 0x0000000715c00000|  0%| F|  |TAMS 0x0000000715a00000| PB 0x0000000715a00000| Untracked 
| 143|0x0000000715c00000, 0x0000000715c00000, 0x0000000715e00000|  0%| F|  |TAMS 0x0000000715c00000| PB 0x0000000715c00000| Untracked 
| 144|0x0000000715e00000, 0x0000000715e00000, 0x0000000716000000|  0%| F|  |TAMS 0x0000000715e00000| PB 0x0000000715e00000| Untracked 
| 145|0x0000000716000000, 0x0000000716000000, 0x0000000716200000|  0%| F|  |TAMS 0x0000000716000000| PB 0x0000000716000000| Untracked 
| 146|0x0000000716200000, 0x0000000716200000, 0x0000000716400000|  0%| F|  |TAMS 0x0000000716200000| PB 0x0000000716200000| Untracked 
| 147|0x0000000716400000, 0x0000000716400000, 0x0000000716600000|  0%| F|  |TAMS 0x0000000716400000| PB 0x0000000716400000| Untracked 
| 148|0x0000000716600000, 0x0000000716600000, 0x0000000716800000|  0%| F|  |TAMS 0x0000000716600000| PB 0x0000000716600000| Untracked 
| 149|0x0000000716800000, 0x00000007169f4a30, 0x0000000716a00000| 97%| E|  |TAMS 0x0000000716800000| PB 0x0000000716800000| Complete 
| 150|0x0000000716a00000, 0x0000000716c00000, 0x0000000716c00000|100%| E|CS|TAMS 0x0000000716a00000| PB 0x0000000716a00000| Complete 
| 151|0x0000000716c00000, 0x0000000716e00000, 0x0000000716e00000|100%| E|CS|TAMS 0x0000000716c00000| PB 0x0000000716c00000| Complete 
| 152|0x0000000716e00000, 0x0000000717000000, 0x0000000717000000|100%| E|CS|TAMS 0x0000000716e00000| PB 0x0000000716e00000| Complete 

Card table byte_map: [0x000001ab21930000,0x000001ab22120000] _byte_map_base: 0x000001ab1e111000

Marking Bits: (CMBitMap*) 0x000001ab09dd4250
 Bits: [0x000001ab22910000, 0x000001ab26818000)

Polling page: 0x000001ab09520000

Metaspace:

Usage:
  Non-class:      9.23 MB used.
      Class:    895.48 KB used.
       Both:     10.10 MB used.

Virtual space:
  Non-class space:       64.00 MB reserved,       9.38 MB ( 15%) committed,  1 nodes.
      Class space:        1.00 GB reserved,       1.00 MB ( <1%) committed,  1 nodes.
             Both:        1.06 GB reserved,      10.38 MB ( <1%) committed. 

Chunk freelists:
   Non-Class:  2.32 MB
       Class:  3.00 MB
        Both:  5.32 MB

MaxMetaspaceSize: unlimited
CompressedClassSpaceSize: 1.00 GB
Initial GC threshold: 21.00 MB
Current GC threshold: 21.00 MB
CDS: on
MetaspaceReclaimPolicy: balanced
 - commit_granule_bytes: 65536.
 - commit_granule_words: 8192.
 - virtual_space_node_default_size: 8388608.
 - enlarge_chunks_in_place: 1.
 - new_chunks_are_fully_committed: 0.
 - uncommit_free_chunks: 1.
 - use_allocation_guard: 0.


Internal statistics:

num_allocs_failed_limit: 0.
num_arena_births: 264.
num_arena_deaths: 0.
num_vsnodes_births: 2.
num_vsnodes_deaths: 0.
num_space_committed: 164.
num_space_uncommitted: 0.
num_chunks_returned_to_freelist: 0.
num_chunks_taken_from_freelist: 419.
num_chunk_merges: 0.
num_chunk_splits: 255.
num_chunks_enlarged: 132.
num_inconsistent_stats: 0.

CodeHeap 'non-profiled nmethods': size=120000Kb used=1735Kb max_used=1735Kb free=118265Kb
 bounds [0x000001ab198e0000, 0x000001ab19b50000, 0x000001ab20e10000]
CodeHeap 'profiled nmethods': size=120000Kb used=3615Kb max_used=3615Kb free=116384Kb
 bounds [0x000001ab11e10000, 0x000001ab121a0000, 0x000001ab19340000]
CodeHeap 'non-nmethods': size=5760Kb used=2710Kb max_used=2784Kb free=3049Kb
 bounds [0x000001ab19340000, 0x000001ab19610000, 0x000001ab198e0000]
 total_blobs=3645 nmethods=2369 adapters=1187
 compilation: enabled
              stopped_count=0, restarted_count=0
 full_count=0

Compilation events (20 events):
Event: 46.859 Thread 0x000001ab2926ae70 2358       3       java.util.concurrent.locks.AbstractQueuedSynchronizer::enqueue (72 bytes)
Event: 46.859 Thread 0x000001ab2926ae70 nmethod 2358 0x000001ab12191990 code [0x000001ab12191ba0, 0x000001ab121922e0]
Event: 46.859 Thread 0x000001ab2926ae70 2359       3       java.util.concurrent.locks.LockSupport::park (24 bytes)
Event: 46.859 Thread 0x000001ab2926ae70 nmethod 2359 0x000001ab12192510 code [0x000001ab121926c0, 0x000001ab12192a00]
Event: 47.015 Thread 0x000001ab2926ae70 2360       3       java.util.concurrent.locks.LockSupport::unpark (26 bytes)
Event: 47.016 Thread 0x000001ab2926ae70 nmethod 2360 0x000001ab12192b10 code [0x000001ab12192cc0, 0x000001ab12193018]
Event: 47.016 Thread 0x000001ab2926ae70 2362       3       java.util.concurrent.ForkJoinPool::managedBlock (36 bytes)
Event: 47.016 Thread 0x000001ab2926ae70 nmethod 2362 0x000001ab12193110 code [0x000001ab12193360, 0x000001ab121940a8]
Event: 47.016 Thread 0x000001ab2926ae70 2363       3       java.util.concurrent.ForkJoinPool::unmanagedBlock (31 bytes)
Event: 47.017 Thread 0x000001ab2926ae70 nmethod 2363 0x000001ab12194410 code [0x000001ab12194640, 0x000001ab12195020]
Event: 47.644 Thread 0x000001ab2926ae70 2365       3       java.util.concurrent.locks.AbstractQueuedSynchronizer$ConditionObject::doSignal (54 bytes)
Event: 47.645 Thread 0x000001ab2926ae70 nmethod 2365 0x000001ab12195310 code [0x000001ab121954c0, 0x000001ab12195890]
Event: 47.969 Thread 0x000001ab2926ae70 2366   !   3       java.util.concurrent.locks.AbstractQueuedSynchronizer$ConditionObject::await (185 bytes)
Event: 47.970 Thread 0x000001ab2926ae70 nmethod 2366 0x000001ab12195a10 code [0x000001ab12195d60, 0x000001ab121972f8]
Event: 48.612 Thread 0x000001ab2926a350 2367       4       HAL.Gui.PlotPointInternal::Draw (200 bytes)
Event: 48.612 Thread 0x000001ab2926ae70 2369       3       java.text.DontCareFieldPosition$1::formatted (1 bytes)
Event: 48.612 Thread 0x000001ab2926ae70 nmethod 2369 0x000001ab12197b10 code [0x000001ab12197ca0, 0x000001ab12197da8]
Event: 48.620 Thread 0x000001ab2926a350 nmethod 2367 0x000001ab19a90a10 code [0x000001ab19a90be0, 0x000001ab19a91168]
Event: 48.621 Thread 0x000001ab2926a350 2368       4       HAL.Util::AlongLineAction (293 bytes)
Event: 48.627 Thread 0x000001ab2926a350 nmethod 2368 0x000001ab19a91410 code [0x000001ab19a915e0, 0x000001ab19a919c0]

GC Heap History (20 events):
Event: 48.664 GC heap before
{Heap before GC invocations=264 (full 0):
 garbage-first heap   total 313344K, used 201670K [0x0000000703e00000, 0x0000000800000000)
  region size 2048K, 91 young (186368K), 1 survivors (2048K)
 Metaspace       used 10343K, committed 10624K, reserved 1114112K
  class space    used 894K, committed 1024K, reserved 1048576K
}
Event: 48.665 GC heap after
{Heap after GC invocations=265 (full 0):
 garbage-first heap   total 313344K, used 19415K [0x0000000703e00000, 0x0000000800000000)
  region size 2048K, 1 young (2048K), 1 survivors (2048K)
 Metaspace       used 10343K, committed 10624K, reserved 1114112K
  class space    used 894K, committed 1024K, reserved 1048576K
}
Event: 48.836 GC heap before
{Heap before GC invocations=265 (full 0):
 garbage-first heap   total 313344K, used 201687K [0x0000000703e00000, 0x0000000800000000)
  region size 2048K, 91 young (186368K), 1 survivors (2048K)
 Metaspace       used 10343K, committed 10624K, reserved 1114112K
  class space    used 894K, committed 1024K, reserved 1048576K
}
Event: 48.838 GC heap after
{Heap after GC invocations=266 (full 0):
 garbage-first heap   total 313344K, used 22357K [0x0000000703e00000, 0x0000000800000000)
  region size 2048K, 2 young (4096K), 2 survivors (4096K)
 Metaspace       used 10343K, committed 10624K, reserved 1114112K
  class space    used 894K, committed 1024K, reserved 1048576K
}
Event: 48.976 GC heap before
{Heap before GC invocations=266 (full 0):
 garbage-first heap   total 313344K, used 202581K [0x0000000703e00000, 0x0000000800000000)
  region size 2048K, 91 young (186368K), 2 survivors (4096K)
 Metaspace       used 10343K, committed 10624K, reserved 1114112K
  class space    used 894K, committed 1024K, reserved 1048576K
}
Event: 48.977 GC heap after
{Heap after GC invocations=267 (full 0):
 garbage-first heap   total 313344K, used 22376K [0x0000000703e00000, 0x0000000800000000)
  region size 2048K, 2 young (4096K), 2 survivors (4096K)
 Metaspace       used 10343K, committed 10624K, reserved 1114112K
  class space    used 894K, committed 1024K, reserved 1048576K
}
Event: 49.167 GC heap before
{Heap before GC invocations=267 (full 0):
 garbage-first heap   total 313344K, used 202600K [0x0000000703e00000, 0x0000000800000000)
  region size 2048K, 91 young (186368K), 2 survivors (4096K)
 Metaspace       used 10343K, committed 10624K, reserved 1114112K
  class space    used 894K, committed 1024K, reserved 1048576K
}
Event: 49.169 GC heap after
{Heap after GC invocations=268 (full 0):
 garbage-first heap   total 313344K, used 22385K [0x0000000703e00000, 0x0000000800000000)
  region size 2048K, 2 young (4096K), 2 survivors (4096K)
 Metaspace       used 10343K, committed 10624K, reserved 1114112K
  class space    used 894K, committed 1024K, reserved 1048576K
}
Event: 49.348 GC heap before
{Heap before GC invocations=268 (full 0):
 garbage-first heap   total 313344K, used 202609K [0x0000000703e00000, 0x0000000800000000)
  region size 2048K, 91 young (186368K), 2 survivors (4096K)
 Metaspace       used 10343K, committed 10624K, reserved 1114112K
  class space    used 894K, committed 1024K, reserved 1048576K
}
Event: 49.350 GC heap after
{Heap after GC invocations=269 (full 0):
 garbage-first heap   total 313344K, used 19467K [0x0000000703e00000, 0x0000000800000000)
  region size 2048K, 1 young (2048K), 1 survivors (2048K)
 Metaspace       used 10343K, committed 10624K, reserved 1114112K
  class space    used 894K, committed 1024K, reserved 1048576K
}
Event: 49.513 GC heap before
{Heap before GC invocations=269 (full 0):
 garbage-first heap   total 313344K, used 201739K [0x0000000703e00000, 0x0000000800000000)
  region size 2048K, 91 young (186368K), 1 survivors (2048K)
 Metaspace       used 10343K, committed 10624K, reserved 1114112K
  class space    used 894K, committed 1024K, reserved 1048576K
}
Event: 49.515 GC heap after
{Heap after GC invocations=270 (full 0):
 garbage-first heap   total 313344K, used 23392K [0x0000000703e00000, 0x0000000800000000)
  region size 2048K, 2 young (4096K), 2 survivors (4096K)
 Metaspace       used 10343K, committed 10624K, reserved 1114112K
  class space    used 894K, committed 1024K, reserved 1048576K
}
Event: 49.692 GC heap before
{Heap before GC invocations=270 (full 0):
 garbage-first heap   total 313344K, used 203616K [0x0000000703e00000, 0x0000000800000000)
  region size 2048K, 91 young (186368K), 2 survivors (4096K)
 Metaspace       used 10343K, committed 10624K, reserved 1114112K
  class space    used 894K, committed 1024K, reserved 1048576K
}
Event: 49.693 GC heap after
{Heap after GC invocations=271 (full 0):
 garbage-first heap   total 313344K, used 19489K [0x0000000703e00000, 0x0000000800000000)
  region size 2048K, 1 young (2048K), 1 survivors (2048K)
 Metaspace       used 10343K, committed 10624K, reserved 1114112K
  class space    used 894K, committed 1024K, reserved 1048576K
}
Event: 49.853 GC heap before
{Heap before GC invocations=271 (full 0):
 garbage-first heap   total 313344K, used 201761K [0x0000000703e00000, 0x0000000800000000)
  region size 2048K, 91 young (186368K), 1 survivors (2048K)
 Metaspace       used 10343K, committed 10624K, reserved 1114112K
  class space    used 894K, committed 1024K, reserved 1048576K
}
Event: 49.855 GC heap after
{Heap after GC invocations=272 (full 0):
 garbage-first heap   total 313344K, used 22429K [0x0000000703e00000, 0x0000000800000000)
  region size 2048K, 2 young (4096K), 2 survivors (4096K)
 Metaspace       used 10343K, committed 10624K, reserved 1114112K
  class space    used 894K, committed 1024K, reserved 1048576K
}
Event: 50.073 GC heap before
{Heap before GC invocations=272 (full 0):
 garbage-first heap   total 313344K, used 202653K [0x0000000703e00000, 0x0000000800000000)
  region size 2048K, 91 young (186368K), 2 survivors (4096K)
 Metaspace       used 10346K, committed 10624K, reserved 1114112K
  class space    used 895K, committed 1024K, reserved 1048576K
}
Event: 50.074 GC heap after
{Heap after GC invocations=273 (full 0):
 garbage-first heap   total 313344K, used 19512K [0x0000000703e00000, 0x0000000800000000)
  region size 2048K, 1 young (2048K), 1 survivors (2048K)
 Metaspace       used 10346K, committed 10624K, reserved 1114112K
  class space    used 895K, committed 1024K, reserved 1048576K
}
Event: 50.176 GC heap before
{Heap before GC invocations=273 (full 0):
 garbage-first heap   total 313344K, used 201784K [0x0000000703e00000, 0x0000000800000000)
  region size 2048K, 91 young (186368K), 1 survivors (2048K)
 Metaspace       used 10346K, committed 10624K, reserved 1114112K
  class space    used 895K, committed 1024K, reserved 1048576K
}
Event: 50.177 GC heap after
{Heap after GC invocations=274 (full 0):
 garbage-first heap   total 313344K, used 19537K [0x0000000703e00000, 0x0000000800000000)
  region size 2048K, 1 young (2048K), 1 survivors (2048K)
 Metaspace       used 10346K, committed 10624K, reserved 1114112K
  class space    used 895K, committed 1024K, reserved 1048576K
}

Dll operation events (15 events):
Event: 0.010 Loaded shared library C:\Users\4473331\.jdks\openjdk-20.0.1\bin\java.dll
Event: 0.021 Loaded shared library C:\Users\4473331\.jdks\openjdk-20.0.1\bin\jsvml.dll
Event: 0.099 Loaded shared library C:\Users\4473331\.jdks\openjdk-20.0.1\bin\zip.dll
Event: 0.101 Loaded shared library C:\Users\4473331\.jdks\openjdk-20.0.1\bin\instrument.dll
Event: 0.106 Loaded shared library C:\Users\4473331\.jdks\openjdk-20.0.1\bin\net.dll
Event: 0.109 Loaded shared library C:\Users\4473331\.jdks\openjdk-20.0.1\bin\nio.dll
Event: 0.111 Loaded shared library C:\Users\4473331\.jdks\openjdk-20.0.1\bin\zip.dll
Event: 0.155 Loaded shared library C:\Program Files\JetBrains\IntelliJ IDEA Community Edition 2023.1.2\bin\breakgen64.dll
Event: 0.162 Loaded shared library C:\Users\4473331\.jdks\openjdk-20.0.1\bin\extnet.dll
Event: 0.166 Loaded shared library C:\Users\4473331\.jdks\openjdk-20.0.1\bin\jimage.dll
Event: 0.217 Loaded shared library C:\Users\4473331\AppData\Local\Temp\1\lwjgl_4473331\3.3.2+13\x64\lwjgl.dll
Event: 0.404 Loaded shared library C:\Users\4473331\AppData\Local\Temp\1\lwjgl_4473331\3.3.2+13\x64\lwjgl_opengl.dll
Event: 0.499 Loaded shared library C:\Users\4473331\.jdks\openjdk-20.0.1\bin\awt.dll
Event: 0.645 Loaded shared library C:\Users\4473331\.jdks\openjdk-20.0.1\bin\freetype.dll
Event: 0.647 Loaded shared library C:\Users\4473331\.jdks\openjdk-20.0.1\bin\fontmanager.dll

Deoptimization events (20 events):
Event: 22.673 Thread 0x000001ab09d64f50 DEOPT PACKING pc=0x000001ab1218655c sp=0x0000009d964fef20
Event: 22.673 Thread 0x000001ab09d64f50 DEOPT UNPACKING pc=0x000001ab193ae462 sp=0x0000009d964fe3f8 mode 0
Event: 22.690 Thread 0x000001ab09d64f50 DEOPT PACKING pc=0x000001ab1218655c sp=0x0000009d964fef20
Event: 22.690 Thread 0x000001ab09d64f50 DEOPT UNPACKING pc=0x000001ab193ae462 sp=0x0000009d964fe3f8 mode 0
Event: 33.900 Thread 0x000001ab09d64f50 Uncommon trap: trap_request=0xffffff45 fr.pc=0x000001ab19a58210 relative=0x0000000000000430
Event: 33.900 Thread 0x000001ab09d64f50 Uncommon trap: reason=unstable_if action=reinterpret pc=0x000001ab19a58210 method=HAL.Util.AlongLineAction(DDDDLHAL/Interfaces/Coords2DAction;)V @ 125 c2
Event: 33.900 Thread 0x000001ab09d64f50 DEOPT PACKING pc=0x000001ab19a58210 sp=0x0000009d964fef20
Event: 33.900 Thread 0x000001ab09d64f50 DEOPT UNPACKING pc=0x000001ab1935d2a2 sp=0x0000009d964fedc8 mode 2
Event: 50.071 Thread 0x000001ab29261970 Uncommon trap: trap_request=0xffffffc6 fr.pc=0x000001ab199d3400 relative=0x00000000000003e0
Event: 50.072 Thread 0x000001ab29261970 Uncommon trap: reason=bimorphic_or_optimized_type_check action=maybe_recompile pc=0x000001ab199d3400 method=java.util.Hashtable.get(Ljava/lang/Object;)Ljava/lang/Object; @ 45 c2
Event: 50.072 Thread 0x000001ab29261970 DEOPT PACKING pc=0x000001ab199d3400 sp=0x0000009d96dff560
Event: 50.072 Thread 0x000001ab29261970 DEOPT UNPACKING pc=0x000001ab1935d2a2 sp=0x0000009d96dff4f8 mode 2
Event: 50.072 Thread 0x000001ab29261970 Uncommon trap: trap_request=0xffffffc6 fr.pc=0x000001ab199d3400 relative=0x00000000000003e0
Event: 50.072 Thread 0x000001ab29261970 Uncommon trap: reason=bimorphic_or_optimized_type_check action=maybe_recompile pc=0x000001ab199d3400 method=java.util.Hashtable.get(Ljava/lang/Object;)Ljava/lang/Object; @ 45 c2
Event: 50.072 Thread 0x000001ab29261970 DEOPT PACKING pc=0x000001ab199d3400 sp=0x0000009d96dff560
Event: 50.072 Thread 0x000001ab29261970 DEOPT UNPACKING pc=0x000001ab1935d2a2 sp=0x0000009d96dff4f8 mode 2
Event: 50.074 Thread 0x000001ab34d2f5c0 Uncommon trap: trap_request=0xffffff45 fr.pc=0x000001ab19a597b4 relative=0x0000000000000754
Event: 50.074 Thread 0x000001ab34d2f5c0 Uncommon trap: reason=unstable_if action=reinterpret pc=0x000001ab19a597b4 method=sun.java2d.d3d.D3DScreenUpdateManager.createGraphics(Lsun/java2d/SurfaceData;Lsun/awt/windows/WComponentPeer;Ljava/awt/Color;Ljava/awt/Color;Ljava/awt/Font;)Ljava/awt/Graphi
Event: 50.074 Thread 0x000001ab34d2f5c0 DEOPT PACKING pc=0x000001ab19a597b4 sp=0x0000009d97ffeda0
Event: 50.074 Thread 0x000001ab34d2f5c0 DEOPT UNPACKING pc=0x000001ab1935d2a2 sp=0x0000009d97ffecb0 mode 2

Classes loaded (20 events):
Event: 1.008 Loading class sun/util/resources/TimeZoneNamesBundle done
Event: 1.008 Loading class sun/util/resources/cldr/TimeZoneNames done
Event: 1.008 Loading class sun/util/resources/cldr/TimeZoneNames_en
Event: 1.009 Loading class sun/util/resources/cldr/TimeZoneNames_en done
Event: 1.009 Loading class sun/util/resources/cldr/TimeZoneNames_en_US
Event: 1.009 Loading class sun/util/resources/cldr/TimeZoneNames_en_US done
Event: 1.010 Loading class java/util/LinkedHashMap$LinkedKeySet
Event: 1.010 Loading class java/util/LinkedHashMap$LinkedKeySet done
Event: 6.599 Loading class java/awt/event/MouseEvent$1
Event: 6.599 Loading class sun/awt/AWTAccessor$MouseEventAccessor
Event: 6.599 Loading class sun/awt/AWTAccessor$MouseEventAccessor done
Event: 6.599 Loading class java/awt/event/MouseEvent$1 done
Event: 6.601 Loading class java/awt/Cursor$CursorDisposer
Event: 6.601 Loading class java/awt/Cursor$CursorDisposer done
Event: 6.603 Loading class java/awt/event/MouseWheelEvent
Event: 6.603 Loading class java/awt/event/MouseWheelEvent done
Event: 7.449 Loading class java/security/DomainCombiner
Event: 7.449 Loading class java/security/DomainCombiner done
Event: 50.072 Loading class jdk/internal/misc/Signal$1
Event: 50.072 Loading class jdk/internal/misc/Signal$1 done

Classes unloaded (0 events):
No events

Classes redefined (0 events):
No events

Internal exceptions (20 events):
Event: 0.401 Thread 0x000001ab09d64f50 Exception <a 'sun/nio/fs/WindowsException'{0x00000007132f2c00}> (0x00000007132f2c00) 
thrown [s\open\src\hotspot\share\prims\jni.cpp, line 519]
Event: 0.401 Thread 0x000001ab09d64f50 Exception <a 'sun/nio/fs/WindowsException'{0x00000007132f2fc0}> (0x00000007132f2fc0) 
thrown [s\open\src\hotspot\share\prims\jni.cpp, line 519]
Event: 0.407 Thread 0x000001ab09d64f50 Exception <a 'sun/nio/fs/WindowsException'{0x0000000713303658}> (0x0000000713303658) 
thrown [s\open\src\hotspot\share\prims\jni.cpp, line 519]
Event: 0.407 Thread 0x000001ab09d64f50 Exception <a 'sun/nio/fs/WindowsException'{0x0000000713303958}> (0x0000000713303958) 
thrown [s\open\src\hotspot\share\prims\jni.cpp, line 519]
Event: 0.481 Thread 0x000001ab09d64f50 Exception <a 'java/lang/NoSuchMethodError'{0x00000007130d94e0}: 'void java.lang.invoke.Invokers$Holder.invokeExact_MT(java.lang.Object, java.lang.Object, java.lang.Object, java.lang.Object)'> (0x00000007130d94e0) 
thrown [s\open\src\hotspot\share\interpreter\linkResolver.cpp, line 773]
Event: 0.504 Thread 0x000001ab09d64f50 Exception <a 'java/lang/ClassNotFoundException'{0x00000007131d6098}: sun/awt/resources/spi/awtProvider> (0x00000007131d6098) 
thrown [s\open\src\hotspot\share\classfile\systemDictionary.cpp, line 305]
Event: 0.515 Thread 0x000001ab09d64f50 Exception <a 'java/io/FileNotFoundException'{0x0000000712cb26f8}> (0x0000000712cb26f8) 
thrown [s\open\src\hotspot\share\prims\jni.cpp, line 519]
Event: 0.518 Thread 0x000001ab09d64f50 Exception <a 'java/io/FileNotFoundException'{0x0000000712cdc360}> (0x0000000712cdc360) 
thrown [s\open\src\hotspot\share\prims\jni.cpp, line 519]
Event: 0.569 Thread 0x000001ab09d64f50 Exception <a 'java/lang/NoSuchMethodError'{0x0000000712a1d648}: 'java.lang.Object java.lang.invoke.DirectMethodHandle$Holder.newInvokeSpecial(java.lang.Object, java.lang.Object, java.lang.Object, java.lang.Object, java.lang.Object)'> (0x0000000712a1d648) 
thrown [s\open\src\hotspot\share\interpreter\linkResolver.cpp, line 773]
Event: 0.573 Thread 0x000001ab09d64f50 Exception <a 'java/lang/NoSuchMethodError'{0x0000000712a4dd28}: 'java.lang.Object java.lang.invoke.DirectMethodHandle$Holder.invokeStatic(java.lang.Object, int, java.lang.Object)'> (0x0000000712a4dd28) 
thrown [s\open\src\hotspot\share\interpreter\linkResolver.cpp, line 773]
Event: 0.594 Thread 0x000001ab09d64f50 Exception <a 'java/lang/ClassNotFoundException'{0x0000000712b0f5c8}: com/sun/swing/internal/plaf/metal/resources/spi/metalProvider> (0x0000000712b0f5c8) 
thrown [s\open\src\hotspot\share\classfile\systemDictionary.cpp, line 305]
Event: 0.595 Thread 0x000001ab09d64f50 Exception <a 'java/lang/ClassNotFoundException'{0x0000000712b135d8}: com/sun/swing/internal/plaf/basic/resources/spi/basicProvider> (0x0000000712b135d8) 
thrown [s\open\src\hotspot\share\classfile\systemDictionary.cpp, line 305]
Event: 0.611 Thread 0x000001ab09d64f50 Implicit null exception at 0x000001ab1991ed46 to 0x000001ab1991edda
Event: 0.631 Thread 0x000001ab34d20af0 Exception <a 'java/lang/NoSuchMethodError'{0x0000000712dec4c8}: 'void java.lang.invoke.DirectMethodHandle$Holder.invokeVirtual(java.lang.Object, java.lang.Object)'> (0x0000000712dec4c8) 
thrown [s\open\src\hotspot\share\interpreter\linkResolver.cpp, line 773]
Event: 0.641 Thread 0x000001ab09d64f50 Exception <a 'java/lang/NoSuchMethodError'{0x0000000712b75380}: 'void java.lang.invoke.DirectMethodHandle$Holder.invokeStaticInit(java.lang.Object)'> (0x0000000712b75380) 
thrown [s\open\src\hotspot\share\interpreter\linkResolver.cpp, line 773]
Event: 0.785 Thread 0x000001ab09d64f50 Exception <a 'java/lang/NoSuchMethodError'{0x0000000712ee7b40}: 'java.lang.Object java.lang.invoke.DirectMethodHandle$Holder.newInvokeSpecial(java.lang.Object, java.lang.Object, int, int)'> (0x0000000712ee7b40) 
thrown [s\open\src\hotspot\share\interpreter\linkResolver.cpp, line 773]
Event: 0.788 Thread 0x000001ab09d64f50 Exception <a 'java/lang/NoSuchMethodError'{0x0000000712f0a9e8}: 'java.lang.Object java.lang.invoke.DirectMethodHandle$Holder.invokeSpecial(java.lang.Object, java.lang.Object, double, double)'> (0x0000000712f0a9e8) 
thrown [s\open\src\hotspot\share\interpreter\linkResolver.cpp, line 773]
Event: 0.891 Thread 0x000001ab09d64f50 Exception <a 'java/lang/NoSuchMethodError'{0x0000000710612998}: 'void java.lang.invoke.DirectMethodHandle$Holder.invokeStatic(java.lang.Object, java.lang.Object, double)'> (0x0000000710612998) 
thrown [s\open\src\hotspot\share\interpreter\linkResolver.cpp, line 773]
Event: 1.011 Thread 0x000001ab292632c0 Exception <a 'java/lang/NoSuchMethodError'{0x000000070d6d3cb0}: 'java.lang.Object java.lang.invoke.Invokers$Holder.invokeExact_MT(java.lang.Object, java.lang.Object, java.lang.Object, java.lang.Object, java.lang.Object, java.lang.Object)'> (0x000000070d6d3cb0) 
thrown [s\open\src\hotspot\share\interpreter\linkResolver.cpp, line 773]
Event: 4.021 Thread 0x000001ab34d2f5c0 Implicit null exception at 0x000001ab199cf956 to 0x000001ab199cfad8

VM Operations (20 events):
Event: 48.665 Executing VM operation: G1CollectForAllocation done
Event: 48.836 Executing VM operation: G1CollectForAllocation
Event: 48.838 Executing VM operation: G1CollectForAllocation done
Event: 48.976 Executing VM operation: G1CollectForAllocation
Event: 48.977 Executing VM operation: G1CollectForAllocation done
Event: 49.167 Executing VM operation: G1CollectForAllocation
Event: 49.169 Executing VM operation: G1CollectForAllocation done
Event: 49.348 Executing VM operation: G1CollectForAllocation
Event: 49.350 Executing VM operation: G1CollectForAllocation done
Event: 49.513 Executing VM operation: G1CollectForAllocation
Event: 49.515 Executing VM operation: G1CollectForAllocation done
Event: 49.692 Executing VM operation: G1CollectForAllocation
Event: 49.693 Executing VM operation: G1CollectForAllocation done
Event: 49.853 Executing VM operation: G1CollectForAllocation
Event: 49.855 Executing VM operation: G1CollectForAllocation done
Event: 50.073 Executing VM operation: G1CollectForAllocation
Event: 50.074 Executing VM operation: G1CollectForAllocation done
Event: 50.176 Executing VM operation: G1CollectForAllocation
Event: 50.177 Executing VM operation: G1CollectForAllocation done
Event: 50.183 Executing VM operation: Exit

Events (20 events):
Event: 0.087 Thread 0x000001ab29227e20 Thread added: 0x000001ab29227e20
Event: 0.156 Thread 0x000001ab2d61a420 Thread added: 0x000001ab2d61a420
Event: 0.156 Thread 0x000001ab2d7f24f0 Thread added: 0x000001ab2d7f24f0
Event: 0.257 Thread 0x000001ab2db3a300 Thread added: 0x000001ab2db3a300
Event: 0.394 Thread 0x000001ab2db3a300 Thread exited: 0x000001ab2db3a300
Event: 0.546 Thread 0x000001ab34cd48b0 Thread added: 0x000001ab34cd48b0
Event: 0.547 Thread 0x000001ab34cd8560 Thread added: 0x000001ab34cd8560
Event: 0.548 Thread 0x000001ab34d20af0 Thread added: 0x000001ab34d20af0
Event: 0.632 Thread 0x000001ab34d2f5c0 Thread added: 0x000001ab34d2f5c0
Event: 0.700 Thread 0x000001ab34e11a30 Thread added: 0x000001ab34e11a30
Event: 0.794 Thread 0x000001ab34e7c340 Thread added: 0x000001ab34e7c340
Event: 1.840 Thread 0x000001ab34e7c340 Thread exited: 0x000001ab34e7c340
Event: 1.840 Thread 0x000001ab34e11a30 Thread exited: 0x000001ab34e11a30
Event: 50.072 Thread 0x000001ab2db2c350 Thread added: 0x000001ab2db2c350
Event: 50.072 Thread 0x000001ab35507460 Thread added: 0x000001ab35507460
Event: 50.073 Thread 0x000001ab35505480 Thread added: 0x000001ab35505480
Event: 50.074 Thread 0x000001ab35505480 Thread exited: 0x000001ab35505480
Event: 50.081 Thread 0x000001ab34d20af0 Thread exited: 0x000001ab34d20af0
Event: 50.183 Thread 0x000001ab35507460 Thread exited: 0x000001ab35507460
Event: 50.183 Thread 0x000001ab29261970 Thread exited: 0x000001ab29261970


Dynamic libraries:
0x00007ff606a30000 - 0x00007ff606a3e000 	C:\Users\4473331\.jdks\openjdk-20.0.1\bin\java.exe
0x00007ffc98d50000 - 0x00007ffc98f48000 	C:\WINDOWS\SYSTEM32\ntdll.dll
0x00007ffc96de0000 - 0x00007ffc96ea2000 	C:\WINDOWS\System32\KERNEL32.DLL
0x00007ffc96620000 - 0x00007ffc9691e000 	C:\WINDOWS\System32\KERNELBASE.dll
0x00007ffc96060000 - 0x00007ffc96180000 	C:\Windows\system32\hmpalert.dll
0x00007ffc96a50000 - 0x00007ffc96b50000 	C:\WINDOWS\System32\ucrtbase.dll
0x00007ffc8ced0000 - 0x00007ffc8ceeb000 	C:\Users\4473331\.jdks\openjdk-20.0.1\bin\VCRUNTIME140.dll
0x00007ffc8cef0000 - 0x00007ffc8cf07000 	C:\Users\4473331\.jdks\openjdk-20.0.1\bin\jli.dll
0x00007ffc98250000 - 0x00007ffc983ed000 	C:\WINDOWS\System32\USER32.dll
0x00007ffc965f0000 - 0x00007ffc96612000 	C:\WINDOWS\System32\win32u.dll
0x00007ffc98910000 - 0x00007ffc9893b000 	C:\WINDOWS\System32\GDI32.dll
0x00007ffc96c50000 - 0x00007ffc96d67000 	C:\WINDOWS\System32\gdi32full.dll
0x00007ffc963f0000 - 0x00007ffc9648d000 	C:\WINDOWS\System32\msvcp_win.dll
0x00007ffc80a60000 - 0x00007ffc80cfa000 	C:\WINDOWS\WinSxS\amd64_microsoft.windows.common-controls_6595b64144ccf1df_6.0.19041.4355_none_60b8b9eb71f62e16\COMCTL32.dll
0x00007ffc98870000 - 0x00007ffc9890e000 	C:\WINDOWS\System32\msvcrt.dll
0x00007ffc98ce0000 - 0x00007ffc98d0f000 	C:\WINDOWS\System32\IMM32.DLL
0x00007ffc8d070000 - 0x00007ffc8d07c000 	C:\Users\4473331\.jdks\openjdk-20.0.1\bin\vcruntime140_1.dll
0x00007ffc53ab0000 - 0x00007ffc53b3e000 	C:\Users\4473331\.jdks\openjdk-20.0.1\bin\msvcp140.dll
0x00007ffba63c0000 - 0x00007ffba7057000 	C:\Users\4473331\.jdks\openjdk-20.0.1\bin\server\jvm.dll
0x00007ffc97b80000 - 0x00007ffc97c31000 	C:\WINDOWS\System32\ADVAPI32.dll
0x00007ffc979b0000 - 0x00007ffc97a4f000 	C:\WINDOWS\System32\sechost.dll
0x00007ffc97a50000 - 0x00007ffc97b73000 	C:\WINDOWS\System32\RPCRT4.dll
0x00007ffc969d0000 - 0x00007ffc969f7000 	C:\WINDOWS\System32\bcrypt.dll
0x00007ffc94f80000 - 0x00007ffc94f8a000 	C:\WINDOWS\SYSTEM32\VERSION.dll
0x00007ffc7ffd0000 - 0x00007ffc7ffd9000 	C:\WINDOWS\SYSTEM32\WSOCK32.dll
0x00007ffc98420000 - 0x00007ffc9848b000 	C:\WINDOWS\System32\WS2_32.dll
0x00007ffc7ffe0000 - 0x00007ffc80007000 	C:\WINDOWS\SYSTEM32\WINMM.dll
0x00007ffc94ee0000 - 0x00007ffc94ef2000 	C:\WINDOWS\SYSTEM32\kernel.appcore.dll
0x00007ffc8cec0000 - 0x00007ffc8ceca000 	C:\Users\4473331\.jdks\openjdk-20.0.1\bin\jimage.dll
0x00007ffc8bae0000 - 0x00007ffc8bcc4000 	C:\WINDOWS\SYSTEM32\DBGHELP.DLL
0x00007ffc8b950000 - 0x00007ffc8b984000 	C:\WINDOWS\SYSTEM32\dbgcore.DLL
0x00007ffc96bc0000 - 0x00007ffc96c42000 	C:\WINDOWS\System32\bcryptPrimitives.dll
0x00007ffc8ce70000 - 0x00007ffc8ce7e000 	C:\Users\4473331\.jdks\openjdk-20.0.1\bin\instrument.dll
0x00007ffc8ce80000 - 0x00007ffc8cea6000 	C:\Users\4473331\.jdks\openjdk-20.0.1\bin\java.dll
0x00007ffc003b0000 - 0x00007ffc00487000 	C:\Users\4473331\.jdks\openjdk-20.0.1\bin\jsvml.dll
0x00007ffc97240000 - 0x00007ffc979ad000 	C:\WINDOWS\System32\SHELL32.dll
0x00007ffc93dc0000 - 0x00007ffc94564000 	C:\WINDOWS\SYSTEM32\windows.storage.dll
0x00007ffc98490000 - 0x00007ffc987e3000 	C:\WINDOWS\System32\combase.dll
0x00007ffc95b50000 - 0x00007ffc95b7e000 	C:\WINDOWS\SYSTEM32\Wldp.dll
0x00007ffc96eb0000 - 0x00007ffc96f7d000 	C:\WINDOWS\System32\OLEAUT32.dll
0x00007ffc97130000 - 0x00007ffc971dd000 	C:\WINDOWS\System32\SHCORE.dll
0x00007ffc97c40000 - 0x00007ffc97c95000 	C:\WINDOWS\System32\shlwapi.dll
0x00007ffc96320000 - 0x00007ffc96344000 	C:\WINDOWS\SYSTEM32\profapi.dll
0x00007ffc7b140000 - 0x00007ffc7b158000 	C:\Users\4473331\.jdks\openjdk-20.0.1\bin\zip.dll
0x00007ffc820c0000 - 0x00007ffc820d3000 	C:\Users\4473331\.jdks\openjdk-20.0.1\bin\net.dll
0x00007ffc927d0000 - 0x00007ffc928dd000 	C:\WINDOWS\SYSTEM32\WINHTTP.dll
0x00007ffc95930000 - 0x00007ffc9599a000 	C:\WINDOWS\system32\mswsock.dll
0x00007ffc7eb70000 - 0x00007ffc7eb86000 	C:\Users\4473331\.jdks\openjdk-20.0.1\bin\nio.dll
0x00007ffc68ea0000 - 0x00007ffc68eba000 	C:\Program Files\JetBrains\IntelliJ IDEA Community Edition 2023.1.2\bin\breakgen64.dll
0x00007ffc8c9a0000 - 0x00007ffc8c9a7000 	C:\Users\4473331\.jdks\openjdk-20.0.1\bin\extnet.dll
0x00007ffc485d0000 - 0x00007ffc4864a000 	C:\Users\4473331\AppData\Local\Temp\1\lwjgl_4473331\3.3.2+13\x64\lwjgl.dll
0x00007ffc00320000 - 0x00007ffc003a2000 	C:\Users\4473331\AppData\Local\Temp\1\lwjgl_4473331\3.3.2+13\x64\glfw.dll
0x00007ffc49070000 - 0x00007ffc490b5000 	C:\WINDOWS\SYSTEM32\dinput8.dll
0x00007ffc68910000 - 0x00007ffc68921000 	C:\WINDOWS\SYSTEM32\xinput1_4.dll
0x00007ffc96a00000 - 0x00007ffc96a4e000 	C:\WINDOWS\System32\cfgmgr32.dll
0x00007ffc96180000 - 0x00007ffc961b3000 	C:\WINDOWS\SYSTEM32\DEVOBJ.dll
0x00007ffc938c0000 - 0x00007ffc938ef000 	C:\WINDOWS\SYSTEM32\dwmapi.dll
0x00007ffc88080000 - 0x00007ffc881d2000 	C:\WINDOWS\SYSTEM32\inputhost.dll
0x00007ffc90d40000 - 0x00007ffc90e32000 	C:\WINDOWS\SYSTEM32\CoreMessaging.dll
0x00007ffc917b0000 - 0x00007ffc91907000 	C:\WINDOWS\SYSTEM32\wintypes.dll
0x00007ffc92d40000 - 0x00007ffc92e36000 	C:\WINDOWS\SYSTEM32\PROPSYS.dll
0x00007ffc8fd80000 - 0x00007ffc900db000 	C:\WINDOWS\SYSTEM32\CoreUIComponents.dll
0x00007ffc954c0000 - 0x00007ffc954f3000 	C:\WINDOWS\SYSTEM32\ntmarta.dll
0x00007ffc936d0000 - 0x00007ffc9376e000 	C:\WINDOWS\system32\uxtheme.dll
0x00007ffc97010000 - 0x00007ffc97125000 	C:\WINDOWS\System32\MSCTF.dll
0x00007ffc574e0000 - 0x00007ffc57608000 	C:\WINDOWS\SYSTEM32\opengl32.dll
0x00007ffc57470000 - 0x00007ffc5749c000 	C:\WINDOWS\SYSTEM32\GLU32.dll
0x00007ffc98a80000 - 0x00007ffc98b29000 	C:\WINDOWS\System32\clbcatq.dll
0x00007ffb9b190000 - 0x00007ffb9c112000 	C:\WINDOWS\System32\DriverStore\FileRepository\iigd_dch.inf_amd64_47794f8eae14cddd\ig12icd64.dll
0x00007ffc97ca0000 - 0x00007ffc97dcb000 	C:\WINDOWS\System32\ole32.dll
0x00007ffc946b0000 - 0x00007ffc947a6000 	C:\WINDOWS\system32\dxgi.dll
0x00007ffc85190000 - 0x00007ffc853e7000 	C:\WINDOWS\System32\DriverStore\FileRepository\iigd_dch.inf_amd64_47794f8eae14cddd\igdgmm64.dll
0x00007ffc82550000 - 0x00007ffc85169000 	C:\WINDOWS\System32\DriverStore\FileRepository\iigd_dch.inf_amd64_47794f8eae14cddd\igc64.dll
0x00007ffc96010000 - 0x00007ffc9605b000 	C:\WINDOWS\SYSTEM32\powrprof.dll
0x00007ffc95e40000 - 0x00007ffc95e52000 	C:\WINDOWS\SYSTEM32\UMPDC.dll
0x00007ffba3d40000 - 0x00007ffba414b000 	C:\WINDOWS\System32\DriverStore\FileRepository\iigd_dch.inf_amd64_47794f8eae14cddd\igdml64.dll
0x00007ffc881e0000 - 0x00007ffc882d9000 	C:\WINDOWS\SYSTEM32\textinputframework.dll
0x00007ffc48cc0000 - 0x00007ffc48d1e000 	C:\Users\4473331\AppData\Local\Temp\1\lwjgl_4473331\3.3.2+13\x64\lwjgl_opengl.dll
0x00007ffbd4950000 - 0x00007ffbd4ae0000 	C:\Users\4473331\.jdks\openjdk-20.0.1\bin\awt.dll
0x00007ffc90e40000 - 0x00007ffc90ed4000 	C:\WINDOWS\SYSTEM32\apphelp.dll
0x00007ffbef680000 - 0x00007ffbef706000 	C:\Users\4473331\.jdks\openjdk-20.0.1\bin\freetype.dll
0x00007ffbcc9f0000 - 0x00007ffbccab6000 	C:\Users\4473331\.jdks\openjdk-20.0.1\bin\fontmanager.dll

dbghelp: loaded successfully - version: 4.0.5 - missing functions: none
symbol engine: initialized successfully - sym options: 0x614 - pdb path: .;C:\Users\4473331\.jdks\openjdk-20.0.1\bin;C:\WINDOWS\SYSTEM32;C:\WINDOWS\WinSxS\amd64_microsoft.windows.common-controls_6595b64144ccf1df_6.0.19041.4355_none_60b8b9eb71f62e16;C:\Users\4473331\.jdks\openjdk-20.0.1\bin\server;C:\Program Files\JetBrains\IntelliJ IDEA Community Edition 2023.1.2\bin;C:\Users\4473331\AppData\Local\Temp\1\lwjgl_4473331\3.3.2+13\x64;C:\WINDOWS\System32\DriverStore\FileRepository\iigd_dch.inf_amd64_47794f8eae14cddd

VM Arguments:
jvm_args: -javaagent:C:\Program Files\JetBrains\IntelliJ IDEA Community Edition 2023.1.2\lib\idea_rt.jar=60322:C:\Program Files\JetBrains\IntelliJ IDEA Community Edition 2023.1.2\bin -Dfile.encoding=UTF-8 -Dsun.stdout.encoding=UTF-8 -Dsun.stderr.encoding=UTF-8 
java_command: metastasis.metastasis
java_class_path (initial): C:\Users\4473331\Documents\projects\000_grants\wgd_abm\out\production\wgd_abm;C:\Users\4473331\Documents\projects\000_grants\wgd_abm\HAL\lib\lwjgl-assimp-natives-macos-arm64.jar;C:\Users\4473331\Documents\projects\000_grants\wgd_abm\HAL\lib\lwjgl-opengl-natives-linux-arm32.jar;C:\Users\4473331\Documents\projects\000_grants\wgd_abm\HAL\lib\lwjgl-openal-natives-linux-arm64.jar;C:\Users\4473331\Documents\projects\000_grants\wgd_abm\HAL\lib\lwjgl-natives-linux.jar;C:\Users\4473331\Documents\projects\000_grants\wgd_abm\HAL\lib\lwjgl-opengl-natives-macos.jar;C:\Users\4473331\Documents\projects\000_grants\wgd_abm\HAL\lib\lwjgl-natives-windows.jar;C:\Users\4473331\Documents\projects\000_grants\wgd_abm\HAL\lib\lwjgl-assimp-javadoc.jar;C:\Users\4473331\Documents\projects\000_grants\wgd_abm\HAL\lib\lwjgl-opengl-natives-windows-arm64.jar;C:\Users\4473331\Documents\projects\000_grants\wgd_abm\HAL\lib\lwjgl-glfw-natives-windows-arm64.jar;C:\Users\4473331\Documents\projects\000_grants\wgd_abm\HAL\lib\lwjgl-opengl-javadoc.jar;C:\Users\4473331\Documents\projects\000_grants\wgd_abm\HAL\lib\lwjgl-stb-natives-macos.jar;C:\Users\4473331\Documents\projects\000_grants\wgd_abm\HAL\lib\lwjgl-stb-natives-windows-arm64.jar;C:\Users\4473331\Documents\projects\000_grants\wgd_abm\HAL\lib\lwjgl-natives-linux-arm32.jar;C:\Users\4473331\Documents\projects\000_grants\wgd_abm\HAL\lib\lwjgl-opengl-natives-windows-x86.jar;C:\Users\4473331\Documents\projects\000_grants\wgd_abm\HAL\lib\lwjgl-glfw-natives-macos.jar;C:\Users\4473331\Documents\projects\000_grants\wgd_abm\HAL\lib\lwjgl-openal-javadoc.jar;C:\Users\4473331\Documents\projects\000_grants\wgd_abm\HAL\lib\lwjgl-stb-sources.jar;C:\Users\4473331\Documents\projects\000_grants\wgd_abm\HAL\lib\lwjgl-glfw-natives-windows-x86.jar;C:\Users\4473331\Documents\projects\000_grants\wgd_abm\HAL\lib\lwjgl-glfw-javadoc.jar;C:\Users\4473331\Documents\projects\000_grants\wgd_abm\HAL\lib\lwjgl-javadoc.jar;C:\Users\4473331\Documents\projects\000_grants\wgd_abm\HAL\lib\lwjgl-sources.jar;C:\Users\4473331\Documents\projects\000_grants\wgd_abm\HAL\lib\lwjgl-openal-natives-linux-arm32.jar;C:\Users\4473331\Documents\projects\000_grants\wgd_abm\HAL\lib\lwjgl-openal-natives-macos-arm64.jar;C:\Users\4473331\Documents\projects\000_grants\wgd_abm\HAL\lib\lwjgl-assimp-natives-windows.jar;C:\Users\4473331\Documents\projects\000_grants\wgd_abm\HAL\lib\lwjgl-openal-natives-windows-x86.jar;C:\Users\4473331\Documents\projects\000_grants\wgd_abm\HAL\lib\lwjgl-stb-natives-linux.jar;C:\Users\4473331\Documents\projects\000_grants\wgd_abm\HAL\lib\lwjgl-natives-macos.jar;C:\Users\4473331\Documents\projects\000_grants\wgd_abm\HAL\lib\lwjgl-glfw-natives-linux.jar;C:\Users\4473331\Documents\projects\000_grants\wgd_abm\HAL\lib\lwjgl-stb-natives-macos-arm64.jar;C:\Users\4473331\Documents\projects\000_grants\wgd_abm\HAL\lib\lwjgl-openal-natives-windows-arm64.jar;C:\Users\4473331\Documents\projects\000_grants\wgd_abm\HAL\lib\lwjgl-opengl-natives-linux.jar;C:\Users\4473331\Documents\projects\000_grants\wgd_abm\HAL\lib\lwjgl-openal-natives-linux.jar;C:\Users\4473331\Documents\projects\000_grants\wgd_abm\HAL\lib\lwjgl-assimp-natives-linux-arm64.jar;C:\Users\4473331\Documents\projects\000_grants\wgd_abm\HAL\lib\lwjgl-stb-natives-linux-arm32.jar;C:\Users\4473331\Documents\projects\000_grants\wgd_abm\HAL\lib\lwjgl-glfw-natives-macos-arm64.jar;C:\Users\4473331\Documents\projects\000_grants\wgd_abm\HAL\lib\lwjgl-assimp-natives-windows-x86.jar;C:\Users\4473331\Documents\projects\000_grants\wgd_abm\HAL\lib\lwjgl-opengl-natives-windows.jar;C:\Users\4473331\Documents\projects\000_grants\wgd_abm\HAL\lib\lwjgl-glfw.jar;C:\Users\4473331\Documents\projects\000_grants\wgd_abm\HAL\lib\lwjgl-opengl-sources.jar;C:\Users\4473331\Documents\projects\000_grants\wgd_abm\HAL\lib\lwjgl-natives-windows-arm64.jar;C:\Users\4473331\Documents\projects\000_grants\wgd_abm\HAL\lib\lwjgl-openal-sources.jar;C:\Users\4473331\Documents\projects\000_grants\wgd_abm\HAL\lib\lwjgl-stb-natives-linux-arm64.jar;C:\Users\4473331\Documents\projects\000_grants\wgd_abm\HAL\lib\lwjgl-assimp-natives-linux-arm32.jar;C:\Users\4473331\Documents\projects\000_grants\wgd_abm\HAL\lib\lwjgl-glfw-sources.jar;C:\Users\4473331\Documents\projects\000_grants\wgd_abm\HAL\lib\lwjgl-openal-natives-windows.jar;C:\Users\4473331\Documents\projects\000_grants\wgd_abm\HAL\lib\lwjgl-natives-macos-arm64.jar;C:\Users\4473331\Documents\projects\000_grants\wgd_abm\HAL\lib\lwjgl-glfw-natives-windows.jar;C:\Users\4473331\Documents\projects\000_grants\wgd_abm\HAL\lib\lwjgl-stb-javadoc.jar;C:\Users\4473331\Documents\projects\000_grants\wgd_abm\HAL\lib\lwjgl-glfw-natives-linux-arm64.jar;C:\Users\4473331\Documents\projects\000_grants\wgd_abm\HAL\lib\lwjgl-assimp-natives-macos.jar;C:\Users\4473331\Documents\projects\000_grants\wgd_abm\HAL\lib\lwjgl.jar;C:\Users\4473331\Documents\projects\000_grants\wgd_abm\HAL\lib\lwjgl-opengl-natives-linux-arm64.jar;C:\Users\4473331\Documents\projects\000_grants\wgd_abm\HAL\lib\lwjgl-assimp.jar;C:\Users\4473331\Documents\projects\000_grants\wgd_abm\HAL\lib\lwjgl-stb-natives-windows-x86.jar;C:\Users\4473331\Documents\projects\000_grants\wgd_abm\HAL\lib\lwjgl-natives-windows-x86.jar;C:\Users\4473331\Documents\projects\000_grants\wgd_abm\HAL\lib\lwjgl-stb-natives-windows.jar;C:\Users\4473331\Documents\projects\000_grants\wgd_abm\HAL\lib\lwjgl-natives-linux-arm64.jar;C:\Users\4473331\Documents\projects\000_grants\wgd_abm\HAL\lib\lwjgl-openal-natives-macos.jar;C:\Users\4473331\Documents\projects\000_grants\wgd_abm\HAL\lib\lwjgl-openal.jar;C:\Users\4473331\Documents\projects\000_grants\wgd_abm\HAL\lib\lwjgl-assimp-natives-linux.jar;C:\Users\4473331\Documents\projects\000_grants\wgd_abm\HAL\lib\lwjgl-assimp-natives-windows-arm64.jar;C:\Users\4473331\Documents\projects\000_grants\wgd_abm\HAL\lib\lwjgl-assimp-sources.jar;C:\Users\4473331\Documents\projects\000_grants\wgd_abm\HAL\lib\lwjgl-glfw-natives-linux-arm32.jar;C:\Users\4473331\Documents\projects\000_grants\wgd_abm\HAL\lib\lwjgl-opengl-natives-macos-arm64.jar;C:\Users\4473331\Documents\projects\000_grants\wgd_abm\HAL\lib\lwjgl-opengl.jar;C:\Users\4473331\Documents\projects\000_grants\wgd_abm\HAL\lib\lwjgl-stb.jar
Launcher Type: SUN_STANDARD

[Global flags]
     intx CICompilerCount                          = 4                                         {product} {ergonomic}
     uint ConcGCThreads                            = 2                                         {product} {ergonomic}
     uint G1ConcRefinementThreads                  = 8                                         {product} {ergonomic}
   size_t G1HeapRegionSize                         = 2097152                                   {product} {ergonomic}
    uintx GCDrainStackTargetSize                   = 64                                        {product} {ergonomic}
   size_t InitialHeapSize                          = 266338304                                 {product} {ergonomic}
   size_t MarkStackSize                            = 4194304                                   {product} {ergonomic}
   size_t MaxHeapSize                              = 4229955584                                {product} {ergonomic}
   size_t MaxNewSize                               = 2537553920                                {product} {ergonomic}
   size_t MinHeapDeltaBytes                        = 2097152                                   {product} {ergonomic}
   size_t MinHeapSize                              = 8388608                                   {product} {ergonomic}
    uintx NonNMethodCodeHeapSize                   = 5839372                                {pd product} {ergonomic}
    uintx NonProfiledCodeHeapSize                  = 122909434                              {pd product} {ergonomic}
    uintx ProfiledCodeHeapSize                     = 122909434                              {pd product} {ergonomic}
    uintx ReservedCodeCacheSize                    = 251658240                              {pd product} {ergonomic}
     bool SegmentedCodeCache                       = true                                      {product} {ergonomic}
   size_t SoftMaxHeapSize                          = 4229955584                             {manageable} {ergonomic}
     bool UseCompressedClassPointers               = true                           {product lp64_product} {ergonomic}
     bool UseCompressedOops                        = true                           {product lp64_product} {ergonomic}
     bool UseG1GC                                  = true                                      {product} {ergonomic}
     bool UseLargePagesIndividualAllocation        = false                                  {pd product} {ergonomic}

Logging:
Log output configuration:
 #0: stdout all=off uptime,level,tags foldmultilines=false
 #1: stderr all=off uptime,level,tags foldmultilines=false

Environment Variables:
PATH=C:\Program Files (x86)\Common Files\Oracle\Java\java8path;C:\Program Files (x86)\Common Files\Oracle\Java\javapath;C:\WINDOWS\system32;C:\WINDOWS;C:\WINDOWS\System32\Wbem;C:\WINDOWS\System32\WindowsPowerShell\v1.0\;C:\WINDOWS\System32\OpenSSH\;C:\Program Files\Moffitt\Bgupdate;C:\Windows\CCM;C:\Program Files\MATLAB\R2022a\bin;;C:\Program Files\dotnet\;C:\Program Files\Amazon\AWSCLIV2\;C:\Program Files\Scripts;C:\Program Files;C:\Users\4473331\AppData\Local\Microsoft\WindowsApps;C:\Users\4473331\AppData\Local\Programs\Julia-1.6.2\bin;C:\Users\4473331\AppData\Local\Programs\Microsoft VS Code\bin;C:\Users\4473331\AppData\Local\Programs\Git\cmd;C:\Program Files\R\R-4.4.1\bin;C:\rtools40\mingw64\bin;C:\Users\4473331\AppData\Roaming\TinyTeX\bin\win32;C:\Gradle\gradle-4.2.1\bin;C:\Users\4473331\AppData\Roaming\Python\Python311\Scripts;C:\Program Files\JetBrains\PyCharm Community Edition 2023.1.2\bin;;C:\Users\4473331\AppData\Roaming\TinyTeX\bin\windows;C:\Program Files\OpenSSL-Win64\bin;
USERNAME=4473331
OS=Windows_NT
PROCESSOR_IDENTIFIER=Intel64 Family 6 Model 140 Stepping 1, GenuineIntel
TMP=C:\Users\4473331\AppData\Local\Temp\1
TEMP=C:\Users\4473331\AppData\Local\Temp\1




---------------  S Y S T E M  ---------------

OS:
 Windows 10 , 64 bit Build 19041 (10.0.19041.5072)
OS uptime: 1 days 3:51 hours
Hyper-V role detected

CPU: total 8 (initial active 8) (4 cores per cpu, 2 threads per core) family 6 model 140 stepping 1 microcode 0x6e, cx8, cmov, fxsr, ht, mmx, 3dnowpref, sse, sse2, sse3, ssse3, sse4.1, sse4.2, popcnt, lzcnt, tsc, tscinvbit, avx, avx2, aes, erms, clmul, bmi1, bmi2, adx, avx512f, avx512dq, avx512cd, avx512bw, avx512vl, sha, fma, vzeroupper, avx512_vpopcntdq, avx512_vpclmulqdq, avx512_vaes, avx512_vnni, clflush, clflushopt, clwb, avx512_vbmi2, avx512_vbmi, hv, rdtscp, rdpid, fsrm, gfni, avx512_bitalg, f16c, cet_ibt, cet_ss, avx512_ifma

Memory: 4k page, system-wide physical 16129M (2638M free)
TotalPageFile size 25345M (AvailPageFile size 5334M)
current process WorkingSet (physical memory assigned to process): 445M, peak: 486M
current process commit charge ("private bytes"): 505M, peak: 551M

vm_info: OpenJDK 64-Bit Server VM (20.0.1+9-29) for windows-amd64 JRE (20.0.1+9-29), built on 2023-03-07T13:56:11Z by "mach5one" with MS VC++ 17.1 (VS2022)

END.
