#
# A fatal error has been detected by the Java Runtime Environment:
#
#  EXCEPTION_ACCESS_VIOLATION (0xc0000005) at pc=0x00007ffb9376fdb5, pid=23108, tid=14296
#
# JRE version: OpenJDK Runtime Environment (20.0.1+9) (build 20.0.1+9-29)
# Java VM: OpenJDK 64-Bit Server VM (20.0.1+9-29, mixed mode, sharing, tiered, compressed oops, compressed class ptrs, g1 gc, windows-amd64)
# Problematic frame:
# C  [ig12icd64.dll+0x2afdb5]
#
# No core dump will be written. Minidumps are not enabled by default on client versions of Windows
#
# If you would like to submit a bug report, please visit:
#   https://bugreport.java.com/bugreport/crash.jsp
#

---------------  S U M M A R Y ------------

Command Line: -javaagent:C:\Program Files\JetBrains\IntelliJ IDEA Community Edition 2023.1.2\lib\idea_rt.jar=57467:C:\Program Files\JetBrains\IntelliJ IDEA Community Edition 2023.1.2\bin -Dfile.encoding=UTF-8 -Dsun.stdout.encoding=UTF-8 -Dsun.stderr.encoding=UTF-8 metastasis.metastasis

Host: 11th Gen Intel(R) Core(TM) i7-1165G7 @ 2.80GHz, 8 cores, 15G,  Windows 10 , 64 bit Build 19041 (10.0.19041.5072)
Time: Tue Dec 10 12:35:55 2024 Eastern Standard Time elapsed time: 7.476887 seconds (0d 0h 0m 7s)

---------------  T H R E A D  ---------------

Current thread (0x000001d758c59380):  VMThread "VM Thread" [stack: 0x0000000797200000,0x0000000797300000] [id=14296]

Stack: [0x0000000797200000,0x0000000797300000],  sp=0x00000007972fe1c0,  free space=1016k
Native frames: (J=compiled Java code, j=interpreted, Vv=VM code, C=native code)
C  [ig12icd64.dll+0x2afdb5]


siginfo: EXCEPTION_ACCESS_VIOLATION (0xc0000005), reading address 0x00000000000353a8


Registers:
RAX=0x000001d7646e0ac0, RBX=0x000001d7646e09b0, RCX=0x0000000000000001, RDX=0x000001d7646e0a80
RSP=0x00000007972fe1c0, RBP=0x00000007972fe2c0, RSI=0x0000000000000000, RDI=0x000001d75d12a320
R8 =0x0000000000000000, R9 =0x0000000000000000, R10=0x0000000000000000, R11=0x0000000000000246
R12=0x0000000000000000, R13=0x000001d7646e09b0, R14=0x000001d7646e0ec8, R15=0x000001d75db54950
RIP=0x00007ffb9376fdb5, EFLAGS=0x0000000000010206


Register to memory mapping:

RIP=0x00007ffb9376fdb5 ig12icd64.dll
RAX=0x000001d7646e0ac0 points into unknown readable memory: 0x0000000000d1a42e | 2e a4 d1 00 00 00 00 00
RBX=0x000001d7646e09b0 points into unknown readable memory: 0x000001d75d6eede0 | e0 ed 6e 5d d7 01 00 00
RCX=0x0000000000000001 is an unknown value
RDX=0x000001d7646e0a80 points into unknown readable memory: 0x0000000000000000 | 00 00 00 00 00 00 00 00
RSP=0x00000007972fe1c0 points into unknown readable memory: 0x000001d75d701ea0 | a0 1e 70 5d d7 01 00 00
RBP=0x00000007972fe2c0 points into unknown readable memory: 0x9ae8023f80e800d9 | d9 00 e8 80 3f 02 e8 9a
RSI=0x0 is NULL
RDI=0x000001d75d12a320 points into unknown readable memory: 0x0000000000000000 | 00 00 00 00 00 00 00 00
R8 =0x0 is NULL
R9 =0x0 is NULL
R10=0x0 is NULL
R11=0x0000000000000246 is an unknown value
R12=0x0 is NULL
R13=0x000001d7646e09b0 points into unknown readable memory: 0x000001d75d6eede0 | e0 ed 6e 5d d7 01 00 00
R14=0x000001d7646e0ec8 points into unknown readable memory: 0x000001d75db54950 | 50 49 b5 5d d7 01 00 00
R15=0x000001d75db54950 points into unknown readable memory: 0x000001d75d6eede0 | e0 ed 6e 5d d7 01 00 00


Top of Stack: (sp=0x00000007972fe1c0)
0x00000007972fe1c0:   000001d75d701ea0 0000000000000000
0x00000007972fe1d0:   0000000000000000 0000000000000000
0x00000007972fe1e0:   0000001638000000 0000000000000000
0x00000007972fe1f0:   74cb02aa27cb00ce efcc005649cc00da
0x00000007972fe200:   000001d75d701ea0 17d0022bf4cf0169
0x00000007972fe210:   39d100f48dd00056 d2d1007b9ad10148
0x00000007972fe220:   3dd5006182d300a7 ecd6010fd6d6032a
0x00000007972fe230:   3dd700def6d602c6 07d9011fd1d802eb
0x00000007972fe240:   38da032073d90124 19db000effda01c8
0x00000007972fe250:   b2db01d826db02ec 0bdc0139fbdb02cc
0x00000007972fe260:   1bdd027edcdc019a 3ee001801fdf0119
0x00000007972fe270:   61e002e442e001e7 65e10316fde002c3
0x00000007972fe280:   83e1008c7ee102de 1be202f5d9e102ac
0x00000007972fe290:   2fe202dd2be20056 69e4005e2ae40114
0x00000007972fe2a0:   cee501274ce500c9 62e60d2b3ee6029a
0x00000007972fe2b0:   fbe600816ce602ff a4e7011d68e70339
0x00000007972fe2c0:   9ae8023f80e800d9 b4e800fa9ee800fd
0x00000007972fe2d0:   8ce90195e0e80294 5fec02cc94ea010a
0x00000007972fe2e0:   b9ec03138aec00ce 35ef02f771ee0122
0x00000007972fe2f0:   e0f0008b79ef032a 7df102d45cf100b6
0x00000007972fe300:   0000c1291e227ed1 28f300db08f300fa
0x00000007972fe310:   0000000000000000 0000000000000000
0x00000007972fe320:   0000000000000000 0000000000000000
0x00000007972fe330:   0000000000000000 0000000000000000
0x00000007972fe340:   0000000000000000 0000000000000000
0x00000007972fe350:   0000000000000000 0000000000000000
0x00000007972fe360:   0000000000000000 0000000000000000
0x00000007972fe370:   0000000000000000 0000000000000000
0x00000007972fe380:   0000000000000000 0000000000000000
0x00000007972fe390:   404e000000000000 0000000000000000
0x00000007972fe3a0:   0000000000000000 0000000000000000
0x00000007972fe3b0:   000001d7642d1998 0000000000d1aa7e 

Instructions: (pc=0x00007ffb9376fdb5)
0x00007ffb9376fcb5:   48 8b cb ff 15 42 74 7f 00 90 4c 8b bf 80 02 00
0x00007ffb9376fcc5:   00 48 8b 05 73 d3 b1 00 8b 80 1c 0a 00 00 89 44
0x00007ffb9376fcd5:   24 24 c6 44 24 20 00 48 c7 87 80 02 00 00 00 00
0x00007ffb9376fce5:   00 00 c7 87 88 02 00 00 00 00 00 00 48 c7 87 a0
0x00007ffb9376fcf5:   02 00 00 00 00 00 00 48 c7 87 90 02 00 00 00 00
0x00007ffb9376fd05:   00 00 48 85 f6 75 3d 8b 35 3e 67 c1 00 65 48 8b
0x00007ffb9376fd15:   04 25 58 00 00 00 b9 30 00 00 00 48 8b 04 f0 80
0x00007ffb9376fd25:   3c 01 00 0f 84 7e 29 6c 00 65 48 8b 04 25 58 00
0x00007ffb9376fd35:   00 00 b9 08 00 00 00 48 8b 04 f0 48 8b 34 01 48
0x00007ffb9376fd45:   89 74 24 28 48 3b 35 10 8b c1 00 0f 84 37 11 00
0x00007ffb9376fd55:   00 4d 85 ff 0f 84 37 01 00 00 90 49 8b df 4d 8b
0x00007ffb9376fd65:   ef 4d 8d b7 18 05 00 00 4d 8b 3e 45 84 e4 0f 85
0x00007ffb9376fd75:   b4 0f 00 00 8b 8f d0 01 00 00 48 8b 05 ba d2 b1
0x00007ffb9376fd85:   00 83 b8 54 03 00 00 02 75 33 48 8d 93 d0 00 00
0x00007ffb9376fd95:   00 83 f9 10 0f 83 73 01 00 00 8b c1 48 c1 e0 06
0x00007ffb9376fda5:   48 03 c2 48 85 c0 0f 84 d5 01 00 00 4c 8b 40 08
0x00007ffb9376fdb5:   4c 3b 86 a8 53 03 00 0f 87 8e 0f 00 00 48 83 bb
0x00007ffb9376fdc5:   70 05 00 00 00 0f 85 0f 29 6c 00 44 8b 87 d0 01
0x00007ffb9376fdd5:   00 00 48 8b 87 e8 01 00 00 48 8b 10 8b 8f d0 01
0x00007ffb9376fde5:   00 00 48 8d b3 d0 00 00 00 83 f9 10 0f 83 54 01
0x00007ffb9376fdf5:   00 00 8b c1 48 c1 e0 06 48 03 c6 48 85 c0 0f 84
0x00007ffb9376fe05:   85 01 00 00 48 39 50 08 0f 86 7b 01 00 00 48 8b
0x00007ffb9376fe15:   87 80 02 00 00 49 89 06 48 89 9f 80 02 00 00 ff
0x00007ffb9376fe25:   87 88 02 00 00 48 8b 4b 08 48 8b 01 ba 01 00 00
0x00007ffb9376fe35:   00 48 8b 80 e0 02 00 00 ff 15 9d 77 7f 00 0f b7
0x00007ffb9376fe45:   c8 48 2b c1 48 05 00 00 01 00 48 01 87 90 02 00
0x00007ffb9376fe55:   00 48 8b 4b 08 48 8b 01 ba 01 00 00 00 48 8b 80
0x00007ffb9376fe65:   e0 02 00 00 ff 15 71 77 7f 00 48 01 87 a0 02 00
0x00007ffb9376fe75:   00 48 8b 74 24 28 0f b6 54 24 20 4d 85 ff 0f 85
0x00007ffb9376fe85:   d7 fe ff ff 84 d2 0f 85 5c 10 00 00 48 8b 5c 24
0x00007ffb9376fe95:   40 48 8b cf 80 7c 24 22 00 0f 85 36 10 00 00 e8
0x00007ffb9376fea5:   a7 f0 ff ff 90 48 8b cb ff 15 7d 73 7f 00 48 8b 


Stack slot to memory mapping:
stack at sp + 0 slots: 0x000001d75d701ea0 points into unknown readable memory: 0xffffffffffffffff | ff ff ff ff ff ff ff ff
stack at sp + 1 slots: 0x0 is NULL
stack at sp + 2 slots: 0x0 is NULL
stack at sp + 3 slots: 0x0 is NULL
stack at sp + 4 slots: 0x0000001638000000 is an unknown value
stack at sp + 5 slots: 0x0 is NULL
stack at sp + 6 slots: 0x74cb02aa27cb00ce is an unknown value
stack at sp + 7 slots: 0xefcc005649cc00da is an unknown value

VM_Operation (0x00000007984ff3e0): Exit, mode: safepoint, requested by thread 0x000001d764847b90


---------------  P R O C E S S  ---------------

Threads class SMR info:
_java_thread_list=0x000001d764848280, length=13, elements={
0x000001d739774740, 0x000001d758c77110, 0x000001d758c77f10, 0x000001d758c7afd0,
0x000001d758c7ca10, 0x000001d758c7fc30, 0x000001d758c86e30, 0x000001d758c87aa0,
0x000001d758c8a430, 0x000001d758c42b20, 0x000001d75d41a2a0, 0x000001d75d41a7f0,
0x000001d764847b90
}

Java Threads: ( => current thread )
  0x000001d739774740 JavaThread "main" [_thread_blocked, id=25904, stack(0x0000000796c00000,0x0000000796d00000)]
  0x000001d758c77110 JavaThread "Reference Handler" daemon [_thread_blocked, id=24956, stack(0x0000000797300000,0x0000000797400000)]
  0x000001d758c77f10 JavaThread "Finalizer" daemon [_thread_blocked, id=29384, stack(0x0000000797400000,0x0000000797500000)]
  0x000001d758c7afd0 JavaThread "Signal Dispatcher" daemon [_thread_blocked, id=5044, stack(0x0000000797500000,0x0000000797600000)]
  0x000001d758c7ca10 JavaThread "Attach Listener" daemon [_thread_blocked, id=14200, stack(0x0000000797600000,0x0000000797700000)]
  0x000001d758c7fc30 JavaThread "Service Thread" daemon [_thread_blocked, id=24596, stack(0x0000000797700000,0x0000000797800000)]
  0x000001d758c86e30 JavaThread "Monitor Deflation Thread" daemon [_thread_blocked, id=28972, stack(0x0000000797800000,0x0000000797900000)]
  0x000001d758c87aa0 JavaThread "C2 CompilerThread0" daemon [_thread_blocked, id=29664, stack(0x0000000797900000,0x0000000797a00000)]
  0x000001d758c8a430 JavaThread "C1 CompilerThread0" daemon [_thread_blocked, id=10996, stack(0x0000000797a00000,0x0000000797b00000)]
  0x000001d758c42b20 JavaThread "Common-Cleaner" daemon [_thread_blocked, id=10700, stack(0x0000000797b00000,0x0000000797c00000)]
  0x000001d75d41a2a0 JavaThread "Monitor Ctrl-Break" daemon [_thread_in_native, id=14032, stack(0x0000000797c00000,0x0000000797d00000)]
  0x000001d75d41a7f0 JavaThread "Notification Thread" daemon [_thread_blocked, id=25820, stack(0x0000000797d00000,0x0000000797e00000)]
  0x000001d764847b90 JavaThread "SIGINT handler" daemon [_thread_blocked, id=14092, stack(0x0000000798400000,0x0000000798500000)]

Other Threads:
=>0x000001d758c59380 VMThread "VM Thread" [stack: 0x0000000797200000,0x0000000797300000] [id=14296]
  0x000001d7397e3320 WorkerThread "GC Thread#0" [stack: 0x0000000796d00000,0x0000000796e00000] [id=13416]
  0x000001d7646a4a70 WorkerThread "GC Thread#1" [stack: 0x0000000798500000,0x0000000798600000] [id=29508]
  0x000001d7646a4d40 WorkerThread "GC Thread#2" [stack: 0x0000000798600000,0x0000000798700000] [id=7928]
  0x000001d764671ab0 WorkerThread "GC Thread#3" [stack: 0x0000000798700000,0x0000000798800000] [id=27944]
  0x000001d764672e60 WorkerThread "GC Thread#4" [stack: 0x0000000798800000,0x0000000798900000] [id=11848]
  0x000001d764673130 WorkerThread "GC Thread#5" [stack: 0x0000000798900000,0x0000000798a00000] [id=2888]
  0x000001d764673400 WorkerThread "GC Thread#6" [stack: 0x0000000798a00000,0x0000000798b00000] [id=24700]
  0x000001d764671d80 WorkerThread "GC Thread#7" [stack: 0x0000000798b00000,0x0000000798c00000] [id=21672]
  0x000001d7397f3ff0 ConcurrentGCThread "G1 Main Marker" terminated
  0x000001d7397f51c0 WorkerThread "G1 Conc#0" [stack: 0x0000000796f00000,0x0000000797000000] [id=28044]
  0x000001d758b19160 ConcurrentGCThread "G1 Refine#0" terminated
  0x000001d758b19a10 ConcurrentGCThread "G1 Service" terminated

Threads with active compile tasks:

VM state: at safepoint (shutting down)

VM Mutex/Monitor currently owned by a thread:  ([mutex/lock_event])
[0x000001d739772700] Threads_lock - owner thread: 0x000001d758c59380
[0x000001d739771350] Heap_lock - owner thread: 0x000001d764847b90

Heap address: 0x00000004d7e00000, size: 4034 MB, Compressed Oops mode: Zero based, Oop shift amount: 3

CDS archive(s) mapped at: [0x0000000800000000-0x0000000800c60000-0x0000000800c60000), size 12976128, SharedBaseAddress: 0x0000000800000000, ArchiveRelocationMode: 0.
Compressed class space mapped at: 0x0000000801000000-0x0000000841000000, reserved size: 1073741824
Narrow klass base: 0x0000000800000000, Narrow klass shift: 0, Narrow klass range: 0x100000000

GC Precious Log:
 CardTable entry size: 512
 Card Set container configuration: InlinePtr #cards 4 size 8 Array Of Cards #cards 16 size 48 Howl #buckets 8 coarsen threshold 3686 Howl Bitmap #cards 512 size 80 coarsen threshold 460 Card regions per heap region 1 cards per card region 4096
 CPUs: 8 total, 8 available
 Memory: 16129M
 Large Page Support: Disabled
 NUMA Support: Disabled
 Compressed Oops: Enabled (Zero based)
 Heap Region Size: 2M
 Heap Min Capacity: 8M
 Heap Initial Capacity: 254M
 Heap Max Capacity: 4034M
 Pre-touch: Disabled
 Parallel Workers: 8
 Concurrent Workers: 2
 Concurrent Refinement Workers: 8
 Periodic GC: Disabled

Heap:
 garbage-first heap   total 260096K, used 90974K [0x00000004d7e00000, 0x00000005d4000000)
  region size 2048K, 43 young (88064K), 1 survivors (2048K)
 Metaspace       used 4184K, committed 4352K, reserved 1114112K
  class space    used 263K, committed 384K, reserved 1048576K

Heap Regions: E=young(eden), S=young(survivor), O=old, HS=humongous(starts), HC=humongous(continues), CS=collection set, F=free, OA=open archive, CA=closed archive, TAMS=top-at-mark-start, PB=parsable bottom
|   0|0x00000004d7e00000, 0x00000004d8000000, 0x00000004d8000000|100%| O|  |TAMS 0x00000004d7e00000| PB 0x00000004d7e00000| Untracked 
|   1|0x00000004d8000000, 0x00000004d8200000, 0x00000004d8200000|100%| O|  |TAMS 0x00000004d8000000| PB 0x00000004d8000000| Untracked 
|   2|0x00000004d8200000, 0x00000004d8400000, 0x00000004d8400000|100%| O|  |TAMS 0x00000004d8200000| PB 0x00000004d8200000| Untracked 
|   3|0x00000004d8400000, 0x00000004d846f200, 0x00000004d8600000| 21%| O|  |TAMS 0x00000004d8400000| PB 0x00000004d8400000| Untracked 
|   4|0x00000004d8600000, 0x00000004d8600000, 0x00000004d8800000|  0%| F|  |TAMS 0x00000004d8600000| PB 0x00000004d8600000| Untracked 
|   5|0x00000004d8800000, 0x00000004d8800000, 0x00000004d8a00000|  0%| F|  |TAMS 0x00000004d8800000| PB 0x00000004d8800000| Untracked 
|   6|0x00000004d8a00000, 0x00000004d8a00000, 0x00000004d8c00000|  0%| F|  |TAMS 0x00000004d8a00000| PB 0x00000004d8a00000| Untracked 
|   7|0x00000004d8c00000, 0x00000004d8c00000, 0x00000004d8e00000|  0%| F|  |TAMS 0x00000004d8c00000| PB 0x00000004d8c00000| Untracked 
|   8|0x00000004d8e00000, 0x00000004d8e00000, 0x00000004d9000000|  0%| F|  |TAMS 0x00000004d8e00000| PB 0x00000004d8e00000| Untracked 
|   9|0x00000004d9000000, 0x00000004d9000000, 0x00000004d9200000|  0%| F|  |TAMS 0x00000004d9000000| PB 0x00000004d9000000| Untracked 
|  10|0x00000004d9200000, 0x00000004d9200000, 0x00000004d9400000|  0%| F|  |TAMS 0x00000004d9200000| PB 0x00000004d9200000| Untracked 
|  11|0x00000004d9400000, 0x00000004d9400000, 0x00000004d9600000|  0%| F|  |TAMS 0x00000004d9400000| PB 0x00000004d9400000| Untracked 
|  12|0x00000004d9600000, 0x00000004d9600000, 0x00000004d9800000|  0%| F|  |TAMS 0x00000004d9600000| PB 0x00000004d9600000| Untracked 
|  13|0x00000004d9800000, 0x00000004d9800000, 0x00000004d9a00000|  0%| F|  |TAMS 0x00000004d9800000| PB 0x00000004d9800000| Untracked 
|  14|0x00000004d9a00000, 0x00000004d9a00000, 0x00000004d9c00000|  0%| F|  |TAMS 0x00000004d9a00000| PB 0x00000004d9a00000| Untracked 
|  15|0x00000004d9c00000, 0x00000004d9c00000, 0x00000004d9e00000|  0%| F|  |TAMS 0x00000004d9c00000| PB 0x00000004d9c00000| Untracked 
|  16|0x00000004d9e00000, 0x00000004d9e00000, 0x00000004da000000|  0%| F|  |TAMS 0x00000004d9e00000| PB 0x00000004d9e00000| Untracked 
|  17|0x00000004da000000, 0x00000004da000000, 0x00000004da200000|  0%| F|  |TAMS 0x00000004da000000| PB 0x00000004da000000| Untracked 
|  18|0x00000004da200000, 0x00000004da200000, 0x00000004da400000|  0%| F|  |TAMS 0x00000004da200000| PB 0x00000004da200000| Untracked 
|  19|0x00000004da400000, 0x00000004da400000, 0x00000004da600000|  0%| F|  |TAMS 0x00000004da400000| PB 0x00000004da400000| Untracked 
|  20|0x00000004da600000, 0x00000004da600000, 0x00000004da800000|  0%| F|  |TAMS 0x00000004da600000| PB 0x00000004da600000| Untracked 
|  21|0x00000004da800000, 0x00000004da800000, 0x00000004daa00000|  0%| F|  |TAMS 0x00000004da800000| PB 0x00000004da800000| Untracked 
|  22|0x00000004daa00000, 0x00000004daa00000, 0x00000004dac00000|  0%| F|  |TAMS 0x00000004daa00000| PB 0x00000004daa00000| Untracked 
|  23|0x00000004dac00000, 0x00000004dac00000, 0x00000004dae00000|  0%| F|  |TAMS 0x00000004dac00000| PB 0x00000004dac00000| Untracked 
|  24|0x00000004dae00000, 0x00000004dae00000, 0x00000004db000000|  0%| F|  |TAMS 0x00000004dae00000| PB 0x00000004dae00000| Untracked 
|  25|0x00000004db000000, 0x00000004db000000, 0x00000004db200000|  0%| F|  |TAMS 0x00000004db000000| PB 0x00000004db000000| Untracked 
|  26|0x00000004db200000, 0x00000004db200000, 0x00000004db400000|  0%| F|  |TAMS 0x00000004db200000| PB 0x00000004db200000| Untracked 
|  27|0x00000004db400000, 0x00000004db400000, 0x00000004db600000|  0%| F|  |TAMS 0x00000004db400000| PB 0x00000004db400000| Untracked 
|  28|0x00000004db600000, 0x00000004db600000, 0x00000004db800000|  0%| F|  |TAMS 0x00000004db600000| PB 0x00000004db600000| Untracked 
|  29|0x00000004db800000, 0x00000004db800000, 0x00000004dba00000|  0%| F|  |TAMS 0x00000004db800000| PB 0x00000004db800000| Untracked 
|  30|0x00000004dba00000, 0x00000004dba00000, 0x00000004dbc00000|  0%| F|  |TAMS 0x00000004dba00000| PB 0x00000004dba00000| Untracked 
|  31|0x00000004dbc00000, 0x00000004dbc00000, 0x00000004dbe00000|  0%| F|  |TAMS 0x00000004dbc00000| PB 0x00000004dbc00000| Untracked 
|  32|0x00000004dbe00000, 0x00000004dbe00000, 0x00000004dc000000|  0%| F|  |TAMS 0x00000004dbe00000| PB 0x00000004dbe00000| Untracked 
|  33|0x00000004dc000000, 0x00000004dc000000, 0x00000004dc200000|  0%| F|  |TAMS 0x00000004dc000000| PB 0x00000004dc000000| Untracked 
|  34|0x00000004dc200000, 0x00000004dc200000, 0x00000004dc400000|  0%| F|  |TAMS 0x00000004dc200000| PB 0x00000004dc200000| Untracked 
|  35|0x00000004dc400000, 0x00000004dc400000, 0x00000004dc600000|  0%| F|  |TAMS 0x00000004dc400000| PB 0x00000004dc400000| Untracked 
|  36|0x00000004dc600000, 0x00000004dc600000, 0x00000004dc800000|  0%| F|  |TAMS 0x00000004dc600000| PB 0x00000004dc600000| Untracked 
|  37|0x00000004dc800000, 0x00000004dc800000, 0x00000004dca00000|  0%| F|  |TAMS 0x00000004dc800000| PB 0x00000004dc800000| Untracked 
|  38|0x00000004dca00000, 0x00000004dca00000, 0x00000004dcc00000|  0%| F|  |TAMS 0x00000004dca00000| PB 0x00000004dca00000| Untracked 
|  39|0x00000004dcc00000, 0x00000004dcc00000, 0x00000004dce00000|  0%| F|  |TAMS 0x00000004dcc00000| PB 0x00000004dcc00000| Untracked 
|  40|0x00000004dce00000, 0x00000004dce00000, 0x00000004dd000000|  0%| F|  |TAMS 0x00000004dce00000| PB 0x00000004dce00000| Untracked 
|  41|0x00000004dd000000, 0x00000004dd000000, 0x00000004dd200000|  0%| F|  |TAMS 0x00000004dd000000| PB 0x00000004dd000000| Untracked 
|  42|0x00000004dd200000, 0x00000004dd200000, 0x00000004dd400000|  0%| F|  |TAMS 0x00000004dd200000| PB 0x00000004dd200000| Untracked 
|  43|0x00000004dd400000, 0x00000004dd400000, 0x00000004dd600000|  0%| F|  |TAMS 0x00000004dd400000| PB 0x00000004dd400000| Untracked 
|  44|0x00000004dd600000, 0x00000004dd600000, 0x00000004dd800000|  0%| F|  |TAMS 0x00000004dd600000| PB 0x00000004dd600000| Untracked 
|  45|0x00000004dd800000, 0x00000004dd800000, 0x00000004dda00000|  0%| F|  |TAMS 0x00000004dd800000| PB 0x00000004dd800000| Untracked 
|  46|0x00000004dda00000, 0x00000004dda00000, 0x00000004ddc00000|  0%| F|  |TAMS 0x00000004dda00000| PB 0x00000004dda00000| Untracked 
|  47|0x00000004ddc00000, 0x00000004ddc00000, 0x00000004dde00000|  0%| F|  |TAMS 0x00000004ddc00000| PB 0x00000004ddc00000| Untracked 
|  48|0x00000004dde00000, 0x00000004dde00000, 0x00000004de000000|  0%| F|  |TAMS 0x00000004dde00000| PB 0x00000004dde00000| Untracked 
|  49|0x00000004de000000, 0x00000004de000000, 0x00000004de200000|  0%| F|  |TAMS 0x00000004de000000| PB 0x00000004de000000| Untracked 
|  50|0x00000004de200000, 0x00000004de2689f0, 0x00000004de400000| 20%| S|CS|TAMS 0x00000004de200000| PB 0x00000004de200000| Complete 
|  51|0x00000004de400000, 0x00000004de400000, 0x00000004de600000|  0%| F|  |TAMS 0x00000004de400000| PB 0x00000004de400000| Untracked 
|  52|0x00000004de600000, 0x00000004de600000, 0x00000004de800000|  0%| F|  |TAMS 0x00000004de600000| PB 0x00000004de600000| Untracked 
|  53|0x00000004de800000, 0x00000004de800000, 0x00000004dea00000|  0%| F|  |TAMS 0x00000004de800000| PB 0x00000004de800000| Untracked 
|  54|0x00000004dea00000, 0x00000004dea00000, 0x00000004dec00000|  0%| F|  |TAMS 0x00000004dea00000| PB 0x00000004dea00000| Untracked 
|  55|0x00000004dec00000, 0x00000004dec00000, 0x00000004dee00000|  0%| F|  |TAMS 0x00000004dec00000| PB 0x00000004dec00000| Untracked 
|  56|0x00000004dee00000, 0x00000004dee00000, 0x00000004df000000|  0%| F|  |TAMS 0x00000004dee00000| PB 0x00000004dee00000| Untracked 
|  57|0x00000004df000000, 0x00000004df000000, 0x00000004df200000|  0%| F|  |TAMS 0x00000004df000000| PB 0x00000004df000000| Untracked 
|  58|0x00000004df200000, 0x00000004df200000, 0x00000004df400000|  0%| F|  |TAMS 0x00000004df200000| PB 0x00000004df200000| Untracked 
|  59|0x00000004df400000, 0x00000004df400000, 0x00000004df600000|  0%| F|  |TAMS 0x00000004df400000| PB 0x00000004df400000| Untracked 
|  60|0x00000004df600000, 0x00000004df600000, 0x00000004df800000|  0%| F|  |TAMS 0x00000004df600000| PB 0x00000004df600000| Untracked 
|  61|0x00000004df800000, 0x00000004df800000, 0x00000004dfa00000|  0%| F|  |TAMS 0x00000004df800000| PB 0x00000004df800000| Untracked 
|  62|0x00000004dfa00000, 0x00000004dfa00000, 0x00000004dfc00000|  0%| F|  |TAMS 0x00000004dfa00000| PB 0x00000004dfa00000| Untracked 
|  63|0x00000004dfc00000, 0x00000004dfc00000, 0x00000004dfe00000|  0%| F|  |TAMS 0x00000004dfc00000| PB 0x00000004dfc00000| Untracked 
|  64|0x00000004dfe00000, 0x00000004dfe00000, 0x00000004e0000000|  0%| F|  |TAMS 0x00000004dfe00000| PB 0x00000004dfe00000| Untracked 
|  65|0x00000004e0000000, 0x00000004e0000000, 0x00000004e0200000|  0%| F|  |TAMS 0x00000004e0000000| PB 0x00000004e0000000| Untracked 
|  66|0x00000004e0200000, 0x00000004e0200000, 0x00000004e0400000|  0%| F|  |TAMS 0x00000004e0200000| PB 0x00000004e0200000| Untracked 
|  67|0x00000004e0400000, 0x00000004e0400000, 0x00000004e0600000|  0%| F|  |TAMS 0x00000004e0400000| PB 0x00000004e0400000| Untracked 
|  68|0x00000004e0600000, 0x00000004e0600000, 0x00000004e0800000|  0%| F|  |TAMS 0x00000004e0600000| PB 0x00000004e0600000| Untracked 
|  69|0x00000004e0800000, 0x00000004e0800000, 0x00000004e0a00000|  0%| F|  |TAMS 0x00000004e0800000| PB 0x00000004e0800000| Untracked 
|  70|0x00000004e0a00000, 0x00000004e0a00000, 0x00000004e0c00000|  0%| F|  |TAMS 0x00000004e0a00000| PB 0x00000004e0a00000| Untracked 
|  71|0x00000004e0c00000, 0x00000004e0c00000, 0x00000004e0e00000|  0%| F|  |TAMS 0x00000004e0c00000| PB 0x00000004e0c00000| Untracked 
|  72|0x00000004e0e00000, 0x00000004e0e00000, 0x00000004e1000000|  0%| F|  |TAMS 0x00000004e0e00000| PB 0x00000004e0e00000| Untracked 
|  73|0x00000004e1000000, 0x00000004e1000000, 0x00000004e1200000|  0%| F|  |TAMS 0x00000004e1000000| PB 0x00000004e1000000| Untracked 
|  74|0x00000004e1200000, 0x00000004e1200000, 0x00000004e1400000|  0%| F|  |TAMS 0x00000004e1200000| PB 0x00000004e1200000| Untracked 
|  75|0x00000004e1400000, 0x00000004e1400000, 0x00000004e1600000|  0%| F|  |TAMS 0x00000004e1400000| PB 0x00000004e1400000| Untracked 
|  76|0x00000004e1600000, 0x00000004e1600000, 0x00000004e1800000|  0%| F|  |TAMS 0x00000004e1600000| PB 0x00000004e1600000| Untracked 
|  77|0x00000004e1800000, 0x00000004e1800000, 0x00000004e1a00000|  0%| F|  |TAMS 0x00000004e1800000| PB 0x00000004e1800000| Untracked 
|  78|0x00000004e1a00000, 0x00000004e1a00000, 0x00000004e1c00000|  0%| F|  |TAMS 0x00000004e1a00000| PB 0x00000004e1a00000| Untracked 
|  79|0x00000004e1c00000, 0x00000004e1c00000, 0x00000004e1e00000|  0%| F|  |TAMS 0x00000004e1c00000| PB 0x00000004e1c00000| Untracked 
|  80|0x00000004e1e00000, 0x00000004e1e00000, 0x00000004e2000000|  0%| F|  |TAMS 0x00000004e1e00000| PB 0x00000004e1e00000| Untracked 
|  81|0x00000004e2000000, 0x00000004e2000000, 0x00000004e2200000|  0%| F|  |TAMS 0x00000004e2000000| PB 0x00000004e2000000| Untracked 
|  82|0x00000004e2200000, 0x00000004e2200000, 0x00000004e2400000|  0%| F|  |TAMS 0x00000004e2200000| PB 0x00000004e2200000| Untracked 
|  83|0x00000004e2400000, 0x00000004e2400000, 0x00000004e2600000|  0%| F|  |TAMS 0x00000004e2400000| PB 0x00000004e2400000| Untracked 
|  84|0x00000004e2600000, 0x00000004e2600000, 0x00000004e2800000|  0%| F|  |TAMS 0x00000004e2600000| PB 0x00000004e2600000| Untracked 
|  85|0x00000004e2800000, 0x00000004e2900800, 0x00000004e2a00000| 50%| E|  |TAMS 0x00000004e2800000| PB 0x00000004e2800000| Complete 
|  86|0x00000004e2a00000, 0x00000004e2c00000, 0x00000004e2c00000|100%| E|CS|TAMS 0x00000004e2a00000| PB 0x00000004e2a00000| Complete 
|  87|0x00000004e2c00000, 0x00000004e2e00000, 0x00000004e2e00000|100%| E|CS|TAMS 0x00000004e2c00000| PB 0x00000004e2c00000| Complete 
|  88|0x00000004e2e00000, 0x00000004e3000000, 0x00000004e3000000|100%| E|CS|TAMS 0x00000004e2e00000| PB 0x00000004e2e00000| Complete 
|  89|0x00000004e3000000, 0x00000004e3200000, 0x00000004e3200000|100%| E|CS|TAMS 0x00000004e3000000| PB 0x00000004e3000000| Complete 
|  90|0x00000004e3200000, 0x00000004e3400000, 0x00000004e3400000|100%| E|CS|TAMS 0x00000004e3200000| PB 0x00000004e3200000| Complete 
|  91|0x00000004e3400000, 0x00000004e3600000, 0x00000004e3600000|100%| E|CS|TAMS 0x00000004e3400000| PB 0x00000004e3400000| Complete 
|  92|0x00000004e3600000, 0x00000004e3800000, 0x00000004e3800000|100%| E|CS|TAMS 0x00000004e3600000| PB 0x00000004e3600000| Complete 
|  93|0x00000004e3800000, 0x00000004e3a00000, 0x00000004e3a00000|100%| E|CS|TAMS 0x00000004e3800000| PB 0x00000004e3800000| Complete 
|  94|0x00000004e3a00000, 0x00000004e3c00000, 0x00000004e3c00000|100%| E|CS|TAMS 0x00000004e3a00000| PB 0x00000004e3a00000| Complete 
|  95|0x00000004e3c00000, 0x00000004e3e00000, 0x00000004e3e00000|100%| E|CS|TAMS 0x00000004e3c00000| PB 0x00000004e3c00000| Complete 
|  96|0x00000004e3e00000, 0x00000004e4000000, 0x00000004e4000000|100%| E|CS|TAMS 0x00000004e3e00000| PB 0x00000004e3e00000| Complete 
|  97|0x00000004e4000000, 0x00000004e4200000, 0x00000004e4200000|100%| E|CS|TAMS 0x00000004e4000000| PB 0x00000004e4000000| Complete 
|  98|0x00000004e4200000, 0x00000004e4400000, 0x00000004e4400000|100%| E|CS|TAMS 0x00000004e4200000| PB 0x00000004e4200000| Complete 
|  99|0x00000004e4400000, 0x00000004e4600000, 0x00000004e4600000|100%| E|CS|TAMS 0x00000004e4400000| PB 0x00000004e4400000| Complete 
| 100|0x00000004e4600000, 0x00000004e4800000, 0x00000004e4800000|100%| E|CS|TAMS 0x00000004e4600000| PB 0x00000004e4600000| Complete 
| 101|0x00000004e4800000, 0x00000004e4a00000, 0x00000004e4a00000|100%| E|CS|TAMS 0x00000004e4800000| PB 0x00000004e4800000| Complete 
| 102|0x00000004e4a00000, 0x00000004e4c00000, 0x00000004e4c00000|100%| E|CS|TAMS 0x00000004e4a00000| PB 0x00000004e4a00000| Complete 
| 103|0x00000004e4c00000, 0x00000004e4e00000, 0x00000004e4e00000|100%| E|CS|TAMS 0x00000004e4c00000| PB 0x00000004e4c00000| Complete 
| 104|0x00000004e4e00000, 0x00000004e5000000, 0x00000004e5000000|100%| E|CS|TAMS 0x00000004e4e00000| PB 0x00000004e4e00000| Complete 
| 105|0x00000004e5000000, 0x00000004e5200000, 0x00000004e5200000|100%| E|CS|TAMS 0x00000004e5000000| PB 0x00000004e5000000| Complete 
| 106|0x00000004e5200000, 0x00000004e5400000, 0x00000004e5400000|100%| E|CS|TAMS 0x00000004e5200000| PB 0x00000004e5200000| Complete 
| 107|0x00000004e5400000, 0x00000004e5600000, 0x00000004e5600000|100%| E|CS|TAMS 0x00000004e5400000| PB 0x00000004e5400000| Complete 
| 108|0x00000004e5600000, 0x00000004e5800000, 0x00000004e5800000|100%| E|CS|TAMS 0x00000004e5600000| PB 0x00000004e5600000| Complete 
| 109|0x00000004e5800000, 0x00000004e5a00000, 0x00000004e5a00000|100%| E|CS|TAMS 0x00000004e5800000| PB 0x00000004e5800000| Complete 
| 110|0x00000004e5a00000, 0x00000004e5c00000, 0x00000004e5c00000|100%| E|CS|TAMS 0x00000004e5a00000| PB 0x00000004e5a00000| Complete 
| 111|0x00000004e5c00000, 0x00000004e5e00000, 0x00000004e5e00000|100%| E|CS|TAMS 0x00000004e5c00000| PB 0x00000004e5c00000| Complete 
| 112|0x00000004e5e00000, 0x00000004e6000000, 0x00000004e6000000|100%| E|CS|TAMS 0x00000004e5e00000| PB 0x00000004e5e00000| Complete 
| 113|0x00000004e6000000, 0x00000004e6200000, 0x00000004e6200000|100%| E|CS|TAMS 0x00000004e6000000| PB 0x00000004e6000000| Complete 
| 114|0x00000004e6200000, 0x00000004e6400000, 0x00000004e6400000|100%| E|CS|TAMS 0x00000004e6200000| PB 0x00000004e6200000| Complete 
| 115|0x00000004e6400000, 0x00000004e6600000, 0x00000004e6600000|100%| E|CS|TAMS 0x00000004e6400000| PB 0x00000004e6400000| Complete 
| 116|0x00000004e6600000, 0x00000004e6800000, 0x00000004e6800000|100%| E|CS|TAMS 0x00000004e6600000| PB 0x00000004e6600000| Complete 
| 117|0x00000004e6800000, 0x00000004e6a00000, 0x00000004e6a00000|100%| E|CS|TAMS 0x00000004e6800000| PB 0x00000004e6800000| Complete 
| 118|0x00000004e6a00000, 0x00000004e6c00000, 0x00000004e6c00000|100%| E|CS|TAMS 0x00000004e6a00000| PB 0x00000004e6a00000| Complete 
| 119|0x00000004e6c00000, 0x00000004e6e00000, 0x00000004e6e00000|100%| E|CS|TAMS 0x00000004e6c00000| PB 0x00000004e6c00000| Complete 
| 120|0x00000004e6e00000, 0x00000004e7000000, 0x00000004e7000000|100%| E|CS|TAMS 0x00000004e6e00000| PB 0x00000004e6e00000| Complete 
| 121|0x00000004e7000000, 0x00000004e7200000, 0x00000004e7200000|100%| E|CS|TAMS 0x00000004e7000000| PB 0x00000004e7000000| Complete 
| 122|0x00000004e7200000, 0x00000004e7400000, 0x00000004e7400000|100%| E|CS|TAMS 0x00000004e7200000| PB 0x00000004e7200000| Complete 
| 123|0x00000004e7400000, 0x00000004e7600000, 0x00000004e7600000|100%| E|CS|TAMS 0x00000004e7400000| PB 0x00000004e7400000| Complete 
| 124|0x00000004e7600000, 0x00000004e7800000, 0x00000004e7800000|100%| E|CS|TAMS 0x00000004e7600000| PB 0x00000004e7600000| Complete 
| 125|0x00000004e7800000, 0x00000004e7a00000, 0x00000004e7a00000|100%| E|CS|TAMS 0x00000004e7800000| PB 0x00000004e7800000| Complete 
| 126|0x00000004e7a00000, 0x00000004e7c00000, 0x00000004e7c00000|100%| E|CS|TAMS 0x00000004e7a00000| PB 0x00000004e7a00000| Complete 

Card table byte_map: [0x000001d751340000,0x000001d751b30000] _byte_map_base: 0x000001d74ec81000

Marking Bits: (CMBitMap*) 0x000001d7397e3950
 Bits: [0x000001d752320000, 0x000001d756228000)

Polling page: 0x000001d7374f0000

Metaspace:

Usage:
  Non-class:      3.83 MB used.
      Class:    263.89 KB used.
       Both:      4.09 MB used.

Virtual space:
  Non-class space:       64.00 MB reserved,       3.88 MB (  6%) committed,  1 nodes.
      Class space:        1.00 GB reserved,     384.00 KB ( <1%) committed,  1 nodes.
             Both:        1.06 GB reserved,       4.25 MB ( <1%) committed. 

Chunk freelists:
   Non-Class:  1.94 MB
       Class:  3.59 MB
        Both:  5.53 MB

MaxMetaspaceSize: unlimited
CompressedClassSpaceSize: 1.00 GB
Initial GC threshold: 21.00 MB
Current GC threshold: 21.00 MB
CDS: on
MetaspaceReclaimPolicy: balanced
 - commit_granule_bytes: 65536.
 - commit_granule_words: 8192.
 - virtual_space_node_default_size: 8388608.
 - enlarge_chunks_in_place: 1.
 - new_chunks_are_fully_committed: 0.
 - uncommit_free_chunks: 1.
 - use_allocation_guard: 0.


Internal statistics:

num_allocs_failed_limit: 0.
num_arena_births: 134.
num_arena_deaths: 0.
num_vsnodes_births: 2.
num_vsnodes_deaths: 0.
num_space_committed: 66.
num_space_uncommitted: 0.
num_chunks_returned_to_freelist: 0.
num_chunks_taken_from_freelist: 239.
num_chunk_merges: 0.
num_chunk_splits: 151.
num_chunks_enlarged: 100.
num_inconsistent_stats: 0.

CodeHeap 'non-profiled nmethods': size=120000Kb used=583Kb max_used=583Kb free=119416Kb
 bounds [0x000001d7492f0000, 0x000001d749560000, 0x000001d750820000]
CodeHeap 'profiled nmethods': size=120000Kb used=1647Kb max_used=1647Kb free=118352Kb
 bounds [0x000001d741820000, 0x000001d741a90000, 0x000001d748d50000]
CodeHeap 'non-nmethods': size=5760Kb used=2471Kb max_used=2493Kb free=3289Kb
 bounds [0x000001d748d50000, 0x000001d748fd0000, 0x000001d7492f0000]
 total_blobs=2292 nmethods=1179 adapters=1024
 compilation: enabled
              stopped_count=0, restarted_count=0
 full_count=0

Compilation events (20 events):
Event: 3.388 Thread 0x000001d758c8a430 1171       3       java.util.ArrayList::fastRemove (44 bytes)
Event: 3.388 Thread 0x000001d758c8a430 nmethod 1171 0x000001d7419b3b10 code [0x000001d7419b3cc0, 0x000001d7419b40c8]
Event: 3.524 Thread 0x000001d758c8a430 1172       3       java.util.ArrayList::remove (26 bytes)
Event: 3.524 Thread 0x000001d758c8a430 nmethod 1172 0x000001d7419b4210 code [0x000001d7419b43c0, 0x000001d7419b45e8]
Event: 3.715 Thread 0x000001d758c8a430 1173       3       HAL.GridsAndAgents.AgentSQ2D::Dispose (50 bytes)
Event: 3.716 Thread 0x000001d758c87aa0 1175       4       metastasis.CellEx::tryIntravasate (105 bytes)
Event: 3.716 Thread 0x000001d758c8a430 nmethod 1173 0x000001d7419b4790 code [0x000001d7419b49a0, 0x000001d7419b5238]
Event: 3.716 Thread 0x000001d758c8a430 1174       3       HAL.GridsAndAgents.InternalGridAgentList::RemoveAgent (25 bytes)
Event: 3.716 Thread 0x000001d758c8a430 nmethod 1174 0x000001d7419b5590 code [0x000001d7419b5760, 0x000001d7419b5c48]
Event: 3.718 Thread 0x000001d758c87aa0 nmethod 1175 0x000001d749380090 code [0x000001d749380280, 0x000001d7493805f8]
Event: 5.579 Thread 0x000001d758c87aa0 1176       4       metastasis.CellEx::Divide (165 bytes)
Event: 5.590 Thread 0x000001d758c87aa0 nmethod 1176 0x000001d749380a10 code [0x000001d749380c20, 0x000001d749381468]
Event: 6.252 Thread 0x000001d758c8a430 1177       3       HAL.Tools.Internal.ADIequations::Diffusion2DADI (146 bytes)
Event: 6.253 Thread 0x000001d758c8a430 nmethod 1177 0x000001d7419b5e90 code [0x000001d7419b61e0, 0x000001d7419b7a58]
Event: 6.308 Thread 0x000001d758c8a430 1178       3       HAL.GridsAndAgents.InternalGridAgentList::ShuffleAgents (94 bytes)
Event: 6.309 Thread 0x000001d758c8a430 nmethod 1178 0x000001d7419b8510 code [0x000001d7419b87a0, 0x000001d7419b96d8]
Event: 6.351 Thread 0x000001d758c8a430 1179       3       metastasis.tissueSiteGrid::StepCells (193 bytes)
Event: 6.352 Thread 0x000001d758c8a430 nmethod 1179 0x000001d7419b9d10 code [0x000001d7419ba0a0, 0x000001d7419bb690]
Event: 6.445 Thread 0x000001d758c87aa0 1180       4       HAL.Tools.Internal.SplittableRN::nextInt (74 bytes)
Event: 6.446 Thread 0x000001d758c87aa0 nmethod 1180 0x000001d749381b10 code [0x000001d749381c80, 0x000001d749381dd0]

GC Heap History (6 events):
Event: 0.711 GC heap before
{Heap before GC invocations=0 (full 0):
 garbage-first heap   total 260096K, used 20480K [0x00000004d7e00000, 0x00000005d4000000)
  region size 2048K, 11 young (22528K), 0 survivors (0K)
 Metaspace       used 3967K, committed 4224K, reserved 1114112K
  class space    used 249K, committed 384K, reserved 1048576K
}
Event: 0.714 GC heap after
{Heap after GC invocations=1 (full 0):
 garbage-first heap   total 260096K, used 6389K [0x00000004d7e00000, 0x00000005d4000000)
  region size 2048K, 2 young (4096K), 2 survivors (4096K)
 Metaspace       used 3967K, committed 4224K, reserved 1114112K
  class space    used 249K, committed 384K, reserved 1048576K
}
Event: 1.379 GC heap before
{Heap before GC invocations=1 (full 0):
 garbage-first heap   total 260096K, used 33013K [0x00000004d7e00000, 0x00000005d4000000)
  region size 2048K, 15 young (30720K), 2 survivors (4096K)
 Metaspace       used 4172K, committed 4352K, reserved 1114112K
  class space    used 262K, committed 384K, reserved 1048576K
}
Event: 1.382 GC heap after
{Heap after GC invocations=2 (full 0):
 garbage-first heap   total 260096K, used 7044K [0x00000004d7e00000, 0x00000005d4000000)
  region size 2048K, 1 young (2048K), 1 survivors (2048K)
 Metaspace       used 4172K, committed 4352K, reserved 1114112K
  class space    used 262K, committed 384K, reserved 1048576K
}
Event: 5.245 GC heap before
{Heap before GC invocations=2 (full 0):
 garbage-first heap   total 260096K, used 160644K [0x00000004d7e00000, 0x00000005d4000000)
  region size 2048K, 76 young (155648K), 1 survivors (2048K)
 Metaspace       used 4175K, committed 4352K, reserved 1114112K
  class space    used 262K, committed 384K, reserved 1048576K
}
Event: 5.247 GC heap after
{Heap after GC invocations=3 (full 0):
 garbage-first heap   total 260096K, used 7006K [0x00000004d7e00000, 0x00000005d4000000)
  region size 2048K, 1 young (2048K), 1 survivors (2048K)
 Metaspace       used 4175K, committed 4352K, reserved 1114112K
  class space    used 262K, committed 384K, reserved 1048576K
}

Dll operation events (12 events):
Event: 0.012 Loaded shared library C:\Users\4473331\.jdks\openjdk-20.0.1\bin\java.dll
Event: 0.023 Loaded shared library C:\Users\4473331\.jdks\openjdk-20.0.1\bin\jsvml.dll
Event: 0.095 Loaded shared library C:\Users\4473331\.jdks\openjdk-20.0.1\bin\zip.dll
Event: 0.097 Loaded shared library C:\Users\4473331\.jdks\openjdk-20.0.1\bin\instrument.dll
Event: 0.102 Loaded shared library C:\Users\4473331\.jdks\openjdk-20.0.1\bin\net.dll
Event: 0.104 Loaded shared library C:\Users\4473331\.jdks\openjdk-20.0.1\bin\nio.dll
Event: 0.107 Loaded shared library C:\Users\4473331\.jdks\openjdk-20.0.1\bin\zip.dll
Event: 0.151 Loaded shared library C:\Program Files\JetBrains\IntelliJ IDEA Community Edition 2023.1.2\bin\breakgen64.dll
Event: 0.157 Loaded shared library C:\Users\4473331\.jdks\openjdk-20.0.1\bin\extnet.dll
Event: 0.160 Loaded shared library C:\Users\4473331\.jdks\openjdk-20.0.1\bin\jimage.dll
Event: 0.211 Loaded shared library C:\Users\4473331\AppData\Local\Temp\1\lwjgl_4473331\3.3.2+13\x64\lwjgl.dll
Event: 0.373 Loaded shared library C:\Users\4473331\AppData\Local\Temp\1\lwjgl_4473331\3.3.2+13\x64\lwjgl_opengl.dll

Deoptimization events (20 events):
Event: 1.144 Thread 0x000001d739774740 Uncommon trap: trap_request=0xffffffbe fr.pc=0x000001d74936127c relative=0x000000000000399c
Event: 1.144 Thread 0x000001d739774740 Uncommon trap: reason=profile_predicate action=maybe_recompile pc=0x000001d74936127c method=HAL.Tools.TdmaSolver.TDMA(ILHAL/Interfaces/IntToDouble;LHAL/Interfaces/IntDoubleToVoid;LHAL/Interfaces/IntToDouble;LHAL/Interfaces/IntToDouble;LHAL/Interfaces/IntT
Event: 1.144 Thread 0x000001d739774740 DEOPT PACKING pc=0x000001d74936127c sp=0x0000000796cff270
Event: 1.144 Thread 0x000001d739774740 DEOPT UNPACKING pc=0x000001d748d6d2a2 sp=0x0000000796cff230 mode 2
Event: 1.808 Thread 0x000001d739774740 Uncommon trap: trap_request=0xffffff45 fr.pc=0x000001d749374fb0 relative=0x0000000000000310
Event: 1.808 Thread 0x000001d739774740 Uncommon trap: reason=unstable_if action=reinterpret pc=0x000001d749374fb0 method=HAL.GridsAndAgents.InternalGridAgentList$AgentListIterator.hasNext()Z @ 46 c2
Event: 1.808 Thread 0x000001d739774740 DEOPT PACKING pc=0x000001d749374fb0 sp=0x0000000796cff560
Event: 1.808 Thread 0x000001d739774740 DEOPT UNPACKING pc=0x000001d748d6d2a2 sp=0x0000000796cff518 mode 2
Event: 1.808 Thread 0x000001d739774740 Uncommon trap: trap_request=0xffffff45 fr.pc=0x000001d7493701f4 relative=0x0000000000001a74
Event: 1.808 Thread 0x000001d739774740 Uncommon trap: reason=unstable_if action=reinterpret pc=0x000001d7493701f4 method=metastasis.CellEx.tryMove()V @ 225 c2
Event: 1.808 Thread 0x000001d739774740 DEOPT PACKING pc=0x000001d7493701f4 sp=0x0000000796cff510
Event: 1.808 Thread 0x000001d739774740 DEOPT UNPACKING pc=0x000001d748d6d2a2 sp=0x0000000796cff4c8 mode 2
Event: 2.718 Thread 0x000001d739774740 Uncommon trap: trap_request=0xffffff45 fr.pc=0x000001d74937aee8 relative=0x0000000000000128
Event: 2.718 Thread 0x000001d739774740 Uncommon trap: reason=unstable_if action=reinterpret pc=0x000001d74937aee8 method=metastasis.CellEx.tryIntravasate()Z @ 18 c2
Event: 2.718 Thread 0x000001d739774740 DEOPT PACKING pc=0x000001d74937aee8 sp=0x0000000796cff580
Event: 2.718 Thread 0x000001d739774740 DEOPT UNPACKING pc=0x000001d748d6d2a2 sp=0x0000000796cff510 mode 2
Event: 2.815 Thread 0x000001d739774740 Uncommon trap: trap_request=0xffffff45 fr.pc=0x000001d749379940 relative=0x0000000000001620
Event: 2.815 Thread 0x000001d739774740 Uncommon trap: reason=unstable_if action=reinterpret pc=0x000001d749379940 method=HAL.GridsAndAgents.AgentGrid2D.GetAgents(Ljava/util/ArrayList;II)V @ 10 c2
Event: 2.815 Thread 0x000001d739774740 DEOPT PACKING pc=0x000001d749379940 sp=0x0000000796cff520
Event: 2.815 Thread 0x000001d739774740 DEOPT UNPACKING pc=0x000001d748d6d2a2 sp=0x0000000796cff448 mode 2

Classes loaded (20 events):
Event: 1.000 Loading class sun/util/cldr/CLDRTimeZoneNameProviderImpl
Event: 1.000 Loading class sun/util/locale/provider/TimeZoneNameProviderImpl
Event: 1.000 Loading class sun/util/locale/provider/TimeZoneNameProviderImpl done
Event: 1.000 Loading class sun/util/cldr/CLDRTimeZoneNameProviderImpl done
Event: 1.002 Loading class sun/util/locale/provider/BaseLocaleDataMetaInfo
Event: 1.002 Loading class sun/util/locale/provider/BaseLocaleDataMetaInfo done
Event: 1.003 Loading class sun/util/resources/cldr/TimeZoneNames
Event: 1.003 Loading class sun/util/resources/TimeZoneNamesBundle
Event: 1.003 Loading class sun/util/resources/OpenListResourceBundle
Event: 1.003 Loading class sun/util/resources/OpenListResourceBundle done
Event: 1.003 Loading class sun/util/resources/TimeZoneNamesBundle done
Event: 1.003 Loading class sun/util/resources/cldr/TimeZoneNames done
Event: 1.003 Loading class sun/util/resources/cldr/TimeZoneNames_en
Event: 1.004 Loading class sun/util/resources/cldr/TimeZoneNames_en done
Event: 1.004 Loading class sun/util/resources/cldr/TimeZoneNames_en_US
Event: 1.004 Loading class sun/util/resources/cldr/TimeZoneNames_en_US done
Event: 1.005 Loading class java/util/LinkedHashMap$LinkedKeySet
Event: 1.005 Loading class java/util/LinkedHashMap$LinkedKeySet done
Event: 6.961 Loading class jdk/internal/misc/Signal$1
Event: 6.961 Loading class jdk/internal/misc/Signal$1 done

Classes unloaded (0 events):
No events

Classes redefined (0 events):
No events

Internal exceptions (20 events):
Event: 0.218 Thread 0x000001d739774740 Exception <a 'java/lang/NoSuchMethodError'{0x00000004e7537840}: 'int java.lang.invoke.DirectMethodHandle$Holder.invokeStaticInit(java.lang.Object, java.lang.Object, int, long)'> (0x00000004e7537840) 
thrown [s\open\src\hotspot\share\interpreter\linkResolver.cpp, line 773]
Event: 0.219 Thread 0x000001d739774740 Exception <a 'java/lang/NoSuchMethodError'{0x00000004e753ce78}: 'java.lang.Object java.lang.invoke.DirectMethodHandle$Holder.newInvokeSpecial(java.lang.Object, java.lang.Object, int)'> (0x00000004e753ce78) 
thrown [s\open\src\hotspot\share\interpreter\linkResolver.cpp, line 773]
Event: 0.220 Thread 0x000001d739774740 Exception <a 'java/lang/NoSuchMethodError'{0x00000004e754dc80}: 'int java.lang.invoke.DirectMethodHandle$Holder.invokeStaticInit(java.lang.Object, java.lang.Object, long, long)'> (0x00000004e754dc80) 
thrown [s\open\src\hotspot\share\interpreter\linkResolver.cpp, line 773]
Event: 0.221 Thread 0x000001d739774740 Exception <a 'java/lang/NoSuchMethodError'{0x00000004e7553ac8}: 'java.lang.Object java.lang.invoke.DirectMethodHandle$Holder.newInvokeSpecial(java.lang.Object, java.lang.Object, long)'> (0x00000004e7553ac8) 
thrown [s\open\src\hotspot\share\interpreter\linkResolver.cpp, line 773]
Event: 0.221 Thread 0x000001d739774740 Exception <a 'java/lang/NoSuchMethodError'{0x00000004e7557880}: 'java.lang.Object java.lang.invoke.Invokers$Holder.linkToTargetMethod(java.lang.Object, long, java.lang.Object)'> (0x00000004e7557880) 
thrown [s\open\src\hotspot\share\interpreter\linkResolver.cpp, line 773]
Event: 0.221 Thread 0x000001d739774740 Exception <a 'java/lang/NoSuchMethodError'{0x00000004e755e8b8}: 'int java.lang.invoke.DirectMethodHandle$Holder.invokeStaticInit(java.lang.Object, java.lang.Object, java.lang.Object, long)'> (0x00000004e755e8b8) 
thrown [s\open\src\hotspot\share\interpreter\linkResolver.cpp, line 773]
Event: 0.239 Thread 0x000001d739774740 Exception <a 'sun/nio/fs/WindowsException'{0x00000004e7234f50}> (0x00000004e7234f50) 
thrown [s\open\src\hotspot\share\prims\jni.cpp, line 519]
Event: 0.239 Thread 0x000001d739774740 Exception <a 'sun/nio/fs/WindowsException'{0x00000004e72352e0}> (0x00000004e72352e0) 
thrown [s\open\src\hotspot\share\prims\jni.cpp, line 519]
Event: 0.246 Thread 0x000001d739774740 Exception <a 'java/lang/NoSuchMethodError'{0x00000004e725a6b0}: 'int java.lang.invoke.Invokers$Holder.invokeExact_MT(java.lang.Object, java.lang.Object)'> (0x00000004e725a6b0) 
thrown [s\open\src\hotspot\share\interpreter\linkResolver.cpp, line 773]
Event: 0.365 Thread 0x000001d739774740 Exception <a 'java/lang/NoSuchMethodError'{0x00000004e72d6f20}: 'void java.lang.System.load(java.lang.String, java.lang.Class)'> (0x00000004e72d6f20) 
thrown [s\open\src\hotspot\share\interpreter\linkResolver.cpp, line 773]
Event: 0.365 Thread 0x000001d739774740 Exception <a 'java/lang/NoSuchMethodError'{0x00000004e72d9d08}: 'void java.lang.System.loadLibrary(java.lang.String, java.lang.Class)'> (0x00000004e72d9d08) 
thrown [s\open\src\hotspot\share\interpreter\linkResolver.cpp, line 773]
Event: 0.371 Thread 0x000001d739774740 Exception <a 'sun/nio/fs/WindowsException'{0x00000004e72ea8e0}> (0x00000004e72ea8e0) 
thrown [s\open\src\hotspot\share\prims\jni.cpp, line 519]
Event: 0.371 Thread 0x000001d739774740 Exception <a 'sun/nio/fs/WindowsException'{0x00000004e72eaca0}> (0x00000004e72eaca0) 
thrown [s\open\src\hotspot\share\prims\jni.cpp, line 519]
Event: 0.375 Thread 0x000001d739774740 Exception <a 'sun/nio/fs/WindowsException'{0x00000004e72fbc60}> (0x00000004e72fbc60) 
thrown [s\open\src\hotspot\share\prims\jni.cpp, line 519]
Event: 0.375 Thread 0x000001d739774740 Exception <a 'sun/nio/fs/WindowsException'{0x00000004e72fbf60}> (0x00000004e72fbf60) 
thrown [s\open\src\hotspot\share\prims\jni.cpp, line 519]
Event: 0.454 Thread 0x000001d739774740 Exception <a 'java/lang/NoSuchMethodError'{0x00000004e70f8ac0}: 'void java.lang.invoke.Invokers$Holder.invokeExact_MT(java.lang.Object, java.lang.Object, java.lang.Object, java.lang.Object)'> (0x00000004e70f8ac0) 
thrown [s\open\src\hotspot\share\interpreter\linkResolver.cpp, line 773]
Event: 0.541 Thread 0x000001d739774740 Exception <a 'java/lang/NoSuchMethodError'{0x00000004e6a32e38}: 'void java.lang.invoke.DirectMethodHandle$Holder.invokeStatic(java.lang.Object, java.lang.Object, double)'> (0x00000004e6a32e38) 
thrown [s\open\src\hotspot\share\interpreter\linkResolver.cpp, line 773]
Event: 0.555 Thread 0x000001d739774740 Exception <a 'java/lang/NoSuchMethodError'{0x00000004e6a6c968}: 'java.lang.Object java.lang.invoke.DirectMethodHandle$Holder.newInvokeSpecial(java.lang.Object, java.lang.Object, int, int)'> (0x00000004e6a6c968) 
thrown [s\open\src\hotspot\share\interpreter\linkResolver.cpp, line 773]
Event: 0.557 Thread 0x000001d739774740 Exception <a 'java/lang/NoSuchMethodError'{0x00000004e6addd78}: 'java.lang.Object java.lang.invoke.DirectMethodHandle$Holder.invokeSpecial(java.lang.Object, java.lang.Object, double, double)'> (0x00000004e6addd78) 
thrown [s\open\src\hotspot\share\interpreter\linkResolver.cpp, line 773]
Event: 1.006 Thread 0x000001d758c7ca10 Exception <a 'java/lang/NoSuchMethodError'{0x00000004e717a570}: 'java.lang.Object java.lang.invoke.Invokers$Holder.invokeExact_MT(java.lang.Object, java.lang.Object, java.lang.Object, java.lang.Object, java.lang.Object, java.lang.Object)'> (0x00000004e717a570) 
thrown [s\open\src\hotspot\share\interpreter\linkResolver.cpp, line 773]

VM Operations (20 events):
Event: 0.153 Executing VM operation: HandshakeAllThreads done
Event: 0.164 Executing VM operation: HandshakeAllThreads
Event: 0.164 Executing VM operation: HandshakeAllThreads done
Event: 0.204 Executing VM operation: HandshakeAllThreads
Event: 0.204 Executing VM operation: HandshakeAllThreads done
Event: 0.209 Executing VM operation: HandshakeAllThreads
Event: 0.209 Executing VM operation: HandshakeAllThreads done
Event: 0.567 Executing VM operation: HandshakeAllThreads
Event: 0.567 Executing VM operation: HandshakeAllThreads done
Event: 0.710 Executing VM operation: G1CollectForAllocation
Event: 0.714 Executing VM operation: G1CollectForAllocation done
Event: 1.379 Executing VM operation: G1CollectForAllocation
Event: 1.382 Executing VM operation: G1CollectForAllocation done
Event: 2.394 Executing VM operation: Cleanup
Event: 2.394 Executing VM operation: Cleanup done
Event: 3.407 Executing VM operation: Cleanup
Event: 3.407 Executing VM operation: Cleanup done
Event: 5.245 Executing VM operation: G1CollectForAllocation
Event: 5.247 Executing VM operation: G1CollectForAllocation done
Event: 6.962 Executing VM operation: Exit

Events (15 events):
Event: 0.023 Thread 0x000001d739774740 Thread added: 0x000001d739774740
Event: 0.038 Thread 0x000001d758c77110 Thread added: 0x000001d758c77110
Event: 0.038 Thread 0x000001d758c77f10 Thread added: 0x000001d758c77f10
Event: 0.039 Thread 0x000001d758c7afd0 Thread added: 0x000001d758c7afd0
Event: 0.039 Thread 0x000001d758c7ca10 Thread added: 0x000001d758c7ca10
Event: 0.039 Thread 0x000001d758c7fc30 Thread added: 0x000001d758c7fc30
Event: 0.039 Thread 0x000001d758c86e30 Thread added: 0x000001d758c86e30
Event: 0.039 Thread 0x000001d758c87aa0 Thread added: 0x000001d758c87aa0
Event: 0.039 Thread 0x000001d758c8a430 Thread added: 0x000001d758c8a430
Event: 0.082 Thread 0x000001d758c42b20 Thread added: 0x000001d758c42b20
Event: 0.151 Thread 0x000001d75d41a2a0 Thread added: 0x000001d75d41a2a0
Event: 0.151 Thread 0x000001d75d41a7f0 Thread added: 0x000001d75d41a7f0
Event: 0.394 Thread 0x000001d7641fea40 Thread added: 0x000001d7641fea40
Event: 1.143 Thread 0x000001d7641fea40 Thread exited: 0x000001d7641fea40
Event: 6.962 Thread 0x000001d764847b90 Thread added: 0x000001d764847b90


Dynamic libraries:
0x00007ff606a30000 - 0x00007ff606a3e000 	C:\Users\4473331\.jdks\openjdk-20.0.1\bin\java.exe
0x00007ffc98d50000 - 0x00007ffc98f48000 	C:\WINDOWS\SYSTEM32\ntdll.dll
0x00007ffc96de0000 - 0x00007ffc96ea2000 	C:\WINDOWS\System32\KERNEL32.DLL
0x00007ffc96620000 - 0x00007ffc9691e000 	C:\WINDOWS\System32\KERNELBASE.dll
0x00007ffc96060000 - 0x00007ffc96180000 	C:\Windows\system32\hmpalert.dll
0x00007ffc96a50000 - 0x00007ffc96b50000 	C:\WINDOWS\System32\ucrtbase.dll
0x00007ffc8cec0000 - 0x00007ffc8ced7000 	C:\Users\4473331\.jdks\openjdk-20.0.1\bin\jli.dll
0x00007ffc98250000 - 0x00007ffc983ed000 	C:\WINDOWS\System32\USER32.dll
0x00007ffc8cea0000 - 0x00007ffc8cebb000 	C:\Users\4473331\.jdks\openjdk-20.0.1\bin\VCRUNTIME140.dll
0x00007ffc965f0000 - 0x00007ffc96612000 	C:\WINDOWS\System32\win32u.dll
0x00007ffc98910000 - 0x00007ffc9893b000 	C:\WINDOWS\System32\GDI32.dll
0x00007ffc96c50000 - 0x00007ffc96d67000 	C:\WINDOWS\System32\gdi32full.dll
0x00007ffc963f0000 - 0x00007ffc9648d000 	C:\WINDOWS\System32\msvcp_win.dll
0x00007ffc80a60000 - 0x00007ffc80cfa000 	C:\WINDOWS\WinSxS\amd64_microsoft.windows.common-controls_6595b64144ccf1df_6.0.19041.4355_none_60b8b9eb71f62e16\COMCTL32.dll
0x00007ffc98870000 - 0x00007ffc9890e000 	C:\WINDOWS\System32\msvcrt.dll
0x00007ffc98ce0000 - 0x00007ffc98d0f000 	C:\WINDOWS\System32\IMM32.DLL
0x00007ffc8d070000 - 0x00007ffc8d07c000 	C:\Users\4473331\.jdks\openjdk-20.0.1\bin\vcruntime140_1.dll
0x00007ffc53ab0000 - 0x00007ffc53b3e000 	C:\Users\4473331\.jdks\openjdk-20.0.1\bin\msvcp140.dll
0x00007ffba63c0000 - 0x00007ffba7057000 	C:\Users\4473331\.jdks\openjdk-20.0.1\bin\server\jvm.dll
0x00007ffc97b80000 - 0x00007ffc97c31000 	C:\WINDOWS\System32\ADVAPI32.dll
0x00007ffc979b0000 - 0x00007ffc97a4f000 	C:\WINDOWS\System32\sechost.dll
0x00007ffc97a50000 - 0x00007ffc97b73000 	C:\WINDOWS\System32\RPCRT4.dll
0x00007ffc969d0000 - 0x00007ffc969f7000 	C:\WINDOWS\System32\bcrypt.dll
0x00007ffc7ffd0000 - 0x00007ffc7ffd9000 	C:\WINDOWS\SYSTEM32\WSOCK32.dll
0x00007ffc98420000 - 0x00007ffc9848b000 	C:\WINDOWS\System32\WS2_32.dll
0x00007ffc94f80000 - 0x00007ffc94f8a000 	C:\WINDOWS\SYSTEM32\VERSION.dll
0x00007ffc7ffe0000 - 0x00007ffc80007000 	C:\WINDOWS\SYSTEM32\WINMM.dll
0x00007ffc94ee0000 - 0x00007ffc94ef2000 	C:\WINDOWS\SYSTEM32\kernel.appcore.dll
0x00007ffc8ce90000 - 0x00007ffc8ce9a000 	C:\Users\4473331\.jdks\openjdk-20.0.1\bin\jimage.dll
0x00007ffc8bae0000 - 0x00007ffc8bcc4000 	C:\WINDOWS\SYSTEM32\DBGHELP.DLL
0x00007ffc8b950000 - 0x00007ffc8b984000 	C:\WINDOWS\SYSTEM32\dbgcore.DLL
0x00007ffc96bc0000 - 0x00007ffc96c42000 	C:\WINDOWS\System32\bcryptPrimitives.dll
0x00007ffc820d0000 - 0x00007ffc820de000 	C:\Users\4473331\.jdks\openjdk-20.0.1\bin\instrument.dll
0x00007ffc8ce60000 - 0x00007ffc8ce86000 	C:\Users\4473331\.jdks\openjdk-20.0.1\bin\java.dll
0x00007ffc003b0000 - 0x00007ffc00487000 	C:\Users\4473331\.jdks\openjdk-20.0.1\bin\jsvml.dll
0x00007ffc97240000 - 0x00007ffc979ad000 	C:\WINDOWS\System32\SHELL32.dll
0x00007ffc93dc0000 - 0x00007ffc94564000 	C:\WINDOWS\SYSTEM32\windows.storage.dll
0x00007ffc98490000 - 0x00007ffc987e3000 	C:\WINDOWS\System32\combase.dll
0x00007ffc95b50000 - 0x00007ffc95b7e000 	C:\WINDOWS\SYSTEM32\Wldp.dll
0x00007ffc96eb0000 - 0x00007ffc96f7d000 	C:\WINDOWS\System32\OLEAUT32.dll
0x00007ffc97130000 - 0x00007ffc971dd000 	C:\WINDOWS\System32\SHCORE.dll
0x00007ffc97c40000 - 0x00007ffc97c95000 	C:\WINDOWS\System32\shlwapi.dll
0x00007ffc96320000 - 0x00007ffc96344000 	C:\WINDOWS\SYSTEM32\profapi.dll
0x00007ffc782d0000 - 0x00007ffc782e8000 	C:\Users\4473331\.jdks\openjdk-20.0.1\bin\zip.dll
0x00007ffc820b0000 - 0x00007ffc820c3000 	C:\Users\4473331\.jdks\openjdk-20.0.1\bin\net.dll
0x00007ffc927d0000 - 0x00007ffc928dd000 	C:\WINDOWS\SYSTEM32\WINHTTP.dll
0x00007ffc95930000 - 0x00007ffc9599a000 	C:\WINDOWS\system32\mswsock.dll
0x00007ffc7b140000 - 0x00007ffc7b156000 	C:\Users\4473331\.jdks\openjdk-20.0.1\bin\nio.dll
0x00007ffc68e80000 - 0x00007ffc68e9a000 	C:\Program Files\JetBrains\IntelliJ IDEA Community Edition 2023.1.2\bin\breakgen64.dll
0x00007ffc7eb80000 - 0x00007ffc7eb87000 	C:\Users\4473331\.jdks\openjdk-20.0.1\bin\extnet.dll
0x00007ffbf9bd0000 - 0x00007ffbf9c4a000 	C:\Users\4473331\AppData\Local\Temp\1\lwjgl_4473331\3.3.2+13\x64\lwjgl.dll
0x00007ffbef680000 - 0x00007ffbef702000 	C:\Users\4473331\AppData\Local\Temp\1\lwjgl_4473331\3.3.2+13\x64\glfw.dll
0x00007ffc4dc40000 - 0x00007ffc4dc85000 	C:\WINDOWS\SYSTEM32\dinput8.dll
0x00007ffc53220000 - 0x00007ffc53231000 	C:\WINDOWS\SYSTEM32\xinput1_4.dll
0x00007ffc96a00000 - 0x00007ffc96a4e000 	C:\WINDOWS\System32\cfgmgr32.dll
0x00007ffc96180000 - 0x00007ffc961b3000 	C:\WINDOWS\SYSTEM32\DEVOBJ.dll
0x00007ffc938c0000 - 0x00007ffc938ef000 	C:\WINDOWS\SYSTEM32\dwmapi.dll
0x00007ffc88080000 - 0x00007ffc881d2000 	C:\WINDOWS\SYSTEM32\inputhost.dll
0x00007ffc917b0000 - 0x00007ffc91907000 	C:\WINDOWS\SYSTEM32\wintypes.dll
0x00007ffc90d40000 - 0x00007ffc90e32000 	C:\WINDOWS\SYSTEM32\CoreMessaging.dll
0x00007ffc8fd80000 - 0x00007ffc900db000 	C:\WINDOWS\SYSTEM32\CoreUIComponents.dll
0x00007ffc92d40000 - 0x00007ffc92e36000 	C:\WINDOWS\SYSTEM32\PROPSYS.dll
0x00007ffc954c0000 - 0x00007ffc954f3000 	C:\WINDOWS\SYSTEM32\ntmarta.dll
0x00007ffc936d0000 - 0x00007ffc9376e000 	C:\WINDOWS\system32\uxtheme.dll
0x00007ffc97010000 - 0x00007ffc97125000 	C:\WINDOWS\System32\MSCTF.dll
0x00007ffc574e0000 - 0x00007ffc57608000 	C:\WINDOWS\SYSTEM32\opengl32.dll
0x00007ffc57470000 - 0x00007ffc5749c000 	C:\WINDOWS\SYSTEM32\GLU32.dll
0x00007ffc98a80000 - 0x00007ffc98b29000 	C:\WINDOWS\System32\clbcatq.dll
0x00007ffb934c0000 - 0x00007ffb94442000 	C:\WINDOWS\System32\DriverStore\FileRepository\iigd_dch.inf_amd64_47794f8eae14cddd\ig12icd64.dll
0x00007ffc97ca0000 - 0x00007ffc97dcb000 	C:\WINDOWS\System32\ole32.dll
0x00007ffc946b0000 - 0x00007ffc947a6000 	C:\WINDOWS\system32\dxgi.dll
0x00007ffc85190000 - 0x00007ffc853e7000 	C:\WINDOWS\System32\DriverStore\FileRepository\iigd_dch.inf_amd64_47794f8eae14cddd\igdgmm64.dll
0x00007ffc82550000 - 0x00007ffc85169000 	C:\WINDOWS\System32\DriverStore\FileRepository\iigd_dch.inf_amd64_47794f8eae14cddd\igc64.dll
0x00007ffc96010000 - 0x00007ffc9605b000 	C:\WINDOWS\SYSTEM32\powrprof.dll
0x00007ffc95e40000 - 0x00007ffc95e52000 	C:\WINDOWS\SYSTEM32\UMPDC.dll
0x00007ffba3d40000 - 0x00007ffba414b000 	C:\WINDOWS\System32\DriverStore\FileRepository\iigd_dch.inf_amd64_47794f8eae14cddd\igdml64.dll
0x00007ffc881e0000 - 0x00007ffc882d9000 	C:\WINDOWS\SYSTEM32\textinputframework.dll
0x00007ffbefe60000 - 0x00007ffbefebe000 	C:\Users\4473331\AppData\Local\Temp\1\lwjgl_4473331\3.3.2+13\x64\lwjgl_opengl.dll

dbghelp: loaded successfully - version: 4.0.5 - missing functions: none
symbol engine: initialized successfully - sym options: 0x614 - pdb path: .;C:\Users\4473331\.jdks\openjdk-20.0.1\bin;C:\WINDOWS\SYSTEM32;C:\WINDOWS\WinSxS\amd64_microsoft.windows.common-controls_6595b64144ccf1df_6.0.19041.4355_none_60b8b9eb71f62e16;C:\Users\4473331\.jdks\openjdk-20.0.1\bin\server;C:\Program Files\JetBrains\IntelliJ IDEA Community Edition 2023.1.2\bin;C:\Users\4473331\AppData\Local\Temp\1\lwjgl_4473331\3.3.2+13\x64;C:\WINDOWS\System32\DriverStore\FileRepository\iigd_dch.inf_amd64_47794f8eae14cddd

VM Arguments:
jvm_args: -javaagent:C:\Program Files\JetBrains\IntelliJ IDEA Community Edition 2023.1.2\lib\idea_rt.jar=57467:C:\Program Files\JetBrains\IntelliJ IDEA Community Edition 2023.1.2\bin -Dfile.encoding=UTF-8 -Dsun.stdout.encoding=UTF-8 -Dsun.stderr.encoding=UTF-8 
java_command: metastasis.metastasis
java_class_path (initial): C:\Users\4473331\Documents\projects\000_grants\wgd_abm\out\production\wgd_abm;C:\Users\4473331\Documents\projects\000_grants\wgd_abm\HAL\lib\lwjgl-assimp-natives-macos-arm64.jar;C:\Users\4473331\Documents\projects\000_grants\wgd_abm\HAL\lib\lwjgl-opengl-natives-linux-arm32.jar;C:\Users\4473331\Documents\projects\000_grants\wgd_abm\HAL\lib\lwjgl-openal-natives-linux-arm64.jar;C:\Users\4473331\Documents\projects\000_grants\wgd_abm\HAL\lib\lwjgl-natives-linux.jar;C:\Users\4473331\Documents\projects\000_grants\wgd_abm\HAL\lib\lwjgl-opengl-natives-macos.jar;C:\Users\4473331\Documents\projects\000_grants\wgd_abm\HAL\lib\lwjgl-natives-windows.jar;C:\Users\4473331\Documents\projects\000_grants\wgd_abm\HAL\lib\lwjgl-assimp-javadoc.jar;C:\Users\4473331\Documents\projects\000_grants\wgd_abm\HAL\lib\lwjgl-opengl-natives-windows-arm64.jar;C:\Users\4473331\Documents\projects\000_grants\wgd_abm\HAL\lib\lwjgl-glfw-natives-windows-arm64.jar;C:\Users\4473331\Documents\projects\000_grants\wgd_abm\HAL\lib\lwjgl-opengl-javadoc.jar;C:\Users\4473331\Documents\projects\000_grants\wgd_abm\HAL\lib\lwjgl-stb-natives-macos.jar;C:\Users\4473331\Documents\projects\000_grants\wgd_abm\HAL\lib\lwjgl-stb-natives-windows-arm64.jar;C:\Users\4473331\Documents\projects\000_grants\wgd_abm\HAL\lib\lwjgl-natives-linux-arm32.jar;C:\Users\4473331\Documents\projects\000_grants\wgd_abm\HAL\lib\lwjgl-opengl-natives-windows-x86.jar;C:\Users\4473331\Documents\projects\000_grants\wgd_abm\HAL\lib\lwjgl-glfw-natives-macos.jar;C:\Users\4473331\Documents\projects\000_grants\wgd_abm\HAL\lib\lwjgl-openal-javadoc.jar;C:\Users\4473331\Documents\projects\000_grants\wgd_abm\HAL\lib\lwjgl-stb-sources.jar;C:\Users\4473331\Documents\projects\000_grants\wgd_abm\HAL\lib\lwjgl-glfw-natives-windows-x86.jar;C:\Users\4473331\Documents\projects\000_grants\wgd_abm\HAL\lib\lwjgl-glfw-javadoc.jar;C:\Users\4473331\Documents\projects\000_grants\wgd_abm\HAL\lib\lwjgl-javadoc.jar;C:\Users\4473331\Documents\projects\000_grants\wgd_abm\HAL\lib\lwjgl-sources.jar;C:\Users\4473331\Documents\projects\000_grants\wgd_abm\HAL\lib\lwjgl-openal-natives-linux-arm32.jar;C:\Users\4473331\Documents\projects\000_grants\wgd_abm\HAL\lib\lwjgl-openal-natives-macos-arm64.jar;C:\Users\4473331\Documents\projects\000_grants\wgd_abm\HAL\lib\lwjgl-assimp-natives-windows.jar;C:\Users\4473331\Documents\projects\000_grants\wgd_abm\HAL\lib\lwjgl-openal-natives-windows-x86.jar;C:\Users\4473331\Documents\projects\000_grants\wgd_abm\HAL\lib\lwjgl-stb-natives-linux.jar;C:\Users\4473331\Documents\projects\000_grants\wgd_abm\HAL\lib\lwjgl-natives-macos.jar;C:\Users\4473331\Documents\projects\000_grants\wgd_abm\HAL\lib\lwjgl-glfw-natives-linux.jar;C:\Users\4473331\Documents\projects\000_grants\wgd_abm\HAL\lib\lwjgl-stb-natives-macos-arm64.jar;C:\Users\4473331\Documents\projects\000_grants\wgd_abm\HAL\lib\lwjgl-openal-natives-windows-arm64.jar;C:\Users\4473331\Documents\projects\000_grants\wgd_abm\HAL\lib\lwjgl-opengl-natives-linux.jar;C:\Users\4473331\Documents\projects\000_grants\wgd_abm\HAL\lib\lwjgl-openal-natives-linux.jar;C:\Users\4473331\Documents\projects\000_grants\wgd_abm\HAL\lib\lwjgl-assimp-natives-linux-arm64.jar;C:\Users\4473331\Documents\projects\000_grants\wgd_abm\HAL\lib\lwjgl-stb-natives-linux-arm32.jar;C:\Users\4473331\Documents\projects\000_grants\wgd_abm\HAL\lib\lwjgl-glfw-natives-macos-arm64.jar;C:\Users\4473331\Documents\projects\000_grants\wgd_abm\HAL\lib\lwjgl-assimp-natives-windows-x86.jar;C:\Users\4473331\Documents\projects\000_grants\wgd_abm\HAL\lib\lwjgl-opengl-natives-windows.jar;C:\Users\4473331\Documents\projects\000_grants\wgd_abm\HAL\lib\lwjgl-glfw.jar;C:\Users\4473331\Documents\projects\000_grants\wgd_abm\HAL\lib\lwjgl-opengl-sources.jar;C:\Users\4473331\Documents\projects\000_grants\wgd_abm\HAL\lib\lwjgl-natives-windows-arm64.jar;C:\Users\4473331\Documents\projects\000_grants\wgd_abm\HAL\lib\lwjgl-openal-sources.jar;C:\Users\4473331\Documents\projects\000_grants\wgd_abm\HAL\lib\lwjgl-stb-natives-linux-arm64.jar;C:\Users\4473331\Documents\projects\000_grants\wgd_abm\HAL\lib\lwjgl-assimp-natives-linux-arm32.jar;C:\Users\4473331\Documents\projects\000_grants\wgd_abm\HAL\lib\lwjgl-glfw-sources.jar;C:\Users\4473331\Documents\projects\000_grants\wgd_abm\HAL\lib\lwjgl-openal-natives-windows.jar;C:\Users\4473331\Documents\projects\000_grants\wgd_abm\HAL\lib\lwjgl-natives-macos-arm64.jar;C:\Users\4473331\Documents\projects\000_grants\wgd_abm\HAL\lib\lwjgl-glfw-natives-windows.jar;C:\Users\4473331\Documents\projects\000_grants\wgd_abm\HAL\lib\lwjgl-stb-javadoc.jar;C:\Users\4473331\Documents\projects\000_grants\wgd_abm\HAL\lib\lwjgl-glfw-natives-linux-arm64.jar;C:\Users\4473331\Documents\projects\000_grants\wgd_abm\HAL\lib\lwjgl-assimp-natives-macos.jar;C:\Users\4473331\Documents\projects\000_grants\wgd_abm\HAL\lib\lwjgl.jar;C:\Users\4473331\Documents\projects\000_grants\wgd_abm\HAL\lib\lwjgl-opengl-natives-linux-arm64.jar;C:\Users\4473331\Documents\projects\000_grants\wgd_abm\HAL\lib\lwjgl-assimp.jar;C:\Users\4473331\Documents\projects\000_grants\wgd_abm\HAL\lib\lwjgl-stb-natives-windows-x86.jar;C:\Users\4473331\Documents\projects\000_grants\wgd_abm\HAL\lib\lwjgl-natives-windows-x86.jar;C:\Users\4473331\Documents\projects\000_grants\wgd_abm\HAL\lib\lwjgl-stb-natives-windows.jar;C:\Users\4473331\Documents\projects\000_grants\wgd_abm\HAL\lib\lwjgl-natives-linux-arm64.jar;C:\Users\4473331\Documents\projects\000_grants\wgd_abm\HAL\lib\lwjgl-openal-natives-macos.jar;C:\Users\4473331\Documents\projects\000_grants\wgd_abm\HAL\lib\lwjgl-openal.jar;C:\Users\4473331\Documents\projects\000_grants\wgd_abm\HAL\lib\lwjgl-assimp-natives-linux.jar;C:\Users\4473331\Documents\projects\000_grants\wgd_abm\HAL\lib\lwjgl-assimp-natives-windows-arm64.jar;C:\Users\4473331\Documents\projects\000_grants\wgd_abm\HAL\lib\lwjgl-assimp-sources.jar;C:\Users\4473331\Documents\projects\000_grants\wgd_abm\HAL\lib\lwjgl-glfw-natives-linux-arm32.jar;C:\Users\4473331\Documents\projects\000_grants\wgd_abm\HAL\lib\lwjgl-opengl-natives-macos-arm64.jar;C:\Users\4473331\Documents\projects\000_grants\wgd_abm\HAL\lib\lwjgl-opengl.jar;C:\Users\4473331\Documents\projects\000_grants\wgd_abm\HAL\lib\lwjgl-stb.jar
Launcher Type: SUN_STANDARD

[Global flags]
     intx CICompilerCount                          = 4                                         {product} {ergonomic}
     uint ConcGCThreads                            = 2                                         {product} {ergonomic}
     uint G1ConcRefinementThreads                  = 8                                         {product} {ergonomic}
   size_t G1HeapRegionSize                         = 2097152                                   {product} {ergonomic}
    uintx GCDrainStackTargetSize                   = 64                                        {product} {ergonomic}
   size_t InitialHeapSize                          = 266338304                                 {product} {ergonomic}
   size_t MarkStackSize                            = 4194304                                   {product} {ergonomic}
   size_t MaxHeapSize                              = 4229955584                                {product} {ergonomic}
   size_t MaxNewSize                               = 2537553920                                {product} {ergonomic}
   size_t MinHeapDeltaBytes                        = 2097152                                   {product} {ergonomic}
   size_t MinHeapSize                              = 8388608                                   {product} {ergonomic}
    uintx NonNMethodCodeHeapSize                   = 5839372                                {pd product} {ergonomic}
    uintx NonProfiledCodeHeapSize                  = 122909434                              {pd product} {ergonomic}
    uintx ProfiledCodeHeapSize                     = 122909434                              {pd product} {ergonomic}
    uintx ReservedCodeCacheSize                    = 251658240                              {pd product} {ergonomic}
     bool SegmentedCodeCache                       = true                                      {product} {ergonomic}
   size_t SoftMaxHeapSize                          = 4229955584                             {manageable} {ergonomic}
     bool UseCompressedClassPointers               = true                           {product lp64_product} {ergonomic}
     bool UseCompressedOops                        = true                           {product lp64_product} {ergonomic}
     bool UseG1GC                                  = true                                      {product} {ergonomic}
     bool UseLargePagesIndividualAllocation        = false                                  {pd product} {ergonomic}

Logging:
Log output configuration:
 #0: stdout all=off uptime,level,tags foldmultilines=false
 #1: stderr all=off uptime,level,tags foldmultilines=false

Environment Variables:
PATH=C:\Program Files (x86)\Common Files\Oracle\Java\java8path;C:\Program Files (x86)\Common Files\Oracle\Java\javapath;C:\WINDOWS\system32;C:\WINDOWS;C:\WINDOWS\System32\Wbem;C:\WINDOWS\System32\WindowsPowerShell\v1.0\;C:\WINDOWS\System32\OpenSSH\;C:\Program Files\Moffitt\Bgupdate;C:\Windows\CCM;C:\Program Files\MATLAB\R2022a\bin;;C:\Program Files\dotnet\;C:\Program Files\Amazon\AWSCLIV2\;C:\Program Files\Scripts;C:\Program Files;C:\Users\4473331\AppData\Local\Microsoft\WindowsApps;C:\Users\4473331\AppData\Local\Programs\Julia-1.6.2\bin;C:\Users\4473331\AppData\Local\Programs\Microsoft VS Code\bin;C:\Users\4473331\AppData\Local\Programs\Git\cmd;C:\Program Files\R\R-4.4.1\bin;C:\rtools40\mingw64\bin;C:\Users\4473331\AppData\Roaming\TinyTeX\bin\win32;C:\Gradle\gradle-4.2.1\bin;C:\Users\4473331\AppData\Roaming\Python\Python311\Scripts;C:\Program Files\JetBrains\PyCharm Community Edition 2023.1.2\bin;;C:\Users\4473331\AppData\Roaming\TinyTeX\bin\windows;C:\Program Files\OpenSSL-Win64\bin;
USERNAME=4473331
OS=Windows_NT
PROCESSOR_IDENTIFIER=Intel64 Family 6 Model 140 Stepping 1, GenuineIntel
TMP=C:\Users\4473331\AppData\Local\Temp\1
TEMP=C:\Users\4473331\AppData\Local\Temp\1




---------------  S Y S T E M  ---------------

OS:
 Windows 10 , 64 bit Build 19041 (10.0.19041.5072)
OS uptime: 1 days 1:23 hours
Hyper-V role detected

CPU: total 8 (initial active 8) (4 cores per cpu, 2 threads per core) family 6 model 140 stepping 1 microcode 0x6e, cx8, cmov, fxsr, ht, mmx, 3dnowpref, sse, sse2, sse3, ssse3, sse4.1, sse4.2, popcnt, lzcnt, tsc, tscinvbit, avx, avx2, aes, erms, clmul, bmi1, bmi2, adx, avx512f, avx512dq, avx512cd, avx512bw, avx512vl, sha, fma, vzeroupper, avx512_vpopcntdq, avx512_vpclmulqdq, avx512_vaes, avx512_vnni, clflush, clflushopt, clwb, avx512_vbmi2, avx512_vbmi, hv, rdtscp, rdpid, fsrm, gfni, avx512_bitalg, f16c, cet_ibt, cet_ss, avx512_ifma

Memory: 4k page, system-wide physical 16129M (3086M free)
TotalPageFile size 25345M (AvailPageFile size 5629M)
current process WorkingSet (physical memory assigned to process): 359M, peak: 364M
current process commit charge ("private bytes"): 440M, peak: 449M

vm_info: OpenJDK 64-Bit Server VM (20.0.1+9-29) for windows-amd64 JRE (20.0.1+9-29), built on 2023-03-07T13:56:11Z by "mach5one" with MS VC++ 17.1 (VS2022)

END.
