#
# A fatal error has been detected by the Java Runtime Environment:
#
#  EXCEPTION_ACCESS_VIOLATION (0xc0000005) at pc=0x00007ffb9b43fdb5, pid=24676, tid=3300
#
# JRE version: OpenJDK Runtime Environment (20.0.1+9) (build 20.0.1+9-29)
# Java VM: OpenJDK 64-Bit Server VM (20.0.1+9-29, mixed mode, sharing, tiered, compressed oops, compressed class ptrs, g1 gc, windows-amd64)
# Problematic frame:
# C  [ig12icd64.dll+0x2afdb5]
#
# No core dump will be written. Minidumps are not enabled by default on client versions of Windows
#
# If you would like to submit a bug report, please visit:
#   https://bugreport.java.com/bugreport/crash.jsp
#

---------------  S U M M A R Y ------------

Command Line: -javaagent:C:\Program Files\JetBrains\IntelliJ IDEA Community Edition 2023.1.2\lib\idea_rt.jar=57179:C:\Program Files\JetBrains\IntelliJ IDEA Community Edition 2023.1.2\bin -Dfile.encoding=UTF-8 -Dsun.stdout.encoding=UTF-8 -Dsun.stderr.encoding=UTF-8 metastasis.metastasis

Host: 11th Gen Intel(R) Core(TM) i7-1165G7 @ 2.80GHz, 8 cores, 15G,  Windows 10 , 64 bit Build 19041 (10.0.19041.5072)
Time: Tue Dec 10 12:21:21 2024 Eastern Standard Time elapsed time: 60.390464 seconds (0d 0h 1m 0s)

---------------  T H R E A D  ---------------

Current thread (0x0000016478e2f3f0):  VMThread "VM Thread" [stack: 0x00000005cc500000,0x00000005cc600000] [id=3300]

Stack: [0x00000005cc500000,0x00000005cc600000],  sp=0x00000005cc5fe760,  free space=1017k
Native frames: (J=compiled Java code, j=interpreted, Vv=VM code, C=native code)
C  [ig12icd64.dll+0x2afdb5]


siginfo: EXCEPTION_ACCESS_VIOLATION (0xc0000005), reading address 0x00000000000353a8


Registers:
RAX=0x0000016405574570, RBX=0x0000016405574460, RCX=0x0000000000000001, RDX=0x0000016405574530
RSP=0x00000005cc5fe760, RBP=0x00000005cc5fe860, RSI=0x0000000000000000, RDI=0x000001647d17c2b0
R8 =0x0000000000000000, R9 =0x0000000000000000, R10=0x0000000000000000, R11=0x0000000000000246
R12=0x0000000000000000, R13=0x0000016405574460, R14=0x0000016405574978, R15=0x000001640556fc10
RIP=0x00007ffb9b43fdb5, EFLAGS=0x0000000000010202


Register to memory mapping:

RIP=0x00007ffb9b43fdb5 ig12icd64.dll
RAX=0x0000016405574570 points into unknown readable memory: 0x000000000827747f | 7f 74 27 08 00 00 00 00
RBX=0x0000016405574460 points into unknown readable memory: 0x000001647d6f1970 | 70 19 6f 7d 64 01 00 00
RCX=0x0000000000000001 is an unknown value
RDX=0x0000016405574530 points into unknown readable memory: 0x0000000000000000 | 00 00 00 00 00 00 00 00
RSP=0x00000005cc5fe760 points into unknown readable memory: 0x000001647d738060 | 60 80 73 7d 64 01 00 00
RBP=0x00000005cc5fe860 points into unknown readable memory: 0x9ae8023f80e800d9 | d9 00 e8 80 3f 02 e8 9a
RSI=0x0 is NULL
RDI=0x000001647d17c2b0 points into unknown readable memory: 0x00007ffc97b31b00 | 00 1b b3 97 fc 7f 00 00
R8 =0x0 is NULL
R9 =0x0 is NULL
R10=0x0 is NULL
R11=0x0000000000000246 is an unknown value
R12=0x0 is NULL
R13=0x0000016405574460 points into unknown readable memory: 0x000001647d6f1970 | 70 19 6f 7d 64 01 00 00
R14=0x0000016405574978 points into unknown readable memory: 0x000001640556fc10 | 10 fc 56 05 64 01 00 00
R15=0x000001640556fc10 points into unknown readable memory: 0x000001647d6f1970 | 70 19 6f 7d 64 01 00 00


Top of Stack: (sp=0x00000005cc5fe760)
0x00000005cc5fe760:   000001647d738060 0000000000000000
0x00000005cc5fe770:   0000000000000000 0000000000000000
0x00000005cc5fe780:   0000001638000000 0000000000000000
0x00000005cc5fe790:   74cb02aa27cb00ce efcc005649cc00da
0x00000005cc5fe7a0:   000001647d738060 17d0022bf4cf0169
0x00000005cc5fe7b0:   39d100f48dd00056 d2d1007b9ad10148
0x00000005cc5fe7c0:   3dd5006182d300a7 ecd6010fd6d6032a
0x00000005cc5fe7d0:   3dd700def6d602c6 07d9011fd1d802eb
0x00000005cc5fe7e0:   38da032073d90124 19db000effda01c8
0x00000005cc5fe7f0:   b2db01d826db02ec 0bdc0139fbdb02cc
0x00000005cc5fe800:   1bdd027edcdc019a 3ee001801fdf0119
0x00000005cc5fe810:   61e002e442e001e7 65e10316fde002c3
0x00000005cc5fe820:   83e1008c7ee102de 1be202f5d9e102ac
0x00000005cc5fe830:   2fe202dd2be20056 69e4005e2ae40114
0x00000005cc5fe840:   cee501274ce500c9 62e60d2b3ee6029a
0x00000005cc5fe850:   fbe600816ce602ff a4e7011d68e70339
0x00000005cc5fe860:   9ae8023f80e800d9 b4e800fa9ee800fd
0x00000005cc5fe870:   8ce90195e0e80294 5fec02cc94ea010a
0x00000005cc5fe880:   b9ec03138aec00ce 35ef02f771ee0122
0x00000005cc5fe890:   e0f0008b79ef032a 7df102d45cf100b6
0x00000005cc5fe8a0:   000079ca8810d176 28f300db08f300fa
0x00000005cc5fe8b0:   0000000000000000 0000000000000000
0x00000005cc5fe8c0:   0000000000000000 0000000000000000
0x00000005cc5fe8d0:   0000000000000000 0000000000000000
0x00000005cc5fe8e0:   0000000000000000 0000000000000000
0x00000005cc5fe8f0:   0000000000000000 0000000000000000
0x00000005cc5fe900:   0000000000000000 0000000000000000
0x00000005cc5fe910:   0000000000000000 0000000000000000
0x00000005cc5fe920:   0000000000000000 0000000000000000
0x00000005cc5fe930:   404e000000000000 0000000000000000
0x00000005cc5fe940:   0000000000000000 0000000000000000
0x00000005cc5fe950:   00000164051c2c18 0000000008278f30 

Instructions: (pc=0x00007ffb9b43fdb5)
0x00007ffb9b43fcb5:   48 8b cb ff 15 42 74 7f 00 90 4c 8b bf 80 02 00
0x00007ffb9b43fcc5:   00 48 8b 05 73 d3 b1 00 8b 80 1c 0a 00 00 89 44
0x00007ffb9b43fcd5:   24 24 c6 44 24 20 00 48 c7 87 80 02 00 00 00 00
0x00007ffb9b43fce5:   00 00 c7 87 88 02 00 00 00 00 00 00 48 c7 87 a0
0x00007ffb9b43fcf5:   02 00 00 00 00 00 00 48 c7 87 90 02 00 00 00 00
0x00007ffb9b43fd05:   00 00 48 85 f6 75 3d 8b 35 3e 67 c1 00 65 48 8b
0x00007ffb9b43fd15:   04 25 58 00 00 00 b9 30 00 00 00 48 8b 04 f0 80
0x00007ffb9b43fd25:   3c 01 00 0f 84 7e 29 6c 00 65 48 8b 04 25 58 00
0x00007ffb9b43fd35:   00 00 b9 08 00 00 00 48 8b 04 f0 48 8b 34 01 48
0x00007ffb9b43fd45:   89 74 24 28 48 3b 35 10 8b c1 00 0f 84 37 11 00
0x00007ffb9b43fd55:   00 4d 85 ff 0f 84 37 01 00 00 90 49 8b df 4d 8b
0x00007ffb9b43fd65:   ef 4d 8d b7 18 05 00 00 4d 8b 3e 45 84 e4 0f 85
0x00007ffb9b43fd75:   b4 0f 00 00 8b 8f d0 01 00 00 48 8b 05 ba d2 b1
0x00007ffb9b43fd85:   00 83 b8 54 03 00 00 02 75 33 48 8d 93 d0 00 00
0x00007ffb9b43fd95:   00 83 f9 10 0f 83 73 01 00 00 8b c1 48 c1 e0 06
0x00007ffb9b43fda5:   48 03 c2 48 85 c0 0f 84 d5 01 00 00 4c 8b 40 08
0x00007ffb9b43fdb5:   4c 3b 86 a8 53 03 00 0f 87 8e 0f 00 00 48 83 bb
0x00007ffb9b43fdc5:   70 05 00 00 00 0f 85 0f 29 6c 00 44 8b 87 d0 01
0x00007ffb9b43fdd5:   00 00 48 8b 87 e8 01 00 00 48 8b 10 8b 8f d0 01
0x00007ffb9b43fde5:   00 00 48 8d b3 d0 00 00 00 83 f9 10 0f 83 54 01
0x00007ffb9b43fdf5:   00 00 8b c1 48 c1 e0 06 48 03 c6 48 85 c0 0f 84
0x00007ffb9b43fe05:   85 01 00 00 48 39 50 08 0f 86 7b 01 00 00 48 8b
0x00007ffb9b43fe15:   87 80 02 00 00 49 89 06 48 89 9f 80 02 00 00 ff
0x00007ffb9b43fe25:   87 88 02 00 00 48 8b 4b 08 48 8b 01 ba 01 00 00
0x00007ffb9b43fe35:   00 48 8b 80 e0 02 00 00 ff 15 9d 77 7f 00 0f b7
0x00007ffb9b43fe45:   c8 48 2b c1 48 05 00 00 01 00 48 01 87 90 02 00
0x00007ffb9b43fe55:   00 48 8b 4b 08 48 8b 01 ba 01 00 00 00 48 8b 80
0x00007ffb9b43fe65:   e0 02 00 00 ff 15 71 77 7f 00 48 01 87 a0 02 00
0x00007ffb9b43fe75:   00 48 8b 74 24 28 0f b6 54 24 20 4d 85 ff 0f 85
0x00007ffb9b43fe85:   d7 fe ff ff 84 d2 0f 85 5c 10 00 00 48 8b 5c 24
0x00007ffb9b43fe95:   40 48 8b cf 80 7c 24 22 00 0f 85 36 10 00 00 e8
0x00007ffb9b43fea5:   a7 f0 ff ff 90 48 8b cb ff 15 7d 73 7f 00 48 8b 


Stack slot to memory mapping:
stack at sp + 0 slots: 0x000001647d738060 points into unknown readable memory: 0xffffffffffffffff | ff ff ff ff ff ff ff ff
stack at sp + 1 slots: 0x0 is NULL
stack at sp + 2 slots: 0x0 is NULL
stack at sp + 3 slots: 0x0 is NULL
stack at sp + 4 slots: 0x0000001638000000 is an unknown value
stack at sp + 5 slots: 0x0 is NULL
stack at sp + 6 slots: 0x74cb02aa27cb00ce is an unknown value
stack at sp + 7 slots: 0xefcc005649cc00da is an unknown value

VM_Operation (0x00000005cd2fef70): Exit, mode: safepoint, requested by thread 0x000001647d2c79b0


---------------  P R O C E S S  ---------------

Threads class SMR info:
_java_thread_list=0x00000164059e98a0, length=13, elements={
0x0000016459944870, 0x0000016478e4a380, 0x0000016478e4b320, 0x0000016478e4f080,
0x0000016478e509d0, 0x0000016478e518c0, 0x0000016478e533b0, 0x0000016478e59c80,
0x0000016478e627b0, 0x000001647d0e46f0, 0x000001647d307660, 0x000001647d307bb0,
0x000001647d2c79b0
}

Java Threads: ( => current thread )
  0x0000016459944870 JavaThread "main" [_thread_blocked, id=23868, stack(0x00000005cbf00000,0x00000005cc000000)]
  0x0000016478e4a380 JavaThread "Reference Handler" daemon [_thread_blocked, id=12072, stack(0x00000005cc600000,0x00000005cc700000)]
  0x0000016478e4b320 JavaThread "Finalizer" daemon [_thread_blocked, id=23976, stack(0x00000005cc700000,0x00000005cc800000)]
  0x0000016478e4f080 JavaThread "Signal Dispatcher" daemon [_thread_blocked, id=22660, stack(0x00000005cc800000,0x00000005cc900000)]
  0x0000016478e509d0 JavaThread "Attach Listener" daemon [_thread_blocked, id=6924, stack(0x00000005cc900000,0x00000005cca00000)]
  0x0000016478e518c0 JavaThread "Service Thread" daemon [_thread_blocked, id=8232, stack(0x00000005cca00000,0x00000005ccb00000)]
  0x0000016478e533b0 JavaThread "Monitor Deflation Thread" daemon [_thread_blocked, id=26928, stack(0x00000005ccb00000,0x00000005ccc00000)]
  0x0000016478e59c80 JavaThread "C2 CompilerThread0" daemon [_thread_blocked, id=13004, stack(0x00000005ccc00000,0x00000005ccd00000)]
  0x0000016478e627b0 JavaThread "C1 CompilerThread0" daemon [_thread_blocked, id=9620, stack(0x00000005ccd00000,0x00000005cce00000)]
  0x000001647d0e46f0 JavaThread "Common-Cleaner" daemon [_thread_blocked, id=1804, stack(0x00000005cce00000,0x00000005ccf00000)]
  0x000001647d307660 JavaThread "Monitor Ctrl-Break" daemon [_thread_in_native, id=16588, stack(0x00000005ccf00000,0x00000005cd000000)]
  0x000001647d307bb0 JavaThread "Notification Thread" daemon [_thread_blocked, id=27904, stack(0x00000005cd000000,0x00000005cd100000)]
  0x000001647d2c79b0 JavaThread "SIGINT handler" daemon [_thread_blocked, id=26740, stack(0x00000005cd200000,0x00000005cd300000)]

Other Threads:
=>0x0000016478e2f3f0 VMThread "VM Thread" [stack: 0x00000005cc500000,0x00000005cc600000] [id=3300]
  0x00000164599b4080 WorkerThread "GC Thread#0" [stack: 0x00000005cc000000,0x00000005cc100000] [id=27484]
  0x00000164055b31a0 WorkerThread "GC Thread#1" [stack: 0x00000005cd800000,0x00000005cd900000] [id=2996]
  0x0000016405924510 WorkerThread "GC Thread#2" [stack: 0x00000005cd900000,0x00000005cda00000] [id=24656]
  0x00000164059247e0 WorkerThread "GC Thread#3" [stack: 0x00000005cda00000,0x00000005cdb00000] [id=11940]
  0x0000016405924240 WorkerThread "GC Thread#4" [stack: 0x00000005cdb00000,0x00000005cdc00000] [id=4524]
  0x0000016405924ab0 WorkerThread "GC Thread#5" [stack: 0x00000005cdc00000,0x00000005cdd00000] [id=6908]
  0x0000016405924d80 WorkerThread "GC Thread#6" [stack: 0x00000005cdd00000,0x00000005cde00000] [id=23464]
  0x0000016405925050 WorkerThread "GC Thread#7" [stack: 0x00000005cde00000,0x00000005cdf00000] [id=27556]
  0x00000164599c6060 ConcurrentGCThread "G1 Main Marker" terminated
  0x00000164599c7140 WorkerThread "G1 Conc#0" [stack: 0x00000005cc200000,0x00000005cc300000] [id=17812]
  0x00000164599fec40 ConcurrentGCThread "G1 Refine#0" terminated
  0x0000016478ceafc0 ConcurrentGCThread "G1 Service" terminated

Threads with active compile tasks:

VM state: at safepoint (shutting down)

VM Mutex/Monitor currently owned by a thread:  ([mutex/lock_event])
[0x00000164599423b0] Threads_lock - owner thread: 0x0000016478e2f3f0
[0x00000164599427a0] Heap_lock - owner thread: 0x000001647d2c79b0

Heap address: 0x0000000703e00000, size: 4034 MB, Compressed Oops mode: Zero based, Oop shift amount: 3

CDS archive(s) mapped at: [0x0000000800000000-0x0000000800c60000-0x0000000800c60000), size 12976128, SharedBaseAddress: 0x0000000800000000, ArchiveRelocationMode: 0.
Compressed class space mapped at: 0x0000000801000000-0x0000000841000000, reserved size: 1073741824
Narrow klass base: 0x0000000800000000, Narrow klass shift: 0, Narrow klass range: 0x100000000

GC Precious Log:
 CardTable entry size: 512
 Card Set container configuration: InlinePtr #cards 4 size 8 Array Of Cards #cards 16 size 48 Howl #buckets 8 coarsen threshold 3686 Howl Bitmap #cards 512 size 80 coarsen threshold 460 Card regions per heap region 1 cards per card region 4096
 CPUs: 8 total, 8 available
 Memory: 16129M
 Large Page Support: Disabled
 NUMA Support: Disabled
 Compressed Oops: Enabled (Zero based)
 Heap Region Size: 2M
 Heap Min Capacity: 8M
 Heap Initial Capacity: 254M
 Heap Max Capacity: 4034M
 Pre-touch: Disabled
 Parallel Workers: 8
 Concurrent Workers: 2
 Concurrent Refinement Workers: 8
 Periodic GC: Disabled

Heap:
 garbage-first heap   total 260096K, used 121455K [0x0000000703e00000, 0x0000000800000000)
  region size 2048K, 58 young (118784K), 1 survivors (2048K)
 Metaspace       used 4205K, committed 4480K, reserved 1114112K
  class space    used 263K, committed 384K, reserved 1048576K

Heap Regions: E=young(eden), S=young(survivor), O=old, HS=humongous(starts), HC=humongous(continues), CS=collection set, F=free, OA=open archive, CA=closed archive, TAMS=top-at-mark-start, PB=parsable bottom
|   0|0x0000000703e00000, 0x0000000704000000, 0x0000000704000000|100%| O|  |TAMS 0x0000000703e00000| PB 0x0000000703e00000| Untracked 
|   1|0x0000000704000000, 0x0000000704200000, 0x0000000704200000|100%| O|  |TAMS 0x0000000704000000| PB 0x0000000704000000| Untracked 
|   2|0x0000000704200000, 0x0000000704400000, 0x0000000704400000|100%| O|  |TAMS 0x0000000704200000| PB 0x0000000704200000| Untracked 
|   3|0x0000000704400000, 0x000000070447d800, 0x0000000704600000| 24%| O|  |TAMS 0x0000000704400000| PB 0x0000000704400000| Untracked 
|   4|0x0000000704600000, 0x0000000704600000, 0x0000000704800000|  0%| F|  |TAMS 0x0000000704600000| PB 0x0000000704600000| Untracked 
|   5|0x0000000704800000, 0x0000000704800000, 0x0000000704a00000|  0%| F|  |TAMS 0x0000000704800000| PB 0x0000000704800000| Untracked 
|   6|0x0000000704a00000, 0x0000000704a00000, 0x0000000704c00000|  0%| F|  |TAMS 0x0000000704a00000| PB 0x0000000704a00000| Untracked 
|   7|0x0000000704c00000, 0x0000000704c00000, 0x0000000704e00000|  0%| F|  |TAMS 0x0000000704c00000| PB 0x0000000704c00000| Untracked 
|   8|0x0000000704e00000, 0x0000000704e00000, 0x0000000705000000|  0%| F|  |TAMS 0x0000000704e00000| PB 0x0000000704e00000| Untracked 
|   9|0x0000000705000000, 0x0000000705000000, 0x0000000705200000|  0%| F|  |TAMS 0x0000000705000000| PB 0x0000000705000000| Untracked 
|  10|0x0000000705200000, 0x0000000705200000, 0x0000000705400000|  0%| F|  |TAMS 0x0000000705200000| PB 0x0000000705200000| Untracked 
|  11|0x0000000705400000, 0x0000000705400000, 0x0000000705600000|  0%| F|  |TAMS 0x0000000705400000| PB 0x0000000705400000| Untracked 
|  12|0x0000000705600000, 0x0000000705600000, 0x0000000705800000|  0%| F|  |TAMS 0x0000000705600000| PB 0x0000000705600000| Untracked 
|  13|0x0000000705800000, 0x0000000705800000, 0x0000000705a00000|  0%| F|  |TAMS 0x0000000705800000| PB 0x0000000705800000| Untracked 
|  14|0x0000000705a00000, 0x0000000705a00000, 0x0000000705c00000|  0%| F|  |TAMS 0x0000000705a00000| PB 0x0000000705a00000| Untracked 
|  15|0x0000000705c00000, 0x0000000705c00000, 0x0000000705e00000|  0%| F|  |TAMS 0x0000000705c00000| PB 0x0000000705c00000| Untracked 
|  16|0x0000000705e00000, 0x0000000705e00000, 0x0000000706000000|  0%| F|  |TAMS 0x0000000705e00000| PB 0x0000000705e00000| Untracked 
|  17|0x0000000706000000, 0x0000000706000000, 0x0000000706200000|  0%| F|  |TAMS 0x0000000706000000| PB 0x0000000706000000| Untracked 
|  18|0x0000000706200000, 0x0000000706200000, 0x0000000706400000|  0%| F|  |TAMS 0x0000000706200000| PB 0x0000000706200000| Untracked 
|  19|0x0000000706400000, 0x0000000706400000, 0x0000000706600000|  0%| F|  |TAMS 0x0000000706400000| PB 0x0000000706400000| Untracked 
|  20|0x0000000706600000, 0x0000000706600000, 0x0000000706800000|  0%| F|  |TAMS 0x0000000706600000| PB 0x0000000706600000| Untracked 
|  21|0x0000000706800000, 0x0000000706800000, 0x0000000706a00000|  0%| F|  |TAMS 0x0000000706800000| PB 0x0000000706800000| Untracked 
|  22|0x0000000706a00000, 0x0000000706a00000, 0x0000000706c00000|  0%| F|  |TAMS 0x0000000706a00000| PB 0x0000000706a00000| Untracked 
|  23|0x0000000706c00000, 0x0000000706c00000, 0x0000000706e00000|  0%| F|  |TAMS 0x0000000706c00000| PB 0x0000000706c00000| Untracked 
|  24|0x0000000706e00000, 0x0000000706e00000, 0x0000000707000000|  0%| F|  |TAMS 0x0000000706e00000| PB 0x0000000706e00000| Untracked 
|  25|0x0000000707000000, 0x0000000707000000, 0x0000000707200000|  0%| F|  |TAMS 0x0000000707000000| PB 0x0000000707000000| Untracked 
|  26|0x0000000707200000, 0x0000000707200000, 0x0000000707400000|  0%| F|  |TAMS 0x0000000707200000| PB 0x0000000707200000| Untracked 
|  27|0x0000000707400000, 0x0000000707400000, 0x0000000707600000|  0%| F|  |TAMS 0x0000000707400000| PB 0x0000000707400000| Untracked 
|  28|0x0000000707600000, 0x0000000707600000, 0x0000000707800000|  0%| F|  |TAMS 0x0000000707600000| PB 0x0000000707600000| Untracked 
|  29|0x0000000707800000, 0x0000000707800000, 0x0000000707a00000|  0%| F|  |TAMS 0x0000000707800000| PB 0x0000000707800000| Untracked 
|  30|0x0000000707a00000, 0x0000000707a00000, 0x0000000707c00000|  0%| F|  |TAMS 0x0000000707a00000| PB 0x0000000707a00000| Untracked 
|  31|0x0000000707c00000, 0x0000000707c00000, 0x0000000707e00000|  0%| F|  |TAMS 0x0000000707c00000| PB 0x0000000707c00000| Untracked 
|  32|0x0000000707e00000, 0x0000000707e00000, 0x0000000708000000|  0%| F|  |TAMS 0x0000000707e00000| PB 0x0000000707e00000| Untracked 
|  33|0x0000000708000000, 0x0000000708000000, 0x0000000708200000|  0%| F|  |TAMS 0x0000000708000000| PB 0x0000000708000000| Untracked 
|  34|0x0000000708200000, 0x0000000708200000, 0x0000000708400000|  0%| F|  |TAMS 0x0000000708200000| PB 0x0000000708200000| Untracked 
|  35|0x0000000708400000, 0x0000000708400000, 0x0000000708600000|  0%| F|  |TAMS 0x0000000708400000| PB 0x0000000708400000| Untracked 
|  36|0x0000000708600000, 0x0000000708600000, 0x0000000708800000|  0%| F|  |TAMS 0x0000000708600000| PB 0x0000000708600000| Untracked 
|  37|0x0000000708800000, 0x0000000708800000, 0x0000000708a00000|  0%| F|  |TAMS 0x0000000708800000| PB 0x0000000708800000| Untracked 
|  38|0x0000000708a00000, 0x0000000708a00000, 0x0000000708c00000|  0%| F|  |TAMS 0x0000000708a00000| PB 0x0000000708a00000| Untracked 
|  39|0x0000000708c00000, 0x0000000708c00000, 0x0000000708e00000|  0%| F|  |TAMS 0x0000000708c00000| PB 0x0000000708c00000| Untracked 
|  40|0x0000000708e00000, 0x0000000708e00000, 0x0000000709000000|  0%| F|  |TAMS 0x0000000708e00000| PB 0x0000000708e00000| Untracked 
|  41|0x0000000709000000, 0x0000000709000000, 0x0000000709200000|  0%| F|  |TAMS 0x0000000709000000| PB 0x0000000709000000| Untracked 
|  42|0x0000000709200000, 0x0000000709200000, 0x0000000709400000|  0%| F|  |TAMS 0x0000000709200000| PB 0x0000000709200000| Untracked 
|  43|0x0000000709400000, 0x0000000709400000, 0x0000000709600000|  0%| F|  |TAMS 0x0000000709400000| PB 0x0000000709400000| Untracked 
|  44|0x0000000709600000, 0x0000000709600000, 0x0000000709800000|  0%| F|  |TAMS 0x0000000709600000| PB 0x0000000709600000| Untracked 
|  45|0x0000000709800000, 0x0000000709800000, 0x0000000709a00000|  0%| F|  |TAMS 0x0000000709800000| PB 0x0000000709800000| Untracked 
|  46|0x0000000709a00000, 0x0000000709a00000, 0x0000000709c00000|  0%| F|  |TAMS 0x0000000709a00000| PB 0x0000000709a00000| Untracked 
|  47|0x0000000709c00000, 0x0000000709c00000, 0x0000000709e00000|  0%| F|  |TAMS 0x0000000709c00000| PB 0x0000000709c00000| Untracked 
|  48|0x0000000709e00000, 0x0000000709e00000, 0x000000070a000000|  0%| F|  |TAMS 0x0000000709e00000| PB 0x0000000709e00000| Untracked 
|  49|0x000000070a000000, 0x000000070a000000, 0x000000070a200000|  0%| F|  |TAMS 0x000000070a000000| PB 0x000000070a000000| Untracked 
|  50|0x000000070a200000, 0x000000070a21e5d0, 0x000000070a400000|  5%| S|CS|TAMS 0x000000070a200000| PB 0x000000070a200000| Complete 
|  51|0x000000070a400000, 0x000000070a400000, 0x000000070a600000|  0%| F|  |TAMS 0x000000070a400000| PB 0x000000070a400000| Untracked 
|  52|0x000000070a600000, 0x000000070a600000, 0x000000070a800000|  0%| F|  |TAMS 0x000000070a600000| PB 0x000000070a600000| Untracked 
|  53|0x000000070a800000, 0x000000070a800000, 0x000000070aa00000|  0%| F|  |TAMS 0x000000070a800000| PB 0x000000070a800000| Untracked 
|  54|0x000000070aa00000, 0x000000070aa00000, 0x000000070ac00000|  0%| F|  |TAMS 0x000000070aa00000| PB 0x000000070aa00000| Untracked 
|  55|0x000000070ac00000, 0x000000070ac00000, 0x000000070ae00000|  0%| F|  |TAMS 0x000000070ac00000| PB 0x000000070ac00000| Untracked 
|  56|0x000000070ae00000, 0x000000070ae00000, 0x000000070b000000|  0%| F|  |TAMS 0x000000070ae00000| PB 0x000000070ae00000| Untracked 
|  57|0x000000070b000000, 0x000000070b000000, 0x000000070b200000|  0%| F|  |TAMS 0x000000070b000000| PB 0x000000070b000000| Untracked 
|  58|0x000000070b200000, 0x000000070b200000, 0x000000070b400000|  0%| F|  |TAMS 0x000000070b200000| PB 0x000000070b200000| Untracked 
|  59|0x000000070b400000, 0x000000070b400000, 0x000000070b600000|  0%| F|  |TAMS 0x000000070b400000| PB 0x000000070b400000| Untracked 
|  60|0x000000070b600000, 0x000000070b600000, 0x000000070b800000|  0%| F|  |TAMS 0x000000070b600000| PB 0x000000070b600000| Untracked 
|  61|0x000000070b800000, 0x000000070b800000, 0x000000070ba00000|  0%| F|  |TAMS 0x000000070b800000| PB 0x000000070b800000| Untracked 
|  62|0x000000070ba00000, 0x000000070ba00000, 0x000000070bc00000|  0%| F|  |TAMS 0x000000070ba00000| PB 0x000000070ba00000| Untracked 
|  63|0x000000070bc00000, 0x000000070bc00000, 0x000000070be00000|  0%| F|  |TAMS 0x000000070bc00000| PB 0x000000070bc00000| Untracked 
|  64|0x000000070be00000, 0x000000070be00000, 0x000000070c000000|  0%| F|  |TAMS 0x000000070be00000| PB 0x000000070be00000| Untracked 
|  65|0x000000070c000000, 0x000000070c000000, 0x000000070c200000|  0%| F|  |TAMS 0x000000070c000000| PB 0x000000070c000000| Untracked 
|  66|0x000000070c200000, 0x000000070c200000, 0x000000070c400000|  0%| F|  |TAMS 0x000000070c200000| PB 0x000000070c200000| Untracked 
|  67|0x000000070c400000, 0x000000070c400000, 0x000000070c600000|  0%| F|  |TAMS 0x000000070c400000| PB 0x000000070c400000| Untracked 
|  68|0x000000070c600000, 0x000000070c600000, 0x000000070c800000|  0%| F|  |TAMS 0x000000070c600000| PB 0x000000070c600000| Untracked 
|  69|0x000000070c800000, 0x000000070c800000, 0x000000070ca00000|  0%| F|  |TAMS 0x000000070c800000| PB 0x000000070c800000| Untracked 
|  70|0x000000070ca00000, 0x000000070cb00800, 0x000000070cc00000| 50%| E|  |TAMS 0x000000070ca00000| PB 0x000000070ca00000| Complete 
|  71|0x000000070cc00000, 0x000000070ce00000, 0x000000070ce00000|100%| E|CS|TAMS 0x000000070cc00000| PB 0x000000070cc00000| Complete 
|  72|0x000000070ce00000, 0x000000070d000000, 0x000000070d000000|100%| E|CS|TAMS 0x000000070ce00000| PB 0x000000070ce00000| Complete 
|  73|0x000000070d000000, 0x000000070d200000, 0x000000070d200000|100%| E|CS|TAMS 0x000000070d000000| PB 0x000000070d000000| Complete 
|  74|0x000000070d200000, 0x000000070d400000, 0x000000070d400000|100%| E|CS|TAMS 0x000000070d200000| PB 0x000000070d200000| Complete 
|  75|0x000000070d400000, 0x000000070d600000, 0x000000070d600000|100%| E|CS|TAMS 0x000000070d400000| PB 0x000000070d400000| Complete 
|  76|0x000000070d600000, 0x000000070d800000, 0x000000070d800000|100%| E|CS|TAMS 0x000000070d600000| PB 0x000000070d600000| Complete 
|  77|0x000000070d800000, 0x000000070da00000, 0x000000070da00000|100%| E|CS|TAMS 0x000000070d800000| PB 0x000000070d800000| Complete 
|  78|0x000000070da00000, 0x000000070dc00000, 0x000000070dc00000|100%| E|CS|TAMS 0x000000070da00000| PB 0x000000070da00000| Complete 
|  79|0x000000070dc00000, 0x000000070de00000, 0x000000070de00000|100%| E|CS|TAMS 0x000000070dc00000| PB 0x000000070dc00000| Complete 
|  80|0x000000070de00000, 0x000000070e000000, 0x000000070e000000|100%| E|CS|TAMS 0x000000070de00000| PB 0x000000070de00000| Complete 
|  81|0x000000070e000000, 0x000000070e200000, 0x000000070e200000|100%| E|CS|TAMS 0x000000070e000000| PB 0x000000070e000000| Complete 
|  82|0x000000070e200000, 0x000000070e400000, 0x000000070e400000|100%| E|CS|TAMS 0x000000070e200000| PB 0x000000070e200000| Complete 
|  83|0x000000070e400000, 0x000000070e600000, 0x000000070e600000|100%| E|CS|TAMS 0x000000070e400000| PB 0x000000070e400000| Complete 
|  84|0x000000070e600000, 0x000000070e800000, 0x000000070e800000|100%| E|CS|TAMS 0x000000070e600000| PB 0x000000070e600000| Complete 
|  85|0x000000070e800000, 0x000000070ea00000, 0x000000070ea00000|100%| E|CS|TAMS 0x000000070e800000| PB 0x000000070e800000| Complete 
|  86|0x000000070ea00000, 0x000000070ec00000, 0x000000070ec00000|100%| E|CS|TAMS 0x000000070ea00000| PB 0x000000070ea00000| Complete 
|  87|0x000000070ec00000, 0x000000070ee00000, 0x000000070ee00000|100%| E|CS|TAMS 0x000000070ec00000| PB 0x000000070ec00000| Complete 
|  88|0x000000070ee00000, 0x000000070f000000, 0x000000070f000000|100%| E|CS|TAMS 0x000000070ee00000| PB 0x000000070ee00000| Complete 
|  89|0x000000070f000000, 0x000000070f200000, 0x000000070f200000|100%| E|CS|TAMS 0x000000070f000000| PB 0x000000070f000000| Complete 
|  90|0x000000070f200000, 0x000000070f400000, 0x000000070f400000|100%| E|CS|TAMS 0x000000070f200000| PB 0x000000070f200000| Complete 
|  91|0x000000070f400000, 0x000000070f600000, 0x000000070f600000|100%| E|CS|TAMS 0x000000070f400000| PB 0x000000070f400000| Complete 
|  92|0x000000070f600000, 0x000000070f800000, 0x000000070f800000|100%| E|CS|TAMS 0x000000070f600000| PB 0x000000070f600000| Complete 
|  93|0x000000070f800000, 0x000000070fa00000, 0x000000070fa00000|100%| E|CS|TAMS 0x000000070f800000| PB 0x000000070f800000| Complete 
|  94|0x000000070fa00000, 0x000000070fc00000, 0x000000070fc00000|100%| E|CS|TAMS 0x000000070fa00000| PB 0x000000070fa00000| Complete 
|  95|0x000000070fc00000, 0x000000070fe00000, 0x000000070fe00000|100%| E|CS|TAMS 0x000000070fc00000| PB 0x000000070fc00000| Complete 
|  96|0x000000070fe00000, 0x0000000710000000, 0x0000000710000000|100%| E|CS|TAMS 0x000000070fe00000| PB 0x000000070fe00000| Complete 
|  97|0x0000000710000000, 0x0000000710200000, 0x0000000710200000|100%| E|CS|TAMS 0x0000000710000000| PB 0x0000000710000000| Complete 
|  98|0x0000000710200000, 0x0000000710400000, 0x0000000710400000|100%| E|CS|TAMS 0x0000000710200000| PB 0x0000000710200000| Complete 
|  99|0x0000000710400000, 0x0000000710600000, 0x0000000710600000|100%| E|CS|TAMS 0x0000000710400000| PB 0x0000000710400000| Complete 
| 100|0x0000000710600000, 0x0000000710800000, 0x0000000710800000|100%| E|CS|TAMS 0x0000000710600000| PB 0x0000000710600000| Complete 
| 101|0x0000000710800000, 0x0000000710a00000, 0x0000000710a00000|100%| E|CS|TAMS 0x0000000710800000| PB 0x0000000710800000| Complete 
| 102|0x0000000710a00000, 0x0000000710c00000, 0x0000000710c00000|100%| E|CS|TAMS 0x0000000710a00000| PB 0x0000000710a00000| Complete 
| 103|0x0000000710c00000, 0x0000000710e00000, 0x0000000710e00000|100%| E|CS|TAMS 0x0000000710c00000| PB 0x0000000710c00000| Complete 
| 104|0x0000000710e00000, 0x0000000711000000, 0x0000000711000000|100%| E|CS|TAMS 0x0000000710e00000| PB 0x0000000710e00000| Complete 
| 105|0x0000000711000000, 0x0000000711200000, 0x0000000711200000|100%| E|CS|TAMS 0x0000000711000000| PB 0x0000000711000000| Complete 
| 106|0x0000000711200000, 0x0000000711400000, 0x0000000711400000|100%| E|CS|TAMS 0x0000000711200000| PB 0x0000000711200000| Complete 
| 107|0x0000000711400000, 0x0000000711600000, 0x0000000711600000|100%| E|CS|TAMS 0x0000000711400000| PB 0x0000000711400000| Complete 
| 108|0x0000000711600000, 0x0000000711800000, 0x0000000711800000|100%| E|CS|TAMS 0x0000000711600000| PB 0x0000000711600000| Complete 
| 109|0x0000000711800000, 0x0000000711a00000, 0x0000000711a00000|100%| E|CS|TAMS 0x0000000711800000| PB 0x0000000711800000| Complete 
| 110|0x0000000711a00000, 0x0000000711c00000, 0x0000000711c00000|100%| E|CS|TAMS 0x0000000711a00000| PB 0x0000000711a00000| Complete 
| 111|0x0000000711c00000, 0x0000000711e00000, 0x0000000711e00000|100%| E|CS|TAMS 0x0000000711c00000| PB 0x0000000711c00000| Complete 
| 112|0x0000000711e00000, 0x0000000712000000, 0x0000000712000000|100%| E|CS|TAMS 0x0000000711e00000| PB 0x0000000711e00000| Complete 
| 113|0x0000000712000000, 0x0000000712200000, 0x0000000712200000|100%| E|CS|TAMS 0x0000000712000000| PB 0x0000000712000000| Complete 
| 114|0x0000000712200000, 0x0000000712400000, 0x0000000712400000|100%| E|CS|TAMS 0x0000000712200000| PB 0x0000000712200000| Complete 
| 115|0x0000000712400000, 0x0000000712600000, 0x0000000712600000|100%| E|CS|TAMS 0x0000000712400000| PB 0x0000000712400000| Complete 
| 116|0x0000000712600000, 0x0000000712800000, 0x0000000712800000|100%| E|CS|TAMS 0x0000000712600000| PB 0x0000000712600000| Complete 
| 117|0x0000000712800000, 0x0000000712a00000, 0x0000000712a00000|100%| E|CS|TAMS 0x0000000712800000| PB 0x0000000712800000| Complete 
| 118|0x0000000712a00000, 0x0000000712c00000, 0x0000000712c00000|100%| E|CS|TAMS 0x0000000712a00000| PB 0x0000000712a00000| Complete 
| 119|0x0000000712c00000, 0x0000000712e00000, 0x0000000712e00000|100%| E|CS|TAMS 0x0000000712c00000| PB 0x0000000712c00000| Complete 
| 120|0x0000000712e00000, 0x0000000713000000, 0x0000000713000000|100%| E|CS|TAMS 0x0000000712e00000| PB 0x0000000712e00000| Complete 
| 121|0x0000000713000000, 0x0000000713200000, 0x0000000713200000|100%| E|CS|TAMS 0x0000000713000000| PB 0x0000000713000000| Complete 
| 122|0x0000000713200000, 0x0000000713400000, 0x0000000713400000|100%| E|CS|TAMS 0x0000000713200000| PB 0x0000000713200000| Complete 
| 123|0x0000000713400000, 0x0000000713600000, 0x0000000713600000|100%| E|CS|TAMS 0x0000000713400000| PB 0x0000000713400000| Complete 
| 124|0x0000000713600000, 0x0000000713800000, 0x0000000713800000|100%| E|CS|TAMS 0x0000000713600000| PB 0x0000000713600000| Complete 
| 125|0x0000000713800000, 0x0000000713a00000, 0x0000000713a00000|100%| E|CS|TAMS 0x0000000713800000| PB 0x0000000713800000| Complete 
| 126|0x0000000713a00000, 0x0000000713c00000, 0x0000000713c00000|100%| E|CS|TAMS 0x0000000713a00000| PB 0x0000000713a00000| Complete 

Card table byte_map: [0x0000016471520000,0x0000016471d10000] _byte_map_base: 0x000001646dd01000

Marking Bits: (CMBitMap*) 0x00000164599b59d0
 Bits: [0x0000016472500000, 0x0000016476408000)

Polling page: 0x0000016457720000

Metaspace:

Usage:
  Non-class:      3.85 MB used.
      Class:    263.89 KB used.
       Both:      4.11 MB used.

Virtual space:
  Non-class space:       64.00 MB reserved,       4.00 MB (  6%) committed,  1 nodes.
      Class space:        1.00 GB reserved,     384.00 KB ( <1%) committed,  1 nodes.
             Both:        1.06 GB reserved,       4.38 MB ( <1%) committed. 

Chunk freelists:
   Non-Class:  1.92 MB
       Class:  3.59 MB
        Both:  5.51 MB

MaxMetaspaceSize: unlimited
CompressedClassSpaceSize: 1.00 GB
Initial GC threshold: 21.00 MB
Current GC threshold: 21.00 MB
CDS: on
MetaspaceReclaimPolicy: balanced
 - commit_granule_bytes: 65536.
 - commit_granule_words: 8192.
 - virtual_space_node_default_size: 8388608.
 - enlarge_chunks_in_place: 1.
 - new_chunks_are_fully_committed: 0.
 - uncommit_free_chunks: 1.
 - use_allocation_guard: 0.


Internal statistics:

num_allocs_failed_limit: 0.
num_arena_births: 134.
num_arena_deaths: 0.
num_vsnodes_births: 2.
num_vsnodes_deaths: 0.
num_space_committed: 68.
num_space_uncommitted: 0.
num_chunks_returned_to_freelist: 0.
num_chunks_taken_from_freelist: 240.
num_chunk_merges: 0.
num_chunk_splits: 152.
num_chunks_enlarged: 100.
num_inconsistent_stats: 0.

CodeHeap 'non-profiled nmethods': size=120000Kb used=665Kb max_used=665Kb free=119334Kb
 bounds [0x00000164694c0000, 0x0000016469730000, 0x00000164709f0000]
CodeHeap 'profiled nmethods': size=120000Kb used=1717Kb max_used=1717Kb free=118282Kb
 bounds [0x00000164619f0000, 0x0000016461c60000, 0x0000016468f20000]
CodeHeap 'non-nmethods': size=5760Kb used=2471Kb max_used=2493Kb free=3288Kb
 bounds [0x0000016468f20000, 0x00000164691a0000, 0x00000164694c0000]
 total_blobs=2348 nmethods=1235 adapters=1024
 compilation: enabled
              stopped_count=0, restarted_count=0
 full_count=0

Compilation events (20 events):
Event: 27.347 Thread 0x0000016478e627b0 1226       3       metastasis.CTCs::stepCTCs (49 bytes)
Event: 27.348 Thread 0x0000016478e627b0 nmethod 1226 0x0000016461b99a90 code [0x0000016461b99ce0, 0x0000016461b9a578]
Event: 29.633 Thread 0x0000016478e59c80 1227       4       HAL.GridsAndAgents.AgentGrid2D::GetNewAgent (15 bytes)
Event: 29.640 Thread 0x0000016478e59c80 nmethod 1227 0x0000016469564210 code [0x0000016469564440, 0x0000016469564fb8]
Event: 30.453 Thread 0x0000016478e59c80 1228       4       HAL.GridsAndAgents.AgentSQ2D::Setup (41 bytes)
Event: 30.459 Thread 0x0000016478e59c80 nmethod 1228 0x0000016469565710 code [0x00000164695658c0, 0x0000016469565eb8]
Event: 31.461 Thread 0x0000016478e627b0 1229       3       java.lang.reflect.Field::getOverrideFieldAccessor (18 bytes)
Event: 31.461 Thread 0x0000016478e627b0 nmethod 1229 0x0000016461b9a910 code [0x0000016461b9aaa0, 0x0000016461b9ac30]
Event: 32.271 Thread 0x0000016478e627b0 1231       3       HAL.Interfaces.Grid2D::MapHood (136 bytes)
Event: 32.272 Thread 0x0000016478e627b0 nmethod 1231 0x0000016461b9ad10 code [0x0000016461b9af60, 0x0000016461b9bbd0]
Event: 32.272 Thread 0x0000016478e627b0 1230       3       HAL.GridsAndAgents.Agent2DBase::MapHood (20 bytes)
Event: 32.272 Thread 0x0000016478e627b0 nmethod 1230 0x0000016461b9bf90 code [0x0000016461b9c140, 0x0000016461b9c538]
Event: 36.831 Thread 0x0000016478e627b0 1232       3       HAL.GridsAndAgents.AgentSQ2D::GetCountOnSquare (16 bytes)
Event: 36.831 Thread 0x0000016478e627b0 nmethod 1232 0x0000016461b9c690 code [0x0000016461b9c820, 0x0000016461b9caf0]
Event: 36.831 Thread 0x0000016478e627b0 1233       3       HAL.GridsAndAgents.AgentGrid2D::GetAgent (7 bytes)
Event: 36.832 Thread 0x0000016478e627b0 nmethod 1233 0x0000016461b9cc10 code [0x0000016461b9cda0, 0x0000016461b9cee0]
Event: 43.567 Thread 0x0000016478e59c80 1234       4       java.util.ArrayList::remove (26 bytes)
Event: 43.569 Thread 0x0000016478e59c80 nmethod 1234 0x0000016469566210 code [0x0000016469566380, 0x0000016469566530]
Event: 43.762 Thread 0x0000016478e627b0 1235       3       HAL.GridsAndAgents.AgentGrid2D::PopAt (18 bytes)
Event: 43.762 Thread 0x0000016478e627b0 nmethod 1235 0x0000016461b9d010 code [0x0000016461b9d1c0, 0x0000016461b9d428]

GC Heap History (20 events):
Event: 28.337 GC heap before
{Heap before GC invocations=9 (full 0):
 garbage-first heap   total 260096K, used 160270K [0x0000000703e00000, 0x0000000800000000)
  region size 2048K, 76 young (155648K), 1 survivors (2048K)
 Metaspace       used 4201K, committed 4480K, reserved 1114112K
  class space    used 262K, committed 384K, reserved 1048576K
}
Event: 28.339 GC heap after
{Heap after GC invocations=10 (full 0):
 garbage-first heap   total 260096K, used 6667K [0x0000000703e00000, 0x0000000800000000)
  region size 2048K, 1 young (2048K), 1 survivors (2048K)
 Metaspace       used 4201K, committed 4480K, reserved 1114112K
  class space    used 262K, committed 384K, reserved 1048576K
}
Event: 31.401 GC heap before
{Heap before GC invocations=10 (full 0):
 garbage-first heap   total 260096K, used 160267K [0x0000000703e00000, 0x0000000800000000)
  region size 2048K, 76 young (155648K), 1 survivors (2048K)
 Metaspace       used 4201K, committed 4480K, reserved 1114112K
  class space    used 262K, committed 384K, reserved 1048576K
}
Event: 31.403 GC heap after
{Heap after GC invocations=11 (full 0):
 garbage-first heap   total 260096K, used 6663K [0x0000000703e00000, 0x0000000800000000)
  region size 2048K, 1 young (2048K), 1 survivors (2048K)
 Metaspace       used 4201K, committed 4480K, reserved 1114112K
  class space    used 262K, committed 384K, reserved 1048576K
}
Event: 34.381 GC heap before
{Heap before GC invocations=11 (full 0):
 garbage-first heap   total 260096K, used 160263K [0x0000000703e00000, 0x0000000800000000)
  region size 2048K, 76 young (155648K), 1 survivors (2048K)
 Metaspace       used 4201K, committed 4480K, reserved 1114112K
  class space    used 262K, committed 384K, reserved 1048576K
}
Event: 34.383 GC heap after
{Heap after GC invocations=12 (full 0):
 garbage-first heap   total 260096K, used 6688K [0x0000000703e00000, 0x0000000800000000)
  region size 2048K, 1 young (2048K), 1 survivors (2048K)
 Metaspace       used 4201K, committed 4480K, reserved 1114112K
  class space    used 262K, committed 384K, reserved 1048576K
}
Event: 37.356 GC heap before
{Heap before GC invocations=12 (full 0):
 garbage-first heap   total 260096K, used 160288K [0x0000000703e00000, 0x0000000800000000)
  region size 2048K, 76 young (155648K), 1 survivors (2048K)
 Metaspace       used 4202K, committed 4480K, reserved 1114112K
  class space    used 262K, committed 384K, reserved 1048576K
}
Event: 37.358 GC heap after
{Heap after GC invocations=13 (full 0):
 garbage-first heap   total 260096K, used 6682K [0x0000000703e00000, 0x0000000800000000)
  region size 2048K, 1 young (2048K), 1 survivors (2048K)
 Metaspace       used 4202K, committed 4480K, reserved 1114112K
  class space    used 262K, committed 384K, reserved 1048576K
}
Event: 40.354 GC heap before
{Heap before GC invocations=13 (full 0):
 garbage-first heap   total 260096K, used 160282K [0x0000000703e00000, 0x0000000800000000)
  region size 2048K, 76 young (155648K), 1 survivors (2048K)
 Metaspace       used 4202K, committed 4480K, reserved 1114112K
  class space    used 262K, committed 384K, reserved 1048576K
}
Event: 40.356 GC heap after
{Heap after GC invocations=14 (full 0):
 garbage-first heap   total 260096K, used 6720K [0x0000000703e00000, 0x0000000800000000)
  region size 2048K, 1 young (2048K), 1 survivors (2048K)
 Metaspace       used 4202K, committed 4480K, reserved 1114112K
  class space    used 262K, committed 384K, reserved 1048576K
}
Event: 43.482 GC heap before
{Heap before GC invocations=14 (full 0):
 garbage-first heap   total 260096K, used 160320K [0x0000000703e00000, 0x0000000800000000)
  region size 2048K, 76 young (155648K), 1 survivors (2048K)
 Metaspace       used 4202K, committed 4480K, reserved 1114112K
  class space    used 262K, committed 384K, reserved 1048576K
}
Event: 43.483 GC heap after
{Heap after GC invocations=15 (full 0):
 garbage-first heap   total 260096K, used 6693K [0x0000000703e00000, 0x0000000800000000)
  region size 2048K, 1 young (2048K), 1 survivors (2048K)
 Metaspace       used 4202K, committed 4480K, reserved 1114112K
  class space    used 262K, committed 384K, reserved 1048576K
}
Event: 46.579 GC heap before
{Heap before GC invocations=15 (full 0):
 garbage-first heap   total 260096K, used 160293K [0x0000000703e00000, 0x0000000800000000)
  region size 2048K, 76 young (155648K), 1 survivors (2048K)
 Metaspace       used 4202K, committed 4480K, reserved 1114112K
  class space    used 262K, committed 384K, reserved 1048576K
}
Event: 46.581 GC heap after
{Heap after GC invocations=16 (full 0):
 garbage-first heap   total 260096K, used 6695K [0x0000000703e00000, 0x0000000800000000)
  region size 2048K, 1 young (2048K), 1 survivors (2048K)
 Metaspace       used 4202K, committed 4480K, reserved 1114112K
  class space    used 262K, committed 384K, reserved 1048576K
}
Event: 49.547 GC heap before
{Heap before GC invocations=16 (full 0):
 garbage-first heap   total 260096K, used 160295K [0x0000000703e00000, 0x0000000800000000)
  region size 2048K, 76 young (155648K), 1 survivors (2048K)
 Metaspace       used 4202K, committed 4480K, reserved 1114112K
  class space    used 262K, committed 384K, reserved 1048576K
}
Event: 49.549 GC heap after
{Heap after GC invocations=17 (full 0):
 garbage-first heap   total 260096K, used 6726K [0x0000000703e00000, 0x0000000800000000)
  region size 2048K, 1 young (2048K), 1 survivors (2048K)
 Metaspace       used 4202K, committed 4480K, reserved 1114112K
  class space    used 262K, committed 384K, reserved 1048576K
}
Event: 53.574 GC heap before
{Heap before GC invocations=17 (full 0):
 garbage-first heap   total 260096K, used 160326K [0x0000000703e00000, 0x0000000800000000)
  region size 2048K, 76 young (155648K), 1 survivors (2048K)
 Metaspace       used 4202K, committed 4480K, reserved 1114112K
  class space    used 262K, committed 384K, reserved 1048576K
}
Event: 53.576 GC heap after
{Heap after GC invocations=18 (full 0):
 garbage-first heap   total 260096K, used 6762K [0x0000000703e00000, 0x0000000800000000)
  region size 2048K, 1 young (2048K), 1 survivors (2048K)
 Metaspace       used 4202K, committed 4480K, reserved 1114112K
  class space    used 262K, committed 384K, reserved 1048576K
}
Event: 56.670 GC heap before
{Heap before GC invocations=18 (full 0):
 garbage-first heap   total 260096K, used 160362K [0x0000000703e00000, 0x0000000800000000)
  region size 2048K, 76 young (155648K), 1 survivors (2048K)
 Metaspace       used 4202K, committed 4480K, reserved 1114112K
  class space    used 262K, committed 384K, reserved 1048576K
}
Event: 56.672 GC heap after
{Heap after GC invocations=19 (full 0):
 garbage-first heap   total 260096K, used 6767K [0x0000000703e00000, 0x0000000800000000)
  region size 2048K, 1 young (2048K), 1 survivors (2048K)
 Metaspace       used 4202K, committed 4480K, reserved 1114112K
  class space    used 262K, committed 384K, reserved 1048576K
}

Dll operation events (12 events):
Event: 0.011 Loaded shared library C:\Users\4473331\.jdks\openjdk-20.0.1\bin\java.dll
Event: 0.023 Loaded shared library C:\Users\4473331\.jdks\openjdk-20.0.1\bin\jsvml.dll
Event: 0.099 Loaded shared library C:\Users\4473331\.jdks\openjdk-20.0.1\bin\zip.dll
Event: 0.101 Loaded shared library C:\Users\4473331\.jdks\openjdk-20.0.1\bin\instrument.dll
Event: 0.107 Loaded shared library C:\Users\4473331\.jdks\openjdk-20.0.1\bin\net.dll
Event: 0.109 Loaded shared library C:\Users\4473331\.jdks\openjdk-20.0.1\bin\nio.dll
Event: 0.112 Loaded shared library C:\Users\4473331\.jdks\openjdk-20.0.1\bin\zip.dll
Event: 0.160 Loaded shared library C:\Program Files\JetBrains\IntelliJ IDEA Community Edition 2023.1.2\bin\breakgen64.dll
Event: 0.168 Loaded shared library C:\Users\4473331\.jdks\openjdk-20.0.1\bin\extnet.dll
Event: 0.169 Loaded shared library C:\Users\4473331\.jdks\openjdk-20.0.1\bin\jimage.dll
Event: 0.223 Loaded shared library C:\Users\4473331\AppData\Local\Temp\1\lwjgl_4473331\3.3.2+13\x64\lwjgl.dll
Event: 0.404 Loaded shared library C:\Users\4473331\AppData\Local\Temp\1\lwjgl_4473331\3.3.2+13\x64\lwjgl_opengl.dll

Deoptimization events (20 events):
Event: 1.890 Thread 0x0000016459944870 DEOPT PACKING pc=0x0000016469547030 sp=0x00000005cbfff300
Event: 1.890 Thread 0x0000016459944870 DEOPT UNPACKING pc=0x0000016468f3d2a2 sp=0x00000005cbfff2b8 mode 2
Event: 1.890 Thread 0x0000016459944870 Uncommon trap: trap_request=0xffffff45 fr.pc=0x0000016469542274 relative=0x0000000000001a74
Event: 1.890 Thread 0x0000016459944870 Uncommon trap: reason=unstable_if action=reinterpret pc=0x0000016469542274 method=metastasis.CellEx.tryMove()V @ 225 c2
Event: 1.890 Thread 0x0000016459944870 DEOPT PACKING pc=0x0000016469542274 sp=0x00000005cbfff2b0
Event: 1.890 Thread 0x0000016459944870 DEOPT UNPACKING pc=0x0000016468f3d2a2 sp=0x00000005cbfff268 mode 2
Event: 2.284 Thread 0x0000016459944870 Uncommon trap: trap_request=0xffffff45 fr.pc=0x000001646954d068 relative=0x0000000000000128
Event: 2.284 Thread 0x0000016459944870 Uncommon trap: reason=unstable_if action=reinterpret pc=0x000001646954d068 method=metastasis.CellEx.tryIntravasate()Z @ 18 c2
Event: 2.284 Thread 0x0000016459944870 DEOPT PACKING pc=0x000001646954d068 sp=0x00000005cbfff320
Event: 2.284 Thread 0x0000016459944870 DEOPT UNPACKING pc=0x0000016468f3d2a2 sp=0x00000005cbfff2b0 mode 2
Event: 2.395 Thread 0x0000016459944870 Uncommon trap: trap_request=0xffffff45 fr.pc=0x000001646954babc relative=0x000000000000161c
Event: 2.395 Thread 0x0000016459944870 Uncommon trap: reason=unstable_if action=reinterpret pc=0x000001646954babc method=HAL.GridsAndAgents.AgentGrid2D.GetAgents(Ljava/util/ArrayList;II)V @ 10 c2
Event: 2.395 Thread 0x0000016459944870 DEOPT PACKING pc=0x000001646954babc sp=0x00000005cbfff2c0
Event: 2.395 Thread 0x0000016459944870 DEOPT UNPACKING pc=0x0000016468f3d2a2 sp=0x00000005cbfff1e8 mode 2
Event: 13.001 Thread 0x0000016459944870 DEOPT PACKING pc=0x0000016461b94ed0 sp=0x00000005cbfff200
Event: 13.001 Thread 0x0000016459944870 DEOPT UNPACKING pc=0x0000016468f8e462 sp=0x00000005cbffe6d8 mode 0
Event: 13.096 Thread 0x0000016459944870 DEOPT PACKING pc=0x0000016461b96d0c sp=0x00000005cbfff2a0
Event: 13.096 Thread 0x0000016459944870 DEOPT UNPACKING pc=0x0000016468f8e462 sp=0x00000005cbffe818 mode 0
Event: 14.319 Thread 0x0000016459944870 DEOPT PACKING pc=0x0000016461b9303e sp=0x00000005cbfff150
Event: 14.319 Thread 0x0000016459944870 DEOPT UNPACKING pc=0x0000016468f8e462 sp=0x00000005cbffe750 mode 0

Classes loaded (20 events):
Event: 0.992 Loading class sun/util/cldr/CLDRTimeZoneNameProviderImpl
Event: 0.992 Loading class sun/util/locale/provider/TimeZoneNameProviderImpl
Event: 0.992 Loading class sun/util/locale/provider/TimeZoneNameProviderImpl done
Event: 0.992 Loading class sun/util/cldr/CLDRTimeZoneNameProviderImpl done
Event: 0.994 Loading class sun/util/locale/provider/BaseLocaleDataMetaInfo
Event: 0.994 Loading class sun/util/locale/provider/BaseLocaleDataMetaInfo done
Event: 0.995 Loading class sun/util/resources/cldr/TimeZoneNames
Event: 0.995 Loading class sun/util/resources/TimeZoneNamesBundle
Event: 0.995 Loading class sun/util/resources/OpenListResourceBundle
Event: 0.995 Loading class sun/util/resources/OpenListResourceBundle done
Event: 0.995 Loading class sun/util/resources/TimeZoneNamesBundle done
Event: 0.995 Loading class sun/util/resources/cldr/TimeZoneNames done
Event: 0.996 Loading class sun/util/resources/cldr/TimeZoneNames_en
Event: 0.996 Loading class sun/util/resources/cldr/TimeZoneNames_en done
Event: 0.996 Loading class sun/util/resources/cldr/TimeZoneNames_en_US
Event: 0.996 Loading class sun/util/resources/cldr/TimeZoneNames_en_US done
Event: 0.997 Loading class java/util/LinkedHashMap$LinkedKeySet
Event: 0.997 Loading class java/util/LinkedHashMap$LinkedKeySet done
Event: 59.875 Loading class jdk/internal/misc/Signal$1
Event: 59.875 Loading class jdk/internal/misc/Signal$1 done

Classes unloaded (0 events):
No events

Classes redefined (0 events):
No events

Internal exceptions (20 events):
Event: 0.232 Thread 0x0000016459944870 Exception <a 'java/lang/NoSuchMethodError'{0x00000007135378a8}: 'int java.lang.invoke.DirectMethodHandle$Holder.invokeStaticInit(java.lang.Object, java.lang.Object, int, long)'> (0x00000007135378a8) 
thrown [s\open\src\hotspot\share\interpreter\linkResolver.cpp, line 773]
Event: 0.233 Thread 0x0000016459944870 Exception <a 'java/lang/NoSuchMethodError'{0x000000071353cee0}: 'java.lang.Object java.lang.invoke.DirectMethodHandle$Holder.newInvokeSpecial(java.lang.Object, java.lang.Object, int)'> (0x000000071353cee0) 
thrown [s\open\src\hotspot\share\interpreter\linkResolver.cpp, line 773]
Event: 0.235 Thread 0x0000016459944870 Exception <a 'java/lang/NoSuchMethodError'{0x000000071354dce8}: 'int java.lang.invoke.DirectMethodHandle$Holder.invokeStaticInit(java.lang.Object, java.lang.Object, long, long)'> (0x000000071354dce8) 
thrown [s\open\src\hotspot\share\interpreter\linkResolver.cpp, line 773]
Event: 0.235 Thread 0x0000016459944870 Exception <a 'java/lang/NoSuchMethodError'{0x0000000713553b30}: 'java.lang.Object java.lang.invoke.DirectMethodHandle$Holder.newInvokeSpecial(java.lang.Object, java.lang.Object, long)'> (0x0000000713553b30) 
thrown [s\open\src\hotspot\share\interpreter\linkResolver.cpp, line 773]
Event: 0.236 Thread 0x0000016459944870 Exception <a 'java/lang/NoSuchMethodError'{0x00000007135578e8}: 'java.lang.Object java.lang.invoke.Invokers$Holder.linkToTargetMethod(java.lang.Object, long, java.lang.Object)'> (0x00000007135578e8) 
thrown [s\open\src\hotspot\share\interpreter\linkResolver.cpp, line 773]
Event: 0.236 Thread 0x0000016459944870 Exception <a 'java/lang/NoSuchMethodError'{0x000000071355e920}: 'int java.lang.invoke.DirectMethodHandle$Holder.invokeStaticInit(java.lang.Object, java.lang.Object, java.lang.Object, long)'> (0x000000071355e920) 
thrown [s\open\src\hotspot\share\interpreter\linkResolver.cpp, line 773]
Event: 0.253 Thread 0x0000016459944870 Exception <a 'sun/nio/fs/WindowsException'{0x0000000713234ee8}> (0x0000000713234ee8) 
thrown [s\open\src\hotspot\share\prims\jni.cpp, line 519]
Event: 0.253 Thread 0x0000016459944870 Exception <a 'sun/nio/fs/WindowsException'{0x0000000713235278}> (0x0000000713235278) 
thrown [s\open\src\hotspot\share\prims\jni.cpp, line 519]
Event: 0.260 Thread 0x0000016459944870 Exception <a 'java/lang/NoSuchMethodError'{0x000000071325a648}: 'int java.lang.invoke.Invokers$Holder.invokeExact_MT(java.lang.Object, java.lang.Object)'> (0x000000071325a648) 
thrown [s\open\src\hotspot\share\interpreter\linkResolver.cpp, line 773]
Event: 0.395 Thread 0x0000016459944870 Exception <a 'java/lang/NoSuchMethodError'{0x00000007132d6dd0}: 'void java.lang.System.load(java.lang.String, java.lang.Class)'> (0x00000007132d6dd0) 
thrown [s\open\src\hotspot\share\interpreter\linkResolver.cpp, line 773]
Event: 0.396 Thread 0x0000016459944870 Exception <a 'java/lang/NoSuchMethodError'{0x00000007132d9bb8}: 'void java.lang.System.loadLibrary(java.lang.String, java.lang.Class)'> (0x00000007132d9bb8) 
thrown [s\open\src\hotspot\share\interpreter\linkResolver.cpp, line 773]
Event: 0.401 Thread 0x0000016459944870 Exception <a 'sun/nio/fs/WindowsException'{0x00000007132ea790}> (0x00000007132ea790) 
thrown [s\open\src\hotspot\share\prims\jni.cpp, line 519]
Event: 0.401 Thread 0x0000016459944870 Exception <a 'sun/nio/fs/WindowsException'{0x00000007132eab50}> (0x00000007132eab50) 
thrown [s\open\src\hotspot\share\prims\jni.cpp, line 519]
Event: 0.406 Thread 0x0000016459944870 Exception <a 'sun/nio/fs/WindowsException'{0x00000007132fbc70}> (0x00000007132fbc70) 
thrown [s\open\src\hotspot\share\prims\jni.cpp, line 519]
Event: 0.406 Thread 0x0000016459944870 Exception <a 'sun/nio/fs/WindowsException'{0x00000007132fbf70}> (0x00000007132fbf70) 
thrown [s\open\src\hotspot\share\prims\jni.cpp, line 519]
Event: 0.489 Thread 0x0000016459944870 Exception <a 'java/lang/NoSuchMethodError'{0x00000007130f89b0}: 'void java.lang.invoke.Invokers$Holder.invokeExact_MT(java.lang.Object, java.lang.Object, java.lang.Object, java.lang.Object)'> (0x00000007130f89b0) 
thrown [s\open\src\hotspot\share\interpreter\linkResolver.cpp, line 773]
Event: 0.589 Thread 0x0000016459944870 Exception <a 'java/lang/NoSuchMethodError'{0x0000000712a32ec0}: 'void java.lang.invoke.DirectMethodHandle$Holder.invokeStatic(java.lang.Object, java.lang.Object, double)'> (0x0000000712a32ec0) 
thrown [s\open\src\hotspot\share\interpreter\linkResolver.cpp, line 773]
Event: 0.603 Thread 0x0000016459944870 Exception <a 'java/lang/NoSuchMethodError'{0x0000000712a6c9f0}: 'java.lang.Object java.lang.invoke.DirectMethodHandle$Holder.newInvokeSpecial(java.lang.Object, java.lang.Object, int, int)'> (0x0000000712a6c9f0) 
thrown [s\open\src\hotspot\share\interpreter\linkResolver.cpp, line 773]
Event: 0.606 Thread 0x0000016459944870 Exception <a 'java/lang/NoSuchMethodError'{0x0000000712adde10}: 'java.lang.Object java.lang.invoke.DirectMethodHandle$Holder.invokeSpecial(java.lang.Object, java.lang.Object, double, double)'> (0x0000000712adde10) 
thrown [s\open\src\hotspot\share\interpreter\linkResolver.cpp, line 773]
Event: 0.998 Thread 0x0000016478e509d0 Exception <a 'java/lang/NoSuchMethodError'{0x0000000713322908}: 'java.lang.Object java.lang.invoke.Invokers$Holder.invokeExact_MT(java.lang.Object, java.lang.Object, java.lang.Object, java.lang.Object, java.lang.Object, java.lang.Object)'> (0x0000000713322908) 
thrown [s\open\src\hotspot\share\interpreter\linkResolver.cpp, line 773]

VM Operations (20 events):
Event: 28.339 Executing VM operation: G1CollectForAllocation done
Event: 31.400 Executing VM operation: G1CollectForAllocation
Event: 31.403 Executing VM operation: G1CollectForAllocation done
Event: 34.381 Executing VM operation: G1CollectForAllocation
Event: 34.383 Executing VM operation: G1CollectForAllocation done
Event: 37.356 Executing VM operation: G1CollectForAllocation
Event: 37.358 Executing VM operation: G1CollectForAllocation done
Event: 40.354 Executing VM operation: G1CollectForAllocation
Event: 40.356 Executing VM operation: G1CollectForAllocation done
Event: 43.481 Executing VM operation: G1CollectForAllocation
Event: 43.483 Executing VM operation: G1CollectForAllocation done
Event: 46.579 Executing VM operation: G1CollectForAllocation
Event: 46.581 Executing VM operation: G1CollectForAllocation done
Event: 49.547 Executing VM operation: G1CollectForAllocation
Event: 49.549 Executing VM operation: G1CollectForAllocation done
Event: 53.574 Executing VM operation: G1CollectForAllocation
Event: 53.576 Executing VM operation: G1CollectForAllocation done
Event: 56.670 Executing VM operation: G1CollectForAllocation
Event: 56.672 Executing VM operation: G1CollectForAllocation done
Event: 59.876 Executing VM operation: Exit

Events (17 events):
Event: 0.023 Thread 0x0000016459944870 Thread added: 0x0000016459944870
Event: 0.035 Thread 0x0000016478e4a380 Thread added: 0x0000016478e4a380
Event: 0.035 Thread 0x0000016478e4b320 Thread added: 0x0000016478e4b320
Event: 0.036 Thread 0x0000016478e4f080 Thread added: 0x0000016478e4f080
Event: 0.036 Thread 0x0000016478e509d0 Thread added: 0x0000016478e509d0
Event: 0.036 Thread 0x0000016478e518c0 Thread added: 0x0000016478e518c0
Event: 0.036 Thread 0x0000016478e533b0 Thread added: 0x0000016478e533b0
Event: 0.036 Thread 0x0000016478e59c80 Thread added: 0x0000016478e59c80
Event: 0.036 Thread 0x0000016478e627b0 Thread added: 0x0000016478e627b0
Event: 0.083 Thread 0x000001647d0e46f0 Thread added: 0x000001647d0e46f0
Event: 0.161 Thread 0x000001647d307660 Thread added: 0x000001647d307660
Event: 0.161 Thread 0x000001647d307bb0 Thread added: 0x000001647d307bb0
Event: 0.183 Thread 0x000001647d510020 Thread added: 0x000001647d510020
Event: 0.368 Thread 0x000001647d510020 Thread exited: 0x000001647d510020
Event: 0.428 Thread 0x00000164050ea650 Thread added: 0x00000164050ea650
Event: 0.985 Thread 0x00000164050ea650 Thread exited: 0x00000164050ea650
Event: 59.875 Thread 0x000001647d2c79b0 Thread added: 0x000001647d2c79b0


Dynamic libraries:
0x00007ff606a30000 - 0x00007ff606a3e000 	C:\Users\4473331\.jdks\openjdk-20.0.1\bin\java.exe
0x00007ffc98d50000 - 0x00007ffc98f48000 	C:\WINDOWS\SYSTEM32\ntdll.dll
0x00007ffc96de0000 - 0x00007ffc96ea2000 	C:\WINDOWS\System32\KERNEL32.DLL
0x00007ffc96620000 - 0x00007ffc9691e000 	C:\WINDOWS\System32\KERNELBASE.dll
0x00007ffc96060000 - 0x00007ffc96180000 	C:\Windows\system32\hmpalert.dll
0x00007ffc96a50000 - 0x00007ffc96b50000 	C:\WINDOWS\System32\ucrtbase.dll
0x00007ffc8cec0000 - 0x00007ffc8cedb000 	C:\Users\4473331\.jdks\openjdk-20.0.1\bin\VCRUNTIME140.dll
0x00007ffc8cea0000 - 0x00007ffc8ceb7000 	C:\Users\4473331\.jdks\openjdk-20.0.1\bin\jli.dll
0x00007ffc98250000 - 0x00007ffc983ed000 	C:\WINDOWS\System32\USER32.dll
0x00007ffc965f0000 - 0x00007ffc96612000 	C:\WINDOWS\System32\win32u.dll
0x00007ffc98910000 - 0x00007ffc9893b000 	C:\WINDOWS\System32\GDI32.dll
0x00007ffc96c50000 - 0x00007ffc96d67000 	C:\WINDOWS\System32\gdi32full.dll
0x00007ffc963f0000 - 0x00007ffc9648d000 	C:\WINDOWS\System32\msvcp_win.dll
0x00007ffc80a60000 - 0x00007ffc80cfa000 	C:\WINDOWS\WinSxS\amd64_microsoft.windows.common-controls_6595b64144ccf1df_6.0.19041.4355_none_60b8b9eb71f62e16\COMCTL32.dll
0x00007ffc98870000 - 0x00007ffc9890e000 	C:\WINDOWS\System32\msvcrt.dll
0x00007ffc98ce0000 - 0x00007ffc98d0f000 	C:\WINDOWS\System32\IMM32.DLL
0x00007ffc8d070000 - 0x00007ffc8d07c000 	C:\Users\4473331\.jdks\openjdk-20.0.1\bin\vcruntime140_1.dll
0x00007ffc53ab0000 - 0x00007ffc53b3e000 	C:\Users\4473331\.jdks\openjdk-20.0.1\bin\msvcp140.dll
0x00007ffba63c0000 - 0x00007ffba7057000 	C:\Users\4473331\.jdks\openjdk-20.0.1\bin\server\jvm.dll
0x00007ffc97b80000 - 0x00007ffc97c31000 	C:\WINDOWS\System32\ADVAPI32.dll
0x00007ffc979b0000 - 0x00007ffc97a4f000 	C:\WINDOWS\System32\sechost.dll
0x00007ffc97a50000 - 0x00007ffc97b73000 	C:\WINDOWS\System32\RPCRT4.dll
0x00007ffc969d0000 - 0x00007ffc969f7000 	C:\WINDOWS\System32\bcrypt.dll
0x00007ffc7ffd0000 - 0x00007ffc7ffd9000 	C:\WINDOWS\SYSTEM32\WSOCK32.dll
0x00007ffc98420000 - 0x00007ffc9848b000 	C:\WINDOWS\System32\WS2_32.dll
0x00007ffc94f80000 - 0x00007ffc94f8a000 	C:\WINDOWS\SYSTEM32\VERSION.dll
0x00007ffc7ffe0000 - 0x00007ffc80007000 	C:\WINDOWS\SYSTEM32\WINMM.dll
0x00007ffc94ee0000 - 0x00007ffc94ef2000 	C:\WINDOWS\SYSTEM32\kernel.appcore.dll
0x00007ffc8ce90000 - 0x00007ffc8ce9a000 	C:\Users\4473331\.jdks\openjdk-20.0.1\bin\jimage.dll
0x00007ffc8bae0000 - 0x00007ffc8bcc4000 	C:\WINDOWS\SYSTEM32\DBGHELP.DLL
0x00007ffc8b950000 - 0x00007ffc8b984000 	C:\WINDOWS\SYSTEM32\dbgcore.DLL
0x00007ffc96bc0000 - 0x00007ffc96c42000 	C:\WINDOWS\System32\bcryptPrimitives.dll
0x00007ffc8ce80000 - 0x00007ffc8ce8e000 	C:\Users\4473331\.jdks\openjdk-20.0.1\bin\instrument.dll
0x00007ffc820b0000 - 0x00007ffc820d6000 	C:\Users\4473331\.jdks\openjdk-20.0.1\bin\java.dll
0x00007ffc003b0000 - 0x00007ffc00487000 	C:\Users\4473331\.jdks\openjdk-20.0.1\bin\jsvml.dll
0x00007ffc97240000 - 0x00007ffc979ad000 	C:\WINDOWS\System32\SHELL32.dll
0x00007ffc93dc0000 - 0x00007ffc94564000 	C:\WINDOWS\SYSTEM32\windows.storage.dll
0x00007ffc98490000 - 0x00007ffc987e3000 	C:\WINDOWS\System32\combase.dll
0x00007ffc95b50000 - 0x00007ffc95b7e000 	C:\WINDOWS\SYSTEM32\Wldp.dll
0x00007ffc96eb0000 - 0x00007ffc96f7d000 	C:\WINDOWS\System32\OLEAUT32.dll
0x00007ffc97130000 - 0x00007ffc971dd000 	C:\WINDOWS\System32\SHCORE.dll
0x00007ffc97c40000 - 0x00007ffc97c95000 	C:\WINDOWS\System32\shlwapi.dll
0x00007ffc96320000 - 0x00007ffc96344000 	C:\WINDOWS\SYSTEM32\profapi.dll
0x00007ffc68ea0000 - 0x00007ffc68eb8000 	C:\Users\4473331\.jdks\openjdk-20.0.1\bin\zip.dll
0x00007ffc7b140000 - 0x00007ffc7b153000 	C:\Users\4473331\.jdks\openjdk-20.0.1\bin\net.dll
0x00007ffc927d0000 - 0x00007ffc928dd000 	C:\WINDOWS\SYSTEM32\WINHTTP.dll
0x00007ffc95930000 - 0x00007ffc9599a000 	C:\WINDOWS\system32\mswsock.dll
0x00007ffc782d0000 - 0x00007ffc782e6000 	C:\Users\4473331\.jdks\openjdk-20.0.1\bin\nio.dll
0x00007ffc68910000 - 0x00007ffc6892a000 	C:\Program Files\JetBrains\IntelliJ IDEA Community Edition 2023.1.2\bin\breakgen64.dll
0x00007ffc8c9a0000 - 0x00007ffc8c9a7000 	C:\Users\4473331\.jdks\openjdk-20.0.1\bin\extnet.dll
0x00007ffc03760000 - 0x00007ffc037da000 	C:\Users\4473331\AppData\Local\Temp\1\lwjgl_4473331\3.3.2+13\x64\lwjgl.dll
0x00007ffc00320000 - 0x00007ffc003a2000 	C:\Users\4473331\AppData\Local\Temp\1\lwjgl_4473331\3.3.2+13\x64\glfw.dll
0x00007ffc48cd0000 - 0x00007ffc48d15000 	C:\WINDOWS\SYSTEM32\dinput8.dll
0x00007ffc5efd0000 - 0x00007ffc5efe1000 	C:\WINDOWS\SYSTEM32\xinput1_4.dll
0x00007ffc96a00000 - 0x00007ffc96a4e000 	C:\WINDOWS\System32\cfgmgr32.dll
0x00007ffc96180000 - 0x00007ffc961b3000 	C:\WINDOWS\SYSTEM32\DEVOBJ.dll
0x00007ffc938c0000 - 0x00007ffc938ef000 	C:\WINDOWS\SYSTEM32\dwmapi.dll
0x00007ffc88080000 - 0x00007ffc881d2000 	C:\WINDOWS\SYSTEM32\inputhost.dll
0x00007ffc917b0000 - 0x00007ffc91907000 	C:\WINDOWS\SYSTEM32\wintypes.dll
0x00007ffc90d40000 - 0x00007ffc90e32000 	C:\WINDOWS\SYSTEM32\CoreMessaging.dll
0x00007ffc8fd80000 - 0x00007ffc900db000 	C:\WINDOWS\SYSTEM32\CoreUIComponents.dll
0x00007ffc92d40000 - 0x00007ffc92e36000 	C:\WINDOWS\SYSTEM32\PROPSYS.dll
0x00007ffc954c0000 - 0x00007ffc954f3000 	C:\WINDOWS\SYSTEM32\ntmarta.dll
0x00007ffc936d0000 - 0x00007ffc9376e000 	C:\WINDOWS\system32\uxtheme.dll
0x00007ffc97010000 - 0x00007ffc97125000 	C:\WINDOWS\System32\MSCTF.dll
0x00007ffc574e0000 - 0x00007ffc57608000 	C:\WINDOWS\SYSTEM32\opengl32.dll
0x00007ffc57470000 - 0x00007ffc5749c000 	C:\WINDOWS\SYSTEM32\GLU32.dll
0x00007ffc98a80000 - 0x00007ffc98b29000 	C:\WINDOWS\System32\clbcatq.dll
0x00007ffb9b190000 - 0x00007ffb9c112000 	C:\WINDOWS\System32\DriverStore\FileRepository\iigd_dch.inf_amd64_47794f8eae14cddd\ig12icd64.dll
0x00007ffc97ca0000 - 0x00007ffc97dcb000 	C:\WINDOWS\System32\ole32.dll
0x00007ffc946b0000 - 0x00007ffc947a6000 	C:\WINDOWS\system32\dxgi.dll
0x00007ffc85190000 - 0x00007ffc853e7000 	C:\WINDOWS\System32\DriverStore\FileRepository\iigd_dch.inf_amd64_47794f8eae14cddd\igdgmm64.dll
0x00007ffc82550000 - 0x00007ffc85169000 	C:\WINDOWS\System32\DriverStore\FileRepository\iigd_dch.inf_amd64_47794f8eae14cddd\igc64.dll
0x00007ffc96010000 - 0x00007ffc9605b000 	C:\WINDOWS\SYSTEM32\powrprof.dll
0x00007ffc95e40000 - 0x00007ffc95e52000 	C:\WINDOWS\SYSTEM32\UMPDC.dll
0x00007ffb9f2c0000 - 0x00007ffb9f6cb000 	C:\WINDOWS\System32\DriverStore\FileRepository\iigd_dch.inf_amd64_47794f8eae14cddd\igdml64.dll
0x00007ffc881e0000 - 0x00007ffc882d9000 	C:\WINDOWS\SYSTEM32\textinputframework.dll
0x00007ffbf9bf0000 - 0x00007ffbf9c4e000 	C:\Users\4473331\AppData\Local\Temp\1\lwjgl_4473331\3.3.2+13\x64\lwjgl_opengl.dll

dbghelp: loaded successfully - version: 4.0.5 - missing functions: none
symbol engine: initialized successfully - sym options: 0x614 - pdb path: .;C:\Users\4473331\.jdks\openjdk-20.0.1\bin;C:\WINDOWS\SYSTEM32;C:\WINDOWS\WinSxS\amd64_microsoft.windows.common-controls_6595b64144ccf1df_6.0.19041.4355_none_60b8b9eb71f62e16;C:\Users\4473331\.jdks\openjdk-20.0.1\bin\server;C:\Program Files\JetBrains\IntelliJ IDEA Community Edition 2023.1.2\bin;C:\Users\4473331\AppData\Local\Temp\1\lwjgl_4473331\3.3.2+13\x64;C:\WINDOWS\System32\DriverStore\FileRepository\iigd_dch.inf_amd64_47794f8eae14cddd

VM Arguments:
jvm_args: -javaagent:C:\Program Files\JetBrains\IntelliJ IDEA Community Edition 2023.1.2\lib\idea_rt.jar=57179:C:\Program Files\JetBrains\IntelliJ IDEA Community Edition 2023.1.2\bin -Dfile.encoding=UTF-8 -Dsun.stdout.encoding=UTF-8 -Dsun.stderr.encoding=UTF-8 
java_command: metastasis.metastasis
java_class_path (initial): C:\Users\4473331\Documents\projects\000_grants\wgd_abm\out\production\wgd_abm;C:\Users\4473331\Documents\projects\000_grants\wgd_abm\HAL\lib\lwjgl-assimp-natives-macos-arm64.jar;C:\Users\4473331\Documents\projects\000_grants\wgd_abm\HAL\lib\lwjgl-opengl-natives-linux-arm32.jar;C:\Users\4473331\Documents\projects\000_grants\wgd_abm\HAL\lib\lwjgl-openal-natives-linux-arm64.jar;C:\Users\4473331\Documents\projects\000_grants\wgd_abm\HAL\lib\lwjgl-natives-linux.jar;C:\Users\4473331\Documents\projects\000_grants\wgd_abm\HAL\lib\lwjgl-opengl-natives-macos.jar;C:\Users\4473331\Documents\projects\000_grants\wgd_abm\HAL\lib\lwjgl-natives-windows.jar;C:\Users\4473331\Documents\projects\000_grants\wgd_abm\HAL\lib\lwjgl-assimp-javadoc.jar;C:\Users\4473331\Documents\projects\000_grants\wgd_abm\HAL\lib\lwjgl-opengl-natives-windows-arm64.jar;C:\Users\4473331\Documents\projects\000_grants\wgd_abm\HAL\lib\lwjgl-glfw-natives-windows-arm64.jar;C:\Users\4473331\Documents\projects\000_grants\wgd_abm\HAL\lib\lwjgl-opengl-javadoc.jar;C:\Users\4473331\Documents\projects\000_grants\wgd_abm\HAL\lib\lwjgl-stb-natives-macos.jar;C:\Users\4473331\Documents\projects\000_grants\wgd_abm\HAL\lib\lwjgl-stb-natives-windows-arm64.jar;C:\Users\4473331\Documents\projects\000_grants\wgd_abm\HAL\lib\lwjgl-natives-linux-arm32.jar;C:\Users\4473331\Documents\projects\000_grants\wgd_abm\HAL\lib\lwjgl-opengl-natives-windows-x86.jar;C:\Users\4473331\Documents\projects\000_grants\wgd_abm\HAL\lib\lwjgl-glfw-natives-macos.jar;C:\Users\4473331\Documents\projects\000_grants\wgd_abm\HAL\lib\lwjgl-openal-javadoc.jar;C:\Users\4473331\Documents\projects\000_grants\wgd_abm\HAL\lib\lwjgl-stb-sources.jar;C:\Users\4473331\Documents\projects\000_grants\wgd_abm\HAL\lib\lwjgl-glfw-natives-windows-x86.jar;C:\Users\4473331\Documents\projects\000_grants\wgd_abm\HAL\lib\lwjgl-glfw-javadoc.jar;C:\Users\4473331\Documents\projects\000_grants\wgd_abm\HAL\lib\lwjgl-javadoc.jar;C:\Users\4473331\Documents\projects\000_grants\wgd_abm\HAL\lib\lwjgl-sources.jar;C:\Users\4473331\Documents\projects\000_grants\wgd_abm\HAL\lib\lwjgl-openal-natives-linux-arm32.jar;C:\Users\4473331\Documents\projects\000_grants\wgd_abm\HAL\lib\lwjgl-openal-natives-macos-arm64.jar;C:\Users\4473331\Documents\projects\000_grants\wgd_abm\HAL\lib\lwjgl-assimp-natives-windows.jar;C:\Users\4473331\Documents\projects\000_grants\wgd_abm\HAL\lib\lwjgl-openal-natives-windows-x86.jar;C:\Users\4473331\Documents\projects\000_grants\wgd_abm\HAL\lib\lwjgl-stb-natives-linux.jar;C:\Users\4473331\Documents\projects\000_grants\wgd_abm\HAL\lib\lwjgl-natives-macos.jar;C:\Users\4473331\Documents\projects\000_grants\wgd_abm\HAL\lib\lwjgl-glfw-natives-linux.jar;C:\Users\4473331\Documents\projects\000_grants\wgd_abm\HAL\lib\lwjgl-stb-natives-macos-arm64.jar;C:\Users\4473331\Documents\projects\000_grants\wgd_abm\HAL\lib\lwjgl-openal-natives-windows-arm64.jar;C:\Users\4473331\Documents\projects\000_grants\wgd_abm\HAL\lib\lwjgl-opengl-natives-linux.jar;C:\Users\4473331\Documents\projects\000_grants\wgd_abm\HAL\lib\lwjgl-openal-natives-linux.jar;C:\Users\4473331\Documents\projects\000_grants\wgd_abm\HAL\lib\lwjgl-assimp-natives-linux-arm64.jar;C:\Users\4473331\Documents\projects\000_grants\wgd_abm\HAL\lib\lwjgl-stb-natives-linux-arm32.jar;C:\Users\4473331\Documents\projects\000_grants\wgd_abm\HAL\lib\lwjgl-glfw-natives-macos-arm64.jar;C:\Users\4473331\Documents\projects\000_grants\wgd_abm\HAL\lib\lwjgl-assimp-natives-windows-x86.jar;C:\Users\4473331\Documents\projects\000_grants\wgd_abm\HAL\lib\lwjgl-opengl-natives-windows.jar;C:\Users\4473331\Documents\projects\000_grants\wgd_abm\HAL\lib\lwjgl-glfw.jar;C:\Users\4473331\Documents\projects\000_grants\wgd_abm\HAL\lib\lwjgl-opengl-sources.jar;C:\Users\4473331\Documents\projects\000_grants\wgd_abm\HAL\lib\lwjgl-natives-windows-arm64.jar;C:\Users\4473331\Documents\projects\000_grants\wgd_abm\HAL\lib\lwjgl-openal-sources.jar;C:\Users\4473331\Documents\projects\000_grants\wgd_abm\HAL\lib\lwjgl-stb-natives-linux-arm64.jar;C:\Users\4473331\Documents\projects\000_grants\wgd_abm\HAL\lib\lwjgl-assimp-natives-linux-arm32.jar;C:\Users\4473331\Documents\projects\000_grants\wgd_abm\HAL\lib\lwjgl-glfw-sources.jar;C:\Users\4473331\Documents\projects\000_grants\wgd_abm\HAL\lib\lwjgl-openal-natives-windows.jar;C:\Users\4473331\Documents\projects\000_grants\wgd_abm\HAL\lib\lwjgl-natives-macos-arm64.jar;C:\Users\4473331\Documents\projects\000_grants\wgd_abm\HAL\lib\lwjgl-glfw-natives-windows.jar;C:\Users\4473331\Documents\projects\000_grants\wgd_abm\HAL\lib\lwjgl-stb-javadoc.jar;C:\Users\4473331\Documents\projects\000_grants\wgd_abm\HAL\lib\lwjgl-glfw-natives-linux-arm64.jar;C:\Users\4473331\Documents\projects\000_grants\wgd_abm\HAL\lib\lwjgl-assimp-natives-macos.jar;C:\Users\4473331\Documents\projects\000_grants\wgd_abm\HAL\lib\lwjgl.jar;C:\Users\4473331\Documents\projects\000_grants\wgd_abm\HAL\lib\lwjgl-opengl-natives-linux-arm64.jar;C:\Users\4473331\Documents\projects\000_grants\wgd_abm\HAL\lib\lwjgl-assimp.jar;C:\Users\4473331\Documents\projects\000_grants\wgd_abm\HAL\lib\lwjgl-stb-natives-windows-x86.jar;C:\Users\4473331\Documents\projects\000_grants\wgd_abm\HAL\lib\lwjgl-natives-windows-x86.jar;C:\Users\4473331\Documents\projects\000_grants\wgd_abm\HAL\lib\lwjgl-stb-natives-windows.jar;C:\Users\4473331\Documents\projects\000_grants\wgd_abm\HAL\lib\lwjgl-natives-linux-arm64.jar;C:\Users\4473331\Documents\projects\000_grants\wgd_abm\HAL\lib\lwjgl-openal-natives-macos.jar;C:\Users\4473331\Documents\projects\000_grants\wgd_abm\HAL\lib\lwjgl-openal.jar;C:\Users\4473331\Documents\projects\000_grants\wgd_abm\HAL\lib\lwjgl-assimp-natives-linux.jar;C:\Users\4473331\Documents\projects\000_grants\wgd_abm\HAL\lib\lwjgl-assimp-natives-windows-arm64.jar;C:\Users\4473331\Documents\projects\000_grants\wgd_abm\HAL\lib\lwjgl-assimp-sources.jar;C:\Users\4473331\Documents\projects\000_grants\wgd_abm\HAL\lib\lwjgl-glfw-natives-linux-arm32.jar;C:\Users\4473331\Documents\projects\000_grants\wgd_abm\HAL\lib\lwjgl-opengl-natives-macos-arm64.jar;C:\Users\4473331\Documents\projects\000_grants\wgd_abm\HAL\lib\lwjgl-opengl.jar;C:\Users\4473331\Documents\projects\000_grants\wgd_abm\HAL\lib\lwjgl-stb.jar
Launcher Type: SUN_STANDARD

[Global flags]
     intx CICompilerCount                          = 4                                         {product} {ergonomic}
     uint ConcGCThreads                            = 2                                         {product} {ergonomic}
     uint G1ConcRefinementThreads                  = 8                                         {product} {ergonomic}
   size_t G1HeapRegionSize                         = 2097152                                   {product} {ergonomic}
    uintx GCDrainStackTargetSize                   = 64                                        {product} {ergonomic}
   size_t InitialHeapSize                          = 266338304                                 {product} {ergonomic}
   size_t MarkStackSize                            = 4194304                                   {product} {ergonomic}
   size_t MaxHeapSize                              = 4229955584                                {product} {ergonomic}
   size_t MaxNewSize                               = 2537553920                                {product} {ergonomic}
   size_t MinHeapDeltaBytes                        = 2097152                                   {product} {ergonomic}
   size_t MinHeapSize                              = 8388608                                   {product} {ergonomic}
    uintx NonNMethodCodeHeapSize                   = 5839372                                {pd product} {ergonomic}
    uintx NonProfiledCodeHeapSize                  = 122909434                              {pd product} {ergonomic}
    uintx ProfiledCodeHeapSize                     = 122909434                              {pd product} {ergonomic}
    uintx ReservedCodeCacheSize                    = 251658240                              {pd product} {ergonomic}
     bool SegmentedCodeCache                       = true                                      {product} {ergonomic}
   size_t SoftMaxHeapSize                          = 4229955584                             {manageable} {ergonomic}
     bool UseCompressedClassPointers               = true                           {product lp64_product} {ergonomic}
     bool UseCompressedOops                        = true                           {product lp64_product} {ergonomic}
     bool UseG1GC                                  = true                                      {product} {ergonomic}
     bool UseLargePagesIndividualAllocation        = false                                  {pd product} {ergonomic}

Logging:
Log output configuration:
 #0: stdout all=off uptime,level,tags foldmultilines=false
 #1: stderr all=off uptime,level,tags foldmultilines=false

Environment Variables:
PATH=C:\Program Files (x86)\Common Files\Oracle\Java\java8path;C:\Program Files (x86)\Common Files\Oracle\Java\javapath;C:\WINDOWS\system32;C:\WINDOWS;C:\WINDOWS\System32\Wbem;C:\WINDOWS\System32\WindowsPowerShell\v1.0\;C:\WINDOWS\System32\OpenSSH\;C:\Program Files\Moffitt\Bgupdate;C:\Windows\CCM;C:\Program Files\MATLAB\R2022a\bin;;C:\Program Files\dotnet\;C:\Program Files\Amazon\AWSCLIV2\;C:\Program Files\Scripts;C:\Program Files;C:\Users\4473331\AppData\Local\Microsoft\WindowsApps;C:\Users\4473331\AppData\Local\Programs\Julia-1.6.2\bin;C:\Users\4473331\AppData\Local\Programs\Microsoft VS Code\bin;C:\Users\4473331\AppData\Local\Programs\Git\cmd;C:\Program Files\R\R-4.4.1\bin;C:\rtools40\mingw64\bin;C:\Users\4473331\AppData\Roaming\TinyTeX\bin\win32;C:\Gradle\gradle-4.2.1\bin;C:\Users\4473331\AppData\Roaming\Python\Python311\Scripts;C:\Program Files\JetBrains\PyCharm Community Edition 2023.1.2\bin;;C:\Users\4473331\AppData\Roaming\TinyTeX\bin\windows;C:\Program Files\OpenSSL-Win64\bin;
USERNAME=4473331
OS=Windows_NT
PROCESSOR_IDENTIFIER=Intel64 Family 6 Model 140 Stepping 1, GenuineIntel
TMP=C:\Users\4473331\AppData\Local\Temp\1
TEMP=C:\Users\4473331\AppData\Local\Temp\1




---------------  S Y S T E M  ---------------

OS:
 Windows 10 , 64 bit Build 19041 (10.0.19041.5072)
OS uptime: 1 days 1:08 hours
Hyper-V role detected

CPU: total 8 (initial active 8) (4 cores per cpu, 2 threads per core) family 6 model 140 stepping 1 microcode 0x6e, cx8, cmov, fxsr, ht, mmx, 3dnowpref, sse, sse2, sse3, ssse3, sse4.1, sse4.2, popcnt, lzcnt, tsc, tscinvbit, avx, avx2, aes, erms, clmul, bmi1, bmi2, adx, avx512f, avx512dq, avx512cd, avx512bw, avx512vl, sha, fma, vzeroupper, avx512_vpopcntdq, avx512_vpclmulqdq, avx512_vaes, avx512_vnni, clflush, clflushopt, clwb, avx512_vbmi2, avx512_vbmi, hv, rdtscp, rdpid, fsrm, gfni, avx512_bitalg, f16c, cet_ibt, cet_ss, avx512_ifma

Memory: 4k page, system-wide physical 16129M (3003M free)
TotalPageFile size 25345M (AvailPageFile size 5831M)
current process WorkingSet (physical memory assigned to process): 358M, peak: 364M
current process commit charge ("private bytes"): 436M, peak: 449M

vm_info: OpenJDK 64-Bit Server VM (20.0.1+9-29) for windows-amd64 JRE (20.0.1+9-29), built on 2023-03-07T13:56:11Z by "mach5one" with MS VC++ 17.1 (VS2022)

END.
