#
# A fatal error has been detected by the Java Runtime Environment:
#
#  EXCEPTION_ACCESS_VIOLATION (0xc0000005) at pc=0x00007ffb9e38fdb5, pid=2548, tid=20596
#
# JRE version: OpenJDK Runtime Environment (20.0.1+9) (build 20.0.1+9-29)
# Java VM: OpenJDK 64-Bit Server VM (20.0.1+9-29, mixed mode, sharing, tiered, compressed oops, compressed class ptrs, g1 gc, windows-amd64)
# Problematic frame:
# C  [ig12icd64.dll+0x2afdb5]
#
# No core dump will be written. Minidumps are not enabled by default on client versions of Windows
#
# If you would like to submit a bug report, please visit:
#   https://bugreport.java.com/bugreport/crash.jsp
#

---------------  S U M M A R Y ------------

Command Line: -agentlib:jdwp=transport=dt_socket,address=127.0.0.1:55263,suspend=y,server=n -javaagent:C:\Users\4473331\AppData\Local\JetBrains\IdeaIC2023.1\captureAgent\debugger-agent.jar -Dfile.encoding=UTF-8 -Dsun.stdout.encoding=UTF-8 -Dsun.stderr.encoding=UTF-8 metastasis.metastasis

Host: 11th Gen Intel(R) Core(TM) i7-1165G7 @ 2.80GHz, 8 cores, 15G,  Windows 10 , 64 bit Build 19041 (10.0.19041.5072)
Time: Tue Dec 10 11:07:27 2024 Eastern Standard Time elapsed time: 1611.419404 seconds (0d 0h 26m 51s)

---------------  T H R E A D  ---------------

Current thread (0x0000022e313ff120):  VMThread "VM Thread" [stack: 0x000000ed4cc00000,0x000000ed4cd00000] [id=20596]

Stack: [0x000000ed4cc00000,0x000000ed4cd00000],  sp=0x000000ed4ccfe080,  free space=1016k
Native frames: (J=compiled Java code, j=interpreted, Vv=VM code, C=native code)
C  [ig12icd64.dll+0x2afdb5]


siginfo: EXCEPTION_ACCESS_VIOLATION (0xc0000005), reading address 0x00000000000353a8


Registers:
RAX=0x0000022e3cb45520, RBX=0x0000022e3cb45450, RCX=0x0000000000000000, RDX=0x0000022e3cb45520
RSP=0x000000ed4ccfe080, RBP=0x000000ed4ccfe180, RSI=0x0000000000000000, RDI=0x0000022e35937820
R8 =0x0000000000000000, R9 =0x0000000000000000, R10=0x0000000000000000, R11=0x0000000000000246
R12=0x0000000000000000, R13=0x0000022e3cb45450, R14=0x0000022e3cb45968, R15=0x0000022e3cba15e0
RIP=0x00007ffb9e38fdb5, EFLAGS=0x0000000000010202


Register to memory mapping:

RIP=0x00007ffb9e38fdb5 ig12icd64.dll
RAX=0x0000022e3cb45520 points into unknown readable memory: 0x0000000006e976a3 | a3 76 e9 06 00 00 00 00
RBX=0x0000022e3cb45450 points into unknown readable memory: 0x0000022e1000c820 | 20 c8 00 10 2e 02 00 00
RCX=0x0 is NULL
RDX=0x0000022e3cb45520 points into unknown readable memory: 0x0000000006e976a3 | a3 76 e9 06 00 00 00 00
RSP=0x000000ed4ccfe080 points into unknown readable memory: 0x0000022e35ef95b0 | b0 95 ef 35 2e 02 00 00
RBP=0x000000ed4ccfe180 points into unknown readable memory: 0x6661207061000a7d | 7d 0a 00 61 70 20 61 66
RSI=0x0 is NULL
RDI=0x0000022e35937820 points into unknown readable memory: 0x0000000000000000 | 00 00 00 00 00 00 00 00
R8 =0x0 is NULL
R9 =0x0 is NULL
R10=0x0 is NULL
R11=0x0000000000000246 is an unknown value
R12=0x0 is NULL
R13=0x0000022e3cb45450 points into unknown readable memory: 0x0000022e1000c820 | 20 c8 00 10 2e 02 00 00
R14=0x0000022e3cb45968 points into unknown readable memory: 0x0000022e3cba15e0 | e0 15 ba 3c 2e 02 00 00
R15=0x0000022e3cba15e0 points into unknown readable memory: 0x0000022e1000c820 | 20 c8 00 10 2e 02 00 00


Top of Stack: (sp=0x000000ed4ccfe080)
0x000000ed4ccfe080:   0000022e35ef95b0 0000000000000000
0x000000ed4ccfe090:   0000000000000000 0000000000000000
0x000000ed4ccfe0a0:   000000160f000000 0000000000000000
0x000000ed4ccfe0b0:   0000022e0ff90600 000000ed4ccfe9d0
0x000000ed4ccfe0c0:   0000022e35ef95b0 00007ffba6a7cb9f
0x000000ed4ccfe0d0:   00007ffba6d3f401 000000ed4ccfe0e0
0x000000ed4ccfe0e0:   000000000000003e 0000000000000013
0x000000ed4ccfe0f0:   207373616c632020 00007ffba6a7cbd7
0x000000ed4ccfe100:   3332206465737520 00007ffba6a7e3fc
0x000000ed4ccfe110:   000000ed4ccfe9d0 0000000000000002
0x000000ed4ccfe120:   000000ed4ccff108 0000022e0fc38690
0x000000ed4ccfe130:   0000022e0fc38690 00007ffba6a7cc73
0x000000ed4ccfe140:   0000022e0ff90600 000000ed4ccfe9d0
0x000000ed4ccfe150:   0000000000000000 343032282073726f
0x000000ed4ccfe160:   7830002000294b01 000000ed4ccfe170
0x000000ed4ccfe170:   0000000000000002 0000022e0fb40029
0x000000ed4ccfe180:   6661207061000a7d 6920434720726574
0x000000ed4ccfe190:   6f697461636f766e 66282037313d736e
0x000000ed4ccfe1a0:   0a3a2930206c6c75 0000022e0fb40000
0x000000ed4ccfe1b0:   0000000000000010 0000000000000010
0x000000ed4ccfe1c0:   000044215b87ecce 00007ffc98d747b1
0x000000ed4ccfe1d0:   0000000000000000 0000000000000000
0x000000ed4ccfe1e0:   0000000000000000 0000000000000000
0x000000ed4ccfe1f0:   0000000000000000 0000000000000000
0x000000ed4ccfe200:   0000000000000000 0000000000000000
0x000000ed4ccfe210:   0000000000000000 0000000000000000
0x000000ed4ccfe220:   0000000000000000 0000000000000000
0x000000ed4ccfe230:   0000000000000000 0000000000000000
0x000000ed4ccfe240:   0000000000000000 0000000000000000
0x000000ed4ccfe250:   404e000000000000 0000000000000000
0x000000ed4ccfe260:   0000000000000000 0000000000000000
0x000000ed4ccfe270:   0000022e361fa6d8 0000000006e976f2 

Instructions: (pc=0x00007ffb9e38fdb5)
0x00007ffb9e38fcb5:   48 8b cb ff 15 42 74 7f 00 90 4c 8b bf 80 02 00
0x00007ffb9e38fcc5:   00 48 8b 05 73 d3 b1 00 8b 80 1c 0a 00 00 89 44
0x00007ffb9e38fcd5:   24 24 c6 44 24 20 00 48 c7 87 80 02 00 00 00 00
0x00007ffb9e38fce5:   00 00 c7 87 88 02 00 00 00 00 00 00 48 c7 87 a0
0x00007ffb9e38fcf5:   02 00 00 00 00 00 00 48 c7 87 90 02 00 00 00 00
0x00007ffb9e38fd05:   00 00 48 85 f6 75 3d 8b 35 3e 67 c1 00 65 48 8b
0x00007ffb9e38fd15:   04 25 58 00 00 00 b9 30 00 00 00 48 8b 04 f0 80
0x00007ffb9e38fd25:   3c 01 00 0f 84 7e 29 6c 00 65 48 8b 04 25 58 00
0x00007ffb9e38fd35:   00 00 b9 08 00 00 00 48 8b 04 f0 48 8b 34 01 48
0x00007ffb9e38fd45:   89 74 24 28 48 3b 35 10 8b c1 00 0f 84 37 11 00
0x00007ffb9e38fd55:   00 4d 85 ff 0f 84 37 01 00 00 90 49 8b df 4d 8b
0x00007ffb9e38fd65:   ef 4d 8d b7 18 05 00 00 4d 8b 3e 45 84 e4 0f 85
0x00007ffb9e38fd75:   b4 0f 00 00 8b 8f d0 01 00 00 48 8b 05 ba d2 b1
0x00007ffb9e38fd85:   00 83 b8 54 03 00 00 02 75 33 48 8d 93 d0 00 00
0x00007ffb9e38fd95:   00 83 f9 10 0f 83 73 01 00 00 8b c1 48 c1 e0 06
0x00007ffb9e38fda5:   48 03 c2 48 85 c0 0f 84 d5 01 00 00 4c 8b 40 08
0x00007ffb9e38fdb5:   4c 3b 86 a8 53 03 00 0f 87 8e 0f 00 00 48 83 bb
0x00007ffb9e38fdc5:   70 05 00 00 00 0f 85 0f 29 6c 00 44 8b 87 d0 01
0x00007ffb9e38fdd5:   00 00 48 8b 87 e8 01 00 00 48 8b 10 8b 8f d0 01
0x00007ffb9e38fde5:   00 00 48 8d b3 d0 00 00 00 83 f9 10 0f 83 54 01
0x00007ffb9e38fdf5:   00 00 8b c1 48 c1 e0 06 48 03 c6 48 85 c0 0f 84
0x00007ffb9e38fe05:   85 01 00 00 48 39 50 08 0f 86 7b 01 00 00 48 8b
0x00007ffb9e38fe15:   87 80 02 00 00 49 89 06 48 89 9f 80 02 00 00 ff
0x00007ffb9e38fe25:   87 88 02 00 00 48 8b 4b 08 48 8b 01 ba 01 00 00
0x00007ffb9e38fe35:   00 48 8b 80 e0 02 00 00 ff 15 9d 77 7f 00 0f b7
0x00007ffb9e38fe45:   c8 48 2b c1 48 05 00 00 01 00 48 01 87 90 02 00
0x00007ffb9e38fe55:   00 48 8b 4b 08 48 8b 01 ba 01 00 00 00 48 8b 80
0x00007ffb9e38fe65:   e0 02 00 00 ff 15 71 77 7f 00 48 01 87 a0 02 00
0x00007ffb9e38fe75:   00 48 8b 74 24 28 0f b6 54 24 20 4d 85 ff 0f 85
0x00007ffb9e38fe85:   d7 fe ff ff 84 d2 0f 85 5c 10 00 00 48 8b 5c 24
0x00007ffb9e38fe95:   40 48 8b cf 80 7c 24 22 00 0f 85 36 10 00 00 e8
0x00007ffb9e38fea5:   a7 f0 ff ff 90 48 8b cb ff 15 7d 73 7f 00 48 8b 


Stack slot to memory mapping:
stack at sp + 0 slots: 0x0000022e35ef95b0 points into unknown readable memory: 0xffffffffffffffff | ff ff ff ff ff ff ff ff
stack at sp + 1 slots: 0x0 is NULL
stack at sp + 2 slots: 0x0 is NULL
stack at sp + 3 slots: 0x0 is NULL
stack at sp + 4 slots: 0x000000160f000000 is an unknown value
stack at sp + 5 slots: 0x0 is NULL
stack at sp + 6 slots: 0x0000022e0ff90600 points into unknown readable memory: 0x00007ffba6d3e3e8 | e8 e3 d3 a6 fb 7f 00 00
stack at sp + 7 slots: 0x000000ed4ccfe9d0 points into unknown readable memory: 0x0000022e0fb40328 | 28 03 b4 0f 2e 02 00 00

VM_Operation (0x000000ed4c3fee70): Exit, mode: safepoint, requested by thread 0x0000022e35989200


---------------  P R O C E S S  ---------------

Threads class SMR info:
_java_thread_list=0x0000022e3cb0c870, length=13, elements={
0x0000022e0ff7bc00, 0x0000022e31420600, 0x0000022e314214f0, 0x0000022e31424570,
0x0000022e31426110, 0x0000022e31428b50, 0x0000022e3142b590, 0x0000022e3142f7f0,
0x0000022e31438270, 0x0000022e313e9a90, 0x0000022e35a562a0, 0x0000022e359a94d0,
0x0000022e35989200
}

Java Threads: ( => current thread )
  0x0000022e0ff7bc00 JavaThread "main" [_thread_blocked, id=26396, stack(0x000000ed4c600000,0x000000ed4c700000)]
  0x0000022e31420600 JavaThread "Reference Handler" daemon [_thread_blocked, id=22872, stack(0x000000ed4cd00000,0x000000ed4ce00000)]
  0x0000022e314214f0 JavaThread "Finalizer" daemon [_thread_blocked, id=29500, stack(0x000000ed4ce00000,0x000000ed4cf00000)]
  0x0000022e31424570 JavaThread "Signal Dispatcher" daemon [_thread_blocked, id=26184, stack(0x000000ed4cf00000,0x000000ed4d000000)]
  0x0000022e31426110 JavaThread "Attach Listener" daemon [_thread_blocked, id=27492, stack(0x000000ed4d000000,0x000000ed4d100000)]
  0x0000022e31428b50 JavaThread "Service Thread" daemon [_thread_blocked, id=15356, stack(0x000000ed4d100000,0x000000ed4d200000)]
  0x0000022e3142b590 JavaThread "Monitor Deflation Thread" daemon [_thread_blocked, id=28980, stack(0x000000ed4d200000,0x000000ed4d300000)]
  0x0000022e3142f7f0 JavaThread "C2 CompilerThread0" daemon [_thread_blocked, id=11084, stack(0x000000ed4d300000,0x000000ed4d400000)]
  0x0000022e31438270 JavaThread "C1 CompilerThread0" daemon [_thread_blocked, id=22640, stack(0x000000ed4d400000,0x000000ed4d500000)]
  0x0000022e313e9a90 JavaThread "Common-Cleaner" daemon [_thread_blocked, id=27772, stack(0x000000ed4d500000,0x000000ed4d600000)]
  0x0000022e35a562a0 JavaThread "JDWP Event Helper Thread" daemon [_thread_blocked, id=27032, stack(0x000000ed4d700000,0x000000ed4d800000)]
  0x0000022e359a94d0 JavaThread "Notification Thread" daemon [_thread_blocked, id=29348, stack(0x000000ed4d900000,0x000000ed4da00000)]
  0x0000022e35989200 JavaThread "SIGINT handler" daemon [_thread_blocked, id=25452, stack(0x000000ed4c300000,0x000000ed4c400000)]

Other Threads:
=>0x0000022e313ff120 VMThread "VM Thread" [stack: 0x000000ed4cc00000,0x000000ed4cd00000] [id=20596]
  0x0000022e0ffe9720 WorkerThread "GC Thread#0" [stack: 0x000000ed4c700000,0x000000ed4c800000] [id=10876]
  0x0000022e3cd39eb0 WorkerThread "GC Thread#1" [stack: 0x000000ed4e100000,0x000000ed4e200000] [id=25016]
  0x0000022e3cb03020 WorkerThread "GC Thread#2" [stack: 0x000000ed4e200000,0x000000ed4e300000] [id=15244]
  0x0000022e3cdac920 WorkerThread "GC Thread#3" [stack: 0x000000ed4e300000,0x000000ed4e400000] [id=16192]
  0x0000022e3cbaabf0 WorkerThread "GC Thread#4" [stack: 0x000000ed4e400000,0x000000ed4e500000] [id=23684]
  0x0000022e3cbbb780 WorkerThread "GC Thread#5" [stack: 0x000000ed4e500000,0x000000ed4e600000] [id=4532]
  0x0000022e3cf3bee0 WorkerThread "GC Thread#6" [stack: 0x000000ed4e600000,0x000000ed4e700000] [id=13960]
  0x0000022e3cf3c1b0 WorkerThread "GC Thread#7" [stack: 0x000000ed4e700000,0x000000ed4e800000] [id=14372]
  0x0000022e0fff84f0 ConcurrentGCThread "G1 Main Marker" terminated
  0x0000022e0fc3e640 WorkerThread "G1 Conc#0" [stack: 0x000000ed4c900000,0x000000ed4ca00000] [id=25924]
  0x0000022e312bc1b0 ConcurrentGCThread "G1 Refine#0" terminated
  0x0000022e312bca60 ConcurrentGCThread "G1 Service" terminated

Threads with active compile tasks:

VM state: at safepoint (shutting down)

VM Mutex/Monitor currently owned by a thread:  ([mutex/lock_event])
[0x0000022e0ff78660] Threads_lock - owner thread: 0x0000022e313ff120
[0x0000022e0ff7a0d0] Heap_lock - owner thread: 0x0000022e35989200

Heap address: 0x0000000703e00000, size: 4034 MB, Compressed Oops mode: Zero based, Oop shift amount: 3

CDS archive(s) mapped at: [0x0000000800000000-0x0000000800c60000-0x0000000800c60000), size 12976128, SharedBaseAddress: 0x0000000800000000, ArchiveRelocationMode: 0.
Compressed class space mapped at: 0x0000000801000000-0x0000000841000000, reserved size: 1073741824
Narrow klass base: 0x0000000800000000, Narrow klass shift: 0, Narrow klass range: 0x100000000

GC Precious Log:
 CardTable entry size: 512
 Card Set container configuration: InlinePtr #cards 4 size 8 Array Of Cards #cards 16 size 48 Howl #buckets 8 coarsen threshold 3686 Howl Bitmap #cards 512 size 80 coarsen threshold 460 Card regions per heap region 1 cards per card region 4096
 CPUs: 8 total, 8 available
 Memory: 16129M
 Large Page Support: Disabled
 NUMA Support: Disabled
 Compressed Oops: Enabled (Zero based)
 Heap Region Size: 2M
 Heap Min Capacity: 8M
 Heap Initial Capacity: 254M
 Heap Max Capacity: 4034M
 Pre-touch: Disabled
 Parallel Workers: 8
 Concurrent Workers: 2
 Concurrent Refinement Workers: 8
 Periodic GC: Disabled

Heap:
 garbage-first heap   total 260096K, used 66280K [0x0000000703e00000, 0x0000000800000000)
  region size 2048K, 32 young (65536K), 1 survivors (2048K)
 Metaspace       used 3909K, committed 4160K, reserved 1114112K
  class space    used 235K, committed 320K, reserved 1048576K

Heap Regions: E=young(eden), S=young(survivor), O=old, HS=humongous(starts), HC=humongous(continues), CS=collection set, F=free, OA=open archive, CA=closed archive, TAMS=top-at-mark-start, PB=parsable bottom
|   0|0x0000000703e00000, 0x0000000704000000, 0x0000000704000000|100%| O|  |TAMS 0x0000000703e00000| PB 0x0000000703e00000| Untracked 
|   1|0x0000000704000000, 0x0000000704200000, 0x0000000704200000|100%| O|  |TAMS 0x0000000704000000| PB 0x0000000704000000| Untracked 
|   2|0x0000000704200000, 0x0000000704299600, 0x0000000704400000| 29%| O|  |TAMS 0x0000000704200000| PB 0x0000000704200000| Untracked 
|   3|0x0000000704400000, 0x0000000704400000, 0x0000000704600000|  0%| F|  |TAMS 0x0000000704400000| PB 0x0000000704400000| Untracked 
|   4|0x0000000704600000, 0x0000000704600000, 0x0000000704800000|  0%| F|  |TAMS 0x0000000704600000| PB 0x0000000704600000| Untracked 
|   5|0x0000000704800000, 0x0000000704800000, 0x0000000704a00000|  0%| F|  |TAMS 0x0000000704800000| PB 0x0000000704800000| Untracked 
|   6|0x0000000704a00000, 0x0000000704a00000, 0x0000000704c00000|  0%| F|  |TAMS 0x0000000704a00000| PB 0x0000000704a00000| Untracked 
|   7|0x0000000704c00000, 0x0000000704c00000, 0x0000000704e00000|  0%| F|  |TAMS 0x0000000704c00000| PB 0x0000000704c00000| Untracked 
|   8|0x0000000704e00000, 0x0000000704e00000, 0x0000000705000000|  0%| F|  |TAMS 0x0000000704e00000| PB 0x0000000704e00000| Untracked 
|   9|0x0000000705000000, 0x0000000705000000, 0x0000000705200000|  0%| F|  |TAMS 0x0000000705000000| PB 0x0000000705000000| Untracked 
|  10|0x0000000705200000, 0x0000000705200000, 0x0000000705400000|  0%| F|  |TAMS 0x0000000705200000| PB 0x0000000705200000| Untracked 
|  11|0x0000000705400000, 0x0000000705400000, 0x0000000705600000|  0%| F|  |TAMS 0x0000000705400000| PB 0x0000000705400000| Untracked 
|  12|0x0000000705600000, 0x0000000705600000, 0x0000000705800000|  0%| F|  |TAMS 0x0000000705600000| PB 0x0000000705600000| Untracked 
|  13|0x0000000705800000, 0x0000000705800000, 0x0000000705a00000|  0%| F|  |TAMS 0x0000000705800000| PB 0x0000000705800000| Untracked 
|  14|0x0000000705a00000, 0x0000000705a00000, 0x0000000705c00000|  0%| F|  |TAMS 0x0000000705a00000| PB 0x0000000705a00000| Untracked 
|  15|0x0000000705c00000, 0x0000000705c00000, 0x0000000705e00000|  0%| F|  |TAMS 0x0000000705c00000| PB 0x0000000705c00000| Untracked 
|  16|0x0000000705e00000, 0x0000000705e00000, 0x0000000706000000|  0%| F|  |TAMS 0x0000000705e00000| PB 0x0000000705e00000| Untracked 
|  17|0x0000000706000000, 0x0000000706000000, 0x0000000706200000|  0%| F|  |TAMS 0x0000000706000000| PB 0x0000000706000000| Untracked 
|  18|0x0000000706200000, 0x0000000706200000, 0x0000000706400000|  0%| F|  |TAMS 0x0000000706200000| PB 0x0000000706200000| Untracked 
|  19|0x0000000706400000, 0x0000000706400000, 0x0000000706600000|  0%| F|  |TAMS 0x0000000706400000| PB 0x0000000706400000| Untracked 
|  20|0x0000000706600000, 0x0000000706600000, 0x0000000706800000|  0%| F|  |TAMS 0x0000000706600000| PB 0x0000000706600000| Untracked 
|  21|0x0000000706800000, 0x0000000706800000, 0x0000000706a00000|  0%| F|  |TAMS 0x0000000706800000| PB 0x0000000706800000| Untracked 
|  22|0x0000000706a00000, 0x0000000706a00000, 0x0000000706c00000|  0%| F|  |TAMS 0x0000000706a00000| PB 0x0000000706a00000| Untracked 
|  23|0x0000000706c00000, 0x0000000706c00000, 0x0000000706e00000|  0%| F|  |TAMS 0x0000000706c00000| PB 0x0000000706c00000| Untracked 
|  24|0x0000000706e00000, 0x0000000706e00000, 0x0000000707000000|  0%| F|  |TAMS 0x0000000706e00000| PB 0x0000000706e00000| Untracked 
|  25|0x0000000707000000, 0x0000000707000000, 0x0000000707200000|  0%| F|  |TAMS 0x0000000707000000| PB 0x0000000707000000| Untracked 
|  26|0x0000000707200000, 0x0000000707200000, 0x0000000707400000|  0%| F|  |TAMS 0x0000000707200000| PB 0x0000000707200000| Untracked 
|  27|0x0000000707400000, 0x0000000707400000, 0x0000000707600000|  0%| F|  |TAMS 0x0000000707400000| PB 0x0000000707400000| Untracked 
|  28|0x0000000707600000, 0x0000000707600000, 0x0000000707800000|  0%| F|  |TAMS 0x0000000707600000| PB 0x0000000707600000| Untracked 
|  29|0x0000000707800000, 0x0000000707800000, 0x0000000707a00000|  0%| F|  |TAMS 0x0000000707800000| PB 0x0000000707800000| Untracked 
|  30|0x0000000707a00000, 0x0000000707a00000, 0x0000000707c00000|  0%| F|  |TAMS 0x0000000707a00000| PB 0x0000000707a00000| Untracked 
|  31|0x0000000707c00000, 0x0000000707c00000, 0x0000000707e00000|  0%| F|  |TAMS 0x0000000707c00000| PB 0x0000000707c00000| Untracked 
|  32|0x0000000707e00000, 0x0000000707e00000, 0x0000000708000000|  0%| F|  |TAMS 0x0000000707e00000| PB 0x0000000707e00000| Untracked 
|  33|0x0000000708000000, 0x0000000708000000, 0x0000000708200000|  0%| F|  |TAMS 0x0000000708000000| PB 0x0000000708000000| Untracked 
|  34|0x0000000708200000, 0x0000000708200000, 0x0000000708400000|  0%| F|  |TAMS 0x0000000708200000| PB 0x0000000708200000| Untracked 
|  35|0x0000000708400000, 0x0000000708400000, 0x0000000708600000|  0%| F|  |TAMS 0x0000000708400000| PB 0x0000000708400000| Untracked 
|  36|0x0000000708600000, 0x0000000708600000, 0x0000000708800000|  0%| F|  |TAMS 0x0000000708600000| PB 0x0000000708600000| Untracked 
|  37|0x0000000708800000, 0x0000000708800000, 0x0000000708a00000|  0%| F|  |TAMS 0x0000000708800000| PB 0x0000000708800000| Untracked 
|  38|0x0000000708a00000, 0x0000000708a00000, 0x0000000708c00000|  0%| F|  |TAMS 0x0000000708a00000| PB 0x0000000708a00000| Untracked 
|  39|0x0000000708c00000, 0x0000000708c00000, 0x0000000708e00000|  0%| F|  |TAMS 0x0000000708c00000| PB 0x0000000708c00000| Untracked 
|  40|0x0000000708e00000, 0x0000000708e00000, 0x0000000709000000|  0%| F|  |TAMS 0x0000000708e00000| PB 0x0000000708e00000| Untracked 
|  41|0x0000000709000000, 0x0000000709000000, 0x0000000709200000|  0%| F|  |TAMS 0x0000000709000000| PB 0x0000000709000000| Untracked 
|  42|0x0000000709200000, 0x0000000709200000, 0x0000000709400000|  0%| F|  |TAMS 0x0000000709200000| PB 0x0000000709200000| Untracked 
|  43|0x0000000709400000, 0x0000000709400000, 0x0000000709600000|  0%| F|  |TAMS 0x0000000709400000| PB 0x0000000709400000| Untracked 
|  44|0x0000000709600000, 0x0000000709600000, 0x0000000709800000|  0%| F|  |TAMS 0x0000000709600000| PB 0x0000000709600000| Untracked 
|  45|0x0000000709800000, 0x0000000709800000, 0x0000000709a00000|  0%| F|  |TAMS 0x0000000709800000| PB 0x0000000709800000| Untracked 
|  46|0x0000000709a00000, 0x0000000709a00000, 0x0000000709c00000|  0%| F|  |TAMS 0x0000000709a00000| PB 0x0000000709a00000| Untracked 
|  47|0x0000000709c00000, 0x0000000709c00000, 0x0000000709e00000|  0%| F|  |TAMS 0x0000000709c00000| PB 0x0000000709c00000| Untracked 
|  48|0x0000000709e00000, 0x0000000709e00000, 0x000000070a000000|  0%| F|  |TAMS 0x0000000709e00000| PB 0x0000000709e00000| Untracked 
|  49|0x000000070a000000, 0x000000070a000000, 0x000000070a200000|  0%| F|  |TAMS 0x000000070a000000| PB 0x000000070a000000| Untracked 
|  50|0x000000070a200000, 0x000000070a220d08, 0x000000070a400000|  6%| S|CS|TAMS 0x000000070a200000| PB 0x000000070a200000| Complete 
|  51|0x000000070a400000, 0x000000070a400000, 0x000000070a600000|  0%| F|  |TAMS 0x000000070a400000| PB 0x000000070a400000| Untracked 
|  52|0x000000070a600000, 0x000000070a600000, 0x000000070a800000|  0%| F|  |TAMS 0x000000070a600000| PB 0x000000070a600000| Untracked 
|  53|0x000000070a800000, 0x000000070a800000, 0x000000070aa00000|  0%| F|  |TAMS 0x000000070a800000| PB 0x000000070a800000| Untracked 
|  54|0x000000070aa00000, 0x000000070aa00000, 0x000000070ac00000|  0%| F|  |TAMS 0x000000070aa00000| PB 0x000000070aa00000| Untracked 
|  55|0x000000070ac00000, 0x000000070ac00000, 0x000000070ae00000|  0%| F|  |TAMS 0x000000070ac00000| PB 0x000000070ac00000| Untracked 
|  56|0x000000070ae00000, 0x000000070ae00000, 0x000000070b000000|  0%| F|  |TAMS 0x000000070ae00000| PB 0x000000070ae00000| Untracked 
|  57|0x000000070b000000, 0x000000070b000000, 0x000000070b200000|  0%| F|  |TAMS 0x000000070b000000| PB 0x000000070b000000| Untracked 
|  58|0x000000070b200000, 0x000000070b200000, 0x000000070b400000|  0%| F|  |TAMS 0x000000070b200000| PB 0x000000070b200000| Untracked 
|  59|0x000000070b400000, 0x000000070b400000, 0x000000070b600000|  0%| F|  |TAMS 0x000000070b400000| PB 0x000000070b400000| Untracked 
|  60|0x000000070b600000, 0x000000070b600000, 0x000000070b800000|  0%| F|  |TAMS 0x000000070b600000| PB 0x000000070b600000| Untracked 
|  61|0x000000070b800000, 0x000000070b800000, 0x000000070ba00000|  0%| F|  |TAMS 0x000000070b800000| PB 0x000000070b800000| Untracked 
|  62|0x000000070ba00000, 0x000000070ba00000, 0x000000070bc00000|  0%| F|  |TAMS 0x000000070ba00000| PB 0x000000070ba00000| Untracked 
|  63|0x000000070bc00000, 0x000000070bc00000, 0x000000070be00000|  0%| F|  |TAMS 0x000000070bc00000| PB 0x000000070bc00000| Untracked 
|  64|0x000000070be00000, 0x000000070be00000, 0x000000070c000000|  0%| F|  |TAMS 0x000000070be00000| PB 0x000000070be00000| Untracked 
|  65|0x000000070c000000, 0x000000070c000000, 0x000000070c200000|  0%| F|  |TAMS 0x000000070c000000| PB 0x000000070c000000| Untracked 
|  66|0x000000070c200000, 0x000000070c200000, 0x000000070c400000|  0%| F|  |TAMS 0x000000070c200000| PB 0x000000070c200000| Untracked 
|  67|0x000000070c400000, 0x000000070c400000, 0x000000070c600000|  0%| F|  |TAMS 0x000000070c400000| PB 0x000000070c400000| Untracked 
|  68|0x000000070c600000, 0x000000070c600000, 0x000000070c800000|  0%| F|  |TAMS 0x000000070c600000| PB 0x000000070c600000| Untracked 
|  69|0x000000070c800000, 0x000000070c800000, 0x000000070ca00000|  0%| F|  |TAMS 0x000000070c800000| PB 0x000000070c800000| Untracked 
|  70|0x000000070ca00000, 0x000000070ca00000, 0x000000070cc00000|  0%| F|  |TAMS 0x000000070ca00000| PB 0x000000070ca00000| Untracked 
|  71|0x000000070cc00000, 0x000000070cc00000, 0x000000070ce00000|  0%| F|  |TAMS 0x000000070cc00000| PB 0x000000070cc00000| Untracked 
|  72|0x000000070ce00000, 0x000000070ce00000, 0x000000070d000000|  0%| F|  |TAMS 0x000000070ce00000| PB 0x000000070ce00000| Untracked 
|  73|0x000000070d000000, 0x000000070d000000, 0x000000070d200000|  0%| F|  |TAMS 0x000000070d000000| PB 0x000000070d000000| Untracked 
|  74|0x000000070d200000, 0x000000070d200000, 0x000000070d400000|  0%| F|  |TAMS 0x000000070d200000| PB 0x000000070d200000| Untracked 
|  75|0x000000070d400000, 0x000000070d400000, 0x000000070d600000|  0%| F|  |TAMS 0x000000070d400000| PB 0x000000070d400000| Untracked 
|  76|0x000000070d600000, 0x000000070d600000, 0x000000070d800000|  0%| F|  |TAMS 0x000000070d600000| PB 0x000000070d600000| Untracked 
|  77|0x000000070d800000, 0x000000070d800000, 0x000000070da00000|  0%| F|  |TAMS 0x000000070d800000| PB 0x000000070d800000| Untracked 
|  78|0x000000070da00000, 0x000000070da00000, 0x000000070dc00000|  0%| F|  |TAMS 0x000000070da00000| PB 0x000000070da00000| Untracked 
|  79|0x000000070dc00000, 0x000000070dc00000, 0x000000070de00000|  0%| F|  |TAMS 0x000000070dc00000| PB 0x000000070dc00000| Untracked 
|  80|0x000000070de00000, 0x000000070de00000, 0x000000070e000000|  0%| F|  |TAMS 0x000000070de00000| PB 0x000000070de00000| Untracked 
|  81|0x000000070e000000, 0x000000070e000000, 0x000000070e200000|  0%| F|  |TAMS 0x000000070e000000| PB 0x000000070e000000| Untracked 
|  82|0x000000070e200000, 0x000000070e200000, 0x000000070e400000|  0%| F|  |TAMS 0x000000070e200000| PB 0x000000070e200000| Untracked 
|  83|0x000000070e400000, 0x000000070e400000, 0x000000070e600000|  0%| F|  |TAMS 0x000000070e400000| PB 0x000000070e400000| Untracked 
|  84|0x000000070e600000, 0x000000070e600000, 0x000000070e800000|  0%| F|  |TAMS 0x000000070e600000| PB 0x000000070e600000| Untracked 
|  85|0x000000070e800000, 0x000000070e800000, 0x000000070ea00000|  0%| F|  |TAMS 0x000000070e800000| PB 0x000000070e800000| Untracked 
|  86|0x000000070ea00000, 0x000000070ea00000, 0x000000070ec00000|  0%| F|  |TAMS 0x000000070ea00000| PB 0x000000070ea00000| Untracked 
|  87|0x000000070ec00000, 0x000000070ec00000, 0x000000070ee00000|  0%| F|  |TAMS 0x000000070ec00000| PB 0x000000070ec00000| Untracked 
|  88|0x000000070ee00000, 0x000000070ee00000, 0x000000070f000000|  0%| F|  |TAMS 0x000000070ee00000| PB 0x000000070ee00000| Untracked 
|  89|0x000000070f000000, 0x000000070f000000, 0x000000070f200000|  0%| F|  |TAMS 0x000000070f000000| PB 0x000000070f000000| Untracked 
|  90|0x000000070f200000, 0x000000070f200000, 0x000000070f400000|  0%| F|  |TAMS 0x000000070f200000| PB 0x000000070f200000| Untracked 
|  91|0x000000070f400000, 0x000000070f400000, 0x000000070f600000|  0%| F|  |TAMS 0x000000070f400000| PB 0x000000070f400000| Untracked 
|  92|0x000000070f600000, 0x000000070f600000, 0x000000070f800000|  0%| F|  |TAMS 0x000000070f600000| PB 0x000000070f600000| Untracked 
|  93|0x000000070f800000, 0x000000070f800000, 0x000000070fa00000|  0%| F|  |TAMS 0x000000070f800000| PB 0x000000070f800000| Untracked 
|  94|0x000000070fa00000, 0x000000070fa00000, 0x000000070fc00000|  0%| F|  |TAMS 0x000000070fa00000| PB 0x000000070fa00000| Untracked 
|  95|0x000000070fc00000, 0x000000070fc00000, 0x000000070fe00000|  0%| F|  |TAMS 0x000000070fc00000| PB 0x000000070fc00000| Untracked 
|  96|0x000000070fe00000, 0x0000000710000000, 0x0000000710000000|100%| E|  |TAMS 0x000000070fe00000| PB 0x000000070fe00000| Complete 
|  97|0x0000000710000000, 0x0000000710200000, 0x0000000710200000|100%| E|CS|TAMS 0x0000000710000000| PB 0x0000000710000000| Complete 
|  98|0x0000000710200000, 0x0000000710400000, 0x0000000710400000|100%| E|CS|TAMS 0x0000000710200000| PB 0x0000000710200000| Complete 
|  99|0x0000000710400000, 0x0000000710600000, 0x0000000710600000|100%| E|CS|TAMS 0x0000000710400000| PB 0x0000000710400000| Complete 
| 100|0x0000000710600000, 0x0000000710800000, 0x0000000710800000|100%| E|CS|TAMS 0x0000000710600000| PB 0x0000000710600000| Complete 
| 101|0x0000000710800000, 0x0000000710a00000, 0x0000000710a00000|100%| E|CS|TAMS 0x0000000710800000| PB 0x0000000710800000| Complete 
| 102|0x0000000710a00000, 0x0000000710c00000, 0x0000000710c00000|100%| E|CS|TAMS 0x0000000710a00000| PB 0x0000000710a00000| Complete 
| 103|0x0000000710c00000, 0x0000000710e00000, 0x0000000710e00000|100%| E|CS|TAMS 0x0000000710c00000| PB 0x0000000710c00000| Complete 
| 104|0x0000000710e00000, 0x0000000711000000, 0x0000000711000000|100%| E|CS|TAMS 0x0000000710e00000| PB 0x0000000710e00000| Complete 
| 105|0x0000000711000000, 0x0000000711200000, 0x0000000711200000|100%| E|CS|TAMS 0x0000000711000000| PB 0x0000000711000000| Complete 
| 106|0x0000000711200000, 0x0000000711400000, 0x0000000711400000|100%| E|CS|TAMS 0x0000000711200000| PB 0x0000000711200000| Complete 
| 107|0x0000000711400000, 0x0000000711600000, 0x0000000711600000|100%| E|CS|TAMS 0x0000000711400000| PB 0x0000000711400000| Complete 
| 108|0x0000000711600000, 0x0000000711800000, 0x0000000711800000|100%| E|CS|TAMS 0x0000000711600000| PB 0x0000000711600000| Complete 
| 109|0x0000000711800000, 0x0000000711a00000, 0x0000000711a00000|100%| E|CS|TAMS 0x0000000711800000| PB 0x0000000711800000| Complete 
| 110|0x0000000711a00000, 0x0000000711c00000, 0x0000000711c00000|100%| E|CS|TAMS 0x0000000711a00000| PB 0x0000000711a00000| Complete 
| 111|0x0000000711c00000, 0x0000000711e00000, 0x0000000711e00000|100%| E|CS|TAMS 0x0000000711c00000| PB 0x0000000711c00000| Complete 
| 112|0x0000000711e00000, 0x0000000712000000, 0x0000000712000000|100%| E|CS|TAMS 0x0000000711e00000| PB 0x0000000711e00000| Complete 
| 113|0x0000000712000000, 0x0000000712200000, 0x0000000712200000|100%| E|CS|TAMS 0x0000000712000000| PB 0x0000000712000000| Complete 
| 114|0x0000000712200000, 0x0000000712400000, 0x0000000712400000|100%| E|CS|TAMS 0x0000000712200000| PB 0x0000000712200000| Complete 
| 115|0x0000000712400000, 0x0000000712600000, 0x0000000712600000|100%| E|CS|TAMS 0x0000000712400000| PB 0x0000000712400000| Complete 
| 116|0x0000000712600000, 0x0000000712800000, 0x0000000712800000|100%| E|CS|TAMS 0x0000000712600000| PB 0x0000000712600000| Complete 
| 117|0x0000000712800000, 0x0000000712a00000, 0x0000000712a00000|100%| E|CS|TAMS 0x0000000712800000| PB 0x0000000712800000| Complete 
| 118|0x0000000712a00000, 0x0000000712c00000, 0x0000000712c00000|100%| E|CS|TAMS 0x0000000712a00000| PB 0x0000000712a00000| Complete 
| 119|0x0000000712c00000, 0x0000000712e00000, 0x0000000712e00000|100%| E|CS|TAMS 0x0000000712c00000| PB 0x0000000712c00000| Complete 
| 120|0x0000000712e00000, 0x0000000713000000, 0x0000000713000000|100%| E|CS|TAMS 0x0000000712e00000| PB 0x0000000712e00000| Complete 
| 121|0x0000000713000000, 0x0000000713200000, 0x0000000713200000|100%| E|CS|TAMS 0x0000000713000000| PB 0x0000000713000000| Complete 
| 122|0x0000000713200000, 0x0000000713400000, 0x0000000713400000|100%| E|CS|TAMS 0x0000000713200000| PB 0x0000000713200000| Complete 
| 123|0x0000000713400000, 0x0000000713600000, 0x0000000713600000|100%| E|CS|TAMS 0x0000000713400000| PB 0x0000000713400000| Complete 
| 124|0x0000000713600000, 0x0000000713800000, 0x0000000713800000|100%| E|CS|TAMS 0x0000000713600000| PB 0x0000000713600000| Complete 
| 125|0x0000000713800000, 0x0000000713a00000, 0x0000000713a00000|100%| E|CS|TAMS 0x0000000713800000| PB 0x0000000713800000| Complete 
| 126|0x0000000713a00000, 0x0000000713c00000, 0x0000000713c00000|100%| E|CS|TAMS 0x0000000713a00000| PB 0x0000000713a00000| Complete 

Card table byte_map: [0x0000022e29a60000,0x0000022e2a250000] _byte_map_base: 0x0000022e26241000

Marking Bits: (CMBitMap*) 0x0000022e0ffe9d50
 Bits: [0x0000022e2aa40000, 0x0000022e2e948000)

Polling page: 0x0000022e0fcb0000

Metaspace:

Usage:
  Non-class:      3.59 MB used.
      Class:    235.23 KB used.
       Both:      3.82 MB used.

Virtual space:
  Non-class space:       64.00 MB reserved,       3.75 MB (  6%) committed,  1 nodes.
      Class space:        1.00 GB reserved,     320.00 KB ( <1%) committed,  1 nodes.
             Both:        1.06 GB reserved,       4.06 MB ( <1%) committed. 

Chunk freelists:
   Non-Class:  1.94 MB
       Class:  3.59 MB
        Both:  5.53 MB

MaxMetaspaceSize: unlimited
CompressedClassSpaceSize: 1.00 GB
Initial GC threshold: 21.00 MB
Current GC threshold: 21.00 MB
CDS: on
MetaspaceReclaimPolicy: balanced
 - commit_granule_bytes: 65536.
 - commit_granule_words: 8192.
 - virtual_space_node_default_size: 8388608.
 - enlarge_chunks_in_place: 1.
 - new_chunks_are_fully_committed: 0.
 - uncommit_free_chunks: 1.
 - use_allocation_guard: 0.


Internal statistics:

num_allocs_failed_limit: 0.
num_arena_births: 132.
num_arena_deaths: 0.
num_vsnodes_births: 2.
num_vsnodes_deaths: 0.
num_space_committed: 63.
num_space_uncommitted: 0.
num_chunks_returned_to_freelist: 0.
num_chunks_taken_from_freelist: 231.
num_chunk_merges: 0.
num_chunk_splits: 154.
num_chunks_enlarged: 102.
num_inconsistent_stats: 0.

CodeHeap 'non-profiled nmethods': size=120000Kb used=657Kb max_used=657Kb free=119342Kb
 bounds [0x0000022e212e0000, 0x0000022e21550000, 0x0000022e28810000]
CodeHeap 'profiled nmethods': size=120000Kb used=1581Kb max_used=1581Kb free=118418Kb
 bounds [0x0000022e19810000, 0x0000022e19a80000, 0x0000022e20d40000]
CodeHeap 'non-nmethods': size=5760Kb used=2512Kb max_used=2538Kb free=3247Kb
 bounds [0x0000022e20d40000, 0x0000022e20fd0000, 0x0000022e212e0000]
 total_blobs=2245 nmethods=1148 adapters=1008
 compilation: enabled
              stopped_count=0, restarted_count=0
 full_count=0

Compilation events (20 events):
Event: 22.827 Thread 0x0000022e3142f7f0 1141       4       HAL.GridsAndAgents.AgentSQ2D::RemSQ (104 bytes)
Event: 22.831 Thread 0x0000022e3142f7f0 nmethod 1141 0x0000022e21380890 code [0x0000022e21380a20, 0x0000022e21380fd8]
Event: 24.961 Thread 0x0000022e3142f7f0 1142       4       HAL.GridsAndAgents.AgentGrid2D::GetNewAgent (15 bytes)
Event: 24.966 Thread 0x0000022e3142f7f0 nmethod 1142 0x0000022e21381190 code [0x0000022e21381380, 0x0000022e21381a48]
Event: 26.462 Thread 0x0000022e31438270 1144       3       HAL.Interfaces.Grid2D::MapHood (136 bytes)
Event: 26.463 Thread 0x0000022e31438270 nmethod 1144 0x0000022e19998c10 code [0x0000022e19998e60, 0x0000022e19999b18]
Event: 26.463 Thread 0x0000022e31438270 1143       3       HAL.GridsAndAgents.Agent2DBase::MapHood (20 bytes)
Event: 26.463 Thread 0x0000022e31438270 nmethod 1143 0x0000022e19999f10 code [0x0000022e1999a0c0, 0x0000022e1999a4c8]
Event: 27.165 Thread 0x0000022e3142f7f0 1145       4       HAL.GridsAndAgents.AgentSQ2D::Dispose (50 bytes)
Event: 27.174 Thread 0x0000022e3142f7f0 nmethod 1145 0x0000022e21382010 code [0x0000022e213821e0, 0x0000022e21382ee0]
Event: 27.880 Thread 0x0000022e3142f7f0 1146       4       HAL.GridsAndAgents.AgentSQ2D::Setup (41 bytes)
Event: 27.885 Thread 0x0000022e3142f7f0 nmethod 1146 0x0000022e21383410 code [0x0000022e213835c0, 0x0000022e21383c20]
Event: 30.200 Thread 0x0000022e3142f7f0 1147       4       java.util.ArrayList::remove (26 bytes)
Event: 30.201 Thread 0x0000022e3142f7f0 nmethod 1147 0x0000022e21383f90 code [0x0000022e21384100, 0x0000022e213842d8]
Event: 30.636 Thread 0x0000022e31438270 1149       3       HAL.GridsAndAgents.AgentGrid2D::GetAgent (7 bytes)
Event: 30.636 Thread 0x0000022e31438270 nmethod 1149 0x0000022e1999a610 code [0x0000022e1999a7a0, 0x0000022e1999a8e0]
Event: 30.636 Thread 0x0000022e31438270 1148       3       HAL.GridsAndAgents.AgentSQ2D::GetCountOnSquare (16 bytes)
Event: 30.636 Thread 0x0000022e31438270 nmethod 1148 0x0000022e1999aa10 code [0x0000022e1999aba0, 0x0000022e1999ae70]
Event: 34.136 Thread 0x0000022e31438270 1150       3       HAL.GridsAndAgents.AgentGrid2D::PopAt (18 bytes)
Event: 34.136 Thread 0x0000022e31438270 nmethod 1150 0x0000022e1999af90 code [0x0000022e1999b140, 0x0000022e1999b3b8]

GC Heap History (20 events):
Event: 20.764 GC heap before
{Heap before GC invocations=7 (full 0):
 garbage-first heap   total 260096K, used 158344K [0x0000000703e00000, 0x0000000800000000)
  region size 2048K, 76 young (155648K), 1 survivors (2048K)
 Metaspace       used 3903K, committed 4160K, reserved 1114112K
  class space    used 233K, committed 320K, reserved 1048576K
}
Event: 20.766 GC heap after
{Heap after GC invocations=8 (full 0):
 garbage-first heap   total 260096K, used 4752K [0x0000000703e00000, 0x0000000800000000)
  region size 2048K, 1 young (2048K), 1 survivors (2048K)
 Metaspace       used 3903K, committed 4160K, reserved 1114112K
  class space    used 233K, committed 320K, reserved 1048576K
}
Event: 23.821 GC heap before
{Heap before GC invocations=8 (full 0):
 garbage-first heap   total 260096K, used 158352K [0x0000000703e00000, 0x0000000800000000)
  region size 2048K, 76 young (155648K), 1 survivors (2048K)
 Metaspace       used 3903K, committed 4160K, reserved 1114112K
  class space    used 233K, committed 320K, reserved 1048576K
}
Event: 23.823 GC heap after
{Heap after GC invocations=9 (full 0):
 garbage-first heap   total 260096K, used 4762K [0x0000000703e00000, 0x0000000800000000)
  region size 2048K, 1 young (2048K), 1 survivors (2048K)
 Metaspace       used 3903K, committed 4160K, reserved 1114112K
  class space    used 233K, committed 320K, reserved 1048576K
}
Event: 26.810 GC heap before
{Heap before GC invocations=9 (full 0):
 garbage-first heap   total 260096K, used 158362K [0x0000000703e00000, 0x0000000800000000)
  region size 2048K, 76 young (155648K), 1 survivors (2048K)
 Metaspace       used 3903K, committed 4160K, reserved 1114112K
  class space    used 233K, committed 320K, reserved 1048576K
}
Event: 26.812 GC heap after
{Heap after GC invocations=10 (full 0):
 garbage-first heap   total 260096K, used 4775K [0x0000000703e00000, 0x0000000800000000)
  region size 2048K, 1 young (2048K), 1 survivors (2048K)
 Metaspace       used 3903K, committed 4160K, reserved 1114112K
  class space    used 233K, committed 320K, reserved 1048576K
}
Event: 29.744 GC heap before
{Heap before GC invocations=10 (full 0):
 garbage-first heap   total 260096K, used 158375K [0x0000000703e00000, 0x0000000800000000)
  region size 2048K, 76 young (155648K), 1 survivors (2048K)
 Metaspace       used 3903K, committed 4160K, reserved 1114112K
  class space    used 233K, committed 320K, reserved 1048576K
}
Event: 29.746 GC heap after
{Heap after GC invocations=11 (full 0):
 garbage-first heap   total 260096K, used 4783K [0x0000000703e00000, 0x0000000800000000)
  region size 2048K, 1 young (2048K), 1 survivors (2048K)
 Metaspace       used 3903K, committed 4160K, reserved 1114112K
  class space    used 233K, committed 320K, reserved 1048576K
}
Event: 32.774 GC heap before
{Heap before GC invocations=11 (full 0):
 garbage-first heap   total 260096K, used 158383K [0x0000000703e00000, 0x0000000800000000)
  region size 2048K, 76 young (155648K), 1 survivors (2048K)
 Metaspace       used 3903K, committed 4160K, reserved 1114112K
  class space    used 233K, committed 320K, reserved 1048576K
}
Event: 32.776 GC heap after
{Heap after GC invocations=12 (full 0):
 garbage-first heap   total 260096K, used 4783K [0x0000000703e00000, 0x0000000800000000)
  region size 2048K, 1 young (2048K), 1 survivors (2048K)
 Metaspace       used 3903K, committed 4160K, reserved 1114112K
  class space    used 233K, committed 320K, reserved 1048576K
}
Event: 35.698 GC heap before
{Heap before GC invocations=12 (full 0):
 garbage-first heap   total 260096K, used 158383K [0x0000000703e00000, 0x0000000800000000)
  region size 2048K, 76 young (155648K), 1 survivors (2048K)
 Metaspace       used 3903K, committed 4160K, reserved 1114112K
  class space    used 233K, committed 320K, reserved 1048576K
}
Event: 35.700 GC heap after
{Heap after GC invocations=13 (full 0):
 garbage-first heap   total 260096K, used 4798K [0x0000000703e00000, 0x0000000800000000)
  region size 2048K, 1 young (2048K), 1 survivors (2048K)
 Metaspace       used 3903K, committed 4160K, reserved 1114112K
  class space    used 233K, committed 320K, reserved 1048576K
}
Event: 38.574 GC heap before
{Heap before GC invocations=13 (full 0):
 garbage-first heap   total 260096K, used 158398K [0x0000000703e00000, 0x0000000800000000)
  region size 2048K, 76 young (155648K), 1 survivors (2048K)
 Metaspace       used 3903K, committed 4160K, reserved 1114112K
  class space    used 233K, committed 320K, reserved 1048576K
}
Event: 38.576 GC heap after
{Heap after GC invocations=14 (full 0):
 garbage-first heap   total 260096K, used 4802K [0x0000000703e00000, 0x0000000800000000)
  region size 2048K, 1 young (2048K), 1 survivors (2048K)
 Metaspace       used 3903K, committed 4160K, reserved 1114112K
  class space    used 233K, committed 320K, reserved 1048576K
}
Event: 41.486 GC heap before
{Heap before GC invocations=14 (full 0):
 garbage-first heap   total 260096K, used 158402K [0x0000000703e00000, 0x0000000800000000)
  region size 2048K, 76 young (155648K), 1 survivors (2048K)
 Metaspace       used 3903K, committed 4160K, reserved 1114112K
  class space    used 233K, committed 320K, reserved 1048576K
}
Event: 41.488 GC heap after
{Heap after GC invocations=15 (full 0):
 garbage-first heap   total 260096K, used 4807K [0x0000000703e00000, 0x0000000800000000)
  region size 2048K, 1 young (2048K), 1 survivors (2048K)
 Metaspace       used 3903K, committed 4160K, reserved 1114112K
  class space    used 233K, committed 320K, reserved 1048576K
}
Event: 44.363 GC heap before
{Heap before GC invocations=15 (full 0):
 garbage-first heap   total 260096K, used 158407K [0x0000000703e00000, 0x0000000800000000)
  region size 2048K, 76 young (155648K), 1 survivors (2048K)
 Metaspace       used 3903K, committed 4160K, reserved 1114112K
  class space    used 233K, committed 320K, reserved 1048576K
}
Event: 44.365 GC heap after
{Heap after GC invocations=16 (full 0):
 garbage-first heap   total 260096K, used 4825K [0x0000000703e00000, 0x0000000800000000)
  region size 2048K, 1 young (2048K), 1 survivors (2048K)
 Metaspace       used 3903K, committed 4160K, reserved 1114112K
  class space    used 233K, committed 320K, reserved 1048576K
}
Event: 47.156 GC heap before
{Heap before GC invocations=16 (full 0):
 garbage-first heap   total 260096K, used 158425K [0x0000000703e00000, 0x0000000800000000)
  region size 2048K, 76 young (155648K), 1 survivors (2048K)
 Metaspace       used 3903K, committed 4160K, reserved 1114112K
  class space    used 233K, committed 320K, reserved 1048576K
}
Event: 47.157 GC heap after
{Heap after GC invocations=17 (full 0):
 garbage-first heap   total 260096K, used 4840K [0x0000000703e00000, 0x0000000800000000)
  region size 2048K, 1 young (2048K), 1 survivors (2048K)
 Metaspace       used 3903K, committed 4160K, reserved 1114112K
  class space    used 233K, committed 320K, reserved 1048576K
}

Dll operation events (10 events):
Event: 0.014 Loaded shared library C:\Users\4473331\.jdks\openjdk-20.0.1\bin\java.dll
Event: 0.016 Loaded shared library C:\Users\4473331\.jdks\openjdk-20.0.1\bin\zip.dll
Event: 0.028 Loaded shared library C:\Users\4473331\.jdks\openjdk-20.0.1\bin\jsvml.dll
Event: 0.154 Loaded shared library C:\Users\4473331\.jdks\openjdk-20.0.1\bin\instrument.dll
Event: 0.195 Loaded shared library C:\Users\4473331\.jdks\openjdk-20.0.1\bin\jimage.dll
Event: 0.224 Loaded shared library C:\Users\4473331\.jdks\openjdk-20.0.1\bin\net.dll
Event: 0.226 Loaded shared library C:\Users\4473331\.jdks\openjdk-20.0.1\bin\nio.dll
Event: 0.229 Loaded shared library C:\Users\4473331\.jdks\openjdk-20.0.1\bin\zip.dll
Event: 0.326 Loaded shared library C:\Users\4473331\AppData\Local\Temp\1\lwjgl_4473331\3.3.2+13\x64\lwjgl.dll
Event: 0.561 Loaded shared library C:\Users\4473331\AppData\Local\Temp\1\lwjgl_4473331\3.3.2+13\x64\lwjgl_opengl.dll

Deoptimization events (20 events):
Event: 1.581 Thread 0x0000022e0ff7bc00 Uncommon trap: trap_request=0xffffff45 fr.pc=0x0000022e21352554 relative=0x0000000000001774
Event: 1.581 Thread 0x0000022e0ff7bc00 Uncommon trap: reason=unstable_if action=reinterpret pc=0x0000022e21352554 method=metastasis.CellEx.tryMove()V @ 225 c2
Event: 1.581 Thread 0x0000022e0ff7bc00 DEOPT PACKING pc=0x0000022e21352554 sp=0x000000ed4c6ff6c0
Event: 1.581 Thread 0x0000022e0ff7bc00 DEOPT UNPACKING pc=0x0000022e20d5d2a2 sp=0x000000ed4c6ff6f8 mode 2
Event: 1.596 Thread 0x0000022e0ff7bc00 Uncommon trap: trap_request=0xffffffbe fr.pc=0x0000022e2135aa28 relative=0x0000000000003e48
Event: 1.596 Thread 0x0000022e0ff7bc00 Uncommon trap: reason=profile_predicate action=maybe_recompile pc=0x0000022e2135aa28 method=HAL.Tools.TdmaSolver.TDMA(ILHAL/Interfaces/IntToDouble;LHAL/Interfaces/IntDoubleToVoid;LHAL/Interfaces/IntToDouble;LHAL/Interfaces/IntToDouble;LHAL/Interfaces/IntT
Event: 1.596 Thread 0x0000022e0ff7bc00 DEOPT PACKING pc=0x0000022e2135aa28 sp=0x000000ed4c6ff430
Event: 1.596 Thread 0x0000022e0ff7bc00 DEOPT UNPACKING pc=0x0000022e20d5d2a2 sp=0x000000ed4c6ff440 mode 2
Event: 1.596 Thread 0x0000022e0ff7bc00 Uncommon trap: trap_request=0xffffffbe fr.pc=0x0000022e2135aa28 relative=0x0000000000003e48
Event: 1.596 Thread 0x0000022e0ff7bc00 Uncommon trap: reason=profile_predicate action=maybe_recompile pc=0x0000022e2135aa28 method=HAL.Tools.TdmaSolver.TDMA(ILHAL/Interfaces/IntToDouble;LHAL/Interfaces/IntDoubleToVoid;LHAL/Interfaces/IntToDouble;LHAL/Interfaces/IntToDouble;LHAL/Interfaces/IntT
Event: 1.597 Thread 0x0000022e0ff7bc00 DEOPT PACKING pc=0x0000022e2135aa28 sp=0x000000ed4c6ff430
Event: 1.597 Thread 0x0000022e0ff7bc00 DEOPT UNPACKING pc=0x0000022e20d5d2a2 sp=0x000000ed4c6ff440 mode 2
Event: 1.884 Thread 0x0000022e0ff7bc00 Uncommon trap: trap_request=0xffffff45 fr.pc=0x0000022e21367f00 relative=0x0000000000001f20
Event: 1.884 Thread 0x0000022e0ff7bc00 Uncommon trap: reason=unstable_if action=reinterpret pc=0x0000022e21367f00 method=HAL.GridsAndAgents.AgentGrid2D.GetAgents(Ljava/util/ArrayList;II)V @ 10 c2
Event: 1.884 Thread 0x0000022e0ff7bc00 DEOPT PACKING pc=0x0000022e21367f00 sp=0x000000ed4c6ff6c0
Event: 1.884 Thread 0x0000022e0ff7bc00 DEOPT UNPACKING pc=0x0000022e20d5d2a2 sp=0x000000ed4c6ff678 mode 2
Event: 11.089 Thread 0x0000022e0ff7bc00 DEOPT PACKING pc=0x0000022e1998e262 sp=0x000000ed4c6ff6c0
Event: 11.089 Thread 0x0000022e0ff7bc00 DEOPT UNPACKING pc=0x0000022e20dae462 sp=0x000000ed4c6febb8 mode 0
Event: 13.106 Thread 0x0000022e0ff7bc00 DEOPT PACKING pc=0x0000022e1998c2be sp=0x000000ed4c6ff5d0
Event: 13.106 Thread 0x0000022e0ff7bc00 DEOPT UNPACKING pc=0x0000022e20dae462 sp=0x000000ed4c6febd0 mode 0

Classes loaded (20 events):
Event: 0.738 Loading class HAL/Interfaces/IntDoubleToVoid
Event: 0.738 Loading class HAL/Interfaces/IntDoubleToVoid done
Event: 0.738 Loading class HAL/Interfaces/IntDoubleToVoid
Event: 0.738 Loading class HAL/Interfaces/IntDoubleToVoid done
Event: 0.741 Loading class HAL/Interfaces/IntToDouble
Event: 0.741 Loading class HAL/Interfaces/IntToDouble done
Event: 0.743 Loading class HAL/Interfaces/IntToDouble
Event: 0.743 Loading class HAL/Interfaces/IntToDouble done
Event: 0.744 Loading class HAL/Interfaces/IntToDouble
Event: 0.744 Loading class HAL/Interfaces/IntToDouble done
Event: 0.755 Loading class HAL/Interfaces/Coords2DDouble
Event: 0.755 Loading class HAL/Interfaces/Coords2DDouble done
Event: 0.755 Loading class HAL/Interfaces/Coords2DDouble
Event: 0.755 Loading class HAL/Interfaces/Coords2DDouble done
Event: 0.756 Loading class HAL/Interfaces/IntDoubleToVoid
Event: 0.756 Loading class HAL/Interfaces/IntDoubleToVoid done
Event: 112.271 Loading class HAL/GridsAndAgents/AgentListNode
Event: 112.271 Loading class HAL/GridsAndAgents/AgentListNode done
Event: 1611.359 Loading class jdk/internal/misc/Signal$1
Event: 1611.360 Loading class jdk/internal/misc/Signal$1 done

Classes unloaded (0 events):
No events

Classes redefined (0 events):
No events

Internal exceptions (20 events):
Event: 0.323 Thread 0x0000022e0ff7bc00 Exception <a 'sun/nio/fs/WindowsException'{0x00000007132fbbd0}> (0x00000007132fbbd0) 
thrown [s\open\src\hotspot\share\prims\jni.cpp, line 519]
Event: 0.352 Thread 0x0000022e0ff7bc00 Exception <a 'java/lang/NoSuchMethodError'{0x00000007133d7318}: 'int java.lang.invoke.DirectMethodHandle$Holder.invokeStaticInit(java.lang.Object, java.lang.Object, int, long)'> (0x00000007133d7318) 
thrown [s\open\src\hotspot\share\interpreter\linkResolver.cpp, line 773]
Event: 0.353 Thread 0x0000022e0ff7bc00 Exception <a 'java/lang/NoSuchMethodError'{0x00000007133dc950}: 'java.lang.Object java.lang.invoke.DirectMethodHandle$Holder.newInvokeSpecial(java.lang.Object, java.lang.Object, int)'> (0x00000007133dc950) 
thrown [s\open\src\hotspot\share\interpreter\linkResolver.cpp, line 773]
Event: 0.357 Thread 0x0000022e0ff7bc00 Exception <a 'java/lang/NoSuchMethodError'{0x00000007133f2d00}: 'int java.lang.invoke.DirectMethodHandle$Holder.invokeStaticInit(java.lang.Object, java.lang.Object, long, long)'> (0x00000007133f2d00) 
thrown [s\open\src\hotspot\share\interpreter\linkResolver.cpp, line 773]
Event: 0.357 Thread 0x0000022e0ff7bc00 Exception <a 'java/lang/NoSuchMethodError'{0x00000007133f8b48}: 'java.lang.Object java.lang.invoke.DirectMethodHandle$Holder.newInvokeSpecial(java.lang.Object, java.lang.Object, long)'> (0x00000007133f8b48) 
thrown [s\open\src\hotspot\share\interpreter\linkResolver.cpp, line 773]
Event: 0.358 Thread 0x0000022e0ff7bc00 Exception <a 'java/lang/NoSuchMethodError'{0x00000007133fc900}: 'java.lang.Object java.lang.invoke.Invokers$Holder.linkToTargetMethod(java.lang.Object, long, java.lang.Object)'> (0x00000007133fc900) 
thrown [s\open\src\hotspot\share\interpreter\linkResolver.cpp, line 773]
Event: 0.359 Thread 0x0000022e0ff7bc00 Exception <a 'java/lang/NoSuchMethodError'{0x0000000713003dc0}: 'int java.lang.invoke.DirectMethodHandle$Holder.invokeStaticInit(java.lang.Object, java.lang.Object, java.lang.Object, long)'> (0x0000000713003dc0) 
thrown [s\open\src\hotspot\share\interpreter\linkResolver.cpp, line 773]
Event: 0.387 Thread 0x0000022e0ff7bc00 Exception <a 'sun/nio/fs/WindowsException'{0x00000007131072e8}> (0x00000007131072e8) 
thrown [s\open\src\hotspot\share\prims\jni.cpp, line 519]
Event: 0.387 Thread 0x0000022e0ff7bc00 Exception <a 'sun/nio/fs/WindowsException'{0x0000000713107678}> (0x0000000713107678) 
thrown [s\open\src\hotspot\share\prims\jni.cpp, line 519]
Event: 0.396 Thread 0x0000022e0ff7bc00 Exception <a 'java/lang/NoSuchMethodError'{0x0000000713131b08}: 'int java.lang.invoke.Invokers$Holder.invokeExact_MT(java.lang.Object, java.lang.Object)'> (0x0000000713131b08) 
thrown [s\open\src\hotspot\share\interpreter\linkResolver.cpp, line 773]
Event: 0.550 Thread 0x0000022e0ff7bc00 Exception <a 'java/lang/NoSuchMethodError'{0x00000007131c2200}: 'void java.lang.System.load(java.lang.String, java.lang.Class)'> (0x00000007131c2200) 
thrown [s\open\src\hotspot\share\interpreter\linkResolver.cpp, line 773]
Event: 0.551 Thread 0x0000022e0ff7bc00 Exception <a 'java/lang/NoSuchMethodError'{0x00000007131c4fe8}: 'void java.lang.System.loadLibrary(java.lang.String, java.lang.Class)'> (0x00000007131c4fe8) 
thrown [s\open\src\hotspot\share\interpreter\linkResolver.cpp, line 773]
Event: 0.559 Thread 0x0000022e0ff7bc00 Exception <a 'sun/nio/fs/WindowsException'{0x00000007131dabd0}> (0x00000007131dabd0) 
thrown [s\open\src\hotspot\share\prims\jni.cpp, line 519]
Event: 0.559 Thread 0x0000022e0ff7bc00 Exception <a 'sun/nio/fs/WindowsException'{0x00000007131daf90}> (0x00000007131daf90) 
thrown [s\open\src\hotspot\share\prims\jni.cpp, line 519]
Event: 0.564 Thread 0x0000022e0ff7bc00 Exception <a 'sun/nio/fs/WindowsException'{0x00000007131ead78}> (0x00000007131ead78) 
thrown [s\open\src\hotspot\share\prims\jni.cpp, line 519]
Event: 0.564 Thread 0x0000022e0ff7bc00 Exception <a 'sun/nio/fs/WindowsException'{0x00000007131eb078}> (0x00000007131eb078) 
thrown [s\open\src\hotspot\share\prims\jni.cpp, line 519]
Event: 0.621 Thread 0x0000022e0ff7bc00 Exception <a 'java/lang/NoSuchMethodError'{0x0000000712c0cc68}: 'void java.lang.invoke.Invokers$Holder.invokeExact_MT(java.lang.Object, java.lang.Object, java.lang.Object, java.lang.Object)'> (0x0000000712c0cc68) 
thrown [s\open\src\hotspot\share\interpreter\linkResolver.cpp, line 773]
Event: 0.721 Thread 0x0000022e0ff7bc00 Exception <a 'java/lang/NoSuchMethodError'{0x0000000712b9acf8}: 'void java.lang.invoke.DirectMethodHandle$Holder.invokeStatic(java.lang.Object, java.lang.Object, double)'> (0x0000000712b9acf8) 
thrown [s\open\src\hotspot\share\interpreter\linkResolver.cpp, line 773]
Event: 0.739 Thread 0x0000022e0ff7bc00 Exception <a 'java/lang/NoSuchMethodError'{0x0000000712bda878}: 'java.lang.Object java.lang.invoke.DirectMethodHandle$Holder.newInvokeSpecial(java.lang.Object, java.lang.Object, int, int)'> (0x0000000712bda878) 
thrown [s\open\src\hotspot\share\interpreter\linkResolver.cpp, line 773]
Event: 0.744 Thread 0x0000022e0ff7bc00 Exception <a 'java/lang/NoSuchMethodError'{0x0000000712bfd828}: 'java.lang.Object java.lang.invoke.DirectMethodHandle$Holder.invokeSpecial(java.lang.Object, java.lang.Object, double, double)'> (0x0000000712bfd828) 
thrown [s\open\src\hotspot\share\interpreter\linkResolver.cpp, line 773]

VM Operations (20 events):
Event: 1171.235 Executing VM operation: get/set locals done
Event: 1171.235 Executing VM operation: get/set locals
Event: 1171.236 Executing VM operation: get/set locals done
Event: 1181.433 Executing VM operation: ChangeBreakpoints
Event: 1181.433 Executing VM operation: ChangeBreakpoints done
Event: 1181.435 Executing VM operation: ChangeBreakpoints
Event: 1181.436 Executing VM operation: ChangeBreakpoints done
Event: 1185.508 Executing VM operation: ChangeBreakpoints
Event: 1185.508 Executing VM operation: ChangeBreakpoints done
Event: 1185.511 Executing VM operation: ChangeBreakpoints
Event: 1185.511 Executing VM operation: ChangeBreakpoints done
Event: 1309.919 Executing VM operation: get/set locals
Event: 1309.920 Executing VM operation: get/set locals done
Event: 1611.290 Executing VM operation: ChangeBreakpoints
Event: 1611.290 Executing VM operation: ChangeBreakpoints done
Event: 1611.290 Executing VM operation: ChangeBreakpoints
Event: 1611.290 Executing VM operation: ChangeBreakpoints done
Event: 1611.291 Executing VM operation: ChangeBreakpoints
Event: 1611.291 Executing VM operation: ChangeBreakpoints done
Event: 1611.361 Executing VM operation: Exit

Events (20 events):
Event: 0.045 Thread 0x0000022e31420600 Thread added: 0x0000022e31420600
Event: 0.046 Thread 0x0000022e314214f0 Thread added: 0x0000022e314214f0
Event: 0.046 Thread 0x0000022e31424570 Thread added: 0x0000022e31424570
Event: 0.046 Thread 0x0000022e31426110 Thread added: 0x0000022e31426110
Event: 0.046 Thread 0x0000022e31428b50 Thread added: 0x0000022e31428b50
Event: 0.046 Thread 0x0000022e3142b590 Thread added: 0x0000022e3142b590
Event: 0.046 Thread 0x0000022e3142f7f0 Thread added: 0x0000022e3142f7f0
Event: 0.046 Thread 0x0000022e31438270 Thread added: 0x0000022e31438270
Event: 0.108 Thread 0x0000022e313e9a90 Thread added: 0x0000022e313e9a90
Event: 0.138 Thread 0x0000022e35989200 Thread added: 0x0000022e35989200
Event: 0.138 Thread 0x0000022e35a562a0 Thread added: 0x0000022e35a562a0
Event: 0.138 Thread 0x0000022e35a56800 Thread added: 0x0000022e35a56800
Event: 0.165 Thread 0x0000022e359a94d0 Thread added: 0x0000022e359a94d0
Event: 0.255 Thread 0x0000022e35be3c00 Thread added: 0x0000022e35be3c00
Event: 0.547 Thread 0x0000022e35be3c00 Thread exited: 0x0000022e35be3c00
Event: 0.565 Thread 0x0000022e3cabd9e0 Thread added: 0x0000022e3cabd9e0
Event: 2.255 Thread 0x0000022e3cabd9e0 Thread exited: 0x0000022e3cabd9e0
Event: 1611.290 Thread 0x0000022e35a56800 Thread exited: 0x0000022e35a56800
Event: 1611.292 Thread 0x0000022e35989200 Thread exited: 0x0000022e35989200
Event: 1611.360 Thread 0x0000022e35989200 Thread added: 0x0000022e35989200


Dynamic libraries:
0x00007ff606a30000 - 0x00007ff606a3e000 	C:\Users\4473331\.jdks\openjdk-20.0.1\bin\java.exe
0x00007ffc98d50000 - 0x00007ffc98f48000 	C:\WINDOWS\SYSTEM32\ntdll.dll
0x00007ffc96de0000 - 0x00007ffc96ea2000 	C:\WINDOWS\System32\KERNEL32.DLL
0x00007ffc96620000 - 0x00007ffc9691e000 	C:\WINDOWS\System32\KERNELBASE.dll
0x00007ffc96060000 - 0x00007ffc96180000 	C:\Windows\system32\hmpalert.dll
0x00007ffc96a50000 - 0x00007ffc96b50000 	C:\WINDOWS\System32\ucrtbase.dll
0x00007ffc8cea0000 - 0x00007ffc8cebb000 	C:\Users\4473331\.jdks\openjdk-20.0.1\bin\VCRUNTIME140.dll
0x00007ffc8ce80000 - 0x00007ffc8ce97000 	C:\Users\4473331\.jdks\openjdk-20.0.1\bin\jli.dll
0x00007ffc98250000 - 0x00007ffc983ed000 	C:\WINDOWS\System32\USER32.dll
0x00007ffc965f0000 - 0x00007ffc96612000 	C:\WINDOWS\System32\win32u.dll
0x00007ffc98910000 - 0x00007ffc9893b000 	C:\WINDOWS\System32\GDI32.dll
0x00007ffc96c50000 - 0x00007ffc96d67000 	C:\WINDOWS\System32\gdi32full.dll
0x00007ffc963f0000 - 0x00007ffc9648d000 	C:\WINDOWS\System32\msvcp_win.dll
0x00007ffc80a60000 - 0x00007ffc80cfa000 	C:\WINDOWS\WinSxS\amd64_microsoft.windows.common-controls_6595b64144ccf1df_6.0.19041.4355_none_60b8b9eb71f62e16\COMCTL32.dll
0x00007ffc98870000 - 0x00007ffc9890e000 	C:\WINDOWS\System32\msvcrt.dll
0x00007ffc98ce0000 - 0x00007ffc98d0f000 	C:\WINDOWS\System32\IMM32.DLL
0x00007ffc8d070000 - 0x00007ffc8d07c000 	C:\Users\4473331\.jdks\openjdk-20.0.1\bin\vcruntime140_1.dll
0x00007ffc53ab0000 - 0x00007ffc53b3e000 	C:\Users\4473331\.jdks\openjdk-20.0.1\bin\msvcp140.dll
0x00007ffba63c0000 - 0x00007ffba7057000 	C:\Users\4473331\.jdks\openjdk-20.0.1\bin\server\jvm.dll
0x00007ffc97b80000 - 0x00007ffc97c31000 	C:\WINDOWS\System32\ADVAPI32.dll
0x00007ffc979b0000 - 0x00007ffc97a4f000 	C:\WINDOWS\System32\sechost.dll
0x00007ffc97a50000 - 0x00007ffc97b73000 	C:\WINDOWS\System32\RPCRT4.dll
0x00007ffc969d0000 - 0x00007ffc969f7000 	C:\WINDOWS\System32\bcrypt.dll
0x00007ffc7ffd0000 - 0x00007ffc7ffd9000 	C:\WINDOWS\SYSTEM32\WSOCK32.dll
0x00007ffc98420000 - 0x00007ffc9848b000 	C:\WINDOWS\System32\WS2_32.dll
0x00007ffc94f80000 - 0x00007ffc94f8a000 	C:\WINDOWS\SYSTEM32\VERSION.dll
0x00007ffc7ffe0000 - 0x00007ffc80007000 	C:\WINDOWS\SYSTEM32\WINMM.dll
0x00007ffc94ee0000 - 0x00007ffc94ef2000 	C:\WINDOWS\SYSTEM32\kernel.appcore.dll
0x00007ffc8ced0000 - 0x00007ffc8ceda000 	C:\Users\4473331\.jdks\openjdk-20.0.1\bin\jimage.dll
0x00007ffc8bae0000 - 0x00007ffc8bcc4000 	C:\WINDOWS\SYSTEM32\DBGHELP.DLL
0x00007ffc8b950000 - 0x00007ffc8b984000 	C:\WINDOWS\SYSTEM32\dbgcore.DLL
0x00007ffc96bc0000 - 0x00007ffc96c42000 	C:\WINDOWS\System32\bcryptPrimitives.dll
0x00007ffc539d0000 - 0x00007ffc53a0c000 	C:\Users\4473331\.jdks\openjdk-20.0.1\bin\jdwp.dll
0x00007ffc8ce70000 - 0x00007ffc8ce7e000 	C:\Users\4473331\.jdks\openjdk-20.0.1\bin\instrument.dll
0x00007ffc68e90000 - 0x00007ffc68eb6000 	C:\Users\4473331\.jdks\openjdk-20.0.1\bin\java.dll
0x00007ffc820c0000 - 0x00007ffc820d8000 	C:\Users\4473331\.jdks\openjdk-20.0.1\bin\zip.dll
0x00007ffc003b0000 - 0x00007ffc00487000 	C:\Users\4473331\.jdks\openjdk-20.0.1\bin\jsvml.dll
0x00007ffc97240000 - 0x00007ffc979ad000 	C:\WINDOWS\System32\SHELL32.dll
0x00007ffc93dc0000 - 0x00007ffc94564000 	C:\WINDOWS\SYSTEM32\windows.storage.dll
0x00007ffc98490000 - 0x00007ffc987e3000 	C:\WINDOWS\System32\combase.dll
0x00007ffc95b50000 - 0x00007ffc95b7e000 	C:\WINDOWS\SYSTEM32\Wldp.dll
0x00007ffc96eb0000 - 0x00007ffc96f7d000 	C:\WINDOWS\System32\OLEAUT32.dll
0x00007ffc97130000 - 0x00007ffc971dd000 	C:\WINDOWS\System32\SHCORE.dll
0x00007ffc97c40000 - 0x00007ffc97c95000 	C:\WINDOWS\System32\shlwapi.dll
0x00007ffc96320000 - 0x00007ffc96344000 	C:\WINDOWS\SYSTEM32\profapi.dll
0x00007ffc8ce60000 - 0x00007ffc8ce6c000 	C:\Users\4473331\.jdks\openjdk-20.0.1\bin\dt_socket.dll
0x00007ffc95630000 - 0x00007ffc9566b000 	C:\WINDOWS\SYSTEM32\IPHLPAPI.DLL
0x00007ffc95930000 - 0x00007ffc9599a000 	C:\WINDOWS\system32\mswsock.dll
0x00007ffc7b140000 - 0x00007ffc7b153000 	C:\Users\4473331\.jdks\openjdk-20.0.1\bin\net.dll
0x00007ffc927d0000 - 0x00007ffc928dd000 	C:\WINDOWS\SYSTEM32\WINHTTP.dll
0x00007ffc782d0000 - 0x00007ffc782e6000 	C:\Users\4473331\.jdks\openjdk-20.0.1\bin\nio.dll
0x00007ffc494c0000 - 0x00007ffc4953a000 	C:\Users\4473331\AppData\Local\Temp\1\lwjgl_4473331\3.3.2+13\x64\lwjgl.dll
0x00007ffc48c90000 - 0x00007ffc48d12000 	C:\Users\4473331\AppData\Local\Temp\1\lwjgl_4473331\3.3.2+13\x64\glfw.dll
0x00007ffc51230000 - 0x00007ffc51275000 	C:\WINDOWS\SYSTEM32\dinput8.dll
0x00007ffc68910000 - 0x00007ffc68921000 	C:\WINDOWS\SYSTEM32\xinput1_4.dll
0x00007ffc96a00000 - 0x00007ffc96a4e000 	C:\WINDOWS\System32\cfgmgr32.dll
0x00007ffc96180000 - 0x00007ffc961b3000 	C:\WINDOWS\SYSTEM32\DEVOBJ.dll
0x00007ffc938c0000 - 0x00007ffc938ef000 	C:\WINDOWS\SYSTEM32\dwmapi.dll
0x00007ffc88080000 - 0x00007ffc881d2000 	C:\WINDOWS\SYSTEM32\inputhost.dll
0x00007ffc90d40000 - 0x00007ffc90e32000 	C:\WINDOWS\SYSTEM32\CoreMessaging.dll
0x00007ffc92d40000 - 0x00007ffc92e36000 	C:\WINDOWS\SYSTEM32\PROPSYS.dll
0x00007ffc8fd80000 - 0x00007ffc900db000 	C:\WINDOWS\SYSTEM32\CoreUIComponents.dll
0x00007ffc917b0000 - 0x00007ffc91907000 	C:\WINDOWS\SYSTEM32\wintypes.dll
0x00007ffc954c0000 - 0x00007ffc954f3000 	C:\WINDOWS\SYSTEM32\ntmarta.dll
0x00007ffc936d0000 - 0x00007ffc9376e000 	C:\WINDOWS\system32\uxtheme.dll
0x00007ffc97010000 - 0x00007ffc97125000 	C:\WINDOWS\System32\MSCTF.dll
0x00007ffc574e0000 - 0x00007ffc57608000 	C:\WINDOWS\SYSTEM32\opengl32.dll
0x00007ffc57470000 - 0x00007ffc5749c000 	C:\WINDOWS\SYSTEM32\GLU32.dll
0x00007ffc98a80000 - 0x00007ffc98b29000 	C:\WINDOWS\System32\clbcatq.dll
0x00007ffb9e0e0000 - 0x00007ffb9f062000 	C:\WINDOWS\System32\DriverStore\FileRepository\iigd_dch.inf_amd64_47794f8eae14cddd\ig12icd64.dll
0x00007ffc97ca0000 - 0x00007ffc97dcb000 	C:\WINDOWS\System32\ole32.dll
0x00007ffc946b0000 - 0x00007ffc947a6000 	C:\WINDOWS\system32\dxgi.dll
0x00007ffc85190000 - 0x00007ffc853e7000 	C:\WINDOWS\System32\DriverStore\FileRepository\iigd_dch.inf_amd64_47794f8eae14cddd\igdgmm64.dll
0x00007ffc82550000 - 0x00007ffc85169000 	C:\WINDOWS\System32\DriverStore\FileRepository\iigd_dch.inf_amd64_47794f8eae14cddd\igc64.dll
0x00007ffc96010000 - 0x00007ffc9605b000 	C:\WINDOWS\SYSTEM32\powrprof.dll
0x00007ffc95e40000 - 0x00007ffc95e52000 	C:\WINDOWS\SYSTEM32\UMPDC.dll
0x00007ffba79a0000 - 0x00007ffba7dab000 	C:\WINDOWS\System32\DriverStore\FileRepository\iigd_dch.inf_amd64_47794f8eae14cddd\igdml64.dll
0x00007ffc881e0000 - 0x00007ffc882d9000 	C:\WINDOWS\SYSTEM32\textinputframework.dll
0x00007ffc4dc50000 - 0x00007ffc4dcae000 	C:\Users\4473331\AppData\Local\Temp\1\lwjgl_4473331\3.3.2+13\x64\lwjgl_opengl.dll

dbghelp: loaded successfully - version: 4.0.5 - missing functions: none
symbol engine: initialized successfully - sym options: 0x614 - pdb path: .;C:\Users\4473331\.jdks\openjdk-20.0.1\bin;C:\WINDOWS\SYSTEM32;C:\WINDOWS\WinSxS\amd64_microsoft.windows.common-controls_6595b64144ccf1df_6.0.19041.4355_none_60b8b9eb71f62e16;C:\Users\4473331\.jdks\openjdk-20.0.1\bin\server;C:\Users\4473331\AppData\Local\Temp\1\lwjgl_4473331\3.3.2+13\x64;C:\WINDOWS\System32\DriverStore\FileRepository\iigd_dch.inf_amd64_47794f8eae14cddd

VM Arguments:
jvm_args: -agentlib:jdwp=transport=dt_socket,address=127.0.0.1:55263,suspend=y,server=n -javaagent:C:\Users\4473331\AppData\Local\JetBrains\IdeaIC2023.1\captureAgent\debugger-agent.jar -Dfile.encoding=UTF-8 -Dsun.stdout.encoding=UTF-8 -Dsun.stderr.encoding=UTF-8 
java_command: metastasis.metastasis
java_class_path (initial): C:\Users\4473331\Documents\projects\000_grants\wgd_abm\out\production\wgd_abm;C:\Users\4473331\Documents\projects\000_grants\wgd_abm\HAL\lib\lwjgl-assimp-natives-macos-arm64.jar;C:\Users\4473331\Documents\projects\000_grants\wgd_abm\HAL\lib\lwjgl-opengl-natives-linux-arm32.jar;C:\Users\4473331\Documents\projects\000_grants\wgd_abm\HAL\lib\lwjgl-openal-natives-linux-arm64.jar;C:\Users\4473331\Documents\projects\000_grants\wgd_abm\HAL\lib\lwjgl-natives-linux.jar;C:\Users\4473331\Documents\projects\000_grants\wgd_abm\HAL\lib\lwjgl-opengl-natives-macos.jar;C:\Users\4473331\Documents\projects\000_grants\wgd_abm\HAL\lib\lwjgl-natives-windows.jar;C:\Users\4473331\Documents\projects\000_grants\wgd_abm\HAL\lib\lwjgl-assimp-javadoc.jar;C:\Users\4473331\Documents\projects\000_grants\wgd_abm\HAL\lib\lwjgl-opengl-natives-windows-arm64.jar;C:\Users\4473331\Documents\projects\000_grants\wgd_abm\HAL\lib\lwjgl-glfw-natives-windows-arm64.jar;C:\Users\4473331\Documents\projects\000_grants\wgd_abm\HAL\lib\lwjgl-opengl-javadoc.jar;C:\Users\4473331\Documents\projects\000_grants\wgd_abm\HAL\lib\lwjgl-stb-natives-macos.jar;C:\Users\4473331\Documents\projects\000_grants\wgd_abm\HAL\lib\lwjgl-stb-natives-windows-arm64.jar;C:\Users\4473331\Documents\projects\000_grants\wgd_abm\HAL\lib\lwjgl-natives-linux-arm32.jar;C:\Users\4473331\Documents\projects\000_grants\wgd_abm\HAL\lib\lwjgl-opengl-natives-windows-x86.jar;C:\Users\4473331\Documents\projects\000_grants\wgd_abm\HAL\lib\lwjgl-glfw-natives-macos.jar;C:\Users\4473331\Documents\projects\000_grants\wgd_abm\HAL\lib\lwjgl-openal-javadoc.jar;C:\Users\4473331\Documents\projects\000_grants\wgd_abm\HAL\lib\lwjgl-stb-sources.jar;C:\Users\4473331\Documents\projects\000_grants\wgd_abm\HAL\lib\lwjgl-glfw-natives-windows-x86.jar;C:\Users\4473331\Documents\projects\000_grants\wgd_abm\HAL\lib\lwjgl-glfw-javadoc.jar;C:\Users\4473331\Documents\projects\000_grants\wgd_abm\HAL\lib\lwjgl-javadoc.jar;C:\Users\4473331\Documents\projects\000_grants\wgd_abm\HAL\lib\lwjgl-sources.jar;C:\Users\4473331\Documents\projects\000_grants\wgd_abm\HAL\lib\lwjgl-openal-natives-linux-arm32.jar;C:\Users\4473331\Documents\projects\000_grants\wgd_abm\HAL\lib\lwjgl-openal-natives-macos-arm64.jar;C:\Users\4473331\Documents\projects\000_grants\wgd_abm\HAL\lib\lwjgl-assimp-natives-windows.jar;C:\Users\4473331\Documents\projects\000_grants\wgd_abm\HAL\lib\lwjgl-openal-natives-windows-x86.jar;C:\Users\4473331\Documents\projects\000_grants\wgd_abm\HAL\lib\lwjgl-stb-natives-linux.jar;C:\Users\4473331\Documents\projects\000_grants\wgd_abm\HAL\lib\lwjgl-natives-macos.jar;C:\Users\4473331\Documents\projects\000_grants\wgd_abm\HAL\lib\lwjgl-glfw-natives-linux.jar;C:\Users\4473331\Documents\projects\000_grants\wgd_abm\HAL\lib\lwjgl-stb-natives-macos-arm64.jar;C:\Users\4473331\Documents\projects\000_grants\wgd_abm\HAL\lib\lwjgl-openal-natives-windows-arm64.jar;C:\Users\4473331\Documents\projects\000_grants\wgd_abm\HAL\lib\lwjgl-opengl-natives-linux.jar;C:\Users\4473331\Documents\projects\000_grants\wgd_abm\HAL\lib\lwjgl-openal-natives-linux.jar;C:\Users\4473331\Documents\projects\000_grants\wgd_abm\HAL\lib\lwjgl-assimp-natives-linux-arm64.jar;C:\Users\4473331\Documents\projects\000_grants\wgd_abm\HAL\lib\lwjgl-stb-natives-linux-arm32.jar;C:\Users\4473331\Documents\projects\000_grants\wgd_abm\HAL\lib\lwjgl-glfw-natives-macos-arm64.jar;C:\Users\4473331\Documents\projects\000_grants\wgd_abm\HAL\lib\lwjgl-assimp-natives-windows-x86.jar;C:\Users\4473331\Documents\projects\000_grants\wgd_abm\HAL\lib\lwjgl-opengl-natives-windows.jar;C:\Users\4473331\Documents\projects\000_grants\wgd_abm\HAL\lib\lwjgl-glfw.jar;C:\Users\4473331\Documents\projects\000_grants\wgd_abm\HAL\lib\lwjgl-opengl-sources.jar;C:\Users\4473331\Documents\projects\000_grants\wgd_abm\HAL\lib\lwjgl-natives-windows-arm64.jar;C:\Users\4473331\Documents\projects\000_grants\wgd_abm\HAL\lib\lwjgl-openal-sources.jar;C:\Users\4473331\Documents\projects\000_grants\wgd_abm\HAL\lib\lwjgl-stb-natives-linux-arm64.jar;C:\Users\4473331\Documents\projects\000_grants\wgd_abm\HAL\lib\lwjgl-assimp-natives-linux-arm32.jar;C:\Users\4473331\Documents\projects\000_grants\wgd_abm\HAL\lib\lwjgl-glfw-sources.jar;C:\Users\4473331\Documents\projects\000_grants\wgd_abm\HAL\lib\lwjgl-openal-natives-windows.jar;C:\Users\4473331\Documents\projects\000_grants\wgd_abm\HAL\lib\lwjgl-natives-macos-arm64.jar;C:\Users\4473331\Documents\projects\000_grants\wgd_abm\HAL\lib\lwjgl-glfw-natives-windows.jar;C:\Users\4473331\Documents\projects\000_grants\wgd_abm\HAL\lib\lwjgl-stb-javadoc.jar;C:\Users\4473331\Documents\projects\000_grants\wgd_abm\HAL\lib\lwjgl-glfw-natives-linux-arm64.jar;C:\Users\4473331\Documents\projects\000_grants\wgd_abm\HAL\lib\lwjgl-assimp-natives-macos.jar;C:\Users\4473331\Documents\projects\000_grants\wgd_abm\HAL\lib\lwjgl.jar;C:\Users\4473331\Documents\projects\000_grants\wgd_abm\HAL\lib\lwjgl-opengl-natives-linux-arm64.jar;C:\Users\4473331\Documents\projects\000_grants\wgd_abm\HAL\lib\lwjgl-assimp.jar;C:\Users\4473331\Documents\projects\000_grants\wgd_abm\HAL\lib\lwjgl-stb-natives-windows-x86.jar;C:\Users\4473331\Documents\projects\000_grants\wgd_abm\HAL\lib\lwjgl-natives-windows-x86.jar;C:\Users\4473331\Documents\projects\000_grants\wgd_abm\HAL\lib\lwjgl-stb-natives-windows.jar;C:\Users\4473331\Documents\projects\000_grants\wgd_abm\HAL\lib\lwjgl-natives-linux-arm64.jar;C:\Users\4473331\Documents\projects\000_grants\wgd_abm\HAL\lib\lwjgl-openal-natives-macos.jar;C:\Users\4473331\Documents\projects\000_grants\wgd_abm\HAL\lib\lwjgl-openal.jar;C:\Users\4473331\Documents\projects\000_grants\wgd_abm\HAL\lib\lwjgl-assimp-natives-linux.jar;C:\Users\4473331\Documents\projects\000_grants\wgd_abm\HAL\lib\lwjgl-assimp-natives-windows-arm64.jar;C:\Users\4473331\Documents\projects\000_grants\wgd_abm\HAL\lib\lwjgl-assimp-sources.jar;C:\Users\4473331\Documents\projects\000_grants\wgd_abm\HAL\lib\lwjgl-glfw-natives-linux-arm32.jar;C:\Users\4473331\Documents\projects\000_grants\wgd_abm\HAL\lib\lwjgl-opengl-natives-macos-arm64.jar;C:\Users\4473331\Documents\projects\000_grants\wgd_abm\HAL\lib\lwjgl-opengl.jar;C:\Users\4473331\Documents\projects\000_grants\wgd_abm\HAL\lib\lwjgl-stb.jar;C:\Program Files\JetBrains\IntelliJ IDEA Community Edition 2023.1.2\lib\idea_rt.jar
Launcher Type: SUN_STANDARD

[Global flags]
     intx CICompilerCount                          = 4                                         {product} {ergonomic}
     uint ConcGCThreads                            = 2                                         {product} {ergonomic}
     uint G1ConcRefinementThreads                  = 8                                         {product} {ergonomic}
   size_t G1HeapRegionSize                         = 2097152                                   {product} {ergonomic}
    uintx GCDrainStackTargetSize                   = 64                                        {product} {ergonomic}
   size_t InitialHeapSize                          = 266338304                                 {product} {ergonomic}
   size_t MarkStackSize                            = 4194304                                   {product} {ergonomic}
   size_t MaxHeapSize                              = 4229955584                                {product} {ergonomic}
   size_t MaxNewSize                               = 2537553920                                {product} {ergonomic}
   size_t MinHeapDeltaBytes                        = 2097152                                   {product} {ergonomic}
   size_t MinHeapSize                              = 8388608                                   {product} {ergonomic}
    uintx NonNMethodCodeHeapSize                   = 5839372                                {pd product} {ergonomic}
    uintx NonProfiledCodeHeapSize                  = 122909434                              {pd product} {ergonomic}
    uintx ProfiledCodeHeapSize                     = 122909434                              {pd product} {ergonomic}
    uintx ReservedCodeCacheSize                    = 251658240                              {pd product} {ergonomic}
     bool SegmentedCodeCache                       = true                                      {product} {ergonomic}
   size_t SoftMaxHeapSize                          = 4229955584                             {manageable} {ergonomic}
     bool UseCompressedClassPointers               = true                           {product lp64_product} {ergonomic}
     bool UseCompressedOops                        = true                           {product lp64_product} {ergonomic}
     bool UseG1GC                                  = true                                      {product} {ergonomic}
     bool UseLargePagesIndividualAllocation        = false                                  {pd product} {ergonomic}

Logging:
Log output configuration:
 #0: stdout all=off uptime,level,tags foldmultilines=false
 #1: stderr all=off uptime,level,tags foldmultilines=false

Environment Variables:
PATH=C:\Program Files (x86)\Common Files\Oracle\Java\java8path;C:\Program Files (x86)\Common Files\Oracle\Java\javapath;C:\WINDOWS\system32;C:\WINDOWS;C:\WINDOWS\System32\Wbem;C:\WINDOWS\System32\WindowsPowerShell\v1.0\;C:\WINDOWS\System32\OpenSSH\;C:\Program Files\Moffitt\Bgupdate;C:\Windows\CCM;C:\Program Files\MATLAB\R2022a\bin;;C:\Program Files\dotnet\;C:\Program Files\Amazon\AWSCLIV2\;C:\Program Files\Scripts;C:\Program Files;C:\Users\4473331\AppData\Local\Microsoft\WindowsApps;C:\Users\4473331\AppData\Local\Programs\Julia-1.6.2\bin;C:\Users\4473331\AppData\Local\Programs\Microsoft VS Code\bin;C:\Users\4473331\AppData\Local\Programs\Git\cmd;C:\Program Files\R\R-4.4.1\bin;C:\rtools40\mingw64\bin;C:\Users\4473331\AppData\Roaming\TinyTeX\bin\win32;C:\Gradle\gradle-4.2.1\bin;C:\Users\4473331\AppData\Roaming\Python\Python311\Scripts;C:\Program Files\JetBrains\PyCharm Community Edition 2023.1.2\bin;;C:\Users\4473331\AppData\Roaming\TinyTeX\bin\windows;C:\Program Files\OpenSSL-Win64\bin;
USERNAME=4473331
OS=Windows_NT
PROCESSOR_IDENTIFIER=Intel64 Family 6 Model 140 Stepping 1, GenuineIntel
TMP=C:\Users\4473331\AppData\Local\Temp\1
TEMP=C:\Users\4473331\AppData\Local\Temp\1




---------------  S Y S T E M  ---------------

OS:
 Windows 10 , 64 bit Build 19041 (10.0.19041.5072)
OS uptime: 0 days 23:54 hours
Hyper-V role detected

CPU: total 8 (initial active 8) (4 cores per cpu, 2 threads per core) family 6 model 140 stepping 1 microcode 0x6e, cx8, cmov, fxsr, ht, mmx, 3dnowpref, sse, sse2, sse3, ssse3, sse4.1, sse4.2, popcnt, lzcnt, tsc, tscinvbit, avx, avx2, aes, erms, clmul, bmi1, bmi2, adx, avx512f, avx512dq, avx512cd, avx512bw, avx512vl, sha, fma, vzeroupper, avx512_vpopcntdq, avx512_vpclmulqdq, avx512_vaes, avx512_vnni, clflush, clflushopt, clwb, avx512_vbmi2, avx512_vbmi, hv, rdtscp, rdpid, fsrm, gfni, avx512_bitalg, f16c, cet_ibt, cet_ss, avx512_ifma

Memory: 4k page, system-wide physical 16129M (3022M free)
TotalPageFile size 25345M (AvailPageFile size 6382M)
current process WorkingSet (physical memory assigned to process): 320M, peak: 326M
current process commit charge ("private bytes"): 418M, peak: 433M

vm_info: OpenJDK 64-Bit Server VM (20.0.1+9-29) for windows-amd64 JRE (20.0.1+9-29), built on 2023-03-07T13:56:11Z by "mach5one" with MS VC++ 17.1 (VS2022)

END.
