#
# A fatal error has been detected by the Java Runtime Environment:
#
#  EXCEPTION_ACCESS_VIOLATION (0xc0000005) at pc=0x00007ffb9b43fdb5, pid=28552, tid=29448
#
# JRE version: OpenJDK Runtime Environment (20.0.1+9) (build 20.0.1+9-29)
# Java VM: OpenJDK 64-Bit Server VM (20.0.1+9-29, mixed mode, sharing, tiered, compressed oops, compressed class ptrs, g1 gc, windows-amd64)
# Problematic frame:
# C  [ig12icd64.dll+0x2afdb5]
#
# No core dump will be written. Minidumps are not enabled by default on client versions of Windows
#
# If you would like to submit a bug report, please visit:
#   https://bugreport.java.com/bugreport/crash.jsp
#

---------------  S U M M A R Y ------------

Command Line: -javaagent:C:\Program Files\JetBrains\IntelliJ IDEA Community Edition 2023.1.2\lib\idea_rt.jar=57302:C:\Program Files\JetBrains\IntelliJ IDEA Community Edition 2023.1.2\bin -Dfile.encoding=UTF-8 -Dsun.stdout.encoding=UTF-8 -Dsun.stderr.encoding=UTF-8 metastasis.metastasis

Host: 11th Gen Intel(R) Core(TM) i7-1165G7 @ 2.80GHz, 8 cores, 15G,  Windows 10 , 64 bit Build 19041 (10.0.19041.5072)
Time: Tue Dec 10 12:27:01 2024 Eastern Standard Time elapsed time: 8.943447 seconds (0d 0h 0m 8s)

---------------  T H R E A D  ---------------

Current thread (0x000001b44fc60830):  VMThread "VM Thread" [stack: 0x0000004596900000,0x0000004596a00000] [id=29448]

Stack: [0x0000004596900000,0x0000004596a00000],  sp=0x00000045969fe460,  free space=1017k
Native frames: (J=compiled Java code, j=interpreted, Vv=VM code, C=native code)
C  [ig12icd64.dll+0x2afdb5]


siginfo: EXCEPTION_ACCESS_VIOLATION (0xc0000005), reading address 0x00000000000353a8


Registers:
RAX=0x000001b45b7b8dc0, RBX=0x000001b45b7b8cb0, RCX=0x0000000000000001, RDX=0x000001b45b7b8d80
RSP=0x00000045969fe460, RBP=0x00000045969fe560, RSI=0x0000000000000000, RDI=0x000001b45412ec70
R8 =0x0000000000000000, R9 =0x0000000000000000, R10=0x0000000000000000, R11=0x0000000000000246
R12=0x0000000000000000, R13=0x000001b45b7b8cb0, R14=0x000001b45b7b91c8, R15=0x000001b45b7beb40
RIP=0x00007ffb9b43fdb5, EFLAGS=0x0000000000010206


Register to memory mapping:

RIP=0x00007ffb9b43fdb5 ig12icd64.dll
RAX=0x000001b45b7b8dc0 points into unknown readable memory: 0x000000000101b6d4 | d4 b6 01 01 00 00 00 00
RBX=0x000001b45b7b8cb0 points into unknown readable memory: 0x000001b454685f00 | 00 5f 68 54 b4 01 00 00
RCX=0x0000000000000001 is an unknown value
RDX=0x000001b45b7b8d80 points into unknown readable memory: 0x0000000000000000 | 00 00 00 00 00 00 00 00
RSP=0x00000045969fe460 points into unknown readable memory: 0x000001b4546977c0 | c0 77 69 54 b4 01 00 00
RBP=0x00000045969fe560 points into unknown readable memory: 0x9ae8023f80e800d9 | d9 00 e8 80 3f 02 e8 9a
RSI=0x0 is NULL
RDI=0x000001b45412ec70 points into unknown readable memory: 0x0000000100000000 | 00 00 00 00 01 00 00 00
R8 =0x0 is NULL
R9 =0x0 is NULL
R10=0x0 is NULL
R11=0x0000000000000246 is an unknown value
R12=0x0 is NULL
R13=0x000001b45b7b8cb0 points into unknown readable memory: 0x000001b454685f00 | 00 5f 68 54 b4 01 00 00
R14=0x000001b45b7b91c8 points into unknown readable memory: 0x000001b45b7beb40 | 40 eb 7b 5b b4 01 00 00
R15=0x000001b45b7beb40 points into unknown readable memory: 0x000001b454685f00 | 00 5f 68 54 b4 01 00 00


Top of Stack: (sp=0x00000045969fe460)
0x00000045969fe460:   000001b4546977c0 0000000000000000
0x00000045969fe470:   0000000000000000 0000000000000000
0x00000045969fe480:   0000001638000000 0000000000000000
0x00000045969fe490:   74cb02aa27cb00ce efcc005649cc00da
0x00000045969fe4a0:   000001b4546977c0 17d0022bf4cf0169
0x00000045969fe4b0:   39d100f48dd00056 d2d1007b9ad10148
0x00000045969fe4c0:   3dd5006182d300a7 ecd6010fd6d6032a
0x00000045969fe4d0:   3dd700def6d602c6 07d9011fd1d802eb
0x00000045969fe4e0:   38da032073d90124 19db000effda01c8
0x00000045969fe4f0:   b2db01d826db02ec 0bdc0139fbdb02cc
0x00000045969fe500:   1bdd027edcdc019a 3ee001801fdf0119
0x00000045969fe510:   61e002e442e001e7 65e10316fde002c3
0x00000045969fe520:   83e1008c7ee102de 1be202f5d9e102ac
0x00000045969fe530:   2fe202dd2be20056 69e4005e2ae40114
0x00000045969fe540:   cee501274ce500c9 62e60d2b3ee6029a
0x00000045969fe550:   fbe600816ce602ff a4e7011d68e70339
0x00000045969fe560:   9ae8023f80e800d9 b4e800fa9ee800fd
0x00000045969fe570:   8ce90195e0e80294 5fec02cc94ea010a
0x00000045969fe580:   b9ec03138aec00ce 35ef02f771ee0122
0x00000045969fe590:   e0f0008b79ef032a 7df102d45cf100b6
0x00000045969fe5a0:   00001e0a0c3c2e7e 28f300db08f300fa
0x00000045969fe5b0:   0000000000000000 0000000000000000
0x00000045969fe5c0:   0000000000000000 0000000000000000
0x00000045969fe5d0:   0000000000000000 0000000000000000
0x00000045969fe5e0:   0000000000000000 0000000000000000
0x00000045969fe5f0:   0000000000000000 0000000000000000
0x00000045969fe600:   0000000000000000 0000000000000000
0x00000045969fe610:   0000000000000000 0000000000000000
0x00000045969fe620:   0000000000000000 0000000000000000
0x00000045969fe630:   404e000000000000 0000000000000000
0x00000045969fe640:   0000000000000000 0000000000000000
0x00000045969fe650:   000001b45b2d4c18 000000000101ce09 

Instructions: (pc=0x00007ffb9b43fdb5)
0x00007ffb9b43fcb5:   48 8b cb ff 15 42 74 7f 00 90 4c 8b bf 80 02 00
0x00007ffb9b43fcc5:   00 48 8b 05 73 d3 b1 00 8b 80 1c 0a 00 00 89 44
0x00007ffb9b43fcd5:   24 24 c6 44 24 20 00 48 c7 87 80 02 00 00 00 00
0x00007ffb9b43fce5:   00 00 c7 87 88 02 00 00 00 00 00 00 48 c7 87 a0
0x00007ffb9b43fcf5:   02 00 00 00 00 00 00 48 c7 87 90 02 00 00 00 00
0x00007ffb9b43fd05:   00 00 48 85 f6 75 3d 8b 35 3e 67 c1 00 65 48 8b
0x00007ffb9b43fd15:   04 25 58 00 00 00 b9 30 00 00 00 48 8b 04 f0 80
0x00007ffb9b43fd25:   3c 01 00 0f 84 7e 29 6c 00 65 48 8b 04 25 58 00
0x00007ffb9b43fd35:   00 00 b9 08 00 00 00 48 8b 04 f0 48 8b 34 01 48
0x00007ffb9b43fd45:   89 74 24 28 48 3b 35 10 8b c1 00 0f 84 37 11 00
0x00007ffb9b43fd55:   00 4d 85 ff 0f 84 37 01 00 00 90 49 8b df 4d 8b
0x00007ffb9b43fd65:   ef 4d 8d b7 18 05 00 00 4d 8b 3e 45 84 e4 0f 85
0x00007ffb9b43fd75:   b4 0f 00 00 8b 8f d0 01 00 00 48 8b 05 ba d2 b1
0x00007ffb9b43fd85:   00 83 b8 54 03 00 00 02 75 33 48 8d 93 d0 00 00
0x00007ffb9b43fd95:   00 83 f9 10 0f 83 73 01 00 00 8b c1 48 c1 e0 06
0x00007ffb9b43fda5:   48 03 c2 48 85 c0 0f 84 d5 01 00 00 4c 8b 40 08
0x00007ffb9b43fdb5:   4c 3b 86 a8 53 03 00 0f 87 8e 0f 00 00 48 83 bb
0x00007ffb9b43fdc5:   70 05 00 00 00 0f 85 0f 29 6c 00 44 8b 87 d0 01
0x00007ffb9b43fdd5:   00 00 48 8b 87 e8 01 00 00 48 8b 10 8b 8f d0 01
0x00007ffb9b43fde5:   00 00 48 8d b3 d0 00 00 00 83 f9 10 0f 83 54 01
0x00007ffb9b43fdf5:   00 00 8b c1 48 c1 e0 06 48 03 c6 48 85 c0 0f 84
0x00007ffb9b43fe05:   85 01 00 00 48 39 50 08 0f 86 7b 01 00 00 48 8b
0x00007ffb9b43fe15:   87 80 02 00 00 49 89 06 48 89 9f 80 02 00 00 ff
0x00007ffb9b43fe25:   87 88 02 00 00 48 8b 4b 08 48 8b 01 ba 01 00 00
0x00007ffb9b43fe35:   00 48 8b 80 e0 02 00 00 ff 15 9d 77 7f 00 0f b7
0x00007ffb9b43fe45:   c8 48 2b c1 48 05 00 00 01 00 48 01 87 90 02 00
0x00007ffb9b43fe55:   00 48 8b 4b 08 48 8b 01 ba 01 00 00 00 48 8b 80
0x00007ffb9b43fe65:   e0 02 00 00 ff 15 71 77 7f 00 48 01 87 a0 02 00
0x00007ffb9b43fe75:   00 48 8b 74 24 28 0f b6 54 24 20 4d 85 ff 0f 85
0x00007ffb9b43fe85:   d7 fe ff ff 84 d2 0f 85 5c 10 00 00 48 8b 5c 24
0x00007ffb9b43fe95:   40 48 8b cf 80 7c 24 22 00 0f 85 36 10 00 00 e8
0x00007ffb9b43fea5:   a7 f0 ff ff 90 48 8b cb ff 15 7d 73 7f 00 48 8b 


Stack slot to memory mapping:
stack at sp + 0 slots: 0x000001b4546977c0 points into unknown readable memory: 0xffffffffffffffff | ff ff ff ff ff ff ff ff
stack at sp + 1 slots: 0x0 is NULL
stack at sp + 2 slots: 0x0 is NULL
stack at sp + 3 slots: 0x0 is NULL
stack at sp + 4 slots: 0x0000001638000000 is an unknown value
stack at sp + 5 slots: 0x0 is NULL
stack at sp + 6 slots: 0x74cb02aa27cb00ce is an unknown value
stack at sp + 7 slots: 0xefcc005649cc00da is an unknown value

VM_Operation (0x00000045973ff290): Exit, mode: safepoint, requested by thread 0x000001b45baf60f0


---------------  P R O C E S S  ---------------

Threads class SMR info:
_java_thread_list=0x000001b45baf5dc0, length=13, elements={
0x000001b430787500, 0x000001b44fc7ade0, 0x000001b44fc7be70, 0x000001b44fc801a0,
0x000001b44fc81be0, 0x000001b44fc827b0, 0x000001b44fc86580, 0x000001b44fc8aa40,
0x000001b44fc8b560, 0x000001b4540da8b0, 0x000001b454384110, 0x000001b45438ecc0,
0x000001b45baf60f0
}

Java Threads: ( => current thread )
  0x000001b430787500 JavaThread "main" [_thread_blocked, id=7552, stack(0x0000004596300000,0x0000004596400000)]
  0x000001b44fc7ade0 JavaThread "Reference Handler" daemon [_thread_blocked, id=10964, stack(0x0000004596a00000,0x0000004596b00000)]
  0x000001b44fc7be70 JavaThread "Finalizer" daemon [_thread_blocked, id=24360, stack(0x0000004596b00000,0x0000004596c00000)]
  0x000001b44fc801a0 JavaThread "Signal Dispatcher" daemon [_thread_blocked, id=29484, stack(0x0000004596c00000,0x0000004596d00000)]
  0x000001b44fc81be0 JavaThread "Attach Listener" daemon [_thread_blocked, id=26748, stack(0x0000004596d00000,0x0000004596e00000)]
  0x000001b44fc827b0 JavaThread "Service Thread" daemon [_thread_blocked, id=712, stack(0x0000004596e00000,0x0000004596f00000)]
  0x000001b44fc86580 JavaThread "Monitor Deflation Thread" daemon [_thread_blocked, id=24372, stack(0x0000004596f00000,0x0000004597000000)]
  0x000001b44fc8aa40 JavaThread "C2 CompilerThread0" daemon [_thread_blocked, id=21120, stack(0x0000004597000000,0x0000004597100000)]
  0x000001b44fc8b560 JavaThread "C1 CompilerThread0" daemon [_thread_blocked, id=13360, stack(0x0000004597100000,0x0000004597200000)]
  0x000001b4540da8b0 JavaThread "Common-Cleaner" daemon [_thread_blocked, id=23756, stack(0x0000004597200000,0x0000004597300000)]
  0x000001b454384110 JavaThread "Monitor Ctrl-Break" daemon [_thread_in_native, id=25512, stack(0x0000004597400000,0x0000004597500000)]
  0x000001b45438ecc0 JavaThread "Notification Thread" daemon [_thread_blocked, id=3800, stack(0x0000004597500000,0x0000004597600000)]
  0x000001b45baf60f0 JavaThread "SIGINT handler" daemon [_thread_blocked, id=27456, stack(0x0000004597300000,0x0000004597400000)]

Other Threads:
=>0x000001b44fc60830 VMThread "VM Thread" [stack: 0x0000004596900000,0x0000004596a00000] [id=29448]
  0x000001b4307f61d0 WorkerThread "GC Thread#0" [stack: 0x0000004596400000,0x0000004596500000] [id=24172]
  0x000001b45b773b30 WorkerThread "GC Thread#1" [stack: 0x0000004597c00000,0x0000004597d00000] [id=6972]
  0x000001b45b66e210 WorkerThread "GC Thread#2" [stack: 0x0000004597d00000,0x0000004597e00000] [id=28740]
  0x000001b45b66d9a0 WorkerThread "GC Thread#3" [stack: 0x0000004597e00000,0x0000004597f00000] [id=27824]
  0x000001b45b66e4e0 WorkerThread "GC Thread#4" [stack: 0x0000004597f00000,0x0000004598000000] [id=23980]
  0x000001b45b66dc70 WorkerThread "GC Thread#5" [stack: 0x0000004598000000,0x0000004598100000] [id=23224]
  0x000001b45b66df40 WorkerThread "GC Thread#6" [stack: 0x0000004598100000,0x0000004598200000] [id=14680]
  0x000001b45baad250 WorkerThread "GC Thread#7" [stack: 0x0000004598200000,0x0000004598300000] [id=21628]
  0x000001b430806e90 ConcurrentGCThread "G1 Main Marker" terminated
  0x000001b430808060 WorkerThread "G1 Conc#0" [stack: 0x0000004596600000,0x0000004596700000] [id=27764]
  0x000001b43083ec10 ConcurrentGCThread "G1 Refine#0" terminated
  0x000001b44fb1b8b0 ConcurrentGCThread "G1 Service" terminated

Threads with active compile tasks:

VM state: at safepoint (shutting down)

VM Mutex/Monitor currently owned by a thread:  ([mutex/lock_event])
[0x000001b430781da0] Threads_lock - owner thread: 0x000001b44fc60830
[0x000001b430782100] Heap_lock - owner thread: 0x000001b45baf60f0

Heap address: 0x0000000703e00000, size: 4034 MB, Compressed Oops mode: Zero based, Oop shift amount: 3

CDS archive(s) mapped at: [0x0000000800000000-0x0000000800c60000-0x0000000800c60000), size 12976128, SharedBaseAddress: 0x0000000800000000, ArchiveRelocationMode: 0.
Compressed class space mapped at: 0x0000000801000000-0x0000000841000000, reserved size: 1073741824
Narrow klass base: 0x0000000800000000, Narrow klass shift: 0, Narrow klass range: 0x100000000

GC Precious Log:
 CardTable entry size: 512
 Card Set container configuration: InlinePtr #cards 4 size 8 Array Of Cards #cards 16 size 48 Howl #buckets 8 coarsen threshold 3686 Howl Bitmap #cards 512 size 80 coarsen threshold 460 Card regions per heap region 1 cards per card region 4096
 CPUs: 8 total, 8 available
 Memory: 16129M
 Large Page Support: Disabled
 NUMA Support: Disabled
 Compressed Oops: Enabled (Zero based)
 Heap Region Size: 2M
 Heap Min Capacity: 8M
 Heap Initial Capacity: 254M
 Heap Max Capacity: 4034M
 Pre-touch: Disabled
 Parallel Workers: 8
 Concurrent Workers: 2
 Concurrent Refinement Workers: 8
 Periodic GC: Disabled

Heap:
 garbage-first heap   total 260096K, used 151716K [0x0000000703e00000, 0x0000000800000000)
  region size 2048K, 73 young (149504K), 1 survivors (2048K)
 Metaspace       used 4225K, committed 4416K, reserved 1114112K
  class space    used 265K, committed 384K, reserved 1048576K

Heap Regions: E=young(eden), S=young(survivor), O=old, HS=humongous(starts), HC=humongous(continues), CS=collection set, F=free, OA=open archive, CA=closed archive, TAMS=top-at-mark-start, PB=parsable bottom
|   0|0x0000000703e00000, 0x0000000704000000, 0x0000000704000000|100%| O|  |TAMS 0x0000000703e00000| PB 0x0000000703e00000| Untracked 
|   1|0x0000000704000000, 0x0000000704200000, 0x0000000704200000|100%| O|  |TAMS 0x0000000704000000| PB 0x0000000704000000| Untracked 
|   2|0x0000000704200000, 0x00000007043c3000, 0x0000000704400000| 88%| O|  |TAMS 0x0000000704200000| PB 0x0000000704200000| Untracked 
|   3|0x0000000704400000, 0x0000000704400000, 0x0000000704600000|  0%| F|  |TAMS 0x0000000704400000| PB 0x0000000704400000| Untracked 
|   4|0x0000000704600000, 0x0000000704600000, 0x0000000704800000|  0%| F|  |TAMS 0x0000000704600000| PB 0x0000000704600000| Untracked 
|   5|0x0000000704800000, 0x0000000704800000, 0x0000000704a00000|  0%| F|  |TAMS 0x0000000704800000| PB 0x0000000704800000| Untracked 
|   6|0x0000000704a00000, 0x0000000704a00000, 0x0000000704c00000|  0%| F|  |TAMS 0x0000000704a00000| PB 0x0000000704a00000| Untracked 
|   7|0x0000000704c00000, 0x0000000704c00000, 0x0000000704e00000|  0%| F|  |TAMS 0x0000000704c00000| PB 0x0000000704c00000| Untracked 
|   8|0x0000000704e00000, 0x0000000704e00000, 0x0000000705000000|  0%| F|  |TAMS 0x0000000704e00000| PB 0x0000000704e00000| Untracked 
|   9|0x0000000705000000, 0x0000000705000000, 0x0000000705200000|  0%| F|  |TAMS 0x0000000705000000| PB 0x0000000705000000| Untracked 
|  10|0x0000000705200000, 0x0000000705200000, 0x0000000705400000|  0%| F|  |TAMS 0x0000000705200000| PB 0x0000000705200000| Untracked 
|  11|0x0000000705400000, 0x0000000705400000, 0x0000000705600000|  0%| F|  |TAMS 0x0000000705400000| PB 0x0000000705400000| Untracked 
|  12|0x0000000705600000, 0x0000000705600000, 0x0000000705800000|  0%| F|  |TAMS 0x0000000705600000| PB 0x0000000705600000| Untracked 
|  13|0x0000000705800000, 0x0000000705800000, 0x0000000705a00000|  0%| F|  |TAMS 0x0000000705800000| PB 0x0000000705800000| Untracked 
|  14|0x0000000705a00000, 0x0000000705a00000, 0x0000000705c00000|  0%| F|  |TAMS 0x0000000705a00000| PB 0x0000000705a00000| Untracked 
|  15|0x0000000705c00000, 0x0000000705c00000, 0x0000000705e00000|  0%| F|  |TAMS 0x0000000705c00000| PB 0x0000000705c00000| Untracked 
|  16|0x0000000705e00000, 0x0000000705e00000, 0x0000000706000000|  0%| F|  |TAMS 0x0000000705e00000| PB 0x0000000705e00000| Untracked 
|  17|0x0000000706000000, 0x0000000706000000, 0x0000000706200000|  0%| F|  |TAMS 0x0000000706000000| PB 0x0000000706000000| Untracked 
|  18|0x0000000706200000, 0x0000000706200000, 0x0000000706400000|  0%| F|  |TAMS 0x0000000706200000| PB 0x0000000706200000| Untracked 
|  19|0x0000000706400000, 0x0000000706400000, 0x0000000706600000|  0%| F|  |TAMS 0x0000000706400000| PB 0x0000000706400000| Untracked 
|  20|0x0000000706600000, 0x0000000706600000, 0x0000000706800000|  0%| F|  |TAMS 0x0000000706600000| PB 0x0000000706600000| Untracked 
|  21|0x0000000706800000, 0x0000000706800000, 0x0000000706a00000|  0%| F|  |TAMS 0x0000000706800000| PB 0x0000000706800000| Untracked 
|  22|0x0000000706a00000, 0x0000000706a00000, 0x0000000706c00000|  0%| F|  |TAMS 0x0000000706a00000| PB 0x0000000706a00000| Untracked 
|  23|0x0000000706c00000, 0x0000000706c00000, 0x0000000706e00000|  0%| F|  |TAMS 0x0000000706c00000| PB 0x0000000706c00000| Untracked 
|  24|0x0000000706e00000, 0x0000000706e00000, 0x0000000707000000|  0%| F|  |TAMS 0x0000000706e00000| PB 0x0000000706e00000| Untracked 
|  25|0x0000000707000000, 0x0000000707000000, 0x0000000707200000|  0%| F|  |TAMS 0x0000000707000000| PB 0x0000000707000000| Untracked 
|  26|0x0000000707200000, 0x0000000707200000, 0x0000000707400000|  0%| F|  |TAMS 0x0000000707200000| PB 0x0000000707200000| Untracked 
|  27|0x0000000707400000, 0x0000000707400000, 0x0000000707600000|  0%| F|  |TAMS 0x0000000707400000| PB 0x0000000707400000| Untracked 
|  28|0x0000000707600000, 0x0000000707600000, 0x0000000707800000|  0%| F|  |TAMS 0x0000000707600000| PB 0x0000000707600000| Untracked 
|  29|0x0000000707800000, 0x0000000707800000, 0x0000000707a00000|  0%| F|  |TAMS 0x0000000707800000| PB 0x0000000707800000| Untracked 
|  30|0x0000000707a00000, 0x0000000707a00000, 0x0000000707c00000|  0%| F|  |TAMS 0x0000000707a00000| PB 0x0000000707a00000| Untracked 
|  31|0x0000000707c00000, 0x0000000707c00000, 0x0000000707e00000|  0%| F|  |TAMS 0x0000000707c00000| PB 0x0000000707c00000| Untracked 
|  32|0x0000000707e00000, 0x0000000707e00000, 0x0000000708000000|  0%| F|  |TAMS 0x0000000707e00000| PB 0x0000000707e00000| Untracked 
|  33|0x0000000708000000, 0x0000000708000000, 0x0000000708200000|  0%| F|  |TAMS 0x0000000708000000| PB 0x0000000708000000| Untracked 
|  34|0x0000000708200000, 0x0000000708200000, 0x0000000708400000|  0%| F|  |TAMS 0x0000000708200000| PB 0x0000000708200000| Untracked 
|  35|0x0000000708400000, 0x0000000708400000, 0x0000000708600000|  0%| F|  |TAMS 0x0000000708400000| PB 0x0000000708400000| Untracked 
|  36|0x0000000708600000, 0x0000000708600000, 0x0000000708800000|  0%| F|  |TAMS 0x0000000708600000| PB 0x0000000708600000| Untracked 
|  37|0x0000000708800000, 0x0000000708800000, 0x0000000708a00000|  0%| F|  |TAMS 0x0000000708800000| PB 0x0000000708800000| Untracked 
|  38|0x0000000708a00000, 0x0000000708a00000, 0x0000000708c00000|  0%| F|  |TAMS 0x0000000708a00000| PB 0x0000000708a00000| Untracked 
|  39|0x0000000708c00000, 0x0000000708c00000, 0x0000000708e00000|  0%| F|  |TAMS 0x0000000708c00000| PB 0x0000000708c00000| Untracked 
|  40|0x0000000708e00000, 0x0000000708e00000, 0x0000000709000000|  0%| F|  |TAMS 0x0000000708e00000| PB 0x0000000708e00000| Untracked 
|  41|0x0000000709000000, 0x0000000709000000, 0x0000000709200000|  0%| F|  |TAMS 0x0000000709000000| PB 0x0000000709000000| Untracked 
|  42|0x0000000709200000, 0x0000000709200000, 0x0000000709400000|  0%| F|  |TAMS 0x0000000709200000| PB 0x0000000709200000| Untracked 
|  43|0x0000000709400000, 0x0000000709400000, 0x0000000709600000|  0%| F|  |TAMS 0x0000000709400000| PB 0x0000000709400000| Untracked 
|  44|0x0000000709600000, 0x0000000709600000, 0x0000000709800000|  0%| F|  |TAMS 0x0000000709600000| PB 0x0000000709600000| Untracked 
|  45|0x0000000709800000, 0x0000000709800000, 0x0000000709a00000|  0%| F|  |TAMS 0x0000000709800000| PB 0x0000000709800000| Untracked 
|  46|0x0000000709a00000, 0x0000000709a00000, 0x0000000709c00000|  0%| F|  |TAMS 0x0000000709a00000| PB 0x0000000709a00000| Untracked 
|  47|0x0000000709c00000, 0x0000000709c00000, 0x0000000709e00000|  0%| F|  |TAMS 0x0000000709c00000| PB 0x0000000709c00000| Untracked 
|  48|0x0000000709e00000, 0x0000000709e00000, 0x000000070a000000|  0%| F|  |TAMS 0x0000000709e00000| PB 0x0000000709e00000| Untracked 
|  49|0x000000070a000000, 0x000000070a000000, 0x000000070a200000|  0%| F|  |TAMS 0x000000070a000000| PB 0x000000070a000000| Untracked 
|  50|0x000000070a200000, 0x000000070a266350, 0x000000070a400000| 19%| S|CS|TAMS 0x000000070a200000| PB 0x000000070a200000| Complete 
|  51|0x000000070a400000, 0x000000070a400000, 0x000000070a600000|  0%| F|  |TAMS 0x000000070a400000| PB 0x000000070a400000| Untracked 
|  52|0x000000070a600000, 0x000000070a600000, 0x000000070a800000|  0%| F|  |TAMS 0x000000070a600000| PB 0x000000070a600000| Untracked 
|  53|0x000000070a800000, 0x000000070a800000, 0x000000070aa00000|  0%| F|  |TAMS 0x000000070a800000| PB 0x000000070a800000| Untracked 
|  54|0x000000070aa00000, 0x000000070aa00000, 0x000000070ac00000|  0%| F|  |TAMS 0x000000070aa00000| PB 0x000000070aa00000| Untracked 
|  55|0x000000070ac00000, 0x000000070ac00800, 0x000000070ae00000|  0%| E|  |TAMS 0x000000070ac00000| PB 0x000000070ac00000| Complete 
|  56|0x000000070ae00000, 0x000000070b000000, 0x000000070b000000|100%| E|CS|TAMS 0x000000070ae00000| PB 0x000000070ae00000| Complete 
|  57|0x000000070b000000, 0x000000070b200000, 0x000000070b200000|100%| E|CS|TAMS 0x000000070b000000| PB 0x000000070b000000| Complete 
|  58|0x000000070b200000, 0x000000070b400000, 0x000000070b400000|100%| E|CS|TAMS 0x000000070b200000| PB 0x000000070b200000| Complete 
|  59|0x000000070b400000, 0x000000070b600000, 0x000000070b600000|100%| E|CS|TAMS 0x000000070b400000| PB 0x000000070b400000| Complete 
|  60|0x000000070b600000, 0x000000070b800000, 0x000000070b800000|100%| E|CS|TAMS 0x000000070b600000| PB 0x000000070b600000| Complete 
|  61|0x000000070b800000, 0x000000070ba00000, 0x000000070ba00000|100%| E|CS|TAMS 0x000000070b800000| PB 0x000000070b800000| Complete 
|  62|0x000000070ba00000, 0x000000070bc00000, 0x000000070bc00000|100%| E|CS|TAMS 0x000000070ba00000| PB 0x000000070ba00000| Complete 
|  63|0x000000070bc00000, 0x000000070be00000, 0x000000070be00000|100%| E|CS|TAMS 0x000000070bc00000| PB 0x000000070bc00000| Complete 
|  64|0x000000070be00000, 0x000000070c000000, 0x000000070c000000|100%| E|CS|TAMS 0x000000070be00000| PB 0x000000070be00000| Complete 
|  65|0x000000070c000000, 0x000000070c200000, 0x000000070c200000|100%| E|CS|TAMS 0x000000070c000000| PB 0x000000070c000000| Complete 
|  66|0x000000070c200000, 0x000000070c400000, 0x000000070c400000|100%| E|CS|TAMS 0x000000070c200000| PB 0x000000070c200000| Complete 
|  67|0x000000070c400000, 0x000000070c600000, 0x000000070c600000|100%| E|CS|TAMS 0x000000070c400000| PB 0x000000070c400000| Complete 
|  68|0x000000070c600000, 0x000000070c800000, 0x000000070c800000|100%| E|CS|TAMS 0x000000070c600000| PB 0x000000070c600000| Complete 
|  69|0x000000070c800000, 0x000000070ca00000, 0x000000070ca00000|100%| E|CS|TAMS 0x000000070c800000| PB 0x000000070c800000| Complete 
|  70|0x000000070ca00000, 0x000000070cc00000, 0x000000070cc00000|100%| E|CS|TAMS 0x000000070ca00000| PB 0x000000070ca00000| Complete 
|  71|0x000000070cc00000, 0x000000070ce00000, 0x000000070ce00000|100%| E|CS|TAMS 0x000000070cc00000| PB 0x000000070cc00000| Complete 
|  72|0x000000070ce00000, 0x000000070d000000, 0x000000070d000000|100%| E|CS|TAMS 0x000000070ce00000| PB 0x000000070ce00000| Complete 
|  73|0x000000070d000000, 0x000000070d200000, 0x000000070d200000|100%| E|CS|TAMS 0x000000070d000000| PB 0x000000070d000000| Complete 
|  74|0x000000070d200000, 0x000000070d400000, 0x000000070d400000|100%| E|CS|TAMS 0x000000070d200000| PB 0x000000070d200000| Complete 
|  75|0x000000070d400000, 0x000000070d600000, 0x000000070d600000|100%| E|CS|TAMS 0x000000070d400000| PB 0x000000070d400000| Complete 
|  76|0x000000070d600000, 0x000000070d800000, 0x000000070d800000|100%| E|CS|TAMS 0x000000070d600000| PB 0x000000070d600000| Complete 
|  77|0x000000070d800000, 0x000000070da00000, 0x000000070da00000|100%| E|CS|TAMS 0x000000070d800000| PB 0x000000070d800000| Complete 
|  78|0x000000070da00000, 0x000000070dc00000, 0x000000070dc00000|100%| E|CS|TAMS 0x000000070da00000| PB 0x000000070da00000| Complete 
|  79|0x000000070dc00000, 0x000000070de00000, 0x000000070de00000|100%| E|CS|TAMS 0x000000070dc00000| PB 0x000000070dc00000| Complete 
|  80|0x000000070de00000, 0x000000070e000000, 0x000000070e000000|100%| E|CS|TAMS 0x000000070de00000| PB 0x000000070de00000| Complete 
|  81|0x000000070e000000, 0x000000070e200000, 0x000000070e200000|100%| E|CS|TAMS 0x000000070e000000| PB 0x000000070e000000| Complete 
|  82|0x000000070e200000, 0x000000070e400000, 0x000000070e400000|100%| E|CS|TAMS 0x000000070e200000| PB 0x000000070e200000| Complete 
|  83|0x000000070e400000, 0x000000070e600000, 0x000000070e600000|100%| E|CS|TAMS 0x000000070e400000| PB 0x000000070e400000| Complete 
|  84|0x000000070e600000, 0x000000070e800000, 0x000000070e800000|100%| E|CS|TAMS 0x000000070e600000| PB 0x000000070e600000| Complete 
|  85|0x000000070e800000, 0x000000070ea00000, 0x000000070ea00000|100%| E|CS|TAMS 0x000000070e800000| PB 0x000000070e800000| Complete 
|  86|0x000000070ea00000, 0x000000070ec00000, 0x000000070ec00000|100%| E|CS|TAMS 0x000000070ea00000| PB 0x000000070ea00000| Complete 
|  87|0x000000070ec00000, 0x000000070ee00000, 0x000000070ee00000|100%| E|CS|TAMS 0x000000070ec00000| PB 0x000000070ec00000| Complete 
|  88|0x000000070ee00000, 0x000000070f000000, 0x000000070f000000|100%| E|CS|TAMS 0x000000070ee00000| PB 0x000000070ee00000| Complete 
|  89|0x000000070f000000, 0x000000070f200000, 0x000000070f200000|100%| E|CS|TAMS 0x000000070f000000| PB 0x000000070f000000| Complete 
|  90|0x000000070f200000, 0x000000070f400000, 0x000000070f400000|100%| E|CS|TAMS 0x000000070f200000| PB 0x000000070f200000| Complete 
|  91|0x000000070f400000, 0x000000070f600000, 0x000000070f600000|100%| E|CS|TAMS 0x000000070f400000| PB 0x000000070f400000| Complete 
|  92|0x000000070f600000, 0x000000070f800000, 0x000000070f800000|100%| E|CS|TAMS 0x000000070f600000| PB 0x000000070f600000| Complete 
|  93|0x000000070f800000, 0x000000070fa00000, 0x000000070fa00000|100%| E|CS|TAMS 0x000000070f800000| PB 0x000000070f800000| Complete 
|  94|0x000000070fa00000, 0x000000070fc00000, 0x000000070fc00000|100%| E|CS|TAMS 0x000000070fa00000| PB 0x000000070fa00000| Complete 
|  95|0x000000070fc00000, 0x000000070fe00000, 0x000000070fe00000|100%| E|CS|TAMS 0x000000070fc00000| PB 0x000000070fc00000| Complete 
|  96|0x000000070fe00000, 0x0000000710000000, 0x0000000710000000|100%| E|CS|TAMS 0x000000070fe00000| PB 0x000000070fe00000| Complete 
|  97|0x0000000710000000, 0x0000000710200000, 0x0000000710200000|100%| E|CS|TAMS 0x0000000710000000| PB 0x0000000710000000| Complete 
|  98|0x0000000710200000, 0x0000000710400000, 0x0000000710400000|100%| E|CS|TAMS 0x0000000710200000| PB 0x0000000710200000| Complete 
|  99|0x0000000710400000, 0x0000000710600000, 0x0000000710600000|100%| E|CS|TAMS 0x0000000710400000| PB 0x0000000710400000| Complete 
| 100|0x0000000710600000, 0x0000000710800000, 0x0000000710800000|100%| E|CS|TAMS 0x0000000710600000| PB 0x0000000710600000| Complete 
| 101|0x0000000710800000, 0x0000000710a00000, 0x0000000710a00000|100%| E|CS|TAMS 0x0000000710800000| PB 0x0000000710800000| Complete 
| 102|0x0000000710a00000, 0x0000000710c00000, 0x0000000710c00000|100%| E|CS|TAMS 0x0000000710a00000| PB 0x0000000710a00000| Complete 
| 103|0x0000000710c00000, 0x0000000710e00000, 0x0000000710e00000|100%| E|CS|TAMS 0x0000000710c00000| PB 0x0000000710c00000| Complete 
| 104|0x0000000710e00000, 0x0000000711000000, 0x0000000711000000|100%| E|CS|TAMS 0x0000000710e00000| PB 0x0000000710e00000| Complete 
| 105|0x0000000711000000, 0x0000000711200000, 0x0000000711200000|100%| E|CS|TAMS 0x0000000711000000| PB 0x0000000711000000| Complete 
| 106|0x0000000711200000, 0x0000000711400000, 0x0000000711400000|100%| E|CS|TAMS 0x0000000711200000| PB 0x0000000711200000| Complete 
| 107|0x0000000711400000, 0x0000000711600000, 0x0000000711600000|100%| E|CS|TAMS 0x0000000711400000| PB 0x0000000711400000| Complete 
| 108|0x0000000711600000, 0x0000000711800000, 0x0000000711800000|100%| E|CS|TAMS 0x0000000711600000| PB 0x0000000711600000| Complete 
| 109|0x0000000711800000, 0x0000000711a00000, 0x0000000711a00000|100%| E|CS|TAMS 0x0000000711800000| PB 0x0000000711800000| Complete 
| 110|0x0000000711a00000, 0x0000000711c00000, 0x0000000711c00000|100%| E|CS|TAMS 0x0000000711a00000| PB 0x0000000711a00000| Complete 
| 111|0x0000000711c00000, 0x0000000711e00000, 0x0000000711e00000|100%| E|CS|TAMS 0x0000000711c00000| PB 0x0000000711c00000| Complete 
| 112|0x0000000711e00000, 0x0000000712000000, 0x0000000712000000|100%| E|CS|TAMS 0x0000000711e00000| PB 0x0000000711e00000| Complete 
| 113|0x0000000712000000, 0x0000000712200000, 0x0000000712200000|100%| E|CS|TAMS 0x0000000712000000| PB 0x0000000712000000| Complete 
| 114|0x0000000712200000, 0x0000000712400000, 0x0000000712400000|100%| E|CS|TAMS 0x0000000712200000| PB 0x0000000712200000| Complete 
| 115|0x0000000712400000, 0x0000000712600000, 0x0000000712600000|100%| E|CS|TAMS 0x0000000712400000| PB 0x0000000712400000| Complete 
| 116|0x0000000712600000, 0x0000000712800000, 0x0000000712800000|100%| E|CS|TAMS 0x0000000712600000| PB 0x0000000712600000| Complete 
| 117|0x0000000712800000, 0x0000000712a00000, 0x0000000712a00000|100%| E|CS|TAMS 0x0000000712800000| PB 0x0000000712800000| Complete 
| 118|0x0000000712a00000, 0x0000000712c00000, 0x0000000712c00000|100%| E|CS|TAMS 0x0000000712a00000| PB 0x0000000712a00000| Complete 
| 119|0x0000000712c00000, 0x0000000712e00000, 0x0000000712e00000|100%| E|CS|TAMS 0x0000000712c00000| PB 0x0000000712c00000| Complete 
| 120|0x0000000712e00000, 0x0000000713000000, 0x0000000713000000|100%| E|CS|TAMS 0x0000000712e00000| PB 0x0000000712e00000| Complete 
| 121|0x0000000713000000, 0x0000000713200000, 0x0000000713200000|100%| E|CS|TAMS 0x0000000713000000| PB 0x0000000713000000| Complete 
| 122|0x0000000713200000, 0x0000000713400000, 0x0000000713400000|100%| E|CS|TAMS 0x0000000713200000| PB 0x0000000713200000| Complete 
| 123|0x0000000713400000, 0x0000000713600000, 0x0000000713600000|100%| E|CS|TAMS 0x0000000713400000| PB 0x0000000713400000| Complete 
| 124|0x0000000713600000, 0x0000000713800000, 0x0000000713800000|100%| E|CS|TAMS 0x0000000713600000| PB 0x0000000713600000| Complete 
| 125|0x0000000713800000, 0x0000000713a00000, 0x0000000713a00000|100%| E|CS|TAMS 0x0000000713800000| PB 0x0000000713800000| Complete 
| 126|0x0000000713a00000, 0x0000000713c00000, 0x0000000713c00000|100%| E|CS|TAMS 0x0000000713a00000| PB 0x0000000713a00000| Complete 

Card table byte_map: [0x000001b448350000,0x000001b448b40000] _byte_map_base: 0x000001b444b31000

Marking Bits: (CMBitMap*) 0x000001b4307f6800
 Bits: [0x000001b449330000, 0x000001b44d238000)

Polling page: 0x000001b42e6d0000

Metaspace:

Usage:
  Non-class:      3.87 MB used.
      Class:    265.83 KB used.
       Both:      4.13 MB used.

Virtual space:
  Non-class space:       64.00 MB reserved,       3.94 MB (  6%) committed,  1 nodes.
      Class space:        1.00 GB reserved,     384.00 KB ( <1%) committed,  1 nodes.
             Both:        1.06 GB reserved,       4.31 MB ( <1%) committed. 

Chunk freelists:
   Non-Class:  1.94 MB
       Class:  3.59 MB
        Both:  5.53 MB

MaxMetaspaceSize: unlimited
CompressedClassSpaceSize: 1.00 GB
Initial GC threshold: 21.00 MB
Current GC threshold: 21.00 MB
CDS: on
MetaspaceReclaimPolicy: balanced
 - commit_granule_bytes: 65536.
 - commit_granule_words: 8192.
 - virtual_space_node_default_size: 8388608.
 - enlarge_chunks_in_place: 1.
 - new_chunks_are_fully_committed: 0.
 - uncommit_free_chunks: 1.
 - use_allocation_guard: 0.


Internal statistics:

num_allocs_failed_limit: 0.
num_arena_births: 134.
num_arena_deaths: 0.
num_vsnodes_births: 2.
num_vsnodes_deaths: 0.
num_space_committed: 67.
num_space_uncommitted: 0.
num_chunks_returned_to_freelist: 0.
num_chunks_taken_from_freelist: 239.
num_chunk_merges: 0.
num_chunk_splits: 151.
num_chunks_enlarged: 100.
num_inconsistent_stats: 0.

CodeHeap 'non-profiled nmethods': size=120000Kb used=556Kb max_used=556Kb free=119444Kb
 bounds [0x000001b440300000, 0x000001b440570000, 0x000001b447830000]
CodeHeap 'profiled nmethods': size=120000Kb used=1646Kb max_used=1646Kb free=118353Kb
 bounds [0x000001b438830000, 0x000001b438aa0000, 0x000001b43fd60000]
CodeHeap 'non-nmethods': size=5760Kb used=2470Kb max_used=2492Kb free=3289Kb
 bounds [0x000001b43fd60000, 0x000001b43ffe0000, 0x000001b440300000]
 total_blobs=2295 nmethods=1182 adapters=1024
 compilation: enabled
              stopped_count=0, restarted_count=0
 full_count=0

Compilation events (20 events):
Event: 2.300 Thread 0x000001b44fc8aa40 1173       4       HAL.Tools.Internal.ADIequations$$Lambda$62/0x0000000801025248::<init> (26 bytes)
Event: 2.301 Thread 0x000001b44fc8aa40 nmethod 1173 0x000001b440389310 code [0x000001b440389480, 0x000001b4403896d0]
Event: 2.844 Thread 0x000001b44fc8b560 1174       3       java.util.ArrayList::fastRemove (44 bytes)
Event: 2.844 Thread 0x000001b44fc8b560 nmethod 1174 0x000001b4389c3610 code [0x000001b4389c37c0, 0x000001b4389c3bc8]
Event: 3.017 Thread 0x000001b44fc8b560 1175       3       java.util.ArrayList::remove (26 bytes)
Event: 3.017 Thread 0x000001b44fc8b560 nmethod 1175 0x000001b4389c3d10 code [0x000001b4389c3ec0, 0x000001b4389c40e8]
Event: 3.118 Thread 0x000001b44fc8b560 1176       3       HAL.GridsAndAgents.AgentSQ2D::Dispose (50 bytes)
Event: 3.118 Thread 0x000001b44fc8b560 nmethod 1176 0x000001b4389c4290 code [0x000001b4389c44a0, 0x000001b4389c4d38]
Event: 3.118 Thread 0x000001b44fc8b560 1177       3       HAL.GridsAndAgents.InternalGridAgentList::RemoveAgent (25 bytes)
Event: 3.119 Thread 0x000001b44fc8b560 nmethod 1177 0x000001b4389c5090 code [0x000001b4389c5260, 0x000001b4389c5748]
Event: 4.775 Thread 0x000001b44fc8aa40 1178       4       metastasis.CellEx::Divide (165 bytes)
Event: 4.784 Thread 0x000001b44fc8aa40 nmethod 1178 0x000001b440389790 code [0x000001b4403899a0, 0x000001b44038a200]
Event: 6.410 Thread 0x000001b44fc8b560 1179       3       metastasis.tissueSiteGrid::StepCells (193 bytes)
Event: 6.411 Thread 0x000001b44fc8b560 nmethod 1179 0x000001b4389c5990 code [0x000001b4389c5d20, 0x000001b4389c7310]
Event: 6.411 Thread 0x000001b44fc8b560 1180       3       HAL.Tools.Internal.ADIequations::Diffusion2DADI (146 bytes)
Event: 6.412 Thread 0x000001b44fc8b560 nmethod 1180 0x000001b4389c7b10 code [0x000001b4389c7e60, 0x000001b4389c96d8]
Event: 6.548 Thread 0x000001b44fc8b560 1181       3       HAL.GridsAndAgents.InternalGridAgentList::ShuffleAgents (94 bytes)
Event: 6.548 Thread 0x000001b44fc8b560 nmethod 1181 0x000001b4389ca190 code [0x000001b4389ca400, 0x000001b4389cb2e8]
Event: 6.736 Thread 0x000001b44fc8aa40 1182       4       HAL.Tools.Internal.SplittableRN::nextInt (74 bytes)
Event: 6.737 Thread 0x000001b44fc8aa40 nmethod 1182 0x000001b44038a890 code [0x000001b44038aa00, 0x000001b44038ab50]

GC Heap History (6 events):
Event: 0.741 GC heap before
{Heap before GC invocations=0 (full 0):
 garbage-first heap   total 260096K, used 20480K [0x0000000703e00000, 0x0000000800000000)
  region size 2048K, 11 young (22528K), 0 survivors (0K)
 Metaspace       used 4016K, committed 4224K, reserved 1114112K
  class space    used 251K, committed 384K, reserved 1048576K
}
Event: 0.744 GC heap after
{Heap after GC invocations=1 (full 0):
 garbage-first heap   total 260096K, used 6144K [0x0000000703e00000, 0x0000000800000000)
  region size 2048K, 2 young (4096K), 2 survivors (4096K)
 Metaspace       used 4016K, committed 4224K, reserved 1114112K
  class space    used 251K, committed 384K, reserved 1048576K
}
Event: 1.445 GC heap before
{Heap before GC invocations=1 (full 0):
 garbage-first heap   total 260096K, used 34816K [0x0000000703e00000, 0x0000000800000000)
  region size 2048K, 16 young (32768K), 2 survivors (4096K)
 Metaspace       used 4215K, committed 4416K, reserved 1114112K
  class space    used 264K, committed 384K, reserved 1048576K
}
Event: 1.447 GC heap after
{Heap after GC invocations=2 (full 0):
 garbage-first heap   total 260096K, used 6380K [0x0000000703e00000, 0x0000000800000000)
  region size 2048K, 1 young (2048K), 1 survivors (2048K)
 Metaspace       used 4215K, committed 4416K, reserved 1114112K
  class space    used 264K, committed 384K, reserved 1048576K
}
Event: 4.830 GC heap before
{Heap before GC invocations=2 (full 0):
 garbage-first heap   total 260096K, used 159980K [0x0000000703e00000, 0x0000000800000000)
  region size 2048K, 76 young (155648K), 1 survivors (2048K)
 Metaspace       used 4216K, committed 4416K, reserved 1114112K
  class space    used 264K, committed 384K, reserved 1048576K
}
Event: 4.831 GC heap after
{Heap after GC invocations=3 (full 0):
 garbage-first heap   total 260096K, used 6308K [0x0000000703e00000, 0x0000000800000000)
  region size 2048K, 1 young (2048K), 1 survivors (2048K)
 Metaspace       used 4216K, committed 4416K, reserved 1114112K
  class space    used 264K, committed 384K, reserved 1048576K
}

Dll operation events (12 events):
Event: 0.011 Loaded shared library C:\Users\4473331\.jdks\openjdk-20.0.1\bin\java.dll
Event: 0.023 Loaded shared library C:\Users\4473331\.jdks\openjdk-20.0.1\bin\jsvml.dll
Event: 0.096 Loaded shared library C:\Users\4473331\.jdks\openjdk-20.0.1\bin\zip.dll
Event: 0.099 Loaded shared library C:\Users\4473331\.jdks\openjdk-20.0.1\bin\instrument.dll
Event: 0.105 Loaded shared library C:\Users\4473331\.jdks\openjdk-20.0.1\bin\net.dll
Event: 0.107 Loaded shared library C:\Users\4473331\.jdks\openjdk-20.0.1\bin\nio.dll
Event: 0.110 Loaded shared library C:\Users\4473331\.jdks\openjdk-20.0.1\bin\zip.dll
Event: 0.157 Loaded shared library C:\Program Files\JetBrains\IntelliJ IDEA Community Edition 2023.1.2\bin\breakgen64.dll
Event: 0.165 Loaded shared library C:\Users\4473331\.jdks\openjdk-20.0.1\bin\extnet.dll
Event: 0.168 Loaded shared library C:\Users\4473331\.jdks\openjdk-20.0.1\bin\jimage.dll
Event: 0.222 Loaded shared library C:\Users\4473331\AppData\Local\Temp\1\lwjgl_4473331\3.3.2+13\x64\lwjgl.dll
Event: 0.401 Loaded shared library C:\Users\4473331\AppData\Local\Temp\1\lwjgl_4473331\3.3.2+13\x64\lwjgl_opengl.dll

Deoptimization events (20 events):
Event: 0.961 Thread 0x000001b430787500 Uncommon trap: trap_request=0xffffffbe fr.pc=0x000001b440366ec0 relative=0x0000000000004460
Event: 0.961 Thread 0x000001b430787500 Uncommon trap: reason=profile_predicate action=maybe_recompile pc=0x000001b440366ec0 method=HAL.Tools.TdmaSolver.TDMA(ILHAL/Interfaces/IntToDouble;LHAL/Interfaces/IntDoubleToVoid;LHAL/Interfaces/IntToDouble;LHAL/Interfaces/IntToDouble;LHAL/Interfaces/IntT
Event: 0.961 Thread 0x000001b430787500 DEOPT PACKING pc=0x000001b440366ec0 sp=0x00000045963fec50
Event: 0.961 Thread 0x000001b430787500 DEOPT UNPACKING pc=0x000001b43fd7d2a2 sp=0x00000045963fec58 mode 2
Event: 1.016 Thread 0x000001b44fc81be0 Uncommon trap: trap_request=0xffffff45 fr.pc=0x000001b44031ff80 relative=0x0000000000000140
Event: 1.016 Thread 0x000001b44fc81be0 Uncommon trap: reason=unstable_if action=reinterpret pc=0x000001b44031ff80 method=java.util.regex.Pattern$BmpCharPropertyGreedy.match(Ljava/util/regex/Matcher;ILjava/lang/CharSequence;)Z @ 12 c2
Event: 1.016 Thread 0x000001b44fc81be0 DEOPT PACKING pc=0x000001b44031ff80 sp=0x0000004596dfe5b0
Event: 1.016 Thread 0x000001b44fc81be0 DEOPT UNPACKING pc=0x000001b43fd7d2a2 sp=0x0000004596dfe548 mode 2
Event: 1.141 Thread 0x000001b430787500 Uncommon trap: trap_request=0xffffffbe fr.pc=0x000001b44036e444 relative=0x00000000000039e4
Event: 1.141 Thread 0x000001b430787500 Uncommon trap: reason=profile_predicate action=maybe_recompile pc=0x000001b44036e444 method=HAL.Tools.TdmaSolver.TDMA(ILHAL/Interfaces/IntToDouble;LHAL/Interfaces/IntDoubleToVoid;LHAL/Interfaces/IntToDouble;LHAL/Interfaces/IntToDouble;LHAL/Interfaces/IntT
Event: 1.142 Thread 0x000001b430787500 DEOPT PACKING pc=0x000001b44036e444 sp=0x00000045963fec90
Event: 1.142 Thread 0x000001b430787500 DEOPT UNPACKING pc=0x000001b43fd7d2a2 sp=0x00000045963fec50 mode 2
Event: 1.142 Thread 0x000001b430787500 Uncommon trap: trap_request=0xffffffbe fr.pc=0x000001b44036e444 relative=0x00000000000039e4
Event: 1.142 Thread 0x000001b430787500 Uncommon trap: reason=profile_predicate action=maybe_recompile pc=0x000001b44036e444 method=HAL.Tools.TdmaSolver.TDMA(ILHAL/Interfaces/IntToDouble;LHAL/Interfaces/IntDoubleToVoid;LHAL/Interfaces/IntToDouble;LHAL/Interfaces/IntToDouble;LHAL/Interfaces/IntT
Event: 1.142 Thread 0x000001b430787500 DEOPT PACKING pc=0x000001b44036e444 sp=0x00000045963fec90
Event: 1.142 Thread 0x000001b430787500 DEOPT UNPACKING pc=0x000001b43fd7d2a2 sp=0x00000045963fec50 mode 2
Event: 1.542 Thread 0x000001b430787500 Uncommon trap: trap_request=0xffffff45 fr.pc=0x000001b440377a30 relative=0x0000000000001950
Event: 1.542 Thread 0x000001b430787500 Uncommon trap: reason=unstable_if action=reinterpret pc=0x000001b440377a30 method=metastasis.CellEx.tryMove()V @ 225 c2
Event: 1.542 Thread 0x000001b430787500 DEOPT PACKING pc=0x000001b440377a30 sp=0x00000045963fef40
Event: 1.542 Thread 0x000001b430787500 DEOPT UNPACKING pc=0x000001b43fd7d2a2 sp=0x00000045963feee8 mode 2

Classes loaded (20 events):
Event: 1.013 Loading class sun/util/cldr/CLDRTimeZoneNameProviderImpl
Event: 1.013 Loading class sun/util/locale/provider/TimeZoneNameProviderImpl
Event: 1.013 Loading class sun/util/locale/provider/TimeZoneNameProviderImpl done
Event: 1.013 Loading class sun/util/cldr/CLDRTimeZoneNameProviderImpl done
Event: 1.015 Loading class sun/util/locale/provider/BaseLocaleDataMetaInfo
Event: 1.015 Loading class sun/util/locale/provider/BaseLocaleDataMetaInfo done
Event: 1.016 Loading class sun/util/resources/cldr/TimeZoneNames
Event: 1.016 Loading class sun/util/resources/TimeZoneNamesBundle
Event: 1.016 Loading class sun/util/resources/OpenListResourceBundle
Event: 1.016 Loading class sun/util/resources/OpenListResourceBundle done
Event: 1.016 Loading class sun/util/resources/TimeZoneNamesBundle done
Event: 1.016 Loading class sun/util/resources/cldr/TimeZoneNames done
Event: 1.016 Loading class sun/util/resources/cldr/TimeZoneNames_en
Event: 1.017 Loading class sun/util/resources/cldr/TimeZoneNames_en done
Event: 1.017 Loading class sun/util/resources/cldr/TimeZoneNames_en_US
Event: 1.017 Loading class sun/util/resources/cldr/TimeZoneNames_en_US done
Event: 1.018 Loading class java/util/LinkedHashMap$LinkedKeySet
Event: 1.018 Loading class java/util/LinkedHashMap$LinkedKeySet done
Event: 8.424 Loading class jdk/internal/misc/Signal$1
Event: 8.425 Loading class jdk/internal/misc/Signal$1 done

Classes unloaded (0 events):
No events

Classes redefined (0 events):
No events

Internal exceptions (20 events):
Event: 0.230 Thread 0x000001b430787500 Exception <a 'java/lang/NoSuchMethodError'{0x00000007135378a8}: 'int java.lang.invoke.DirectMethodHandle$Holder.invokeStaticInit(java.lang.Object, java.lang.Object, int, long)'> (0x00000007135378a8) 
thrown [s\open\src\hotspot\share\interpreter\linkResolver.cpp, line 773]
Event: 0.231 Thread 0x000001b430787500 Exception <a 'java/lang/NoSuchMethodError'{0x000000071353cee0}: 'java.lang.Object java.lang.invoke.DirectMethodHandle$Holder.newInvokeSpecial(java.lang.Object, java.lang.Object, int)'> (0x000000071353cee0) 
thrown [s\open\src\hotspot\share\interpreter\linkResolver.cpp, line 773]
Event: 0.233 Thread 0x000001b430787500 Exception <a 'java/lang/NoSuchMethodError'{0x000000071354dce8}: 'int java.lang.invoke.DirectMethodHandle$Holder.invokeStaticInit(java.lang.Object, java.lang.Object, long, long)'> (0x000000071354dce8) 
thrown [s\open\src\hotspot\share\interpreter\linkResolver.cpp, line 773]
Event: 0.233 Thread 0x000001b430787500 Exception <a 'java/lang/NoSuchMethodError'{0x0000000713553b30}: 'java.lang.Object java.lang.invoke.DirectMethodHandle$Holder.newInvokeSpecial(java.lang.Object, java.lang.Object, long)'> (0x0000000713553b30) 
thrown [s\open\src\hotspot\share\interpreter\linkResolver.cpp, line 773]
Event: 0.234 Thread 0x000001b430787500 Exception <a 'java/lang/NoSuchMethodError'{0x00000007135578e8}: 'java.lang.Object java.lang.invoke.Invokers$Holder.linkToTargetMethod(java.lang.Object, long, java.lang.Object)'> (0x00000007135578e8) 
thrown [s\open\src\hotspot\share\interpreter\linkResolver.cpp, line 773]
Event: 0.234 Thread 0x000001b430787500 Exception <a 'java/lang/NoSuchMethodError'{0x000000071355e920}: 'int java.lang.invoke.DirectMethodHandle$Holder.invokeStaticInit(java.lang.Object, java.lang.Object, java.lang.Object, long)'> (0x000000071355e920) 
thrown [s\open\src\hotspot\share\interpreter\linkResolver.cpp, line 773]
Event: 0.253 Thread 0x000001b430787500 Exception <a 'sun/nio/fs/WindowsException'{0x0000000713234ee8}> (0x0000000713234ee8) 
thrown [s\open\src\hotspot\share\prims\jni.cpp, line 519]
Event: 0.253 Thread 0x000001b430787500 Exception <a 'sun/nio/fs/WindowsException'{0x0000000713235278}> (0x0000000713235278) 
thrown [s\open\src\hotspot\share\prims\jni.cpp, line 519]
Event: 0.262 Thread 0x000001b430787500 Exception <a 'java/lang/NoSuchMethodError'{0x000000071325a648}: 'int java.lang.invoke.Invokers$Holder.invokeExact_MT(java.lang.Object, java.lang.Object)'> (0x000000071325a648) 
thrown [s\open\src\hotspot\share\interpreter\linkResolver.cpp, line 773]
Event: 0.392 Thread 0x000001b430787500 Exception <a 'java/lang/NoSuchMethodError'{0x00000007132d6da8}: 'void java.lang.System.load(java.lang.String, java.lang.Class)'> (0x00000007132d6da8) 
thrown [s\open\src\hotspot\share\interpreter\linkResolver.cpp, line 773]
Event: 0.393 Thread 0x000001b430787500 Exception <a 'java/lang/NoSuchMethodError'{0x00000007132d9b90}: 'void java.lang.System.loadLibrary(java.lang.String, java.lang.Class)'> (0x00000007132d9b90) 
thrown [s\open\src\hotspot\share\interpreter\linkResolver.cpp, line 773]
Event: 0.397 Thread 0x000001b430787500 Exception <a 'sun/nio/fs/WindowsException'{0x00000007132eaba0}> (0x00000007132eaba0) 
thrown [s\open\src\hotspot\share\prims\jni.cpp, line 519]
Event: 0.397 Thread 0x000001b430787500 Exception <a 'sun/nio/fs/WindowsException'{0x00000007132eaf60}> (0x00000007132eaf60) 
thrown [s\open\src\hotspot\share\prims\jni.cpp, line 519]
Event: 0.404 Thread 0x000001b430787500 Exception <a 'sun/nio/fs/WindowsException'{0x00000007132fbc88}> (0x00000007132fbc88) 
thrown [s\open\src\hotspot\share\prims\jni.cpp, line 519]
Event: 0.404 Thread 0x000001b430787500 Exception <a 'sun/nio/fs/WindowsException'{0x00000007132fbf88}> (0x00000007132fbf88) 
thrown [s\open\src\hotspot\share\prims\jni.cpp, line 519]
Event: 0.483 Thread 0x000001b430787500 Exception <a 'java/lang/NoSuchMethodError'{0x00000007130f89b0}: 'void java.lang.invoke.Invokers$Holder.invokeExact_MT(java.lang.Object, java.lang.Object, java.lang.Object, java.lang.Object)'> (0x00000007130f89b0) 
thrown [s\open\src\hotspot\share\interpreter\linkResolver.cpp, line 773]
Event: 0.573 Thread 0x000001b430787500 Exception <a 'java/lang/NoSuchMethodError'{0x0000000712a32ec0}: 'void java.lang.invoke.DirectMethodHandle$Holder.invokeStatic(java.lang.Object, java.lang.Object, double)'> (0x0000000712a32ec0) 
thrown [s\open\src\hotspot\share\interpreter\linkResolver.cpp, line 773]
Event: 0.586 Thread 0x000001b430787500 Exception <a 'java/lang/NoSuchMethodError'{0x0000000712a6c9f0}: 'java.lang.Object java.lang.invoke.DirectMethodHandle$Holder.newInvokeSpecial(java.lang.Object, java.lang.Object, int, int)'> (0x0000000712a6c9f0) 
thrown [s\open\src\hotspot\share\interpreter\linkResolver.cpp, line 773]
Event: 0.589 Thread 0x000001b430787500 Exception <a 'java/lang/NoSuchMethodError'{0x0000000712adde10}: 'java.lang.Object java.lang.invoke.DirectMethodHandle$Holder.invokeSpecial(java.lang.Object, java.lang.Object, double, double)'> (0x0000000712adde10) 
thrown [s\open\src\hotspot\share\interpreter\linkResolver.cpp, line 773]
Event: 1.019 Thread 0x000001b44fc81be0 Exception <a 'java/lang/NoSuchMethodError'{0x00000007131d1c48}: 'java.lang.Object java.lang.invoke.Invokers$Holder.invokeExact_MT(java.lang.Object, java.lang.Object, java.lang.Object, java.lang.Object, java.lang.Object, java.lang.Object)'> (0x00000007131d1c48) 
thrown [s\open\src\hotspot\share\interpreter\linkResolver.cpp, line 773]

VM Operations (20 events):
Event: 0.160 Executing VM operation: HandshakeAllThreads done
Event: 0.172 Executing VM operation: HandshakeAllThreads
Event: 0.172 Executing VM operation: HandshakeAllThreads done
Event: 0.197 Executing VM operation: HandshakeAllThreads
Event: 0.197 Executing VM operation: HandshakeAllThreads done
Event: 0.214 Executing VM operation: HandshakeAllThreads
Event: 0.214 Executing VM operation: HandshakeAllThreads done
Event: 0.219 Executing VM operation: HandshakeAllThreads
Event: 0.219 Executing VM operation: HandshakeAllThreads done
Event: 0.599 Executing VM operation: HandshakeAllThreads
Event: 0.599 Executing VM operation: HandshakeAllThreads done
Event: 0.741 Executing VM operation: G1CollectForAllocation
Event: 0.744 Executing VM operation: G1CollectForAllocation done
Event: 1.445 Executing VM operation: G1CollectForAllocation
Event: 1.447 Executing VM operation: G1CollectForAllocation done
Event: 2.452 Executing VM operation: Cleanup
Event: 2.452 Executing VM operation: Cleanup done
Event: 4.829 Executing VM operation: G1CollectForAllocation
Event: 4.831 Executing VM operation: G1CollectForAllocation done
Event: 8.425 Executing VM operation: Exit

Events (19 events):
Event: 0.023 Thread 0x000001b430787500 Thread added: 0x000001b430787500
Event: 0.036 Thread 0x000001b44fc7ade0 Thread added: 0x000001b44fc7ade0
Event: 0.036 Thread 0x000001b44fc7be70 Thread added: 0x000001b44fc7be70
Event: 0.036 Thread 0x000001b44fc801a0 Thread added: 0x000001b44fc801a0
Event: 0.037 Thread 0x000001b44fc81be0 Thread added: 0x000001b44fc81be0
Event: 0.037 Thread 0x000001b44fc827b0 Thread added: 0x000001b44fc827b0
Event: 0.037 Thread 0x000001b44fc86580 Thread added: 0x000001b44fc86580
Event: 0.037 Thread 0x000001b44fc8aa40 Thread added: 0x000001b44fc8aa40
Event: 0.037 Thread 0x000001b44fc8b560 Thread added: 0x000001b44fc8b560
Event: 0.083 Thread 0x000001b4540da8b0 Thread added: 0x000001b4540da8b0
Event: 0.095 Thread 0x000001b45411d070 Thread added: 0x000001b45411d070
Event: 0.158 Thread 0x000001b454384110 Thread added: 0x000001b454384110
Event: 0.158 Thread 0x000001b45438ecc0 Thread added: 0x000001b45438ecc0
Event: 0.390 Thread 0x000001b45411d070 Thread exited: 0x000001b45411d070
Event: 0.424 Thread 0x000001b4546a2ae0 Thread added: 0x000001b4546a2ae0
Event: 0.953 Thread 0x000001b4546a2ae0 Thread exited: 0x000001b4546a2ae0
Event: 1.081 Thread 0x000001b45bc873d0 Thread added: 0x000001b45bc873d0
Event: 1.592 Thread 0x000001b45bc873d0 Thread exited: 0x000001b45bc873d0
Event: 8.425 Thread 0x000001b45baf60f0 Thread added: 0x000001b45baf60f0


Dynamic libraries:
0x00007ff606a30000 - 0x00007ff606a3e000 	C:\Users\4473331\.jdks\openjdk-20.0.1\bin\java.exe
0x00007ffc98d50000 - 0x00007ffc98f48000 	C:\WINDOWS\SYSTEM32\ntdll.dll
0x00007ffc96de0000 - 0x00007ffc96ea2000 	C:\WINDOWS\System32\KERNEL32.DLL
0x00007ffc96620000 - 0x00007ffc9691e000 	C:\WINDOWS\System32\KERNELBASE.dll
0x00007ffc96060000 - 0x00007ffc96180000 	C:\Windows\system32\hmpalert.dll
0x00007ffc96a50000 - 0x00007ffc96b50000 	C:\WINDOWS\System32\ucrtbase.dll
0x00007ffc8cea0000 - 0x00007ffc8cebb000 	C:\Users\4473331\.jdks\openjdk-20.0.1\bin\VCRUNTIME140.dll
0x00007ffc8cec0000 - 0x00007ffc8ced7000 	C:\Users\4473331\.jdks\openjdk-20.0.1\bin\jli.dll
0x00007ffc98250000 - 0x00007ffc983ed000 	C:\WINDOWS\System32\USER32.dll
0x00007ffc965f0000 - 0x00007ffc96612000 	C:\WINDOWS\System32\win32u.dll
0x00007ffc98910000 - 0x00007ffc9893b000 	C:\WINDOWS\System32\GDI32.dll
0x00007ffc96c50000 - 0x00007ffc96d67000 	C:\WINDOWS\System32\gdi32full.dll
0x00007ffc963f0000 - 0x00007ffc9648d000 	C:\WINDOWS\System32\msvcp_win.dll
0x00007ffc80a60000 - 0x00007ffc80cfa000 	C:\WINDOWS\WinSxS\amd64_microsoft.windows.common-controls_6595b64144ccf1df_6.0.19041.4355_none_60b8b9eb71f62e16\COMCTL32.dll
0x00007ffc98870000 - 0x00007ffc9890e000 	C:\WINDOWS\System32\msvcrt.dll
0x00007ffc98ce0000 - 0x00007ffc98d0f000 	C:\WINDOWS\System32\IMM32.DLL
0x00007ffc8d070000 - 0x00007ffc8d07c000 	C:\Users\4473331\.jdks\openjdk-20.0.1\bin\vcruntime140_1.dll
0x00007ffc53ab0000 - 0x00007ffc53b3e000 	C:\Users\4473331\.jdks\openjdk-20.0.1\bin\msvcp140.dll
0x00007ffba63c0000 - 0x00007ffba7057000 	C:\Users\4473331\.jdks\openjdk-20.0.1\bin\server\jvm.dll
0x00007ffc97b80000 - 0x00007ffc97c31000 	C:\WINDOWS\System32\ADVAPI32.dll
0x00007ffc979b0000 - 0x00007ffc97a4f000 	C:\WINDOWS\System32\sechost.dll
0x00007ffc97a50000 - 0x00007ffc97b73000 	C:\WINDOWS\System32\RPCRT4.dll
0x00007ffc969d0000 - 0x00007ffc969f7000 	C:\WINDOWS\System32\bcrypt.dll
0x00007ffc7ffd0000 - 0x00007ffc7ffd9000 	C:\WINDOWS\SYSTEM32\WSOCK32.dll
0x00007ffc98420000 - 0x00007ffc9848b000 	C:\WINDOWS\System32\WS2_32.dll
0x00007ffc7ffe0000 - 0x00007ffc80007000 	C:\WINDOWS\SYSTEM32\WINMM.dll
0x00007ffc94f80000 - 0x00007ffc94f8a000 	C:\WINDOWS\SYSTEM32\VERSION.dll
0x00007ffc94ee0000 - 0x00007ffc94ef2000 	C:\WINDOWS\SYSTEM32\kernel.appcore.dll
0x00007ffc8ce90000 - 0x00007ffc8ce9a000 	C:\Users\4473331\.jdks\openjdk-20.0.1\bin\jimage.dll
0x00007ffc8bae0000 - 0x00007ffc8bcc4000 	C:\WINDOWS\SYSTEM32\DBGHELP.DLL
0x00007ffc8b950000 - 0x00007ffc8b984000 	C:\WINDOWS\SYSTEM32\dbgcore.DLL
0x00007ffc96bc0000 - 0x00007ffc96c42000 	C:\WINDOWS\System32\bcryptPrimitives.dll
0x00007ffc8c9a0000 - 0x00007ffc8c9ae000 	C:\Users\4473331\.jdks\openjdk-20.0.1\bin\instrument.dll
0x00007ffc8ce60000 - 0x00007ffc8ce86000 	C:\Users\4473331\.jdks\openjdk-20.0.1\bin\java.dll
0x00007ffc003b0000 - 0x00007ffc00487000 	C:\Users\4473331\.jdks\openjdk-20.0.1\bin\jsvml.dll
0x00007ffc97240000 - 0x00007ffc979ad000 	C:\WINDOWS\System32\SHELL32.dll
0x00007ffc93dc0000 - 0x00007ffc94564000 	C:\WINDOWS\SYSTEM32\windows.storage.dll
0x00007ffc98490000 - 0x00007ffc987e3000 	C:\WINDOWS\System32\combase.dll
0x00007ffc95b50000 - 0x00007ffc95b7e000 	C:\WINDOWS\SYSTEM32\Wldp.dll
0x00007ffc96eb0000 - 0x00007ffc96f7d000 	C:\WINDOWS\System32\OLEAUT32.dll
0x00007ffc97130000 - 0x00007ffc971dd000 	C:\WINDOWS\System32\SHCORE.dll
0x00007ffc97c40000 - 0x00007ffc97c95000 	C:\WINDOWS\System32\shlwapi.dll
0x00007ffc96320000 - 0x00007ffc96344000 	C:\WINDOWS\SYSTEM32\profapi.dll
0x00007ffc782d0000 - 0x00007ffc782e8000 	C:\Users\4473331\.jdks\openjdk-20.0.1\bin\zip.dll
0x00007ffc820c0000 - 0x00007ffc820d3000 	C:\Users\4473331\.jdks\openjdk-20.0.1\bin\net.dll
0x00007ffc927d0000 - 0x00007ffc928dd000 	C:\WINDOWS\SYSTEM32\WINHTTP.dll
0x00007ffc95930000 - 0x00007ffc9599a000 	C:\WINDOWS\system32\mswsock.dll
0x00007ffc7b140000 - 0x00007ffc7b156000 	C:\Users\4473331\.jdks\openjdk-20.0.1\bin\nio.dll
0x00007ffc68ea0000 - 0x00007ffc68eba000 	C:\Program Files\JetBrains\IntelliJ IDEA Community Edition 2023.1.2\bin\breakgen64.dll
0x00007ffc820b0000 - 0x00007ffc820b7000 	C:\Users\4473331\.jdks\openjdk-20.0.1\bin\extnet.dll
0x00007ffbf9bd0000 - 0x00007ffbf9c4a000 	C:\Users\4473331\AppData\Local\Temp\1\lwjgl_4473331\3.3.2+13\x64\lwjgl.dll
0x00007ffbef920000 - 0x00007ffbef9a2000 	C:\Users\4473331\AppData\Local\Temp\1\lwjgl_4473331\3.3.2+13\x64\glfw.dll
0x00007ffc49070000 - 0x00007ffc490b5000 	C:\WINDOWS\SYSTEM32\dinput8.dll
0x00007ffc68c70000 - 0x00007ffc68c81000 	C:\WINDOWS\SYSTEM32\xinput1_4.dll
0x00007ffc96a00000 - 0x00007ffc96a4e000 	C:\WINDOWS\System32\cfgmgr32.dll
0x00007ffc96180000 - 0x00007ffc961b3000 	C:\WINDOWS\SYSTEM32\DEVOBJ.dll
0x00007ffc938c0000 - 0x00007ffc938ef000 	C:\WINDOWS\SYSTEM32\dwmapi.dll
0x00007ffc88080000 - 0x00007ffc881d2000 	C:\WINDOWS\SYSTEM32\inputhost.dll
0x00007ffc917b0000 - 0x00007ffc91907000 	C:\WINDOWS\SYSTEM32\wintypes.dll
0x00007ffc90d40000 - 0x00007ffc90e32000 	C:\WINDOWS\SYSTEM32\CoreMessaging.dll
0x00007ffc8fd80000 - 0x00007ffc900db000 	C:\WINDOWS\SYSTEM32\CoreUIComponents.dll
0x00007ffc92d40000 - 0x00007ffc92e36000 	C:\WINDOWS\SYSTEM32\PROPSYS.dll
0x00007ffc954c0000 - 0x00007ffc954f3000 	C:\WINDOWS\SYSTEM32\ntmarta.dll
0x00007ffc936d0000 - 0x00007ffc9376e000 	C:\WINDOWS\system32\uxtheme.dll
0x00007ffc97010000 - 0x00007ffc97125000 	C:\WINDOWS\System32\MSCTF.dll
0x00007ffc574e0000 - 0x00007ffc57608000 	C:\WINDOWS\SYSTEM32\opengl32.dll
0x00007ffc57470000 - 0x00007ffc5749c000 	C:\WINDOWS\SYSTEM32\GLU32.dll
0x00007ffc98a80000 - 0x00007ffc98b29000 	C:\WINDOWS\System32\clbcatq.dll
0x00007ffb9b190000 - 0x00007ffb9c112000 	C:\WINDOWS\System32\DriverStore\FileRepository\iigd_dch.inf_amd64_47794f8eae14cddd\ig12icd64.dll
0x00007ffc97ca0000 - 0x00007ffc97dcb000 	C:\WINDOWS\System32\ole32.dll
0x00007ffc946b0000 - 0x00007ffc947a6000 	C:\WINDOWS\system32\dxgi.dll
0x00007ffc85190000 - 0x00007ffc853e7000 	C:\WINDOWS\System32\DriverStore\FileRepository\iigd_dch.inf_amd64_47794f8eae14cddd\igdgmm64.dll
0x00007ffc82550000 - 0x00007ffc85169000 	C:\WINDOWS\System32\DriverStore\FileRepository\iigd_dch.inf_amd64_47794f8eae14cddd\igc64.dll
0x00007ffc96010000 - 0x00007ffc9605b000 	C:\WINDOWS\SYSTEM32\powrprof.dll
0x00007ffc95e40000 - 0x00007ffc95e52000 	C:\WINDOWS\SYSTEM32\UMPDC.dll
0x00007ffba3d40000 - 0x00007ffba414b000 	C:\WINDOWS\System32\DriverStore\FileRepository\iigd_dch.inf_amd64_47794f8eae14cddd\igdml64.dll
0x00007ffc881e0000 - 0x00007ffc882d9000 	C:\WINDOWS\SYSTEM32\textinputframework.dll
0x00007ffc48cc0000 - 0x00007ffc48d1e000 	C:\Users\4473331\AppData\Local\Temp\1\lwjgl_4473331\3.3.2+13\x64\lwjgl_opengl.dll

dbghelp: loaded successfully - version: 4.0.5 - missing functions: none
symbol engine: initialized successfully - sym options: 0x614 - pdb path: .;C:\Users\4473331\.jdks\openjdk-20.0.1\bin;C:\WINDOWS\SYSTEM32;C:\WINDOWS\WinSxS\amd64_microsoft.windows.common-controls_6595b64144ccf1df_6.0.19041.4355_none_60b8b9eb71f62e16;C:\Users\4473331\.jdks\openjdk-20.0.1\bin\server;C:\Program Files\JetBrains\IntelliJ IDEA Community Edition 2023.1.2\bin;C:\Users\4473331\AppData\Local\Temp\1\lwjgl_4473331\3.3.2+13\x64;C:\WINDOWS\System32\DriverStore\FileRepository\iigd_dch.inf_amd64_47794f8eae14cddd

VM Arguments:
jvm_args: -javaagent:C:\Program Files\JetBrains\IntelliJ IDEA Community Edition 2023.1.2\lib\idea_rt.jar=57302:C:\Program Files\JetBrains\IntelliJ IDEA Community Edition 2023.1.2\bin -Dfile.encoding=UTF-8 -Dsun.stdout.encoding=UTF-8 -Dsun.stderr.encoding=UTF-8 
java_command: metastasis.metastasis
java_class_path (initial): C:\Users\4473331\Documents\projects\000_grants\wgd_abm\out\production\wgd_abm;C:\Users\4473331\Documents\projects\000_grants\wgd_abm\HAL\lib\lwjgl-assimp-natives-macos-arm64.jar;C:\Users\4473331\Documents\projects\000_grants\wgd_abm\HAL\lib\lwjgl-opengl-natives-linux-arm32.jar;C:\Users\4473331\Documents\projects\000_grants\wgd_abm\HAL\lib\lwjgl-openal-natives-linux-arm64.jar;C:\Users\4473331\Documents\projects\000_grants\wgd_abm\HAL\lib\lwjgl-natives-linux.jar;C:\Users\4473331\Documents\projects\000_grants\wgd_abm\HAL\lib\lwjgl-opengl-natives-macos.jar;C:\Users\4473331\Documents\projects\000_grants\wgd_abm\HAL\lib\lwjgl-natives-windows.jar;C:\Users\4473331\Documents\projects\000_grants\wgd_abm\HAL\lib\lwjgl-assimp-javadoc.jar;C:\Users\4473331\Documents\projects\000_grants\wgd_abm\HAL\lib\lwjgl-opengl-natives-windows-arm64.jar;C:\Users\4473331\Documents\projects\000_grants\wgd_abm\HAL\lib\lwjgl-glfw-natives-windows-arm64.jar;C:\Users\4473331\Documents\projects\000_grants\wgd_abm\HAL\lib\lwjgl-opengl-javadoc.jar;C:\Users\4473331\Documents\projects\000_grants\wgd_abm\HAL\lib\lwjgl-stb-natives-macos.jar;C:\Users\4473331\Documents\projects\000_grants\wgd_abm\HAL\lib\lwjgl-stb-natives-windows-arm64.jar;C:\Users\4473331\Documents\projects\000_grants\wgd_abm\HAL\lib\lwjgl-natives-linux-arm32.jar;C:\Users\4473331\Documents\projects\000_grants\wgd_abm\HAL\lib\lwjgl-opengl-natives-windows-x86.jar;C:\Users\4473331\Documents\projects\000_grants\wgd_abm\HAL\lib\lwjgl-glfw-natives-macos.jar;C:\Users\4473331\Documents\projects\000_grants\wgd_abm\HAL\lib\lwjgl-openal-javadoc.jar;C:\Users\4473331\Documents\projects\000_grants\wgd_abm\HAL\lib\lwjgl-stb-sources.jar;C:\Users\4473331\Documents\projects\000_grants\wgd_abm\HAL\lib\lwjgl-glfw-natives-windows-x86.jar;C:\Users\4473331\Documents\projects\000_grants\wgd_abm\HAL\lib\lwjgl-glfw-javadoc.jar;C:\Users\4473331\Documents\projects\000_grants\wgd_abm\HAL\lib\lwjgl-javadoc.jar;C:\Users\4473331\Documents\projects\000_grants\wgd_abm\HAL\lib\lwjgl-sources.jar;C:\Users\4473331\Documents\projects\000_grants\wgd_abm\HAL\lib\lwjgl-openal-natives-linux-arm32.jar;C:\Users\4473331\Documents\projects\000_grants\wgd_abm\HAL\lib\lwjgl-openal-natives-macos-arm64.jar;C:\Users\4473331\Documents\projects\000_grants\wgd_abm\HAL\lib\lwjgl-assimp-natives-windows.jar;C:\Users\4473331\Documents\projects\000_grants\wgd_abm\HAL\lib\lwjgl-openal-natives-windows-x86.jar;C:\Users\4473331\Documents\projects\000_grants\wgd_abm\HAL\lib\lwjgl-stb-natives-linux.jar;C:\Users\4473331\Documents\projects\000_grants\wgd_abm\HAL\lib\lwjgl-natives-macos.jar;C:\Users\4473331\Documents\projects\000_grants\wgd_abm\HAL\lib\lwjgl-glfw-natives-linux.jar;C:\Users\4473331\Documents\projects\000_grants\wgd_abm\HAL\lib\lwjgl-stb-natives-macos-arm64.jar;C:\Users\4473331\Documents\projects\000_grants\wgd_abm\HAL\lib\lwjgl-openal-natives-windows-arm64.jar;C:\Users\4473331\Documents\projects\000_grants\wgd_abm\HAL\lib\lwjgl-opengl-natives-linux.jar;C:\Users\4473331\Documents\projects\000_grants\wgd_abm\HAL\lib\lwjgl-openal-natives-linux.jar;C:\Users\4473331\Documents\projects\000_grants\wgd_abm\HAL\lib\lwjgl-assimp-natives-linux-arm64.jar;C:\Users\4473331\Documents\projects\000_grants\wgd_abm\HAL\lib\lwjgl-stb-natives-linux-arm32.jar;C:\Users\4473331\Documents\projects\000_grants\wgd_abm\HAL\lib\lwjgl-glfw-natives-macos-arm64.jar;C:\Users\4473331\Documents\projects\000_grants\wgd_abm\HAL\lib\lwjgl-assimp-natives-windows-x86.jar;C:\Users\4473331\Documents\projects\000_grants\wgd_abm\HAL\lib\lwjgl-opengl-natives-windows.jar;C:\Users\4473331\Documents\projects\000_grants\wgd_abm\HAL\lib\lwjgl-glfw.jar;C:\Users\4473331\Documents\projects\000_grants\wgd_abm\HAL\lib\lwjgl-opengl-sources.jar;C:\Users\4473331\Documents\projects\000_grants\wgd_abm\HAL\lib\lwjgl-natives-windows-arm64.jar;C:\Users\4473331\Documents\projects\000_grants\wgd_abm\HAL\lib\lwjgl-openal-sources.jar;C:\Users\4473331\Documents\projects\000_grants\wgd_abm\HAL\lib\lwjgl-stb-natives-linux-arm64.jar;C:\Users\4473331\Documents\projects\000_grants\wgd_abm\HAL\lib\lwjgl-assimp-natives-linux-arm32.jar;C:\Users\4473331\Documents\projects\000_grants\wgd_abm\HAL\lib\lwjgl-glfw-sources.jar;C:\Users\4473331\Documents\projects\000_grants\wgd_abm\HAL\lib\lwjgl-openal-natives-windows.jar;C:\Users\4473331\Documents\projects\000_grants\wgd_abm\HAL\lib\lwjgl-natives-macos-arm64.jar;C:\Users\4473331\Documents\projects\000_grants\wgd_abm\HAL\lib\lwjgl-glfw-natives-windows.jar;C:\Users\4473331\Documents\projects\000_grants\wgd_abm\HAL\lib\lwjgl-stb-javadoc.jar;C:\Users\4473331\Documents\projects\000_grants\wgd_abm\HAL\lib\lwjgl-glfw-natives-linux-arm64.jar;C:\Users\4473331\Documents\projects\000_grants\wgd_abm\HAL\lib\lwjgl-assimp-natives-macos.jar;C:\Users\4473331\Documents\projects\000_grants\wgd_abm\HAL\lib\lwjgl.jar;C:\Users\4473331\Documents\projects\000_grants\wgd_abm\HAL\lib\lwjgl-opengl-natives-linux-arm64.jar;C:\Users\4473331\Documents\projects\000_grants\wgd_abm\HAL\lib\lwjgl-assimp.jar;C:\Users\4473331\Documents\projects\000_grants\wgd_abm\HAL\lib\lwjgl-stb-natives-windows-x86.jar;C:\Users\4473331\Documents\projects\000_grants\wgd_abm\HAL\lib\lwjgl-natives-windows-x86.jar;C:\Users\4473331\Documents\projects\000_grants\wgd_abm\HAL\lib\lwjgl-stb-natives-windows.jar;C:\Users\4473331\Documents\projects\000_grants\wgd_abm\HAL\lib\lwjgl-natives-linux-arm64.jar;C:\Users\4473331\Documents\projects\000_grants\wgd_abm\HAL\lib\lwjgl-openal-natives-macos.jar;C:\Users\4473331\Documents\projects\000_grants\wgd_abm\HAL\lib\lwjgl-openal.jar;C:\Users\4473331\Documents\projects\000_grants\wgd_abm\HAL\lib\lwjgl-assimp-natives-linux.jar;C:\Users\4473331\Documents\projects\000_grants\wgd_abm\HAL\lib\lwjgl-assimp-natives-windows-arm64.jar;C:\Users\4473331\Documents\projects\000_grants\wgd_abm\HAL\lib\lwjgl-assimp-sources.jar;C:\Users\4473331\Documents\projects\000_grants\wgd_abm\HAL\lib\lwjgl-glfw-natives-linux-arm32.jar;C:\Users\4473331\Documents\projects\000_grants\wgd_abm\HAL\lib\lwjgl-opengl-natives-macos-arm64.jar;C:\Users\4473331\Documents\projects\000_grants\wgd_abm\HAL\lib\lwjgl-opengl.jar;C:\Users\4473331\Documents\projects\000_grants\wgd_abm\HAL\lib\lwjgl-stb.jar
Launcher Type: SUN_STANDARD

[Global flags]
     intx CICompilerCount                          = 4                                         {product} {ergonomic}
     uint ConcGCThreads                            = 2                                         {product} {ergonomic}
     uint G1ConcRefinementThreads                  = 8                                         {product} {ergonomic}
   size_t G1HeapRegionSize                         = 2097152                                   {product} {ergonomic}
    uintx GCDrainStackTargetSize                   = 64                                        {product} {ergonomic}
   size_t InitialHeapSize                          = 266338304                                 {product} {ergonomic}
   size_t MarkStackSize                            = 4194304                                   {product} {ergonomic}
   size_t MaxHeapSize                              = 4229955584                                {product} {ergonomic}
   size_t MaxNewSize                               = 2537553920                                {product} {ergonomic}
   size_t MinHeapDeltaBytes                        = 2097152                                   {product} {ergonomic}
   size_t MinHeapSize                              = 8388608                                   {product} {ergonomic}
    uintx NonNMethodCodeHeapSize                   = 5839372                                {pd product} {ergonomic}
    uintx NonProfiledCodeHeapSize                  = 122909434                              {pd product} {ergonomic}
    uintx ProfiledCodeHeapSize                     = 122909434                              {pd product} {ergonomic}
    uintx ReservedCodeCacheSize                    = 251658240                              {pd product} {ergonomic}
     bool SegmentedCodeCache                       = true                                      {product} {ergonomic}
   size_t SoftMaxHeapSize                          = 4229955584                             {manageable} {ergonomic}
     bool UseCompressedClassPointers               = true                           {product lp64_product} {ergonomic}
     bool UseCompressedOops                        = true                           {product lp64_product} {ergonomic}
     bool UseG1GC                                  = true                                      {product} {ergonomic}
     bool UseLargePagesIndividualAllocation        = false                                  {pd product} {ergonomic}

Logging:
Log output configuration:
 #0: stdout all=off uptime,level,tags foldmultilines=false
 #1: stderr all=off uptime,level,tags foldmultilines=false

Environment Variables:
PATH=C:\Program Files (x86)\Common Files\Oracle\Java\java8path;C:\Program Files (x86)\Common Files\Oracle\Java\javapath;C:\WINDOWS\system32;C:\WINDOWS;C:\WINDOWS\System32\Wbem;C:\WINDOWS\System32\WindowsPowerShell\v1.0\;C:\WINDOWS\System32\OpenSSH\;C:\Program Files\Moffitt\Bgupdate;C:\Windows\CCM;C:\Program Files\MATLAB\R2022a\bin;;C:\Program Files\dotnet\;C:\Program Files\Amazon\AWSCLIV2\;C:\Program Files\Scripts;C:\Program Files;C:\Users\4473331\AppData\Local\Microsoft\WindowsApps;C:\Users\4473331\AppData\Local\Programs\Julia-1.6.2\bin;C:\Users\4473331\AppData\Local\Programs\Microsoft VS Code\bin;C:\Users\4473331\AppData\Local\Programs\Git\cmd;C:\Program Files\R\R-4.4.1\bin;C:\rtools40\mingw64\bin;C:\Users\4473331\AppData\Roaming\TinyTeX\bin\win32;C:\Gradle\gradle-4.2.1\bin;C:\Users\4473331\AppData\Roaming\Python\Python311\Scripts;C:\Program Files\JetBrains\PyCharm Community Edition 2023.1.2\bin;;C:\Users\4473331\AppData\Roaming\TinyTeX\bin\windows;C:\Program Files\OpenSSL-Win64\bin;
USERNAME=4473331
OS=Windows_NT
PROCESSOR_IDENTIFIER=Intel64 Family 6 Model 140 Stepping 1, GenuineIntel
TMP=C:\Users\4473331\AppData\Local\Temp\1
TEMP=C:\Users\4473331\AppData\Local\Temp\1




---------------  S Y S T E M  ---------------

OS:
 Windows 10 , 64 bit Build 19041 (10.0.19041.5072)
OS uptime: 1 days 1:14 hours
Hyper-V role detected

CPU: total 8 (initial active 8) (4 cores per cpu, 2 threads per core) family 6 model 140 stepping 1 microcode 0x6e, cx8, cmov, fxsr, ht, mmx, 3dnowpref, sse, sse2, sse3, ssse3, sse4.1, sse4.2, popcnt, lzcnt, tsc, tscinvbit, avx, avx2, aes, erms, clmul, bmi1, bmi2, adx, avx512f, avx512dq, avx512cd, avx512bw, avx512vl, sha, fma, vzeroupper, avx512_vpopcntdq, avx512_vpclmulqdq, avx512_vaes, avx512_vnni, clflush, clflushopt, clwb, avx512_vbmi2, avx512_vbmi, hv, rdtscp, rdpid, fsrm, gfni, avx512_bitalg, f16c, cet_ibt, cet_ss, avx512_ifma

Memory: 4k page, system-wide physical 16129M (3112M free)
TotalPageFile size 25345M (AvailPageFile size 5781M)
current process WorkingSet (physical memory assigned to process): 357M, peak: 366M
current process commit charge ("private bytes"): 438M, peak: 451M

vm_info: OpenJDK 64-Bit Server VM (20.0.1+9-29) for windows-amd64 JRE (20.0.1+9-29), built on 2023-03-07T13:56:11Z by "mach5one" with MS VC++ 17.1 (VS2022)

END.
