#
# A fatal error has been detected by the Java Runtime Environment:
#
#  EXCEPTION_ACCESS_VIOLATION (0xc0000005) at pc=0x00007ff9d9e8fdb5, pid=17680, tid=32316
#
# JRE version: OpenJDK Runtime Environment (20.0.1+9) (build 20.0.1+9-29)
# Java VM: OpenJDK 64-Bit Server VM (20.0.1+9-29, mixed mode, sharing, tiered, compressed oops, compressed class ptrs, g1 gc, windows-amd64)
# Problematic frame:
# C  [ig12icd64.dll+0x2afdb5]
#
# No core dump will be written. Minidumps are not enabled by default on client versions of Windows
#
# If you would like to submit a bug report, please visit:
#   https://bugreport.java.com/bugreport/crash.jsp
#

---------------  S U M M A R Y ------------

Command Line: -javaagent:C:\Program Files\JetBrains\IntelliJ IDEA Community Edition 2023.1.2\lib\idea_rt.jar=50130:C:\Program Files\JetBrains\IntelliJ IDEA Community Edition 2023.1.2\bin -Dfile.encoding=UTF-8 -Dsun.stdout.encoding=UTF-8 -Dsun.stderr.encoding=UTF-8 metastasis.metastasis

Host: 11th Gen Intel(R) Core(TM) i7-1165G7 @ 2.80GHz, 8 cores, 15G,  Windows 10 , 64 bit Build 19041 (10.0.19041.5072)
Time: Fri Dec  6 16:56:00 2024 Eastern Standard Time elapsed time: 11.368501 seconds (0d 0h 0m 11s)

---------------  T H R E A D  ---------------

Current thread (0x000001b76f677830):  VMThread "VM Thread" [stack: 0x000000632df00000,0x000000632e000000] [id=32316]

Stack: [0x000000632df00000,0x000000632e000000],  sp=0x000000632dffe2f0,  free space=1016k
Native frames: (J=compiled Java code, j=interpreted, Vv=VM code, C=native code)
C  [ig12icd64.dll+0x2afdb5]


siginfo: EXCEPTION_ACCESS_VIOLATION (0xc0000005), reading address 0x00000000000353a8


Registers:
RAX=0x000001b77adb6340, RBX=0x000001b77adb6270, RCX=0x0000000000000000, RDX=0x000001b77adb6340
RSP=0x000000632dffe2f0, RBP=0x000000632dffe3f0, RSI=0x0000000000000000, RDI=0x000001b77392bb20
R8 =0x0000000000000000, R9 =0x0000000000000000, R10=0x0000000000000000, R11=0x0000000000000246
R12=0x0000000000000000, R13=0x000001b77adb6270, R14=0x000001b77adb6788, R15=0x000001b77adb8ef0
RIP=0x00007ff9d9e8fdb5, EFLAGS=0x0000000000010202


Register to memory mapping:

RIP=0x00007ff9d9e8fdb5 ig12icd64.dll
RAX=0x000001b77adb6340 points into unknown readable memory: 0x0000000001acf314 | 14 f3 ac 01 00 00 00 00
RBX=0x000001b77adb6270 points into unknown readable memory: 0x000001b773fc9d00 | 00 9d fc 73 b7 01 00 00
RCX=0x0 is NULL
RDX=0x000001b77adb6340 points into unknown readable memory: 0x0000000001acf314 | 14 f3 ac 01 00 00 00 00
RSP=0x000000632dffe2f0 points into unknown readable memory: 0x000001b773f39080 | 80 90 f3 73 b7 01 00 00
RBP=0x000000632dffe3f0 points into unknown readable memory: 0x6661207061000a7d | 7d 0a 00 61 70 20 61 66
RSI=0x0 is NULL
RDI=0x000001b77392bb20 points into unknown readable memory: 0x0000000000000000 | 00 00 00 00 00 00 00 00
R8 =0x0 is NULL
R9 =0x0 is NULL
R10=0x0 is NULL
R11=0x0000000000000246 is an unknown value
R12=0x0 is NULL
R13=0x000001b77adb6270 points into unknown readable memory: 0x000001b773fc9d00 | 00 9d fc 73 b7 01 00 00
R14=0x000001b77adb6788 points into unknown readable memory: 0x000001b77adb8ef0 | f0 8e db 7a b7 01 00 00
R15=0x000001b77adb8ef0 points into unknown readable memory: 0x000001b773fc9d00 | 00 9d fc 73 b7 01 00 00


Top of Stack: (sp=0x000000632dffe2f0)
0x000000632dffe2f0:   000001b773f39080 0000000000000000
0x000000632dffe300:   0000000000000000 0000000000000000
0x000000632dffe310:   000000164d000000 0000000000000000
0x000000632dffe320:   000001b74e1e1ce0 000000632dffec40
0x000000632dffe330:   000001b773f39080 00007ff9db8bcb9f
0x000000632dffe340:   00007ff9dbb7f401 000000632dffe350
0x000000632dffe350:   000000000000003e 0000000000000013
0x000000632dffe360:   207373616c632020 00007ff9db8bcbd7
0x000000632dffe370:   3632206465737520 00007ff9db8be3fc
0x000000632dffe380:   000000632dffec40 0000000000000002
0x000000632dffe390:   000000632dfff378 000001b74dec9810
0x000000632dffe3a0:   000001b74dec9810 00007ff9db8bcc73
0x000000632dffe3b0:   000001b74e1e1ce0 000000632dffec40
0x000000632dffe3c0:   0000000000000000 343032282073726f
0x000000632dffe3d0:   7830002000294b01 000000632dffe3e0
0x000000632dffe3e0:   0000000000000002 0000000000000029
0x000000632dffe3f0:   6661207061000a7d 6920434720726574
0x000000632dffe400:   6f697461636f766e 75662820353d736e
0x000000632dffe410:   000a3a2930206c6c 000001b74ddd0000
0x000000632dffe420:   0000000000000010 0000000000000010
0x000000632dffe430:   00003706618602a8 00007ffa766547b1
0x000000632dffe440:   0000000000000000 0000000000000000
0x000000632dffe450:   0000000000000000 0000000000000000
0x000000632dffe460:   0000000000000000 0000000000000000
0x000000632dffe470:   0000000000000000 0000000000000000
0x000000632dffe480:   0000000000000000 0000000000000000
0x000000632dffe490:   0000000000000000 0000000000000000
0x000000632dffe4a0:   0000000000000000 0000000000000000
0x000000632dffe4b0:   0000000000000000 0000000000000000
0x000000632dffe4c0:   404e000000000000 0000000000000000
0x000000632dffe4d0:   0000000000000000 0000000000000000
0x000000632dffe4e0:   000001b774228198 0000000001ad0c9b 

Instructions: (pc=0x00007ff9d9e8fdb5)
0x00007ff9d9e8fcb5:   48 8b cb ff 15 42 74 7f 00 90 4c 8b bf 80 02 00
0x00007ff9d9e8fcc5:   00 48 8b 05 73 d3 b1 00 8b 80 1c 0a 00 00 89 44
0x00007ff9d9e8fcd5:   24 24 c6 44 24 20 00 48 c7 87 80 02 00 00 00 00
0x00007ff9d9e8fce5:   00 00 c7 87 88 02 00 00 00 00 00 00 48 c7 87 a0
0x00007ff9d9e8fcf5:   02 00 00 00 00 00 00 48 c7 87 90 02 00 00 00 00
0x00007ff9d9e8fd05:   00 00 48 85 f6 75 3d 8b 35 3e 67 c1 00 65 48 8b
0x00007ff9d9e8fd15:   04 25 58 00 00 00 b9 30 00 00 00 48 8b 04 f0 80
0x00007ff9d9e8fd25:   3c 01 00 0f 84 7e 29 6c 00 65 48 8b 04 25 58 00
0x00007ff9d9e8fd35:   00 00 b9 08 00 00 00 48 8b 04 f0 48 8b 34 01 48
0x00007ff9d9e8fd45:   89 74 24 28 48 3b 35 10 8b c1 00 0f 84 37 11 00
0x00007ff9d9e8fd55:   00 4d 85 ff 0f 84 37 01 00 00 90 49 8b df 4d 8b
0x00007ff9d9e8fd65:   ef 4d 8d b7 18 05 00 00 4d 8b 3e 45 84 e4 0f 85
0x00007ff9d9e8fd75:   b4 0f 00 00 8b 8f d0 01 00 00 48 8b 05 ba d2 b1
0x00007ff9d9e8fd85:   00 83 b8 54 03 00 00 02 75 33 48 8d 93 d0 00 00
0x00007ff9d9e8fd95:   00 83 f9 10 0f 83 73 01 00 00 8b c1 48 c1 e0 06
0x00007ff9d9e8fda5:   48 03 c2 48 85 c0 0f 84 d5 01 00 00 4c 8b 40 08
0x00007ff9d9e8fdb5:   4c 3b 86 a8 53 03 00 0f 87 8e 0f 00 00 48 83 bb
0x00007ff9d9e8fdc5:   70 05 00 00 00 0f 85 0f 29 6c 00 44 8b 87 d0 01
0x00007ff9d9e8fdd5:   00 00 48 8b 87 e8 01 00 00 48 8b 10 8b 8f d0 01
0x00007ff9d9e8fde5:   00 00 48 8d b3 d0 00 00 00 83 f9 10 0f 83 54 01
0x00007ff9d9e8fdf5:   00 00 8b c1 48 c1 e0 06 48 03 c6 48 85 c0 0f 84
0x00007ff9d9e8fe05:   85 01 00 00 48 39 50 08 0f 86 7b 01 00 00 48 8b
0x00007ff9d9e8fe15:   87 80 02 00 00 49 89 06 48 89 9f 80 02 00 00 ff
0x00007ff9d9e8fe25:   87 88 02 00 00 48 8b 4b 08 48 8b 01 ba 01 00 00
0x00007ff9d9e8fe35:   00 48 8b 80 e0 02 00 00 ff 15 9d 77 7f 00 0f b7
0x00007ff9d9e8fe45:   c8 48 2b c1 48 05 00 00 01 00 48 01 87 90 02 00
0x00007ff9d9e8fe55:   00 48 8b 4b 08 48 8b 01 ba 01 00 00 00 48 8b 80
0x00007ff9d9e8fe65:   e0 02 00 00 ff 15 71 77 7f 00 48 01 87 a0 02 00
0x00007ff9d9e8fe75:   00 48 8b 74 24 28 0f b6 54 24 20 4d 85 ff 0f 85
0x00007ff9d9e8fe85:   d7 fe ff ff 84 d2 0f 85 5c 10 00 00 48 8b 5c 24
0x00007ff9d9e8fe95:   40 48 8b cf 80 7c 24 22 00 0f 85 36 10 00 00 e8
0x00007ff9d9e8fea5:   a7 f0 ff ff 90 48 8b cb ff 15 7d 73 7f 00 48 8b 


Stack slot to memory mapping:
stack at sp + 0 slots: 0x000001b773f39080 points into unknown readable memory: 0xffffffffffffffff | ff ff ff ff ff ff ff ff
stack at sp + 1 slots: 0x0 is NULL
stack at sp + 2 slots: 0x0 is NULL
stack at sp + 3 slots: 0x0 is NULL
stack at sp + 4 slots: 0x000000164d000000 is an unknown value
stack at sp + 5 slots: 0x0 is NULL
stack at sp + 6 slots: 0x000001b74e1e1ce0 points into unknown readable memory: 0x00007ff9dbb7e3e8 | e8 e3 b7 db f9 7f 00 00
stack at sp + 7 slots: 0x000000632dffec40 points into unknown readable memory: 0x000001b74ddd0324 | 24 03 dd 4d b7 01 00 00

VM_Operation (0x000000632e9ff010): Exit, mode: safepoint, requested by thread 0x000001b77b596010


---------------  P R O C E S S  ---------------

Threads class SMR info:
_java_thread_list=0x000001b77ad77910, length=13, elements={
0x000001b74e1cb1c0, 0x000001b76f69aeb0, 0x000001b76f69bf40, 0x000001b76f6a0ef0,
0x000001b76f6a2c90, 0x000001b76f6a3860, 0x000001b76f6a4430, 0x000001b76f6a6a80,
0x000001b76f6ac4e0, 0x000001b7738e0860, 0x000001b773bc2fc0, 0x000001b773c51f60,
0x000001b77b596010
}

Java Threads: ( => current thread )
  0x000001b74e1cb1c0 JavaThread "main" [_thread_blocked, id=2076, stack(0x000000632d900000,0x000000632da00000)]
  0x000001b76f69aeb0 JavaThread "Reference Handler" daemon [_thread_blocked, id=28680, stack(0x000000632e000000,0x000000632e100000)]
  0x000001b76f69bf40 JavaThread "Finalizer" daemon [_thread_blocked, id=12348, stack(0x000000632e100000,0x000000632e200000)]
  0x000001b76f6a0ef0 JavaThread "Signal Dispatcher" daemon [_thread_blocked, id=29548, stack(0x000000632e200000,0x000000632e300000)]
  0x000001b76f6a2c90 JavaThread "Attach Listener" daemon [_thread_blocked, id=4388, stack(0x000000632e300000,0x000000632e400000)]
  0x000001b76f6a3860 JavaThread "Service Thread" daemon [_thread_blocked, id=7580, stack(0x000000632e400000,0x000000632e500000)]
  0x000001b76f6a4430 JavaThread "Monitor Deflation Thread" daemon [_thread_blocked, id=25956, stack(0x000000632e500000,0x000000632e600000)]
  0x000001b76f6a6a80 JavaThread "C2 CompilerThread0" daemon [_thread_blocked, id=11444, stack(0x000000632e600000,0x000000632e700000)]
  0x000001b76f6ac4e0 JavaThread "C1 CompilerThread0" daemon [_thread_blocked, id=16564, stack(0x000000632e700000,0x000000632e800000)]
  0x000001b7738e0860 JavaThread "Common-Cleaner" daemon [_thread_blocked, id=7400, stack(0x000000632e800000,0x000000632e900000)]
  0x000001b773bc2fc0 JavaThread "Monitor Ctrl-Break" daemon [_thread_in_native, id=30156, stack(0x000000632ea00000,0x000000632eb00000)]
  0x000001b773c51f60 JavaThread "Notification Thread" daemon [_thread_blocked, id=19280, stack(0x000000632eb00000,0x000000632ec00000)]
  0x000001b77b596010 JavaThread "SIGINT handler" daemon [_thread_blocked, id=30020, stack(0x000000632e900000,0x000000632ea00000)]

Other Threads:
=>0x000001b76f677830 VMThread "VM Thread" [stack: 0x000000632df00000,0x000000632e000000] [id=32316]
  0x000001b74e239ee0 WorkerThread "GC Thread#0" [stack: 0x000000632da00000,0x000000632db00000] [id=28348]
  0x000001b77ae0cb70 WorkerThread "GC Thread#1" [stack: 0x000000632f300000,0x000000632f400000] [id=26260]
  0x000001b77ae0ce40 WorkerThread "GC Thread#2" [stack: 0x000000632f400000,0x000000632f500000] [id=11284]
  0x000001b77aefaf60 WorkerThread "GC Thread#3" [stack: 0x000000632f500000,0x000000632f600000] [id=27060]
  0x000001b77aefc310 WorkerThread "GC Thread#4" [stack: 0x000000632f600000,0x000000632f700000] [id=30244]
  0x000001b77aefc5e0 WorkerThread "GC Thread#5" [stack: 0x000000632f700000,0x000000632f800000] [id=25304]
  0x000001b77aefb500 WorkerThread "GC Thread#6" [stack: 0x000000632f800000,0x000000632f900000] [id=24908]
  0x000001b77aefc8b0 WorkerThread "GC Thread#7" [stack: 0x000000632f900000,0x000000632fa00000] [id=17456]
  0x000001b74decde60 ConcurrentGCThread "G1 Main Marker" terminated
  0x000001b74dece890 WorkerThread "G1 Conc#0" [stack: 0x000000632dc00000,0x000000632dd00000] [id=10340]
  0x000001b74e27e180 ConcurrentGCThread "G1 Refine#0" terminated
  0x000001b74e27ec20 ConcurrentGCThread "G1 Service" terminated

Threads with active compile tasks:

VM state: at safepoint (shutting down)

VM Mutex/Monitor currently owned by a thread:  ([mutex/lock_event])
[0x000001b74e1c75f0] Threads_lock - owner thread: 0x000001b76f677830
[0x000001b74e1c5e50] Heap_lock - owner thread: 0x000001b77b596010

Heap address: 0x0000000703e00000, size: 4034 MB, Compressed Oops mode: Zero based, Oop shift amount: 3

CDS archive(s) mapped at: [0x0000000800000000-0x0000000800c60000-0x0000000800c60000), size 12976128, SharedBaseAddress: 0x0000000800000000, ArchiveRelocationMode: 0.
Compressed class space mapped at: 0x0000000801000000-0x0000000841000000, reserved size: 1073741824
Narrow klass base: 0x0000000800000000, Narrow klass shift: 0, Narrow klass range: 0x100000000

GC Precious Log:
 CardTable entry size: 512
 Card Set container configuration: InlinePtr #cards 4 size 8 Array Of Cards #cards 16 size 48 Howl #buckets 8 coarsen threshold 3686 Howl Bitmap #cards 512 size 80 coarsen threshold 460 Card regions per heap region 1 cards per card region 4096
 CPUs: 8 total, 8 available
 Memory: 16129M
 Large Page Support: Disabled
 NUMA Support: Disabled
 Compressed Oops: Enabled (Zero based)
 Heap Region Size: 2M
 Heap Min Capacity: 8M
 Heap Initial Capacity: 254M
 Heap Max Capacity: 4034M
 Pre-touch: Disabled
 Parallel Workers: 8
 Concurrent Workers: 2
 Concurrent Refinement Workers: 8
 Periodic GC: Disabled

Heap:
 garbage-first heap   total 260096K, used 53982K [0x0000000703e00000, 0x0000000800000000)
  region size 2048K, 26 young (53248K), 1 survivors (2048K)
 Metaspace       used 4155K, committed 4352K, reserved 1114112K
  class space    used 262K, committed 384K, reserved 1048576K

Heap Regions: E=young(eden), S=young(survivor), O=old, HS=humongous(starts), HC=humongous(continues), CS=collection set, F=free, OA=open archive, CA=closed archive, TAMS=top-at-mark-start, PB=parsable bottom
|   0|0x0000000703e00000, 0x0000000704000000, 0x0000000704000000|100%| O|  |TAMS 0x0000000703e00000| PB 0x0000000703e00000| Untracked 
|   1|0x0000000704000000, 0x0000000704200000, 0x0000000704200000|100%| O|  |TAMS 0x0000000704000000| PB 0x0000000704000000| Untracked 
|   2|0x0000000704200000, 0x0000000704259a00, 0x0000000704400000| 17%| O|  |TAMS 0x0000000704200000| PB 0x0000000704200000| Untracked 
|   3|0x0000000704400000, 0x0000000704400000, 0x0000000704600000|  0%| F|  |TAMS 0x0000000704400000| PB 0x0000000704400000| Untracked 
|   4|0x0000000704600000, 0x0000000704600000, 0x0000000704800000|  0%| F|  |TAMS 0x0000000704600000| PB 0x0000000704600000| Untracked 
|   5|0x0000000704800000, 0x0000000704800000, 0x0000000704a00000|  0%| F|  |TAMS 0x0000000704800000| PB 0x0000000704800000| Untracked 
|   6|0x0000000704a00000, 0x0000000704a00000, 0x0000000704c00000|  0%| F|  |TAMS 0x0000000704a00000| PB 0x0000000704a00000| Untracked 
|   7|0x0000000704c00000, 0x0000000704c00000, 0x0000000704e00000|  0%| F|  |TAMS 0x0000000704c00000| PB 0x0000000704c00000| Untracked 
|   8|0x0000000704e00000, 0x0000000704e00000, 0x0000000705000000|  0%| F|  |TAMS 0x0000000704e00000| PB 0x0000000704e00000| Untracked 
|   9|0x0000000705000000, 0x0000000705000000, 0x0000000705200000|  0%| F|  |TAMS 0x0000000705000000| PB 0x0000000705000000| Untracked 
|  10|0x0000000705200000, 0x0000000705200000, 0x0000000705400000|  0%| F|  |TAMS 0x0000000705200000| PB 0x0000000705200000| Untracked 
|  11|0x0000000705400000, 0x0000000705400000, 0x0000000705600000|  0%| F|  |TAMS 0x0000000705400000| PB 0x0000000705400000| Untracked 
|  12|0x0000000705600000, 0x0000000705600000, 0x0000000705800000|  0%| F|  |TAMS 0x0000000705600000| PB 0x0000000705600000| Untracked 
|  13|0x0000000705800000, 0x0000000705800000, 0x0000000705a00000|  0%| F|  |TAMS 0x0000000705800000| PB 0x0000000705800000| Untracked 
|  14|0x0000000705a00000, 0x0000000705a00000, 0x0000000705c00000|  0%| F|  |TAMS 0x0000000705a00000| PB 0x0000000705a00000| Untracked 
|  15|0x0000000705c00000, 0x0000000705c00000, 0x0000000705e00000|  0%| F|  |TAMS 0x0000000705c00000| PB 0x0000000705c00000| Untracked 
|  16|0x0000000705e00000, 0x0000000705e00000, 0x0000000706000000|  0%| F|  |TAMS 0x0000000705e00000| PB 0x0000000705e00000| Untracked 
|  17|0x0000000706000000, 0x0000000706000000, 0x0000000706200000|  0%| F|  |TAMS 0x0000000706000000| PB 0x0000000706000000| Untracked 
|  18|0x0000000706200000, 0x0000000706200000, 0x0000000706400000|  0%| F|  |TAMS 0x0000000706200000| PB 0x0000000706200000| Untracked 
|  19|0x0000000706400000, 0x0000000706400000, 0x0000000706600000|  0%| F|  |TAMS 0x0000000706400000| PB 0x0000000706400000| Untracked 
|  20|0x0000000706600000, 0x0000000706600000, 0x0000000706800000|  0%| F|  |TAMS 0x0000000706600000| PB 0x0000000706600000| Untracked 
|  21|0x0000000706800000, 0x0000000706800000, 0x0000000706a00000|  0%| F|  |TAMS 0x0000000706800000| PB 0x0000000706800000| Untracked 
|  22|0x0000000706a00000, 0x0000000706a00000, 0x0000000706c00000|  0%| F|  |TAMS 0x0000000706a00000| PB 0x0000000706a00000| Untracked 
|  23|0x0000000706c00000, 0x0000000706c00000, 0x0000000706e00000|  0%| F|  |TAMS 0x0000000706c00000| PB 0x0000000706c00000| Untracked 
|  24|0x0000000706e00000, 0x0000000706e00000, 0x0000000707000000|  0%| F|  |TAMS 0x0000000706e00000| PB 0x0000000706e00000| Untracked 
|  25|0x0000000707000000, 0x0000000707000000, 0x0000000707200000|  0%| F|  |TAMS 0x0000000707000000| PB 0x0000000707000000| Untracked 
|  26|0x0000000707200000, 0x0000000707200000, 0x0000000707400000|  0%| F|  |TAMS 0x0000000707200000| PB 0x0000000707200000| Untracked 
|  27|0x0000000707400000, 0x0000000707400000, 0x0000000707600000|  0%| F|  |TAMS 0x0000000707400000| PB 0x0000000707400000| Untracked 
|  28|0x0000000707600000, 0x0000000707600000, 0x0000000707800000|  0%| F|  |TAMS 0x0000000707600000| PB 0x0000000707600000| Untracked 
|  29|0x0000000707800000, 0x0000000707800000, 0x0000000707a00000|  0%| F|  |TAMS 0x0000000707800000| PB 0x0000000707800000| Untracked 
|  30|0x0000000707a00000, 0x0000000707a00000, 0x0000000707c00000|  0%| F|  |TAMS 0x0000000707a00000| PB 0x0000000707a00000| Untracked 
|  31|0x0000000707c00000, 0x0000000707c00000, 0x0000000707e00000|  0%| F|  |TAMS 0x0000000707c00000| PB 0x0000000707c00000| Untracked 
|  32|0x0000000707e00000, 0x0000000707e00000, 0x0000000708000000|  0%| F|  |TAMS 0x0000000707e00000| PB 0x0000000707e00000| Untracked 
|  33|0x0000000708000000, 0x0000000708000000, 0x0000000708200000|  0%| F|  |TAMS 0x0000000708000000| PB 0x0000000708000000| Untracked 
|  34|0x0000000708200000, 0x0000000708200000, 0x0000000708400000|  0%| F|  |TAMS 0x0000000708200000| PB 0x0000000708200000| Untracked 
|  35|0x0000000708400000, 0x0000000708400000, 0x0000000708600000|  0%| F|  |TAMS 0x0000000708400000| PB 0x0000000708400000| Untracked 
|  36|0x0000000708600000, 0x0000000708600000, 0x0000000708800000|  0%| F|  |TAMS 0x0000000708600000| PB 0x0000000708600000| Untracked 
|  37|0x0000000708800000, 0x0000000708800000, 0x0000000708a00000|  0%| F|  |TAMS 0x0000000708800000| PB 0x0000000708800000| Untracked 
|  38|0x0000000708a00000, 0x0000000708a00000, 0x0000000708c00000|  0%| F|  |TAMS 0x0000000708a00000| PB 0x0000000708a00000| Untracked 
|  39|0x0000000708c00000, 0x0000000708c00000, 0x0000000708e00000|  0%| F|  |TAMS 0x0000000708c00000| PB 0x0000000708c00000| Untracked 
|  40|0x0000000708e00000, 0x0000000708e00000, 0x0000000709000000|  0%| F|  |TAMS 0x0000000708e00000| PB 0x0000000708e00000| Untracked 
|  41|0x0000000709000000, 0x0000000709000000, 0x0000000709200000|  0%| F|  |TAMS 0x0000000709000000| PB 0x0000000709000000| Untracked 
|  42|0x0000000709200000, 0x0000000709200000, 0x0000000709400000|  0%| F|  |TAMS 0x0000000709200000| PB 0x0000000709200000| Untracked 
|  43|0x0000000709400000, 0x0000000709400000, 0x0000000709600000|  0%| F|  |TAMS 0x0000000709400000| PB 0x0000000709400000| Untracked 
|  44|0x0000000709600000, 0x0000000709600000, 0x0000000709800000|  0%| F|  |TAMS 0x0000000709600000| PB 0x0000000709600000| Untracked 
|  45|0x0000000709800000, 0x0000000709800000, 0x0000000709a00000|  0%| F|  |TAMS 0x0000000709800000| PB 0x0000000709800000| Untracked 
|  46|0x0000000709a00000, 0x0000000709a00000, 0x0000000709c00000|  0%| F|  |TAMS 0x0000000709a00000| PB 0x0000000709a00000| Untracked 
|  47|0x0000000709c00000, 0x0000000709c00000, 0x0000000709e00000|  0%| F|  |TAMS 0x0000000709c00000| PB 0x0000000709c00000| Untracked 
|  48|0x0000000709e00000, 0x0000000709e00000, 0x000000070a000000|  0%| F|  |TAMS 0x0000000709e00000| PB 0x0000000709e00000| Untracked 
|  49|0x000000070a000000, 0x000000070a000000, 0x000000070a200000|  0%| F|  |TAMS 0x000000070a000000| PB 0x000000070a000000| Untracked 
|  50|0x000000070a200000, 0x000000070a25df00, 0x000000070a400000| 18%| S|CS|TAMS 0x000000070a200000| PB 0x000000070a200000| Complete 
|  51|0x000000070a400000, 0x000000070a400000, 0x000000070a600000|  0%| F|  |TAMS 0x000000070a400000| PB 0x000000070a400000| Untracked 
|  52|0x000000070a600000, 0x000000070a600000, 0x000000070a800000|  0%| F|  |TAMS 0x000000070a600000| PB 0x000000070a600000| Untracked 
|  53|0x000000070a800000, 0x000000070a800000, 0x000000070aa00000|  0%| F|  |TAMS 0x000000070a800000| PB 0x000000070a800000| Untracked 
|  54|0x000000070aa00000, 0x000000070aa00000, 0x000000070ac00000|  0%| F|  |TAMS 0x000000070aa00000| PB 0x000000070aa00000| Untracked 
|  55|0x000000070ac00000, 0x000000070ac00000, 0x000000070ae00000|  0%| F|  |TAMS 0x000000070ac00000| PB 0x000000070ac00000| Untracked 
|  56|0x000000070ae00000, 0x000000070ae00000, 0x000000070b000000|  0%| F|  |TAMS 0x000000070ae00000| PB 0x000000070ae00000| Untracked 
|  57|0x000000070b000000, 0x000000070b000000, 0x000000070b200000|  0%| F|  |TAMS 0x000000070b000000| PB 0x000000070b000000| Untracked 
|  58|0x000000070b200000, 0x000000070b200000, 0x000000070b400000|  0%| F|  |TAMS 0x000000070b200000| PB 0x000000070b200000| Untracked 
|  59|0x000000070b400000, 0x000000070b400000, 0x000000070b600000|  0%| F|  |TAMS 0x000000070b400000| PB 0x000000070b400000| Untracked 
|  60|0x000000070b600000, 0x000000070b600000, 0x000000070b800000|  0%| F|  |TAMS 0x000000070b600000| PB 0x000000070b600000| Untracked 
|  61|0x000000070b800000, 0x000000070b800000, 0x000000070ba00000|  0%| F|  |TAMS 0x000000070b800000| PB 0x000000070b800000| Untracked 
|  62|0x000000070ba00000, 0x000000070ba00000, 0x000000070bc00000|  0%| F|  |TAMS 0x000000070ba00000| PB 0x000000070ba00000| Untracked 
|  63|0x000000070bc00000, 0x000000070bc00000, 0x000000070be00000|  0%| F|  |TAMS 0x000000070bc00000| PB 0x000000070bc00000| Untracked 
|  64|0x000000070be00000, 0x000000070be00000, 0x000000070c000000|  0%| F|  |TAMS 0x000000070be00000| PB 0x000000070be00000| Untracked 
|  65|0x000000070c000000, 0x000000070c000000, 0x000000070c200000|  0%| F|  |TAMS 0x000000070c000000| PB 0x000000070c000000| Untracked 
|  66|0x000000070c200000, 0x000000070c200000, 0x000000070c400000|  0%| F|  |TAMS 0x000000070c200000| PB 0x000000070c200000| Untracked 
|  67|0x000000070c400000, 0x000000070c400000, 0x000000070c600000|  0%| F|  |TAMS 0x000000070c400000| PB 0x000000070c400000| Untracked 
|  68|0x000000070c600000, 0x000000070c600000, 0x000000070c800000|  0%| F|  |TAMS 0x000000070c600000| PB 0x000000070c600000| Untracked 
|  69|0x000000070c800000, 0x000000070c800000, 0x000000070ca00000|  0%| F|  |TAMS 0x000000070c800000| PB 0x000000070c800000| Untracked 
|  70|0x000000070ca00000, 0x000000070ca00000, 0x000000070cc00000|  0%| F|  |TAMS 0x000000070ca00000| PB 0x000000070ca00000| Untracked 
|  71|0x000000070cc00000, 0x000000070cc00000, 0x000000070ce00000|  0%| F|  |TAMS 0x000000070cc00000| PB 0x000000070cc00000| Untracked 
|  72|0x000000070ce00000, 0x000000070ce00000, 0x000000070d000000|  0%| F|  |TAMS 0x000000070ce00000| PB 0x000000070ce00000| Untracked 
|  73|0x000000070d000000, 0x000000070d000000, 0x000000070d200000|  0%| F|  |TAMS 0x000000070d000000| PB 0x000000070d000000| Untracked 
|  74|0x000000070d200000, 0x000000070d200000, 0x000000070d400000|  0%| F|  |TAMS 0x000000070d200000| PB 0x000000070d200000| Untracked 
|  75|0x000000070d400000, 0x000000070d400000, 0x000000070d600000|  0%| F|  |TAMS 0x000000070d400000| PB 0x000000070d400000| Untracked 
|  76|0x000000070d600000, 0x000000070d600000, 0x000000070d800000|  0%| F|  |TAMS 0x000000070d600000| PB 0x000000070d600000| Untracked 
|  77|0x000000070d800000, 0x000000070d800000, 0x000000070da00000|  0%| F|  |TAMS 0x000000070d800000| PB 0x000000070d800000| Untracked 
|  78|0x000000070da00000, 0x000000070da00000, 0x000000070dc00000|  0%| F|  |TAMS 0x000000070da00000| PB 0x000000070da00000| Untracked 
|  79|0x000000070dc00000, 0x000000070dc00000, 0x000000070de00000|  0%| F|  |TAMS 0x000000070dc00000| PB 0x000000070dc00000| Untracked 
|  80|0x000000070de00000, 0x000000070de00000, 0x000000070e000000|  0%| F|  |TAMS 0x000000070de00000| PB 0x000000070de00000| Untracked 
|  81|0x000000070e000000, 0x000000070e000000, 0x000000070e200000|  0%| F|  |TAMS 0x000000070e000000| PB 0x000000070e000000| Untracked 
|  82|0x000000070e200000, 0x000000070e200000, 0x000000070e400000|  0%| F|  |TAMS 0x000000070e200000| PB 0x000000070e200000| Untracked 
|  83|0x000000070e400000, 0x000000070e400000, 0x000000070e600000|  0%| F|  |TAMS 0x000000070e400000| PB 0x000000070e400000| Untracked 
|  84|0x000000070e600000, 0x000000070e600000, 0x000000070e800000|  0%| F|  |TAMS 0x000000070e600000| PB 0x000000070e600000| Untracked 
|  85|0x000000070e800000, 0x000000070e800000, 0x000000070ea00000|  0%| F|  |TAMS 0x000000070e800000| PB 0x000000070e800000| Untracked 
|  86|0x000000070ea00000, 0x000000070ea00000, 0x000000070ec00000|  0%| F|  |TAMS 0x000000070ea00000| PB 0x000000070ea00000| Untracked 
|  87|0x000000070ec00000, 0x000000070ec00000, 0x000000070ee00000|  0%| F|  |TAMS 0x000000070ec00000| PB 0x000000070ec00000| Untracked 
|  88|0x000000070ee00000, 0x000000070ee00000, 0x000000070f000000|  0%| F|  |TAMS 0x000000070ee00000| PB 0x000000070ee00000| Untracked 
|  89|0x000000070f000000, 0x000000070f000000, 0x000000070f200000|  0%| F|  |TAMS 0x000000070f000000| PB 0x000000070f000000| Untracked 
|  90|0x000000070f200000, 0x000000070f200000, 0x000000070f400000|  0%| F|  |TAMS 0x000000070f200000| PB 0x000000070f200000| Untracked 
|  91|0x000000070f400000, 0x000000070f400000, 0x000000070f600000|  0%| F|  |TAMS 0x000000070f400000| PB 0x000000070f400000| Untracked 
|  92|0x000000070f600000, 0x000000070f600000, 0x000000070f800000|  0%| F|  |TAMS 0x000000070f600000| PB 0x000000070f600000| Untracked 
|  93|0x000000070f800000, 0x000000070f800000, 0x000000070fa00000|  0%| F|  |TAMS 0x000000070f800000| PB 0x000000070f800000| Untracked 
|  94|0x000000070fa00000, 0x000000070fa00000, 0x000000070fc00000|  0%| F|  |TAMS 0x000000070fa00000| PB 0x000000070fa00000| Untracked 
|  95|0x000000070fc00000, 0x000000070fc00000, 0x000000070fe00000|  0%| F|  |TAMS 0x000000070fc00000| PB 0x000000070fc00000| Untracked 
|  96|0x000000070fe00000, 0x000000070fe00000, 0x0000000710000000|  0%| F|  |TAMS 0x000000070fe00000| PB 0x000000070fe00000| Untracked 
|  97|0x0000000710000000, 0x0000000710000000, 0x0000000710200000|  0%| F|  |TAMS 0x0000000710000000| PB 0x0000000710000000| Untracked 
|  98|0x0000000710200000, 0x0000000710200000, 0x0000000710400000|  0%| F|  |TAMS 0x0000000710200000| PB 0x0000000710200000| Untracked 
|  99|0x0000000710400000, 0x0000000710400000, 0x0000000710600000|  0%| F|  |TAMS 0x0000000710400000| PB 0x0000000710400000| Untracked 
| 100|0x0000000710600000, 0x0000000710600000, 0x0000000710800000|  0%| F|  |TAMS 0x0000000710600000| PB 0x0000000710600000| Untracked 
| 101|0x0000000710800000, 0x0000000710800000, 0x0000000710a00000|  0%| F|  |TAMS 0x0000000710800000| PB 0x0000000710800000| Untracked 
| 102|0x0000000710a00000, 0x0000000710a00800, 0x0000000710c00000|  0%| E|  |TAMS 0x0000000710a00000| PB 0x0000000710a00000| Complete 
| 103|0x0000000710c00000, 0x0000000710e00000, 0x0000000710e00000|100%| E|CS|TAMS 0x0000000710c00000| PB 0x0000000710c00000| Complete 
| 104|0x0000000710e00000, 0x0000000711000000, 0x0000000711000000|100%| E|CS|TAMS 0x0000000710e00000| PB 0x0000000710e00000| Complete 
| 105|0x0000000711000000, 0x0000000711200000, 0x0000000711200000|100%| E|CS|TAMS 0x0000000711000000| PB 0x0000000711000000| Complete 
| 106|0x0000000711200000, 0x0000000711400000, 0x0000000711400000|100%| E|CS|TAMS 0x0000000711200000| PB 0x0000000711200000| Complete 
| 107|0x0000000711400000, 0x0000000711600000, 0x0000000711600000|100%| E|CS|TAMS 0x0000000711400000| PB 0x0000000711400000| Complete 
| 108|0x0000000711600000, 0x0000000711800000, 0x0000000711800000|100%| E|CS|TAMS 0x0000000711600000| PB 0x0000000711600000| Complete 
| 109|0x0000000711800000, 0x0000000711a00000, 0x0000000711a00000|100%| E|CS|TAMS 0x0000000711800000| PB 0x0000000711800000| Complete 
| 110|0x0000000711a00000, 0x0000000711c00000, 0x0000000711c00000|100%| E|CS|TAMS 0x0000000711a00000| PB 0x0000000711a00000| Complete 
| 111|0x0000000711c00000, 0x0000000711e00000, 0x0000000711e00000|100%| E|CS|TAMS 0x0000000711c00000| PB 0x0000000711c00000| Complete 
| 112|0x0000000711e00000, 0x0000000712000000, 0x0000000712000000|100%| E|CS|TAMS 0x0000000711e00000| PB 0x0000000711e00000| Complete 
| 113|0x0000000712000000, 0x0000000712200000, 0x0000000712200000|100%| E|CS|TAMS 0x0000000712000000| PB 0x0000000712000000| Complete 
| 114|0x0000000712200000, 0x0000000712400000, 0x0000000712400000|100%| E|CS|TAMS 0x0000000712200000| PB 0x0000000712200000| Complete 
| 115|0x0000000712400000, 0x0000000712600000, 0x0000000712600000|100%| E|CS|TAMS 0x0000000712400000| PB 0x0000000712400000| Complete 
| 116|0x0000000712600000, 0x0000000712800000, 0x0000000712800000|100%| E|CS|TAMS 0x0000000712600000| PB 0x0000000712600000| Complete 
| 117|0x0000000712800000, 0x0000000712a00000, 0x0000000712a00000|100%| E|CS|TAMS 0x0000000712800000| PB 0x0000000712800000| Complete 
| 118|0x0000000712a00000, 0x0000000712c00000, 0x0000000712c00000|100%| E|CS|TAMS 0x0000000712a00000| PB 0x0000000712a00000| Complete 
| 119|0x0000000712c00000, 0x0000000712e00000, 0x0000000712e00000|100%| E|CS|TAMS 0x0000000712c00000| PB 0x0000000712c00000| Complete 
| 120|0x0000000712e00000, 0x0000000713000000, 0x0000000713000000|100%| E|CS|TAMS 0x0000000712e00000| PB 0x0000000712e00000| Complete 
| 121|0x0000000713000000, 0x0000000713200000, 0x0000000713200000|100%| E|CS|TAMS 0x0000000713000000| PB 0x0000000713000000| Complete 
| 122|0x0000000713200000, 0x0000000713400000, 0x0000000713400000|100%| E|CS|TAMS 0x0000000713200000| PB 0x0000000713200000| Complete 
| 123|0x0000000713400000, 0x0000000713600000, 0x0000000713600000|100%| E|CS|TAMS 0x0000000713400000| PB 0x0000000713400000| Complete 
| 124|0x0000000713600000, 0x0000000713800000, 0x0000000713800000|100%| E|CS|TAMS 0x0000000713600000| PB 0x0000000713600000| Complete 
| 125|0x0000000713800000, 0x0000000713a00000, 0x0000000713a00000|100%| E|CS|TAMS 0x0000000713800000| PB 0x0000000713800000| Complete 
| 126|0x0000000713a00000, 0x0000000713c00000, 0x0000000713c00000|100%| E|CS|TAMS 0x0000000713a00000| PB 0x0000000713a00000| Complete 

Card table byte_map: [0x000001b767ce0000,0x000001b7684d0000] _byte_map_base: 0x000001b7644c1000

Marking Bits: (CMBitMap*) 0x000001b74e23a510
 Bits: [0x000001b768cc0000, 0x000001b76cbc8000)

Polling page: 0x000001b74df10000

Metaspace:

Usage:
  Non-class:      3.80 MB used.
      Class:    262.41 KB used.
       Both:      4.06 MB used.

Virtual space:
  Non-class space:       64.00 MB reserved,       3.88 MB (  6%) committed,  1 nodes.
      Class space:        1.00 GB reserved,     384.00 KB ( <1%) committed,  1 nodes.
             Both:        1.06 GB reserved,       4.25 MB ( <1%) committed. 

Chunk freelists:
   Non-Class:  1.95 MB
       Class:  3.59 MB
        Both:  5.54 MB

MaxMetaspaceSize: unlimited
CompressedClassSpaceSize: 1.00 GB
Initial GC threshold: 21.00 MB
Current GC threshold: 21.00 MB
CDS: on
MetaspaceReclaimPolicy: balanced
 - commit_granule_bytes: 65536.
 - commit_granule_words: 8192.
 - virtual_space_node_default_size: 8388608.
 - enlarge_chunks_in_place: 1.
 - new_chunks_are_fully_committed: 0.
 - uncommit_free_chunks: 1.
 - use_allocation_guard: 0.


Internal statistics:

num_allocs_failed_limit: 0.
num_arena_births: 134.
num_arena_deaths: 0.
num_vsnodes_births: 2.
num_vsnodes_deaths: 0.
num_space_committed: 66.
num_space_uncommitted: 0.
num_chunks_returned_to_freelist: 0.
num_chunks_taken_from_freelist: 236.
num_chunk_merges: 0.
num_chunk_splits: 153.
num_chunks_enlarged: 99.
num_inconsistent_stats: 0.

CodeHeap 'non-profiled nmethods': size=120000Kb used=597Kb max_used=597Kb free=119402Kb
 bounds [0x000001b75f550000, 0x000001b75f7c0000, 0x000001b766a80000]
CodeHeap 'profiled nmethods': size=120000Kb used=1539Kb max_used=1539Kb free=118460Kb
 bounds [0x000001b757a80000, 0x000001b757cf0000, 0x000001b75efb0000]
CodeHeap 'non-nmethods': size=5760Kb used=2470Kb max_used=2493Kb free=3289Kb
 bounds [0x000001b75efb0000, 0x000001b75f230000, 0x000001b75f550000]
 total_blobs=2252 nmethods=1139 adapters=1024
 compilation: enabled
              stopped_count=0, restarted_count=0
 full_count=0

Compilation events (20 events):
Event: 5.019 Thread 0x000001b76f6ac4e0 1131       3       metastasis.metastasis::StepCells (143 bytes)
Event: 5.020 Thread 0x000001b76f6ac4e0 nmethod 1131 0x000001b757bfb010 code [0x000001b757bfb320, 0x000001b757bfc268]
Event: 5.021 Thread 0x000001b76f6ac4e0 1132       3       HAL.Tools.Internal.ADIequations::Diffusion2DADI (146 bytes)
Event: 5.021 Thread 0x000001b76f6ac4e0 nmethod 1132 0x000001b757bfc790 code [0x000001b757bfcae0, 0x000001b757bfe358]
Event: 5.146 Thread 0x000001b76f6ac4e0 1133       3       HAL.GridsAndAgents.InternalGridAgentList::ShuffleAgents (94 bytes)
Event: 5.146 Thread 0x000001b76f6ac4e0 nmethod 1133 0x000001b757bfee10 code [0x000001b757bff080, 0x000001b757bfff68]
Event: 5.535 Thread 0x000001b76f6a6a80 1134       4       HAL.Tools.Internal.SplittableRN::nextInt (74 bytes)
Event: 5.536 Thread 0x000001b76f6a6a80 nmethod 1134 0x000001b75f5dc790 code [0x000001b75f5dc900, 0x000001b75f5dca50]
Event: 5.579 Thread 0x000001b76f6a6a80 1135       4       metastasis.CellEx::Divide (119 bytes)
Event: 5.601 Thread 0x000001b76f6a6a80 nmethod 1135 0x000001b75f5dcb10 code [0x000001b75f5dce00, 0x000001b75f5de410]
Event: 9.531 Thread 0x000001b76f6a6a80 1137 %     4       HAL.Tools.Internal.ADIequations::Diffusion2DADI @ 3 (146 bytes)
Event: 9.538 Thread 0x000001b76f6a6a80 nmethod 1137% 0x000001b75f5df810 code [0x000001b75f5dfa00, 0x000001b75f5e0718]
Event: 9.983 Thread 0x000001b76f6a6a80 1138 %     4       HAL.GridsAndAgents.InternalGridAgentList::ShuffleAgents @ 15 (94 bytes)
Event: 9.990 Thread 0x000001b76f6a6a80 nmethod 1138% 0x000001b75f5e1090 code [0x000001b75f5e1260, 0x000001b75f5e1b00]
Event: 10.276 Thread 0x000001b76f6a6a80 1139 %     4       metastasis.metastasis::StepCells @ 5 (143 bytes)
Event: 10.298 Thread 0x000001b76f6a6a80 nmethod 1139% 0x000001b75f5e2190 code [0x000001b75f5e2440, 0x000001b75f5e3b78]
Event: 10.369 Thread 0x000001b76f6a6a80 1140 %     4       HAL.Tools.Internal.ADIequations::Diffusion2DADI @ 75 (146 bytes)
Event: 10.373 Thread 0x000001b76f6a6a80 nmethod 1140% 0x000001b75f5e4890 code [0x000001b75f5e4a40, 0x000001b75f5e5140]
Event: 10.569 Thread 0x000001b76f6ac4e0 1141       3       HAL.GridsAndAgents.InternalGridAgentList::iterator (96 bytes)
Event: 10.570 Thread 0x000001b76f6ac4e0 nmethod 1141 0x000001b757c00590 code [0x000001b757c00760, 0x000001b757c00d68]

GC Heap History (10 events):
Event: 0.722 GC heap before
{Heap before GC invocations=0 (full 0):
 garbage-first heap   total 260096K, used 20480K [0x0000000703e00000, 0x0000000800000000)
  region size 2048K, 11 young (22528K), 0 survivors (0K)
 Metaspace       used 3954K, committed 4224K, reserved 1114112K
  class space    used 248K, committed 384K, reserved 1048576K
}
Event: 0.725 GC heap after
{Heap after GC invocations=1 (full 0):
 garbage-first heap   total 260096K, used 4512K [0x0000000703e00000, 0x0000000800000000)
  region size 2048K, 2 young (4096K), 2 survivors (4096K)
 Metaspace       used 3954K, committed 4224K, reserved 1114112K
  class space    used 248K, committed 384K, reserved 1048576K
}
Event: 1.395 GC heap before
{Heap before GC invocations=1 (full 0):
 garbage-first heap   total 260096K, used 35232K [0x0000000703e00000, 0x0000000800000000)
  region size 2048K, 17 young (34816K), 2 survivors (4096K)
 Metaspace       used 4145K, committed 4352K, reserved 1114112K
  class space    used 261K, committed 384K, reserved 1048576K
}
Event: 1.398 GC heap after
{Heap after GC invocations=2 (full 0):
 garbage-first heap   total 260096K, used 4952K [0x0000000703e00000, 0x0000000800000000)
  region size 2048K, 1 young (2048K), 1 survivors (2048K)
 Metaspace       used 4145K, committed 4352K, reserved 1114112K
  class space    used 261K, committed 384K, reserved 1048576K
}
Event: 4.249 GC heap before
{Heap before GC invocations=2 (full 0):
 garbage-first heap   total 260096K, used 158552K [0x0000000703e00000, 0x0000000800000000)
  region size 2048K, 76 young (155648K), 1 survivors (2048K)
 Metaspace       used 4146K, committed 4352K, reserved 1114112K
  class space    used 261K, committed 384K, reserved 1048576K
}
Event: 4.250 GC heap after
{Heap after GC invocations=3 (full 0):
 garbage-first heap   total 260096K, used 4826K [0x0000000703e00000, 0x0000000800000000)
  region size 2048K, 1 young (2048K), 1 survivors (2048K)
 Metaspace       used 4146K, committed 4352K, reserved 1114112K
  class space    used 261K, committed 384K, reserved 1048576K
}
Event: 7.288 GC heap before
{Heap before GC invocations=3 (full 0):
 garbage-first heap   total 260096K, used 158426K [0x0000000703e00000, 0x0000000800000000)
  region size 2048K, 76 young (155648K), 1 survivors (2048K)
 Metaspace       used 4151K, committed 4352K, reserved 1114112K
  class space    used 261K, committed 384K, reserved 1048576K
}
Event: 7.289 GC heap after
{Heap after GC invocations=4 (full 0):
 garbage-first heap   total 260096K, used 4852K [0x0000000703e00000, 0x0000000800000000)
  region size 2048K, 1 young (2048K), 1 survivors (2048K)
 Metaspace       used 4151K, committed 4352K, reserved 1114112K
  class space    used 261K, committed 384K, reserved 1048576K
}
Event: 9.986 GC heap before
{Heap before GC invocations=4 (full 0):
 garbage-first heap   total 260096K, used 158452K [0x0000000703e00000, 0x0000000800000000)
  region size 2048K, 76 young (155648K), 1 survivors (2048K)
 Metaspace       used 4151K, committed 4352K, reserved 1114112K
  class space    used 261K, committed 384K, reserved 1048576K
}
Event: 9.987 GC heap after
{Heap after GC invocations=5 (full 0):
 garbage-first heap   total 260096K, used 4830K [0x0000000703e00000, 0x0000000800000000)
  region size 2048K, 1 young (2048K), 1 survivors (2048K)
 Metaspace       used 4151K, committed 4352K, reserved 1114112K
  class space    used 261K, committed 384K, reserved 1048576K
}

Dll operation events (12 events):
Event: 0.010 Loaded shared library C:\Users\4473331\.jdks\openjdk-20.0.1\bin\java.dll
Event: 0.020 Loaded shared library C:\Users\4473331\.jdks\openjdk-20.0.1\bin\jsvml.dll
Event: 0.091 Loaded shared library C:\Users\4473331\.jdks\openjdk-20.0.1\bin\zip.dll
Event: 0.093 Loaded shared library C:\Users\4473331\.jdks\openjdk-20.0.1\bin\instrument.dll
Event: 0.098 Loaded shared library C:\Users\4473331\.jdks\openjdk-20.0.1\bin\net.dll
Event: 0.101 Loaded shared library C:\Users\4473331\.jdks\openjdk-20.0.1\bin\nio.dll
Event: 0.103 Loaded shared library C:\Users\4473331\.jdks\openjdk-20.0.1\bin\zip.dll
Event: 0.146 Loaded shared library C:\Program Files\JetBrains\IntelliJ IDEA Community Edition 2023.1.2\bin\breakgen64.dll
Event: 0.153 Loaded shared library C:\Users\4473331\.jdks\openjdk-20.0.1\bin\extnet.dll
Event: 0.158 Loaded shared library C:\Users\4473331\.jdks\openjdk-20.0.1\bin\jimage.dll
Event: 0.208 Loaded shared library C:\Users\4473331\AppData\Local\Temp\1\lwjgl_4473331\3.3.2+13\x64\lwjgl.dll
Event: 0.376 Loaded shared library C:\Users\4473331\AppData\Local\Temp\1\lwjgl_4473331\3.3.2+13\x64\lwjgl_opengl.dll

Deoptimization events (20 events):
Event: 0.952 Thread 0x000001b74e1cb1c0 Uncommon trap: trap_request=0xffffffbe fr.pc=0x000001b75f5ba24c relative=0x00000000000030ac
Event: 0.952 Thread 0x000001b74e1cb1c0 Uncommon trap: reason=profile_predicate action=maybe_recompile pc=0x000001b75f5ba24c method=HAL.Tools.TdmaSolver.TDMA(ILHAL/Interfaces/IntToDouble;LHAL/Interfaces/IntDoubleToVoid;LHAL/Interfaces/IntToDouble;LHAL/Interfaces/IntToDouble;LHAL/Interfaces/IntT
Event: 0.952 Thread 0x000001b74e1cb1c0 DEOPT PACKING pc=0x000001b75f5ba24c sp=0x000000632d9ff0a0
Event: 0.952 Thread 0x000001b74e1cb1c0 DEOPT UNPACKING pc=0x000001b75efcd2a2 sp=0x000000632d9ff090 mode 2
Event: 1.004 Thread 0x000001b76f6a2c90 Uncommon trap: trap_request=0xffffff45 fr.pc=0x000001b75f56fb00 relative=0x0000000000000140
Event: 1.004 Thread 0x000001b76f6a2c90 Uncommon trap: reason=unstable_if action=reinterpret pc=0x000001b75f56fb00 method=java.util.regex.Pattern$BmpCharPropertyGreedy.match(Ljava/util/regex/Matcher;ILjava/lang/CharSequence;)Z @ 12 c2
Event: 1.004 Thread 0x000001b76f6a2c90 DEOPT PACKING pc=0x000001b75f56fb00 sp=0x000000632e3fe5b0
Event: 1.004 Thread 0x000001b76f6a2c90 DEOPT UNPACKING pc=0x000001b75efcd2a2 sp=0x000000632e3fe548 mode 2
Event: 1.007 Thread 0x000001b76f6a2c90 Uncommon trap: trap_request=0xffffff45 fr.pc=0x000001b75f5c01d0 relative=0x0000000000000150
Event: 1.007 Thread 0x000001b76f6a2c90 Uncommon trap: reason=unstable_if action=reinterpret pc=0x000001b75f5c01d0 method=java.util.concurrent.locks.ReentrantLock$NonfairSync.initialTryLock()Z @ 10 c2
Event: 1.007 Thread 0x000001b76f6a2c90 DEOPT PACKING pc=0x000001b75f5c01d0 sp=0x000000632e3fef60
Event: 1.007 Thread 0x000001b76f6a2c90 DEOPT UNPACKING pc=0x000001b75efcd2a2 sp=0x000000632e3fef08 mode 2
Event: 1.325 Thread 0x000001b74e1cb1c0 Uncommon trap: trap_request=0xffffff45 fr.pc=0x000001b75f5cb140 relative=0x00000000000011e0
Event: 1.325 Thread 0x000001b74e1cb1c0 Uncommon trap: reason=unstable_if action=reinterpret pc=0x000001b75f5cb140 method=metastasis.CellEx.tryMove()V @ 225 c2
Event: 1.325 Thread 0x000001b74e1cb1c0 DEOPT PACKING pc=0x000001b75f5cb140 sp=0x000000632d9ff390
Event: 1.325 Thread 0x000001b74e1cb1c0 DEOPT UNPACKING pc=0x000001b75efcd2a2 sp=0x000000632d9ff338 mode 2
Event: 2.002 Thread 0x000001b74e1cb1c0 Uncommon trap: trap_request=0xffffff45 fr.pc=0x000001b75f5d350c relative=0x000000000000200c
Event: 2.002 Thread 0x000001b74e1cb1c0 Uncommon trap: reason=unstable_if action=reinterpret pc=0x000001b75f5d350c method=HAL.GridsAndAgents.AgentGrid2D.GetAgents(Ljava/util/ArrayList;II)V @ 10 c2
Event: 2.002 Thread 0x000001b74e1cb1c0 DEOPT PACKING pc=0x000001b75f5d350c sp=0x000000632d9ff380
Event: 2.002 Thread 0x000001b74e1cb1c0 DEOPT UNPACKING pc=0x000001b75efcd2a2 sp=0x000000632d9ff2b8 mode 2

Classes loaded (20 events):
Event: 1.001 Loading class sun/util/cldr/CLDRTimeZoneNameProviderImpl
Event: 1.002 Loading class sun/util/locale/provider/TimeZoneNameProviderImpl
Event: 1.002 Loading class sun/util/locale/provider/TimeZoneNameProviderImpl done
Event: 1.002 Loading class sun/util/cldr/CLDRTimeZoneNameProviderImpl done
Event: 1.003 Loading class sun/util/locale/provider/BaseLocaleDataMetaInfo
Event: 1.003 Loading class sun/util/locale/provider/BaseLocaleDataMetaInfo done
Event: 1.005 Loading class sun/util/resources/cldr/TimeZoneNames
Event: 1.005 Loading class sun/util/resources/TimeZoneNamesBundle
Event: 1.005 Loading class sun/util/resources/OpenListResourceBundle
Event: 1.005 Loading class sun/util/resources/OpenListResourceBundle done
Event: 1.005 Loading class sun/util/resources/TimeZoneNamesBundle done
Event: 1.005 Loading class sun/util/resources/cldr/TimeZoneNames done
Event: 1.005 Loading class sun/util/resources/cldr/TimeZoneNames_en
Event: 1.005 Loading class sun/util/resources/cldr/TimeZoneNames_en done
Event: 1.005 Loading class sun/util/resources/cldr/TimeZoneNames_en_US
Event: 1.005 Loading class sun/util/resources/cldr/TimeZoneNames_en_US done
Event: 1.006 Loading class java/util/LinkedHashMap$LinkedKeySet
Event: 1.006 Loading class java/util/LinkedHashMap$LinkedKeySet done
Event: 10.855 Loading class jdk/internal/misc/Signal$1
Event: 10.855 Loading class jdk/internal/misc/Signal$1 done

Classes unloaded (0 events):
No events

Classes redefined (0 events):
No events

Internal exceptions (20 events):
Event: 0.215 Thread 0x000001b74e1cb1c0 Exception <a 'java/lang/NoSuchMethodError'{0x0000000713549d90}: 'int java.lang.invoke.DirectMethodHandle$Holder.invokeStaticInit(java.lang.Object, java.lang.Object, int, long)'> (0x0000000713549d90) 
thrown [s\open\src\hotspot\share\interpreter\linkResolver.cpp, line 773]
Event: 0.215 Thread 0x000001b74e1cb1c0 Exception <a 'java/lang/NoSuchMethodError'{0x000000071354f3c8}: 'java.lang.Object java.lang.invoke.DirectMethodHandle$Holder.newInvokeSpecial(java.lang.Object, java.lang.Object, int)'> (0x000000071354f3c8) 
thrown [s\open\src\hotspot\share\interpreter\linkResolver.cpp, line 773]
Event: 0.217 Thread 0x000001b74e1cb1c0 Exception <a 'java/lang/NoSuchMethodError'{0x0000000713560430}: 'int java.lang.invoke.DirectMethodHandle$Holder.invokeStaticInit(java.lang.Object, java.lang.Object, long, long)'> (0x0000000713560430) 
thrown [s\open\src\hotspot\share\interpreter\linkResolver.cpp, line 773]
Event: 0.217 Thread 0x000001b74e1cb1c0 Exception <a 'java/lang/NoSuchMethodError'{0x0000000713566278}: 'java.lang.Object java.lang.invoke.DirectMethodHandle$Holder.newInvokeSpecial(java.lang.Object, java.lang.Object, long)'> (0x0000000713566278) 
thrown [s\open\src\hotspot\share\interpreter\linkResolver.cpp, line 773]
Event: 0.217 Thread 0x000001b74e1cb1c0 Exception <a 'java/lang/NoSuchMethodError'{0x000000071356a030}: 'java.lang.Object java.lang.invoke.Invokers$Holder.linkToTargetMethod(java.lang.Object, long, java.lang.Object)'> (0x000000071356a030) 
thrown [s\open\src\hotspot\share\interpreter\linkResolver.cpp, line 773]
Event: 0.218 Thread 0x000001b74e1cb1c0 Exception <a 'java/lang/NoSuchMethodError'{0x0000000713571068}: 'int java.lang.invoke.DirectMethodHandle$Holder.invokeStaticInit(java.lang.Object, java.lang.Object, java.lang.Object, long)'> (0x0000000713571068) 
thrown [s\open\src\hotspot\share\interpreter\linkResolver.cpp, line 773]
Event: 0.233 Thread 0x000001b74e1cb1c0 Exception <a 'sun/nio/fs/WindowsException'{0x0000000713248a80}> (0x0000000713248a80) 
thrown [s\open\src\hotspot\share\prims\jni.cpp, line 519]
Event: 0.233 Thread 0x000001b74e1cb1c0 Exception <a 'sun/nio/fs/WindowsException'{0x0000000713248e10}> (0x0000000713248e10) 
thrown [s\open\src\hotspot\share\prims\jni.cpp, line 519]
Event: 0.240 Thread 0x000001b74e1cb1c0 Exception <a 'java/lang/NoSuchMethodError'{0x000000071326e000}: 'int java.lang.invoke.Invokers$Holder.invokeExact_MT(java.lang.Object, java.lang.Object)'> (0x000000071326e000) 
thrown [s\open\src\hotspot\share\interpreter\linkResolver.cpp, line 773]
Event: 0.369 Thread 0x000001b74e1cb1c0 Exception <a 'java/lang/NoSuchMethodError'{0x00000007132ea918}: 'void java.lang.System.load(java.lang.String, java.lang.Class)'> (0x00000007132ea918) 
thrown [s\open\src\hotspot\share\interpreter\linkResolver.cpp, line 773]
Event: 0.369 Thread 0x000001b74e1cb1c0 Exception <a 'java/lang/NoSuchMethodError'{0x00000007132ed700}: 'void java.lang.System.loadLibrary(java.lang.String, java.lang.Class)'> (0x00000007132ed700) 
thrown [s\open\src\hotspot\share\interpreter\linkResolver.cpp, line 773]
Event: 0.374 Thread 0x000001b74e1cb1c0 Exception <a 'sun/nio/fs/WindowsException'{0x00000007132fe2d8}> (0x00000007132fe2d8) 
thrown [s\open\src\hotspot\share\prims\jni.cpp, line 519]
Event: 0.374 Thread 0x000001b74e1cb1c0 Exception <a 'sun/nio/fs/WindowsException'{0x00000007132fe698}> (0x00000007132fe698) 
thrown [s\open\src\hotspot\share\prims\jni.cpp, line 519]
Event: 0.380 Thread 0x000001b74e1cb1c0 Exception <a 'sun/nio/fs/WindowsException'{0x000000071330e148}> (0x000000071330e148) 
thrown [s\open\src\hotspot\share\prims\jni.cpp, line 519]
Event: 0.380 Thread 0x000001b74e1cb1c0 Exception <a 'sun/nio/fs/WindowsException'{0x000000071330e448}> (0x000000071330e448) 
thrown [s\open\src\hotspot\share\prims\jni.cpp, line 519]
Event: 0.422 Thread 0x000001b74e1cb1c0 Exception <a 'java/lang/NoSuchMethodError'{0x00000007130708f0}: 'void java.lang.invoke.Invokers$Holder.invokeExact_MT(java.lang.Object, java.lang.Object, java.lang.Object, java.lang.Object)'> (0x00000007130708f0) 
thrown [s\open\src\hotspot\share\interpreter\linkResolver.cpp, line 773]
Event: 0.506 Thread 0x000001b74e1cb1c0 Exception <a 'java/lang/NoSuchMethodError'{0x0000000712c40310}: 'void java.lang.invoke.DirectMethodHandle$Holder.invokeStatic(java.lang.Object, java.lang.Object, double)'> (0x0000000712c40310) 
thrown [s\open\src\hotspot\share\interpreter\linkResolver.cpp, line 773]
Event: 0.520 Thread 0x000001b74e1cb1c0 Exception <a 'java/lang/NoSuchMethodError'{0x0000000712cc8840}: 'java.lang.Object java.lang.invoke.DirectMethodHandle$Holder.newInvokeSpecial(java.lang.Object, java.lang.Object, int, int)'> (0x0000000712cc8840) 
thrown [s\open\src\hotspot\share\interpreter\linkResolver.cpp, line 773]
Event: 0.523 Thread 0x000001b74e1cb1c0 Exception <a 'java/lang/NoSuchMethodError'{0x0000000712ceb7f0}: 'java.lang.Object java.lang.invoke.DirectMethodHandle$Holder.invokeSpecial(java.lang.Object, java.lang.Object, double, double)'> (0x0000000712ceb7f0) 
thrown [s\open\src\hotspot\share\interpreter\linkResolver.cpp, line 773]
Event: 1.006 Thread 0x000001b76f6a2c90 Exception <a 'java/lang/NoSuchMethodError'{0x0000000712e17470}: 'java.lang.Object java.lang.invoke.Invokers$Holder.invokeExact_MT(java.lang.Object, java.lang.Object, java.lang.Object, java.lang.Object, java.lang.Object, java.lang.Object)'> (0x0000000712e17470) 
thrown [s\open\src\hotspot\share\interpreter\linkResolver.cpp, line 773]

VM Operations (20 events):
Event: 0.163 Executing VM operation: HandshakeAllThreads done
Event: 0.202 Executing VM operation: HandshakeAllThreads
Event: 0.202 Executing VM operation: HandshakeAllThreads done
Event: 0.206 Executing VM operation: HandshakeAllThreads
Event: 0.206 Executing VM operation: HandshakeAllThreads done
Event: 0.532 Executing VM operation: HandshakeAllThreads
Event: 0.532 Executing VM operation: HandshakeAllThreads done
Event: 0.722 Executing VM operation: G1CollectForAllocation
Event: 0.725 Executing VM operation: G1CollectForAllocation done
Event: 1.395 Executing VM operation: G1CollectForAllocation
Event: 1.398 Executing VM operation: G1CollectForAllocation done
Event: 2.404 Executing VM operation: Cleanup
Event: 2.404 Executing VM operation: Cleanup done
Event: 4.249 Executing VM operation: G1CollectForAllocation
Event: 4.250 Executing VM operation: G1CollectForAllocation done
Event: 7.288 Executing VM operation: G1CollectForAllocation
Event: 7.289 Executing VM operation: G1CollectForAllocation done
Event: 9.986 Executing VM operation: G1CollectForAllocation
Event: 9.987 Executing VM operation: G1CollectForAllocation done
Event: 10.856 Executing VM operation: Exit

Events (20 events):
Event: 0.031 Thread 0x000001b76f69aeb0 Thread added: 0x000001b76f69aeb0
Event: 0.031 Thread 0x000001b76f69bf40 Thread added: 0x000001b76f69bf40
Event: 0.031 Thread 0x000001b76f6a0ef0 Thread added: 0x000001b76f6a0ef0
Event: 0.031 Thread 0x000001b76f6a2c90 Thread added: 0x000001b76f6a2c90
Event: 0.032 Thread 0x000001b76f6a3860 Thread added: 0x000001b76f6a3860
Event: 0.032 Thread 0x000001b76f6a4430 Thread added: 0x000001b76f6a4430
Event: 0.032 Thread 0x000001b76f6a6a80 Thread added: 0x000001b76f6a6a80
Event: 0.032 Thread 0x000001b76f6ac4e0 Thread added: 0x000001b76f6ac4e0
Event: 0.079 Thread 0x000001b7738e0860 Thread added: 0x000001b7738e0860
Event: 0.120 Thread 0x000001b773ab5740 Thread added: 0x000001b773ab5740
Event: 0.146 Thread 0x000001b773bc2fc0 Thread added: 0x000001b773bc2fc0
Event: 0.146 Thread 0x000001b773c51f60 Thread added: 0x000001b773c51f60
Event: 0.367 Thread 0x000001b773ab5740 Thread exited: 0x000001b773ab5740
Event: 0.528 Thread 0x000001b77ad37630 Thread added: 0x000001b77ad37630
Event: 0.528 Thread 0x000001b77ae4bf70 Thread added: 0x000001b77ae4bf70
Event: 0.951 Thread 0x000001b77ae4bf70 Thread exited: 0x000001b77ae4bf70
Event: 0.952 Thread 0x000001b77ad37630 Thread exited: 0x000001b77ad37630
Event: 1.074 Thread 0x000001b77ae0c260 Thread added: 0x000001b77ae0c260
Event: 1.698 Thread 0x000001b77ae0c260 Thread exited: 0x000001b77ae0c260
Event: 10.856 Thread 0x000001b77b596010 Thread added: 0x000001b77b596010


Dynamic libraries:
0x00007ff6b0bf0000 - 0x00007ff6b0bfe000 	C:\Users\4473331\.jdks\openjdk-20.0.1\bin\java.exe
0x00007ffa76630000 - 0x00007ffa76828000 	C:\WINDOWS\SYSTEM32\ntdll.dll
0x00007ffa75e60000 - 0x00007ffa75f22000 	C:\WINDOWS\System32\KERNEL32.DLL
0x00007ffa73f00000 - 0x00007ffa741fe000 	C:\WINDOWS\System32\KERNELBASE.dll
0x00007ffa73940000 - 0x00007ffa73a60000 	C:\Windows\system32\hmpalert.dll
0x00007ffa74200000 - 0x00007ffa74300000 	C:\WINDOWS\System32\ucrtbase.dll
0x00007ffa6c950000 - 0x00007ffa6c967000 	C:\Users\4473331\.jdks\openjdk-20.0.1\bin\jli.dll
0x00007ffa74e70000 - 0x00007ffa7500d000 	C:\WINDOWS\System32\USER32.dll
0x00007ffa73e80000 - 0x00007ffa73ea2000 	C:\WINDOWS\System32\win32u.dll
0x00007ffa75dd0000 - 0x00007ffa75dfb000 	C:\WINDOWS\System32\GDI32.dll
0x00007ffa6c910000 - 0x00007ffa6c92b000 	C:\Users\4473331\.jdks\openjdk-20.0.1\bin\VCRUNTIME140.dll
0x00007ffa74490000 - 0x00007ffa745a7000 	C:\WINDOWS\System32\gdi32full.dll
0x00007ffa745b0000 - 0x00007ffa7464d000 	C:\WINDOWS\System32\msvcp_win.dll
0x00007ffa61980000 - 0x00007ffa61c1a000 	C:\WINDOWS\WinSxS\amd64_microsoft.windows.common-controls_6595b64144ccf1df_6.0.19041.4355_none_60b8b9eb71f62e16\COMCTL32.dll
0x00007ffa74dd0000 - 0x00007ffa74e6e000 	C:\WINDOWS\System32\msvcrt.dll
0x00007ffa76410000 - 0x00007ffa7643f000 	C:\WINDOWS\System32\IMM32.DLL
0x00007ffa6f320000 - 0x00007ffa6f32c000 	C:\Users\4473331\.jdks\openjdk-20.0.1\bin\vcruntime140_1.dll
0x00007ffa58ed0000 - 0x00007ffa58f5e000 	C:\Users\4473331\.jdks\openjdk-20.0.1\bin\msvcp140.dll
0x00007ff9db200000 - 0x00007ff9dbe97000 	C:\Users\4473331\.jdks\openjdk-20.0.1\bin\server\jvm.dll
0x00007ffa762f0000 - 0x00007ffa763a1000 	C:\WINDOWS\System32\ADVAPI32.dll
0x00007ffa75780000 - 0x00007ffa7581f000 	C:\WINDOWS\System32\sechost.dll
0x00007ffa760b0000 - 0x00007ffa761d3000 	C:\WINDOWS\System32\RPCRT4.dll
0x00007ffa74460000 - 0x00007ffa74487000 	C:\WINDOWS\System32\bcrypt.dll
0x00007ffa563d0000 - 0x00007ffa563d9000 	C:\WINDOWS\SYSTEM32\WSOCK32.dll
0x00007ffa758f0000 - 0x00007ffa7595b000 	C:\WINDOWS\System32\WS2_32.dll
0x00007ffa56730000 - 0x00007ffa56757000 	C:\WINDOWS\SYSTEM32\WINMM.dll
0x00007ffa72860000 - 0x00007ffa7286a000 	C:\WINDOWS\SYSTEM32\VERSION.dll
0x00007ffa727c0000 - 0x00007ffa727d2000 	C:\WINDOWS\SYSTEM32\kernel.appcore.dll
0x00007ffa6c980000 - 0x00007ffa6c98a000 	C:\Users\4473331\.jdks\openjdk-20.0.1\bin\jimage.dll
0x00007ffa706a0000 - 0x00007ffa70884000 	C:\WINDOWS\SYSTEM32\DBGHELP.DLL
0x00007ffa62cc0000 - 0x00007ffa62cf4000 	C:\WINDOWS\SYSTEM32\dbgcore.DLL
0x00007ffa73d80000 - 0x00007ffa73e02000 	C:\WINDOWS\System32\bcryptPrimitives.dll
0x00007ffa6c900000 - 0x00007ffa6c90e000 	C:\Users\4473331\.jdks\openjdk-20.0.1\bin\instrument.dll
0x00007ffa57580000 - 0x00007ffa575a6000 	C:\Users\4473331\.jdks\openjdk-20.0.1\bin\java.dll
0x00007ffa4d130000 - 0x00007ffa4d207000 	C:\Users\4473331\.jdks\openjdk-20.0.1\bin\jsvml.dll
0x00007ffa75010000 - 0x00007ffa7577d000 	C:\WINDOWS\System32\SHELL32.dll
0x00007ffa71770000 - 0x00007ffa71f14000 	C:\WINDOWS\SYSTEM32\windows.storage.dll
0x00007ffa74780000 - 0x00007ffa74ad3000 	C:\WINDOWS\System32\combase.dll
0x00007ffa73490000 - 0x00007ffa734be000 	C:\WINDOWS\SYSTEM32\Wldp.dll
0x00007ffa74d00000 - 0x00007ffa74dcd000 	C:\WINDOWS\System32\OLEAUT32.dll
0x00007ffa761e0000 - 0x00007ffa7628d000 	C:\WINDOWS\System32\SHCORE.dll
0x00007ffa75e00000 - 0x00007ffa75e55000 	C:\WINDOWS\System32\shlwapi.dll
0x00007ffa73c00000 - 0x00007ffa73c24000 	C:\WINDOWS\SYSTEM32\profapi.dll
0x00007ffa68470000 - 0x00007ffa68488000 	C:\Users\4473331\.jdks\openjdk-20.0.1\bin\zip.dll
0x00007ffa6c8e0000 - 0x00007ffa6c8f3000 	C:\Users\4473331\.jdks\openjdk-20.0.1\bin\net.dll
0x00007ffa6e4a0000 - 0x00007ffa6e5ad000 	C:\WINDOWS\SYSTEM32\WINHTTP.dll
0x00007ffa73270000 - 0x00007ffa732da000 	C:\WINDOWS\system32\mswsock.dll
0x00007ffa6c870000 - 0x00007ffa6c886000 	C:\Users\4473331\.jdks\openjdk-20.0.1\bin\nio.dll
0x00007ffa66950000 - 0x00007ffa6696a000 	C:\Program Files\JetBrains\IntelliJ IDEA Community Edition 2023.1.2\bin\breakgen64.dll
0x00007ffa65670000 - 0x00007ffa65677000 	C:\Users\4473331\.jdks\openjdk-20.0.1\bin\extnet.dll
0x00007ffa46e40000 - 0x00007ffa46eba000 	C:\Users\4473331\AppData\Local\Temp\1\lwjgl_4473331\3.3.2+13\x64\lwjgl.dll
0x00007ffa46b20000 - 0x00007ffa46ba2000 	C:\Users\4473331\AppData\Local\Temp\1\lwjgl_4473331\3.3.2+13\x64\glfw.dll
0x00007ffa4d0e0000 - 0x00007ffa4d125000 	C:\WINDOWS\SYSTEM32\dinput8.dll
0x00007ffa59260000 - 0x00007ffa59271000 	C:\WINDOWS\SYSTEM32\xinput1_4.dll
0x00007ffa73eb0000 - 0x00007ffa73efe000 	C:\WINDOWS\System32\cfgmgr32.dll
0x00007ffa73a60000 - 0x00007ffa73a93000 	C:\WINDOWS\SYSTEM32\DEVOBJ.dll
0x00007ffa71080000 - 0x00007ffa710af000 	C:\WINDOWS\SYSTEM32\dwmapi.dll
0x00007ffa60360000 - 0x00007ffa604b2000 	C:\WINDOWS\SYSTEM32\inputhost.dll
0x00007ffa6f470000 - 0x00007ffa6f5c7000 	C:\WINDOWS\SYSTEM32\wintypes.dll
0x00007ffa6e390000 - 0x00007ffa6e482000 	C:\WINDOWS\SYSTEM32\CoreMessaging.dll
0x00007ffa6dd90000 - 0x00007ffa6e0eb000 	C:\WINDOWS\SYSTEM32\CoreUIComponents.dll
0x00007ffa6faf0000 - 0x00007ffa6fbe6000 	C:\WINDOWS\SYSTEM32\PROPSYS.dll
0x00007ffa72e00000 - 0x00007ffa72e33000 	C:\WINDOWS\SYSTEM32\ntmarta.dll
0x00007ffa70f20000 - 0x00007ffa70fbe000 	C:\WINDOWS\system32\uxtheme.dll
0x00007ffa74650000 - 0x00007ffa74765000 	C:\WINDOWS\System32\MSCTF.dll
0x00007ffa6bf70000 - 0x00007ffa6c098000 	C:\WINDOWS\SYSTEM32\opengl32.dll
0x00007ffa6c370000 - 0x00007ffa6c39c000 	C:\WINDOWS\SYSTEM32\GLU32.dll
0x00007ffa75820000 - 0x00007ffa758c9000 	C:\WINDOWS\System32\clbcatq.dll
0x00007ff9d9be0000 - 0x00007ff9dab62000 	C:\WINDOWS\System32\DriverStore\FileRepository\iigd_dch.inf_amd64_47794f8eae14cddd\ig12icd64.dll
0x00007ffa74ae0000 - 0x00007ffa74c0b000 	C:\WINDOWS\System32\ole32.dll
0x00007ffa72030000 - 0x00007ffa72126000 	C:\WINDOWS\system32\dxgi.dll
0x00007ffa62760000 - 0x00007ffa629b7000 	C:\WINDOWS\System32\DriverStore\FileRepository\iigd_dch.inf_amd64_47794f8eae14cddd\igdgmm64.dll
0x00007ffa5d040000 - 0x00007ffa5fc59000 	C:\WINDOWS\System32\DriverStore\FileRepository\iigd_dch.inf_amd64_47794f8eae14cddd\igc64.dll
0x00007ffa734e0000 - 0x00007ffa7352b000 	C:\WINDOWS\SYSTEM32\powrprof.dll
0x00007ffa734c0000 - 0x00007ffa734d2000 	C:\WINDOWS\SYSTEM32\UMPDC.dll
0x00007ff9d97d0000 - 0x00007ff9d9bdb000 	C:\WINDOWS\System32\DriverStore\FileRepository\iigd_dch.inf_amd64_47794f8eae14cddd\igdml64.dll
0x00007ffa604c0000 - 0x00007ffa605b9000 	C:\WINDOWS\SYSTEM32\textinputframework.dll
0x00007ffa40ea0000 - 0x00007ffa40efe000 	C:\Users\4473331\AppData\Local\Temp\1\lwjgl_4473331\3.3.2+13\x64\lwjgl_opengl.dll

dbghelp: loaded successfully - version: 4.0.5 - missing functions: none
symbol engine: initialized successfully - sym options: 0x614 - pdb path: .;C:\Users\4473331\.jdks\openjdk-20.0.1\bin;C:\WINDOWS\SYSTEM32;C:\WINDOWS\WinSxS\amd64_microsoft.windows.common-controls_6595b64144ccf1df_6.0.19041.4355_none_60b8b9eb71f62e16;C:\Users\4473331\.jdks\openjdk-20.0.1\bin\server;C:\Program Files\JetBrains\IntelliJ IDEA Community Edition 2023.1.2\bin;C:\Users\4473331\AppData\Local\Temp\1\lwjgl_4473331\3.3.2+13\x64;C:\WINDOWS\System32\DriverStore\FileRepository\iigd_dch.inf_amd64_47794f8eae14cddd

VM Arguments:
jvm_args: -javaagent:C:\Program Files\JetBrains\IntelliJ IDEA Community Edition 2023.1.2\lib\idea_rt.jar=50130:C:\Program Files\JetBrains\IntelliJ IDEA Community Edition 2023.1.2\bin -Dfile.encoding=UTF-8 -Dsun.stdout.encoding=UTF-8 -Dsun.stderr.encoding=UTF-8 
java_command: metastasis.metastasis
java_class_path (initial): C:\Users\4473331\Documents\projects\000_grants\wgd_abm\out\production\wgd_abm;C:\Users\4473331\Documents\projects\000_grants\wgd_abm\HAL\lib\lwjgl-assimp-natives-macos-arm64.jar;C:\Users\4473331\Documents\projects\000_grants\wgd_abm\HAL\lib\lwjgl-opengl-natives-linux-arm32.jar;C:\Users\4473331\Documents\projects\000_grants\wgd_abm\HAL\lib\lwjgl-openal-natives-linux-arm64.jar;C:\Users\4473331\Documents\projects\000_grants\wgd_abm\HAL\lib\lwjgl-natives-linux.jar;C:\Users\4473331\Documents\projects\000_grants\wgd_abm\HAL\lib\lwjgl-opengl-natives-macos.jar;C:\Users\4473331\Documents\projects\000_grants\wgd_abm\HAL\lib\lwjgl-natives-windows.jar;C:\Users\4473331\Documents\projects\000_grants\wgd_abm\HAL\lib\lwjgl-assimp-javadoc.jar;C:\Users\4473331\Documents\projects\000_grants\wgd_abm\HAL\lib\lwjgl-opengl-natives-windows-arm64.jar;C:\Users\4473331\Documents\projects\000_grants\wgd_abm\HAL\lib\lwjgl-glfw-natives-windows-arm64.jar;C:\Users\4473331\Documents\projects\000_grants\wgd_abm\HAL\lib\lwjgl-opengl-javadoc.jar;C:\Users\4473331\Documents\projects\000_grants\wgd_abm\HAL\lib\lwjgl-stb-natives-macos.jar;C:\Users\4473331\Documents\projects\000_grants\wgd_abm\HAL\lib\lwjgl-stb-natives-windows-arm64.jar;C:\Users\4473331\Documents\projects\000_grants\wgd_abm\HAL\lib\lwjgl-natives-linux-arm32.jar;C:\Users\4473331\Documents\projects\000_grants\wgd_abm\HAL\lib\lwjgl-opengl-natives-windows-x86.jar;C:\Users\4473331\Documents\projects\000_grants\wgd_abm\HAL\lib\lwjgl-glfw-natives-macos.jar;C:\Users\4473331\Documents\projects\000_grants\wgd_abm\HAL\lib\lwjgl-openal-javadoc.jar;C:\Users\4473331\Documents\projects\000_grants\wgd_abm\HAL\lib\lwjgl-stb-sources.jar;C:\Users\4473331\Documents\projects\000_grants\wgd_abm\HAL\lib\lwjgl-glfw-natives-windows-x86.jar;C:\Users\4473331\Documents\projects\000_grants\wgd_abm\HAL\lib\lwjgl-glfw-javadoc.jar;C:\Users\4473331\Documents\projects\000_grants\wgd_abm\HAL\lib\lwjgl-javadoc.jar;C:\Users\4473331\Documents\projects\000_grants\wgd_abm\HAL\lib\lwjgl-sources.jar;C:\Users\4473331\Documents\projects\000_grants\wgd_abm\HAL\lib\lwjgl-openal-natives-linux-arm32.jar;C:\Users\4473331\Documents\projects\000_grants\wgd_abm\HAL\lib\lwjgl-openal-natives-macos-arm64.jar;C:\Users\4473331\Documents\projects\000_grants\wgd_abm\HAL\lib\lwjgl-assimp-natives-windows.jar;C:\Users\4473331\Documents\projects\000_grants\wgd_abm\HAL\lib\lwjgl-openal-natives-windows-x86.jar;C:\Users\4473331\Documents\projects\000_grants\wgd_abm\HAL\lib\lwjgl-stb-natives-linux.jar;C:\Users\4473331\Documents\projects\000_grants\wgd_abm\HAL\lib\lwjgl-natives-macos.jar;C:\Users\4473331\Documents\projects\000_grants\wgd_abm\HAL\lib\lwjgl-glfw-natives-linux.jar;C:\Users\4473331\Documents\projects\000_grants\wgd_abm\HAL\lib\lwjgl-stb-natives-macos-arm64.jar;C:\Users\4473331\Documents\projects\000_grants\wgd_abm\HAL\lib\lwjgl-openal-natives-windows-arm64.jar;C:\Users\4473331\Documents\projects\000_grants\wgd_abm\HAL\lib\lwjgl-opengl-natives-linux.jar;C:\Users\4473331\Documents\projects\000_grants\wgd_abm\HAL\lib\lwjgl-openal-natives-linux.jar;C:\Users\4473331\Documents\projects\000_grants\wgd_abm\HAL\lib\lwjgl-assimp-natives-linux-arm64.jar;C:\Users\4473331\Documents\projects\000_grants\wgd_abm\HAL\lib\lwjgl-stb-natives-linux-arm32.jar;C:\Users\4473331\Documents\projects\000_grants\wgd_abm\HAL\lib\lwjgl-glfw-natives-macos-arm64.jar;C:\Users\4473331\Documents\projects\000_grants\wgd_abm\HAL\lib\lwjgl-assimp-natives-windows-x86.jar;C:\Users\4473331\Documents\projects\000_grants\wgd_abm\HAL\lib\lwjgl-opengl-natives-windows.jar;C:\Users\4473331\Documents\projects\000_grants\wgd_abm\HAL\lib\lwjgl-glfw.jar;C:\Users\4473331\Documents\projects\000_grants\wgd_abm\HAL\lib\lwjgl-opengl-sources.jar;C:\Users\4473331\Documents\projects\000_grants\wgd_abm\HAL\lib\lwjgl-natives-windows-arm64.jar;C:\Users\4473331\Documents\projects\000_grants\wgd_abm\HAL\lib\lwjgl-openal-sources.jar;C:\Users\4473331\Documents\projects\000_grants\wgd_abm\HAL\lib\lwjgl-stb-natives-linux-arm64.jar;C:\Users\4473331\Documents\projects\000_grants\wgd_abm\HAL\lib\lwjgl-assimp-natives-linux-arm32.jar;C:\Users\4473331\Documents\projects\000_grants\wgd_abm\HAL\lib\lwjgl-glfw-sources.jar;C:\Users\4473331\Documents\projects\000_grants\wgd_abm\HAL\lib\lwjgl-openal-natives-windows.jar;C:\Users\4473331\Documents\projects\000_grants\wgd_abm\HAL\lib\lwjgl-natives-macos-arm64.jar;C:\Users\4473331\Documents\projects\000_grants\wgd_abm\HAL\lib\lwjgl-glfw-natives-windows.jar;C:\Users\4473331\Documents\projects\000_grants\wgd_abm\HAL\lib\lwjgl-stb-javadoc.jar;C:\Users\4473331\Documents\projects\000_grants\wgd_abm\HAL\lib\lwjgl-glfw-natives-linux-arm64.jar;C:\Users\4473331\Documents\projects\000_grants\wgd_abm\HAL\lib\lwjgl-assimp-natives-macos.jar;C:\Users\4473331\Documents\projects\000_grants\wgd_abm\HAL\lib\lwjgl.jar;C:\Users\4473331\Documents\projects\000_grants\wgd_abm\HAL\lib\lwjgl-opengl-natives-linux-arm64.jar;C:\Users\4473331\Documents\projects\000_grants\wgd_abm\HAL\lib\lwjgl-assimp.jar;C:\Users\4473331\Documents\projects\000_grants\wgd_abm\HAL\lib\lwjgl-stb-natives-windows-x86.jar;C:\Users\4473331\Documents\projects\000_grants\wgd_abm\HAL\lib\lwjgl-natives-windows-x86.jar;C:\Users\4473331\Documents\projects\000_grants\wgd_abm\HAL\lib\lwjgl-stb-natives-windows.jar;C:\Users\4473331\Documents\projects\000_grants\wgd_abm\HAL\lib\lwjgl-natives-linux-arm64.jar;C:\Users\4473331\Documents\projects\000_grants\wgd_abm\HAL\lib\lwjgl-openal-natives-macos.jar;C:\Users\4473331\Documents\projects\000_grants\wgd_abm\HAL\lib\lwjgl-openal.jar;C:\Users\4473331\Documents\projects\000_grants\wgd_abm\HAL\lib\lwjgl-assimp-natives-linux.jar;C:\Users\4473331\Documents\projects\000_grants\wgd_abm\HAL\lib\lwjgl-assimp-natives-windows-arm64.jar;C:\Users\4473331\Documents\projects\000_grants\wgd_abm\HAL\lib\lwjgl-assimp-sources.jar;C:\Users\4473331\Documents\projects\000_grants\wgd_abm\HAL\lib\lwjgl-glfw-natives-linux-arm32.jar;C:\Users\4473331\Documents\projects\000_grants\wgd_abm\HAL\lib\lwjgl-opengl-natives-macos-arm64.jar;C:\Users\4473331\Documents\projects\000_grants\wgd_abm\HAL\lib\lwjgl-opengl.jar;C:\Users\4473331\Documents\projects\000_grants\wgd_abm\HAL\lib\lwjgl-stb.jar
Launcher Type: SUN_STANDARD

[Global flags]
     intx CICompilerCount                          = 4                                         {product} {ergonomic}
     uint ConcGCThreads                            = 2                                         {product} {ergonomic}
     uint G1ConcRefinementThreads                  = 8                                         {product} {ergonomic}
   size_t G1HeapRegionSize                         = 2097152                                   {product} {ergonomic}
    uintx GCDrainStackTargetSize                   = 64                                        {product} {ergonomic}
   size_t InitialHeapSize                          = 266338304                                 {product} {ergonomic}
   size_t MarkStackSize                            = 4194304                                   {product} {ergonomic}
   size_t MaxHeapSize                              = 4229955584                                {product} {ergonomic}
   size_t MaxNewSize                               = 2537553920                                {product} {ergonomic}
   size_t MinHeapDeltaBytes                        = 2097152                                   {product} {ergonomic}
   size_t MinHeapSize                              = 8388608                                   {product} {ergonomic}
    uintx NonNMethodCodeHeapSize                   = 5839372                                {pd product} {ergonomic}
    uintx NonProfiledCodeHeapSize                  = 122909434                              {pd product} {ergonomic}
    uintx ProfiledCodeHeapSize                     = 122909434                              {pd product} {ergonomic}
    uintx ReservedCodeCacheSize                    = 251658240                              {pd product} {ergonomic}
     bool SegmentedCodeCache                       = true                                      {product} {ergonomic}
   size_t SoftMaxHeapSize                          = 4229955584                             {manageable} {ergonomic}
     bool UseCompressedClassPointers               = true                           {product lp64_product} {ergonomic}
     bool UseCompressedOops                        = true                           {product lp64_product} {ergonomic}
     bool UseG1GC                                  = true                                      {product} {ergonomic}
     bool UseLargePagesIndividualAllocation        = false                                  {pd product} {ergonomic}

Logging:
Log output configuration:
 #0: stdout all=off uptime,level,tags foldmultilines=false
 #1: stderr all=off uptime,level,tags foldmultilines=false

Environment Variables:
PATH=C:\Program Files (x86)\Common Files\Oracle\Java\java8path;C:\Program Files (x86)\Common Files\Oracle\Java\javapath;C:\WINDOWS\system32;C:\WINDOWS;C:\WINDOWS\System32\Wbem;C:\WINDOWS\System32\WindowsPowerShell\v1.0\;C:\WINDOWS\System32\OpenSSH\;C:\Program Files\Moffitt\Bgupdate;C:\Windows\CCM;C:\Program Files\MATLAB\R2022a\bin;;C:\Program Files\dotnet\;C:\Program Files\Amazon\AWSCLIV2\;C:\Program Files\Scripts;C:\Program Files;C:\Users\4473331\AppData\Local\Microsoft\WindowsApps;C:\Users\4473331\AppData\Local\Programs\Julia-1.6.2\bin;C:\Users\4473331\AppData\Local\Programs\Microsoft VS Code\bin;C:\Users\4473331\AppData\Local\Programs\Git\cmd;C:\Program Files\R\R-4.4.1\bin;C:\rtools40\mingw64\bin;C:\Users\4473331\AppData\Roaming\TinyTeX\bin\win32;C:\Gradle\gradle-4.2.1\bin;C:\Users\4473331\AppData\Roaming\Python\Python311\Scripts;C:\Program Files\JetBrains\PyCharm Community Edition 2023.1.2\bin;;C:\Users\4473331\AppData\Roaming\TinyTeX\bin\windows;C:\Program Files\OpenSSL-Win64\bin;
USERNAME=4473331
OS=Windows_NT
PROCESSOR_IDENTIFIER=Intel64 Family 6 Model 140 Stepping 1, GenuineIntel
TMP=C:\Users\4473331\AppData\Local\Temp\1
TEMP=C:\Users\4473331\AppData\Local\Temp\1




---------------  S Y S T E M  ---------------

OS:
 Windows 10 , 64 bit Build 19041 (10.0.19041.5072)
OS uptime: 11 days 3:22 hours
Hyper-V role detected

CPU: total 8 (initial active 8) (4 cores per cpu, 2 threads per core) family 6 model 140 stepping 1 microcode 0x6e, cx8, cmov, fxsr, ht, mmx, 3dnowpref, sse, sse2, sse3, ssse3, sse4.1, sse4.2, popcnt, lzcnt, tsc, tscinvbit, avx, avx2, aes, erms, clmul, bmi1, bmi2, adx, avx512f, avx512dq, avx512cd, avx512bw, avx512vl, sha, fma, vzeroupper, avx512_vpopcntdq, avx512_vpclmulqdq, avx512_vaes, avx512_vnni, clflush, clflushopt, clwb, avx512_vbmi2, avx512_vbmi, hv, rdtscp, rdpid, fsrm, gfni, avx512_bitalg, f16c, cet_ibt, cet_ss, avx512_ifma

Memory: 4k page, system-wide physical 16129M (2968M free)
TotalPageFile size 29441M (AvailPageFile size 7659M)
current process WorkingSet (physical memory assigned to process): 311M, peak: 315M
current process commit charge ("private bytes"): 422M, peak: 431M

vm_info: OpenJDK 64-Bit Server VM (20.0.1+9-29) for windows-amd64 JRE (20.0.1+9-29), built on 2023-03-07T13:56:11Z by "mach5one" with MS VC++ 17.1 (VS2022)

END.
