#
# A fatal error has been detected by the Java Runtime Environment:
#
#  EXCEPTION_ACCESS_VIOLATION (0xc0000005) at pc=0x00007ffb9b43fdb5, pid=25852, tid=29520
#
# JRE version: OpenJDK Runtime Environment (20.0.1+9) (build 20.0.1+9-29)
# Java VM: OpenJDK 64-Bit Server VM (20.0.1+9-29, mixed mode, sharing, tiered, compressed oops, compressed class ptrs, g1 gc, windows-amd64)
# Problematic frame:
# C  [ig12icd64.dll+0x2afdb5]
#
# No core dump will be written. Minidumps are not enabled by default on client versions of Windows
#
# If you would like to submit a bug report, please visit:
#   https://bugreport.java.com/bugreport/crash.jsp
#

---------------  S U M M A R Y ------------

Command Line: -agentlib:jdwp=transport=dt_socket,address=127.0.0.1:63046,suspend=y,server=n -javaagent:C:\Users\4473331\AppData\Local\JetBrains\IdeaIC2023.1\captureAgent\debugger-agent.jar -Dfile.encoding=UTF-8 -Dsun.stdout.encoding=UTF-8 -Dsun.stderr.encoding=UTF-8 metastasis.metastasis

Host: 11th Gen Intel(R) Core(TM) i7-1165G7 @ 2.80GHz, 8 cores, 15G,  Windows 10 , 64 bit Build 19041 (10.0.19041.5072)
Time: Tue Dec 10 17:00:28 2024 Eastern Standard Time elapsed time: 105.514881 seconds (0d 0h 1m 45s)

---------------  T H R E A D  ---------------

Current thread (0x0000020bfaa4ac60):  VMThread "VM Thread" [stack: 0x0000002389300000,0x0000002389400000] [id=29520]

Stack: [0x0000002389300000,0x0000002389400000],  sp=0x00000023893fe520,  free space=1017k
Native frames: (J=compiled Java code, j=interpreted, Vv=VM code, C=native code)
C  [ig12icd64.dll+0x2afdb5]


siginfo: EXCEPTION_ACCESS_VIOLATION (0xc0000005), reading address 0x00000000000353a8


Registers:
RAX=0x0000020bfec96a20, RBX=0x0000020bfec96950, RCX=0x0000000000000000, RDX=0x0000020bfec96a20
RSP=0x00000023893fe520, RBP=0x00000023893fe620, RSI=0x0000000000000000, RDI=0x0000020bfed6f530
R8 =0x0000000000000000, R9 =0x0000000000000000, R10=0x0000000000000000, R11=0x0000000000000246
R12=0x0000000000000000, R13=0x0000020bfec96950, R14=0x0000020bfec96e68, R15=0x0000020bfec97470
RIP=0x00007ffb9b43fdb5, EFLAGS=0x0000000000010202


Register to memory mapping:

RIP=0x00007ffb9b43fdb5 ig12icd64.dll
RAX=0x0000020bfec96a20 points into unknown readable memory: 0x000000000000f6f9 | f9 f6 00 00 00 00 00 00
RBX=0x0000020bfec96950 points into unknown readable memory: 0x0000020bff3bee20 | 20 ee 3b ff 0b 02 00 00
RCX=0x0 is NULL
RDX=0x0000020bfec96a20 points into unknown readable memory: 0x000000000000f6f9 | f9 f6 00 00 00 00 00 00
RSP=0x00000023893fe520 points into unknown readable memory: 0x0000020bff3c2c50 | 50 2c 3c ff 0b 02 00 00
RBP=0x00000023893fe620 points into unknown readable memory: 0x80e800d9a4e7011d | 1d 01 e7 a4 d9 00 e8 80
RSI=0x0 is NULL
RDI=0x0000020bfed6f530 points into unknown readable memory: 0x00007ffb9bc49300 | 00 93 c4 9b fb 7f 00 00
R8 =0x0 is NULL
R9 =0x0 is NULL
R10=0x0 is NULL
R11=0x0000000000000246 is an unknown value
R12=0x0 is NULL
R13=0x0000020bfec96950 points into unknown readable memory: 0x0000020bff3bee20 | 20 ee 3b ff 0b 02 00 00
R14=0x0000020bfec96e68 points into unknown readable memory: 0x0000020bfec97470 | 70 74 c9 fe 0b 02 00 00
R15=0x0000020bfec97470 points into unknown readable memory: 0x0000020bff3bee20 | 20 ee 3b ff 0b 02 00 00


Top of Stack: (sp=0x00000023893fe520)
0x00000023893fe520:   0000020bff3c2c50 0000000000000000
0x00000023893fe530:   0000000000000000 0000000000000000
0x00000023893fe540:   000000162f000000 0000000000000000
0x00000023893fe550:   27cb00ce99ca00b7 49cc00da74cb02aa
0x00000023893fe560:   0000020bff3c2c50 f4cf016967cf0105
0x00000023893fe570:   8dd0005617d0022b 9ad1014839d100f4
0x00000023893fe580:   82d300a7d2d1007b d6d6032a3dd50061
0x00000023893fe590:   f6d602c6ecd6010f d1d802eb3dd700de
0x00000023893fe5a0:   73d9012407d9011f ffda01c838da0320
0x00000023893fe5b0:   26db02ec19db000e fbdb02ccb2db01d8
0x00000023893fe5c0:   dcdc019a0bdc0139 1fdf01191bdd027e
0x00000023893fe5d0:   42e001e73ee00180 fde002c361e002e4
0x00000023893fe5e0:   7ee102de65e10316 d9e102ac83e1008c
0x00000023893fe5f0:   2be200561be202f5 2ae401142fe202dd
0x00000023893fe600:   4ce500c969e4005e 3ee6029acee50127
0x00000023893fe610:   6ce602ff62e60d2b 68e70339fbe60081
0x00000023893fe620:   80e800d9a4e7011d 9ee800fd9ae8023f
0x00000023893fe630:   e0e80294b4e800fa 94ea010a8ce90195
0x00000023893fe640:   8aec00ce5fec02cc 71ee0122b9ec0313
0x00000023893fe650:   79ef032a35ef02f7 5cf100b6e0f0008b
0x00000023893fe660:   00008e6285558949 08f300fab4f202b4
0x00000023893fe670:   0000000000000000 0000000000000000
0x00000023893fe680:   0000000000000000 0000000000000000
0x00000023893fe690:   0000000000000000 0000000000000000
0x00000023893fe6a0:   0000000000000000 0000000000000000
0x00000023893fe6b0:   0000000000000000 0000000000000000
0x00000023893fe6c0:   0000000000000000 0000000000000000
0x00000023893fe6d0:   0000000000000000 0000000000000000
0x00000023893fe6e0:   0000000000000000 0000000000000000
0x00000023893fe6f0:   404e000000000000 0000000000000000
0x00000023893fe700:   0000000000000000 0000000000000000
0x00000023893fe710:   0000020bff45c318 000000000000fac7 

Instructions: (pc=0x00007ffb9b43fdb5)
0x00007ffb9b43fcb5:   48 8b cb ff 15 42 74 7f 00 90 4c 8b bf 80 02 00
0x00007ffb9b43fcc5:   00 48 8b 05 73 d3 b1 00 8b 80 1c 0a 00 00 89 44
0x00007ffb9b43fcd5:   24 24 c6 44 24 20 00 48 c7 87 80 02 00 00 00 00
0x00007ffb9b43fce5:   00 00 c7 87 88 02 00 00 00 00 00 00 48 c7 87 a0
0x00007ffb9b43fcf5:   02 00 00 00 00 00 00 48 c7 87 90 02 00 00 00 00
0x00007ffb9b43fd05:   00 00 48 85 f6 75 3d 8b 35 3e 67 c1 00 65 48 8b
0x00007ffb9b43fd15:   04 25 58 00 00 00 b9 30 00 00 00 48 8b 04 f0 80
0x00007ffb9b43fd25:   3c 01 00 0f 84 7e 29 6c 00 65 48 8b 04 25 58 00
0x00007ffb9b43fd35:   00 00 b9 08 00 00 00 48 8b 04 f0 48 8b 34 01 48
0x00007ffb9b43fd45:   89 74 24 28 48 3b 35 10 8b c1 00 0f 84 37 11 00
0x00007ffb9b43fd55:   00 4d 85 ff 0f 84 37 01 00 00 90 49 8b df 4d 8b
0x00007ffb9b43fd65:   ef 4d 8d b7 18 05 00 00 4d 8b 3e 45 84 e4 0f 85
0x00007ffb9b43fd75:   b4 0f 00 00 8b 8f d0 01 00 00 48 8b 05 ba d2 b1
0x00007ffb9b43fd85:   00 83 b8 54 03 00 00 02 75 33 48 8d 93 d0 00 00
0x00007ffb9b43fd95:   00 83 f9 10 0f 83 73 01 00 00 8b c1 48 c1 e0 06
0x00007ffb9b43fda5:   48 03 c2 48 85 c0 0f 84 d5 01 00 00 4c 8b 40 08
0x00007ffb9b43fdb5:   4c 3b 86 a8 53 03 00 0f 87 8e 0f 00 00 48 83 bb
0x00007ffb9b43fdc5:   70 05 00 00 00 0f 85 0f 29 6c 00 44 8b 87 d0 01
0x00007ffb9b43fdd5:   00 00 48 8b 87 e8 01 00 00 48 8b 10 8b 8f d0 01
0x00007ffb9b43fde5:   00 00 48 8d b3 d0 00 00 00 83 f9 10 0f 83 54 01
0x00007ffb9b43fdf5:   00 00 8b c1 48 c1 e0 06 48 03 c6 48 85 c0 0f 84
0x00007ffb9b43fe05:   85 01 00 00 48 39 50 08 0f 86 7b 01 00 00 48 8b
0x00007ffb9b43fe15:   87 80 02 00 00 49 89 06 48 89 9f 80 02 00 00 ff
0x00007ffb9b43fe25:   87 88 02 00 00 48 8b 4b 08 48 8b 01 ba 01 00 00
0x00007ffb9b43fe35:   00 48 8b 80 e0 02 00 00 ff 15 9d 77 7f 00 0f b7
0x00007ffb9b43fe45:   c8 48 2b c1 48 05 00 00 01 00 48 01 87 90 02 00
0x00007ffb9b43fe55:   00 48 8b 4b 08 48 8b 01 ba 01 00 00 00 48 8b 80
0x00007ffb9b43fe65:   e0 02 00 00 ff 15 71 77 7f 00 48 01 87 a0 02 00
0x00007ffb9b43fe75:   00 48 8b 74 24 28 0f b6 54 24 20 4d 85 ff 0f 85
0x00007ffb9b43fe85:   d7 fe ff ff 84 d2 0f 85 5c 10 00 00 48 8b 5c 24
0x00007ffb9b43fe95:   40 48 8b cf 80 7c 24 22 00 0f 85 36 10 00 00 e8
0x00007ffb9b43fea5:   a7 f0 ff ff 90 48 8b cb ff 15 7d 73 7f 00 48 8b 


Stack slot to memory mapping:
stack at sp + 0 slots: 0x0000020bff3c2c50 points into unknown readable memory: 0xffffffffffffffff | ff ff ff ff ff ff ff ff
stack at sp + 1 slots: 0x0 is NULL
stack at sp + 2 slots: 0x0 is NULL
stack at sp + 3 slots: 0x0 is NULL
stack at sp + 4 slots: 0x000000162f000000 is an unknown value
stack at sp + 5 slots: 0x0 is NULL
stack at sp + 6 slots: 0x27cb00ce99ca00b7 is an unknown value
stack at sp + 7 slots: 0x49cc00da74cb02aa is an unknown value

VM_Operation (0x0000002388afef40): Exit, mode: safepoint, requested by thread 0x0000020bfecdd4c0


---------------  P R O C E S S  ---------------

Threads class SMR info:
_java_thread_list=0x0000020bff1facb0, length=17, elements={
0x0000020bd95c6db0, 0x0000020bfaa690a0, 0x0000020bfaa6a040, 0x0000020bfaa6ff10,
0x0000020bfaa71190, 0x0000020bfaa77ac0, 0x0000020bfaa78ed0, 0x0000020bfaa7a330,
0x0000020bfecdc4d0, 0x0000020bfed881f0, 0x0000020bfecdea00, 0x0000020bfecdcf70,
0x0000020bfecdbf80, 0x0000020bfecdca20, 0x0000020bfecdd4c0, 0x0000020b86852fe0,
0x0000020b8a8f08a0
}

Java Threads: ( => current thread )
  0x0000020bd95c6db0 JavaThread "main" [_thread_blocked, id=15140, stack(0x0000002388d00000,0x0000002388e00000)]
  0x0000020bfaa690a0 JavaThread "Reference Handler" daemon [_thread_blocked, id=27888, stack(0x0000002389400000,0x0000002389500000)]
  0x0000020bfaa6a040 JavaThread "Finalizer" daemon [_thread_blocked, id=9480, stack(0x0000002389500000,0x0000002389600000)]
  0x0000020bfaa6ff10 JavaThread "Attach Listener" daemon [_thread_blocked, id=22852, stack(0x0000002389700000,0x0000002389800000)]
  0x0000020bfaa71190 JavaThread "Service Thread" daemon [_thread_blocked, id=9408, stack(0x0000002389800000,0x0000002389900000)]
  0x0000020bfaa77ac0 JavaThread "Monitor Deflation Thread" daemon [_thread_blocked, id=10216, stack(0x0000002389900000,0x0000002389a00000)]
  0x0000020bfaa78ed0 JavaThread "C2 CompilerThread0" daemon [_thread_blocked, id=21280, stack(0x0000002389a00000,0x0000002389b00000)]
  0x0000020bfaa7a330 JavaThread "C1 CompilerThread0" daemon [_thread_blocked, id=26640, stack(0x0000002389b00000,0x0000002389c00000)]
  0x0000020bfecdc4d0 JavaThread "Common-Cleaner" daemon [_thread_blocked, id=19516, stack(0x0000002389c00000,0x0000002389d00000)]
  0x0000020bfed881f0 JavaThread "JDWP Event Helper Thread" daemon [_thread_blocked, id=13036, stack(0x0000002389e00000,0x0000002389f00000)]
  0x0000020bfecdea00 JavaThread "Notification Thread" daemon [_thread_blocked, id=15088, stack(0x000000238a000000,0x000000238a100000)]
  0x0000020bfecdcf70 JavaThread "Java2D Disposer" daemon [_thread_blocked, id=26576, stack(0x000000238a200000,0x000000238a300000)]
  0x0000020bfecdbf80 JavaThread "AWT-Shutdown" [_thread_blocked, id=24744, stack(0x000000238a800000,0x000000238a900000)]
  0x0000020bfecdca20 JavaThread "AWT-EventQueue-0" [_thread_blocked, id=23684, stack(0x000000238b100000,0x000000238b200000)]
  0x0000020bfecdd4c0 JavaThread "SIGINT handler" daemon [_thread_blocked, id=12436, stack(0x0000002388a00000,0x0000002388b00000)]
  0x0000020b86852fe0 JavaThread "C2 CompilerThread1" daemon [_thread_blocked, id=4212, stack(0x0000002388c00000,0x0000002388d00000)]
  0x0000020b8a8f08a0 JavaThread "C2 CompilerThread2" daemon [_thread_blocked, id=8520, stack(0x0000002389d00000,0x0000002389e00000)]

Other Threads:
=>0x0000020bfaa4ac60 VMThread "VM Thread" [stack: 0x0000002389300000,0x0000002389400000] [id=29520]
  0x0000020bd96348d0 WorkerThread "GC Thread#0" [stack: 0x0000002388e00000,0x0000002388f00000] [id=27200]
  0x0000020b868c6ad0 WorkerThread "GC Thread#1" [stack: 0x000000238aa00000,0x000000238ab00000] [id=25680]
  0x0000020b868c6da0 WorkerThread "GC Thread#2" [stack: 0x000000238ab00000,0x000000238ac00000] [id=5360]
  0x0000020b868c7070 WorkerThread "GC Thread#3" [stack: 0x000000238ac00000,0x000000238ad00000] [id=20268]
  0x0000020b868c8740 WorkerThread "GC Thread#4" [stack: 0x000000238ad00000,0x000000238ae00000] [id=22864]
  0x0000020b868c7390 WorkerThread "GC Thread#5" [stack: 0x000000238ae00000,0x000000238af00000] [id=20300]
  0x0000020b868c7ed0 WorkerThread "GC Thread#6" [stack: 0x000000238af00000,0x000000238b000000] [id=24900]
  0x0000020b868c8a10 WorkerThread "GC Thread#7" [stack: 0x000000238b000000,0x000000238b100000] [id=15724]
  0x0000020bd96465a0 ConcurrentGCThread "G1 Main Marker" terminated
  0x0000020bd9646fd0 WorkerThread "G1 Conc#0" [stack: 0x0000002389000000,0x0000002389100000] [id=27576]
  0x0000020bfa909560 ConcurrentGCThread "G1 Refine#0" terminated
  0x0000020bfa90af20 ConcurrentGCThread "G1 Service" terminated

Threads with active compile tasks:
C2 CompilerThread0   105577 1395 %     4       HAL.Tools.TdmaSolver::TDMA @ 135 (491 bytes)
C1 CompilerThread0   105577 1460       3       metastasis.tissueSiteGrid::draw (173 bytes)

VM state: at safepoint (shutting down)

VM Mutex/Monitor currently owned by a thread:  ([mutex/lock_event])
[0x0000020bd95c3100] Threads_lock - owner thread: 0x0000020bfaa4ac60
[0x0000020bd95c4150] Heap_lock - owner thread: 0x0000020bfecdd4c0

Heap address: 0x0000000703e00000, size: 4034 MB, Compressed Oops mode: Zero based, Oop shift amount: 3

CDS archive(s) mapped at: [0x0000000800000000-0x0000000800c60000-0x0000000800c60000), size 12976128, SharedBaseAddress: 0x0000000800000000, ArchiveRelocationMode: 0.
Compressed class space mapped at: 0x0000000801000000-0x0000000841000000, reserved size: 1073741824
Narrow klass base: 0x0000000800000000, Narrow klass shift: 0, Narrow klass range: 0x100000000

GC Precious Log:
 CardTable entry size: 512
 Card Set container configuration: InlinePtr #cards 4 size 8 Array Of Cards #cards 16 size 48 Howl #buckets 8 coarsen threshold 3686 Howl Bitmap #cards 512 size 80 coarsen threshold 460 Card regions per heap region 1 cards per card region 4096
 CPUs: 8 total, 8 available
 Memory: 16129M
 Large Page Support: Disabled
 NUMA Support: Disabled
 Compressed Oops: Enabled (Zero based)
 Heap Region Size: 2M
 Heap Min Capacity: 8M
 Heap Initial Capacity: 254M
 Heap Max Capacity: 4034M
 Pre-touch: Disabled
 Parallel Workers: 8
 Concurrent Workers: 2
 Concurrent Refinement Workers: 8
 Periodic GC: Disabled

Heap:
 garbage-first heap   total 260096K, used 48237K [0x0000000703e00000, 0x0000000800000000)
  region size 2048K, 19 young (38912K), 1 survivors (2048K)
 Metaspace       used 9840K, committed 10112K, reserved 1114112K
  class space    used 872K, committed 1024K, reserved 1048576K

Heap Regions: E=young(eden), S=young(survivor), O=old, HS=humongous(starts), HC=humongous(continues), CS=collection set, F=free, OA=open archive, CA=closed archive, TAMS=top-at-mark-start, PB=parsable bottom
|   0|0x0000000703e00000, 0x0000000704000000, 0x0000000704000000|100%| O|  |TAMS 0x0000000703e00000| PB 0x0000000703e00000| Untracked 
|   1|0x0000000704000000, 0x0000000704200000, 0x0000000704200000|100%| O|  |TAMS 0x0000000704000000| PB 0x0000000704000000| Untracked 
|   2|0x0000000704200000, 0x0000000704400000, 0x0000000704400000|100%|HS|  |TAMS 0x0000000704200000| PB 0x0000000704200000| Complete 
|   3|0x0000000704400000, 0x0000000704600000, 0x0000000704600000|100%|HC|  |TAMS 0x0000000704400000| PB 0x0000000704400000| Complete 
|   4|0x0000000704600000, 0x0000000704800000, 0x0000000704800000|100%|HS|  |TAMS 0x0000000704600000| PB 0x0000000704600000| Complete 
|   5|0x0000000704800000, 0x0000000704a00000, 0x0000000704a00000|100%|HC|  |TAMS 0x0000000704800000| PB 0x0000000704800000| Complete 
|   6|0x0000000704a00000, 0x0000000704c00000, 0x0000000704c00000|100%| O|  |TAMS 0x0000000704a00000| PB 0x0000000704a00000| Untracked 
|   7|0x0000000704c00000, 0x0000000704c1aa00, 0x0000000704e00000|  5%| O|  |TAMS 0x0000000704c00000| PB 0x0000000704c00000| Untracked 
|   8|0x0000000704e00000, 0x0000000704e00000, 0x0000000705000000|  0%| F|  |TAMS 0x0000000704e00000| PB 0x0000000704e00000| Untracked 
|   9|0x0000000705000000, 0x0000000705000000, 0x0000000705200000|  0%| F|  |TAMS 0x0000000705000000| PB 0x0000000705000000| Untracked 
|  10|0x0000000705200000, 0x0000000705200000, 0x0000000705400000|  0%| F|  |TAMS 0x0000000705200000| PB 0x0000000705200000| Untracked 
|  11|0x0000000705400000, 0x0000000705400000, 0x0000000705600000|  0%| F|  |TAMS 0x0000000705400000| PB 0x0000000705400000| Untracked 
|  12|0x0000000705600000, 0x0000000705600000, 0x0000000705800000|  0%| F|  |TAMS 0x0000000705600000| PB 0x0000000705600000| Untracked 
|  13|0x0000000705800000, 0x0000000705800000, 0x0000000705a00000|  0%| F|  |TAMS 0x0000000705800000| PB 0x0000000705800000| Untracked 
|  14|0x0000000705a00000, 0x0000000705a00000, 0x0000000705c00000|  0%| F|  |TAMS 0x0000000705a00000| PB 0x0000000705a00000| Untracked 
|  15|0x0000000705c00000, 0x0000000705c00000, 0x0000000705e00000|  0%| F|  |TAMS 0x0000000705c00000| PB 0x0000000705c00000| Untracked 
|  16|0x0000000705e00000, 0x0000000705e00000, 0x0000000706000000|  0%| F|  |TAMS 0x0000000705e00000| PB 0x0000000705e00000| Untracked 
|  17|0x0000000706000000, 0x0000000706000000, 0x0000000706200000|  0%| F|  |TAMS 0x0000000706000000| PB 0x0000000706000000| Untracked 
|  18|0x0000000706200000, 0x0000000706200000, 0x0000000706400000|  0%| F|  |TAMS 0x0000000706200000| PB 0x0000000706200000| Untracked 
|  19|0x0000000706400000, 0x0000000706400000, 0x0000000706600000|  0%| F|  |TAMS 0x0000000706400000| PB 0x0000000706400000| Untracked 
|  20|0x0000000706600000, 0x0000000706600000, 0x0000000706800000|  0%| F|  |TAMS 0x0000000706600000| PB 0x0000000706600000| Untracked 
|  21|0x0000000706800000, 0x0000000706800000, 0x0000000706a00000|  0%| F|  |TAMS 0x0000000706800000| PB 0x0000000706800000| Untracked 
|  22|0x0000000706a00000, 0x0000000706a00000, 0x0000000706c00000|  0%| F|  |TAMS 0x0000000706a00000| PB 0x0000000706a00000| Untracked 
|  23|0x0000000706c00000, 0x0000000706c00000, 0x0000000706e00000|  0%| F|  |TAMS 0x0000000706c00000| PB 0x0000000706c00000| Untracked 
|  24|0x0000000706e00000, 0x0000000706e00000, 0x0000000707000000|  0%| F|  |TAMS 0x0000000706e00000| PB 0x0000000706e00000| Untracked 
|  25|0x0000000707000000, 0x0000000707000000, 0x0000000707200000|  0%| F|  |TAMS 0x0000000707000000| PB 0x0000000707000000| Untracked 
|  26|0x0000000707200000, 0x0000000707200000, 0x0000000707400000|  0%| F|  |TAMS 0x0000000707200000| PB 0x0000000707200000| Untracked 
|  27|0x0000000707400000, 0x0000000707400000, 0x0000000707600000|  0%| F|  |TAMS 0x0000000707400000| PB 0x0000000707400000| Untracked 
|  28|0x0000000707600000, 0x0000000707600000, 0x0000000707800000|  0%| F|  |TAMS 0x0000000707600000| PB 0x0000000707600000| Untracked 
|  29|0x0000000707800000, 0x0000000707800000, 0x0000000707a00000|  0%| F|  |TAMS 0x0000000707800000| PB 0x0000000707800000| Untracked 
|  30|0x0000000707a00000, 0x0000000707a00000, 0x0000000707c00000|  0%| F|  |TAMS 0x0000000707a00000| PB 0x0000000707a00000| Untracked 
|  31|0x0000000707c00000, 0x0000000707c00000, 0x0000000707e00000|  0%| F|  |TAMS 0x0000000707c00000| PB 0x0000000707c00000| Untracked 
|  32|0x0000000707e00000, 0x0000000707e00000, 0x0000000708000000|  0%| F|  |TAMS 0x0000000707e00000| PB 0x0000000707e00000| Untracked 
|  33|0x0000000708000000, 0x0000000708000000, 0x0000000708200000|  0%| F|  |TAMS 0x0000000708000000| PB 0x0000000708000000| Untracked 
|  34|0x0000000708200000, 0x0000000708200000, 0x0000000708400000|  0%| F|  |TAMS 0x0000000708200000| PB 0x0000000708200000| Untracked 
|  35|0x0000000708400000, 0x0000000708400000, 0x0000000708600000|  0%| F|  |TAMS 0x0000000708400000| PB 0x0000000708400000| Untracked 
|  36|0x0000000708600000, 0x0000000708600000, 0x0000000708800000|  0%| F|  |TAMS 0x0000000708600000| PB 0x0000000708600000| Untracked 
|  37|0x0000000708800000, 0x0000000708800000, 0x0000000708a00000|  0%| F|  |TAMS 0x0000000708800000| PB 0x0000000708800000| Untracked 
|  38|0x0000000708a00000, 0x0000000708a00000, 0x0000000708c00000|  0%| F|  |TAMS 0x0000000708a00000| PB 0x0000000708a00000| Untracked 
|  39|0x0000000708c00000, 0x0000000708c00000, 0x0000000708e00000|  0%| F|  |TAMS 0x0000000708c00000| PB 0x0000000708c00000| Untracked 
|  40|0x0000000708e00000, 0x0000000708e00000, 0x0000000709000000|  0%| F|  |TAMS 0x0000000708e00000| PB 0x0000000708e00000| Untracked 
|  41|0x0000000709000000, 0x0000000709000000, 0x0000000709200000|  0%| F|  |TAMS 0x0000000709000000| PB 0x0000000709000000| Untracked 
|  42|0x0000000709200000, 0x0000000709200000, 0x0000000709400000|  0%| F|  |TAMS 0x0000000709200000| PB 0x0000000709200000| Untracked 
|  43|0x0000000709400000, 0x0000000709400000, 0x0000000709600000|  0%| F|  |TAMS 0x0000000709400000| PB 0x0000000709400000| Untracked 
|  44|0x0000000709600000, 0x0000000709600000, 0x0000000709800000|  0%| F|  |TAMS 0x0000000709600000| PB 0x0000000709600000| Untracked 
|  45|0x0000000709800000, 0x0000000709800000, 0x0000000709a00000|  0%| F|  |TAMS 0x0000000709800000| PB 0x0000000709800000| Untracked 
|  46|0x0000000709a00000, 0x0000000709a00000, 0x0000000709c00000|  0%| F|  |TAMS 0x0000000709a00000| PB 0x0000000709a00000| Untracked 
|  47|0x0000000709c00000, 0x0000000709c00000, 0x0000000709e00000|  0%| F|  |TAMS 0x0000000709c00000| PB 0x0000000709c00000| Untracked 
|  48|0x0000000709e00000, 0x0000000709e00000, 0x000000070a000000|  0%| F|  |TAMS 0x0000000709e00000| PB 0x0000000709e00000| Untracked 
|  49|0x000000070a000000, 0x000000070a000000, 0x000000070a200000|  0%| F|  |TAMS 0x000000070a000000| PB 0x000000070a000000| Untracked 
|  50|0x000000070a200000, 0x000000070a200000, 0x000000070a400000|  0%| F|  |TAMS 0x000000070a200000| PB 0x000000070a200000| Untracked 
|  51|0x000000070a400000, 0x000000070a400000, 0x000000070a600000|  0%| F|  |TAMS 0x000000070a400000| PB 0x000000070a400000| Untracked 
|  52|0x000000070a600000, 0x000000070a600000, 0x000000070a800000|  0%| F|  |TAMS 0x000000070a600000| PB 0x000000070a600000| Untracked 
|  53|0x000000070a800000, 0x000000070a800000, 0x000000070aa00000|  0%| F|  |TAMS 0x000000070a800000| PB 0x000000070a800000| Untracked 
|  54|0x000000070aa00000, 0x000000070aa00000, 0x000000070ac00000|  0%| F|  |TAMS 0x000000070aa00000| PB 0x000000070aa00000| Untracked 
|  55|0x000000070ac00000, 0x000000070ac00000, 0x000000070ae00000|  0%| F|  |TAMS 0x000000070ac00000| PB 0x000000070ac00000| Untracked 
|  56|0x000000070ae00000, 0x000000070ae00000, 0x000000070b000000|  0%| F|  |TAMS 0x000000070ae00000| PB 0x000000070ae00000| Untracked 
|  57|0x000000070b000000, 0x000000070b000000, 0x000000070b200000|  0%| F|  |TAMS 0x000000070b000000| PB 0x000000070b000000| Untracked 
|  58|0x000000070b200000, 0x000000070b200000, 0x000000070b400000|  0%| F|  |TAMS 0x000000070b200000| PB 0x000000070b200000| Untracked 
|  59|0x000000070b400000, 0x000000070b400000, 0x000000070b600000|  0%| F|  |TAMS 0x000000070b400000| PB 0x000000070b400000| Untracked 
|  60|0x000000070b600000, 0x000000070b600000, 0x000000070b800000|  0%| F|  |TAMS 0x000000070b600000| PB 0x000000070b600000| Untracked 
|  61|0x000000070b800000, 0x000000070b800000, 0x000000070ba00000|  0%| F|  |TAMS 0x000000070b800000| PB 0x000000070b800000| Untracked 
|  62|0x000000070ba00000, 0x000000070ba00000, 0x000000070bc00000|  0%| F|  |TAMS 0x000000070ba00000| PB 0x000000070ba00000| Untracked 
|  63|0x000000070bc00000, 0x000000070bc00000, 0x000000070be00000|  0%| F|  |TAMS 0x000000070bc00000| PB 0x000000070bc00000| Untracked 
|  64|0x000000070be00000, 0x000000070be00000, 0x000000070c000000|  0%| F|  |TAMS 0x000000070be00000| PB 0x000000070be00000| Untracked 
|  65|0x000000070c000000, 0x000000070c000000, 0x000000070c200000|  0%| F|  |TAMS 0x000000070c000000| PB 0x000000070c000000| Untracked 
|  66|0x000000070c200000, 0x000000070c200000, 0x000000070c400000|  0%| F|  |TAMS 0x000000070c200000| PB 0x000000070c200000| Untracked 
|  67|0x000000070c400000, 0x000000070c400000, 0x000000070c600000|  0%| F|  |TAMS 0x000000070c400000| PB 0x000000070c400000| Untracked 
|  68|0x000000070c600000, 0x000000070c600000, 0x000000070c800000|  0%| F|  |TAMS 0x000000070c600000| PB 0x000000070c600000| Untracked 
|  69|0x000000070c800000, 0x000000070c800000, 0x000000070ca00000|  0%| F|  |TAMS 0x000000070c800000| PB 0x000000070c800000| Untracked 
|  70|0x000000070ca00000, 0x000000070ca00000, 0x000000070cc00000|  0%| F|  |TAMS 0x000000070ca00000| PB 0x000000070ca00000| Untracked 
|  71|0x000000070cc00000, 0x000000070cc00000, 0x000000070ce00000|  0%| F|  |TAMS 0x000000070cc00000| PB 0x000000070cc00000| Untracked 
|  72|0x000000070ce00000, 0x000000070ce00000, 0x000000070d000000|  0%| F|  |TAMS 0x000000070ce00000| PB 0x000000070ce00000| Untracked 
|  73|0x000000070d000000, 0x000000070d000000, 0x000000070d200000|  0%| F|  |TAMS 0x000000070d000000| PB 0x000000070d000000| Untracked 
|  74|0x000000070d200000, 0x000000070d200000, 0x000000070d400000|  0%| F|  |TAMS 0x000000070d200000| PB 0x000000070d200000| Untracked 
|  75|0x000000070d400000, 0x000000070d400000, 0x000000070d600000|  0%| F|  |TAMS 0x000000070d400000| PB 0x000000070d400000| Untracked 
|  76|0x000000070d600000, 0x000000070d600000, 0x000000070d800000|  0%| F|  |TAMS 0x000000070d600000| PB 0x000000070d600000| Untracked 
|  77|0x000000070d800000, 0x000000070d800000, 0x000000070da00000|  0%| F|  |TAMS 0x000000070d800000| PB 0x000000070d800000| Untracked 
|  78|0x000000070da00000, 0x000000070da00000, 0x000000070dc00000|  0%| F|  |TAMS 0x000000070da00000| PB 0x000000070da00000| Untracked 
|  79|0x000000070dc00000, 0x000000070dd00d30, 0x000000070de00000| 50%| S|CS|TAMS 0x000000070dc00000| PB 0x000000070dc00000| Complete 
|  80|0x000000070de00000, 0x000000070de00000, 0x000000070e000000|  0%| F|  |TAMS 0x000000070de00000| PB 0x000000070de00000| Untracked 
|  81|0x000000070e000000, 0x000000070e000000, 0x000000070e200000|  0%| F|  |TAMS 0x000000070e000000| PB 0x000000070e000000| Untracked 
|  82|0x000000070e200000, 0x000000070e200000, 0x000000070e400000|  0%| F|  |TAMS 0x000000070e200000| PB 0x000000070e200000| Untracked 
|  83|0x000000070e400000, 0x000000070e400000, 0x000000070e600000|  0%| F|  |TAMS 0x000000070e400000| PB 0x000000070e400000| Untracked 
|  84|0x000000070e600000, 0x000000070e600000, 0x000000070e800000|  0%| F|  |TAMS 0x000000070e600000| PB 0x000000070e600000| Untracked 
|  85|0x000000070e800000, 0x000000070e800000, 0x000000070ea00000|  0%| F|  |TAMS 0x000000070e800000| PB 0x000000070e800000| Untracked 
|  86|0x000000070ea00000, 0x000000070ea00000, 0x000000070ec00000|  0%| F|  |TAMS 0x000000070ea00000| PB 0x000000070ea00000| Untracked 
|  87|0x000000070ec00000, 0x000000070ec00000, 0x000000070ee00000|  0%| F|  |TAMS 0x000000070ec00000| PB 0x000000070ec00000| Untracked 
|  88|0x000000070ee00000, 0x000000070ee00000, 0x000000070f000000|  0%| F|  |TAMS 0x000000070ee00000| PB 0x000000070ee00000| Untracked 
|  89|0x000000070f000000, 0x000000070f000000, 0x000000070f200000|  0%| F|  |TAMS 0x000000070f000000| PB 0x000000070f000000| Untracked 
|  90|0x000000070f200000, 0x000000070f200000, 0x000000070f400000|  0%| F|  |TAMS 0x000000070f200000| PB 0x000000070f200000| Untracked 
|  91|0x000000070f400000, 0x000000070f400000, 0x000000070f600000|  0%| F|  |TAMS 0x000000070f400000| PB 0x000000070f400000| Untracked 
|  92|0x000000070f600000, 0x000000070f600000, 0x000000070f800000|  0%| F|  |TAMS 0x000000070f600000| PB 0x000000070f600000| Untracked 
|  93|0x000000070f800000, 0x000000070f800000, 0x000000070fa00000|  0%| F|  |TAMS 0x000000070f800000| PB 0x000000070f800000| Untracked 
|  94|0x000000070fa00000, 0x000000070fa00000, 0x000000070fc00000|  0%| F|  |TAMS 0x000000070fa00000| PB 0x000000070fa00000| Untracked 
|  95|0x000000070fc00000, 0x000000070fc00000, 0x000000070fe00000|  0%| F|  |TAMS 0x000000070fc00000| PB 0x000000070fc00000| Untracked 
|  96|0x000000070fe00000, 0x000000070fe00000, 0x0000000710000000|  0%| F|  |TAMS 0x000000070fe00000| PB 0x000000070fe00000| Untracked 
|  97|0x0000000710000000, 0x0000000710000000, 0x0000000710200000|  0%| F|  |TAMS 0x0000000710000000| PB 0x0000000710000000| Untracked 
|  98|0x0000000710200000, 0x0000000710200000, 0x0000000710400000|  0%| F|  |TAMS 0x0000000710200000| PB 0x0000000710200000| Untracked 
|  99|0x0000000710400000, 0x0000000710400000, 0x0000000710600000|  0%| F|  |TAMS 0x0000000710400000| PB 0x0000000710400000| Untracked 
| 100|0x0000000710600000, 0x0000000710600000, 0x0000000710800000|  0%| F|  |TAMS 0x0000000710600000| PB 0x0000000710600000| Untracked 
| 101|0x0000000710800000, 0x0000000710800000, 0x0000000710a00000|  0%| F|  |TAMS 0x0000000710800000| PB 0x0000000710800000| Untracked 
| 102|0x0000000710a00000, 0x0000000710a00000, 0x0000000710c00000|  0%| F|  |TAMS 0x0000000710a00000| PB 0x0000000710a00000| Untracked 
| 103|0x0000000710c00000, 0x0000000710c00000, 0x0000000710e00000|  0%| F|  |TAMS 0x0000000710c00000| PB 0x0000000710c00000| Untracked 
| 104|0x0000000710e00000, 0x0000000710e00000, 0x0000000711000000|  0%| F|  |TAMS 0x0000000710e00000| PB 0x0000000710e00000| Untracked 
| 105|0x0000000711000000, 0x0000000711000000, 0x0000000711200000|  0%| F|  |TAMS 0x0000000711000000| PB 0x0000000711000000| Untracked 
| 106|0x0000000711200000, 0x0000000711200000, 0x0000000711400000|  0%| F|  |TAMS 0x0000000711200000| PB 0x0000000711200000| Untracked 
| 107|0x0000000711400000, 0x0000000711400000, 0x0000000711600000|  0%| F|  |TAMS 0x0000000711400000| PB 0x0000000711400000| Untracked 
| 108|0x0000000711600000, 0x0000000711600000, 0x0000000711800000|  0%| F|  |TAMS 0x0000000711600000| PB 0x0000000711600000| Untracked 
| 109|0x0000000711800000, 0x00000007119f4250, 0x0000000711a00000| 97%| E|  |TAMS 0x0000000711800000| PB 0x0000000711800000| Complete 
| 110|0x0000000711a00000, 0x0000000711c00000, 0x0000000711c00000|100%| E|  |TAMS 0x0000000711a00000| PB 0x0000000711a00000| Complete 
| 111|0x0000000711c00000, 0x0000000711e00000, 0x0000000711e00000|100%| E|CS|TAMS 0x0000000711c00000| PB 0x0000000711c00000| Complete 
| 112|0x0000000711e00000, 0x0000000712000000, 0x0000000712000000|100%| E|CS|TAMS 0x0000000711e00000| PB 0x0000000711e00000| Complete 
| 113|0x0000000712000000, 0x0000000712200000, 0x0000000712200000|100%| E|CS|TAMS 0x0000000712000000| PB 0x0000000712000000| Complete 
| 114|0x0000000712200000, 0x0000000712400000, 0x0000000712400000|100%| E|CS|TAMS 0x0000000712200000| PB 0x0000000712200000| Complete 
| 115|0x0000000712400000, 0x0000000712600000, 0x0000000712600000|100%| E|CS|TAMS 0x0000000712400000| PB 0x0000000712400000| Complete 
| 116|0x0000000712600000, 0x0000000712800000, 0x0000000712800000|100%| E|CS|TAMS 0x0000000712600000| PB 0x0000000712600000| Complete 
| 117|0x0000000712800000, 0x0000000712a00000, 0x0000000712a00000|100%| E|CS|TAMS 0x0000000712800000| PB 0x0000000712800000| Complete 
| 118|0x0000000712a00000, 0x0000000712c00000, 0x0000000712c00000|100%| E|CS|TAMS 0x0000000712a00000| PB 0x0000000712a00000| Complete 
| 119|0x0000000712c00000, 0x0000000712e00000, 0x0000000712e00000|100%| E|CS|TAMS 0x0000000712c00000| PB 0x0000000712c00000| Complete 
| 120|0x0000000712e00000, 0x0000000713000000, 0x0000000713000000|100%| E|CS|TAMS 0x0000000712e00000| PB 0x0000000712e00000| Complete 
| 121|0x0000000713000000, 0x0000000713200000, 0x0000000713200000|100%| E|CS|TAMS 0x0000000713000000| PB 0x0000000713000000| Complete 
| 122|0x0000000713200000, 0x0000000713400000, 0x0000000713400000|100%| E|CS|TAMS 0x0000000713200000| PB 0x0000000713200000| Complete 
| 123|0x0000000713400000, 0x0000000713600000, 0x0000000713600000|100%| E|CS|TAMS 0x0000000713400000| PB 0x0000000713400000| Complete 
| 124|0x0000000713600000, 0x0000000713800000, 0x0000000713800000|100%| E|CS|TAMS 0x0000000713600000| PB 0x0000000713600000| Complete 
| 125|0x0000000713800000, 0x0000000713a00000, 0x0000000713a00000|100%| E|CS|TAMS 0x0000000713800000| PB 0x0000000713800000| Complete 
| 126|0x0000000713a00000, 0x0000000713c00000, 0x0000000713c00000|100%| E|CS|TAMS 0x0000000713a00000| PB 0x0000000713a00000| Complete 

Card table byte_map: [0x0000020bf30a0000,0x0000020bf3890000] _byte_map_base: 0x0000020bef881000

Marking Bits: (CMBitMap*) 0x0000020bd9634f00
 Bits: [0x0000020bf4080000, 0x0000020bf7f88000)

Polling page: 0x0000020be2e20000

Metaspace:

Usage:
  Non-class:      8.76 MB used.
      Class:    872.43 KB used.
       Both:      9.61 MB used.

Virtual space:
  Non-class space:       64.00 MB reserved,       8.88 MB ( 14%) committed,  1 nodes.
      Class space:        1.00 GB reserved,       1.00 MB ( <1%) committed,  1 nodes.
             Both:        1.06 GB reserved,       9.88 MB ( <1%) committed. 

Chunk freelists:
   Non-Class:  2.88 MB
       Class:  3.02 MB
        Both:  5.90 MB

MaxMetaspaceSize: unlimited
CompressedClassSpaceSize: 1.00 GB
Initial GC threshold: 21.00 MB
Current GC threshold: 21.00 MB
CDS: on
MetaspaceReclaimPolicy: balanced
 - commit_granule_bytes: 65536.
 - commit_granule_words: 8192.
 - virtual_space_node_default_size: 8388608.
 - enlarge_chunks_in_place: 1.
 - new_chunks_are_fully_committed: 0.
 - uncommit_free_chunks: 1.
 - use_allocation_guard: 0.


Internal statistics:

num_allocs_failed_limit: 0.
num_arena_births: 258.
num_arena_deaths: 0.
num_vsnodes_births: 2.
num_vsnodes_deaths: 0.
num_space_committed: 156.
num_space_uncommitted: 0.
num_chunks_returned_to_freelist: 0.
num_chunks_taken_from_freelist: 403.
num_chunk_merges: 0.
num_chunk_splits: 249.
num_chunks_enlarged: 134.
num_inconsistent_stats: 0.

CodeHeap 'non-profiled nmethods': size=120000Kb used=590Kb max_used=590Kb free=119409Kb
 bounds [0x0000020bea910000, 0x0000020beab80000, 0x0000020bf1e40000]
CodeHeap 'profiled nmethods': size=120000Kb used=2110Kb max_used=2110Kb free=117889Kb
 bounds [0x0000020be2e40000, 0x0000020be30b0000, 0x0000020bea370000]
CodeHeap 'non-nmethods': size=5760Kb used=2769Kb max_used=2786Kb free=2990Kb
 bounds [0x0000020bea370000, 0x0000020bea630000, 0x0000020bea910000]
 total_blobs=2730 nmethods=1458 adapters=1183
 compilation: enabled
              stopped_count=0, restarted_count=0
 full_count=0

Compilation events (20 events):
Event: 105.461 Thread 0x0000020bfaa7a330 nmethod 1450 0x0000020bea9a2810 code [0x0000020bea9a2980, 0x0000020bea9a2a48]
Event: 105.461 Thread 0x0000020bfaa7a330 1451       1       sun.awt.image.BufImgSurfaceData::getDefaultScaleY (5 bytes)
Event: 105.461 Thread 0x0000020bfaa7a330 nmethod 1451 0x0000020bea9a2b10 code [0x0000020bea9a2c80, 0x0000020bea9a2d48]
Event: 105.461 Thread 0x0000020bfaa7a330 1452       1       sun.java2d.SurfaceData::getColorModel (5 bytes)
Event: 105.461 Thread 0x0000020bfaa7a330 nmethod 1452 0x0000020bea9a2e10 code [0x0000020bea9a2f80, 0x0000020bea9a3050]
Event: 105.463 Thread 0x0000020bfaa7a330 1453       1       com.intellij.rt.debugger.agent.CaptureStorage$DeepCapturedStack::getRecursionDepth (5 bytes)
Event: 105.463 Thread 0x0000020bfaa7a330 nmethod 1453 0x0000020bea9a3110 code [0x0000020bea9a3280, 0x0000020bea9a3348]
Event: 105.463 Thread 0x0000020bfaa7a330 1454       1       sun.java2d.loops.RenderCache$Entry::getValue (5 bytes)
Event: 105.463 Thread 0x0000020bfaa7a330 nmethod 1454 0x0000020bea9a3410 code [0x0000020bea9a3580, 0x0000020bea9a3650]
Event: 105.464 Thread 0x0000020bfaa7a330 1455       1       com.intellij.rt.debugger.agent.CaptureStorage$WeakKey::hashCode (5 bytes)
Event: 105.464 Thread 0x0000020bfaa7a330 nmethod 1455 0x0000020bea9a3710 code [0x0000020bea9a3880, 0x0000020bea9a3948]
Event: 105.464 Thread 0x0000020bfaa7a330 1456       3       sun.java2d.SunGraphics2D::setFont (105 bytes)
Event: 105.464 Thread 0x0000020bfaa7a330 nmethod 1456 0x0000020be304c410 code [0x0000020be304c600, 0x0000020be304cef0]
Event: 105.468 Thread 0x0000020bfaa7a330 1457       3       java.util.IdentityHashMap$IdentityHashMapIterator::<init> (63 bytes)
Event: 105.469 Thread 0x0000020bfaa7a330 nmethod 1457 0x0000020be304d190 code [0x0000020be304d320, 0x0000020be304d5f0]
Event: 105.469 Thread 0x0000020bfaa7a330 1458       3       sun.java2d.SunGraphics2D::constrain (11 bytes)
Event: 105.469 Thread 0x0000020bfaa7a330 nmethod 1458 0x0000020be304d710 code [0x0000020be304d8a0, 0x0000020be304da10]
Event: 105.471 Thread 0x0000020bfaa7a330 1459 %     3       metastasis.tissueSiteGrid::draw @ 9 (173 bytes)
Event: 105.472 Thread 0x0000020bfaa7a330 nmethod 1459% 0x0000020be304db10 code [0x0000020be304de60, 0x0000020be304f128]
Event: 105.473 Thread 0x0000020bfaa7a330 1460       3       metastasis.tissueSiteGrid::draw (173 bytes)

GC Heap History (6 events):
Event: 0.673 GC heap before
{Heap before GC invocations=0 (full 0):
 garbage-first heap   total 260096K, used 20480K [0x0000000703e00000, 0x0000000800000000)
  region size 2048K, 11 young (22528K), 0 survivors (0K)
 Metaspace       used 6558K, committed 6848K, reserved 1114112K
  class space    used 496K, committed 640K, reserved 1048576K
}
Event: 0.677 GC heap after
{Heap after GC invocations=1 (full 0):
 garbage-first heap   total 260096K, used 6595K [0x0000000703e00000, 0x0000000800000000)
  region size 2048K, 2 young (4096K), 2 survivors (4096K)
 Metaspace       used 6558K, committed 6848K, reserved 1114112K
  class space    used 496K, committed 640K, reserved 1048576K
}
Event: 105.316 GC heap before
{Heap before GC invocations=1 (full 0):
 garbage-first heap   total 260096K, used 41411K [0x0000000703e00000, 0x0000000800000000)
  region size 2048K, 16 young (32768K), 2 survivors (4096K)
 Metaspace       used 9649K, committed 9920K, reserved 1114112K
  class space    used 854K, committed 960K, reserved 1048576K
}
Event: 105.319 GC heap after
{Heap after GC invocations=2 (full 0):
 garbage-first heap   total 260096K, used 16118K [0x0000000703e00000, 0x0000000800000000)
  region size 2048K, 1 young (2048K), 1 survivors (2048K)
 Metaspace       used 9649K, committed 9920K, reserved 1114112K
  class space    used 854K, committed 960K, reserved 1048576K
}
Event: 105.448 GC heap before
{Heap before GC invocations=2 (full 0):
 garbage-first heap   total 260096K, used 108278K [0x0000000703e00000, 0x0000000800000000)
  region size 2048K, 47 young (96256K), 1 survivors (2048K)
 Metaspace       used 9829K, committed 10112K, reserved 1114112K
  class space    used 872K, committed 1024K, reserved 1048576K
}
Event: 105.449 GC heap after
{Heap after GC invocations=3 (full 0):
 garbage-first heap   total 260096K, used 15469K [0x0000000703e00000, 0x0000000800000000)
  region size 2048K, 1 young (2048K), 1 survivors (2048K)
 Metaspace       used 9829K, committed 10112K, reserved 1114112K
  class space    used 872K, committed 1024K, reserved 1048576K
}

Dll operation events (13 events):
Event: 0.016 Loaded shared library C:\Users\4473331\.jdks\openjdk-20.0.1\bin\java.dll
Event: 0.018 Loaded shared library C:\Users\4473331\.jdks\openjdk-20.0.1\bin\zip.dll
Event: 0.030 Loaded shared library C:\Users\4473331\.jdks\openjdk-20.0.1\bin\jsvml.dll
Event: 0.133 Loaded shared library C:\Users\4473331\.jdks\openjdk-20.0.1\bin\instrument.dll
Event: 0.160 Loaded shared library C:\Users\4473331\.jdks\openjdk-20.0.1\bin\jimage.dll
Event: 0.180 Loaded shared library C:\Users\4473331\.jdks\openjdk-20.0.1\bin\net.dll
Event: 0.181 Loaded shared library C:\Users\4473331\.jdks\openjdk-20.0.1\bin\nio.dll
Event: 0.184 Loaded shared library C:\Users\4473331\.jdks\openjdk-20.0.1\bin\zip.dll
Event: 0.269 Loaded shared library C:\Users\4473331\AppData\Local\Temp\1\lwjgl_4473331\3.3.2+13\x64\lwjgl.dll
Event: 0.461 Loaded shared library C:\Users\4473331\AppData\Local\Temp\1\lwjgl_4473331\3.3.2+13\x64\lwjgl_opengl.dll
Event: 0.570 Loaded shared library C:\Users\4473331\.jdks\openjdk-20.0.1\bin\awt.dll
Event: 0.753 Loaded shared library C:\Users\4473331\.jdks\openjdk-20.0.1\bin\freetype.dll
Event: 0.754 Loaded shared library C:\Users\4473331\.jdks\openjdk-20.0.1\bin\fontmanager.dll

Deoptimization events (20 events):
Event: 105.419 Thread 0x0000020bd95c6db0 DEOPT PACKING pc=0x0000020bea998b44 sp=0x0000002388dfed40
Event: 105.419 Thread 0x0000020bd95c6db0 DEOPT UNPACKING pc=0x0000020bea38d2a2 sp=0x0000002388dfeb90 mode 2
Event: 105.419 Thread 0x0000020bd95c6db0 Uncommon trap: trap_request=0xffffff45 fr.pc=0x0000020bea999464 relative=0x0000000000000244
Event: 105.419 Thread 0x0000020bd95c6db0 Uncommon trap: reason=unstable_if action=reinterpret pc=0x0000020bea999464 method=HAL.Util.InDim(II)Z @ 6 c2
Event: 105.419 Thread 0x0000020bd95c6db0 DEOPT PACKING pc=0x0000020bea999464 sp=0x0000002388dfecd0
Event: 105.419 Thread 0x0000020bd95c6db0 DEOPT UNPACKING pc=0x0000020bea38d2a2 sp=0x0000002388dfeb98 mode 2
Event: 105.419 Thread 0x0000020bd95c6db0 Uncommon trap: trap_request=0xffffff45 fr.pc=0x0000020bea99a1e0 relative=0x00000000000000e0
Event: 105.419 Thread 0x0000020bd95c6db0 Uncommon trap: reason=unstable_if action=reinterpret pc=0x0000020bea99a1e0 method=HAL.Util.InDim(II)Z @ 6 c2
Event: 105.419 Thread 0x0000020bd95c6db0 DEOPT PACKING pc=0x0000020bea99a1e0 sp=0x0000002388dfec60
Event: 105.419 Thread 0x0000020bd95c6db0 DEOPT UNPACKING pc=0x0000020bea38d2a2 sp=0x0000002388dfeba0 mode 2
Event: 105.426 Thread 0x0000020bd95c6db0 Uncommon trap: trap_request=0xffffff45 fr.pc=0x0000020bea99b87c relative=0x000000000000007c
Event: 105.426 Thread 0x0000020bd95c6db0 Uncommon trap: reason=unstable_if action=reinterpret pc=0x0000020bea99b87c method=HAL.Tools.Internal.ADIequations.DeltaX2DADI([DDIIIIZLHAL/Interfaces/Coords2DDouble;)D @ 6 c2
Event: 105.426 Thread 0x0000020bd95c6db0 DEOPT PACKING pc=0x0000020bea99b87c sp=0x0000002388dfecc0
Event: 105.426 Thread 0x0000020bd95c6db0 DEOPT UNPACKING pc=0x0000020bea38d2a2 sp=0x0000002388dfec28 mode 2
Event: 105.426 Thread 0x0000020bd95c6db0 DEOPT PACKING pc=0x0000020be2f60ca9 sp=0x0000002388dff1a0
Event: 105.426 Thread 0x0000020bd95c6db0 DEOPT UNPACKING pc=0x0000020bea3de462 sp=0x0000002388dfe660 mode 0
Event: 105.429 Thread 0x0000020bd95c6db0 DEOPT PACKING pc=0x0000020be2f60ca9 sp=0x0000002388dff1a0
Event: 105.429 Thread 0x0000020bd95c6db0 DEOPT UNPACKING pc=0x0000020bea3de462 sp=0x0000002388dfe660 mode 0
Event: 105.429 Thread 0x0000020bd95c6db0 DEOPT PACKING pc=0x0000020be2f60ca9 sp=0x0000002388dff1a0
Event: 105.429 Thread 0x0000020bd95c6db0 DEOPT UNPACKING pc=0x0000020bea3de462 sp=0x0000002388dfe660 mode 0

Classes loaded (20 events):
Event: 105.402 Loading class HAL/Interfaces/IntToDouble
Event: 105.402 Loading class HAL/Interfaces/IntToDouble done
Event: 105.403 Loading class HAL/Interfaces/Coords2DDouble
Event: 105.403 Loading class HAL/Interfaces/Coords2DDouble done
Event: 105.404 Loading class HAL/Interfaces/IntDoubleToVoid
Event: 105.404 Loading class HAL/Interfaces/IntDoubleToVoid done
Event: 105.404 Loading class HAL/Interfaces/IntDoubleToVoid
Event: 105.404 Loading class HAL/Interfaces/IntDoubleToVoid done
Event: 105.406 Loading class HAL/Interfaces/IntToDouble
Event: 105.406 Loading class HAL/Interfaces/IntToDouble done
Event: 105.407 Loading class HAL/Interfaces/IntToDouble
Event: 105.407 Loading class HAL/Interfaces/IntToDouble done
Event: 105.408 Loading class HAL/Interfaces/IntToDouble
Event: 105.408 Loading class HAL/Interfaces/IntToDouble done
Event: 105.419 Loading class HAL/Interfaces/Coords2DDouble
Event: 105.419 Loading class HAL/Interfaces/Coords2DDouble done
Event: 105.419 Loading class HAL/Interfaces/Coords2DDouble
Event: 105.419 Loading class HAL/Interfaces/Coords2DDouble done
Event: 105.420 Loading class HAL/Interfaces/IntDoubleToVoid
Event: 105.420 Loading class HAL/Interfaces/IntDoubleToVoid done

Classes unloaded (0 events):
No events

Classes redefined (0 events):
No events

Internal exceptions (20 events):
Event: 0.451 Thread 0x0000020bd95c6db0 Exception <a 'java/lang/NoSuchMethodError'{0x00000007131ae2d0}: 'void java.lang.System.load(java.lang.String, java.lang.Class)'> (0x00000007131ae2d0) 
thrown [s\open\src\hotspot\share\interpreter\linkResolver.cpp, line 773]
Event: 0.452 Thread 0x0000020bd95c6db0 Exception <a 'java/lang/NoSuchMethodError'{0x00000007131b10b8}: 'void java.lang.System.loadLibrary(java.lang.String, java.lang.Class)'> (0x00000007131b10b8) 
thrown [s\open\src\hotspot\share\interpreter\linkResolver.cpp, line 773]
Event: 0.458 Thread 0x0000020bd95c6db0 Exception <a 'sun/nio/fs/WindowsException'{0x00000007131c6a60}> (0x00000007131c6a60) 
thrown [s\open\src\hotspot\share\prims\jni.cpp, line 519]
Event: 0.459 Thread 0x0000020bd95c6db0 Exception <a 'sun/nio/fs/WindowsException'{0x00000007131c6e20}> (0x00000007131c6e20) 
thrown [s\open\src\hotspot\share\prims\jni.cpp, line 519]
Event: 0.464 Thread 0x0000020bd95c6db0 Exception <a 'sun/nio/fs/WindowsException'{0x00000007131d6e48}> (0x00000007131d6e48) 
thrown [s\open\src\hotspot\share\prims\jni.cpp, line 519]
Event: 0.464 Thread 0x0000020bd95c6db0 Exception <a 'sun/nio/fs/WindowsException'{0x00000007131d7148}> (0x00000007131d7148) 
thrown [s\open\src\hotspot\share\prims\jni.cpp, line 519]
Event: 0.551 Thread 0x0000020bd95c6db0 Exception <a 'java/lang/NoSuchMethodError'{0x0000000712ffb150}: 'void java.lang.invoke.Invokers$Holder.invokeExact_MT(java.lang.Object, java.lang.Object, java.lang.Object, java.lang.Object)'> (0x0000000712ffb150) 
thrown [s\open\src\hotspot\share\interpreter\linkResolver.cpp, line 773]
Event: 0.579 Thread 0x0000020bd95c6db0 Exception <a 'java/lang/ClassNotFoundException'{0x0000000712bd9d18}: sun/awt/resources/spi/awtProvider> (0x0000000712bd9d18) 
thrown [s\open\src\hotspot\share\classfile\systemDictionary.cpp, line 305]
Event: 0.595 Thread 0x0000020bd95c6db0 Exception <a 'java/io/FileNotFoundException'{0x00000007128475a8}> (0x00000007128475a8) 
thrown [s\open\src\hotspot\share\prims\jni.cpp, line 519]
Event: 0.599 Thread 0x0000020bd95c6db0 Exception <a 'java/io/FileNotFoundException'{0x0000000712872438}> (0x0000000712872438) 
thrown [s\open\src\hotspot\share\prims\jni.cpp, line 519]
Event: 0.663 Thread 0x0000020bd95c6db0 Exception <a 'java/lang/NoSuchMethodError'{0x000000071278ce40}: 'java.lang.Object java.lang.invoke.DirectMethodHandle$Holder.newInvokeSpecial(java.lang.Object, java.lang.Object, java.lang.Object, java.lang.Object, java.lang.Object)'> (0x000000071278ce40) 
thrown [s\open\src\hotspot\share\interpreter\linkResolver.cpp, line 773]
Event: 0.668 Thread 0x0000020bd95c6db0 Exception <a 'java/lang/NoSuchMethodError'{0x00000007127bdb00}: 'java.lang.Object java.lang.invoke.DirectMethodHandle$Holder.invokeStatic(java.lang.Object, int, java.lang.Object)'> (0x00000007127bdb00) 
thrown [s\open\src\hotspot\share\interpreter\linkResolver.cpp, line 773]
Event: 0.693 Thread 0x0000020bd95c6db0 Exception <a 'java/lang/ClassNotFoundException'{0x0000000713b3ff18}: com/sun/swing/internal/plaf/metal/resources/spi/metalProvider> (0x0000000713b3ff18) 
thrown [s\open\src\hotspot\share\classfile\systemDictionary.cpp, line 305]
Event: 0.693 Thread 0x0000020bd95c6db0 Exception <a 'java/lang/ClassNotFoundException'{0x0000000713b469c8}: com/sun/swing/internal/plaf/basic/resources/spi/basicProvider> (0x0000000713b469c8) 
thrown [s\open\src\hotspot\share\classfile\systemDictionary.cpp, line 305]
Event: 0.711 Thread 0x0000020bd95c6db0 Implicit null exception at 0x0000020bea9512c6 to 0x0000020bea95135a
Event: 0.713 Thread 0x0000020bd95c6db0 Implicit null exception at 0x0000020bea94f49f to 0x0000020bea94f7f4
Event: 0.731 Thread 0x0000020bfecdda10 Exception <a 'java/lang/NoSuchMethodError'{0x000000071380f768}: 'void java.lang.invoke.DirectMethodHandle$Holder.invokeVirtual(java.lang.Object, java.lang.Object)'> (0x000000071380f768) 
thrown [s\open\src\hotspot\share\interpreter\linkResolver.cpp, line 773]
Event: 0.749 Thread 0x0000020bd95c6db0 Exception <a 'java/lang/NoSuchMethodError'{0x00000007138b02a0}: 'void java.lang.invoke.DirectMethodHandle$Holder.invokeStaticInit(java.lang.Object)'> (0x00000007138b02a0) 
thrown [s\open\src\hotspot\share\interpreter\linkResolver.cpp, line 773]
Event: 105.405 Thread 0x0000020bd95c6db0 Exception <a 'java/lang/NoSuchMethodError'{0x00000007129f8928}: 'java.lang.Object java.lang.invoke.DirectMethodHandle$Holder.newInvokeSpecial(java.lang.Object, java.lang.Object, int, int)'> (0x00000007129f8928) 
thrown [s\open\src\hotspot\share\interpreter\linkResolver.cpp, line 773]
Event: 105.407 Thread 0x0000020bd95c6db0 Exception <a 'java/lang/NoSuchMethodError'{0x000000070ffbad60}: 'java.lang.Object java.lang.invoke.DirectMethodHandle$Holder.invokeSpecial(java.lang.Object, java.lang.Object, double, double)'> (0x000000070ffbad60) 
thrown [s\open\src\hotspot\share\interpreter\linkResolver.cpp, line 773]

VM Operations (20 events):
Event: 100.900 Executing VM operation: get/set locals done
Event: 100.900 Executing VM operation: get/set locals
Event: 100.901 Executing VM operation: get/set locals done
Event: 100.901 Executing VM operation: get/set locals
Event: 100.901 Executing VM operation: get/set locals done
Event: 100.901 Executing VM operation: get/set locals
Event: 100.901 Executing VM operation: get/set locals done
Event: 103.945 Executing VM operation: ChangeBreakpoints
Event: 103.945 Executing VM operation: ChangeBreakpoints done
Event: 105.293 Executing VM operation: ChangeBreakpoints
Event: 105.294 Executing VM operation: ChangeBreakpoints done
Event: 105.294 Executing VM operation: ChangeBreakpoints
Event: 105.294 Executing VM operation: ChangeBreakpoints done
Event: 105.315 Executing VM operation: G1CollectForAllocation
Event: 105.319 Executing VM operation: G1CollectForAllocation done
Event: 105.420 Executing VM operation: HandshakeAllThreads
Event: 105.421 Executing VM operation: HandshakeAllThreads done
Event: 105.448 Executing VM operation: G1CollectForAllocation
Event: 105.449 Executing VM operation: G1CollectForAllocation done
Event: 105.474 Executing VM operation: Exit

Events (20 events):
Event: 0.124 Thread 0x0000020bfed881f0 Thread added: 0x0000020bfed881f0
Event: 0.125 Thread 0x0000020bfeda0a10 Thread added: 0x0000020bfeda0a10
Event: 0.143 Thread 0x0000020bfecdea00 Thread added: 0x0000020bfecdea00
Event: 0.173 Thread 0x0000020bfef463a0 Thread added: 0x0000020bfef463a0
Event: 0.448 Thread 0x0000020bfef463a0 Thread exited: 0x0000020bfef463a0
Event: 0.641 Thread 0x0000020bfecdcf70 Thread added: 0x0000020bfecdcf70
Event: 0.642 Thread 0x0000020bfecdbf80 Thread added: 0x0000020bfecdbf80
Event: 0.643 Thread 0x0000020bfecdda10 Thread added: 0x0000020bfecdda10
Event: 0.736 Thread 0x0000020bfecdca20 Thread added: 0x0000020bfecdca20
Event: 105.293 Thread 0x0000020bfeda0a10 Thread exited: 0x0000020bfeda0a10
Event: 105.295 Thread 0x0000020bfed9d0c0 Thread exited: 0x0000020bfed9d0c0
Event: 105.360 Thread 0x0000020bfecdd4c0 Thread added: 0x0000020bfecdd4c0
Event: 105.361 Thread 0x0000020bfecddf60 Thread added: 0x0000020bfecddf60
Event: 105.361 Thread 0x0000020bfecde4b0 Thread added: 0x0000020bfecde4b0
Event: 105.361 Thread 0x0000020bfecde4b0 Thread exited: 0x0000020bfecde4b0
Event: 105.383 Thread 0x0000020bfecdda10 Thread exited: 0x0000020bfecdda10
Event: 105.411 Thread 0x0000020b86852fe0 Thread added: 0x0000020b86852fe0
Event: 105.412 Thread 0x0000020b8a8f08a0 Thread added: 0x0000020b8a8f08a0
Event: 105.473 Thread 0x0000020bfecddf60 Thread exited: 0x0000020bfecddf60
Event: 105.474 Thread 0x0000020bfaa6c5b0 Thread exited: 0x0000020bfaa6c5b0


Dynamic libraries:
0x00007ff606a30000 - 0x00007ff606a3e000 	C:\Users\4473331\.jdks\openjdk-20.0.1\bin\java.exe
0x00007ffc98d50000 - 0x00007ffc98f48000 	C:\WINDOWS\SYSTEM32\ntdll.dll
0x00007ffc96de0000 - 0x00007ffc96ea2000 	C:\WINDOWS\System32\KERNEL32.DLL
0x00007ffc96620000 - 0x00007ffc9691e000 	C:\WINDOWS\System32\KERNELBASE.dll
0x00007ffc96060000 - 0x00007ffc96180000 	C:\Windows\system32\hmpalert.dll
0x00007ffc96a50000 - 0x00007ffc96b50000 	C:\WINDOWS\System32\ucrtbase.dll
0x00007ffc8cef0000 - 0x00007ffc8cf07000 	C:\Users\4473331\.jdks\openjdk-20.0.1\bin\jli.dll
0x00007ffc98250000 - 0x00007ffc983ed000 	C:\WINDOWS\System32\USER32.dll
0x00007ffc8ced0000 - 0x00007ffc8ceeb000 	C:\Users\4473331\.jdks\openjdk-20.0.1\bin\VCRUNTIME140.dll
0x00007ffc965f0000 - 0x00007ffc96612000 	C:\WINDOWS\System32\win32u.dll
0x00007ffc98910000 - 0x00007ffc9893b000 	C:\WINDOWS\System32\GDI32.dll
0x00007ffc96c50000 - 0x00007ffc96d67000 	C:\WINDOWS\System32\gdi32full.dll
0x00007ffc963f0000 - 0x00007ffc9648d000 	C:\WINDOWS\System32\msvcp_win.dll
0x00007ffc80a60000 - 0x00007ffc80cfa000 	C:\WINDOWS\WinSxS\amd64_microsoft.windows.common-controls_6595b64144ccf1df_6.0.19041.4355_none_60b8b9eb71f62e16\COMCTL32.dll
0x00007ffc98870000 - 0x00007ffc9890e000 	C:\WINDOWS\System32\msvcrt.dll
0x00007ffc98ce0000 - 0x00007ffc98d0f000 	C:\WINDOWS\System32\IMM32.DLL
0x00007ffc8d070000 - 0x00007ffc8d07c000 	C:\Users\4473331\.jdks\openjdk-20.0.1\bin\vcruntime140_1.dll
0x00007ffc53ab0000 - 0x00007ffc53b3e000 	C:\Users\4473331\.jdks\openjdk-20.0.1\bin\msvcp140.dll
0x00007ffba63c0000 - 0x00007ffba7057000 	C:\Users\4473331\.jdks\openjdk-20.0.1\bin\server\jvm.dll
0x00007ffc97b80000 - 0x00007ffc97c31000 	C:\WINDOWS\System32\ADVAPI32.dll
0x00007ffc979b0000 - 0x00007ffc97a4f000 	C:\WINDOWS\System32\sechost.dll
0x00007ffc97a50000 - 0x00007ffc97b73000 	C:\WINDOWS\System32\RPCRT4.dll
0x00007ffc969d0000 - 0x00007ffc969f7000 	C:\WINDOWS\System32\bcrypt.dll
0x00007ffc7ffe0000 - 0x00007ffc80007000 	C:\WINDOWS\SYSTEM32\WINMM.dll
0x00007ffc7ffd0000 - 0x00007ffc7ffd9000 	C:\WINDOWS\SYSTEM32\WSOCK32.dll
0x00007ffc98420000 - 0x00007ffc9848b000 	C:\WINDOWS\System32\WS2_32.dll
0x00007ffc94f80000 - 0x00007ffc94f8a000 	C:\WINDOWS\SYSTEM32\VERSION.dll
0x00007ffc94ee0000 - 0x00007ffc94ef2000 	C:\WINDOWS\SYSTEM32\kernel.appcore.dll
0x00007ffc8cec0000 - 0x00007ffc8ceca000 	C:\Users\4473331\.jdks\openjdk-20.0.1\bin\jimage.dll
0x00007ffc8bae0000 - 0x00007ffc8bcc4000 	C:\WINDOWS\SYSTEM32\DBGHELP.DLL
0x00007ffc8b950000 - 0x00007ffc8b984000 	C:\WINDOWS\SYSTEM32\dbgcore.DLL
0x00007ffc96bc0000 - 0x00007ffc96c42000 	C:\WINDOWS\System32\bcryptPrimitives.dll
0x00007ffc68e80000 - 0x00007ffc68ebc000 	C:\Users\4473331\.jdks\openjdk-20.0.1\bin\jdwp.dll
0x00007ffc8ce70000 - 0x00007ffc8ce7e000 	C:\Users\4473331\.jdks\openjdk-20.0.1\bin\instrument.dll
0x00007ffc8ce80000 - 0x00007ffc8cea6000 	C:\Users\4473331\.jdks\openjdk-20.0.1\bin\java.dll
0x00007ffc820c0000 - 0x00007ffc820d8000 	C:\Users\4473331\.jdks\openjdk-20.0.1\bin\zip.dll
0x00007ffc003b0000 - 0x00007ffc00487000 	C:\Users\4473331\.jdks\openjdk-20.0.1\bin\jsvml.dll
0x00007ffc97240000 - 0x00007ffc979ad000 	C:\WINDOWS\System32\SHELL32.dll
0x00007ffc93dc0000 - 0x00007ffc94564000 	C:\WINDOWS\SYSTEM32\windows.storage.dll
0x00007ffc98490000 - 0x00007ffc987e3000 	C:\WINDOWS\System32\combase.dll
0x00007ffc95b50000 - 0x00007ffc95b7e000 	C:\WINDOWS\SYSTEM32\Wldp.dll
0x00007ffc96eb0000 - 0x00007ffc96f7d000 	C:\WINDOWS\System32\OLEAUT32.dll
0x00007ffc97130000 - 0x00007ffc971dd000 	C:\WINDOWS\System32\SHCORE.dll
0x00007ffc97c40000 - 0x00007ffc97c95000 	C:\WINDOWS\System32\shlwapi.dll
0x00007ffc96320000 - 0x00007ffc96344000 	C:\WINDOWS\SYSTEM32\profapi.dll
0x00007ffc8ce60000 - 0x00007ffc8ce6c000 	C:\Users\4473331\.jdks\openjdk-20.0.1\bin\dt_socket.dll
0x00007ffc95630000 - 0x00007ffc9566b000 	C:\WINDOWS\SYSTEM32\IPHLPAPI.DLL
0x00007ffc95930000 - 0x00007ffc9599a000 	C:\WINDOWS\system32\mswsock.dll
0x00007ffc7eb70000 - 0x00007ffc7eb83000 	C:\Users\4473331\.jdks\openjdk-20.0.1\bin\net.dll
0x00007ffc927d0000 - 0x00007ffc928dd000 	C:\WINDOWS\SYSTEM32\WINHTTP.dll
0x00007ffc7b140000 - 0x00007ffc7b156000 	C:\Users\4473331\.jdks\openjdk-20.0.1\bin\nio.dll
0x00007ffbef930000 - 0x00007ffbef9aa000 	C:\Users\4473331\AppData\Local\Temp\1\lwjgl_4473331\3.3.2+13\x64\lwjgl.dll
0x00007ffbef680000 - 0x00007ffbef702000 	C:\Users\4473331\AppData\Local\Temp\1\lwjgl_4473331\3.3.2+13\x64\glfw.dll
0x00007ffc53700000 - 0x00007ffc53745000 	C:\WINDOWS\SYSTEM32\dinput8.dll
0x00007ffc68c70000 - 0x00007ffc68c81000 	C:\WINDOWS\SYSTEM32\xinput1_4.dll
0x00007ffc96a00000 - 0x00007ffc96a4e000 	C:\WINDOWS\System32\cfgmgr32.dll
0x00007ffc96180000 - 0x00007ffc961b3000 	C:\WINDOWS\SYSTEM32\DEVOBJ.dll
0x00007ffc938c0000 - 0x00007ffc938ef000 	C:\WINDOWS\SYSTEM32\dwmapi.dll
0x00007ffc88080000 - 0x00007ffc881d2000 	C:\WINDOWS\SYSTEM32\inputhost.dll
0x00007ffc90d40000 - 0x00007ffc90e32000 	C:\WINDOWS\SYSTEM32\CoreMessaging.dll
0x00007ffc917b0000 - 0x00007ffc91907000 	C:\WINDOWS\SYSTEM32\wintypes.dll
0x00007ffc8fd80000 - 0x00007ffc900db000 	C:\WINDOWS\SYSTEM32\CoreUIComponents.dll
0x00007ffc92d40000 - 0x00007ffc92e36000 	C:\WINDOWS\SYSTEM32\PROPSYS.dll
0x00007ffc954c0000 - 0x00007ffc954f3000 	C:\WINDOWS\SYSTEM32\ntmarta.dll
0x00007ffc936d0000 - 0x00007ffc9376e000 	C:\WINDOWS\system32\uxtheme.dll
0x00007ffc97010000 - 0x00007ffc97125000 	C:\WINDOWS\System32\MSCTF.dll
0x00007ffc574e0000 - 0x00007ffc57608000 	C:\WINDOWS\SYSTEM32\opengl32.dll
0x00007ffc57470000 - 0x00007ffc5749c000 	C:\WINDOWS\SYSTEM32\GLU32.dll
0x00007ffc98a80000 - 0x00007ffc98b29000 	C:\WINDOWS\System32\clbcatq.dll
0x00007ffb9b190000 - 0x00007ffb9c112000 	C:\WINDOWS\System32\DriverStore\FileRepository\iigd_dch.inf_amd64_47794f8eae14cddd\ig12icd64.dll
0x00007ffc97ca0000 - 0x00007ffc97dcb000 	C:\WINDOWS\System32\ole32.dll
0x00007ffc946b0000 - 0x00007ffc947a6000 	C:\WINDOWS\system32\dxgi.dll
0x00007ffc85190000 - 0x00007ffc853e7000 	C:\WINDOWS\System32\DriverStore\FileRepository\iigd_dch.inf_amd64_47794f8eae14cddd\igdgmm64.dll
0x00007ffc82550000 - 0x00007ffc85169000 	C:\WINDOWS\System32\DriverStore\FileRepository\iigd_dch.inf_amd64_47794f8eae14cddd\igc64.dll
0x00007ffc96010000 - 0x00007ffc9605b000 	C:\WINDOWS\SYSTEM32\powrprof.dll
0x00007ffc95e40000 - 0x00007ffc95e52000 	C:\WINDOWS\SYSTEM32\UMPDC.dll
0x00007ffba3d40000 - 0x00007ffba414b000 	C:\WINDOWS\System32\DriverStore\FileRepository\iigd_dch.inf_amd64_47794f8eae14cddd\igdml64.dll
0x00007ffc881e0000 - 0x00007ffc882d9000 	C:\WINDOWS\SYSTEM32\textinputframework.dll
0x00007ffc49060000 - 0x00007ffc490be000 	C:\Users\4473331\AppData\Local\Temp\1\lwjgl_4473331\3.3.2+13\x64\lwjgl_opengl.dll
0x00007ffba6230000 - 0x00007ffba63c0000 	C:\Users\4473331\.jdks\openjdk-20.0.1\bin\awt.dll
0x00007ffc90e40000 - 0x00007ffc90ed4000 	C:\WINDOWS\SYSTEM32\apphelp.dll
0x00007ffbd5e20000 - 0x00007ffbd5ea6000 	C:\Users\4473331\.jdks\openjdk-20.0.1\bin\freetype.dll
0x00007ffbcc9f0000 - 0x00007ffbccab6000 	C:\Users\4473331\.jdks\openjdk-20.0.1\bin\fontmanager.dll

dbghelp: loaded successfully - version: 4.0.5 - missing functions: none
symbol engine: initialized successfully - sym options: 0x614 - pdb path: .;C:\Users\4473331\.jdks\openjdk-20.0.1\bin;C:\WINDOWS\SYSTEM32;C:\WINDOWS\WinSxS\amd64_microsoft.windows.common-controls_6595b64144ccf1df_6.0.19041.4355_none_60b8b9eb71f62e16;C:\Users\4473331\.jdks\openjdk-20.0.1\bin\server;C:\Users\4473331\AppData\Local\Temp\1\lwjgl_4473331\3.3.2+13\x64;C:\WINDOWS\System32\DriverStore\FileRepository\iigd_dch.inf_amd64_47794f8eae14cddd

VM Arguments:
jvm_args: -agentlib:jdwp=transport=dt_socket,address=127.0.0.1:63046,suspend=y,server=n -javaagent:C:\Users\4473331\AppData\Local\JetBrains\IdeaIC2023.1\captureAgent\debugger-agent.jar -Dfile.encoding=UTF-8 -Dsun.stdout.encoding=UTF-8 -Dsun.stderr.encoding=UTF-8 
java_command: metastasis.metastasis
java_class_path (initial): C:\Users\4473331\Documents\projects\000_grants\wgd_abm\out\production\wgd_abm;C:\Users\4473331\Documents\projects\000_grants\wgd_abm\HAL\lib\lwjgl-assimp-natives-macos-arm64.jar;C:\Users\4473331\Documents\projects\000_grants\wgd_abm\HAL\lib\lwjgl-opengl-natives-linux-arm32.jar;C:\Users\4473331\Documents\projects\000_grants\wgd_abm\HAL\lib\lwjgl-openal-natives-linux-arm64.jar;C:\Users\4473331\Documents\projects\000_grants\wgd_abm\HAL\lib\lwjgl-natives-linux.jar;C:\Users\4473331\Documents\projects\000_grants\wgd_abm\HAL\lib\lwjgl-opengl-natives-macos.jar;C:\Users\4473331\Documents\projects\000_grants\wgd_abm\HAL\lib\lwjgl-natives-windows.jar;C:\Users\4473331\Documents\projects\000_grants\wgd_abm\HAL\lib\lwjgl-assimp-javadoc.jar;C:\Users\4473331\Documents\projects\000_grants\wgd_abm\HAL\lib\lwjgl-opengl-natives-windows-arm64.jar;C:\Users\4473331\Documents\projects\000_grants\wgd_abm\HAL\lib\lwjgl-glfw-natives-windows-arm64.jar;C:\Users\4473331\Documents\projects\000_grants\wgd_abm\HAL\lib\lwjgl-opengl-javadoc.jar;C:\Users\4473331\Documents\projects\000_grants\wgd_abm\HAL\lib\lwjgl-stb-natives-macos.jar;C:\Users\4473331\Documents\projects\000_grants\wgd_abm\HAL\lib\lwjgl-stb-natives-windows-arm64.jar;C:\Users\4473331\Documents\projects\000_grants\wgd_abm\HAL\lib\lwjgl-natives-linux-arm32.jar;C:\Users\4473331\Documents\projects\000_grants\wgd_abm\HAL\lib\lwjgl-opengl-natives-windows-x86.jar;C:\Users\4473331\Documents\projects\000_grants\wgd_abm\HAL\lib\lwjgl-glfw-natives-macos.jar;C:\Users\4473331\Documents\projects\000_grants\wgd_abm\HAL\lib\lwjgl-openal-javadoc.jar;C:\Users\4473331\Documents\projects\000_grants\wgd_abm\HAL\lib\lwjgl-stb-sources.jar;C:\Users\4473331\Documents\projects\000_grants\wgd_abm\HAL\lib\lwjgl-glfw-natives-windows-x86.jar;C:\Users\4473331\Documents\projects\000_grants\wgd_abm\HAL\lib\lwjgl-glfw-javadoc.jar;C:\Users\4473331\Documents\projects\000_grants\wgd_abm\HAL\lib\lwjgl-javadoc.jar;C:\Users\4473331\Documents\projects\000_grants\wgd_abm\HAL\lib\lwjgl-sources.jar;C:\Users\4473331\Documents\projects\000_grants\wgd_abm\HAL\lib\lwjgl-openal-natives-linux-arm32.jar;C:\Users\4473331\Documents\projects\000_grants\wgd_abm\HAL\lib\lwjgl-openal-natives-macos-arm64.jar;C:\Users\4473331\Documents\projects\000_grants\wgd_abm\HAL\lib\lwjgl-assimp-natives-windows.jar;C:\Users\4473331\Documents\projects\000_grants\wgd_abm\HAL\lib\lwjgl-openal-natives-windows-x86.jar;C:\Users\4473331\Documents\projects\000_grants\wgd_abm\HAL\lib\lwjgl-stb-natives-linux.jar;C:\Users\4473331\Documents\projects\000_grants\wgd_abm\HAL\lib\lwjgl-natives-macos.jar;C:\Users\4473331\Documents\projects\000_grants\wgd_abm\HAL\lib\lwjgl-glfw-natives-linux.jar;C:\Users\4473331\Documents\projects\000_grants\wgd_abm\HAL\lib\lwjgl-stb-natives-macos-arm64.jar;C:\Users\4473331\Documents\projects\000_grants\wgd_abm\HAL\lib\lwjgl-openal-natives-windows-arm64.jar;C:\Users\4473331\Documents\projects\000_grants\wgd_abm\HAL\lib\lwjgl-opengl-natives-linux.jar;C:\Users\4473331\Documents\projects\000_grants\wgd_abm\HAL\lib\lwjgl-openal-natives-linux.jar;C:\Users\4473331\Documents\projects\000_grants\wgd_abm\HAL\lib\lwjgl-assimp-natives-linux-arm64.jar;C:\Users\4473331\Documents\projects\000_grants\wgd_abm\HAL\lib\lwjgl-stb-natives-linux-arm32.jar;C:\Users\4473331\Documents\projects\000_grants\wgd_abm\HAL\lib\lwjgl-glfw-natives-macos-arm64.jar;C:\Users\4473331\Documents\projects\000_grants\wgd_abm\HAL\lib\lwjgl-assimp-natives-windows-x86.jar;C:\Users\4473331\Documents\projects\000_grants\wgd_abm\HAL\lib\lwjgl-opengl-natives-windows.jar;C:\Users\4473331\Documents\projects\000_grants\wgd_abm\HAL\lib\lwjgl-glfw.jar;C:\Users\4473331\Documents\projects\000_grants\wgd_abm\HAL\lib\lwjgl-opengl-sources.jar;C:\Users\4473331\Documents\projects\000_grants\wgd_abm\HAL\lib\lwjgl-natives-windows-arm64.jar;C:\Users\4473331\Documents\projects\000_grants\wgd_abm\HAL\lib\lwjgl-openal-sources.jar;C:\Users\4473331\Documents\projects\000_grants\wgd_abm\HAL\lib\lwjgl-stb-natives-linux-arm64.jar;C:\Users\4473331\Documents\projects\000_grants\wgd_abm\HAL\lib\lwjgl-assimp-natives-linux-arm32.jar;C:\Users\4473331\Documents\projects\000_grants\wgd_abm\HAL\lib\lwjgl-glfw-sources.jar;C:\Users\4473331\Documents\projects\000_grants\wgd_abm\HAL\lib\lwjgl-openal-natives-windows.jar;C:\Users\4473331\Documents\projects\000_grants\wgd_abm\HAL\lib\lwjgl-natives-macos-arm64.jar;C:\Users\4473331\Documents\projects\000_grants\wgd_abm\HAL\lib\lwjgl-glfw-natives-windows.jar;C:\Users\4473331\Documents\projects\000_grants\wgd_abm\HAL\lib\lwjgl-stb-javadoc.jar;C:\Users\4473331\Documents\projects\000_grants\wgd_abm\HAL\lib\lwjgl-glfw-natives-linux-arm64.jar;C:\Users\4473331\Documents\projects\000_grants\wgd_abm\HAL\lib\lwjgl-assimp-natives-macos.jar;C:\Users\4473331\Documents\projects\000_grants\wgd_abm\HAL\lib\lwjgl.jar;C:\Users\4473331\Documents\projects\000_grants\wgd_abm\HAL\lib\lwjgl-opengl-natives-linux-arm64.jar;C:\Users\4473331\Documents\projects\000_grants\wgd_abm\HAL\lib\lwjgl-assimp.jar;C:\Users\4473331\Documents\projects\000_grants\wgd_abm\HAL\lib\lwjgl-stb-natives-windows-x86.jar;C:\Users\4473331\Documents\projects\000_grants\wgd_abm\HAL\lib\lwjgl-natives-windows-x86.jar;C:\Users\4473331\Documents\projects\000_grants\wgd_abm\HAL\lib\lwjgl-stb-natives-windows.jar;C:\Users\4473331\Documents\projects\000_grants\wgd_abm\HAL\lib\lwjgl-natives-linux-arm64.jar;C:\Users\4473331\Documents\projects\000_grants\wgd_abm\HAL\lib\lwjgl-openal-natives-macos.jar;C:\Users\4473331\Documents\projects\000_grants\wgd_abm\HAL\lib\lwjgl-openal.jar;C:\Users\4473331\Documents\projects\000_grants\wgd_abm\HAL\lib\lwjgl-assimp-natives-linux.jar;C:\Users\4473331\Documents\projects\000_grants\wgd_abm\HAL\lib\lwjgl-assimp-natives-windows-arm64.jar;C:\Users\4473331\Documents\projects\000_grants\wgd_abm\HAL\lib\lwjgl-assimp-sources.jar;C:\Users\4473331\Documents\projects\000_grants\wgd_abm\HAL\lib\lwjgl-glfw-natives-linux-arm32.jar;C:\Users\4473331\Documents\projects\000_grants\wgd_abm\HAL\lib\lwjgl-opengl-natives-macos-arm64.jar;C:\Users\4473331\Documents\projects\000_grants\wgd_abm\HAL\lib\lwjgl-opengl.jar;C:\Users\4473331\Documents\projects\000_grants\wgd_abm\HAL\lib\lwjgl-stb.jar;C:\Program Files\JetBrains\IntelliJ IDEA Community Edition 2023.1.2\lib\idea_rt.jar
Launcher Type: SUN_STANDARD

[Global flags]
     intx CICompilerCount                          = 4                                         {product} {ergonomic}
     uint ConcGCThreads                            = 2                                         {product} {ergonomic}
     uint G1ConcRefinementThreads                  = 8                                         {product} {ergonomic}
   size_t G1HeapRegionSize                         = 2097152                                   {product} {ergonomic}
    uintx GCDrainStackTargetSize                   = 64                                        {product} {ergonomic}
   size_t InitialHeapSize                          = 266338304                                 {product} {ergonomic}
   size_t MarkStackSize                            = 4194304                                   {product} {ergonomic}
   size_t MaxHeapSize                              = 4229955584                                {product} {ergonomic}
   size_t MaxNewSize                               = 2537553920                                {product} {ergonomic}
   size_t MinHeapDeltaBytes                        = 2097152                                   {product} {ergonomic}
   size_t MinHeapSize                              = 8388608                                   {product} {ergonomic}
    uintx NonNMethodCodeHeapSize                   = 5839372                                {pd product} {ergonomic}
    uintx NonProfiledCodeHeapSize                  = 122909434                              {pd product} {ergonomic}
    uintx ProfiledCodeHeapSize                     = 122909434                              {pd product} {ergonomic}
    uintx ReservedCodeCacheSize                    = 251658240                              {pd product} {ergonomic}
     bool SegmentedCodeCache                       = true                                      {product} {ergonomic}
   size_t SoftMaxHeapSize                          = 4229955584                             {manageable} {ergonomic}
     bool UseCompressedClassPointers               = true                           {product lp64_product} {ergonomic}
     bool UseCompressedOops                        = true                           {product lp64_product} {ergonomic}
     bool UseG1GC                                  = true                                      {product} {ergonomic}
     bool UseLargePagesIndividualAllocation        = false                                  {pd product} {ergonomic}

Logging:
Log output configuration:
 #0: stdout all=off uptime,level,tags foldmultilines=false
 #1: stderr all=off uptime,level,tags foldmultilines=false

Environment Variables:
PATH=C:\Program Files (x86)\Common Files\Oracle\Java\java8path;C:\Program Files (x86)\Common Files\Oracle\Java\javapath;C:\WINDOWS\system32;C:\WINDOWS;C:\WINDOWS\System32\Wbem;C:\WINDOWS\System32\WindowsPowerShell\v1.0\;C:\WINDOWS\System32\OpenSSH\;C:\Program Files\Moffitt\Bgupdate;C:\Windows\CCM;C:\Program Files\MATLAB\R2022a\bin;;C:\Program Files\dotnet\;C:\Program Files\Amazon\AWSCLIV2\;C:\Program Files\Scripts;C:\Program Files;C:\Users\4473331\AppData\Local\Microsoft\WindowsApps;C:\Users\4473331\AppData\Local\Programs\Julia-1.6.2\bin;C:\Users\4473331\AppData\Local\Programs\Microsoft VS Code\bin;C:\Users\4473331\AppData\Local\Programs\Git\cmd;C:\Program Files\R\R-4.4.1\bin;C:\rtools40\mingw64\bin;C:\Users\4473331\AppData\Roaming\TinyTeX\bin\win32;C:\Gradle\gradle-4.2.1\bin;C:\Users\4473331\AppData\Roaming\Python\Python311\Scripts;C:\Program Files\JetBrains\PyCharm Community Edition 2023.1.2\bin;;C:\Users\4473331\AppData\Roaming\TinyTeX\bin\windows;C:\Program Files\OpenSSL-Win64\bin;
USERNAME=4473331
OS=Windows_NT
PROCESSOR_IDENTIFIER=Intel64 Family 6 Model 140 Stepping 1, GenuineIntel
TMP=C:\Users\4473331\AppData\Local\Temp\1
TEMP=C:\Users\4473331\AppData\Local\Temp\1




---------------  S Y S T E M  ---------------

OS:
 Windows 10 , 64 bit Build 19041 (10.0.19041.5072)
OS uptime: 1 days 5:47 hours
Hyper-V role detected

CPU: total 8 (initial active 8) (4 cores per cpu, 2 threads per core) family 6 model 140 stepping 1 microcode 0x6e, cx8, cmov, fxsr, ht, mmx, 3dnowpref, sse, sse2, sse3, ssse3, sse4.1, sse4.2, popcnt, lzcnt, tsc, tscinvbit, avx, avx2, aes, erms, clmul, bmi1, bmi2, adx, avx512f, avx512dq, avx512cd, avx512bw, avx512vl, sha, fma, vzeroupper, avx512_vpopcntdq, avx512_vpclmulqdq, avx512_vaes, avx512_vnni, clflush, clflushopt, clwb, avx512_vbmi2, avx512_vbmi, hv, rdtscp, rdpid, fsrm, gfni, avx512_bitalg, f16c, cet_ibt, cet_ss, avx512_ifma

Memory: 4k page, system-wide physical 16129M (3062M free)
TotalPageFile size 25345M (AvailPageFile size 4478M)
current process WorkingSet (physical memory assigned to process): 305M, peak: 310M
current process commit charge ("private bytes"): 434M, peak: 435M

vm_info: OpenJDK 64-Bit Server VM (20.0.1+9-29) for windows-amd64 JRE (20.0.1+9-29), built on 2023-03-07T13:56:11Z by "mach5one" with MS VC++ 17.1 (VS2022)

END.
